<?xml version="1.0" encoding="UTF-8"?><TestSessionContainer xmlns="http://www.codecover.org/xml/testsession-container" Date="1368311575307" TestSessionContainerId="3678d563-82bd-46ad-a2bd-c165017fdb79" version="1.0">
<SrcFileList>
<SrcFile Content="package group2.game;&#10;&#10;import java.awt.Color;&#10;import java.awt.Image;&#10;import java.util.Random;&#10;&#10;/**&#10; * Stefan 4/3/13&#10; */&#10;public abstract class WaterObjects {&#10;&#10;&#9;Position position;&#10;&#9;RapidRunoffGame game;&#10;&#9;int point_value = 10;&#10;&#9;Boolean is_alive = true;&#10;&#9;public int updates = 0;&#10;&#9;public boolean is_clicked = false;&#10;&#9;public Color color = null;&#10;&#9;String id = &quot;&quot;;&#10;&#10;&#9;Bin bin;&#10;&#10;&#9;int time_num = 0;&#10;&#9;double shift;&#10;&#9;Random rand = new Random();&#10;&#9;int sin_num = (int) rand.nextDouble() * 300;&#10;&#10;&#9;double x_velocity = 0;&#10;&#9;double y_velocity = 0.005;&#10;&#10;&#9;public Image[] image;&#10;&#9;public int cur_image;&#10;&#9;int streamnumber;&#10;&#10;&#9;public WaterObjects(Position p, RapidRunoffGame g, int stream) {&#10;&#9;&#9;this.position = p;&#10;&#9;&#9;this.game = g;&#10;&#9;&#9;this.shift = rand.nextDouble() / (g.screen_height * .0114);&#10;&#9;&#9;this.streamnumber = stream;&#10;&#9;}&#10;&#10;&#9;/**&#10;&#9; * Joe checks to see if the mouse click is within the range of the image&#10;&#9; * representing the water object&#10;&#9; */&#10;&#9;public boolean checkClickRange(double x, double y) {&#10;&#9;&#9;double x_range = 0.02;&#10;&#9;&#9;double y_range = 0.02;&#10;&#10;&#9;&#9;return ((x &gt;= position.x - x_range &amp;&amp; x &lt;= position.x + 2 * x_range) &amp;&amp; (y &lt;= position.y&#10;&#9;&#9;&#9;&#9;+ 2 * y_range &amp;&amp; y &gt;= position.y - y_range));&#10;&#9;}&#10;&#10;&#9;/**&#10;&#9; * Joe Checks to see if the mouse click is within the range of the image&#10;&#9; * representing the bin for the water object.&#10;&#9; */&#10;&#9;public boolean checkIfInBin(double x, double y) {&#10;&#9;&#9;return x &gt;= bin.position.x &amp;&amp; x &lt;= bin.position.x + bin.position.width&#10;&#9;&#9;&#9;&#9;&amp;&amp; y &gt;= bin.position.y&#10;&#9;&#9;&#9;&#9;&amp;&amp; y &lt;= bin.position.y + bin.position.height+.03;&#10;&#9;}&#10;&#10;&#9;// ben&#10;&#9;// over ride in oil and fert&#10;&#9;public void increment() {&#10;&#10;&#9;}&#10;&#10;&#9;/**&#10;&#9; * Stefan moves the object according to its current velocity&#10;&#9; */&#10;&#9;public void moveWaterObject() {&#10;&#9;&#9;double x_new = position.getXPos() + x_velocity;&#10;&#9;&#9;double y_new = position.getYPos() + y_velocity;&#10;&#9;&#9;position.setPosition(x_new, y_new);&#10;&#9;}&#10;&#10;&#9;/**&#10;&#9; * Stefan Removes the object and adds or subtracts score The input controls&#10;&#9; * add(true) and subtract(false)&#10;&#9; */&#10;&#9;public void remove(boolean score) {&#10;&#9;&#9;int points = score ? point_value : (-1 * point_value);&#10;&#9;&#9;game.player.player_score.addScore(points);&#10;&#9;&#9;game.map.water_objects.remove(this);&#10;&#10;&#9;}&#10;&#10;&#9;/**&#10;&#9; * Mary checks if an object is in the river and if it's passing permanent&#10;&#9; * erosion&#10;&#9; */&#10;&#9;public boolean checkIfInRiver() {&#10;&#9;&#9;if (position.getYPos() &gt; game.map.river.position.y + 1.0 / 100 + shift) {&#10;&#9;&#9;&#9;x_velocity = 0.0033;&#10;&#9;&#9;&#9;y_velocity = 0;&#10;&#9;&#9;&#9;RiverBank midLeftBank = game.map.river_banks.get(1);&#10;&#9;&#9;&#9;RiverBank midRightBank = game.map.river_banks.get(2);&#10;&#9;&#9;&#9;RiverBank rightBank = game.map.river_banks.get(3);&#10;&#10;&#9;&#9;&#9;// if object is under lower middle left bank, left column&#10;&#9;&#9;&#9;if ((midLeftBank.position.getXPos() &lt;= position.getXPos())&#10;&#9;&#9;&#9;&#9;&#9;&amp;&amp; (position.getXPos() &lt; (midLeftBank.position.getXPos() + midLeftBank.width / 2))) {&#10;&#9;&#9;&#9;&#9;if (midLeftBank.permanent_erosion[0][1]) {&#10;&#9;&#9;&#9;&#9;&#9;x_velocity = 0.005;&#10;&#9;&#9;&#9;&#9;&#9;// System.out.println(&quot;passing erosion&quot;);&#10;&#10;&#9;&#9;&#9;&#9;}&#10;&#9;&#9;&#9;}&#10;&#10;&#9;&#9;&#9;// if object is under lower middle left bank, right column&#10;&#9;&#9;&#9;else if (((midLeftBank.position.getXPos() + midLeftBank.width / 2) &lt;= position&#10;&#9;&#9;&#9;&#9;&#9;.getXPos())&#10;&#9;&#9;&#9;&#9;&#9;&amp;&amp; (position.getXPos() &lt;= (midLeftBank.position.getXPos() + midLeftBank.width))) {&#10;&#9;&#9;&#9;&#9;if (midLeftBank.permanent_erosion[1][1]) {&#10;&#9;&#9;&#9;&#9;&#9;x_velocity = 0.005;&#10;&#9;&#9;&#9;&#9;&#9;// System.out.println(&quot;passing erosion&quot;);&#10;&#10;&#9;&#9;&#9;&#9;}&#10;&#9;&#9;&#9;}&#10;&#9;&#9;&#9;// if object is under lower middle right bank, left column&#10;&#9;&#9;&#9;else if ((midRightBank.position.getXPos() &lt;= position.getXPos())&#10;&#9;&#9;&#9;&#9;&#9;&amp;&amp; (position.getXPos() &lt; (midRightBank.position.getXPos() + midRightBank.width / 2))) {&#10;&#9;&#9;&#9;&#9;if (midRightBank.permanent_erosion[0][1]) {&#10;&#9;&#9;&#9;&#9;&#9;x_velocity = 0.005;&#10;&#9;&#9;&#9;&#9;&#9;// System.out.println(&quot;passing erosion&quot;);&#10;&#10;&#9;&#9;&#9;&#9;}&#10;&#9;&#9;&#9;}&#10;&#10;&#9;&#9;&#9;// if object is under lower middle right bank, right column&#10;&#9;&#9;&#9;else if (((midRightBank.position.getXPos() + midRightBank.width / 2) &lt;= position&#10;&#9;&#9;&#9;&#9;&#9;.getXPos())&#10;&#9;&#9;&#9;&#9;&#9;&amp;&amp; (position.getXPos() &lt;= (midRightBank.position.getXPos() + midRightBank.width))) {&#10;&#9;&#9;&#9;&#9;if (midRightBank.permanent_erosion[1][1]) {&#10;&#9;&#9;&#9;&#9;&#9;x_velocity = 0.005;&#10;&#9;&#9;&#9;&#9;&#9;// System.out.println(&quot;passing erosion&quot;);&#10;&#10;&#9;&#9;&#9;&#9;}&#10;&#9;&#9;&#9;}&#10;&#10;&#9;&#9;&#9;// if object is under lower right bank&#10;&#9;&#9;&#9;else if (((rightBank.position.getXPos()) &lt;= position.getXPos())&#10;&#9;&#9;&#9;&#9;&#9;&amp;&amp; (position.getXPos() &lt;= (rightBank.position.getXPos() + rightBank.width))) {&#10;&#9;&#9;&#9;&#9;if (rightBank.permanent_erosion[0][1]) {&#10;&#9;&#9;&#9;&#9;&#9;x_velocity = 0.005;&#10;&#9;&#9;&#9;&#9;&#9;// System.out.println(&quot;passing erosion&quot;);&#10;&#10;&#9;&#9;&#9;&#9;}&#10;&#9;&#9;&#9;}&#10;&#10;&#9;&#9;&#9;if (time_num % 20 == 0)&#10;&#9;&#9;&#9;&#9;if (sin_num &lt; 300)&#10;&#9;&#9;&#9;&#9;&#9;sin_num++;&#10;&#9;&#9;&#9;&#9;else {&#10;&#9;&#9;&#9;&#9;&#9;sin_num = 0;&#10;&#9;&#9;&#9;&#9;}&#10;&#9;&#9;&#9;position.setPosition(position.getXPos(), position.getYPos()&#10;&#9;&#9;&#9;&#9;&#9;+ 0.0005 * Math.sin(sin_num + (300 * shift)));&#10;&#9;&#9;&#9;return true;&#10;&#9;&#9;}&#10;&#9;&#9;return false;&#10;&#9;}&#10;&#10;&#9;public boolean checkIfInStream() {&#10;&#10;&#9;&#9;x_velocity = 0;&#10;&#9;&#9;y_velocity = 0.005;&#10;&#10;&#9;&#9;// go along with curvature of graphics&#10;&#9;&#9;if (streamnumber == 2)&#10;&#9;&#9;&#9;x_velocity = -.0008;&#10;&#9;&#9;if (streamnumber == 0)&#10;&#9;&#9;&#9;x_velocity = .0008;&#10;&#10;&#9;&#9;RiverBank leftBank = game.map.river_banks.get(0);&#10;&#9;&#9;RiverBank midLeftBank = game.map.river_banks.get(1);&#10;&#9;&#9;RiverBank midRightBank = game.map.river_banks.get(2);&#10;&#9;&#9;RiverBank rightBank = game.map.river_banks.get(3);&#10;&#10;&#9;&#9;// object is in stream 1&#10;&#9;&#9;if (streamnumber == 0) {&#10;&#10;&#9;&#9;&#9;// object is passing top row&#10;&#9;&#9;&#9;if ((leftBank.position.getYPos() &lt;= position.getYPos())&#10;&#9;&#9;&#9;&#9;&#9;&amp;&amp; (position.getYPos() &lt; (leftBank.position.getYPos() + leftBank.height / 2))) {&#10;&#9;&#9;&#9;&#9;if (leftBank.permanent_erosion[0][0]&#10;&#9;&#9;&#9;&#9;&#9;&#9;|| midLeftBank.permanent_erosion[0][0]) {&#10;&#9;&#9;&#9;&#9;&#9;y_velocity = 0.008;&#10;&#9;&#9;&#9;&#9;&#9;// System.out.println(&quot;in stream &quot;+ streamnumber&#10;&#9;&#9;&#9;&#9;&#9;// +&quot;passing erosion&quot;);&#10;&#9;&#9;&#9;&#9;}&#10;&#9;&#9;&#9;}&#10;&#10;&#9;&#9;&#9;// object is passing bottom row&#10;&#9;&#9;&#9;else if (((leftBank.position.getYPos() + leftBank.height / 2) &lt;= position&#10;&#9;&#9;&#9;&#9;&#9;.getYPos())&#10;&#9;&#9;&#9;&#9;&#9;&amp;&amp; (position.getYPos() &lt;= (leftBank.position.getYPos() + leftBank.height))) {&#10;&#9;&#9;&#9;&#9;if (leftBank.permanent_erosion[0][1]&#10;&#9;&#9;&#9;&#9;&#9;&#9;|| midLeftBank.permanent_erosion[0][1]) {&#10;&#9;&#9;&#9;&#9;&#9;y_velocity = 0.008;&#10;&#9;&#9;&#9;&#9;&#9;// System.out.println(&quot;in stream &quot;+ streamnumber&#10;&#9;&#9;&#9;&#9;&#9;// +&quot;passing erosion&quot;);&#10;&#9;&#9;&#9;&#9;}&#10;&#9;&#9;&#9;}&#10;&#9;&#9;}&#10;&#10;&#9;&#9;// object is in stream 2&#10;&#9;&#9;else if (streamnumber == 1) {&#10;&#10;&#9;&#9;&#9;// object passing top row&#10;&#9;&#9;&#9;if ((midLeftBank.position.getYPos() &lt;= position.getYPos())&#10;&#9;&#9;&#9;&#9;&#9;&amp;&amp; (position.getYPos() &lt; (midLeftBank.position.getYPos() + midLeftBank.height / 2))) {&#10;&#9;&#9;&#9;&#9;if (midLeftBank.permanent_erosion[1][0]&#10;&#9;&#9;&#9;&#9;&#9;&#9;|| midRightBank.permanent_erosion[0][0]) {&#10;&#9;&#9;&#9;&#9;&#9;y_velocity = 0.008;&#10;&#9;&#9;&#9;&#9;&#9;// System.out.println(&quot;in stream &quot;+ streamnumber&#10;&#9;&#9;&#9;&#9;&#9;// +&quot;passing erosion&quot;);&#10;&#9;&#9;&#9;&#9;}&#10;&#9;&#9;&#9;}&#10;&#10;&#9;&#9;&#9;// object passing bottom row&#10;&#9;&#9;&#9;else if (((midLeftBank.position.getYPos() + midLeftBank.height / 2) &lt;= position&#10;&#9;&#9;&#9;&#9;&#9;.getYPos())&#10;&#9;&#9;&#9;&#9;&#9;&amp;&amp; (position.getYPos() &lt;= (midLeftBank.position.getYPos() + midLeftBank.height))) {&#10;&#9;&#9;&#9;&#9;if (midLeftBank.permanent_erosion[1][1]&#10;&#9;&#9;&#9;&#9;&#9;&#9;|| midRightBank.permanent_erosion[0][1]) {&#10;&#9;&#9;&#9;&#9;&#9;y_velocity = 0.008;&#10;&#9;&#9;&#9;&#9;&#9;// System.out.println(&quot;in stream &quot;+ streamnumber&#10;&#9;&#9;&#9;&#9;&#9;// +&quot;passing erosion&quot;);&#10;&#10;&#9;&#9;&#9;&#9;}&#10;&#9;&#9;&#9;}&#10;&#9;&#9;}&#10;&#10;&#9;&#9;// object is in stream 3&#10;&#9;&#9;else if (streamnumber == 2) {&#10;&#10;&#9;&#9;&#9;// object passing top row&#10;&#9;&#9;&#9;if ((rightBank.position.getYPos() &lt;= position.getYPos())&#10;&#9;&#9;&#9;&#9;&#9;&amp;&amp; (position.getYPos() &lt; (rightBank.position.getYPos() + rightBank.height / 2))) {&#10;&#9;&#9;&#9;&#9;if (rightBank.permanent_erosion[0][0]&#10;&#9;&#9;&#9;&#9;&#9;&#9;|| midRightBank.permanent_erosion[1][0]) {&#10;&#9;&#9;&#9;&#9;&#9;y_velocity = 0.008;&#10;&#9;&#9;&#9;&#9;&#9;// System.out.println(&quot;in stream &quot;+ streamnumber&#10;&#9;&#9;&#9;&#9;&#9;// +&quot;passing erosion&quot;);&#10;&#9;&#9;&#9;&#9;}&#10;&#9;&#9;&#9;}&#10;&#10;&#9;&#9;&#9;// object passing bottom row&#10;&#9;&#9;&#9;else if (((rightBank.position.getYPos() + rightBank.height / 2) &lt;= position&#10;&#9;&#9;&#9;&#9;&#9;.getYPos())&#10;&#9;&#9;&#9;&#9;&#9;&amp;&amp; (position.getYPos() &lt;= (rightBank.position.getYPos() + rightBank.height))) {&#10;&#9;&#9;&#9;&#9;if (rightBank.permanent_erosion[0][1]&#10;&#9;&#9;&#9;&#9;&#9;&#9;|| midRightBank.permanent_erosion[1][1]) {&#10;&#9;&#9;&#9;&#9;&#9;y_velocity = 0.008;&#10;&#9;&#9;&#9;&#9;&#9;// System.out.println(&quot;in stream &quot;+ streamnumber&#10;&#9;&#9;&#9;&#9;&#9;// +&quot;passing erosion&quot;);&#10;&#9;&#9;&#9;&#9;}&#10;&#9;&#9;&#9;}&#10;&#9;&#9;}&#10;&#10;&#9;&#9;if (time_num % 20 == 0)&#10;&#9;&#9;&#9;if (sin_num &lt; 300)&#10;&#9;&#9;&#9;&#9;sin_num++;&#10;&#9;&#9;&#9;else {&#10;&#9;&#9;&#9;&#9;sin_num = 0;&#10;&#9;&#9;&#9;}&#10;&#9;&#9;position.setPosition(&#10;&#9;&#9;&#9;&#9;position.getXPos() + 0.0005 * Math.sin(sin_num + (300 * shift)),&#10;&#9;&#9;&#9;&#9;position.getYPos());&#10;&#9;&#9;return true;&#10;&#9;}&#10;&#10;&#9;/**&#10;&#9; * Ben gave objects a more curved path down streams and through river&#10;&#9; * &#10;&#9; * Mary 4/21 checks if passing permanent erosion, which increases speed&#10;&#9; */&#10;&#9;public void update() {&#10;&#9;&#9;if (game.player.player_score.fertilizer_count &gt;= 1) {&#10;&#9;&#9;&#9;DrawGame.first_fert = true;&#10;&#9;&#9;}&#10;&#9;&#9;if (game.player.player_score.oil_count &gt;= 1) {&#10;&#9;&#9;&#9;DrawGame.first_oil = true;&#10;&#9;&#9;}&#10;&#10;&#9;&#9;if (time_num &lt; 300)&#10;&#9;&#9;&#9;time_num++;&#10;&#9;&#9;else {&#10;&#9;&#9;&#9;time_num = 0;&#10;&#9;&#9;}&#10;&#9;&#9;updates++;&#10;&#10;&#9;&#9;// checks if object is in river&#10;&#9;&#9;if (checkIfInRiver()) {&#10;&#9;&#9;&#9;if (updates % 5 == 0)&#10;&#9;&#9;&#9;&#9;moveWaterObject();&#10;&#9;&#9;&#9;if (updates % 10 == 0)&#10;&#9;&#9;&#9;&#9;cur_image = (cur_image + 1) % 3;&#10;&#9;&#9;&#9;return;&#10;&#9;&#9;}&#10;&#10;&#9;&#9;// else object is in a stream&#10;&#9;&#9;else {&#10;&#9;&#9;&#9;checkIfInStream();&#10;&#9;&#9;&#9;if (updates % 5 == 0)&#10;&#9;&#9;&#9;&#9;moveWaterObject();&#10;&#9;&#9;&#9;if (updates % 10 == 0)&#10;&#9;&#9;&#9;&#9;cur_image = (cur_image + 1) % 3;&#10;&#9;&#9;&#9;return;&#10;&#9;&#9;}&#10;&#9;}&#10;&#10;}&#10;" Filename="WaterObjects.java" Intrnl_Id="1"/>
<SrcFile Content="package group2.game;&#10;&#10;import static org.junit.Assert.assertEquals;&#10;import static org.junit.Assert.assertFalse;&#10;import static org.junit.Assert.assertTrue;&#10;&#10;import java.util.ArrayList;&#10;import java.util.Enumeration;&#10;&#10;import org.junit.Test;&#10;&#10;public class TestGame {&#10;&#10;&#9;// WHAT DO WE WANT TO TEST!!!?????&#10;&#10;&#9;// moving objects along river&#10;&#9;// objects increasing / decreasing players score&#10;&#9;// count number of objects collected&#10;&#9;// quiz answers&#10;&#9;// generate erosion&#10;&#9;// adding &amp; removing buffers&#10;&#9;// tracking player movement and clicks&#10;&#10;&#9;// Tests the creation of a new set of score data;&#10;&#9;@Test&#10;&#9;public void testNewScoreData() {&#10;&#9;&#9;ScoreData d = new ScoreData(&quot;Ben Gotthold&quot;, 54321, &quot;date&quot;);&#10;&#10;&#9;&#9;assertEquals(d.name, &quot;Ben Gotthold&quot;);&#10;&#9;&#9;assertEquals(d.score, 54321, 0);&#10;&#9;&#9;assertEquals(d.date, &quot;date&quot;);&#10;&#9;&#9;assertEquals(d.rank, 0);&#10;&#10;&#9;}&#10;&#10;&#9;@Test&#10;&#9;public void testQuiz() {&#10;&#9;&#9;String q = &quot;Question&quot;;&#10;&#9;&#9;String[] choices = { &quot;A&quot;, &quot;B&quot;, &quot;C&quot;, &quot;D&quot; };&#10;&#9;&#9;Quiz q1 = new Quiz(q, choices, 2);&#10;&#10;&#9;&#9;// Make sure constructor works properly&#10;&#9;&#9;assertEquals(q, q1.question);&#10;&#9;&#9;assertEquals(choices, q1.choices);&#10;&#9;&#9;assertEquals(2, q1.answer);&#10;&#10;&#9;&#9;// Make sure checkChoice() works as expected&#10;&#9;&#9;assertFalse(q1.checkChoice(0));&#10;&#9;&#9;assertFalse(q1.checkChoice(1));&#10;&#9;&#9;assertTrue(q1.checkChoice(2));&#10;&#9;&#9;assertFalse(q1.checkChoice(3));&#10;&#9;}&#10;&#10;&#9;// tests to make sure scores are saved in the correct order&#10;&#9;// tests getRank()&#10;&#9;@Test&#10;&#9;public void testRankOrder() {&#10;&#9;&#9;ScoreData d1 = new ScoreData(&quot;Ben&quot;, 50, &quot;&quot;);&#10;&#9;&#9;ScoreData d2 = new ScoreData(&quot;Dan&quot;, 20, &quot;&quot;);&#10;&#9;&#9;ScoreData d3 = new ScoreData(&quot;Forr&quot;, 80, &quot;&quot;);&#10;&#10;&#9;&#9;d1.addDataToList();&#10;&#9;&#9;d2.addDataToList();&#10;&#9;&#9;d3.addDataToList();&#10;&#10;&#9;&#9;// ArrayList&lt;ScoreData&gt; scores = HighScoreList.getScores();&#10;&#10;&#9;&#9;// lower rank means higher score&#10;&#9;&#9;assertTrue(d1.getRank() &lt; d2.getRank());&#10;&#9;&#9;assertTrue(d2.getRank() &gt; d3.getRank());&#10;&#10;&#9;}&#10;&#10;&#9;/*&#10;&#9; * // tests addBuffer method in RiverBank class&#10;&#9; * &#10;&#9; * @Test public void testAddBuffer() throws InterruptedException{ Position&#10;&#9; * p0= new Position(0,0); RiverBank testBank = new RiverBank(2, 2, p0, 0, 0,&#10;&#9; * 0);&#10;&#9; * &#10;&#9; * Buffer b1 = new Buffer(); b1.bank = testBank;&#10;&#9; * &#10;&#9; * //test that a buffer can be added on a bank of all true values&#10;&#9; * assertTrue(testBank.addBuffer(b1, p0));&#10;&#9; * &#10;&#9; * //test that when a bank is placed, corresponding element of&#10;&#9; * can_place_buffer is made false&#10;&#9; * assertFalse(testBank.can_place_object[0][0]);&#10;&#9; * &#10;&#9; * //test that the buffer is added to river_bank_objs&#10;&#9; * assertEquals((testBank.objects).get(p0), b1);&#10;&#9; * &#10;&#9; * //test that a buffer cannot be added where can_place_buffer is false&#10;&#9; * assertFalse(testBank.addBuffer(b1, p0));&#10;&#9; * &#10;&#9; * Thread.sleep(20000);&#10;&#9; * &#10;&#9; * //test buffer disappearing after 20 seconds&#10;&#9; * assertFalse(testBank.can_place_object[0][0]);&#10;&#9; * &#10;&#9; * Erosion e1= new Erosion(p0, testBank, p0); testBank.objects.put(p0, e1);&#10;&#9; * &#10;&#9; * //test erosion being put in objects assertEquals(testBank.objects.size(),&#10;&#9; * 1);&#10;&#9; * &#10;&#9; * //test buffer being put on non-permanent erosion&#10;&#9; * assertTrue(testBank.addBuffer(b1, p0));&#10;&#9; * &#10;&#9; * //test erosion being removed from objects when buffer placed&#10;&#9; * assertEquals(testBank.objects.size(), 1);&#10;&#9; * assertEquals((testBank.objects).get(p0), b1);&#10;&#9; * &#10;&#9; * Thread.sleep(20000);&#10;&#9; * &#10;&#9; * testBank.objects.put(p0, e1); e1.run();&#10;&#9; * &#10;&#9; * Thread.sleep(11000);&#10;&#9; * &#10;&#9; * //test that buffer cannot be placed on permanent erosion&#10;&#9; * assertFalse(testBank.addBuffer(b1, p0));&#10;&#9; * &#10;&#9; * &#10;&#9; * &#10;&#9; * }&#10;&#9; * &#10;&#9; * @Test public void testErode() throws InterruptedException{ Position p0=&#10;&#9; * new Position(0,0); RiverBank testBank = new RiverBank(2, 2, p0, 0, 0, 1);&#10;&#9; * testBank.erode();&#10;&#9; * &#10;&#9; * //test that erosion was put in objects&#10;&#9; * assertEquals(testBank.objects.size(), 1); Enumeration&lt;Position&gt; en =&#10;&#9; * testBank.objects.keys(); Position pos = en.nextElement(); int x =&#10;&#9; * (int)testBank.objects.get(pos).coordinates.x; int y =&#10;&#9; * (int)testBank.objects.get(pos).coordinates.y;&#10;&#9; * &#10;&#9; * //test that can't place another object where erosion is&#10;&#9; * assertFalse(testBank.can_place_object[x][y]);&#10;&#9; * &#10;&#9; * //test that erosion is not permanent&#10;&#9; * assertFalse(testBank.permanent_erosion[x][y]);&#10;&#9; * &#10;&#9; * Thread.sleep(11000);&#10;&#9; * &#10;&#9; * //test that erosion becomes permanent&#10;&#9; * assertTrue(testBank.permanent_erosion[x][y]);&#10;&#9; * &#10;&#9; * }&#10;&#9; */&#10;&#10;&#9;@Test&#10;&#9;public void testRunningWater() {&#10;&#9;&#9;RunningWater testStream = new Stream(1);&#10;&#9;&#9;WaterObjects oil = new Oil(new Position(0.1,0.1), new RapidRunoffGame(), 7);&#10;&#10;&#9;&#9;// make sure cannot remove object if no objects in stream&#10;&#9;&#9;assertFalse(testStream.removeObject(oil));&#10;&#10;&#9;&#9;// make sure an object is successfully added&#10;&#9;&#9;assertTrue(testStream.addObject(oil));&#10;&#10;&#9;&#9;// make sure object is successfully added to water_objects&#10;&#9;&#9;assertEquals((testStream.water_objects).get(0), oil);&#10;&#10;&#9;&#9;assertTrue(testStream.removeObject(oil));&#10;&#10;&#9;&#9;// make sure object is successfully removed from water_objects&#10;&#9;&#9;assertEquals((testStream.water_objects).size(), 0);&#10;&#10;&#9;&#9;// test changeWidth()&#10;&#9;&#9;testStream.changeWidth(10);&#10;&#9;&#9;assertEquals(testStream.water_width, 10);&#10;&#10;&#9;&#9;// test changeSpeed()&#10;&#9;&#9;testStream.changeSpeed(5);&#10;&#9;&#9;assertEquals(testStream.water_speed, 5);&#10;&#10;&#9;}&#10;&#10;&#9;// tests to make sure scores read and write correctly&#10;&#9;// tests adddataToList()&#10;&#9;@Test&#10;&#9;public void testSaveScore() {&#10;&#9;&#9;ScoreData d1 = new ScoreData(&quot;Ben&quot;, 50.0, &quot;&quot;);&#10;&#9;&#9;ScoreData d2 = new ScoreData(&quot;Dan&quot;, 20, &quot;&quot;);&#10;&#9;&#9;ScoreData d3 = new ScoreData(&quot;Forr&quot;, 80, &quot;&quot;);&#10;&#10;&#9;&#9;d1.addDataToList();&#10;&#9;&#9;d2.addDataToList();&#10;&#9;&#9;d3.addDataToList();&#10;&#10;&#9;&#9;ArrayList&lt;ScoreData&gt; scores = HighScoreList.getScores();&#10;&#10;&#9;&#9;assertTrue(scores.contains(d1));&#10;&#9;&#9;assertTrue(scores.contains(d2));&#10;&#9;&#9;assertTrue(scores.contains(d3));&#10;&#10;&#9;}&#10;&#10;&#9;@Test&#10;&#9;public void testScore() {&#10;&#9;&#9;Score testScore = new Score(0, 0, 0, 0, 0);&#10;&#10;&#9;&#9;// test addScore()&#10;&#9;&#9;testScore.addScore(10);&#10;&#9;&#9;assertEquals(testScore.game_score, 10);&#10;&#10;&#9;&#9;testScore.addScore(-20);&#10;&#9;&#9;assertEquals(testScore.game_score, 0);&#10;&#9;&#9;&#10;&#9;&#9;testScore.incrementFertilizer();&#10;&#9;&#9;testScore.incrementFertilizer();&#10;&#9;&#9;assertEquals(testScore.fertilizer_count, 2);&#10;&#9;&#9;&#10;&#9;&#9;testScore.incrementOil();&#10;&#9;&#9;testScore.incrementOil();&#10;&#9;&#9;assertEquals(testScore.oil_count, 2);&#10;&#9;&#9;&#10;&#9;&#9;testScore.incrementFertilizerLost();&#10;&#9;&#9;assertEquals(testScore.fertilizer_lost, 1);&#10;&#9;&#9;&#10;&#9;&#9;testScore.incrementOilLost();&#10;&#9;&#9;assertEquals(testScore.oil_lost, 1);&#10;&#9;}&#10;&#10;&#9;// Stefan&#10;&#9;@Test&#10;&#9;public void testMap() {&#10;&#9;&#9;RapidRunoffGame g = new RapidRunoffGame();&#10;&#9;&#9;Map m = new Map(g);&#10;&#10;&#9;&#9;// Test updateSpeed&#10;&#9;&#9;m.updateSpeed(100);&#10;&#9;&#9;assertEquals(m.updates_per_water_object, 66);&#10;&#9;}&#10;&#10;&#9;// Stefan&#10;&#9;@Test&#10;&#9;public void testWaterObjects() {&#10;&#9;&#9;RapidRunoffGame g = new RapidRunoffGame();&#10;&#9;&#9;WaterObjects w = new Oil(new Position(0.1, 0.1), g, 0);&#10;&#9;&#9;double tolerance = 0.00001;&#10;&#10;&#9;&#9;// Test moveWaterObject&#10;&#9;&#9;w.moveWaterObject();&#10;&#9;&#9;assertTrue(w.position.y &lt;= 0.105 + tolerance &amp;&amp; w.position.y &gt;= 0.105 - tolerance );&#10;&#9;&#9;assertTrue(w.position.x == 0.1);&#10;&#10;&#9;&#9;// Test remove&#10;&#9;&#9;g.map.water_objects.add(w);&#10;&#9;&#9;w.remove(true);&#10;&#9;&#9;assertTrue(g.player.player_score.game_score == w.point_value);&#10;&#9;&#9;assertTrue(!g.map.water_objects.contains(w));&#10;&#9;&#9;&#10;&#9;&#9;//Test checkClickRange(x,y)&#10;&#9;&#9;assertTrue(w.checkClickRange(0.1, 0.1));&#10;&#9;&#9;assertTrue(w.checkClickRange(0.101,0.099));&#10;&#9;&#9;assertTrue(w.checkClickRange(0.102,0.098));&#10;&#9;&#9;assertFalse(w.checkClickRange(0.2,0.098));&#10;&#9;&#9;assertFalse(w.checkClickRange(0.102,0.95));&#10;&#9;&#9;&#10;&#9;&#9;//Test checkIfInBin()&#10;&#9;&#9;assertTrue(w.checkIfInBin(0.015, 0.5));&#10;&#9;&#9;assertFalse(w.checkIfInBin(0.15, 0.1));&#10;&#9;&#9;&#10;&#9;&#9;//Test increment()&#10;&#9;&#9;WaterObjects fert = new Fertilizer(new Position(0.2,0.2), g, 0);&#10;&#9;&#9;&#10;&#9;&#9;w.increment();&#10;&#9;&#9;fert.increment();&#10;&#9;&#9;&#10;&#9;&#9;assertEquals(g.player.player_score.oil_count, 1);&#10;&#9;&#9;assertEquals(g.player.player_score.fertilizer_count, 1);&#10;&#9;&#9;&#10;&#9;&#9;//Test remove()&#10;&#9;&#9;w.remove(true);&#10;&#9;&#9;w.remove(false);&#10;&#9;}&#10;&#9;&#10;&#9;@Test&#10;&#9;public void testPosition() {&#10;&#9;&#9;Position p1 = new Position(0.1,0.2);&#10;&#9;&#9;Position p2 = new Position(0.1,0.2);&#10;&#9;&#9;Position p3 = new Position(0.2,0.1);&#10;&#9;&#9;&#10;&#9;&#9;//Test equals()&#10;&#9;&#9;assertTrue(p1.equals(p2));&#10;&#9;&#9;assertTrue(p2.equals(p1));&#10;&#9;&#9;assertFalse(p1.equals(p3));&#10;&#9;&#9;assertFalse(p3.equals(p1));&#10;&#9;&#9;&#10;&#9;&#9;//Test getXPos()&#10;&#9;&#9;assertTrue(p1.getXPos() == 0.1);&#10;&#9;&#9;assertTrue(p2.getXPos() == 0.1);&#10;&#9;&#9;assertTrue(p3.getXPos() == 0.2);&#10;&#9;&#9;&#10;&#9;&#9;//Test getYPos()&#10;&#9;&#9;assertTrue(p1.getYPos() == 0.2);&#10;&#9;&#9;assertTrue(p2.getYPos() == 0.2);&#10;&#9;&#9;assertTrue(p3.getYPos() == 0.1);&#10;&#9;&#9;&#10;&#9;&#9;//Test hashCode()&#10;&#9;&#9;assertEquals(p1.hashCode(), 0);&#10;&#9;&#9;assertEquals(p2.hashCode(), 0);&#10;&#9;&#9;assertEquals(p3.hashCode(), 0);&#10;&#9;&#9;&#10;&#9;&#9;//Test setPosition(x_new,y_new)&#10;&#9;&#9;p1.setPosition(0.3, 0.4);&#10;&#9;&#9;assertTrue(p1.getXPos() == 0.3);&#10;&#9;&#9;assertTrue(p1.getYPos() == 0.4);&#10;&#9;}&#10;}&#10;" Filename="TestGame.java" Intrnl_Id="2"/>
<SrcFile Content="package group2.game;&#10;&#10;public class Stream extends RunningWater {&#10;&#10;&#9;public Stream(int stream_number) {&#10;&#9;&#9;water_identifier = stream_number;&#10;&#9;&#9;position = new Position(&#10;&#9;&#9;&#9;&#9;(stream_number * 2.0 / 11 + (stream_number - 1) * 1.0 / 11),&#10;&#9;&#9;&#9;&#9;(1.0 / 5));&#10;&#9;&#9;water_width = (1.0 / 11);&#10;&#9;&#9;water_height = (6.0 / 10);&#10;&#9;}&#10;&#10;}&#10;" Filename="Stream.java" Intrnl_Id="3"/>
<SrcFile Content="package group2.game;&#10;&#10;public class StaticQuizes {&#10;&#9;&#10;&#9;&#10;&#9;public static String[] choices0 = new String[] {&#10;&#9;&#9;&#9;&quot;The water becomes choked with algae and other plant material that kills off the fish&quot;,&#10;&#9;&#9;&#9;&quot;The fish eat too much of the resulting algae and get sick&quot;,&#10;&#9;&#9;&#9;&quot;It clogs the storm drain&quot;,&#10;&#9;&#9;&#9;&quot;The trees along the river become too big and block out the sun&quot; };&#10;&#9;public static Quiz quiz0 = new Quiz(&#10;&#9;&#9;&#9;&quot;What is the problem with fertilizer runoff entering rivers and lakes? &quot;,&#10;&#9;&#9;&#9;choices0, 0);&#10;&#10;&#9;public static String[] choices1 = new String[] { &quot;The fish become too slippery&quot;,&#10;&#9;&#9;&#9;&quot;The water can catch on fire&quot;, &quot;The oil is poisonous to marine life in the water&quot;,&#10;&#9;&#9;&#9;&quot;There is not enogh oil left for cars&quot; };&#10;&#9;public static Quiz quiz1 = new Quiz(&#10;&#9;&#9;&#9;&quot;What is the problem with too much oil entering rivers and lakes? &quot;,&#10;&#9;&#9;&#9;choices1, 2);&#10;&#10;&#9;public static String[] choices2 = new String[] {&#10;&#9;&#9;&#9;&quot;Roll the car onto the grass, so that the water running off the car will be absorbed&quot;,&#10;&#9;&#9;&#9;&quot;Put lots of towels down under the car&quot;,&#10;&#9;&#9;&#9;&quot;Roll onto the driveway, so that the water goes down into the storm drain&quot;,&#10;&#9;&#9;&#9;&quot;Cover the storm drain with a garbage bag&quot; };&#10;&#9;public static Quiz quiz2 = new Quiz(&#10;&#9;&#9;&#9;&quot;What can you do when washing the car that will help reduce run-off? &quot;,&#10;&#9;&#9;&#9;choices2, 0);&#10;&#10;&#9;public static String[] choices3 = new String[] { &quot;To the nearest sewage treatment plant&quot;,&#10;&#9;&#9;&#9;&quot;Deep underground&quot;, &quot;Into the sinks and showers in your house&quot;,&#10;&#9;&#9;&#9;&quot;Right back into the closest body of water&quot; };&#10;&#9;public static Quiz quiz3 = new Quiz(&#10;&#9;&#9;&#9;&quot;Where does the water go after it goes down a storm drain? &quot;,&#10;&#9;&#9;&#9;choices3, 3);&#10;&#10;&#9;public static String[] choices4 = new String[] {&#10;&#9;&#9;&#9;&quot;Fertilize your lawn with just enough fertilizer&quot;,&#10;&#9;&#9;&#9;&quot;Sweep up the fertilzer that gets on the driveway&quot;,&#10;&#9;&#9;&#9;&quot;Putting a garbage bag over the storm drain&quot;,&#10;&#9;&#9;&#9;&quot;Use fertilizers that minimize impact to the enviroment&quot; };&#10;&#9;public static Quiz quiz4 = new Quiz(&#10;&#9;&#9;&#9;&quot; Which of the following, ISN'T a correct way to reduce the amount of fertilizer runoff? &quot;,&#10;&#9;&#9;&#9;choices4, 2);&#10;&#9;&#10;&#9;public static String[] choices5 = new String[] {&#10;&#9;&#9;&quot;Fertilize your lawn with just enough fertilizer&quot;,&#10;&#9;&#9;&quot;Sweep up the fertilzer and throw it in the trash&quot;,&#10;&#9;&#9;&quot;Putting a garbage bag over the storm drain&quot;,&#10;&#9;&#9;&quot;Use the strongest fertilizer possible&quot; };&#10;&#9;public static Quiz quiz5 = new Quiz(&#10;&#9;&#9;&quot; Which of the following, IS the most correct way to reduce the amount of fertilizer runoff? &quot;,&#10;&#9;&#9;choices5, 0);&#10;&#9;&#10;&#9;public static String[] choices6 = new String[] {&#10;&#9;&#9;&quot;The river will get very small and will disappear&quot;,&#10;&#9;&#9;&quot;All of the trees will fall into the river&quot;,&#10;&#9;&#9;&quot;The river will slow down drastically&quot;,&#10;&#9;&#9;&quot;The river will speed up drastically&quot; };&#10;&#9;public static Quiz quiz6 = new Quiz(&#10;&#9;&#9;&quot; Which of the following is an effect of erosion on a river? &quot;,&#10;&#9;&#9;choices6, 3);&#10;&#9;&#10;&#9;public static String[] choices7 = new String[] {&#10;&#9;&#9;&quot;Duct-taping the river banks&quot;,&#10;&#9;&#9;&quot;By planting buffer plants, to anchor soil&quot;,&#10;&#9;&#9;&quot;Dam the river so that it won't flow&quot;,&#10;&#9;&#9;&quot;Put lots of rocks on the river banks&quot; };&#10;&#9;public static Quiz quiz7 = new Quiz(&#10;&#9;&#9;&quot; What is one responsible way we can prevent erosion in our local rivers? &quot;,&#10;&#9;&#9;choices7, 1);&#10;&#9;&#10;&#9;public static String[] choices8 = new String[] {&#10;&#9;&#9;&quot;A heavy rainstorm washes away the river banks&quot;,&#10;&#9;&#9;&quot;The water is too hot, and melts the river banks&quot;,&#10;&#9;&#9;&quot;The plants use all of the dirt along the river&quot;,&#10;&#9;&#9;&quot;People steal the dirt and use it for their own gardens&quot; };&#10;&#9;public static Quiz quiz8 = new Quiz(&#10;&#9;&#9;&quot; What is one cause of erosion in a river? &quot;,&#10;&#9;&#9;choices7, 1);&#10;&#9;&#10;&#9;&#10;&#10;}&#10;" Filename="StaticQuizes.java" Intrnl_Id="4"/>
<SrcFile Content="package group2.game;&#10;&#10;import java.awt.Font;&#10;import java.awt.Graphics;&#10;import javax.swing.JPanel;&#10;&#10;public class SplashScreen extends JPanel {&#10;&#9;/**&#10;&#9; * &#10;&#9; */&#10;&#9;private static final long serialVersionUID = 1L;&#10;&#9;RapidRunoffGame game;&#10;&#10;&#9;public SplashScreen(RapidRunoffGame g) {&#10;&#9;&#9;this.game = g;&#10;&#10;&#9;}&#10;&#10;&#9;public void paintComponent(Graphics g) {&#10;&#9;&#9;super.paintComponent(g);&#10;&#10;&#9;&#9;Font f1 = new Font(&quot;serif&quot;, Font.BOLD, (int) game.screen_height / 40&#10;&#9;&#9;&#9;&#9;+ (int) game.screen_width / 40);&#10;&#10;&#9;&#9;g.setFont(f1);&#10;&#9;&#9;g.drawString(&quot;LOADING...&quot;, (int) (.35 * game.screen_width),&#10;&#9;&#9;&#9;&#9;(int) (.5 * game.screen_height));&#10;&#10;&#9;}&#10;&#10;}&#10;" Filename="SplashScreen.java" Intrnl_Id="5"/>
<SrcFile Content="package group2.game;&#10;&#10;import java.util.ArrayList;&#10;&#10;public class ScoreData {&#10;&#10;&#9;String name;&#10;&#9;double score;&#10;&#9;String date;&#10;&#9;int rank;&#10;&#9;String[] printdata = new String[4];&#10;&#10;&#9;// constructor that takes in a name a score and a datetime&#10;&#9;// the datetime probably will not be of type double in future versions&#10;&#9;ScoreData(String name, double score, String date) {&#10;&#9;&#9;this.name = name;&#10;&#9;&#9;this.score = score;&#10;&#9;&#9;this.date = date;&#10;&#9;}&#10;&#10;&#9;// adds its self to the scorelist&#10;&#9;public void addDataToList() {&#10;&#9;&#9;HighScoreList.addScore(this);&#10;&#9;}&#10;&#10;&#9;// Joe - used when printing high scores in the game.&#10;&#9;public String[] display() {&#10;&#10;&#9;&#9;printdata[0] = Integer.toString(rank + 1) + &quot;.&quot;;&#10;&#9;&#9;printdata[1] = name;&#10;&#9;&#9;printdata[2] = Double.toString(score);&#10;&#9;&#9;printdata[3] = date;&#10;&#9;&#9;return printdata;&#10;&#9;}&#10;&#10;&#9;// override equals as to be able to use built in assrylist functions.&#10;&#9;@Override&#10;&#9;public boolean equals(Object other) {&#10;&#10;&#9;&#9;if (this.toString().equals(other.toString())) {&#10;&#9;&#9;&#9;return true;&#10;&#9;&#9;}&#10;&#10;&#9;&#9;return false;&#10;&#10;&#9;}&#10;&#10;&#9;public int getRank() {&#10;&#9;&#9;ArrayList&lt;ScoreData&gt; d = HighScoreList.getScores();&#10;&#9;&#9;if (d.contains(this)) {&#10;&#9;&#9;&#9;return d.indexOf(this);&#10;&#9;&#9;} else {&#10;&#9;&#9;&#9;addDataToList();&#10;&#9;&#9;&#9;getRank();&#10;&#9;&#9;}&#10;&#9;&#9;return -1;&#10;&#9;}&#10;&#10;&#9;// override toString so it is usefulll for equals&#10;&#9;@Override&#10;&#9;public String toString() {&#10;&#9;&#9;return name + &quot;,&quot; + String.valueOf(score) + &quot;,&quot; + String.valueOf(date);&#10;&#10;&#9;}&#10;&#10;}&#10;" Filename="ScoreData.java" Intrnl_Id="6"/>
<SrcFile Content="package group2.game;&#13;&#10;&#13;&#10;/**&#13;&#10; * Joe 4/2/13&#13;&#10; */&#13;&#10;public class Score {&#13;&#10;&#9;int game_score;&#13;&#10;&#13;&#10;&#9;// these may be better in a different class&#13;&#10;&#9;int oil_count;&#13;&#10;&#9;int fertilizer_count;&#13;&#10;&#9;int oil_lost;&#13;&#10;&#9;int fertilizer_lost;&#13;&#10;&#13;&#10;&#9;public Score(int game_score, int oil_count, int fertilizer_count,&#13;&#10;&#9;&#9;&#9;int oil_lost, int fertilizer_lost) {&#13;&#10;&#9;&#9;this.game_score = game_score;&#13;&#10;&#9;&#9;this.oil_count = oil_count;&#13;&#10;&#9;&#9;this.fertilizer_count = fertilizer_count;&#13;&#10;&#9;&#9;this.oil_lost = oil_lost;&#13;&#10;&#9;&#9;this.fertilizer_lost = fertilizer_lost;&#13;&#10;&#9;}&#13;&#10;&#13;&#10;&#9;public void addScore(int s) {&#13;&#10;&#9;&#9;game_score += s;&#13;&#10;&#9;&#9;game_score = game_score &lt; 0 ? 0 : game_score;&#13;&#10;&#9;}&#13;&#10;&#13;&#10;&#9;public void incrementFertilizer() {&#13;&#10;&#9;&#9;fertilizer_count++;&#13;&#10;&#9;}&#13;&#10;&#13;&#10;&#9;public void incrementFertilizerLost() {&#13;&#10;&#9;&#9;fertilizer_lost++;&#13;&#10;&#9;}&#13;&#10;&#13;&#10;&#9;public void incrementOil() {&#13;&#10;&#9;&#9;oil_count++;&#13;&#10;&#9;}&#13;&#10;&#13;&#10;&#9;public void incrementOilLost() {&#13;&#10;&#9;&#9;oil_lost++;&#13;&#10;&#9;}&#13;&#10;}" Filename="Score.java" Intrnl_Id="7"/>
<SrcFile Content="package group2.game;&#10;&#10;import java.util.ArrayList;&#10;&#10;public abstract class RunningWater {&#10;&#10;&#9;int water_speed;&#10;&#9;double water_width;&#10;&#9;double water_height;&#10;&#9;Position position;&#10;&#10;&#9;Position river_position = new Position(0, 12.0 / 15);&#10;&#10;&#9;ArrayList&lt;WaterObjects&gt; water_objects;&#10;&#9;int water_identifier;&#10;&#10;&#9;public boolean addObject(WaterObjects object) {&#10;&#9;&#9;return false;&#10;&#10;&#9;}&#10;&#10;&#9;public void changeSpeed(int newSpeed) {&#10;&#10;&#9;}&#10;&#10;&#9;public void changeWidth(int newWidth) {&#10;&#10;&#9;}&#10;&#10;&#9;public boolean removeObject(WaterObjects object) {&#10;&#9;&#9;return false;&#10;&#10;&#9;}&#10;&#10;}&#10;" Filename="RunningWater.java" Intrnl_Id="8"/>
<SrcFile Content="package group2.game;&#10;&#10;&#10;public abstract class RiverBankObjects {&#10;&#10;&#9;Position position;&#10;&#9;String ID;&#10;&#9;boolean is_alive;&#10;&#9;boolean is_permanent;&#10;&#9;RiverBank bank;&#10;&#9;&#10;&#9;public abstract void update();&#10;}&#10;" Filename="RiverBankObjects.java" Intrnl_Id="9"/>
<SrcFile Content="package group2.game;&#13;&#10;&#13;&#10;import java.util.Random;&#13;&#10;&#13;&#10;public class RiverBank {&#13;&#10;&#9;Boolean[][] can_place_object;&#13;&#10;&#9;public RiverBankObjects[][] objects;&#13;&#10;&#9;Boolean[][] permanent_erosion;&#13;&#10;&#9;Position position;&#13;&#10;&#9;Random rand = new Random();&#13;&#10;&#9;int colSize;&#13;&#10;&#9;int rowSize;&#13;&#10;&#9;double height;&#13;&#10;&#9;double width;&#13;&#10;&#9;int ID; // 0 = left bank, 1= middle left bank, 2=middle right bank, 3=right&#13;&#10;&#9;&#9;&#9;// bank&#13;&#10;&#13;&#10;&#9;public RiverBank(int colSize, int rowSize, Position position, double width,&#13;&#10;&#9;&#9;&#9;double height, int ID) {&#13;&#10;&#9;&#9;this.colSize = colSize;&#13;&#10;&#9;&#9;this.rowSize = rowSize;&#13;&#10;&#9;&#9;this.position = position;&#13;&#10;&#9;&#9;this.height = height;&#13;&#10;&#9;&#9;this.width = width;&#13;&#10;&#9;&#9;this.ID = ID;&#13;&#10;&#9;&#9;can_place_object = new Boolean[colSize][rowSize];&#13;&#10;&#9;&#9;permanent_erosion = new Boolean[colSize][rowSize];&#13;&#10;&#9;&#9;initializeBufferArray();&#13;&#10;&#9;&#9;objects = new RiverBankObjects[colSize][rowSize];&#13;&#10;&#9;}&#13;&#10;&#13;&#10;&#9;public boolean addBuffer(Buffer b, int x, int y) {&#13;&#10;&#9;&#9;if (objects[x][y] != null) {&#13;&#10;&#9;&#9;&#9;if (objects[x][y].ID == &quot;Erosion&quot;) {&#13;&#10;&#9;&#9;&#9;&#9;if(objects[x][y].is_permanent){&#13;&#10;&#9;&#9;&#9;&#9;&#9;return false;&#13;&#10;&#9;&#9;&#9;&#9;}&#13;&#10;&#9;&#9;&#9;} else {&#13;&#10;&#9;&#9;&#9;&#9;return false;&#13;&#10;&#9;&#9;&#9;}&#13;&#10;&#9;&#9;}&#13;&#10;&#9;&#9;objects[x][y] = b;&#13;&#10;&#9;&#9;double px = position.getXPos();&#13;&#10;&#9;&#9;double py = position.getYPos();&#13;&#10;&#9;&#9;px = x == 0 ? px : px + width / 2;&#13;&#10;&#9;&#9;py = y == 0 ? py : py + height / 2;&#13;&#10;&#9;&#9;b.position = new Position(px, py);&#13;&#10;&#9;&#9;b.deployBuffer();&#13;&#10;&#9;&#9;can_place_object[x][y] = false;&#13;&#10;&#9;&#9;return true;&#13;&#10;&#13;&#10;&#9;}&#13;&#10;&#13;&#10;&#9;/*&#13;&#10;&#9; * Mason re-did the coordinate mapping to positions (4/14)&#13;&#10;&#9; * &#13;&#10;&#9; * Mary added a check so the left and right most banks only have one column&#13;&#10;&#9; */&#13;&#10;&#9;public Position checkCoordinates(double x, double y) {&#13;&#10;&#9;&#9;double bankX = position.getXPos();&#13;&#10;&#9;&#9;double bankY = position.getYPos();&#13;&#10;&#9;&#9;int px = 0;&#13;&#10;&#9;&#9;int py = 0;&#13;&#10;&#9;&#9;if (ID == 1 || ID == 2) {&#13;&#10;&#9;&#9;&#9;if((x &gt;= bankX) &amp;&amp; (x &lt;= (bankX + (width / 2)))){&#13;&#10;&#9;&#9;&#9;&#9;px = 0;&#13;&#10;&#9;&#9;&#9;}&#13;&#10;&#9;&#9;&#9;if(x &gt;= (bankX + (width / 2)) &amp;&amp; (x &lt;= (bankX + width))){&#13;&#10;&#9;&#9;&#9;&#9;px = 1;&#13;&#10;&#9;&#9;&#9;}&#13;&#10;&#9;&#9;&#9;if((y &gt;= bankY-.04) &amp;&amp; (y &lt;= (bankY + (height / 2)-.04))){&#13;&#10;&#9;&#9;&#9;&#9;py = 0;&#13;&#10;&#9;&#9;&#9;}&#13;&#10;&#9;&#9;&#9;if((y &gt;= (bankY + (height / 2)-.04)) &amp;&amp; (y &lt;= (bankY + height))){&#13;&#10;&#9;&#9;&#9;&#9;py = 1;&#13;&#10;&#9;&#9;&#9;}&#13;&#10;&#9;&#9;&#9;return new Position(px, py);&#13;&#10;&#9;&#9;} else if (ID == 0 || ID == 3) {&#13;&#10;&#9;&#9;&#9;if((x &gt;= bankX) &amp;&amp; (x &lt;= (bankX + width))){&#13;&#10;&#9;&#9;&#9;&#9;px = 0;&#13;&#10;&#9;&#9;&#9;}&#13;&#10;&#9;&#9;&#9;if((y &gt;= bankY-.04) &amp;&amp; (y &lt;= (bankY + (height / 2)-.04))){&#13;&#10;&#9;&#9;&#9;&#9;py = 0;&#13;&#10;&#9;&#9;&#9;}&#13;&#10;&#9;&#9;&#9;if((y &gt;= (bankY + (height / 2)-.04)) &amp;&amp; (y &lt;= (bankY + height))){&#13;&#10;&#9;&#9;&#9;&#9;py = 1;&#13;&#10;&#9;&#9;&#9;}&#13;&#10;&#9;&#9;&#9;return new Position(px, py);&#13;&#10;&#9;&#9;}&#13;&#10;&#9;&#9;return null;&#13;&#10;&#13;&#10;&#9;}&#13;&#10;&#13;&#10;&#9;/*&#13;&#10;&#9; * Mary Checks if click was in range of Bank and which RiverBankObject was&#13;&#10;&#9; * clicked&#13;&#10;&#9; */&#13;&#10;&#9;public int checkIfInBank(double x, double y) {&#13;&#10;&#9;&#9;double bankX = position.getXPos();&#13;&#10;&#9;&#9;double bankY = position.getYPos();&#13;&#10;&#9;&#9;return (x &gt;= bankX &amp;&amp; x &lt;= (bankX + width) &amp;&amp; y &gt;= bankY-.04 &amp;&amp; y &lt;= (bankY + height)) ? ID : -1;&#13;&#10;&#9;}&#13;&#10;&#9;&#13;&#10;&#9;public void erode(int x, int y){&#13;&#10;&#9;&#9;double px = position.getXPos();&#13;&#10;&#9;&#9;double py = position.getYPos();&#13;&#10;&#9;&#9;px = x == 0 ? px : px + (width / 2);&#13;&#10;&#9;&#9;py = y == 0 ? py : py + (height / 2);&#13;&#10;&#9;&#9;objects[x][y] = new Erosion(this, new Position(px, py));&#13;&#10;&#9;&#9;can_place_object[x][y] = false;&#13;&#10;&#9;}&#13;&#10;&#13;&#10;&#9;public boolean findErode() {&#13;&#10;&#9;&#9;if (ID == 1 || ID == 2) {&#13;&#10;&#9;&#9;&#9;int x = rand.nextInt(2);&#13;&#10;&#9;&#9;&#9;if (can_place_object[x][0] || can_place_object[x][1]) {&#13;&#10;&#9;&#9;&#9;&#9;if(can_place_object[x][1]){&#13;&#10;&#9;&#9;&#9;&#9;&#9;erode(x, 1);&#13;&#10;&#9;&#9;&#9;&#9;&#9;return true;&#13;&#10;&#9;&#9;&#9;&#9;}else if(permanent_erosion[x][1]){&#13;&#10;&#9;&#9;&#9;&#9;&#9;erode(x, 0);&#13;&#10;&#9;&#9;&#9;&#9;&#9;return true;&#13;&#10;&#9;&#9;&#9;&#9;}&#13;&#10;&#9;&#9;&#9;}else if(can_place_object[(x + 1)%2][0] || can_place_object[(x + 1)%2][1]){&#13;&#10;&#9;&#9;&#9;&#9;x = (x + 1)%2;&#13;&#10;&#9;&#9;&#9;&#9;if(can_place_object[x][1]){&#13;&#10;&#9;&#9;&#9;&#9;&#9;erode(x, 1);&#13;&#10;&#9;&#9;&#9;&#9;&#9;return true;&#13;&#10;&#9;&#9;&#9;&#9;}else if(permanent_erosion[x][1]){&#13;&#10;&#9;&#9;&#9;&#9;&#9;erode(x, 0);&#13;&#10;&#9;&#9;&#9;&#9;&#9;return true;&#13;&#10;&#9;&#9;&#9;&#9;}&#13;&#10;&#9;&#9;&#9;}&#13;&#10;&#9;&#9;} else if (ID == 0 || ID == 3) {&#13;&#10;&#9;&#9;&#9;int x = 0;&#13;&#10;&#9;&#9;&#9;if (can_place_object[x][0] || can_place_object[x][1]) {&#13;&#10;&#9;&#9;&#9;&#9;if(can_place_object[x][1]){&#13;&#10;&#9;&#9;&#9;&#9;&#9;erode(x, 1);&#13;&#10;&#9;&#9;&#9;&#9;&#9;return true;&#13;&#10;&#9;&#9;&#9;&#9;}else if(permanent_erosion[x][1]){&#13;&#10;&#9;&#9;&#9;&#9;&#9;erode(x, 0);&#13;&#10;&#9;&#9;&#9;&#9;&#9;return true;&#13;&#10;&#9;&#9;&#9;&#9;}&#13;&#10;&#9;&#9;&#9;}&#13;&#10;&#9;&#9;}&#13;&#10;&#9;&#9;return false;&#13;&#10;&#9;}&#13;&#10;&#13;&#10;&#9;public int erosionFactor(int col) {&#13;&#10;&#9;&#9;int count = can_place_object[col][0] ? 1 : 0;&#13;&#10;&#9;&#9;count += can_place_object[col][1] ? 1 : 0;&#13;&#10;&#9;&#9;return count;&#13;&#10;&#9;}&#13;&#10;&#13;&#10;&#9;private void initializeBufferArray() {&#13;&#10;&#9;&#9;for (int i = 0; i &lt; colSize; i++) {&#13;&#10;&#9;&#9;&#9;for (int j = 0; j &lt; rowSize; j++) {&#13;&#10;&#9;&#9;&#9;&#9;can_place_object[i][j] = true;&#13;&#10;&#9;&#9;&#9;&#9;permanent_erosion[i][j] = false;&#13;&#10;&#9;&#9;&#9;}&#13;&#10;&#9;&#9;}&#13;&#10;&#9;}&#13;&#10;&#13;&#10;&#9;/*&#13;&#10;&#9; * Mary Each call there is a small chance a bank will erode, checks to see&#13;&#10;&#9; * if erosion has become permanent or if a buffer has died&#13;&#10;&#9; */&#13;&#10;&#9;public void update() {&#13;&#10;&#9;&#9;for(int i = 0; i &lt; objects.length ; i++){&#13;&#10;&#9;&#9;&#9;for(int j = 0; j &lt; objects[i].length; j++){&#13;&#10;&#9;&#9;&#9;&#9;if(objects[i][j] != null){&#13;&#10;&#9;&#9;&#9;&#9;&#9;objects[i][j].update();&#13;&#10;&#9;&#9;&#9;&#9;&#9;if(!objects[i][j].is_alive){&#13;&#10;&#9;&#9;&#9;&#9;&#9;&#9;objects[i][j] = null;&#13;&#10;&#9;&#9;&#9;&#9;&#9;&#9;can_place_object[i][j] = true;&#13;&#10;&#9;&#9;&#9;&#9;&#9;}&#13;&#10;&#9;&#9;&#9;&#9;&#9;if(objects[i][j] != null){&#13;&#10;&#9;&#9;&#9;&#9;&#9;&#9;if(objects[i][j].is_permanent){&#13;&#10;&#9;&#9;&#9;&#9;&#9;&#9;&#9;permanent_erosion[i][j] = true;&#13;&#10;&#9;&#9;&#9;&#9;&#9;&#9;}&#13;&#10;&#9;&#9;&#9;&#9;&#9;}&#13;&#10;&#9;&#9;&#9;&#9;}&#13;&#10;&#9;&#9;&#9;}&#13;&#10;&#9;&#9;}&#13;&#10;&#9;}&#13;&#10;}" Filename="RiverBank.java" Intrnl_Id="10"/>
<SrcFile Content="package group2.game;&#10;&#10;// Ben Gotthold&#10;// 4/3/13&#10;&#10;public class River extends RunningWater {&#10;&#10;&#9;public River() {&#10;&#9;&#9;position = river_position;&#10;&#9;&#9;water_width = (1);&#10;&#9;&#9;water_height = (1.0 / 5);&#10;&#9;}&#10;}&#10;" Filename="River.java" Intrnl_Id="11"/>
<SrcFile Content="package group2.game;&#10;&#10;/**&#10; * Stefan&#10; * 4/3/13&#10; */&#10;&#10;import java.awt.Color;&#10;import java.awt.Cursor;&#10;import java.awt.Dimension;&#10;import java.awt.Frame;&#10;import java.util.Random;&#10;&#10;import javax.swing.JFrame;&#10;&#10;public class RapidRunoffGame implements Runnable {&#10;&#10;&#9;public static void main(String[] args) {&#10;&#10;&#9;&#9;RapidRunoffGame game = new RapidRunoffGame();&#10;&#9;&#9;game.start();&#10;&#10;&#9;}&#10;&#10;&#9;Map map;&#10;&#9;ScoreData score_data;&#10;&#9;Quiz[] quiz_bank = new Quiz[20];&#10;&#9;InputHandler input_handler;&#10;&#9;Random rand = new Random();&#10;&#9;Player player;&#10;&#9;JFrame frame = new JFrame();&#10;&#9;DrawGame draw_game;&#10;&#9;SplashScreen splash_screen;&#10;&#9;GUIInput gui;&#10;&#9;&#10;&#9;public String name = &quot;Rappid Runoff&quot;;&#10;&#9;&#10;&#9;long start_time;&#10;&#9;long last_draw = start_time;&#10;&#9;long time_gap = 0;&#10;    long pause_time = 0;&#10;&#9;long feedbackStartTime = -1;&#10;&#9;&#10;    int update_count = 0;&#10;&#9;int game_time = 120000;&#10;&#9;&#10;&#9;public double screen_height;&#10;&#9;public double screen_width;&#10;&#9;&#10;&#9;&#10;&#9;public boolean paused = false;&#10;&#9;public boolean pause = true;&#10;&#9;public boolean time_running = true;&#10;&#9;public boolean game_running = true;&#10;&#9;public boolean score_up = false;&#10;&#9;public boolean quizMode = false;&#10;&#9;public boolean updates = true;&#10;&#9;public boolean quizFeedbackMode = false;&#10;&#9;public boolean home_screen; // True if we want home screen to be visible&#10;&#9;public boolean game_screen; // True if we are playing the game&#10;&#9;public boolean high_score_screen;// True if we are playing the game&#10;&#9;public boolean intro_screen; //True right before game play starts&#10;&#10;&#9;&#10;&#9;&#10;&#9;@SuppressWarnings(&quot;deprecation&quot;)&#10;&#9;public RapidRunoffGame() {&#10;&#10;&#9;&#9;this.splash_screen = new SplashScreen(this);&#10;&#9;&#9;this.home_screen = true; // We want to start at the home screen&#10;&#9;&#9;this.game_screen = false; // Only one of these 3 can be true at a time&#10;&#9;&#9;this.high_score_screen = false; // Only one of these 3 can be true at a&#10;&#9;&#9;&#9;&#9;&#9;&#9;&#9;&#9;&#9;&#9;// time&#10;&#9;&#9;this.intro_screen=false;&#10;&#10;&#9;&#9;frame.getContentPane().add(splash_screen);&#10;&#9;&#9;frame.setTitle(&quot;Rapid Runoff&quot;);&#10;&#9;&#9;frame.setIconImage(DrawGame.OilImage[0]);&#10;&#9;&#9;frame.setBackground(Color.WHITE);&#10;&#9;&#9;frame.setExtendedState(Frame.MAXIMIZED_BOTH);&#10;&#9;&#9;frame.setDefaultCloseOperation(JFrame.EXIT_ON_CLOSE);&#10;&#10;&#9;&#9;frame.setVisible(true);&#10;&#9;&#9;frame.setResizable(false);&#10;&#9;&#9;Dimension size = frame.getBounds().getSize();&#10;&#9;&#9;screen_width = size.getWidth();&#10;&#9;&#9;screen_height = size.getHeight();&#10;&#10;&#9;&#9;this.draw_game = new DrawGame(this);&#10;&#9;&#9;this.map = new Map(this);&#10;&#9;&#9;this.player = new Player();&#10;&#9;&#9;this.start_time = System.currentTimeMillis();&#10;&#9;&#9;this.input_handler = new InputHandler(this);&#10;&#9;&#9;addQuizzes();&#10;&#10;&#9;&#9;frame.getContentPane().remove(splash_screen);&#10;&#9;&#9;frame.getContentPane().add(draw_game);&#10;&#9;&#9;frame.setTitle(&quot;Rapid Runoff&quot;);&#10;&#9;&#9;frame.setIconImage(DrawGame.OilImage[0]);&#10;&#9;&#9;frame.setCursor(Cursor.HAND_CURSOR);&#10;&#9;&#9;frame.setBackground(Color.WHITE);&#10;&#9;&#9;frame.setExtendedState(Frame.MAXIMIZED_BOTH);&#10;&#9;&#9;frame.setDefaultCloseOperation(JFrame.EXIT_ON_CLOSE);&#10;&#9;&#9;frame.getContentPane().addMouseListener(input_handler);&#10;&#10;&#9;&#9;frame.setVisible(true);&#10;&#9;&#9;frame.setResizable(false);&#10;&#10;&#9;}&#10;&#10;&#9;private void addQuizzes() {&#10;&#9;&#9;&#10;&#9;&#9;quiz_bank[0] = StaticQuizes.quiz0;&#10;&#9;&#9;quiz_bank[1] = StaticQuizes.quiz1;&#10;&#9;&#9;quiz_bank[2] = StaticQuizes.quiz2;&#10;&#9;&#9;quiz_bank[3] = StaticQuizes.quiz3;&#10;&#9;&#9;quiz_bank[4] = StaticQuizes.quiz4;&#10;&#10;&#9;}&#10;&#10;&#9;public void highScoreGUI() {&#10;&#9;&#9;if (!score_up) {&#10;&#9;&#9;&#9;score_up = true;&#10;&#9;&#9;&#9;gui = new GUIInput(this);&#10;&#9;&#9;&#9;gui.createAndShowGUI();&#10;&#10;&#9;&#9;}&#10;&#9;}&#10;&#10;&#9;/**&#10;&#9; * Stefan pauses the game on next update(use this to pause and unpause)&#10;&#9; */&#10;&#9;public void pause_or_unpause() {&#10;&#9;&#9;pause = !pause;&#10;&#9;}&#10;&#10;&#9;/**&#10;&#9; * Stefan pauses the game&#10;&#9; */&#10;&#9;private void pauseGame() {&#10;&#9;&#9;paused = true;&#10;&#9;&#9;pause_time = System.nanoTime();&#10;&#9;&#9;while (pause) {&#10;&#9;&#9;&#9;System.gc();&#10;&#9;&#9;&#9;reDraw();&#10;&#9;&#9;&#9;try {&#10;&#9;&#9;&#9;&#9;Thread.sleep(1);&#10;&#9;&#9;&#9;} catch (InterruptedException e) {&#10;&#9;&#9;&#9;&#9;e.printStackTrace();&#10;&#9;&#9;&#9;}&#10;&#9;&#9;}&#10;&#9;&#9;pause_time = System.nanoTime() - pause_time;&#10;&#9;&#9;paused = false;&#10;&#9;}&#10;&#9;&#10;&#9;/**&#10;&#9; * Ben Gotthold re draws the game 30 times a seconds and after the timer&#10;&#9; * stopped&#10;&#9; */&#10;&#9;public void reDraw() {&#10;&#9;&#9;long now_time = System.currentTimeMillis();&#10;&#10;&#9;&#9;if (time_gap &gt; 33) { // this is the frequency of refresh&#10;&#9;&#9;&#9;last_draw = System.currentTimeMillis();&#10;&#9;&#9;&#9;draw_game.repaint();&#10;&#9;&#9;&#9;time_gap = 0;&#10;&#10;&#9;&#9;} else {&#10;&#9;&#9;&#9;time_gap = now_time - last_draw;&#10;&#10;&#9;&#9;}&#10;&#9;}&#10;&#10;&#9;/**&#10;&#9; * Stefan Contains the main loop of the game&#10;&#9; */&#10;&#9;@Override&#10;&#9;public void run() {&#10;&#10;&#9;&#9;long last_time = System.nanoTime();&#10;&#9;&#9;double unprocessed = 0;&#10;&#9;&#9;double ns_per_update = 1000000000.0 / 60;&#10;&#9;&#9;long last_time1 = System.currentTimeMillis();&#10;&#10;&#9;&#9;while (game_running) {&#10;&#9;&#9;&#9;// System.out.println(game_time);&#10;&#9;&#9;&#9;long now = System.nanoTime();&#10;&#9;&#9;&#9;unprocessed += (now - last_time) / ns_per_update;&#10;&#9;&#9;&#9;last_time = now;&#10;&#9;&#9;&#9;reDraw(); // ben - calls  redraw function&#10;&#9;&#9;&#9;while (unprocessed &gt;= 1) {&#10;&#9;&#9;&#9;&#9;update();&#10;&#9;&#9;&#9;&#9;unprocessed -= (pause_time / ns_per_update) + 1;&#10;&#9;&#9;&#9;&#9;last_time1 += pause_time / 1000000;&#10;&#9;&#9;&#9;&#9;pause_time = 0;&#10;&#9;&#9;&#9;}&#10;&#9;&#9;&#9;//background &#10;&#9;&#9;&#9;long now1 = System.currentTimeMillis();&#10;&#9;&#9;&#9;if (now1 - last_time1 &gt; 500) {&#10;&#9;&#9;&#9;&#9;draw_game.bg_count = (draw_game.bg_count + 1) % 3; &#10;&#9;&#9;&#9;&#9;game_time -= (now1 - last_time1);&#10;&#9;&#9;&#9;&#9;&#10;&#9;&#9;&#9;&#9;last_time1 = now1;&#10;&#9;&#9;&#9;}&#10;&#10;&#9;&#9;&#9;if (game_time &lt; 0) // ben - stop the time from being negative // but keep the game running&#9;&#10;&#9;&#9;&#9;&#9;game_time = 0;&#10;&#9;&#9;}&#10;&#9;}&#10;&#10;&#9;public void start() {&#10;&#9;&#9;time_running = true;&#10;&#9;&#9;new Thread(this).start();&#10;&#9;&#9;DrawGame.first_fert = false;&#10;&#9;&#9;DrawGame.first_oil = false;&#10;&#9;&#9;DrawGame.first_erosion_temp = false;&#10;&#9;&#9;DrawGame.first_erosion_per = false;&#10;&#9;&#9;DrawGame.first_powerup = false;&#10;&#9;&#9;DrawGame.first_quiz = false;&#10;&#9;}&#10;&#10;&#9;public void stop() {&#10;&#9;&#9;time_running = false;&#10;&#9;&#9;game_running = false;&#10;&#9;&#9;System.gc();&#10;&#9;}&#10;&#10;&#9;/**&#10;&#9; * Stefan updates all elements of the game&#10;&#9; */&#10;&#9;public void update() {&#10;&#9;&#9;update_count++;&#10;&#9;&#9;if (pause) {&#10;&#9;&#9;&#9;pauseGame();&#10;&#9;&#9;}&#10;&#9;&#9;if (game_time &lt;= 0) {&#10;&#9;&#9;&#9;highScoreGUI();&#10;&#9;&#9;&#9;time_running = false;&#10;&#9;&#9;} else {&#10;&#9;&#9;&#9;if (update_count % 300 == 0) {&#10;&#9;&#9;&#9;&#9;map.updateSpeed(game_time);&#10;&#9;&#9;&#9;}&#10;&#9;&#9;&#9;map.update();&#10;&#9;&#9;}&#10;&#9;}&#10;}&#10;" Filename="RapidRunoffGame.java" Intrnl_Id="12"/>
<SrcFile Content="package group2.game;&#10;&#10;public class Quiz {&#10;&#9;String question; // The question&#10;&#9;String[] choices = new String[4]; // Choices A,B,C, and D&#10;&#9;int answer; // Index of the correct answer in choices (0 = A, 1 = B, 2 = C,&#10;&#9;&#9;&#9;&#9;// 3 = D)&#10;&#9;public String feedback_string;&#10;&#9;boolean asked;&#10;&#9;Boolean answered_correctly = false;&#10;&#10;&#9;Quiz(String question, String[] choices, int answer) {&#10;&#9;&#9;this.question = question;&#10;&#9;&#9;for (int i = 0; i &lt; 4; i++) {&#10;&#9;&#9;&#9;this.choices[i] = choices[i];&#10;&#9;&#9;}&#10;&#9;&#9;this.answer = answer;&#10;&#9;&#9;this.asked = false;&#10;&#9;}&#10;&#10;&#9;/**&#10;&#9; * Will check to see whether or not the answer the player choose was correct&#10;&#9; * or not. I imagine this will probably be called when the powerup is on the&#10;&#9; * screen and the player picks their choice. This method will then be called&#10;&#9; * from powerup to check if the player was right or not, and then perform&#10;&#9; * its actions based on the response.&#10;&#9; */&#10;&#9;public boolean checkChoice(int choice) {&#10;&#9;&#9;if (choice != this.answer){&#10;&#9;&#9;&#9;feedback_string = &quot;Im sorry! Collect more polutants to try again.&quot;;&#10;&#9;&#9;&#9;return false;&#10;&#9;&#9;}&#10;&#9;&#9;else{&#10;&#9;&#9;&#9;feedback_string = &quot;Correct! The city has now passed a new law&quot;;&#10;&#9;&#9;&#9;answered_correctly = true;&#10;&#9;&#9;&#9;return true;&#10;&#9;&#9;}&#10;&#9;}&#10;&#10;}&#10;" Filename="Quiz.java" Intrnl_Id="13"/>
<SrcFile Content="package group2.game;&#10;&#10;import java.awt.Image;&#10;import java.awt.event.ActionEvent;&#10;import java.awt.event.ActionListener;&#10;&#10;import javax.swing.Timer;&#10;&#10;/**&#10; * Mary 4/4/13&#10; */&#10;public abstract class PowerUp {&#10;&#10;&#9;String text;&#10;&#9;Quiz quiz;&#10;&#9;long time = 15 * 1000;&#10;&#9;boolean deployed = false;&#10;&#9;boolean ready = false;&#10;&#9;String effect_string1;&#10;&#9;String effect_string2;&#10;&#9;&#10;&#10;&#9;Position position;&#10;&#10;&#9;RapidRunoffGame game;&#10;&#9;Image image;&#10;&#10;&#9;Timer timer = new Timer((int) time, new ActionListener() {&#10;&#9;&#9;@Override&#10;&#9;&#9;public void actionPerformed(ActionEvent evt) {&#10;&#9;&#9;&#9;deployed = false;&#10;&#9;&#9;&#9;timer.stop();&#10;&#9;&#9;}&#10;&#9;});&#10;&#10;&#9;PowerUp(Position position) {&#10;&#9;&#9;this.position = position;&#10;&#9;&#9;position.width = .07;&#10;&#9;&#9;position.height = .13;&#10;&#9;&#10;&#10;&#9;}&#10;&#10;&#9;/**&#10;&#9; * Mary checks if click is in range of powerUp&#10;&#9; */&#10;&#9;public boolean checkIfInPowerUp(double x, double y) {&#10;&#9;&#9;return x &gt;= position.x &amp;&amp; x &lt;= position.x + position.width&#10;&#9;&#9;&#9;&#9;&amp;&amp; y &gt;= position.y &amp;&amp; y &lt;= position.y + position.height;&#10;&#9;}&#10;&#10;&#9;/**&#10;&#9; * Mary Keeps powerUp deployed for 10 seconds&#10;&#9; */&#10;&#9;public void deployPowerUp() {&#10;&#9;&#9;if (ready) {&#10;&#9;&#9;&#9;DrawGame.first_powerup = true;&#10;&#9;&#9;&#9;deployed = true;&#10;&#9;&#9;&#9;ready = false;&#10;&#9;&#9;&#9;timer.start();&#10;&#9;&#9;&#10;&#10;&#9;&#9;}&#10;&#9;}&#10;&#9;&#10;&#9;&#10;}&#10;" Filename="PowerUp.java" Intrnl_Id="14"/>
<SrcFile Content="package group2.game;&#10;&#10;/**&#10; * Stefan 4/2/13&#10; */&#10;public class Position {&#10;&#9;double x;&#10;&#9;double y;&#10;&#9;double width;&#10;&#9;double height;&#10;&#10;&#9;Position(double x, double y) {&#10;&#9;&#9;this.x = x;&#10;&#9;&#9;this.y = y;&#10;&#9;}&#10;&#10;&#9;@Override&#10;&#9;public boolean equals(Object other) {&#10;&#9;&#9;if (((Position) other).x == this.x &amp;&amp; ((Position) other).y == this.y)&#10;&#9;&#9;&#9;return true;&#10;&#9;&#9;else&#10;&#9;&#9;&#9;return false;&#10;&#9;}&#10;&#10;&#9;public double getXPos() {&#10;&#9;&#9;return x;&#10;&#9;}&#10;&#10;&#9;public double getYPos() {&#10;&#9;&#9;return y;&#10;&#9;}&#10;&#10;&#9;@Override&#10;&#9;public int hashCode() {&#10;&#9;&#9;return 0;&#10;&#10;&#9;}&#10;&#10;&#9;public void setPosition(double x_new, double y_new) {&#10;&#9;&#9;x = x_new;&#10;&#9;&#9;y = y_new;&#10;&#10;&#9;}&#10;}" Filename="Position.java" Intrnl_Id="15"/>
<SrcFile Content="package group2.game;&#10;&#10;/**&#10; * Stefan 4/2/13&#10; */&#10;public class Player {&#10;&#10;&#9;ScoreData player_data;&#10;&#9;int players_rank;&#10;&#9;Score player_score = new Score(0, 0, 0, 0, 0);&#10;&#10;&#9;public void addScoreDataToList(String name, String date) {&#10;&#9;&#9;player_data = new ScoreData(name, player_score.game_score, date);&#10;&#9;&#9;player_data.addDataToList();&#10;&#9;}&#10;&#10;&#9;public int get_players_rank() {&#10;&#9;&#9;players_rank = player_data.getRank();&#10;&#9;&#9;return players_rank;&#10;&#9;}&#10;&#10;}&#10;" Filename="Player.java" Intrnl_Id="16"/>
<SrcFile Content="package group2.game;&#10;&#10;import java.awt.Color;&#10;&#10;/**&#10; * Joe 4/2/13&#10; */&#10;public class Oil extends WaterObjects {&#10;&#10;&#9;public Oil(Position p, RapidRunoffGame g, int s) {&#10;&#9;&#9;super(p, g, s);&#10;&#9;&#9;this.color = Color.BLACK;&#10;&#9;&#9;this.bin = game.map.oil_menu.bin;&#10;&#9;&#9;image = DrawGame.OilImage;&#10;&#9;&#9;this.id = &quot;o&quot;;&#10;&#10;&#9;}&#10;&#10;&#9;@Override&#10;&#9;public void update() {&#10;&#9;&#9;super.update();&#10;&#10;&#9;&#9;if (position.getXPos() &gt; 1.0) {&#10;&#9;&#9;&#9;is_alive = false;&#10;&#9;&#9;&#9;remove(false);&#10;&#9;&#9;&#9;game.player.player_score.incrementOilLost();&#10;&#9;&#9;&#9;System.out.println(game.player.player_score.oil_lost&#10;&#9;&#9;&#9;&#9;&#9;+ &quot; Oil lost so far.&quot;);&#10;&#9;&#9;}&#10;&#9;}&#10;&#10;&#9;public void increment() {&#10;&#9;&#9;game.player.player_score.incrementOil();&#10;&#9;}&#10;&#10;}" Filename="Oil.java" Intrnl_Id="17"/>
<SrcFile Content="package group2.game;&#10;&#10;// ben Gotthold&#10;&#10;// this is the class that powerups will inherit from&#10;// soon to be abstract&#10;&#10;public class MenuObject {&#10;&#10;&#9;Position position;&#10;&#9;double width = 1.0 / 11;&#10;&#9;double height = 1.0 / 5;&#10;&#10;&#9;public MenuObject(Position p) {&#10;&#9;&#9;this.position = p;&#10;&#9;}&#10;&#10;}&#10;" Filename="MenuObject.java" Intrnl_Id="18"/>
<SrcFile Content="package group2.game;&#10;&#10;import java.awt.Image;&#10;import java.util.ArrayList;&#10;&#10;// Ben Gotthold&#10;//4/3&#10;//this defines the class for the side menus they have a &#10;// position and a height and width and a function to add a&#10;// bin&#10;&#10;public class Menu {&#10;&#10;&#9;ArrayList&lt;MenuObject&gt; menu_objects;&#10;&#10;&#9;Position position;&#10;&#9;Image bin_image;&#10;&#9;Bin bin;&#10;&#10;&#9;public Menu(Position p, Image image) {&#10;&#9;&#9;this.menu_objects = new ArrayList&lt;MenuObject&gt;();&#10;&#9;&#9;this.position = p;&#10;&#9;&#9;position.width = (1.0 / 11);&#10;&#9;&#9;position.height = (1.0 / 2);&#10;&#9;&#9;this.bin_image = image;&#10;&#9;&#9;addBin();&#10;&#10;&#9;}&#10;&#10;&#9;public void addBin() {&#10;&#9;&#9;menu_objects = new ArrayList&lt;MenuObject&gt;();&#10;&#9;&#9;bin = new Bin(new Position(position.x + 1.0 / 5000, position.y * 2.9));&#10;&#9;&#9;menu_objects.add(bin);&#10;&#10;&#9;}&#10;&#10;}&#10;" Filename="Menu.java" Intrnl_Id="19"/>
<SrcFile Content="package group2.game;&#10;&#10;/**&#10; * Stefan&#10; * 4/3/13&#10; */&#10;import java.util.ArrayList;&#10;import java.util.Random;&#10;&#10;public class Map {&#10;&#10;&#9;RapidRunoffGame game;&#10;&#9;Random rand = new Random();&#10;&#9;int update_count = 0;&#10;&#9;int updates_object = 0;&#10;&#9;int updates_per_water_object = 150;&#10;&#9;int nextErode = rand.nextInt(300) + 600;&#10;&#9;int items_removed = 0;&#10;&#9;Menu fert_menu;&#10;&#9;Menu oil_menu;&#10;&#10;&#9;double[] start_positions = { 0.18, 0.49, 0.78 };&#10;&#10;&#9;ArrayList&lt;RiverBank&gt; river_banks;&#10;&#9;ArrayList&lt;RunningWater&gt; running_water;&#10;&#9;ArrayList&lt;WaterObjects&gt; water_objects;&#10;&#9;ArrayList&lt;Menu&gt; menus;&#10;&#9;ArrayList&lt;Buffer&gt; buffers;&#10;&#9;River river;&#10;&#9;City city;&#10;&#10;&#9;ArrayList&lt;PowerUp&gt; power_ups;&#10;&#10;&#9;public Map(RapidRunoffGame g) {&#10;&#9;&#9;this.game = g;&#10;&#9;&#9;water_objects = new ArrayList&lt;WaterObjects&gt;();&#10;&#9;&#9;addRiverBanks();&#10;&#9;&#9;addMenus();&#10;&#9;&#9;addStreams();&#10;&#9;&#9;addPowerUps();&#10;&#9;&#9;addBuffers();&#10;&#9;&#9;city = new City(game);&#10;&#9;}&#10;&#10;&#9;/**&#10;&#9; * Mary adds Buffers to map&#10;&#9; */&#10;&#9;public void addBuffers() {&#10;&#9;&#9;buffers = new ArrayList&lt;Buffer&gt;();&#10;&#9;&#9;int number_of_buffers = 12;&#10;&#9;&#9;&#10;&#9;&#9;for(int i = 0; i &lt; number_of_buffers; i++){&#10;&#9;&#9;&#9;buffers.add(new Buffer());&#10;&#9;&#9;}&#10;&#9;&#9;&#10;&#9;}&#10;&#10;&#9;public void addMenus() {&#10;&#9;&#9;menus = new ArrayList&lt;Menu&gt;();&#10;&#9;&#9;oil_menu = new Menu(new Position(1.0 / 100, (1.0 / 6)), DrawGame.Oil_Box);&#10;&#9;&#9;fert_menu = new Menu(new Position(.899, (1.0 / 6)), DrawGame.Fert_Box);&#10;&#9;&#9;menus.add(oil_menu);&#10;&#9;&#9;menus.add(fert_menu);&#10;&#9;}&#10;&#10;&#9;/**&#10;&#9; * &#10;&#9; * Mary adds powerUps to maps, top rectangle is broom and bottom is funnel&#10;&#9; */&#10;&#9;public void addPowerUps() {&#10;&#9;&#9;power_ups = new ArrayList&lt;PowerUp&gt;();&#10;&#9;&#9;power_ups.add(new Broom(new Position(.9, .22)));&#10;&#9;&#9;power_ups.add(new Funnel(new Position(.0142, .22)));&#10;&#10;&#9;}&#10;&#10;&#9;/**&#10;&#9; * Mason add the three river banks to our map&#10;&#9; */&#10;&#9;public void addRiverBanks() {&#10;&#9;&#9;river_banks = new ArrayList&lt;RiverBank&gt;();&#10;&#9;&#9;Position bank0 = new Position(.14, .67);&#10;&#9;&#9;Position bank1 = new Position(.33, .67);&#10;&#9;&#9;Position bank2 = new Position(.54, .67);&#10;&#9;&#9;Position bank3 = new Position(.76, .66);&#10;&#9;&#9;river_banks.add(new RiverBank(1, 2, bank0, .06, .15, 0));&#10;&#9;&#9;river_banks.add(new RiverBank(2, 2, bank1, .12, .15, 1));&#10;&#9;&#9;river_banks.add(new RiverBank(2, 2, bank2, .10, .15, 2));&#10;&#9;&#9;river_banks.add(new RiverBank(1, 2, bank3, .06, .15, 3));&#10;&#10;&#9;}&#10;&#10;&#9;public void addStreams() {&#10;&#9;&#9;running_water = new ArrayList&lt;RunningWater&gt;();&#10;&#9;&#9;running_water.add(new Stream(1));&#10;&#9;&#9;running_water.add(new Stream(2));&#10;&#9;&#9;running_water.add(new Stream(3));&#10;&#10;&#9;&#9;river = new River();&#10;&#9;&#9;running_water.add(river);&#10;&#9;}&#10;&#10;&#9;/**&#10;&#9; * Mary added code to stop oil/fertilizer from being spawned if funnel/broom&#10;&#9; * powerUp deployed&#10;&#9; */&#10;&#9;public void update() {&#10;&#9;&#9;update_count++;&#10;&#9;&#9;updates_object++;&#10;&#9;&#9;if (items_removed &gt;= 10) {&#10;&#9;&#9;&#9;items_removed = 0;&#10;&#9;&#9;&#9;int i = rand.nextInt(2);&#10;&#9;&#9;&#9;if(power_ups.get(i).ready){&#10;&#9;&#9;&#9;&#9;power_ups.get((i + 1) % 2).ready = true;&#10;&#9;&#9;&#9;}else{&#10;&#9;&#9;&#9;&#9;power_ups.get(i).ready = true;&#10;&#9;&#9;&#9;}&#10;&#9;&#9;}&#10;&#9;&#9;if (updates_object &gt;= updates_per_water_object) {&#10;&#9;&#9;&#9;updates_object = 0;&#10;&#9;&#9;&#9;double shift[] = { // shift amount to account for graphic&#10;&#9;&#9;&#9;&#9;&#9;(rand.nextInt(2) == 0) ? (rand.nextDouble() / 100) : -(rand&#10;&#9;&#9;&#9;&#9;&#9;&#9;&#9;.nextDouble() / 50), // stream 1&#10;&#9;&#9;&#9;&#9;&#9;(rand.nextInt(2) == 0) ? (rand.nextDouble() / 70) : -(rand&#10;&#9;&#9;&#9;&#9;&#9;&#9;&#9;.nextDouble() / 70), // stream 2&#10;&#9;&#9;&#9;&#9;&#9;(rand.nextInt(2) == 0) ? (rand.nextDouble() / 100) : -(rand&#10;&#9;&#9;&#9;&#9;&#9;&#9;&#9;.nextDouble() / 70) }; // stream 3&#10;&#9;&#9;&#9;int streamnumber = rand.nextInt(3);&#10;&#9;&#9;&#9;if (rand.nextInt(2) == 0) {&#10;&#9;&#9;&#9;&#9;if (!(power_ups.get(1)).deployed) {&#10;&#9;&#9;&#9;&#9;&#9;water_objects.add(new Oil(&#10;&#9;&#9;&#9;&#9;&#9;&#9;&#9;new Position(start_positions[streamnumber]&#10;&#9;&#9;&#9;&#9;&#9;&#9;&#9;&#9;&#9;+ shift[streamnumber], 0.25), game,&#10;&#9;&#9;&#9;&#9;&#9;&#9;&#9;streamnumber));&#10;&#9;&#9;&#9;&#9;}&#10;&#9;&#9;&#9;} else {&#10;&#9;&#9;&#9;&#9;if (!(power_ups.get(0)).deployed) {&#10;&#9;&#9;&#9;&#9;&#9;water_objects.add(new Fertilizer(&#10;&#9;&#9;&#9;&#9;&#9;&#9;&#9;new Position(start_positions[streamnumber]&#10;&#9;&#9;&#9;&#9;&#9;&#9;&#9;&#9;&#9;+ shift[streamnumber], 0.25), game,&#10;&#9;&#9;&#9;&#9;&#9;&#9;&#9;streamnumber));&#10;&#9;&#9;&#9;&#9;}&#10;&#9;&#9;&#9;}&#10;&#9;&#9;}&#10;&#9;&#9;for (int i = 0; i &lt; water_objects.size(); i++) {&#10;&#9;&#9;&#9;water_objects.get(i).update();&#10;&#9;&#9;}&#10;&#9;&#9;nextErode--;&#10;&#9;&#9;if (nextErode &lt; 0){&#10;&#9;&#9;&#9;nextErode = rand.nextInt(300) + 600;&#10;&#9;&#9;&#9;int i = 0;&#10;&#9;&#9;&#9;while(!river_banks.get(rand.nextInt(river_banks.size())).findErode() &amp;&amp; i &lt; 10){&#10;&#9;&#9;&#9;&#9;i++;&#10;&#9;&#9;&#9;}&#10;&#9;&#9;}&#10;&#9;&#9;for (int i = 0; i &lt; river_banks.size(); i++) {&#10;&#9;&#9;&#9;river_banks.get(i).update();&#10;&#9;&#9;}&#10;&#10;&#9;&#9;city.update();&#10;&#10;&#9;&#9;&#10;&#10;&#9;}&#10;&#10;&#9;/**&#10;&#9; * Stefan updates the speed at which objects are added to the game.&#10;&#9; */&#10;&#9;public void updateSpeed(int t) {&#10;&#9;&#9;updates_per_water_object = (int) (60 / (-0.000003 * t + .9));&#10;&#9;}&#10;}&#10;" Filename="Map.java" Intrnl_Id="20"/>
<SrcFile Content="package group2.game;&#10;&#10;import java.awt.event.KeyEvent;&#10;import java.awt.event.KeyListener;&#10;import java.awt.event.MouseEvent;&#10;import java.awt.event.MouseListener;&#10;import java.awt.event.MouseMotionListener;&#10;&#10;import javax.swing.JFrame;&#10;&#10;/**&#10; * Joe 4/2/13&#10; */&#10;&#10;public class InputHandler implements KeyListener, MouseMotionListener,&#10;&#9;&#9;MouseListener {&#10;&#10;&#9;RapidRunoffGame game;&#10;&#9;JFrame frame;&#10;&#9;WaterObjects currently_clicked = null;&#10;&#9;int powerupclicked = 0;&#10;&#9;Buffer buffer_clicked = null;&#10;&#10;&#9;public InputHandler(RapidRunoffGame g) {&#10;&#9;&#9;this.game = g;&#10;&#10;&#9;}&#10;&#10;&#9;@Override&#10;&#9;public void keyPressed(KeyEvent e) {&#10;&#9;}&#10;&#10;&#9;@Override&#10;&#9;public void keyReleased(KeyEvent e) {&#10;&#9;}&#10;&#10;&#9;@Override&#10;&#9;public void keyTyped(KeyEvent e) {&#10;&#9;}&#10;&#10;&#9;@Override&#10;&#9;public void mouseClicked(MouseEvent e) {&#10;&#10;&#9;}&#10;&#10;&#9;@Override&#10;&#9;public void mouseDragged(MouseEvent arg0) {&#10;&#10;&#9;}&#10;&#10;&#9;@Override&#10;&#9;public void mouseEntered(MouseEvent e) {&#10;&#10;&#9;}&#10;&#10;&#9;@Override&#10;&#9;public void mouseExited(MouseEvent e) {&#10;&#10;&#9;}&#10;&#10;&#9;@Override&#10;&#9;public void mouseMoved(MouseEvent arg0) {&#10;&#10;&#9;}&#10;&#10;&#9;@Override&#10;&#9;/**&#10;&#9; * Joe&#10;&#9; * Checks to see if we clicked on a WaterObject, and if we did, it will change the value&#10;&#9; * of its is_clicked attribute to true.  When a WaterObject is placed in the correct bin, it is removed from &#10;&#9; * the screen, and the Player attribute player_score is updated accordingly.  If a WaterObject is clicked on &#10;&#9; * and the next click is not in the correct bin, then its is_clicked will become false and &#10;&#9; * currently_clicked will become null, allowing for the next WaterObject to be selected.&#10;&#9; * &#10;&#9; * Mason&#10;&#9; * Took out code relating to an object already being clicked and added it to the mouseRelease event below.&#10;&#9; * &#10;&#9; * Mary&#10;&#9; * added a portion to check if a powerUp was clicked/if riverBank was clicked&#10;&#9; * &#10;&#9; * Steve&#10;&#9; * checks if powerup is pressed, if so initiate quizMode. if in quizMode accept input for the quiz only.&#10;&#9; * Mason&#10;&#9; * reorganize and bug cleanup&#10;&#9; */&#10;&#9;public void mousePressed(MouseEvent e) {&#10;&#10;&#9;&#9;double x = e.getX() / game.screen_width;&#10;&#9;&#9;double y = e.getY() / game.screen_height;&#10;&#9;&#9;System.out.println(&quot;(&quot; + x + &quot;,&quot; + y + &quot;)&quot;);&#10;&#9;&#9;if (game.game_screen) {&#10;&#9;&#9;&#9;if (game.game_time &lt;= 0) {&#10;&#9;&#9;&#9;&#9;if (x &gt;= 0.25 &amp;&amp; x &lt;= 0.45 &amp;&amp; y &gt;= 0.55 &amp;&amp; y &lt;= 0.75) {&#10;&#9;&#9;&#9;&#9;&#9;game.frame.dispose();&#10;&#9;&#9;&#9;&#9;&#9;new RapidRunoffGame().start();&#10;&#9;&#9;&#9;&#9;&#9;System.gc();&#10;&#9;&#9;&#9;&#9;}&#10;&#9;&#9;&#9;}&#10;&#9;&#9;&#9;&#10;&#9;&#9;&#9;&#10;&#9;&#9;&#9;if (game.quizMode) {&#10;&#9;&#9;&#9;&#9;// CHOICE A&#10;&#9;&#9;&#9;&#9;if (x &gt; .29 &amp;&amp; x &lt; (.29 + 0.033) &amp;&amp; y &gt; .28&#10;&#9;&#9;&#9;&#9;&#9;&#9;&amp;&amp; y &lt; (.28 + 0.033)) {&#10;&#9;&#9;&#9;&#9;&#9;if (game.map.power_ups.get(powerupclicked).quiz&#10;&#9;&#9;&#9;&#9;&#9;&#9;&#9;.checkChoice(0)) {&#10;&#9;&#9;&#9;&#9;&#9;&#9;game.map.power_ups.get(powerupclicked).deployPowerUp();&#10;&#9;&#9;&#9;&#9;&#9;&#9;game.map.power_ups.get(powerupclicked).quiz.asked = true;&#10;&#9;&#9;&#9;&#9;&#9;&#9;game.quizMode = false;&#10;&#9;&#9;&#9;&#9;&#9;&#9;game.quizFeedbackMode = true;&#10;&#9;&#9;&#9;&#9;&#9;&#9;DrawGame.first_quiz=true;&#10;&#9;&#9;&#9;&#9;&#9;} else {&#10;&#9;&#9;&#9;&#9;&#9;&#9;game.map.power_ups.get(powerupclicked).ready = false;&#10;&#9;&#9;&#9;&#9;&#9;&#9;game.map.power_ups.get(powerupclicked).quiz.asked = true;&#10;&#9;&#9;&#9;&#9;&#9;&#9;game.quizMode = false;&#10;&#9;&#9;&#9;&#9;&#9;&#9;game.quizFeedbackMode = true;&#10;&#9;&#9;&#9;&#9;&#9;&#9;DrawGame.first_quiz=true;&#10;&#9;&#9;&#9;&#9;&#9;}&#10;&#9;&#9;&#9;&#9;}&#10;&#9;&#9;&#9;&#9;// CHOICE B&#10;&#9;&#9;&#9;&#9;if (x &gt; .29 &amp;&amp; x &lt; (.29 + 0.033) &amp;&amp; y &gt; .4 &amp;&amp; y &lt; (.4 + 0.033)) {&#10;&#9;&#9;&#9;&#9;&#9;if (game.map.power_ups.get(powerupclicked).quiz&#10;&#9;&#9;&#9;&#9;&#9;&#9;&#9;.checkChoice(1)) {&#10;&#9;&#9;&#9;&#9;&#9;&#9;game.map.power_ups.get(powerupclicked).deployPowerUp();&#10;&#9;&#9;&#9;&#9;&#9;&#9;game.map.power_ups.get(powerupclicked).quiz.asked = true;&#10;&#9;&#9;&#9;&#9;&#9;&#9;game.quizMode = false;&#10;&#9;&#9;&#9;&#9;&#9;&#9;game.quizFeedbackMode = true;&#10;&#9;&#9;&#9;&#9;&#9;&#9;DrawGame.first_quiz=true;&#10;&#9;&#9;&#9;&#9;&#9;} else {&#10;&#9;&#9;&#9;&#9;&#9;&#9;game.map.power_ups.get(powerupclicked).ready = false;&#10;&#9;&#9;&#9;&#9;&#9;&#9;game.map.power_ups.get(powerupclicked).quiz.asked = true;&#10;&#9;&#9;&#9;&#9;&#9;&#9;game.quizMode = false;&#10;&#9;&#9;&#9;&#9;&#9;&#9;game.quizFeedbackMode = true;&#10;&#9;&#9;&#9;&#9;&#9;&#9;DrawGame.first_quiz=true;&#10;&#9;&#9;&#9;&#9;&#9;}&#10;&#9;&#9;&#9;&#9;}&#10;&#9;&#9;&#9;&#9;// CHOICE C&#10;&#9;&#9;&#9;&#9;if (x &gt; .29 &amp;&amp; x &lt; (.29 + .033) &amp;&amp; y &gt; .52 &amp;&amp; y &lt; (.52 + .033)) {&#10;&#9;&#9;&#9;&#9;&#9;if (game.map.power_ups.get(powerupclicked).quiz&#10;&#9;&#9;&#9;&#9;&#9;&#9;&#9;.checkChoice(2)) {&#10;&#9;&#9;&#9;&#9;&#9;&#9;game.map.power_ups.get(powerupclicked).deployPowerUp();&#10;&#9;&#9;&#9;&#9;&#9;&#9;game.map.power_ups.get(powerupclicked).quiz.asked = true;&#10;&#9;&#9;&#9;&#9;&#9;&#9;game.quizMode = false;&#10;&#9;&#9;&#9;&#9;&#9;&#9;game.quizFeedbackMode = true;&#10;&#9;&#9;&#9;&#9;&#9;&#9;DrawGame.first_quiz=true;&#10;&#9;&#9;&#9;&#9;&#9;} else {&#10;&#9;&#9;&#9;&#9;&#9;&#9;game.map.power_ups.get(powerupclicked).ready = false;&#10;&#9;&#9;&#9;&#9;&#9;&#9;game.map.power_ups.get(powerupclicked).quiz.asked = true;&#10;&#9;&#9;&#9;&#9;&#9;&#9;game.quizMode = false;&#10;&#9;&#9;&#9;&#9;&#9;&#9;game.quizFeedbackMode = true;&#10;&#9;&#9;&#9;&#9;&#9;&#9;DrawGame.first_quiz=true;&#10;&#9;&#9;&#9;&#9;&#9;}&#10;&#9;&#9;&#9;&#9;}&#10;&#9;&#9;&#9;&#9;// CHOICE D&#10;&#9;&#9;&#9;&#9;if (x &gt; .29 &amp;&amp; x &lt; (.29 + .033) &amp;&amp; y &gt; .64 &amp;&amp; y &lt; (.64 + .033)) {&#10;&#9;&#9;&#9;&#9;&#9;if (game.map.power_ups.get(powerupclicked).quiz&#10;&#9;&#9;&#9;&#9;&#9;&#9;&#9;.checkChoice(3)) {&#10;&#9;&#9;&#9;&#9;&#9;&#9;game.map.power_ups.get(powerupclicked).deployPowerUp();&#10;&#9;&#9;&#9;&#9;&#9;&#9;game.map.power_ups.get(powerupclicked).quiz.asked = true;&#10;&#9;&#9;&#9;&#9;&#9;&#9;game.quizMode = false;&#9;&#10;&#9;&#9;&#9;&#9;&#9;&#9;game.quizFeedbackMode = true;&#10;&#9;&#9;&#9;&#9;&#9;&#9;DrawGame.first_quiz=true;&#10;&#9;&#9;&#9;&#9;&#9;} else {&#10;&#9;&#9;&#9;&#9;&#9;&#9;game.map.power_ups.get(powerupclicked).ready = false;&#10;&#9;&#9;&#9;&#9;&#9;&#9;game.map.power_ups.get(powerupclicked).quiz.asked = true;&#10;&#9;&#9;&#9;&#9;&#9;&#9;game.quizMode = false;&#10;&#9;&#9;&#9;&#9;&#9;&#9;game.quizFeedbackMode = true;&#10;&#9;&#9;&#9;&#9;&#9;&#9;DrawGame.first_quiz=true;&#10;&#9;&#9;&#9;&#9;&#9;}&#10;&#9;&#9;&#9;&#9;}&#10;&#9;&#9;&#9;} else if (x &gt;= 0.02 &amp;&amp; x &lt;= 0.04 &amp;&amp; y &gt;= 0.02 &amp;&amp; y &lt;= 0.053&#10;&#9;&#9;&#9;&#9;&#9;&amp;&amp; !game.quizMode) {&#10;&#9;&#9;&#9;&#9;game.pause_or_unpause();&#13;&#10;&#9;&#9;&#9;} else {&#10;&#9;&#9;&#9;&#9;if(!game.paused &amp;&amp; !game.score_up){&#10;&#9;&#9;&#9;&#9;&#9;if (currently_clicked == null) {&#10;&#9;&#9;&#9;&#9;&#9;&#9;for (int i = 0; i &lt; game.map.power_ups.size(); i++) {&#10;&#9;&#9;&#9;&#9;&#9;&#9;&#9;PowerUp clicked = game.map.power_ups.get(i);&#10;&#9;&#9;&#9;&#9;&#9;&#9;&#9;if (clicked.checkIfInPowerUp(x, y) &amp;&amp; clicked.ready) {&#10;&#9;&#9;&#9;&#9;&#9;&#9;&#9;&#9;powerupclicked = i;&#10;&#9;&#9;&#9;&#9;&#9;&#9;&#9;&#9;game.quizMode = true;&#10;&#9;&#9;&#9;&#9;&#9;&#9;&#9;&#9;game.feedbackStartTime = -1;&#10;&#9;&#9;&#9;&#9;&#9;&#9;&#9;&#9;if (!game.pause) {&#10;&#9;&#9;&#9;&#9;&#9;&#9;&#9;&#9;&#9;game.pause_or_unpause();&#10;&#9;&#9;&#9;&#9;&#9;&#9;&#9;&#9;}&#10;&#9;&#9;&#9;&#9;&#9;&#9;&#9;&#9;game.draw_game.repaint();&#10;&#9;&#9;&#9;&#9;&#9;&#9;&#9;&#9;break;&#10;&#9;&#9;&#9;&#9;&#9;&#9;&#9;}&#10;&#9;&#9;&#9;&#9;&#9;&#9;}&#10;&#9;&#9;&#9;&#9;&#9;&#9;for (WaterObjects o : game.map.water_objects) {&#10;&#9;&#9;&#9;&#9;&#9;&#9;&#9;if (o.checkClickRange(x, y)) {&#10;&#9;&#9;&#9;&#9;&#9;&#9;&#9;&#9;if (currently_clicked != null)&#10;&#9;&#9;&#9;&#9;&#9;&#9;&#9;&#9;&#9;currently_clicked.is_clicked = false;&#10;&#9;&#9;&#9;&#9;&#9;&#9;&#9;&#9;currently_clicked = o;&#10;&#9;&#9;&#9;&#9;&#9;&#9;&#9;&#9;o.is_clicked = true;&#10;&#9;&#9;&#9;&#9;&#9;&#9;&#9;&#9;break;&#10;&#9;&#9;&#9;&#9;&#9;&#9;&#9;}&#10;&#9;&#9;&#9;&#9;&#9;&#9;}&#10;&#9;&#9;&#9;&#9;&#9;&#9;for (Buffer b : game.map.buffers) {&#10;&#9;&#9;&#9;&#9;&#9;&#9;&#9;if (b.checkIfInBuffer(x, y)) {&#10;&#9;&#9;&#9;&#9;&#9;&#9;&#9;&#9;System.out.println(&quot;buffer&quot;);&#10;&#9;&#9;&#9;&#9;&#9;&#9;&#9;&#9;if (buffer_clicked != null)&#10;&#9;&#9;&#9;&#9;&#9;&#9;&#9;&#9;&#9;buffer_clicked.is_clicked = false;&#10;&#9;&#9;&#9;&#9;&#9;&#9;&#9;&#9;buffer_clicked = b;&#10;&#9;&#9;&#9;&#9;&#9;&#9;&#9;&#9;b.is_clicked = true;&#10;&#9;&#9;&#9;&#9;&#9;&#9;&#9;&#9;break;&#10;&#9;&#9;&#9;&#9;&#9;&#9;&#9;}&#10;&#9;&#9;&#9;&#9;&#9;&#9;}&#10;&#9;&#9;&#9;&#9;&#9;}&#10;&#9;&#9;&#9;&#9;}&#10;&#9;&#9;&#9;}&#10;&#9;&#9;} else if (game.home_screen) {&#10;&#9;&#9;&#9;if (x &gt;= 0.38 &amp;&amp; x &lt;= 0.54 &amp;&amp; y &gt;= 0.86 &amp;&amp; y &lt;= 0.91) {&#10;&#9;&#9;&#9;&#9;game.home_screen = false;&#10;&#9;&#9;&#9;&#9;game.intro_screen = true;&#10;&#9;&#9;&#9;} else if (x &gt;= 0.72 &amp;&amp; x &lt;= 0.95 &amp;&amp; y &gt;= 0.90 &amp;&amp; y &lt;= 0.96) {&#10;&#9;&#9;&#9;&#9;game.home_screen = false;&#10;&#9;&#9;&#9;&#9;game.high_score_screen = true;&#10;&#9;&#9;&#9;&#9;game.draw_game.repaint();&#10;&#9;&#9;&#9;}&#10;&#9;&#9;} else if (game.high_score_screen) {&#10;&#9;&#9;&#9;if (x &gt;= 0.06 &amp;&amp; x &lt;= 0.19 &amp;&amp; y &gt;= 0.73 &amp;&amp; y &lt;= 0.82) {&#10;&#9;&#9;&#9;&#9;game.home_screen = true;&#10;&#9;&#9;&#9;&#9;game.high_score_screen = false;&#10;&#9;&#9;&#9;&#9;game.draw_game.repaint();&#10;&#9;&#9;&#9;}&#10;&#9;&#9;}&#10;&#9;&#9;else if (game.intro_screen){&#10;&#9;&#9;&#9;if (x &gt;= 0.42 &amp;&amp; x &lt;= 0.57 &amp;&amp; y &gt;= 0.5 &amp;&amp; y &lt;= 0.65){&#10;&#9;&#9;&#9;&#9;game.intro_screen=false;&#10;&#9;&#9;&#9;&#9;game.game_screen=true;&#10;&#9;&#9;&#9;&#9;game.pause_or_unpause();&#10;&#9;&#9;&#9;}&#10;&#9;&#9;}&#10;&#9;}&#10;&#10;&#9;@Override&#10;&#9;/**&#10;&#9; * Mason&#10;&#9; * This method is to allow the user to drag the water object to it's respective bin. If the&#10;&#9; * mouse is released over the correct bin, the user gains points and the object disappears.&#10;&#9; * If the mouse is released any place other than the right bin, the object will return to it's&#10;&#9; * previous position. Uses above method as framework.&#10;&#9; */&#10;&#9;public void mouseReleased(MouseEvent e) {&#10;&#9;&#9;double x = e.getX() / game.screen_width;&#10;&#9;&#9;double y = e.getY() / game.screen_height;&#10;&#9;&#9;if (currently_clicked != null) {&#10;&#9;&#9;&#9;if (currently_clicked.checkIfInBin(x, y)&#10;&#9;&#9;&#9;&#9;&#9;&amp;&amp; currently_clicked.is_alive) {&#10;&#9;&#9;&#9;&#9;currently_clicked.increment();&#10;&#9;&#9;&#9;&#9;game.map.items_removed++;&#10;&#9;&#9;&#9;&#9;currently_clicked.is_alive = false;&#10;&#9;&#9;&#9;&#9;currently_clicked.remove(true);&#10;&#9;&#9;&#9;&#9;currently_clicked = null;&#10;&#9;&#9;&#9;} else {&#10;&#9;&#9;&#9;&#9;currently_clicked.is_clicked = false;&#10;&#9;&#9;&#9;&#9;currently_clicked = null;&#10;&#9;&#9;&#9;}&#10;&#9;&#9;&#9;return;&#10;&#9;&#9;} else if (buffer_clicked != null) {&#10;&#9;&#9;&#9;for (RiverBank r : game.map.river_banks) {&#10;&#9;&#9;&#9;&#9;if (r.checkIfInBank(x, y) &gt; -1) {&#10;&#9;&#9;&#9;&#9;&#9;System.out.println(&quot;in bank&quot;);&#10;&#9;&#9;&#9;&#9;&#9;Position p = r.checkCoordinates(x, y);&#10;&#9;&#9;&#9;&#9;&#9;r.addBuffer(buffer_clicked, (int)p.getXPos(), (int)p.getYPos());&#10;&#9;&#9;&#9;&#9;&#9;buffer_clicked.bank = r;&#10;&#9;&#9;&#9;&#9;&#9;game.map.buffers.remove(0);&#10;&#9;&#9;&#9;&#9;&#9;buffer_clicked.is_clicked = false;&#10;&#9;&#9;&#9;&#9;&#9;buffer_clicked.deployBuffer();&#10;&#9;&#9;&#9;&#9;&#9;buffer_clicked = null;&#10;&#9;&#9;&#9;&#9;&#9;return;&#10;&#9;&#9;&#9;&#9;}&#10;&#10;&#9;&#9;&#9;}&#10;&#9;&#9;&#9;buffer_clicked.is_clicked = false;&#10;&#9;&#9;&#9;buffer_clicked = null;&#10;&#9;&#9;&#9;return;&#10;&#9;&#9;}&#10;&#10;&#9;}&#10;}&#10;" Filename="InputHandler.java" Intrnl_Id="21"/>
<SrcFile Content="package group2.game;&#10;&#10;import java.io.BufferedReader;&#10;import java.io.BufferedWriter;&#10;import java.io.File;&#10;import java.io.FileNotFoundException;&#10;import java.io.FileReader;&#10;import java.io.FileWriter;&#10;import java.io.IOException;&#10;import java.io.Writer;&#10;import java.util.ArrayList;&#10;&#10;public class HighScoreList {&#10;&#10;&#9;// where the game can find the score data&#10;&#9;static ArrayList&lt;ScoreData&gt; scores;&#10;&#10;&#9;// puts core into score list in order and then calls the write function to&#10;&#9;// save the scores.&#10;&#9;public static void addScore(ScoreData new_data) {&#10;&#9;&#9;int rank = 0;&#10;&#9;&#9;getScores();&#10;&#10;&#9;&#9;// no scores in list add to front&#10;&#9;&#9;if (scores.size() == 0) {&#10;&#9;&#9;&#9;new_data.rank = 0;&#10;&#9;&#9;&#9;scores.add(new_data);&#10;&#9;&#9;&#9;writeScore();&#10;&#9;&#9;&#9;return;&#10;&#10;&#9;&#9;}&#10;&#9;&#9;// else add to correct spot;&#10;&#9;&#9;else {&#10;&#9;&#9;&#9;for (ScoreData score : scores) {&#10;&#9;&#9;&#9;&#9;if (new_data.score &gt;= score.score) {&#10;&#9;&#9;&#9;&#9;&#9;score.rank = rank;&#10;&#9;&#9;&#9;&#9;&#9;scores.add(rank, new_data);&#10;&#9;&#9;&#9;&#9;&#9;writeScore();&#10;&#9;&#9;&#9;&#9;&#9;return;&#10;&#9;&#9;&#9;&#9;} else {&#10;&#9;&#9;&#9;&#9;&#9;rank++;&#10;&#9;&#9;&#9;&#9;}&#10;&#9;&#9;&#9;}&#10;&#10;&#9;&#9;&#9;// add to end if lowest score;&#10;&#9;&#9;&#9;new_data.rank = rank;&#10;&#9;&#9;&#9;scores.add(new_data);&#10;&#9;&#9;&#9;writeScore();&#10;&#9;&#9;}&#10;&#9;}&#10;&#10;&#9;public static ArrayList&lt;ScoreData&gt; getScores() {&#10;&#9;&#9;scores = new ArrayList&lt;ScoreData&gt;();&#10;&#9;&#9;File file = new File(&quot;src/group2/game/ScoreList.txt&quot;); // file name&#10;&#9;&#9;StringBuilder contents = new StringBuilder();&#10;&#9;&#9;BufferedReader reader = null;&#10;&#10;&#9;&#9;try {&#10;&#9;&#9;&#9;reader = new BufferedReader(new FileReader(file));&#10;&#9;&#9;&#9;String text = null;&#10;&#10;&#9;&#9;&#9;// make a new score data from each line and insert it into&#10;&#9;&#9;&#9;// the arrylist, repeat until all lines all lines are read&#10;&#9;&#9;&#9;while ((text = reader.readLine()) != null) {&#10;&#9;&#9;&#9;&#9;String str[] = text.split(&quot;,&quot;);&#10;&#9;&#9;&#9;&#9;ScoreData d = new ScoreData(str[0], Double.parseDouble(str[1]),&#10;&#9;&#9;&#9;&#9;&#9;&#9;str[2]);&#10;&#9;&#9;&#9;&#9;d.rank = Integer.parseInt(str[3]);&#10;&#9;&#9;&#9;&#9;scores.add(d);&#10;&#9;&#9;&#9;&#9;contents.append(text).append(&#10;&#9;&#9;&#9;&#9;&#9;&#9;System.getProperty(&quot;line.separator&quot;));&#10;&#10;&#9;&#9;&#9;}&#10;&#9;&#9;} catch (IOException e) {&#10;&#9;&#9;&#9;e.printStackTrace();&#10;&#9;&#9;} finally {&#10;&#9;&#9;&#9;try {&#10;&#9;&#9;&#9;&#9;if (reader != null) {&#10;&#9;&#9;&#9;&#9;&#9;reader.close();&#10;&#9;&#9;&#9;&#9;}&#10;&#9;&#9;&#9;} catch (IOException e) {&#10;&#9;&#9;&#9;&#9;e.printStackTrace();&#10;&#9;&#9;&#9;}&#10;&#9;&#9;}&#10;&#10;&#9;&#9;return scores;&#10;&#9;}&#10;&#10;&#9;private static void writeScore() {&#10;&#10;&#9;&#9;Writer writer = null;&#10;&#10;&#9;&#9;try {&#10;&#9;&#9;&#9;// clears list for rewrite&#10;&#9;&#9;&#9;File file_old = new File(&quot;src/group2/game/ScoreList.txt&quot;);&#10;&#9;&#9;&#9;file_old.delete();&#10;&#10;&#9;&#9;&#9;File file = new File(&quot;src/group2/game/ScoreList.txt&quot;);&#10;&#9;&#9;&#9;writer = new BufferedWriter(new FileWriter(file));&#10;&#10;&#9;&#9;&#9;// for all the scores in the high score list&#10;&#9;&#9;&#9;int rank = 0;&#10;&#9;&#9;&#9;for (ScoreData score : scores) {&#10;&#9;&#9;&#9;&#9;String text = score.toString() + &quot;,&quot; + rank;&#10;&#9;&#9;&#9;&#9;; // append the rank&#10;&#9;&#9;&#9;&#9;writer.write(text); // write the scoredata separated by commas&#10;&#9;&#9;&#9;&#9;writer.write(&quot;\r\n&quot;); // new line&#10;&#9;&#9;&#9;&#9;rank++;&#10;&#9;&#9;&#9;}&#10;&#10;&#9;&#9;} catch (FileNotFoundException e) {&#10;&#9;&#9;&#9;e.printStackTrace();&#10;&#9;&#9;} catch (IOException e) {&#10;&#9;&#9;&#9;e.printStackTrace();&#10;&#9;&#9;} finally {&#10;&#9;&#9;&#9;try {&#10;&#9;&#9;&#9;&#9;if (writer != null) {&#10;&#9;&#9;&#9;&#9;&#9;writer.close();&#10;&#9;&#9;&#9;&#9;}&#10;&#9;&#9;&#9;} catch (IOException e) {&#10;&#9;&#9;&#9;&#9;e.printStackTrace();&#10;&#9;&#9;&#9;}&#10;&#9;&#9;}&#10;&#9;}&#10;&#10;}&#10;" Filename="HighScoreList.java" Intrnl_Id="22"/>
<SrcFile Content="package group2.game;&#10;&#10;import java.awt.Color;&#10;import java.awt.GridBagConstraints;&#10;import java.awt.event.ActionEvent;&#10;import java.awt.event.ActionListener;&#10;import java.util.Date;&#10;&#10;import javax.swing.JFrame;&#10;import javax.swing.JPanel;&#10;import javax.swing.JTextField;&#10;import javax.swing.WindowConstants;&#10;&#10;public class GUIInput extends JPanel implements ActionListener {&#10;&#9;/**&#10;&#9; * &#10;&#9; */&#10;&#9;private static final long serialVersionUID = 1L;&#10;&#9;JTextField textField;&#10;&#9;public static JFrame frame = new JFrame(&quot;High Score! Enter Name&quot;);&#10;&#10;&#9;RapidRunoffGame game;&#10;&#10;&#9;public GUIInput(RapidRunoffGame g) {&#10;&#9;&#9;super();&#10;&#9;&#9;this.game = g;&#10;&#10;&#9;&#9;textField = new JTextField(20);&#10;&#9;&#9;textField.addActionListener(this);&#10;&#10;&#9;&#9;// Add Components to this panel.&#10;&#9;&#9;GridBagConstraints c = new GridBagConstraints();&#10;&#9;&#9;c.gridwidth = GridBagConstraints.REMAINDER;&#10;&#10;&#9;&#9;c.fill = GridBagConstraints.HORIZONTAL;&#10;&#9;&#9;add(textField, c);&#10;&#10;&#9;&#9;c.fill = GridBagConstraints.BOTH;&#10;&#9;&#9;c.weightx = 1.0;&#10;&#9;&#9;c.weighty = 1.0;&#10;&#10;&#9;}&#10;&#10;&#9;@Override&#10;&#9;public void actionPerformed(ActionEvent evt) {&#10;&#10;&#9;&#9;String text = textField.getText();&#10;&#9;&#9;// textArea.append(text + newline);&#10;&#9;&#9;ScoreData pd = new ScoreData(text, game.player.player_score.game_score,&#10;&#9;&#9;&#9;&#9;new Date().toString().substring(4, 11));&#10;&#9;&#9;game.player.player_data = pd;&#10;&#9;&#9;pd.addDataToList();&#10;&#10;&#9;&#9;frame.dispose();&#10;&#10;&#9;}&#10;&#10;&#9;/**&#10;&#9; * Create the GUI and show it. For thread safety, this method should be&#10;&#9; * invoked from the event dispatch thread.&#10;&#9; */&#10;&#9;public void createAndShowGUI() {&#10;&#9;&#9;// Create and set up the window.&#10;&#10;&#9;&#9;frame.setBackground(Color.GRAY);&#10;&#9;&#9;// frame.setLocation((int)(game.screen_width*.25),(int)(game.screen_height*.25));&#10;&#9;&#9;frame.setDefaultCloseOperation(WindowConstants.DISPOSE_ON_CLOSE);&#10;&#9;&#9;frame.setAlwaysOnTop(true);&#10;&#10;&#9;&#9;frame.setBounds((int) (game.screen_width * .55),&#10;&#9;&#9;&#9;&#9;(int) (game.screen_height * .4),&#10;&#9;&#9;&#9;&#9;(int) (game.screen_width * .5), (int) (game.screen_height * .5));&#10;&#10;&#9;&#9;// Add contents to the window.&#10;&#9;&#9;frame.add(this);&#10;&#10;&#9;&#9;// Display the window.&#10;&#9;&#9;frame.pack();&#10;&#9;&#9;frame.setAlwaysOnTop(true);&#10;&#9;&#9;frame.setVisible(true);&#10;&#9;}&#10;&#10;}&#10;" Filename="GUIInput.java" Intrnl_Id="23"/>
<SrcFile Content="package group2.game;&#10;&#10;/**&#10; * Mary 4/4/13&#10; */&#10;public class Funnel extends PowerUp {&#10;&#10;&#9;Funnel(Position position) {&#10;&#9;&#9;super(position);&#10;&#10;&#9;&#9;text = &quot;FUNNEL&quot;;&#10;&#9;&#9;image = DrawGame.Funnel;&#10;&#9;&#9;effect_string1 = &quot;requiring citizens to crorectly despose of oil!&quot;;&#10;&#9;&#9;effect_string2 = &quot;Runoff should be free of oil for 10 seconds.&quot;;&#10;&#9;}&#10;&#10;}&#10;" Filename="Funnel.java" Intrnl_Id="24"/>
<SrcFile Content="package group2.game;&#10;&#10;import java.awt.Color;&#10;&#10;/**&#10; * Joe 4/2/13&#10; */&#10;public class Fertilizer extends WaterObjects {&#10;&#10;&#9;public Fertilizer(Position p, RapidRunoffGame g, int s) {&#10;&#9;&#9;super(p, g, s);&#10;&#9;&#9;this.color = Color.GREEN;&#10;&#9;&#9;this.bin = game.map.fert_menu.bin;&#10;&#9;&#9;image = DrawGame.FertImage;&#10;&#9;&#9;this.id = &quot;f&quot;;&#10;&#10;&#9;}&#10;&#10;&#9;@Override&#10;&#9;public void update() {&#10;&#9;&#9;super.update();&#10;&#10;&#9;&#9;if (position.getXPos() &gt; 1.0) {&#10;&#9;&#9;&#9;is_alive = false;&#10;&#9;&#9;&#9;remove(false);&#10;&#9;&#9;&#9;game.player.player_score.incrementFertilizerLost();&#10;&#9;&#9;&#9;System.out.println(game.player.player_score.fertilizer_lost&#10;&#9;&#9;&#9;&#9;&#9;+ &quot; Fertilizer lost so far.&quot;);&#10;&#9;&#9;}&#10;&#9;}&#10;&#10;&#9;public void increment() {&#10;&#9;&#9;game.player.player_score.incrementFertilizer();&#10;&#9;}&#10;}" Filename="Fertilizer.java" Intrnl_Id="25"/>
<SrcFile Content="package group2.game;&#10;&#10;public class Erosion extends RiverBankObjects{&#10;&#10;&#9;&#10;&#9;boolean eroding = true;&#10;&#9;long time = 10 * 60;&#10;&#9;int cur_image;&#10;&#9;int updates;&#10;&#10;&#9;Erosion(RiverBank inputBank, Position inputPosition) {&#10;&#9;&#9;this.is_permanent = false;&#10;&#9;&#9;this.is_alive = true;&#10;&#9;&#9;this.ID = &quot;Erosion&quot;;&#10;&#9;&#9;this.bank = inputBank;&#10;&#9;&#9;this.position = inputPosition;&#10;&#9;&#9;System.out.println(&quot;erode at &quot; + position.getXPos() + &quot;,&quot; + position.getYPos());&#10;&#9;&#9;&#9;position.width = .06;&#10;&#9;&#9;&#9;position.height = .1;&#10;&#10;&#9;}&#10;&#9;&#10;&#9;public void update(){&#10;&#9;&#9;if(eroding){&#10;&#9;&#9;&#9;time--;&#10;&#9;&#9;}&#10;&#9;&#9;if(time &lt; 0){&#10;&#9;&#9;&#9;is_permanent = true;&#10;&#9;&#9;}&#10;&#9;&#9;updates++;&#10;&#9;&#9;if (updates%10==0)&#10;&#9;&#9;&#9;cur_image=(cur_image+1)%7;&#10;&#9;}&#10;}&#10;" Filename="Erosion.java" Intrnl_Id="26"/>
<SrcFile Content="package group2.game;&#10;&#10;/**&#10; * Joe&#10; * 4/3/13&#10; */&#10;&#10;import java.awt.BasicStroke;&#10;import java.awt.Color;&#10;import java.awt.Font;&#10;import java.awt.Graphics;&#10;import java.awt.Graphics2D;&#10;import java.awt.Image;&#10;import java.io.IOException;&#10;import java.util.ArrayList;&#10;&#10;import javax.imageio.ImageIO;&#10;import javax.swing.JPanel;&#10;&#10;public class DrawGame extends JPanel {&#10;&#10;&#9;private static final long serialVersionUID = 1L;&#10;&#10;&#9;RapidRunoffGame game;&#10;&#9;Quiz currQuiz;&#10;&#10;&#9;static public boolean first_fert = false;&#10;&#9;static public boolean first_oil = false;&#10;&#9;static public boolean first_erosion_temp = false;&#10;&#9;static public boolean first_erosion_per = false;&#10;&#9;static public boolean first_powerup = false;&#10;&#9;static public boolean first_quiz = false;&#10;&#9;&#10;&#9;public int erosion_updates=0;&#10;&#10;&#9;int bg_count = 0;&#10;&#9;ArrayList&lt;ScoreData&gt; Score_data = new ArrayList&lt;ScoreData&gt;();&#10;&#10;&#9;static Image[] background = new Image[3];&#10;&#9;static Image[] OilImage = new Image[3];&#10;&#9;static Image[] FertImage = new Image[3];&#10;&#9;static Image[] permanentErosion = new Image[7];&#10;&#10;&#10;&#9;static public Image background_start;&#10;&#9;static public Image high_score_screen;&#10;&#9;static public Image grass;&#10;&#9;static public Image skyline;&#10;&#9;static public Image Oil_Box;&#10;&#9;static public Image Fert_Box;&#10;&#9;static public Image Broom;&#10;&#9;static public Image Funnel;&#10;&#9;static public Image erosion;&#10;&#9;static public Image back_to_menu;&#10;&#9;static public Image cloudL;&#10;&#9;static public Image cloudCL;&#10;&#9;static public Image cloudCR;&#10;&#9;static public Image cloudCLS;&#10;&#9;static public Image cloudCRS;&#10;&#9;static public Image cloudR;&#10;&#9;static public Image city1;&#10;&#9;static public Image city2;&#10;&#9;static public Image raindrop;&#10;&#9;static public Image play;&#10;&#10;&#9;Font f1;&#10;&#9;Font f2;&#10;&#9;Font f3;&#10;&#9;Font f4;&#10;&#10;&#9;BasicStroke bs8 = new BasicStroke(8);&#10;&#9;BasicStroke bs6 = new BasicStroke(6);&#10;&#9;BasicStroke bs4 = new BasicStroke(4);&#10;&#9;BasicStroke bs3 = new BasicStroke(3);&#10;&#10;&#9;Color trans_grey = new Color(128, 128, 128, 200);&#10;&#9;Color clear = new Color(128, 128, 128, 0);&#10;&#10;&#9;DrawGame(RapidRunoffGame g) {&#10;&#9;&#9;this.game = g;&#10;&#10;&#9;&#9;try {&#10;&#9;&#9;&#9;OilImage[0] = ImageIO.read(Oil.class&#10;&#9;&#9;&#9;&#9;&#9;.getResourceAsStream(&quot;Oil_Blob.png&quot;));&#10;&#9;&#9;&#9;OilImage[1] = ImageIO.read(Oil.class&#10;&#9;&#9;&#9;&#9;&#9;.getResourceAsStream(&quot;Oil_Blob_02.png&quot;));&#10;&#9;&#9;&#9;OilImage[2] = ImageIO.read(Oil.class&#10;&#9;&#9;&#9;&#9;&#9;.getResourceAsStream(&quot;Oil_Blob_03.png&quot;));&#10;&#9;&#9;&#9;FertImage[0] = ImageIO.read(Fertilizer.class&#10;&#9;&#9;&#9;&#9;&#9;.getResourceAsStream(&quot;Fertilizer_01.png&quot;));&#10;&#9;&#9;&#9;FertImage[2] = ImageIO.read(Fertilizer.class&#10;&#9;&#9;&#9;&#9;&#9;.getResourceAsStream(&quot;Fertilizer_02.png&quot;));&#10;&#9;&#9;&#9;FertImage[1] = ImageIO.read(Fertilizer.class&#10;&#9;&#9;&#9;&#9;&#9;.getResourceAsStream(&quot;Fertilizer_03.png&quot;));&#10;&#9;&#9;&#9;background[2] = ImageIO.read(DrawGame.class&#10;&#9;&#9;&#9;&#9;&#9;.getResourceAsStream(&quot;Background_01.png&quot;));&#10;&#9;&#9;&#9;background[1] = ImageIO.read(DrawGame.class&#10;&#9;&#9;&#9;&#9;&#9;.getResourceAsStream(&quot;Background_03.png&quot;));&#10;&#9;&#9;&#9;background[0] = ImageIO.read(DrawGame.class&#10;&#9;&#9;&#9;&#9;&#9;.getResourceAsStream(&quot;Background_05.png&quot;));&#10;&#9;&#9;&#9;background_start = ImageIO.read(DrawGame.class&#10;&#9;&#9;&#9;&#9;&#9;.getResourceAsStream(&quot;home_screen.png&quot;));&#10;&#9;&#9;&#9;permanentErosion[0] = ImageIO.read(DrawGame.class&#10;&#9;&#9;&#9;&#9;&#9;.getResourceAsStream(&quot;Wave0001.png&quot;));&#10;&#9;&#9;&#9;permanentErosion[1] = ImageIO.read(DrawGame.class&#10;&#9;&#9;&#9;&#9;&#9;.getResourceAsStream(&quot;Wave0002.png&quot;));&#10;&#9;&#9;&#9;permanentErosion[2] = ImageIO.read(DrawGame.class&#10;&#9;&#9;&#9;&#9;&#9;.getResourceAsStream(&quot;Wave0003.png&quot;));&#10;&#9;&#9;&#9;permanentErosion[3] = ImageIO.read(DrawGame.class&#10;&#9;&#9;&#9;&#9;&#9;.getResourceAsStream(&quot;Wave0004.png&quot;));&#10;&#9;&#9;&#9;permanentErosion[4] = ImageIO.read(DrawGame.class&#10;&#9;&#9;&#9;&#9;&#9;.getResourceAsStream(&quot;Wave0005.png&quot;));&#10;&#9;&#9;&#9;permanentErosion[5] = ImageIO.read(DrawGame.class&#10;&#9;&#9;&#9;&#9;&#9;.getResourceAsStream(&quot;Wave0006.png&quot;));&#10;&#9;&#9;&#9;permanentErosion[6] = ImageIO.read(DrawGame.class&#10;&#9;&#9;&#9;&#9;&#9;.getResourceAsStream(&quot;Wave0007.png&quot;));&#10;&#9;&#9;&#9;high_score_screen = ImageIO.read(DrawGame.class&#10;&#9;&#9;&#9;&#9;&#9;.getResourceAsStream(&quot;high_score_screen.png&quot;));&#10;&#9;&#9;&#9;grass = ImageIO.read(DrawGame.class&#10;&#9;&#9;&#9;&#9;&#9;.getResourceAsStream(&quot;switchgrass.png&quot;));&#10;&#9;&#9;&#9;skyline = ImageIO.read(DrawGame.class&#10;&#9;&#9;&#9;&#9;&#9;.getResourceAsStream(&quot;skyline.png&quot;));&#10;&#9;&#9;&#9;Fert_Box = ImageIO.read(Oil.class&#10;&#9;&#9;&#9;&#9;&#9;.getResourceAsStream(&quot;Fertilizer Box.png&quot;));&#10;&#9;&#9;&#9;Oil_Box = ImageIO&#10;&#9;&#9;&#9;&#9;&#9;.read(Oil.class.getResourceAsStream(&quot;Oil_Box.png&quot;));&#10;&#9;&#9;&#9;Broom = ImageIO.read(Oil.class.getResourceAsStream(&quot;Broom.png&quot;));&#10;&#9;&#9;&#9;Funnel = ImageIO.read(Oil.class.getResourceAsStream(&quot;Funnel.png&quot;));&#10;&#9;&#9;&#9;//permanentErosion = ImageIO.read(DrawGame.class&#10;&#9;&#9;&#9;//&#9;&#9;.getResourceAsStream(&quot;water.png&quot;));&#10;&#9;&#9;&#9;erosion = ImageIO.read(DrawGame.class&#10;&#9;&#9;&#9;&#9;&#9;.getResourceAsStream(&quot;compost.png&quot;));&#10;&#9;&#9;&#9;back_to_menu = ImageIO.read(DrawGame.class&#10;&#9;&#9;&#9;&#9;&#9;.getResourceAsStream(&quot;BacktoMenu.png&quot;));&#10;&#9;&#9;&#9;city1 = ImageIO.read(City.class&#10;&#9;&#9;&#9;&#9;&#9;.getResourceAsStream(&quot;CityScape_02.png&quot;));&#10;&#9;&#9;&#9;city2 = ImageIO.read(City.class&#10;&#9;&#9;&#9;&#9;&#9;.getResourceAsStream(&quot;CityScape.png&quot;));&#10;&#9;&#9;&#9;cloudL = ImageIO.read(Oil.class&#10;&#9;&#9;&#9;&#9;&#9;.getResourceAsStream(&quot;Storm_Cloud_02.png&quot;));&#10;&#9;&#9;&#9;;&#10;&#9;&#9;&#9;cloudR = ImageIO.read(Oil.class&#10;&#9;&#9;&#9;&#9;&#9;.getResourceAsStream(&quot;Storm_Cloud_01.png&quot;));&#10;&#9;&#9;&#9;;&#10;&#9;&#9;&#9;cloudCL = ImageIO.read(City.class&#10;&#9;&#9;&#9;&#9;&#9;.getResourceAsStream(&quot;Storm_Cloud_Lightning_02_S.png&quot;));&#10;&#9;&#9;&#9;cloudCR = ImageIO.read(City.class&#10;&#9;&#9;&#9;&#9;&#9;.getResourceAsStream(&quot;Storm_Cloud_Lightning_S.png&quot;));&#10;&#9;&#9;&#9;cloudCLS = ImageIO.read(City.class&#10;&#9;&#9;&#9;&#9;&#9;.getResourceAsStream(&quot;Storm_Cloud_Lightning_02.png&quot;));&#10;&#9;&#9;&#9;cloudCRS = ImageIO.read(City.class&#10;&#9;&#9;&#9;&#9;&#9;.getResourceAsStream(&quot;Storm_Cloud_Lightning.png&quot;));&#10;&#9;&#9;&#9;raindrop = ImageIO.read(City.class&#10;&#9;&#9;&#9;&#9;&#9;.getResourceAsStream(&quot;Raindrop_cartoon1.png&quot;));&#10;&#9;&#9;&#9;play = ImageIO.read(DrawGame.class&#10;&#9;&#9;&#9;&#9;&#9;.getResourceAsStream(&quot;play.png&quot;));&#10;&#10;&#9;&#9;} catch (IOException e) {&#10;&#9;&#9;&#9;e.printStackTrace();&#10;&#9;&#9;}&#10;&#10;&#9;&#9;// load some score data&#10;&#9;&#9;for (int i = 0; i &lt; 10; i++) {&#10;&#9;&#9;&#9;try {&#10;&#9;&#9;&#9;&#9;this.Score_data.add(HighScoreList.getScores().get(i));&#10;&#9;&#9;&#9;} catch (Exception e) {&#10;&#9;&#9;&#9;&#9;System.out.println(&quot;not 10 scores&quot;);&#10;&#9;&#9;&#9;}&#10;&#9;&#9;}&#10;&#10;&#9;&#9;f1 = new Font(&quot;serif&quot;, Font.BOLD, (int) game.screen_height / 60&#10;&#9;&#9;&#9;&#9;+ (int) game.screen_width / 75);&#10;&#9;&#9;f2 = new Font(&quot;serif&quot;, Font.BOLD, (int) game.screen_height / 125&#10;&#9;&#9;&#9;&#9;+ (int) game.screen_width / 125);&#10;&#9;&#9;f3 = new Font(&quot;serif&quot;, Font.BOLD, (int) game.screen_height / 80&#10;&#9;&#9;&#9;&#9;+ (int) game.screen_width / 125);&#10;&#9;&#9;f4 = new Font(&quot;serif&quot;, Font.BOLD, (int) game.screen_height / 65&#10;&#9;&#9;&#9;&#9;+ (int) game.screen_width / 125);&#10;&#10;&#9;}&#10;&#10;&#9;// the paint component where objects are drawn&#10;&#9;@Override&#10;&#9;public void paintComponent(Graphics g) {&#10;&#9;&#9;super.paintComponent(g);&#10;&#10;&#9;&#9;Graphics2D g2d = (Graphics2D) g;&#10;&#10;&#9;&#9;if (game.home_screen) { // True if we haven't started playing the game&#10;&#9;&#9;&#9;g.drawImage(background_start, 0, 0, (int) game.screen_width,&#10;&#9;&#9;&#9;&#9;&#9;(int) (.98 * game.screen_height), null);&#10;&#9;&#9;}&#10;&#10;&#9;&#9;else if (game.high_score_screen) {&#10;&#9;&#9;&#9;g.drawImage(high_score_screen, 0, 0, (int) game.screen_width,&#10;&#9;&#9;&#9;&#9;&#9;(int) (.98 * game.screen_height), null);&#10;&#9;&#9;&#9;g.setColor(trans_grey);&#10;&#9;&#9;&#9;g.fillRect((int) (0.35 * game.screen_width),&#10;&#9;&#9;&#9;&#9;&#9;(int) (0.15 * game.screen_height),&#10;&#9;&#9;&#9;&#9;&#9;(int) (0.3 * game.screen_width),&#10;&#9;&#9;&#9;&#9;&#9;(int) (0.7 * game.screen_height));&#10;&#10;&#9;&#9;&#9;g.setColor(Color.BLACK);&#10;&#9;&#9;&#9;g2d.setStroke(bs6);&#10;&#9;&#9;&#9;g.setFont(f1);&#10;&#10;&#9;&#9;&#9;g.drawString(&quot;HighScores&quot;, (int) (0.45 * game.screen_width),&#10;&#9;&#9;&#9;&#9;&#9;(int) (0.20 * game.screen_height));&#10;&#10;&#9;&#9;&#9;g.setFont(f4);&#10;&#10;&#9;&#9;&#9;// rank&#10;&#9;&#9;&#9;double h = 0.25;&#10;&#9;&#9;&#9;for (int i = 0; i &lt; Score_data.size(); i++) {&#10;&#9;&#9;&#9;&#9;g.drawString(Score_data.get(i).display()[0],&#10;&#9;&#9;&#9;&#9;&#9;&#9;(int) (0.36 * game.screen_width),&#10;&#9;&#9;&#9;&#9;&#9;&#9;(int) (h * game.screen_height));&#10;&#9;&#9;&#9;&#9;h = h + 0.05;&#10;&#9;&#9;&#9;}&#10;&#10;&#9;&#9;&#9;// name&#10;&#9;&#9;&#9;h = 0.25;&#10;&#9;&#9;&#9;for (int i = 0; i &lt; Score_data.size(); i++) {&#10;&#9;&#9;&#9;&#9;g.drawString(Score_data.get(i).display()[1],&#10;&#9;&#9;&#9;&#9;&#9;&#9;(int) (0.39 * game.screen_width),&#10;&#9;&#9;&#9;&#9;&#9;&#9;(int) (h * game.screen_height));&#10;&#9;&#9;&#9;&#9;h = h + 0.05;&#10;&#9;&#9;&#9;}&#10;&#10;&#9;&#9;&#9;// score&#10;&#9;&#9;&#9;h = 0.25;&#10;&#9;&#9;&#9;for (int i = 0; i &lt; Score_data.size(); i++) {&#10;&#9;&#9;&#9;&#9;g.drawString(Score_data.get(i).display()[2],&#10;&#9;&#9;&#9;&#9;&#9;&#9;(int) (0.47 * game.screen_width),&#10;&#9;&#9;&#9;&#9;&#9;&#9;(int) (h * game.screen_height));&#10;&#9;&#9;&#9;&#9;h = h + 0.05;&#10;&#9;&#9;&#9;}&#10;&#10;&#9;&#9;&#9;// date&#10;&#9;&#9;&#9;h = 0.25;&#10;&#9;&#9;&#9;for (int i = 0; i &lt; Score_data.size(); i++) {&#10;&#9;&#9;&#9;&#9;g.drawString(Score_data.get(i).display()[3],&#10;&#9;&#9;&#9;&#9;&#9;&#9;(int) (0.55 * game.screen_width),&#10;&#9;&#9;&#9;&#9;&#9;&#9;(int) (h * game.screen_height));&#10;&#9;&#9;&#9;&#9;h = h + 0.05;&#10;&#9;&#9;&#9;}&#10;&#10;&#9;&#9;}&#10;&#9;&#9;else if (game.intro_screen){&#10;&#9;&#9;&#9;// set some color thickness and fonts&#10;&#9;&#9;&#9;g.setColor(Color.BLUE);&#10;&#9;&#9;&#9;g2d.setStroke(bs6);&#10;&#9;&#9;&#9;g.setFont(f1);&#10;&#10;&#9;&#9;&#9;// draw skyline&#10;&#9;&#9;&#9;g.drawImage(skyline, 0, 0, (int) game.screen_width,&#10;&#9;&#9;&#9;&#9;&#9;(int) (0.25 * game.screen_height), null);&#10;&#10;&#10;&#9;&#9;&#9;// DRAW CITY -B&#10;&#9;&#9;&#9;g.drawImage(city1,&#10;&#9;&#9;&#9;&#9;&#9;&#9;&#9;&#9;(int) (.4 * game.screen_width),&#10;&#9;&#9;&#9;&#9;&#9;&#9;&#9;&#9;(int) (.05 * game.screen_height),&#10;&#9;&#9;&#9;&#9;&#9;&#9;&#9;&#9;(int) (0.17 * game.screen_width),&#10;&#9;&#9;&#9;&#9;&#9;&#9;&#9;&#9;(int) (0.2 * game.screen_height), null);&#10;&#9;&#10;&#10;&#9;&#9;&#9;// draw background -B&#10;&#9;&#9;&#9;g.drawImage(background[bg_count], 0, 0, (int) game.screen_width,&#10;&#9;&#9;&#9;&#9;&#9;(int) game.screen_height, null);&#10;&#9;&#9;&#9;&#10;&#9;&#9;&#9;//draw screen&#10;&#9;&#9;&#9;g.setColor(Color.CYAN);&#10;&#9;&#9;&#9;g.drawRect((int) (game.screen_width * .17),&#10;&#9;&#9;&#9;&#9;&#9;(int) (game.screen_height * .2),&#10;&#9;&#9;&#9;&#9;&#9;(int) (game.screen_width * .65),&#10;&#9;&#9;&#9;&#9;&#9;(int) (game.screen_height * .5));&#10;&#9;&#9;&#9;Color myColor = new Color(0, 0, 0, 200);&#10;&#9;&#9;&#9;g.setColor(myColor);&#10;&#9;&#9;&#9;g.fillRect((int) (game.screen_width * .17),&#10;&#9;&#9;&#9;&#9;&#9;(int) (game.screen_height * .2),&#10;&#9;&#9;&#9;&#9;&#9;(int) (game.screen_width * .65),&#10;&#9;&#9;&#9;&#9;&#9;(int) (game.screen_height * .5));&#10;&#9;&#9;&#9;g.setColor(Color.GREEN);&#10;&#9;&#9;&#9;g.setFont(f3);&#10;&#9;&#9;&#9;g.drawString((&quot;A storm is about to hit the city!&quot;),&#10;&#9;&#9;&#9;&#9;&#9;(int) (.4 * game.screen_width),&#10;&#9;&#9;&#9;&#9;&#9;(int) (.24 * game.screen_height));&#10;&#9;&#9;&#9;g.drawString((&quot;Remove pollutants from the streams of runoff coming down the hill towards the river&quot;),&#10;&#9;&#9;&#9;&#9;&#9;(int) (.25 * game.screen_width),&#10;&#9;&#9;&#9;&#9;&#9;(int) (.3 * game.screen_height));&#10;&#9;&#9;&#9;g.drawImage(play, (int)(game.screen_width*.42), &#10;&#9;&#9;&#9;&#9;&#9;(int) (game.screen_height * .5),&#10;&#9;&#9;&#9;&#9;&#9;(int) (game.screen_width * .15),&#10;&#9;&#9;&#9;&#9;&#9;(int) (game.screen_height * .15), null);&#10;&#9;&#9;}&#10;&#9;&#9;else if (game.game_screen) { // True if we are currently playing the&#10;&#10;&#9;&#9;&#9;// set some color thickness and fonts&#10;&#9;&#9;&#9;g.setColor(Color.BLUE);&#10;&#9;&#9;&#9;g2d.setStroke(bs6);&#10;&#9;&#9;&#9;g.setFont(f1);&#10;&#10;&#9;&#9;&#9;// draw skyline&#10;&#9;&#9;&#9;g.drawImage(skyline, 0, 0, (int) game.screen_width,&#10;&#9;&#9;&#9;&#9;&#9;(int) (0.25 * game.screen_height), null);&#10;&#10;&#9;&#9;&#9;// draw Clouds -B&#10;&#9;&#9;&#9;for (int i = 0; i &lt; game.map.city.clouds[0].length; i++) {&#10;&#9;&#9;&#9;&#9;if (game.game_time &gt; 0) {&#10;&#9;&#9;&#9;&#9;&#9;if (game.map.city.clouds[0][i] != null) {&#10;&#9;&#9;&#9;&#9;&#9;&#9;g.drawImage(game.map.city.clouds[0][i],&#10;&#9;&#9;&#9;&#9;&#9;&#9;&#9;&#9;(int) ((i * 0.05 + 0.22) * game.screen_width),&#10;&#9;&#9;&#9;&#9;&#9;&#9;&#9;&#9;0, (int) (0.12 * game.screen_width),&#10;&#9;&#9;&#9;&#9;&#9;&#9;&#9;&#9;(int) (0.12 * game.screen_height), null);&#10;&#9;&#9;&#9;&#9;&#9;}&#10;&#9;&#9;&#9;&#9;}&#10;&#9;&#9;&#9;}&#10;&#10;&#9;&#9;&#9;// DRAW CITY -B&#10;&#9;&#9;&#9;for (int i = 0; i &lt; game.map.city.buildings.length; i++) {&#10;&#9;&#9;&#9;&#9;if (game.game_time &gt; 0) {&#10;&#9;&#9;&#9;&#9;&#9;if (game.map.city.buildings[i] != null) {&#10;&#9;&#9;&#9;&#9;&#9;&#9;g.drawImage(game.map.city.buildings[i],&#10;&#9;&#9;&#9;&#9;&#9;&#9;&#9;&#9;(int) ((i * 0.07 + 0.21) * game.screen_width),&#10;&#9;&#9;&#9;&#9;&#9;&#9;&#9;&#9;(int) (.05 * game.screen_height),&#10;&#9;&#9;&#9;&#9;&#9;&#9;&#9;&#9;(int) (0.17 * game.screen_width),&#10;&#9;&#9;&#9;&#9;&#9;&#9;&#9;&#9;(int) (0.2 * game.screen_height), null);&#10;&#9;&#9;&#9;&#9;&#9;}&#10;&#9;&#9;&#9;&#9;}&#10;&#9;&#9;&#9;}&#10;&#10;&#9;&#9;&#9;// draw background -B&#10;&#9;&#9;&#9;g.drawImage(background[bg_count], 0, 0, (int) game.screen_width,&#10;&#9;&#9;&#9;&#9;&#9;(int) game.screen_height, null);&#10;&#10;&#9;&#9;&#9;// draw menu which menu iterator&#10;&#9;&#9;&#9;for (Menu m : game.map.menus) {&#10;&#10;&#9;&#9;&#9;&#9;g.setColor(trans_grey);&#10;&#10;&#9;&#9;&#9;&#9;g.fillRect((int) (m.position.x * game.screen_width),&#10;&#9;&#9;&#9;&#9;&#9;&#9;(int) (m.position.y * game.screen_height),&#10;&#9;&#9;&#9;&#9;&#9;&#9;(int) (m.position.width * game.screen_width),&#10;&#9;&#9;&#9;&#9;&#9;&#9;(int) (m.position.height * game.screen_height));&#10;&#10;&#9;&#9;&#9;&#9;// draw bins&#10;&#9;&#9;&#9;&#9;for (MenuObject o : m.menu_objects) {&#10;&#9;&#9;&#9;&#9;&#9;g.setColor(Color.BLACK);&#10;&#9;&#9;&#9;&#9;&#9;g.drawImage(m.bin_image,&#10;&#9;&#9;&#9;&#9;&#9;&#9;&#9;(int) (o.position.x * game.screen_width),&#10;&#9;&#9;&#9;&#9;&#9;&#9;&#9;(int) (o.position.y * game.screen_height),&#10;&#9;&#9;&#9;&#9;&#9;&#9;&#9;(int) (o.width * game.screen_width),&#10;&#9;&#9;&#9;&#9;&#9;&#9;&#9;(int) (o.height * game.screen_height), null);&#10;&#10;&#9;&#9;&#9;&#9;}&#10;&#9;&#9;&#9;}&#10;&#10;&#9;&#9;&#9;// draw score&#10;&#9;&#9;&#9;g.setFont(f1);&#10;&#9;&#9;&#9;g.setColor(Color.GREEN);&#10;&#9;&#9;&#9;g.drawString(&#10;&#9;&#9;&#9;&#9;&#9;&quot;Score: &quot;&#10;&#9;&#9;&#9;&#9;&#9;&#9;&#9;+ Integer&#10;&#9;&#9;&#9;&#9;&#9;&#9;&#9;&#9;&#9;.toString(game.player.player_score.game_score),&#10;&#9;&#9;&#9;&#9;&#9;(int) (.85 * game.screen_width),&#10;&#9;&#9;&#9;&#9;&#9;(int) (.045 * game.screen_height));&#10;&#10;&#9;&#9;&#9;// draw time in bar format&#10;&#9;&#9;&#9;g.drawString(&quot;Time:&quot;, (int) (game.screen_width * 0.05),&#10;&#9;&#9;&#9;&#9;&#9;(int) (game.screen_height * 0.045));&#10;&#9;&#9;&#9;g.setColor(Color.BLACK);&#10;&#9;&#9;&#9;g.fillRect((int) (game.screen_width * 0.11),&#10;&#9;&#9;&#9;&#9;&#9;(int) (game.screen_height * 0.02),&#10;&#9;&#9;&#9;&#9;&#9;(int) (game.screen_width * 0.126),&#10;&#9;&#9;&#9;&#9;&#9;(int) (game.screen_height * 0.033));&#10;&#9;&#9;&#9;g.setColor(Color.YELLOW);&#10;&#9;&#9;&#9;g.fillRect((int) (game.screen_width * 0.113),&#10;&#9;&#9;&#9;&#9;&#9;(int) (game.screen_height * 0.024),&#10;&#9;&#9;&#9;&#9;&#9;(int) (game.screen_width * (game.game_time * 0.000001)),&#10;&#9;&#9;&#9;&#9;&#9;(int) (game.screen_height * 0.025));&#10;&#9;&#9;&#9;g.setColor(Color.BLACK);&#10;&#10;&#9;&#9;&#9;g2d.setStroke(bs3);&#10;&#9;&#9;&#9;// draw pause button&#10;&#9;&#9;&#9;g.drawRect((int) (game.screen_width * 0.02),&#10;&#9;&#9;&#9;&#9;&#9;(int) (game.screen_height * 0.02),&#10;&#9;&#9;&#9;&#9;&#9;(int) (game.screen_width * 0.02),&#10;&#9;&#9;&#9;&#9;&#9;(int) (game.screen_height * 0.033));&#10;&#9;&#9;&#9;g.drawLine((int) (game.screen_width * 0.026),&#10;&#9;&#9;&#9;&#9;&#9;(int) (game.screen_height * 0.029),&#10;&#9;&#9;&#9;&#9;&#9;(int) (game.screen_width * 0.026),&#10;&#9;&#9;&#9;&#9;&#9;(int) (game.screen_height * 0.043));&#10;&#9;&#9;&#9;g.drawLine((int) (game.screen_width * 0.033),&#10;&#9;&#9;&#9;&#9;&#9;(int) (game.screen_height * 0.029),&#10;&#9;&#9;&#9;&#9;&#9;(int) (game.screen_width * 0.033),&#10;&#9;&#9;&#9;&#9;&#9;(int) (game.screen_height * 0.043));&#10;&#10;&#9;&#9;&#9;&#10;&#10;&#9;&#9;&#9;// draw powerup objects&#10;&#9;&#9;&#9;for (PowerUp p : game.map.power_ups) {&#10;&#9;&#9;&#9;&#9;g.setColor(Color.BLACK);&#10;&#9;&#9;&#9;&#9;if (p.ready){&#10;&#9;&#9;&#9;&#9;&#9;if(!first_powerup){&#10;&#9;&#9;&#9;&#9;&#9;&#9;g.setColor(Color.BLACK);&#10;&#9;&#9;&#9;&#9;&#9;&#9;g.drawString(&quot;Use a Power-Up!&quot;,&#10;&#9;&#9;&#9;&#9;&#9;&#9;&#9;&#9;(int) (game.screen_width * .33),&#10;&#9;&#9;&#9;&#9;&#9;&#9;&#9;&#9;(int) ((game.map.river.position.y + .1) * game.screen_height));&#10;&#9;&#9;&#9;&#9;&#9;&#9;&#10;&#9;&#9;&#9;&#9;&#9;&#9;g.drawLine((int) (game.screen_width * .4),&#10;&#9;&#9;&#9;&#9;&#9;&#9;&#9;&#9;(int) ((game.map.river.position.y + .05) * game.screen_height),&#10;&#9;&#9;&#9;&#9;&#9;&#9;&#9;&#9;(int) ((p.position.x + .5*p.position.width) * game.screen_width),&#10;&#9;&#9;&#9;&#9;&#9;&#9;&#9;&#9;(int) ((p.position.y + p.position.height) * game.screen_height));&#10;&#9;&#9;&#9;&#9;&#9;&#9;&#10;&#9;&#9;&#9;&#9;&#9;&#9;g.setColor(Color.RED);&#10;&#9;&#9;&#9;&#9;&#9;&#9;g.drawRect(&#10;&#9;&#9;&#9;&#9;&#9;&#9;&#9;&#9;(int) (p.position.x * game.screen_width),&#10;&#9;&#9;&#9;&#9;&#9;&#9;&#9;&#9;(int) (p.position.y * game.screen_height),&#10;&#9;&#9;&#9;&#9;&#9;&#9;&#9;&#9;(int) (p.position.width * game.screen_width),&#10;&#9;&#9;&#9;&#9;&#9;&#9;&#9;&#9;(int) (p.position.height * game.screen_height));&#10;&#9;&#9;&#9;&#9;&#9;&#9;&#10;&#9;&#9;&#9;&#9;&#9;}&#10;&#9;&#9;&#9;&#9;g.drawImage(p.image,&#10;&#9;&#9;&#9;&#9;&#9;&#9;(int) (p.position.x * game.screen_width),&#10;&#9;&#9;&#9;&#9;&#9;&#9;(int) (p.position.y * game.screen_height),&#10;&#9;&#9;&#9;&#9;&#9;&#9;(int) (p.position.width * game.screen_width),&#10;&#9;&#9;&#9;&#9;&#9;&#9;(int) (p.position.height * game.screen_height),&#10;&#9;&#9;&#9;&#9;&#9;&#9;null);&#10;&#9;&#9;&#9;&#9;}&#10;&#9;&#9;&#9;}&#10;&#10;&#9;&#9;&#9;// draw buffer zones and buffers&#10;&#9;&#9;&#9;for (int i = 0; i &lt; game.map.river_banks.size(); i++) {&#10;&#9;&#9;&#9;&#9;RiverBank curBank = game.map.river_banks.get(i);&#10;&#9;&#9;&#9;&#9;for (int col = 0; col &lt; curBank.objects.length; col++) {&#10;&#9;&#9;&#9;&#9;&#9;for (int row = 0; row &lt; curBank.objects[col].length; row++) {&#10;&#9;&#9;&#9;&#9;&#9;&#9;if (curBank.objects[col][row] != null) {&#10;&#9;&#9;&#9;&#9;&#9;&#9;&#9;if ((curBank.objects[col][row]).ID == &quot;Buffer&quot;) {&#10;&#9;&#9;&#9;&#9;&#9;&#9;&#9;&#9;Buffer b = (Buffer) curBank.objects[col][row];&#10;&#9;&#9;&#9;&#9;&#9;&#9;&#9;&#9;g.drawImage(&#10;&#9;&#9;&#9;&#9;&#9;&#9;&#9;&#9;&#9;&#9;grass,&#10;&#9;&#9;&#9;&#9;&#9;&#9;&#9;&#9;&#9;&#9;(int) ((b.position.x) * game.screen_width),&#10;&#9;&#9;&#9;&#9;&#9;&#9;&#9;&#9;&#9;&#9;(int) ((b.position.y - .02) * game.screen_height),&#10;&#9;&#9;&#9;&#9;&#9;&#9;&#9;&#9;&#9;&#9;(int) (.8 * b.menu_width * game.screen_width),&#10;&#9;&#9;&#9;&#9;&#9;&#9;&#9;&#9;&#9;&#9;(int) (.8 * b.menu_height * game.screen_height),&#10;&#9;&#9;&#9;&#9;&#9;&#9;&#9;&#9;&#9;&#9;null);&#10;&#9;&#9;&#9;&#9;&#9;&#9;&#9;&#9;&#9;&#9;first_erosion_temp = true;&#10;&#9;&#9;&#9;&#9;&#9;&#9;&#9;} else if ((curBank.objects[col][row]).ID == &quot;Erosion&quot;) {&#10;&#9;&#9;&#9;&#9;&#9;&#9;&#9;&#9;Erosion e = (Erosion) curBank.objects[col][row];&#10;&#9;&#9;&#9;&#9;&#9;&#9;&#9;&#9;if (e.is_permanent) {&#10;&#9;&#9;&#9;&#9;&#9;&#9;&#9;&#9;&#9;if(!first_erosion_per || erosion_updates&lt; 100){&#10;&#9;&#9;&#9;&#9;&#9;&#9;&#9;&#9;&#9;&#9;g.drawString(&quot;The erosion is permanent!&quot;,(int) ((e.position.x) * game.screen_width),&#10;&#9;&#9;&#9;&#9;&#9;&#9;&#9;&#9;&#9;&#9;&#9;(int) ((e.position.y + .02) * game.screen_height));&#10;&#9;&#9;&#9;&#9;&#9;&#9;&#9;&#9;&#9;&#9;first_erosion_per=true;&#10;&#9;&#9;&#9;&#9;&#9;&#9;&#9;&#9;&#9;&#9;erosion_updates++;&#10;&#9;&#9;&#9;&#9;&#9;&#9;&#9;&#9;&#9;}&#10;&#9;&#9;&#9;&#9;&#9;&#9;&#9;&#9;&#9;if (curBank.ID==0){&#10;&#9;&#9;&#9;&#9;&#9;&#9;&#9;&#9;&#9;&#9;if (row==1){&#10;&#9;&#9;&#9;&#9;&#9;&#9;&#9;&#9;&#9;&#9;&#9;g.drawImage(&#10;&#9;&#9;&#9;&#9;&#9;&#9;&#9;&#9;&#9;&#9;&#9;&#9;&#9;permanentErosion[e.cur_image],&#10;&#9;&#9;&#9;&#9;&#9;&#9;&#9;&#9;&#9;&#9;&#9;&#9;&#9;(int) ((e.position.x) * game.screen_width),&#10;&#9;&#9;&#9;&#9;&#9;&#9;&#9;&#9;&#9;&#9;&#9;&#9;&#9;(int) ((e.position.y ) * game.screen_height),&#10;&#9;&#9;&#9;&#9;&#9;&#9;&#9;&#9;&#9;&#9;&#9;&#9;&#9;(int) (1.2*e.position.width * game.screen_width),&#10;&#9;&#9;&#9;&#9;&#9;&#9;&#9;&#9;&#9;&#9;&#9;&#9;&#9;(int) (e.position.height * game.screen_height),&#10;&#9;&#9;&#9;&#9;&#9;&#9;&#9;&#9;&#9;&#9;&#9;&#9;&#9;null);&#10;&#9;&#9;&#9;&#9;&#9;&#9;&#9;&#9;&#9;&#9;}&#10;&#9;&#9;&#9;&#9;&#9;&#9;&#9;&#9;&#9;&#9;else{&#10;&#9;&#9;&#9;&#9;&#9;&#9;&#9;&#9;&#9;&#9;&#9;g.drawImage(&#10;&#9;&#9;&#9;&#9;&#9;&#9;&#9;&#9;&#9;&#9;&#9;&#9;&#9;permanentErosion[e.cur_image],&#10;&#9;&#9;&#9;&#9;&#9;&#9;&#9;&#9;&#9;&#9;&#9;&#9;&#9;(int) ((e.position.x) * game.screen_width),&#10;&#9;&#9;&#9;&#9;&#9;&#9;&#9;&#9;&#9;&#9;&#9;&#9;&#9;(int) ((e.position.y ) * game.screen_height),&#10;&#9;&#9;&#9;&#9;&#9;&#9;&#9;&#9;&#9;&#9;&#9;&#9;&#9;(int) (1.2*e.position.width * game.screen_width),&#10;&#9;&#9;&#9;&#9;&#9;&#9;&#9;&#9;&#9;&#9;&#9;&#9;&#9;(int) (1.2*e.position.height * game.screen_height),&#10;&#9;&#9;&#9;&#9;&#9;&#9;&#9;&#9;&#9;&#9;&#9;&#9;&#9;null);&#10;&#9;&#9;&#9;&#9;&#9;&#9;&#9;&#9;&#9;&#9;}&#10;&#9;&#9;&#9;&#9;&#9;&#9;&#9;&#9;&#9;}&#10;&#9;&#9;&#9;&#9;&#9;&#9;&#9;&#9;&#9;if (curBank.ID==1){&#10;&#9;&#9;&#9;&#9;&#9;&#9;&#9;&#9;&#9;&#9;if (row==1){&#10;&#9;&#9;&#9;&#9;&#9;&#9;&#9;&#9;&#9;&#9;&#9;g.drawImage(&#10;&#9;&#9;&#9;&#9;&#9;&#9;&#9;&#9;&#9;&#9;&#9;&#9;&#9;permanentErosion[e.cur_image],&#10;&#9;&#9;&#9;&#9;&#9;&#9;&#9;&#9;&#9;&#9;&#9;&#9;&#9;(int) ((e.position.x-.006) * game.screen_width),&#10;&#9;&#9;&#9;&#9;&#9;&#9;&#9;&#9;&#9;&#9;&#9;&#9;&#9;(int) ((e.position.y ) * game.screen_height),&#10;&#9;&#9;&#9;&#9;&#9;&#9;&#9;&#9;&#9;&#9;&#9;&#9;&#9;(int) ((1.2*e.position.width * game.screen_width)),&#10;&#9;&#9;&#9;&#9;&#9;&#9;&#9;&#9;&#9;&#9;&#9;&#9;&#9;(int) (e.position.height * game.screen_height),&#10;&#9;&#9;&#9;&#9;&#9;&#9;&#9;&#9;&#9;&#9;&#9;&#9;&#9;null);&#10;&#9;&#9;&#9;&#9;&#9;&#9;&#9;&#9;&#9;&#9;}&#10;&#9;&#9;&#9;&#9;&#9;&#9;&#9;&#9;&#9;&#9;else{&#10;&#9;&#9;&#9;&#9;&#9;&#9;&#9;&#9;&#9;&#9;&#9;g.drawImage(&#10;&#9;&#9;&#9;&#9;&#9;&#9;&#9;&#9;&#9;&#9;&#9;&#9;&#9;permanentErosion[e.cur_image],&#10;&#9;&#9;&#9;&#9;&#9;&#9;&#9;&#9;&#9;&#9;&#9;&#9;&#9;(int) ((e.position.x-.02) * game.screen_width),&#10;&#9;&#9;&#9;&#9;&#9;&#9;&#9;&#9;&#9;&#9;&#9;&#9;&#9;(int) ((e.position.y ) * game.screen_height),&#10;&#9;&#9;&#9;&#9;&#9;&#9;&#9;&#9;&#9;&#9;&#9;&#9;&#9;(int) ((1.2*e.position.width * game.screen_width+ (.014*game.screen_width))),&#10;&#9;&#9;&#9;&#9;&#9;&#9;&#9;&#9;&#9;&#9;&#9;&#9;&#9;(int) (1.2*e.position.height * game.screen_height),&#10;&#9;&#9;&#9;&#9;&#9;&#9;&#9;&#9;&#9;&#9;&#9;&#9;&#9;null);&#10;&#9;&#9;&#9;&#9;&#9;&#9;&#9;&#9;&#9;&#9;}&#10;&#9;&#9;&#9;&#9;&#9;&#9;&#9;&#9;&#9;}&#10;&#9;&#9;&#9;&#9;&#9;&#9;&#9;&#9;&#9;if (curBank.ID==2){&#10;&#9;&#9;&#9;&#9;&#9;&#9;&#9;&#9;&#9;&#9;if (row==1){&#10;&#9;&#9;&#9;&#9;&#9;&#9;&#9;&#9;&#9;&#9;&#9;g.drawImage(&#10;&#9;&#9;&#9;&#9;&#9;&#9;&#9;&#9;&#9;&#9;&#9;&#9;&#9;permanentErosion[e.cur_image],&#10;&#9;&#9;&#9;&#9;&#9;&#9;&#9;&#9;&#9;&#9;&#9;&#9;&#9;(int) ((e.position.x-.002) * game.screen_width),&#10;&#9;&#9;&#9;&#9;&#9;&#9;&#9;&#9;&#9;&#9;&#9;&#9;&#9;(int) ((e.position.y ) * game.screen_height),&#10;&#9;&#9;&#9;&#9;&#9;&#9;&#9;&#9;&#9;&#9;&#9;&#9;&#9;(int) (e.position.width * game.screen_width+(.002*game.screen_width)),&#10;&#9;&#9;&#9;&#9;&#9;&#9;&#9;&#9;&#9;&#9;&#9;&#9;&#9;(int) (e.position.height * game.screen_height),&#10;&#9;&#9;&#9;&#9;&#9;&#9;&#9;&#9;&#9;&#9;&#9;&#9;&#9;null);&#10;&#9;&#9;&#9;&#9;&#9;&#9;&#9;&#9;&#9;&#9;}&#10;&#9;&#9;&#9;&#9;&#9;&#9;&#9;&#9;&#9;&#9;else{&#10;&#9;&#9;&#9;&#9;&#9;&#9;&#9;&#9;&#9;&#9;&#9;g.drawImage(&#10;&#9;&#9;&#9;&#9;&#9;&#9;&#9;&#9;&#9;&#9;&#9;&#9;&#9;permanentErosion[e.cur_image],&#10;&#9;&#9;&#9;&#9;&#9;&#9;&#9;&#9;&#9;&#9;&#9;&#9;&#9;(int) ((e.position.x-.002) * game.screen_width),&#10;&#9;&#9;&#9;&#9;&#9;&#9;&#9;&#9;&#9;&#9;&#9;&#9;&#9;(int) ((e.position.y ) * game.screen_height),&#10;&#9;&#9;&#9;&#9;&#9;&#9;&#9;&#9;&#9;&#9;&#9;&#9;&#9;(int) (e.position.width * game.screen_width+(.002*game.screen_width)),&#10;&#9;&#9;&#9;&#9;&#9;&#9;&#9;&#9;&#9;&#9;&#9;&#9;&#9;(int) (1.2*e.position.height * game.screen_height),&#10;&#9;&#9;&#9;&#9;&#9;&#9;&#9;&#9;&#9;&#9;&#9;&#9;&#9;null);&#10;&#9;&#9;&#9;&#9;&#9;&#9;&#9;&#9;&#9;&#9;}&#10;&#9;&#9;&#9;&#9;&#9;&#9;&#9;&#9;&#9;}&#10;&#9;&#9;&#9;&#9;&#9;&#9;&#9;&#9;&#9;if (curBank.ID==3){&#10;&#9;&#9;&#9;&#9;&#9;&#9;&#9;&#9;&#9;&#9;if (row==1){&#10;&#9;&#9;&#9;&#9;&#9;&#9;&#9;&#9;&#9;&#9;&#9;g.drawImage(&#10;&#9;&#9;&#9;&#9;&#9;&#9;&#9;&#9;&#9;&#9;&#9;&#9;&#9;permanentErosion[e.cur_image],&#10;&#9;&#9;&#9;&#9;&#9;&#9;&#9;&#9;&#9;&#9;&#9;&#9;&#9;(int) ((e.position.x) * game.screen_width),&#10;&#9;&#9;&#9;&#9;&#9;&#9;&#9;&#9;&#9;&#9;&#9;&#9;&#9;(int) ((e.position.y ) * game.screen_height),&#10;&#9;&#9;&#9;&#9;&#9;&#9;&#9;&#9;&#9;&#9;&#9;&#9;&#9;(int) (1.2*e.position.width * game.screen_width),&#10;&#9;&#9;&#9;&#9;&#9;&#9;&#9;&#9;&#9;&#9;&#9;&#9;&#9;(int) (e.position.height * game.screen_height),&#10;&#9;&#9;&#9;&#9;&#9;&#9;&#9;&#9;&#9;&#9;&#9;&#9;&#9;null);&#10;&#9;&#9;&#9;&#9;&#9;&#9;&#9;&#9;&#9;&#9;}&#10;&#9;&#9;&#9;&#9;&#9;&#9;&#9;&#9;&#9;&#9;else{&#10;&#9;&#9;&#9;&#9;&#9;&#9;&#9;&#9;&#9;&#9;&#9;g.drawImage(&#10;&#9;&#9;&#9;&#9;&#9;&#9;&#9;&#9;&#9;&#9;&#9;&#9;&#9;permanentErosion[e.cur_image],&#10;&#9;&#9;&#9;&#9;&#9;&#9;&#9;&#9;&#9;&#9;&#9;&#9;&#9;(int) ((e.position.x+.002) * game.screen_width),&#10;&#9;&#9;&#9;&#9;&#9;&#9;&#9;&#9;&#9;&#9;&#9;&#9;&#9;(int) ((e.position.y ) * game.screen_height),&#10;&#9;&#9;&#9;&#9;&#9;&#9;&#9;&#9;&#9;&#9;&#9;&#9;&#9;(int) (1.2*e.position.width * game.screen_width-(.002*game.screen_width)),&#10;&#9;&#9;&#9;&#9;&#9;&#9;&#9;&#9;&#9;&#9;&#9;&#9;&#9;(int) (1.2*e.position.height * game.screen_height),&#10;&#9;&#9;&#9;&#9;&#9;&#9;&#9;&#9;&#9;&#9;&#9;&#9;&#9;null);&#10;&#9;&#9;&#9;&#9;&#9;&#9;&#9;&#9;&#9;&#9;}&#10;&#9;&#9;&#9;&#9;&#9;&#9;&#9;&#9;&#9;}&#10;&#9;&#9;&#9;&#9;&#9;&#9;&#9;&#9;&#9;&#9;&#9;&#10;&#9;&#9;&#9;&#9;&#9;&#9;&#9;&#9;} else {&#10;&#9;&#9;&#9;&#9;&#9;&#9;&#9;&#9;&#9;if(!first_erosion_temp){&#10;&#9;&#9;&#9;&#9;&#9;&#9;&#9;&#9;&#9;&#9;g.drawString(&quot;Fix the Erosion!&quot;,(int) ((e.position.x) * game.screen_width),&#10;&#9;&#9;&#9;&#9;&#9;&#9;&#9;&#9;&#9;&#9;&#9;(int) ((e.position.y + .02) * game.screen_height));&#10;&#9;&#9;&#9;&#9;&#9;&#9;&#9;&#9;&#9;&#9;g.setColor(Color.BLACK);&#10;&#9;&#9;&#9;&#9;&#9;&#9;&#9;&#9;&#9;&#9;g2d.setStroke(bs4);&#10;&#9;&#9;&#9;&#9;&#9;&#9;&#9;&#9;&#9;g.drawRect((int)(Buffer.menu_position.x * game.screen_width),&#10;&#9;&#9;&#9;&#9;&#9;&#9;&#9;&#9;&#9;&#9;&#9;(int)(Buffer.menu_position.y * game.screen_height),&#10;&#9;&#9;&#9;&#9;&#9;&#9;&#9;&#9;&#9;&#9;&#9;(int)(Buffer.menu_position.width * game.screen_width),&#10;&#9;&#9;&#9;&#9;&#9;&#9;&#9;&#9;&#9;&#9;&#9;(int)(Buffer.menu_position.height * game.screen_height));&#10;&#9;&#9;&#9;&#9;&#9;&#9;&#9;&#9;&#9;g.drawLine((int)((Buffer.menu_position.x + .08)* game.screen_width),&#10;&#9;&#9;&#9;&#9;&#9;&#9;&#9;&#9;&#9;&#9;&#9;(int)((Buffer.menu_position.y + .12) * game.screen_height),&#10;&#9;&#9;&#9;&#9;&#9;&#9;&#9;&#9;&#9;&#9;&#9;(int) ((e.position.x) * game.screen_width),&#10;&#9;&#9;&#9;&#9;&#9;&#9;&#9;&#9;&#9;&#9;&#9;(int) ((e.position.y + .02) * game.screen_height));&#10;&#9;&#9;&#9;&#9;&#9;&#9;&#9;&#9;&#9;}&#10;&#9;&#9;&#9;&#9;&#9;&#9;&#9;&#9;&#9;g.drawImage(&#10;&#9;&#9;&#9;&#9;&#9;&#9;&#9;&#9;&#9;&#9;&#9;erosion,&#10;&#9;&#9;&#9;&#9;&#9;&#9;&#9;&#9;&#9;&#9;&#9;(int) ((e.position.x) * game.screen_width),&#10;&#9;&#9;&#9;&#9;&#9;&#9;&#9;&#9;&#9;&#9;&#9;(int) ((e.position.y) * game.screen_height),&#10;&#9;&#9;&#9;&#9;&#9;&#9;&#9;&#9;&#9;&#9;&#9;(int) (e.position.width * game.screen_width),&#10;&#9;&#9;&#9;&#9;&#9;&#9;&#9;&#9;&#9;&#9;&#9;(int) (e.position.height * game.screen_height),&#10;&#9;&#9;&#9;&#9;&#9;&#9;&#9;&#9;&#9;&#9;&#9;null);&#10;&#9;&#9;&#9;&#9;&#9;&#9;&#9;&#9;&#9;&#9;&#9;&#10;&#9;&#9;&#9;&#9;&#9;&#9;&#9;&#9;}&#10;&#9;&#9;&#9;&#9;&#9;&#9;&#9;}&#10;&#9;&#9;&#9;&#9;&#9;&#9;}&#10;&#9;&#9;&#9;&#9;&#9;}&#10;&#9;&#9;&#9;&#9;}&#10;&#9;&#9;&#9;}&#10;&#10;&#9;&#9;&#9;for (int i = 0; i &lt; game.map.buffers.size(); i++) {&#10;&#9;&#9;&#9;&#9;g.setColor(Color.RED);&#10;&#9;&#9;&#9;&#9;g.setFont(f2);&#10;&#9;&#9;&#9;&#9;Buffer b = game.map.buffers.get(i);&#10;&#9;&#9;&#9;&#9;&#10;&#9;&#9;&#9;&#9;g.setColor(Color.BLACK);&#10;&#9;&#9;&#9;&#9;if (b.ready) {&#10;&#9;&#9;&#9;&#9;&#9;g.drawImage(grass,&#10;&#9;&#9;&#9;&#9;&#9;&#9;&#9;(int) ((b.position.x) * game.screen_width),&#10;&#9;&#9;&#9;&#9;&#9;&#9;&#9;(int) ((b.position.y) * game.screen_height),&#10;&#9;&#9;&#9;&#9;&#9;&#9;&#9;(int) (b.menu_width * game.screen_width),&#10;&#9;&#9;&#9;&#9;&#9;&#9;&#9;(int) (b.menu_height * game.screen_height), null);&#10;&#10;&#9;&#9;&#9;&#9;&#9;if(b.is_clicked){&#10;&#9;&#9;&#9;&#9;&#9;&#9;g.drawImage(grass,&#10;&#9;&#9;&#9;&#9;&#9;&#9;&#9;&#9;(int) game.frame.getContentPane()&#10;&#9;&#9;&#9;&#9;&#9;&#9;&#9;&#9;.getMousePosition().getX()&#10;&#9;&#9;&#9;&#9;&#9;&#9;&#9;&#9;- (int) game.screen_width / 30,&#10;&#9;&#9;&#9;&#9;&#9;&#9;&#9;&#9;(int) game.frame.getContentPane()&#10;&#9;&#9;&#9;&#9;&#9;&#9;&#9;&#9;.getMousePosition().getY()&#10;&#9;&#9;&#9;&#9;&#9;&#9;&#9;&#9;- (int) game.screen_width / 30,&#10;&#9;&#9;&#9;&#9;&#9;&#9;&#9;&#9;(int) (b.position.width * game.screen_width),&#10;&#9;&#9;&#9;&#9;&#9;&#9;&#9;&#9;(int) (b.position.height * game.screen_height), null);&#10;&#9;&#9;&#9;&#9;&#9;&#9;&#10;&#9;&#9;&#9;&#9;&#9;}&#10;&#9;&#9;&#9;&#9;}&#10;&#9;&#9;&#9;}&#10;&#9;&#9;&#9;&#10;&#9;&#9;&#9;// draws pollutants&#10;&#9;&#9;&#9;&#9;&#9;&#9;for (int i = 0; i &lt; game.map.water_objects.size(); i++) {&#10;&#9;&#9;&#9;&#9;&#9;&#9;&#9;WaterObjects w = game.map.water_objects.get(i);&#10;&#9;&#9;&#9;&#9;&#9;&#9;&#9;g.setFont(f1);&#10;&#9;&#9;&#9;&#9;&#9;&#9;&#9;if (w.is_clicked) {&#10;&#9;&#9;&#9;&#9;&#9;&#9;&#9;&#9;g.setColor(Color.BLACK);&#10;&#10;&#9;&#9;&#9;&#9;&#9;&#9;&#9;&#9;// when the first fertilizer is clicked&#10;&#9;&#9;&#9;&#9;&#9;&#9;&#9;&#9;if (!first_fert &amp;&amp; w.id == &quot;f&quot;) {&#10;&#10;&#9;&#9;&#9;&#9;&#9;&#9;&#9;&#9;&#9;g.drawLine(&#10;&#9;&#9;&#9;&#9;&#9;&#9;&#9;&#9;&#9;&#9;&#9;(int) game.frame.getContentPane()&#10;&#9;&#9;&#9;&#9;&#9;&#9;&#9;&#9;&#9;&#9;&#9;&#9;&#9;.getMousePosition().getX(),&#10;&#9;&#9;&#9;&#9;&#9;&#9;&#9;&#9;&#9;&#9;&#9;&#10;&#9;&#9;&#9;&#9;&#9;&#9;&#9;&#9;&#9;&#9;&#9;(int) game.frame.getContentPane()&#10;&#9;&#9;&#9;&#9;&#9;&#9;&#9;&#9;&#9;&#9;&#9;&#9;&#9;.getMousePosition().getY(),&#10;&#9;&#9;&#9;&#9;&#9;&#9;&#9;&#10;&#9;&#9;&#9;&#9;&#9;&#9;&#9;&#9;&#9;&#9;&#9;(int) ((w.bin.position.x + .5 * w.bin.position.width) * game.screen_width),&#10;&#9;&#9;&#9;&#9;&#9;&#9;&#9;&#9;&#9;&#9;&#9;(int) ((w.bin.position.y + .5 * w.bin.position.height) * game.screen_height));&#10;&#10;&#9;&#9;&#9;&#9;&#9;&#9;&#9;&#9;&#9;g.drawOval(&#10;&#9;&#9;&#9;&#9;&#9;&#9;&#9;&#9;&#9;&#9;&#9;(int) ((w.bin.position.x + .4 * w.bin.position.width) * game.screen_width),&#10;&#9;&#9;&#9;&#9;&#9;&#9;&#9;&#9;&#9;&#9;&#9;(int) ((w.bin.position.y + .4 * w.bin.position.height) * game.screen_height),&#10;&#9;&#9;&#9;&#9;&#9;&#9;&#9;&#9;&#9;&#9;&#9;(int) (.2 * w.bin.position.width * game.screen_width),&#10;&#9;&#9;&#9;&#9;&#9;&#9;&#9;&#9;&#9;&#9;&#9;(int) (.2 * w.bin.position.height * game.screen_height));&#10;&#10;&#9;&#9;&#9;&#9;&#9;&#9;&#9;&#9;&#9;g.drawString(&#10;&#9;&#9;&#9;&#9;&#9;&#9;&#9;&#9;&#9;&#9;&#9;&quot;Fertilizer doesn't belong in the stream!&quot;,&#10;&#9;&#9;&#9;&#9;&#9;&#9;&#9;&#9;&#9;&#9;&#9;(int) (game.screen_width * .30),&#10;&#9;&#9;&#9;&#9;&#9;&#9;&#9;&#9;&#9;&#9;&#9;(int) ((game.map.river.position.y + .1) * game.screen_height));&#10;&#9;&#9;&#9;&#9;&#9;&#9;&#9;&#9;}&#10;&#9;&#9;&#9;&#9;&#9;&#9;&#9;&#9;// when the first oil is clicked&#10;&#9;&#9;&#9;&#9;&#9;&#9;&#9;&#9;if (!first_oil &amp;&amp; w.id != &quot;f&quot;) {&#10;&#9;&#9;&#9;&#9;&#9;&#9;&#9;&#9;&#9;g.drawLine(&#10;&#9;&#9;&#9;&#9;&#9;&#9;&#9;&#9;&#9;&#9;&#9;(int) game.frame.getContentPane().getMousePosition().getX(),&#9;&#9;&#10;&#9;&#9;&#9;&#9;&#9;&#9;&#9;&#9;&#9;&#9;&#9;(int) game.frame.getContentPane().getMousePosition().getY(),&#10;&#9;&#9;&#9;&#9;&#9;&#9;&#9;&#9;&#9;&#9;&#9;(int) ((w.bin.position.x + .5 * w.bin.position.width) * game.screen_width),&#10;&#9;&#9;&#9;&#9;&#9;&#9;&#9;&#9;&#9;&#9;&#9;(int) ((w.bin.position.y + .5 * w.bin.position.height) * game.screen_height));&#10;&#10;&#9;&#9;&#9;&#9;&#9;&#9;&#9;&#9;&#9;g.drawOval(&#10;&#9;&#9;&#9;&#9;&#9;&#9;&#9;&#9;&#9;&#9;&#9;(int) ((w.bin.position.x + .4 * w.bin.position.width) * game.screen_width),&#10;&#9;&#9;&#9;&#9;&#9;&#9;&#9;&#9;&#9;&#9;&#9;(int) ((w.bin.position.y + .4 * w.bin.position.height) * game.screen_height),&#10;&#9;&#9;&#9;&#9;&#9;&#9;&#9;&#9;&#9;&#9;&#9;(int) (.2 * w.bin.position.width * game.screen_width),&#10;&#9;&#9;&#9;&#9;&#9;&#9;&#9;&#9;&#9;&#9;&#9;(int) (.2 * w.bin.position.height * game.screen_height));&#10;&#10;&#9;&#9;&#9;&#9;&#9;&#9;&#9;&#9;&#9;g.drawString(&#10;&#9;&#9;&#9;&#9;&#9;&#9;&#9;&#9;&#9;&#9;&#9;&quot;Oil doesn't belong in the stream!&quot;,&#10;&#9;&#9;&#9;&#9;&#9;&#9;&#9;&#9;&#9;&#9;&#9;(int) (game.screen_width * .33),&#10;&#9;&#9;&#9;&#9;&#9;&#9;&#9;&#9;&#9;&#9;&#9;(int) ((game.map.river.position.y + .1) * game.screen_height));&#10;&#10;&#9;&#9;&#9;&#9;&#9;&#9;&#9;&#9;}&#10;&#10;&#9;&#9;&#9;&#9;&#9;&#9;&#9;&#9;g.setColor(w.color);&#10;&#9;&#9;&#9;&#9;&#9;&#9;&#9;&#9;g2d.setStroke(bs8);&#10;&#10;&#9;&#9;&#9;&#9;&#9;&#9;&#9;&#9;g.drawImage(w.image[w.cur_image], (int) game.frame&#10;&#9;&#9;&#9;&#9;&#9;&#9;&#9;&#9;&#9;&#9;.getContentPane().getMousePosition().getX()&#10;&#9;&#9;&#9;&#9;&#9;&#9;&#9;&#9;&#9;&#9;- (int) game.screen_width / 50, (int) game.frame&#10;&#9;&#9;&#9;&#9;&#9;&#9;&#9;&#9;&#9;&#9;.getContentPane().getMousePosition().getY()&#10;&#9;&#9;&#9;&#9;&#9;&#9;&#9;&#9;&#9;&#9;- (int) game.screen_width / 50,&#10;&#9;&#9;&#9;&#9;&#9;&#9;&#9;&#9;&#9;&#9;(int) game.screen_width / 25,&#10;&#9;&#9;&#9;&#9;&#9;&#9;&#9;&#9;&#9;&#9;(int) game.screen_width / 25, null);&#10;&#10;&#9;&#9;&#9;&#9;&#9;&#9;&#9;&#9;g2d.setStroke(bs4);&#10;&#9;&#9;&#9;&#9;&#9;&#9;&#9;&#9;// Draws where dragged WaterObject SHOULD be on screen&#10;&#9;&#9;&#9;&#9;&#9;&#9;&#9;&#9;g.setColor(Color.GRAY);&#10;&#9;&#9;&#9;&#9;&#9;&#9;&#9;&#9;g.drawOval((int) (w.position.x * game.screen_width),&#10;&#9;&#9;&#9;&#9;&#9;&#9;&#9;&#9;&#9;&#9;(int) (w.position.y * game.screen_height),&#10;&#9;&#9;&#9;&#9;&#9;&#9;&#9;&#9;&#9;&#9;(int) game.screen_width / 50,&#10;&#9;&#9;&#9;&#9;&#9;&#9;&#9;&#9;&#9;&#9;(int) game.screen_width / 50);&#10;&#10;&#9;&#9;&#9;&#9;&#9;&#9;&#9;} else if (w.position.x &gt; .99) {&#10;&#9;&#9;&#9;&#9;&#9;&#9;&#9;&#9;g.setColor(Color.RED);&#10;&#10;&#9;&#9;&#9;&#9;&#9;&#9;&#9;&#9;g.drawOval((int) ((.965) * game.screen_width),&#10;&#9;&#9;&#9;&#9;&#9;&#9;&#9;&#9;&#9;&#9;(int) (w.position.y * game.screen_height),&#10;&#9;&#9;&#9;&#9;&#9;&#9;&#9;&#9;&#9;&#9;(int) game.screen_width / 30,&#10;&#9;&#9;&#9;&#9;&#9;&#9;&#9;&#9;&#9;&#9;(int) game.screen_width / 30);&#10;&#9;&#9;&#9;&#9;&#9;&#9;&#9;&#9;g.setFont(f3);&#10;&#9;&#9;&#9;&#9;&#9;&#9;&#9;&#9;g.drawString(&quot;-10&quot;, (int) ((.97) * game.screen_width),&#10;&#9;&#9;&#9;&#9;&#9;&#9;&#9;&#9;&#9;&#9;(int) ((w.position.y + .03) * game.screen_height));&#10;&#10;&#9;&#9;&#9;&#9;&#9;&#9;&#9;} else {&#10;&#9;&#9;&#9;&#9;&#9;&#9;&#9;&#9;g.setColor(w.color);&#10;&#9;&#9;&#9;&#9;&#9;&#9;&#9;&#9;g.drawImage(w.image[w.cur_image],&#10;&#9;&#9;&#9;&#9;&#9;&#9;&#9;&#9;&#9;&#9;(int) (w.position.x * game.screen_width),&#10;&#9;&#9;&#9;&#9;&#9;&#9;&#9;&#9;&#9;&#9;(int) (w.position.y * game.screen_height),&#10;&#9;&#9;&#9;&#9;&#9;&#9;&#9;&#9;&#9;&#9;(int) game.screen_width / 40,&#10;&#9;&#9;&#9;&#9;&#9;&#9;&#9;&#9;&#9;&#9;(int) game.screen_width / 40, null);&#10;&#10;&#9;&#9;&#9;&#9;&#9;&#9;&#9;&#9;if (!first_oil &amp;&amp; w.id != &quot;f&quot;) {&#10;&#9;&#9;&#9;&#9;&#9;&#9;&#9;&#9;&#9;g.drawString(&quot;Click Me!&quot;,&#10;&#9;&#9;&#9;&#9;&#9;&#9;&#9;&#9;&#9;&#9;&#9;(int) (w.position.x * game.screen_width),&#10;&#9;&#9;&#9;&#9;&#9;&#9;&#9;&#9;&#9;&#9;&#9;(int) (w.position.y * game.screen_height));&#10;&#9;&#9;&#9;&#9;&#9;&#9;&#9;&#9;}&#10;&#9;&#9;&#9;&#9;&#9;&#9;&#9;&#9;if (!first_fert &amp;&amp; w.id == &quot;f&quot;) {&#10;&#9;&#9;&#9;&#9;&#9;&#9;&#9;&#9;&#9;g.drawString(&quot;Click Me!&quot;,&#10;&#9;&#9;&#9;&#9;&#9;&#9;&#9;&#9;&#9;&#9;&#9;(int) (w.position.x * game.screen_width),&#10;&#9;&#9;&#9;&#9;&#9;&#9;&#9;&#9;&#9;&#9;&#9;(int) (w.position.y * game.screen_height));&#10;&#9;&#9;&#9;&#9;&#9;&#9;&#9;&#9;}&#10;&#9;&#9;&#9;&#9;&#9;&#9;&#9;}&#10;&#10;&#9;&#9;&#9;&#9;&#9;&#9;}&#10;&#10;&#9;&#9;&#9;&#9;&#9;&#9;&#10;&#9;&#9;&#9;/**&#10;&#9;&#9;&#9; * Mason&#10;&#9;&#9;&#9; * &#10;&#9;&#9;&#9; * Greys out the game if either the quiz/feedback or the end game screen is up&#10;&#9;&#9;&#9; */&#10;&#9;&#9;&#9;if(game.quizMode || game.quizFeedbackMode || game.score_up){&#10;&#9;&#9;&#9;&#9;Color myColor = new Color(192,192,192,200);&#10;&#9;&#9;&#9;&#9;g.setColor(myColor);&#10;&#9;&#9;&#9;&#9;g.fillRect(1,1,(int)game.screen_width,(int)game.screen_height);&#10;&#9;&#9;&#9;}&#10;&#9;&#9;&#9;&#10;&#9;&#9;&#9;&#9;&#9;&#9;&#10;&#9;&#9;&#9;/**&#10;&#9;&#9;&#9; * Steve Pauses game &amp; draws the quiz window&#10;&#9;&#9;&#9; */&#10;&#9;&#9;&#9;// Draws the quiz window&#10;&#10;&#9;&#9;&#9;if (game.quizMode) {&#10;&#9;&#9;&#9;&#9;int clicked = game.input_handler.powerupclicked;&#10;&#9;&#9;&#9;&#9;if(game.updates){&#10;&#9;&#9;&#9;&#9;&#9; currQuiz = game.quiz_bank[game.rand.nextInt(8)];&#10;&#9;&#9;&#9;&#9;&#9;while (true) {&#10;&#9;&#9;&#9;&#9;&#9;&#9;if (currQuiz.asked == false) {&#10;&#9;&#9;&#9;&#9;&#9;&#9;&#9;game.map.power_ups.get(clicked).quiz = currQuiz;&#10;&#9;&#9;&#9;&#9;&#9;&#9;&#9;break;&#10;&#9;&#9;&#9;&#9;&#9;&#9;} else {&#10;&#9;&#9;&#9;&#9;&#9;&#9;&#9;currQuiz = game.quiz_bank[game.rand.nextInt(8)];&#10;&#9;&#9;&#9;&#9;&#9;&#9;}&#10;&#9;&#9;&#9;&#9;&#9;}&#10;&#9;&#9;&#9;&#9;&#9;game.updates = false;&#10;&#9;&#9;&#9;&#9;}&#10;&#9;&#9;&#9;&#9;g.setColor(Color.CYAN);&#10;&#9;&#9;&#9;&#9;g.drawRect((int) (game.screen_width * .2),&#10;&#9;&#9;&#9;&#9;&#9;&#9;(int) (game.screen_height * .2),&#10;&#9;&#9;&#9;&#9;&#9;&#9;(int) (game.screen_width * .6),&#10;&#9;&#9;&#9;&#9;&#9;&#9;(int) (game.screen_height * .6));&#10;&#9;&#9;&#9;&#9;Color myColor = new Color(0, 0, 0, 200);&#10;&#9;&#9;&#9;&#9;g.setColor(myColor);&#10;&#9;&#9;&#9;&#9;g.fillRect((int) (game.screen_width * .2),&#10;&#9;&#9;&#9;&#9;&#9;&#9;(int) (game.screen_height * .2),&#10;&#9;&#9;&#9;&#9;&#9;&#9;(int) (game.screen_width * .6),&#10;&#9;&#9;&#9;&#9;&#9;&#9;(int) (game.screen_height * .6));&#10;&#9;&#9;&#9;&#9;g.setColor(Color.GREEN);&#10;&#9;&#9;&#9;&#9;g.setFont(f3);&#10;&#9;&#9;&#9;&#9;g.drawString(currQuiz.question,&#10;&#9;&#9;&#9;&#9;&#9;&#9;(int) (.31 * game.screen_width),&#10;&#9;&#9;&#9;&#9;&#9;&#9;(int) (.24 * game.screen_height));&#10;&#9;&#9;&#9;&#9;g.setColor(Color.GREEN);&#10;&#9;&#9;&#9;&#9;g.drawImage(raindrop, (int) (.29 * game.screen_width),&#10;&#9;&#9;&#9;&#9;&#9;&#9;(int) (.28 * game.screen_height),&#10;&#9;&#9;&#9;&#9;&#9;&#9;(int) (game.screen_width / 30),&#10;&#9;&#9;&#9;&#9;&#9;&#9;(int) (game.screen_width / 30), null);&#10;&#9;&#9;&#9;&#9;g.drawImage(raindrop, (int) (.29 * game.screen_width),&#10;&#9;&#9;&#9;&#9;&#9;&#9;(int) (.40 * game.screen_height),&#10;&#9;&#9;&#9;&#9;&#9;&#9;(int) (game.screen_width / 30),&#10;&#9;&#9;&#9;&#9;&#9;&#9;(int) (game.screen_width / 30), null);&#10;&#9;&#9;&#9;&#9;g.drawImage(raindrop, (int) (.29 * game.screen_width),&#10;&#9;&#9;&#9;&#9;&#9;&#9;(int) (.52 * game.screen_height),&#10;&#9;&#9;&#9;&#9;&#9;&#9;(int) (game.screen_width / 30),&#10;&#9;&#9;&#9;&#9;&#9;&#9;(int) (game.screen_width / 30), null);&#10;&#9;&#9;&#9;&#9;g.drawImage(raindrop, (int) (.29 * game.screen_width),&#10;&#9;&#9;&#9;&#9;&#9;&#9;(int) (.64 * game.screen_height),&#10;&#9;&#9;&#9;&#9;&#9;&#9;(int) (game.screen_width / 30),&#10;&#9;&#9;&#9;&#9;&#9;&#9;(int) (game.screen_width / 30), null);&#10;&#9;&#9;&#9;&#9;g.drawRect((int) (.29 * game.screen_width),&#10;&#9;&#9;&#9;&#9;&#9;&#9;(int) (.28 * game.screen_height),&#10;&#9;&#9;&#9;&#9;&#9;&#9;(int) (game.screen_width / 30),&#10;&#9;&#9;&#9;&#9;&#9;&#9;(int) (game.screen_width / 30));&#10;&#9;&#9;&#9;&#9;g.drawRect((int) (.29 * game.screen_width),&#10;&#9;&#9;&#9;&#9;&#9;&#9;(int) (.40 * game.screen_height),&#10;&#9;&#9;&#9;&#9;&#9;&#9;(int) (game.screen_width / 30),&#10;&#9;&#9;&#9;&#9;&#9;&#9;(int) (game.screen_width / 30));&#10;&#9;&#9;&#9;&#9;g.drawRect((int) (.29 * game.screen_width),&#10;&#9;&#9;&#9;&#9;&#9;&#9;(int) (.52 * game.screen_height),&#10;&#9;&#9;&#9;&#9;&#9;&#9;(int) (game.screen_width / 30),&#10;&#9;&#9;&#9;&#9;&#9;&#9;(int) (game.screen_width / 30));&#10;&#9;&#9;&#9;&#9;g.drawRect((int) (.29 * game.screen_width),&#10;&#9;&#9;&#9;&#9;&#9;&#9;(int) (.64 * game.screen_height),&#10;&#9;&#9;&#9;&#9;&#9;&#9;(int) (game.screen_width / 30),&#10;&#9;&#9;&#9;&#9;&#9;&#9;(int) (game.screen_width / 30));&#10;&#9;&#9;&#9;&#9;g.setFont(f2);&#10;&#9;&#9;&#9;&#9;g.drawString(currQuiz.choices[0],&#10;&#9;&#9;&#9;&#9;&#9;&#9;(int) (game.screen_width * .36),&#10;&#9;&#9;&#9;&#9;&#9;&#9;(int) (game.screen_height * .32));&#10;&#9;&#9;&#9;&#9;g.drawString(currQuiz.choices[1],&#10;&#9;&#9;&#9;&#9;&#9;&#9;(int) (game.screen_width * .36),&#10;&#9;&#9;&#9;&#9;&#9;&#9;(int) (game.screen_height * .44));&#10;&#9;&#9;&#9;&#9;g.drawString(currQuiz.choices[2],&#10;&#9;&#9;&#9;&#9;&#9;&#9;(int) (game.screen_width * .36),&#10;&#9;&#9;&#9;&#9;&#9;&#9;(int) (game.screen_height * .56));&#10;&#9;&#9;&#9;&#9;g.drawString(currQuiz.choices[3],&#10;&#9;&#9;&#9;&#9;&#9;&#9;(int) (game.screen_width * .36),&#10;&#9;&#9;&#9;&#9;&#9;&#9;(int) (game.screen_height * .68));&#10;&#9;&#10;&#9;&#9;&#9;&#9;// Mason&#10;&#9;&#9;&#9;&#9;// when the first quiz is displayed&#10;&#9;&#9;&#9;&#9;if (!first_quiz) {&#10;&#9;&#9;&#9;&#9;&#9;g.setColor(Color.YELLOW);&#10;&#9;&#9;&#9;&#9;&#9;g.drawLine(&#10;&#9;&#9;&#9;&#9;&#9;&#9;&#9;(int) (game.screen_width * .11),&#9;&#9;&#10;&#9;&#9;&#9;&#9;&#9;&#9;&#9;(int) (game.screen_height * .16),&#10;&#9;&#9;&#9;&#9;&#9;&#9;&#9;(int) (.29 * game.screen_width),&#10;&#9;&#9;&#9;&#9;&#9;&#9;&#9;(int) (.28 * (game.screen_height+game.screen_width/15)));&#10;&#9;&#9;&#9;&#9;&#9;g.drawLine(&#10;&#9;&#9;&#9;&#9;&#9;&#9;&#9;(int) (game.screen_width * .11),&#9;&#9;&#10;&#9;&#9;&#9;&#9;&#9;&#9;&#9;(int) (game.screen_height * .16),&#10;&#9;&#9;&#9;&#9;&#9;&#9;&#9;(int) (.29 * game.screen_width),&#10;&#9;&#9;&#9;&#9;&#9;&#9;&#9;(int) (.38 * (game.screen_height+game.screen_width/15)));&#10;&#9;&#9;&#9;&#9;&#9;g.drawLine(&#10;&#9;&#9;&#9;&#9;&#9;&#9;&#9;(int) (game.screen_width * .11),&#9;&#9;&#10;&#9;&#9;&#9;&#9;&#9;&#9;&#9;(int) (game.screen_height * .16),&#10;&#9;&#9;&#9;&#9;&#9;&#9;&#9;(int) (.29 * game.screen_width),&#10;&#9;&#9;&#9;&#9;&#9;&#9;&#9;(int) (.49 * (game.screen_height+game.screen_width/15)));&#10;&#9;&#9;&#9;&#9;&#9;g.drawLine(&#10;&#9;&#9;&#9;&#9;&#9;&#9;&#9;(int) (game.screen_width * .11),&#9;&#9;&#10;&#9;&#9;&#9;&#9;&#9;&#9;&#9;(int) (game.screen_height * .16),&#10;&#9;&#9;&#9;&#9;&#9;&#9;&#9;(int) (.29 * game.screen_width),&#10;&#9;&#9;&#9;&#9;&#9;&#9;&#9;(int) (.60 * (game.screen_height+game.screen_width/15)));&#10;&#9;&#9;&#9;&#9;&#9;g.drawOval(&#10;&#9;&#9;&#9;&#9;&#9;&#9;&#9;(int) (.29 * game.screen_width),&#10;&#9;&#9;&#9;&#9;&#9;&#9;&#9;(int) (.28 * game.screen_height),&#10;&#9;&#9;&#9;&#9;&#9;&#9;&#9;(int) (game.screen_width / 30),&#10;&#9;&#9;&#9;&#9;&#9;&#9;&#9;(int) (game.screen_width / 30));&#10;&#9;&#9;&#9;&#9;&#9;g.drawOval(&#10;&#9;&#9;&#9;&#9;&#9;&#9;&#9;(int) (.29 * game.screen_width),&#10;&#9;&#9;&#9;&#9;&#9;&#9;&#9;(int) (.40 * game.screen_height),&#10;&#9;&#9;&#9;&#9;&#9;&#9;&#9;(int) (game.screen_width / 30),&#10;&#9;&#9;&#9;&#9;&#9;&#9;&#9;(int) (game.screen_width / 30));&#10;&#9;&#9;&#9;&#9;&#9;g.drawOval(&#10;&#9;&#9;&#9;&#9;&#9;&#9;&#9;(int) (.29 * game.screen_width),&#10;&#9;&#9;&#9;&#9;&#9;&#9;&#9;(int) (.52 * game.screen_height),&#10;&#9;&#9;&#9;&#9;&#9;&#9;&#9;(int) (game.screen_width / 30),&#10;&#9;&#9;&#9;&#9;&#9;&#9;&#9;(int) (game.screen_width / 30));&#10;&#9;&#9;&#9;&#9;&#9;g.drawOval(&#10;&#9;&#9;&#9;&#9;&#9;&#9;&#9;(int) (.29 * game.screen_width),&#10;&#9;&#9;&#9;&#9;&#9;&#9;&#9;(int) (.64 * game.screen_height),&#10;&#9;&#9;&#9;&#9;&#9;&#9;&#9;(int) (game.screen_width / 30),&#10;&#9;&#9;&#9;&#9;&#9;&#9;&#9;(int) (game.screen_width / 30));&#10;&#9;&#9;&#9;&#9;&#9;g.setColor(Color.RED);&#10;&#9;&#9;&#9;&#9;&#9;g.setFont(f1);&#10;&#9;&#9;&#9;&#9;&#9;g.drawString(&#10;&#9;&#9;&#9;&#9;&#9;&#9;&#9;&quot;Read the question and&quot;,&#10;&#9;&#9;&#9;&#9;&#9;&#9;&#9;(int) (game.screen_width * .025),&#10;&#9;&#9;&#9;&#9;&#9;&#9;&#9;(int) (game.screen_height*.1));&#10;&#9;&#9;&#9;&#9;&#9;g.drawString(&#10;&#9;&#9;&#9;&#9;&#9;&#9;&#9;&quot;choose the best answer!&quot;,&#10;&#9;&#9;&#9;&#9;&#9;&#9;&#9;(int) (game.screen_width * .025),&#10;&#9;&#9;&#9;&#9;&#9;&#9;&#9;(int) (game.screen_height*.14));&#10;&#9;&#9;&#9;&#9;}&#10;&#9;&#9;&#9;}&#10;&#9;&#9;&#9;&#10;&#9;&#9;&#9;if (game.quizFeedbackMode) {&#10;&#9;&#9;&#9;&#9;int clicked = game.input_handler.powerupclicked;&#10;&#9;&#9;&#9;&#9;game.updates = true;&#10;&#9;&#9;&#9;&#9;g.setColor(trans_grey);&#10;&#9;&#9;&#9;&#9;g.fillRect((int) (game.screen_width * .2),&#10;&#9;&#9;&#9;&#9;&#9;&#9;(int) (game.screen_height * .2),&#10;&#9;&#9;&#9;&#9;&#9;&#9;(int) (game.screen_width * .6),&#10;&#9;&#9;&#9;&#9;&#9;&#9;(int) (game.screen_height * .6));&#10;&#9;&#9;&#9;&#9;g.setColor(Color.BLACK);&#10;&#9;&#9;&#9;&#9;g.setFont(f1);&#10;&#9;&#9;&#9;&#9;g.drawString(currQuiz.feedback_string,&#10;&#9;&#9;&#9;&#9;&#9;&#9;(int) (.29 * game.screen_width),&#10;&#9;&#9;&#9;&#9;&#9;&#9;(int) (.24 * game.screen_height));&#10;&#9;&#9;&#9;&#9;if(currQuiz.answered_correctly){&#10;&#9;&#9;&#9;&#9;&#9;g.drawString(game.map.power_ups.get(clicked).effect_string1,&#10;&#9;&#9;&#9;&#9;&#9;&#9;&#9;(int) (.29 * game.screen_width),&#10;&#9;&#9;&#9;&#9;&#9;&#9;&#9;(int) (.30 * game.screen_height));&#10;&#9;&#9;&#9;&#9;&#9;g.drawString(game.map.power_ups.get(clicked).effect_string2,&#10;&#9;&#9;&#9;&#9;&#9;&#9;&#9;(int) (.29 * game.screen_width),&#10;&#9;&#9;&#9;&#9;&#9;&#9;&#9;(int) (.38 * game.screen_height));&#10;&#9;&#9;&#9;&#9;}&#10;&#9;&#9;&#9;&#9;g.drawImage(city1,&#10;&#9;&#9;&#9;&#9;&#9;&#9;(int) (.25 * game.screen_width),&#10;&#9;&#9;&#9;&#9;&#9;&#9;(int) (.45 * game.screen_height),&#10;&#9;&#9;&#9;&#9;&#9;&#9;(int) (.5 * game.screen_width),&#10;&#9;&#9;&#9;&#9;&#9;&#9;(int) (.3 * game.screen_height), null);&#10;&#9;&#9;&#9;&#9;if(game.feedbackStartTime &lt; 0){&#10;&#9;&#9;&#9;&#9;&#9;game.feedbackStartTime = System.currentTimeMillis();&#10;&#9;&#9;&#9;&#9;}&#10;&#9;&#9;&#9;&#10;&#9;&#9;&#9;&#9;else if((System.currentTimeMillis() - game.feedbackStartTime)&gt;6000){&#10;&#9;&#9;&#9;&#9;&#9;game.quizFeedbackMode = false;&#10;&#9;&#9;&#9;&#9;&#9;game.pause_or_unpause();&#10;&#9;&#9;&#9;&#9;}&#10;&#9;&#9;&#9;}&#10;&#10;&#10;&#9;&#9;&#9;// draws all necessary game over information&#10;&#9;&#9;&#9;if (game.game_time &lt;= 0) {&#10;&#10;&#9;&#9;&#9;&#9;g.setColor(Color.GRAY);&#10;&#9;&#9;&#9;&#9;g.fillRect((int) (game.screen_width * .25),&#10;&#9;&#9;&#9;&#9;&#9;&#9;(int) (game.screen_height * .25),&#10;&#9;&#9;&#9;&#9;&#9;&#9;(int) (game.screen_width * .5),&#10;&#9;&#9;&#9;&#9;&#9;&#9;(int) (game.screen_height * .5));&#10;&#9;&#9;&#9;&#9;g.setColor(Color.BLACK);&#10;&#9;&#9;&#9;&#9;g.setFont(f1);&#10;&#9;&#9;&#9;&#9;g.drawString(&quot;The Storm Has Passed!&quot;,&#10;&#9;&#9;&#9;&#9;&#9;&#9;(int) (game.screen_width * .39),&#10;&#9;&#9;&#9;&#9;&#9;&#9;(int) (game.screen_height * .33));&#10;&#10;&#9;&#9;&#9;&#9;g.drawImage(back_to_menu, (int) (0.25 * game.screen_width),&#10;&#9;&#9;&#9;&#9;&#9;&#9;(int) (0.55 * game.screen_height),&#10;&#9;&#9;&#9;&#9;&#9;&#9;(int) (0.2 * game.screen_width),&#10;&#9;&#9;&#9;&#9;&#9;&#9;(int) (0.2 * game.screen_height), null);&#10;&#10;&#9;&#9;&#9;&#9;g.setFont(f3);&#10;&#9;&#9;&#9;&#9;g.setColor(Color.BLUE);&#10;&#10;&#9;&#9;&#9;&#9;g.drawString(&quot;Oil:&quot;, (int) (game.screen_width * .33),&#10;&#9;&#9;&#9;&#9;&#9;&#9;(int) (game.screen_height * .43));&#10;&#9;&#9;&#9;&#9;g.drawString(&#10;&#9;&#9;&#9;&#9;&#9;&#9;Integer.toString(game.player.player_score.oil_count)&#10;&#9;&#9;&#9;&#9;&#9;&#9;&#9;&#9;+ &quot; x 10  = &quot;&#10;&#9;&#9;&#9;&#9;&#9;&#9;&#9;&#9;+ Integer&#10;&#9;&#9;&#9;&#9;&#9;&#9;&#9;&#9;&#9;&#9;.toString(game.player.player_score.oil_count * 10),&#10;&#9;&#9;&#9;&#9;&#9;&#9;(int) (game.screen_width * .46),&#10;&#9;&#9;&#9;&#9;&#9;&#9;(int) (game.screen_height * .43));&#10;&#10;&#9;&#9;&#9;&#9;g.drawString(&quot;Fertilizer:&quot;, (int) (game.screen_width * .33),&#10;&#9;&#9;&#9;&#9;&#9;&#9;(int) (game.screen_height * .46));&#10;&#9;&#9;&#9;&#9;g.drawString(&#10;&#9;&#9;&#9;&#9;&#9;&#9;Integer.toString(game.player.player_score.fertilizer_count)&#10;&#9;&#9;&#9;&#9;&#9;&#9;&#9;&#9;+ &quot; x 10  = &quot;&#10;&#9;&#9;&#9;&#9;&#9;&#9;&#9;&#9;+ Integer&#10;&#9;&#9;&#9;&#9;&#9;&#9;&#9;&#9;&#9;&#9;.toString(game.player.player_score.fertilizer_count * 10),&#10;&#9;&#9;&#9;&#9;&#9;&#9;(int) (game.screen_width * .46),&#10;&#9;&#9;&#9;&#9;&#9;&#9;(int) (game.screen_height * .46));&#10;&#10;&#9;&#9;&#9;&#9;g.setColor(Color.RED);&#10;&#9;&#9;&#9;&#9;g.drawString(&quot;Oil:&quot;, (int) (game.screen_width * .33),&#10;&#9;&#9;&#9;&#9;&#9;&#9;(int) (game.screen_height * .49));&#10;&#9;&#9;&#9;&#9;g.drawString(&#10;&#9;&#9;&#9;&#9;&#9;&#9;Integer.toString(game.player.player_score.oil_lost)&#10;&#9;&#9;&#9;&#9;&#9;&#9;&#9;&#9;+ &quot; x 10  = &quot;&#10;&#9;&#9;&#9;&#9;&#9;&#9;&#9;&#9;+ Integer&#10;&#9;&#9;&#9;&#9;&#9;&#9;&#9;&#9;&#9;&#9;.toString(-1&#10;&#9;&#9;&#9;&#9;&#9;&#9;&#9;&#9;&#9;&#9;&#9;&#9;* (game.player.player_score.oil_lost * 10)),&#10;&#9;&#9;&#9;&#9;&#9;&#9;(int) (game.screen_width * .46),&#10;&#9;&#9;&#9;&#9;&#9;&#9;(int) (game.screen_height * .49));&#10;&#9;&#9;&#9;&#9;g.drawString(&quot;Fertilizer:&quot;, (int) (game.screen_width * .33),&#10;&#9;&#9;&#9;&#9;&#9;&#9;(int) (game.screen_height * .52));&#10;&#9;&#9;&#9;&#9;g.drawString(&#10;&#9;&#9;&#9;&#9;&#9;&#9;Integer.toString(game.player.player_score.fertilizer_lost)&#10;&#9;&#9;&#9;&#9;&#9;&#9;&#9;&#9;+ &quot; x 10  = &quot;&#10;&#9;&#9;&#9;&#9;&#9;&#9;&#9;&#9;+ Integer&#10;&#9;&#9;&#9;&#9;&#9;&#9;&#9;&#9;&#9;&#9;.toString(-1&#10;&#9;&#9;&#9;&#9;&#9;&#9;&#9;&#9;&#9;&#9;&#9;&#9;* (game.player.player_score.fertilizer_lost * 10)),&#10;&#9;&#9;&#9;&#9;&#9;&#9;(int) (game.screen_width * .46),&#10;&#9;&#9;&#9;&#9;&#9;&#9;(int) (game.screen_height * .52));&#10;&#10;&#9;&#9;&#9;&#9;g.setFont(f1);&#10;&#10;&#9;&#9;&#9;&#9;g.setColor(Color.BLACK);&#10;&#9;&#9;&#9;&#9;g.drawString(&#10;&#9;&#9;&#9;&#9;&#9;&#9;&quot;Total &quot;&#10;&#9;&#9;&#9;&#9;&#9;&#9;&#9;&#9;+ Integer&#10;&#9;&#9;&#9;&#9;&#9;&#9;&#9;&#9;&#9;&#9;.toString(game.player.player_score.game_score),&#10;&#9;&#9;&#9;&#9;&#9;&#9;(int) (game.screen_width * .57),&#10;&#9;&#9;&#9;&#9;&#9;&#9;(int) (game.screen_height * .52));&#10;&#10;&#9;&#9;&#9;&#9;g.setColor(Color.BLACK);&#10;&#9;&#9;&#9;&#9;g.setFont(f4);&#10;&#9;&#9;&#9;&#9;g.drawString(&quot;High Score List&quot;,&#10;&#9;&#9;&#9;&#9;&#9;&#9;(int) (game.screen_width * .45),&#10;&#9;&#9;&#9;&#9;&#9;&#9;(int) (game.screen_height * .58));&#10;&#9;&#9;&#9;&#9;&#10;&#9;&#9;&#9;&#9;Score_data.clear();&#10;&#9;&#9;&#9;&#9;for (int i = 0; i &lt; 10; i++) {&#10;&#9;&#9;&#9;&#9;&#9;try {&#10;&#9;&#9;&#9;&#9;&#9;&#9;this.Score_data.add(i,HighScoreList.getScores().get(i));&#10;&#9;&#9;&#9;&#9;&#9;} catch (Exception e) {&#10;&#9;&#9;&#9;&#9;&#9;&#9;System.out.println(&quot;not 10 scores&quot;);&#10;&#9;&#9;&#9;&#9;&#9;}&#10;&#9;&#9;&#9;&#9;}&#10;&#10;&#9;&#9;&#9;&#9;double h = 0.63;&#10;&#9;&#9;&#9;&#9;// rank&#10;&#9;&#9;&#9;&#9;for (int i = 0; i &lt; 3; i++) {&#10;&#9;&#9;&#9;&#9;&#9;g.drawString(Score_data.get(i).display()[0],&#10;&#9;&#9;&#9;&#9;&#9;&#9;&#9;(int) (0.43 * game.screen_width),&#10;&#9;&#9;&#9;&#9;&#9;&#9;&#9;(int) (h * game.screen_height));&#10;&#9;&#9;&#9;&#9;&#9;h = h + 0.03;&#10;&#9;&#9;&#9;&#9;}&#10;&#10;&#9;&#9;&#9;&#9;// name&#10;&#9;&#9;&#9;&#9;h = 0.63;&#10;&#9;&#9;&#9;&#9;for (int i = 0; i &lt; 3; i++) {&#10;&#9;&#9;&#9;&#9;&#9;g.drawString(Score_data.get(i).display()[1],&#10;&#9;&#9;&#9;&#9;&#9;&#9;&#9;(int) (0.46 * game.screen_width),&#10;&#9;&#9;&#9;&#9;&#9;&#9;&#9;(int) (h * game.screen_height));&#10;&#9;&#9;&#9;&#9;&#9;h = h + 0.03;&#10;&#9;&#9;&#9;&#9;}&#10;&#10;&#9;&#9;&#9;&#9;// score&#10;&#9;&#9;&#9;&#9;h = 0.63;&#10;&#9;&#9;&#9;&#9;for (int i = 0; i &lt; 3; i++) {&#10;&#9;&#9;&#9;&#9;&#9;g.drawString(Score_data.get(i).display()[2],&#10;&#9;&#9;&#9;&#9;&#9;&#9;&#9;(int) (0.52 * game.screen_width),&#10;&#9;&#9;&#9;&#9;&#9;&#9;&#9;(int) (h * game.screen_height));&#10;&#9;&#9;&#9;&#9;&#9;h = h + 0.03;&#10;&#9;&#9;&#9;&#9;}&#10;&#10;&#9;&#9;&#9;&#9;// date&#10;&#9;&#9;&#9;&#9;h = 0.63;&#10;&#9;&#9;&#9;&#9;for (int i = 0; i &lt; 3; i++) {&#10;&#9;&#9;&#9;&#9;&#9;g.drawString(Score_data.get(i).display()[3],&#10;&#9;&#9;&#9;&#9;&#9;&#9;&#9;(int) (0.58 * game.screen_width),&#10;&#9;&#9;&#9;&#9;&#9;&#9;&#9;(int) (h * game.screen_height));&#10;&#9;&#9;&#9;&#9;&#9;h = h + 0.03;&#10;&#9;&#9;&#9;&#9;}&#10;&#9;&#9;&#9;&#9;&#10;&#9;&#9;&#9;&#9;&#10;&#10;&#9;&#9;&#9;&#9;// to show where current players score lies&#10;&#9;&#9;&#9;&#9;try {&#10;&#9;&#9;&#9;&#9;&#9;ScoreData d4 = HighScoreList.getScores().get(&#10;&#9;&#9;&#9;&#9;&#9;&#9;&#9;game.player.get_players_rank());&#10;&#9;&#9;&#9;&#9;&#9;g.drawString(&#10;&#9;&#9;&#9;&#9;&#9;&#9;&#9;Integer.toString(game.player.get_players_rank() + 1)&#10;&#9;&#9;&#9;&#9;&#9;&#9;&#9;&#9;&#9;+ &quot;. &quot;, (int) (game.screen_width * .43),&#10;&#9;&#9;&#9;&#9;&#9;&#9;&#9;(int) (game.screen_height * .72));&#10;&#9;&#9;&#9;&#9;&#9;g.drawString(d4.name, (int) (game.screen_width * .46),&#10;&#9;&#9;&#9;&#9;&#9;&#9;&#9;(int) (game.screen_height * .72));&#10;&#9;&#9;&#9;&#9;&#9;g.drawString(Double.toString(d4.score),&#10;&#9;&#9;&#9;&#9;&#9;&#9;&#9;(int) (game.screen_width * .52),&#10;&#9;&#9;&#9;&#9;&#9;&#9;&#9;(int) (game.screen_height * .72));&#10;&#9;&#9;&#9;&#9;&#9;g.drawString(d4.date, (int) (game.screen_width * .58),&#10;&#9;&#9;&#9;&#9;&#9;&#9;&#9;(int) (game.screen_height * .72));&#10;&#9;&#9;&#9;&#9;&#9;g.setColor(Color.CYAN);&#10;&#10;&#9;&#9;&#9;&#9;&#9;g.drawRect((int) (game.screen_width * .42),&#10;&#9;&#9;&#9;&#9;&#9;&#9;&#9;(int) (game.screen_height * .695),&#10;&#9;&#9;&#9;&#9;&#9;&#9;&#9;(int) (.23 * game.screen_width),&#10;&#9;&#9;&#9;&#9;&#9;&#9;&#9;(int) (.035 * game.screen_height));&#10;&#9;&#9;&#9;&#9;} catch (NullPointerException e) {&#10;&#9;&#9;&#9;&#9;}&#10;&#10;&#9;&#9;&#9;}&#10;&#10;&#9;&#9;}&#10;&#9;}&#10;&#10;}" Filename="DrawGame.java" Intrnl_Id="27"/>
<SrcFile Content="package group2.game;&#13;&#10;&#13;&#10;import java.awt.Image;&#13;&#10;import java.util.Random;&#13;&#10;&#13;&#10;//Ben Gotthold&#13;&#10;// 5/1&#13;&#10;&#13;&#10;public class City {&#13;&#10;&#9;RapidRunoffGame game;&#13;&#10;&#13;&#10;&#9;Random generator = new Random();&#13;&#10;&#9;int update_count = 0;&#13;&#10;&#9;public Image[] buildings = { null, null, null, null, null, null, null };&#13;&#10;&#9;public Image[][] clouds = {&#13;&#10;&#9;&#9;&#9;{ null, null, null, null, null, null, null, null, null, null },&#13;&#10;&#9;&#9;&#9;{ null, null, null, null, null, null, null, null, null, null } };&#13;&#10;&#13;&#10;&#9;public Image cloudL;&#13;&#10;&#9;public Image cloudCL;&#13;&#10;&#9;public Image cloudCR;&#13;&#10;&#9;public Image cloudCLS;&#13;&#10;&#9;public Image cloudCRS;&#13;&#10;&#9;public Image cloudR;&#13;&#10;&#9;public Image city1;&#13;&#10;&#9;public Image city2;&#13;&#10;&#13;&#10;&#9;public City(RapidRunoffGame game) {&#13;&#10;&#9;&#9;this.game = game;&#13;&#10;&#13;&#10;&#9;&#9;this.cloudL = DrawGame.cloudL;&#13;&#10;&#9;&#9;this.cloudCL = DrawGame.cloudCL;&#13;&#10;&#9;&#9;this.cloudCR = DrawGame.cloudCR;&#13;&#10;&#9;&#9;this.cloudCLS = DrawGame.cloudCLS;&#13;&#10;&#9;&#9;this.cloudCRS = DrawGame.cloudCRS;&#13;&#10;&#9;&#9;this.cloudR = DrawGame.cloudR;&#13;&#10;&#9;&#9;this.city1 = DrawGame.city1;&#13;&#10;&#9;&#9;this.city2 = DrawGame.city2;&#13;&#10;&#13;&#10;&#9;}&#13;&#10;&#13;&#10;&#9;public void update() {&#13;&#10;&#9;&#9;update_count++;&#13;&#10;&#13;&#10;&#9;&#9;if (update_count &gt; 10) {&#13;&#10;&#9;&#9;&#9;update_count = 0;&#13;&#10;&#9;&#9;&#9;// increase in strike results in less lightning strikes&#13;&#10;&#9;&#9;&#9;int strike = generator.nextInt(15) + 1;&#13;&#10;&#9;&#9;&#9;int random_index = generator.nextInt(9) + 1;&#13;&#10;&#13;&#10;&#9;&#9;&#9;if (game.game_time % (strike) == 0) {&#13;&#10;&#9;&#9;&#9;&#9;if (clouds[0][random_index] != null) {&#13;&#10;&#9;&#9;&#9;&#9;&#9;clouds[0][random_index] = clouds[1][random_index];&#13;&#10;&#9;&#9;&#9;&#9;&#9;updateClouds();&#13;&#10;&#9;&#9;&#9;&#9;&#9;clouds[0][random_index] = clouds[1][random_index];&#13;&#10;&#13;&#10;&#9;&#9;&#9;&#9;}&#13;&#10;&#9;&#9;&#9;}&#13;&#10;&#13;&#10;&#9;&#9;&#9;else {&#13;&#10;&#9;&#9;&#9;&#9;updateClouds();&#13;&#10;&#13;&#10;&#9;&#9;&#9;}&#13;&#10;&#9;&#9;}&#13;&#10;&#13;&#10;&#9;}&#13;&#10;&#13;&#10;&#9;public void updateClouds() {&#13;&#10;&#9;&#9;if (game.game_time &lt; 120000) {&#13;&#10;&#13;&#10;&#9;&#9;&#9;clouds[0][3] = cloudL;&#13;&#10;&#9;&#9;&#9;clouds[0][4] = cloudCL;&#13;&#10;&#9;&#9;&#9;clouds[0][5] = cloudCR;&#13;&#10;&#9;&#9;&#9;clouds[0][6] = cloudR;&#13;&#10;&#13;&#10;&#9;&#9;&#9;clouds[1][3] = cloudL;&#13;&#10;&#9;&#9;&#9;clouds[1][4] = cloudCLS;&#13;&#10;&#9;&#9;&#9;clouds[1][5] = cloudCRS;&#13;&#10;&#9;&#9;&#9;clouds[1][6] = cloudR;&#13;&#10;&#13;&#10;&#9;&#9;&#9;buildings[3] = city1;&#13;&#10;&#13;&#10;&#9;&#9;}&#13;&#10;&#13;&#10;&#9;&#9;if (game.game_time &lt; 90000) {&#13;&#10;&#13;&#10;&#9;&#9;&#9;clouds[0][2] = cloudL;&#13;&#10;&#9;&#9;&#9;clouds[0][3] = cloudCL;&#13;&#10;&#9;&#9;&#9;clouds[0][6] = cloudCR;&#13;&#10;&#9;&#9;&#9;clouds[0][7] = cloudR;&#13;&#10;&#13;&#10;&#9;&#9;&#9;clouds[1][2] = cloudL;&#13;&#10;&#9;&#9;&#9;clouds[1][3] = cloudCLS;&#13;&#10;&#9;&#9;&#9;clouds[1][6] = cloudCRS;&#13;&#10;&#9;&#9;&#9;clouds[1][7] = cloudR;&#13;&#10;&#13;&#10;&#9;&#9;&#9;buildings[2] = city2;&#13;&#10;&#9;&#9;&#9;buildings[4] = city2;&#13;&#10;&#9;&#9;}&#13;&#10;&#13;&#10;&#9;&#9;if (game.game_time &lt; 60000) {&#13;&#10;&#13;&#10;&#9;&#9;&#9;clouds[0][1] = cloudL;&#13;&#10;&#9;&#9;&#9;clouds[0][2] = cloudCL;&#13;&#10;&#9;&#9;&#9;clouds[0][7] = cloudCR;&#13;&#10;&#9;&#9;&#9;clouds[0][8] = cloudR;&#13;&#10;&#13;&#10;&#9;&#9;&#9;clouds[1][1] = cloudL;&#13;&#10;&#9;&#9;&#9;clouds[1][2] = cloudCLS;&#13;&#10;&#9;&#9;&#9;clouds[1][7] = cloudCRS;&#13;&#10;&#9;&#9;&#9;clouds[1][8] = cloudR;&#13;&#10;&#13;&#10;&#9;&#9;&#9;buildings[1] = city1;&#13;&#10;&#9;&#9;&#9;buildings[5] = city1;&#13;&#10;&#13;&#10;&#9;&#9;}&#13;&#10;&#13;&#10;&#9;&#9;if (game.game_time &lt; 30000) {&#13;&#10;&#13;&#10;&#9;&#9;&#9;clouds[0][0] = cloudL;&#13;&#10;&#9;&#9;&#9;clouds[0][1] = cloudCL;&#13;&#10;&#9;&#9;&#9;clouds[0][8] = cloudCR;&#13;&#10;&#9;&#9;&#9;clouds[0][9] = cloudR;&#13;&#10;&#13;&#10;&#9;&#9;&#9;clouds[1][0] = cloudL;&#13;&#10;&#9;&#9;&#9;clouds[1][1] = cloudCLS;&#13;&#10;&#9;&#9;&#9;clouds[1][8] = cloudCRS;&#13;&#10;&#9;&#9;&#9;clouds[1][9] = cloudR;&#13;&#10;&#13;&#10;&#9;&#9;&#9;buildings[0] = city2;&#13;&#10;&#9;&#9;&#9;buildings[6] = city2;&#13;&#10;&#9;&#9;}&#13;&#10;&#9;}&#13;&#10;}&#13;&#10;" Filename="City.java" Intrnl_Id="28"/>
<SrcFile Content="package group2.game;&#10;&#10;public class Buffer extends RiverBankObjects {&#10;&#10;&#9;Boolean currently_clicked;&#10;&#9;Boolean is_clicked = false;&#10;&#9;Boolean ready = true;&#10;&#9;String text = &quot;Buffer&quot;;&#10;&#9;Position position;&#10;&#9;static public Position menu_position = new Position((1.0 / 60), (11.0 / 30));&#10;&#9;double menu_width = .08;&#10;&#9;double menu_height=.12;&#10;&#9;long time = 20 * 60;&#10;&#10;&#9;Buffer() {&#10;&#9;&#9;this.position = menu_position;&#10;&#9;&#9;this.position.width = menu_width;&#10;&#9;&#9;this.position.height = menu_height;&#10;&#9;&#9;this.ID = &quot;Buffer&quot;;&#10;&#9;&#9;this.is_alive = false;&#10;&#9;&#9;this.is_permanent = false;&#10;&#9;}&#10;&#10;&#9;public boolean checkIfInBuffer(double x, double y) {&#10;&#9;&#9;return x &gt;= position.x &amp;&amp; x &lt;= position.x + this.position.width &amp;&amp; y &gt;= position.y&#10;&#9;&#9;&#9;&#9;&amp;&amp; y &lt;= position.y + this.position.height;&#10;&#10;&#9;}&#10;&#10;&#9;public void deployBuffer() {&#10;&#9;&#9;is_alive = true;&#10;&#9;&#9;ready = false;&#10;&#9;}&#10;&#9;&#10;&#9;public void update(){&#10;&#9;&#9;if(is_alive){&#10;&#9;&#9;&#9;time--;&#10;&#9;&#9;}&#10;&#9;&#9;if(time &lt; 0){&#10;&#9;&#9;&#9;is_alive = false;&#10;&#9;&#9;}&#10;&#9;}&#10;}&#10;" Filename="Buffer.java" Intrnl_Id="29"/>
<SrcFile Content="package group2.game;&#10;&#10;/**&#10; * Mary 4/4/13&#10; */&#10;public class Broom extends PowerUp {&#10;&#10;&#9;Broom(Position position) {&#10;&#9;&#9;super(position);&#10;&#10;&#9;&#9;text = &quot;BROOM&quot;;&#10;&#9;&#9;image = DrawGame.Broom;&#10;&#9;&#9;effect_string1 = &quot;requiring citizens to properly fertilize thir lawns!&quot;;&#10;&#9;&#9;effect_string2 = &quot;Runoff should be free of fertilizer for 10 seconds.&quot;;&#10;&#9;}&#10;&#10;}&#10;" Filename="Broom.java" Intrnl_Id="30"/>
<SrcFile Content="package group2.game;&#10;&#10;import java.awt.Image;&#10;&#10;public class Bin extends MenuObject {&#10;&#10;&#9;Image bin_image;&#10;&#9;Position position;&#10;&#10;&#9;public Bin(Position p) {&#10;&#9;&#9;super(p);&#10;&#9;&#9;this.position = p;&#10;&#9;&#9;p.height = .125;&#10;&#9;&#9;p.width = .125;&#10;&#9;}&#10;&#10;&#9;public boolean checkIfInBin(double x, double y) {&#10;&#9;&#9;return x &gt;= position.x &amp;&amp; x &lt;= position.x + position.width&#10;&#9;&#9;&#9;&#9;&amp;&amp; y &gt;= position.y &amp;&amp; y &lt;= position.y + position.height;&#10;&#9;}&#10;}&#10;" Filename="Bin.java" Intrnl_Id="31"/>
<SrcFile Content="package group2.game;&#13;&#10;&#13;&#10;import java.io.File;&#13;&#10;import java.io.IOException;&#13;&#10;&#13;&#10;import javax.sound.sampled.AudioFormat;&#13;&#10;import javax.sound.sampled.AudioInputStream;&#13;&#10;import javax.sound.sampled.AudioSystem;&#13;&#10;import javax.sound.sampled.DataLine;&#13;&#10;import javax.sound.sampled.FloatControl;&#13;&#10;import javax.sound.sampled.LineUnavailableException;&#13;&#10;import javax.sound.sampled.SourceDataLine;&#13;&#10;import javax.sound.sampled.UnsupportedAudioFileException;&#13;&#10;&#13;&#10;public class AePlayWave extends Thread {&#13;&#10;&#13;&#10;&#9;enum Position {&#13;&#10;&#9;&#9;LEFT, RIGHT, NORMAL&#13;&#10;&#9;}&#13;&#10;&#13;&#10;&#9;public static void main(String[] args) {&#13;&#10;&#13;&#10;&#9;&#9;new AePlayWave(&quot;src/group2/game/cookie_down.wav&quot;).start();&#13;&#10;&#9;}&#13;&#10;&#13;&#10;&#9;private String filename;&#13;&#10;&#13;&#10;&#9;private Position curPosition;;&#13;&#10;&#13;&#10;&#9;private final int EXTERNAL_BUFFER_SIZE = 524288; // 128Kb&#13;&#10;&#13;&#10;&#9;public AePlayWave(String wavfile) {&#13;&#10;&#9;&#9;filename = wavfile;&#13;&#10;&#9;&#9;curPosition = Position.NORMAL;&#13;&#10;&#9;}&#13;&#10;&#13;&#10;&#9;public AePlayWave(String wavfile, Position p) {&#13;&#10;&#9;&#9;filename = wavfile;&#13;&#10;&#9;&#9;curPosition = p;&#13;&#10;&#9;}&#13;&#10;&#13;&#10;&#9;@Override&#13;&#10;&#9;public void run() {&#13;&#10;&#13;&#10;&#9;&#9;File soundFile = new File(filename);&#13;&#10;&#9;&#9;if (!soundFile.exists()) {&#13;&#10;&#9;&#9;&#9;System.err.println(&quot;Wave file not found: &quot; + filename);&#13;&#10;&#9;&#9;&#9;return;&#13;&#10;&#9;&#9;}&#13;&#10;&#13;&#10;&#9;&#9;AudioInputStream audioInputStream = null;&#13;&#10;&#9;&#9;try {&#13;&#10;&#9;&#9;&#9;audioInputStream = AudioSystem.getAudioInputStream(soundFile);&#13;&#10;&#9;&#9;} catch (UnsupportedAudioFileException e1) {&#13;&#10;&#9;&#9;&#9;e1.printStackTrace();&#13;&#10;&#9;&#9;&#9;return;&#13;&#10;&#9;&#9;} catch (IOException e1) {&#13;&#10;&#9;&#9;&#9;e1.printStackTrace();&#13;&#10;&#9;&#9;&#9;return;&#13;&#10;&#9;&#9;}&#13;&#10;&#13;&#10;&#9;&#9;AudioFormat format = audioInputStream.getFormat();&#13;&#10;&#9;&#9;SourceDataLine auline = null;&#13;&#10;&#9;&#9;DataLine.Info info = new DataLine.Info(SourceDataLine.class, format);&#13;&#10;&#13;&#10;&#9;&#9;try {&#13;&#10;&#9;&#9;&#9;auline = (SourceDataLine) AudioSystem.getLine(info);&#13;&#10;&#9;&#9;&#9;auline.open(format);&#13;&#10;&#9;&#9;} catch (LineUnavailableException e) {&#13;&#10;&#9;&#9;&#9;e.printStackTrace();&#13;&#10;&#9;&#9;&#9;return;&#13;&#10;&#9;&#9;} catch (Exception e) {&#13;&#10;&#9;&#9;&#9;e.printStackTrace();&#13;&#10;&#9;&#9;&#9;return;&#13;&#10;&#9;&#9;}&#13;&#10;&#13;&#10;&#9;&#9;if (auline.isControlSupported(FloatControl.Type.PAN)) {&#13;&#10;&#9;&#9;&#9;FloatControl pan = (FloatControl) auline&#13;&#10;&#9;&#9;&#9;&#9;&#9;.getControl(FloatControl.Type.PAN);&#13;&#10;&#9;&#9;&#9;if (curPosition == Position.RIGHT)&#13;&#10;&#9;&#9;&#9;&#9;pan.setValue(1.0f);&#13;&#10;&#9;&#9;&#9;else if (curPosition == Position.LEFT)&#13;&#10;&#9;&#9;&#9;&#9;pan.setValue(-1.0f);&#13;&#10;&#9;&#9;}&#13;&#10;&#13;&#10;&#9;&#9;auline.start();&#13;&#10;&#9;&#9;int nBytesRead = 0;&#13;&#10;&#9;&#9;byte[] abData = new byte[EXTERNAL_BUFFER_SIZE];&#13;&#10;&#13;&#10;&#9;&#9;try {&#13;&#10;&#9;&#9;&#9;while (nBytesRead != -1) {&#13;&#10;&#9;&#9;&#9;&#9;nBytesRead = audioInputStream.read(abData, 0, abData.length);&#13;&#10;&#9;&#9;&#9;&#9;if (nBytesRead &gt;= 0)&#13;&#10;&#9;&#9;&#9;&#9;&#9;auline.write(abData, 0, nBytesRead);&#13;&#10;&#9;&#9;&#9;}&#13;&#10;&#9;&#9;} catch (IOException e) {&#13;&#10;&#9;&#9;&#9;e.printStackTrace();&#13;&#10;&#9;&#9;&#9;return;&#13;&#10;&#9;&#9;} finally {&#13;&#10;&#9;&#9;&#9;auline.drain();&#13;&#10;&#9;&#9;&#9;auline.close();&#13;&#10;&#9;&#9;}&#13;&#10;&#9;}&#13;&#10;}" Filename="AePlayWave.java" Intrnl_Id="32"/>
</SrcFileList>
<CritList>
<CritListEntry Name="org.codecover.model.utils.criteria.LoopCoverage" PluginName="org.codecover"/>
<CritListEntry Name="org.codecover.model.utils.criteria.BranchCoverage" PluginName="org.codecover"/>
<CritListEntry Name="org.codecover.model.utils.criteria.ConditionCoverage" PluginName="org.codecover"/>
<CritListEntry Name="org.codecover.model.utils.criteria.StatementCoverage" PluginName="org.codecover"/>
</CritList>
<BoolOpList>
<BoolOp Arity="1" Intrnl_Id="33" Name="not (!)">
<BoolAssgnmntBoolMapList>
<MapEntry BoolAssgnmnt="0" Value="true"/>
<MapEntry BoolAssgnmnt="1" Value="false"/>
</BoolAssgnmntBoolMapList>
</BoolOp>
<BoolOp Arity="2" Intrnl_Id="34" Name="conditional and (&amp;&amp;)">
<BoolAssgnmntBoolMapList>
<MapEntry BoolAssgnmnt="10" Value="false"/>
<MapEntry BoolAssgnmnt="02" Value="false"/>
<MapEntry BoolAssgnmnt="11" Value="true"/>
</BoolAssgnmntBoolMapList>
</BoolOp>
<BoolOp Arity="2" Intrnl_Id="35" Name="conditional or (||)">
<BoolAssgnmntBoolMapList>
<MapEntry BoolAssgnmnt="01" Value="true"/>
<MapEntry BoolAssgnmnt="00" Value="false"/>
<MapEntry BoolAssgnmnt="12" Value="true"/>
</BoolAssgnmntBoolMapList>
</BoolOp>
</BoolOpList>
<HierarchyLvlTypeList>
<HierarchyLvlType EnglishName="enumeration" IntrnlName="enum" Intrnl_Id="36"/>
<HierarchyLvlType EnglishName="package" IntrnlName="package" Intrnl_Id="37"/>
<HierarchyLvlType EnglishName="class" IntrnlName="class" Intrnl_Id="38"/>
<HierarchyLvlType EnglishName="method" IntrnlName="method" Intrnl_Id="39"/>
<HierarchyLvlType EnglishName="default package" IntrnlName="default package" Intrnl_Id="40"/>
<HierarchyLvlType EnglishName="anonymous class" IntrnlName="class" Intrnl_Id="41"/>
</HierarchyLvlTypeList>
<MASTRoot>
<HierarchyLvl HierarchyLvlId="13152" HierarchyLvlTypeId="40" Intrnl_Id="42" Name="default package">
<Header/>
<LocList/>
<HierarchyLvl HierarchyLvlId="13151" HierarchyLvlTypeId="37" Intrnl_Id="43" Name="group2">
<Header/>
<LocList/>
<HierarchyLvl HierarchyLvlId="13150" HierarchyLvlTypeId="37" Intrnl_Id="44" Name="game">
<Header/>
<LocList/>
<HierarchyLvl HierarchyLvlId="12999" HierarchyLvlTypeId="38" Intrnl_Id="45" Name="WaterObjects">
<Header>
<Loc EndOffset="153" SrcFileId="1" StartOffset="119"/>
</Header>
<LocList>
<Loc EndOffset="8715" SrcFileId="1" StartOffset="119"/>
</LocList>
<StmntSeq Intrnl_Id="46">
<LocList>
<Loc EndOffset="222" SrcFileId="1" StartOffset="201"/>
<Loc EndOffset="248" SrcFileId="1" StartOffset="224"/>
<Loc EndOffset="273" SrcFileId="1" StartOffset="250"/>
<Loc EndOffset="309" SrcFileId="1" StartOffset="275"/>
<Loc EndOffset="337" SrcFileId="1" StartOffset="311"/>
<Loc EndOffset="354" SrcFileId="1" StartOffset="339"/>
<Loc EndOffset="385" SrcFileId="1" StartOffset="368"/>
<Loc EndOffset="429" SrcFileId="1" StartOffset="402"/>
<Loc EndOffset="475" SrcFileId="1" StartOffset="431"/>
<Loc EndOffset="500" SrcFileId="1" StartOffset="478"/>
<Loc EndOffset="528" SrcFileId="1" StartOffset="502"/>
</LocList>
<BasicStmnt CovItemId="S1" CovItemPrefix="group2.game.WaterObjects.java" Intrnl_Id="47">
<LocList>
<Loc EndOffset="222" SrcFileId="1" StartOffset="201"/>
</LocList>
</BasicStmnt>
<BasicStmnt CovItemId="S2" CovItemPrefix="group2.game.WaterObjects.java" Intrnl_Id="48">
<LocList>
<Loc EndOffset="248" SrcFileId="1" StartOffset="224"/>
</LocList>
</BasicStmnt>
<BasicStmnt CovItemId="S3" CovItemPrefix="group2.game.WaterObjects.java" Intrnl_Id="49">
<LocList>
<Loc EndOffset="273" SrcFileId="1" StartOffset="250"/>
</LocList>
</BasicStmnt>
<BasicStmnt CovItemId="S4" CovItemPrefix="group2.game.WaterObjects.java" Intrnl_Id="50">
<LocList>
<Loc EndOffset="309" SrcFileId="1" StartOffset="275"/>
</LocList>
</BasicStmnt>
<BasicStmnt CovItemId="S5" CovItemPrefix="group2.game.WaterObjects.java" Intrnl_Id="51">
<LocList>
<Loc EndOffset="337" SrcFileId="1" StartOffset="311"/>
</LocList>
</BasicStmnt>
<BasicStmnt CovItemId="S6" CovItemPrefix="group2.game.WaterObjects.java" Intrnl_Id="52">
<LocList>
<Loc EndOffset="354" SrcFileId="1" StartOffset="339"/>
</LocList>
</BasicStmnt>
<BasicStmnt CovItemId="S7" CovItemPrefix="group2.game.WaterObjects.java" Intrnl_Id="53">
<LocList>
<Loc EndOffset="385" SrcFileId="1" StartOffset="368"/>
</LocList>
</BasicStmnt>
<BasicStmnt CovItemId="S8" CovItemPrefix="group2.game.WaterObjects.java" Intrnl_Id="54">
<LocList>
<Loc EndOffset="429" SrcFileId="1" StartOffset="402"/>
</LocList>
</BasicStmnt>
<BasicStmnt CovItemId="S9" CovItemPrefix="group2.game.WaterObjects.java" Intrnl_Id="55">
<LocList>
<Loc EndOffset="475" SrcFileId="1" StartOffset="431"/>
</LocList>
</BasicStmnt>
<BasicStmnt CovItemId="S10" CovItemPrefix="group2.game.WaterObjects.java" Intrnl_Id="56">
<LocList>
<Loc EndOffset="500" SrcFileId="1" StartOffset="478"/>
</LocList>
</BasicStmnt>
<BasicStmnt CovItemId="S11" CovItemPrefix="group2.game.WaterObjects.java" Intrnl_Id="57">
<LocList>
<Loc EndOffset="528" SrcFileId="1" StartOffset="502"/>
</LocList>
</BasicStmnt>
</StmntSeq>
<HierarchyLvl HierarchyLvlId="12990" HierarchyLvlTypeId="39" Intrnl_Id="58" Name="WaterObjects">
<Header>
<Loc EndOffset="659" SrcFileId="1" StartOffset="597"/>
</Header>
<LocList>
<Loc EndOffset="794" SrcFileId="1" StartOffset="597"/>
</LocList>
<StmntSeq Intrnl_Id="59">
<LocList>
<Loc EndOffset="682" SrcFileId="1" StartOffset="664"/>
<Loc EndOffset="699" SrcFileId="1" StartOffset="685"/>
<Loc EndOffset="761" SrcFileId="1" StartOffset="702"/>
<Loc EndOffset="791" SrcFileId="1" StartOffset="764"/>
</LocList>
<BasicStmnt CovItemId="S12" CovItemPrefix="group2.game.WaterObjects.java" Intrnl_Id="60">
<LocList>
<Loc EndOffset="682" SrcFileId="1" StartOffset="664"/>
</LocList>
</BasicStmnt>
<BasicStmnt CovItemId="S13" CovItemPrefix="group2.game.WaterObjects.java" Intrnl_Id="61">
<LocList>
<Loc EndOffset="699" SrcFileId="1" StartOffset="685"/>
</LocList>
</BasicStmnt>
<BasicStmnt CovItemId="S14" CovItemPrefix="group2.game.WaterObjects.java" Intrnl_Id="62">
<LocList>
<Loc EndOffset="761" SrcFileId="1" StartOffset="702"/>
</LocList>
</BasicStmnt>
<BasicStmnt CovItemId="S15" CovItemPrefix="group2.game.WaterObjects.java" Intrnl_Id="63">
<LocList>
<Loc EndOffset="791" SrcFileId="1" StartOffset="764"/>
</LocList>
</BasicStmnt>
</StmntSeq>
</HierarchyLvl>
<HierarchyLvl HierarchyLvlId="12991" HierarchyLvlTypeId="39" Intrnl_Id="64" Name="checkClickRange">
<Header>
<Loc EndOffset="965" SrcFileId="1" StartOffset="915"/>
</Header>
<LocList>
<Loc EndOffset="1162" SrcFileId="1" StartOffset="915"/>
</LocList>
<StmntSeq Intrnl_Id="65">
<LocList>
<Loc EndOffset="992" SrcFileId="1" StartOffset="970"/>
<Loc EndOffset="1017" SrcFileId="1" StartOffset="995"/>
<Loc EndOffset="1159" SrcFileId="1" StartOffset="1021"/>
</LocList>
<BasicStmnt CovItemId="S16" CovItemPrefix="group2.game.WaterObjects.java" Intrnl_Id="66">
<LocList>
<Loc EndOffset="992" SrcFileId="1" StartOffset="970"/>
</LocList>
</BasicStmnt>
<BasicStmnt CovItemId="S17" CovItemPrefix="group2.game.WaterObjects.java" Intrnl_Id="67">
<LocList>
<Loc EndOffset="1017" SrcFileId="1" StartOffset="995"/>
</LocList>
</BasicStmnt>
<BasicStmnt CovItemId="S18" CovItemPrefix="group2.game.WaterObjects.java" Intrnl_Id="68">
<LocList>
<Loc EndOffset="1159" SrcFileId="1" StartOffset="1021"/>
</LocList>
</BasicStmnt>
</StmntSeq>
</HierarchyLvl>
<HierarchyLvl HierarchyLvlId="12992" HierarchyLvlTypeId="39" Intrnl_Id="69" Name="checkIfInBin">
<Header>
<Loc EndOffset="1343" SrcFileId="1" StartOffset="1296"/>
</Header>
<LocList>
<Loc EndOffset="1502" SrcFileId="1" StartOffset="1296"/>
</LocList>
<StmntSeq Intrnl_Id="70">
<LocList>
<Loc EndOffset="1499" SrcFileId="1" StartOffset="1348"/>
</LocList>
<BasicStmnt CovItemId="S19" CovItemPrefix="group2.game.WaterObjects.java" Intrnl_Id="71">
<LocList>
<Loc EndOffset="1499" SrcFileId="1" StartOffset="1348"/>
</LocList>
</BasicStmnt>
</StmntSeq>
</HierarchyLvl>
<HierarchyLvl HierarchyLvlId="12993" HierarchyLvlTypeId="39" Intrnl_Id="72" Name="increment">
<Header>
<Loc EndOffset="1566" SrcFileId="1" StartOffset="1543"/>
</Header>
<LocList>
<Loc EndOffset="1572" SrcFileId="1" StartOffset="1543"/>
</LocList>
</HierarchyLvl>
<HierarchyLvl HierarchyLvlId="12994" HierarchyLvlTypeId="39" Intrnl_Id="73" Name="moveWaterObject">
<Header>
<Loc EndOffset="1676" SrcFileId="1" StartOffset="1647"/>
</Header>
<LocList>
<Loc EndOffset="1819" SrcFileId="1" StartOffset="1647"/>
</LocList>
<StmntSeq Intrnl_Id="74">
<LocList>
<Loc EndOffset="1728" SrcFileId="1" StartOffset="1681"/>
<Loc EndOffset="1778" SrcFileId="1" StartOffset="1731"/>
<Loc EndOffset="1816" SrcFileId="1" StartOffset="1781"/>
</LocList>
<BasicStmnt CovItemId="S20" CovItemPrefix="group2.game.WaterObjects.java" Intrnl_Id="75">
<LocList>
<Loc EndOffset="1728" SrcFileId="1" StartOffset="1681"/>
</LocList>
</BasicStmnt>
<BasicStmnt CovItemId="S21" CovItemPrefix="group2.game.WaterObjects.java" Intrnl_Id="76">
<LocList>
<Loc EndOffset="1778" SrcFileId="1" StartOffset="1731"/>
</LocList>
</BasicStmnt>
<BasicStmnt CovItemId="S22" CovItemPrefix="group2.game.WaterObjects.java" Intrnl_Id="77">
<LocList>
<Loc EndOffset="1816" SrcFileId="1" StartOffset="1781"/>
</LocList>
</BasicStmnt>
</StmntSeq>
</HierarchyLvl>
<HierarchyLvl HierarchyLvlId="12995" HierarchyLvlTypeId="39" Intrnl_Id="78" Name="remove">
<Header>
<Loc EndOffset="1976" SrcFileId="1" StartOffset="1943"/>
</Header>
<LocList>
<Loc EndOffset="2123" SrcFileId="1" StartOffset="1943"/>
</LocList>
<StmntSeq Intrnl_Id="79">
<LocList>
<Loc EndOffset="2035" SrcFileId="1" StartOffset="1981"/>
<Loc EndOffset="2080" SrcFileId="1" StartOffset="2038"/>
<Loc EndOffset="2119" SrcFileId="1" StartOffset="2083"/>
</LocList>
<BasicStmnt CovItemId="S23" CovItemPrefix="group2.game.WaterObjects.java" Intrnl_Id="80">
<LocList>
<Loc EndOffset="2035" SrcFileId="1" StartOffset="1981"/>
</LocList>
<QMO CovItemId="Q0" CovItemPrefix="group2.game.WaterObjects.java" Intrnl_Id="81">
<LocList>
<Loc EndOffset="1999" SrcFileId="1" StartOffset="1994"/>
</LocList>
<QMO_E CovItemId="Q0-0" CovItemPrefix="group2.game.WaterObjects.java" Intrnl_Id="82">
<LocList>
<Loc EndOffset="2013" SrcFileId="1" StartOffset="2002"/>
</LocList>
</QMO_E>
<QMO_E CovItemId="Q0-1" CovItemPrefix="group2.game.WaterObjects.java" Intrnl_Id="83">
<LocList>
<Loc EndOffset="2034" SrcFileId="1" StartOffset="2016"/>
</LocList>
</QMO_E>
</QMO>
</BasicStmnt>
<BasicStmnt CovItemId="S24" CovItemPrefix="group2.game.WaterObjects.java" Intrnl_Id="84">
<LocList>
<Loc EndOffset="2080" SrcFileId="1" StartOffset="2038"/>
</LocList>
</BasicStmnt>
<BasicStmnt CovItemId="S25" CovItemPrefix="group2.game.WaterObjects.java" Intrnl_Id="85">
<LocList>
<Loc EndOffset="2119" SrcFileId="1" StartOffset="2083"/>
</LocList>
</BasicStmnt>
</StmntSeq>
</HierarchyLvl>
<HierarchyLvl HierarchyLvlId="12996" HierarchyLvlTypeId="39" Intrnl_Id="86" Name="checkIfInRiver">
<Header>
<Loc EndOffset="2254" SrcFileId="1" StartOffset="2223"/>
</Header>
<LocList>
<Loc EndOffset="4590" SrcFileId="1" StartOffset="2223"/>
</LocList>
<StmntSeq Intrnl_Id="87">
<LocList>
<Loc EndOffset="4571" SrcFileId="1" StartOffset="2259"/>
<Loc EndOffset="4587" SrcFileId="1" StartOffset="4574"/>
</LocList>
<CondStmnt CovItemId="S26" CovItemPrefix="group2.game.WaterObjects.java" Intrnl_Id="88">
<Branch CovItemId="B1" CovItemPrefix="group2.game.WaterObjects.java" Implct="false" Intrnl_Id="89">
<Cond/>
<LocList>
<Loc EndOffset="4571" SrcFileId="1" StartOffset="2331"/>
</LocList>
<StmntSeq Intrnl_Id="90">
<LocList>
<Loc EndOffset="2356" SrcFileId="1" StartOffset="2336"/>
<Loc EndOffset="2375" SrcFileId="1" StartOffset="2360"/>
<Loc EndOffset="2431" SrcFileId="1" StartOffset="2379"/>
<Loc EndOffset="2488" SrcFileId="1" StartOffset="2435"/>
<Loc EndOffset="2542" SrcFileId="1" StartOffset="2492"/>
<Loc EndOffset="4334" SrcFileId="1" StartOffset="2608"/>
<Loc EndOffset="4436" SrcFileId="1" StartOffset="4339"/>
<Loc EndOffset="4551" SrcFileId="1" StartOffset="4440"/>
<Loc EndOffset="4567" SrcFileId="1" StartOffset="4555"/>
</LocList>
<BasicStmnt CovItemId="S27" CovItemPrefix="group2.game.WaterObjects.java" Intrnl_Id="91">
<LocList>
<Loc EndOffset="2356" SrcFileId="1" StartOffset="2336"/>
</LocList>
</BasicStmnt>
<BasicStmnt CovItemId="S28" CovItemPrefix="group2.game.WaterObjects.java" Intrnl_Id="92">
<LocList>
<Loc EndOffset="2375" SrcFileId="1" StartOffset="2360"/>
</LocList>
</BasicStmnt>
<BasicStmnt CovItemId="S29" CovItemPrefix="group2.game.WaterObjects.java" Intrnl_Id="93">
<LocList>
<Loc EndOffset="2431" SrcFileId="1" StartOffset="2379"/>
</LocList>
</BasicStmnt>
<BasicStmnt CovItemId="S30" CovItemPrefix="group2.game.WaterObjects.java" Intrnl_Id="94">
<LocList>
<Loc EndOffset="2488" SrcFileId="1" StartOffset="2435"/>
</LocList>
</BasicStmnt>
<BasicStmnt CovItemId="S31" CovItemPrefix="group2.game.WaterObjects.java" Intrnl_Id="95">
<LocList>
<Loc EndOffset="2542" SrcFileId="1" StartOffset="2492"/>
</LocList>
</BasicStmnt>
<CondStmnt CovItemId="S32" CovItemPrefix="group2.game.WaterObjects.java" Intrnl_Id="96">
<Branch CovItemId="B3" CovItemPrefix="group2.game.WaterObjects.java" Implct="false" Intrnl_Id="97">
<Cond/>
<LocList>
<Loc EndOffset="2888" SrcFileId="1" StartOffset="2756"/>
</LocList>
<StmntSeq Intrnl_Id="98">
<LocList>
<Loc EndOffset="2883" SrcFileId="1" StartOffset="2762"/>
</LocList>
<CondStmnt CovItemId="S33" CovItemPrefix="group2.game.WaterObjects.java" Intrnl_Id="99">
<Branch CovItemId="B5" CovItemPrefix="group2.game.WaterObjects.java" Implct="false" Intrnl_Id="100">
<Cond/>
<LocList>
<Loc EndOffset="2883" SrcFileId="1" StartOffset="2803"/>
</LocList>
<StmntSeq Intrnl_Id="101">
<LocList>
<Loc EndOffset="2829" SrcFileId="1" StartOffset="2810"/>
</LocList>
<BasicStmnt CovItemId="S34" CovItemPrefix="group2.game.WaterObjects.java" Intrnl_Id="102">
<LocList>
<Loc EndOffset="2829" SrcFileId="1" StartOffset="2810"/>
</LocList>
</BasicStmnt>
</StmntSeq>
</Branch>
<Branch CovItemId="B6" CovItemPrefix="group2.game.WaterObjects.java" Implct="true" Intrnl_Id="103">
<Cond/>
<LocList/>
<StmntSeq Intrnl_Id="104">
<LocList/>
</StmntSeq>
</Branch>
<Keyword EndOffset="2764" SrcFileId="1" StartOffset="2762"/>
<LocList>
<Loc EndOffset="2883" SrcFileId="1" StartOffset="2762"/>
</LocList>
<RootTerm CovItemId="C3" CovItemPrefix="group2.game.WaterObjects.java" Intrnl_Id="105">
<BasicBoolTerm Intrnl_Id="106">
<LocList>
<Loc EndOffset="2801" SrcFileId="1" StartOffset="2766"/>
</LocList>
</BasicBoolTerm>
</RootTerm>
</CondStmnt>
</StmntSeq>
</Branch>
<Branch CovItemId="B4" CovItemPrefix="group2.game.WaterObjects.java" Implct="false" Intrnl_Id="107">
<Cond>
<Loc EndOffset="2959" SrcFileId="1" StartOffset="2955"/>
</Cond>
<LocList>
<Loc EndOffset="4334" SrcFileId="1" StartOffset="2960"/>
</LocList>
<StmntSeq Intrnl_Id="108">
<LocList>
<Loc EndOffset="4334" SrcFileId="1" StartOffset="2960"/>
</LocList>
<CondStmnt CovItemId="S35" CovItemPrefix="group2.game.WaterObjects.java" Intrnl_Id="109">
<Branch CovItemId="B7" CovItemPrefix="group2.game.WaterObjects.java" Implct="false" Intrnl_Id="110">
<Cond/>
<LocList>
<Loc EndOffset="3269" SrcFileId="1" StartOffset="3137"/>
</LocList>
<StmntSeq Intrnl_Id="111">
<LocList>
<Loc EndOffset="3264" SrcFileId="1" StartOffset="3143"/>
</LocList>
<CondStmnt CovItemId="S36" CovItemPrefix="group2.game.WaterObjects.java" Intrnl_Id="112">
<Branch CovItemId="B9" CovItemPrefix="group2.game.WaterObjects.java" Implct="false" Intrnl_Id="113">
<Cond/>
<LocList>
<Loc EndOffset="3264" SrcFileId="1" StartOffset="3184"/>
</LocList>
<StmntSeq Intrnl_Id="114">
<LocList>
<Loc EndOffset="3210" SrcFileId="1" StartOffset="3191"/>
</LocList>
<BasicStmnt CovItemId="S37" CovItemPrefix="group2.game.WaterObjects.java" Intrnl_Id="115">
<LocList>
<Loc EndOffset="3210" SrcFileId="1" StartOffset="3191"/>
</LocList>
</BasicStmnt>
</StmntSeq>
</Branch>
<Branch CovItemId="B10" CovItemPrefix="group2.game.WaterObjects.java" Implct="true" Intrnl_Id="116">
<Cond/>
<LocList/>
<StmntSeq Intrnl_Id="117">
<LocList/>
</StmntSeq>
</Branch>
<Keyword EndOffset="3145" SrcFileId="1" StartOffset="3143"/>
<LocList>
<Loc EndOffset="3264" SrcFileId="1" StartOffset="3143"/>
</LocList>
<RootTerm CovItemId="C5" CovItemPrefix="group2.game.WaterObjects.java" Intrnl_Id="118">
<BasicBoolTerm Intrnl_Id="119">
<LocList>
<Loc EndOffset="3182" SrcFileId="1" StartOffset="3147"/>
</LocList>
</BasicBoolTerm>
</RootTerm>
</CondStmnt>
</StmntSeq>
</Branch>
<Branch CovItemId="B8" CovItemPrefix="group2.game.WaterObjects.java" Implct="false" Intrnl_Id="120">
<Cond>
<Loc EndOffset="3339" SrcFileId="1" StartOffset="3335"/>
</Cond>
<LocList>
<Loc EndOffset="4334" SrcFileId="1" StartOffset="3340"/>
</LocList>
<StmntSeq Intrnl_Id="121">
<LocList>
<Loc EndOffset="4334" SrcFileId="1" StartOffset="3340"/>
</LocList>
<CondStmnt CovItemId="S38" CovItemPrefix="group2.game.WaterObjects.java" Intrnl_Id="122">
<Branch CovItemId="B11" CovItemPrefix="group2.game.WaterObjects.java" Implct="false" Intrnl_Id="123">
<Cond/>
<LocList>
<Loc EndOffset="3624" SrcFileId="1" StartOffset="3491"/>
</LocList>
<StmntSeq Intrnl_Id="124">
<LocList>
<Loc EndOffset="3619" SrcFileId="1" StartOffset="3497"/>
</LocList>
<CondStmnt CovItemId="S39" CovItemPrefix="group2.game.WaterObjects.java" Intrnl_Id="125">
<Branch CovItemId="B13" CovItemPrefix="group2.game.WaterObjects.java" Implct="false" Intrnl_Id="126">
<Cond/>
<LocList>
<Loc EndOffset="3619" SrcFileId="1" StartOffset="3539"/>
</LocList>
<StmntSeq Intrnl_Id="127">
<LocList>
<Loc EndOffset="3565" SrcFileId="1" StartOffset="3546"/>
</LocList>
<BasicStmnt CovItemId="S40" CovItemPrefix="group2.game.WaterObjects.java" Intrnl_Id="128">
<LocList>
<Loc EndOffset="3565" SrcFileId="1" StartOffset="3546"/>
</LocList>
</BasicStmnt>
</StmntSeq>
</Branch>
<Branch CovItemId="B14" CovItemPrefix="group2.game.WaterObjects.java" Implct="true" Intrnl_Id="129">
<Cond/>
<LocList/>
<StmntSeq Intrnl_Id="130">
<LocList/>
</StmntSeq>
</Branch>
<Keyword EndOffset="3499" SrcFileId="1" StartOffset="3497"/>
<LocList>
<Loc EndOffset="3619" SrcFileId="1" StartOffset="3497"/>
</LocList>
<RootTerm CovItemId="C7" CovItemPrefix="group2.game.WaterObjects.java" Intrnl_Id="131">
<BasicBoolTerm Intrnl_Id="132">
<LocList>
<Loc EndOffset="3537" SrcFileId="1" StartOffset="3501"/>
</LocList>
</BasicBoolTerm>
</RootTerm>
</CondStmnt>
</StmntSeq>
</Branch>
<Branch CovItemId="B12" CovItemPrefix="group2.game.WaterObjects.java" Implct="false" Intrnl_Id="133">
<Cond>
<Loc EndOffset="3696" SrcFileId="1" StartOffset="3692"/>
</Cond>
<LocList>
<Loc EndOffset="4334" SrcFileId="1" StartOffset="3697"/>
</LocList>
<StmntSeq Intrnl_Id="134">
<LocList>
<Loc EndOffset="4334" SrcFileId="1" StartOffset="3697"/>
</LocList>
<CondStmnt CovItemId="S41" CovItemPrefix="group2.game.WaterObjects.java" Intrnl_Id="135">
<Branch CovItemId="B15" CovItemPrefix="group2.game.WaterObjects.java" Implct="false" Intrnl_Id="136">
<Cond/>
<LocList>
<Loc EndOffset="4011" SrcFileId="1" StartOffset="3878"/>
</LocList>
<StmntSeq Intrnl_Id="137">
<LocList>
<Loc EndOffset="4006" SrcFileId="1" StartOffset="3884"/>
</LocList>
<CondStmnt CovItemId="S42" CovItemPrefix="group2.game.WaterObjects.java" Intrnl_Id="138">
<Branch CovItemId="B17" CovItemPrefix="group2.game.WaterObjects.java" Implct="false" Intrnl_Id="139">
<Cond/>
<LocList>
<Loc EndOffset="4006" SrcFileId="1" StartOffset="3926"/>
</LocList>
<StmntSeq Intrnl_Id="140">
<LocList>
<Loc EndOffset="3952" SrcFileId="1" StartOffset="3933"/>
</LocList>
<BasicStmnt CovItemId="S43" CovItemPrefix="group2.game.WaterObjects.java" Intrnl_Id="141">
<LocList>
<Loc EndOffset="3952" SrcFileId="1" StartOffset="3933"/>
</LocList>
</BasicStmnt>
</StmntSeq>
</Branch>
<Branch CovItemId="B18" CovItemPrefix="group2.game.WaterObjects.java" Implct="true" Intrnl_Id="142">
<Cond/>
<LocList/>
<StmntSeq Intrnl_Id="143">
<LocList/>
</StmntSeq>
</Branch>
<Keyword EndOffset="3886" SrcFileId="1" StartOffset="3884"/>
<LocList>
<Loc EndOffset="4006" SrcFileId="1" StartOffset="3884"/>
</LocList>
<RootTerm CovItemId="C9" CovItemPrefix="group2.game.WaterObjects.java" Intrnl_Id="144">
<BasicBoolTerm Intrnl_Id="145">
<LocList>
<Loc EndOffset="3924" SrcFileId="1" StartOffset="3888"/>
</LocList>
</BasicBoolTerm>
</RootTerm>
</CondStmnt>
</StmntSeq>
</Branch>
<Branch CovItemId="B16" CovItemPrefix="group2.game.WaterObjects.java" Implct="false" Intrnl_Id="146">
<Cond>
<Loc EndOffset="4062" SrcFileId="1" StartOffset="4058"/>
</Cond>
<LocList>
<Loc EndOffset="4334" SrcFileId="1" StartOffset="4063"/>
</LocList>
<StmntSeq Intrnl_Id="147">
<LocList>
<Loc EndOffset="4334" SrcFileId="1" StartOffset="4063"/>
</LocList>
<CondStmnt CovItemId="S44" CovItemPrefix="group2.game.WaterObjects.java" Intrnl_Id="148">
<Branch CovItemId="B19" CovItemPrefix="group2.game.WaterObjects.java" Implct="false" Intrnl_Id="149">
<Cond/>
<LocList>
<Loc EndOffset="4334" SrcFileId="1" StartOffset="4204"/>
</LocList>
<StmntSeq Intrnl_Id="150">
<LocList>
<Loc EndOffset="4329" SrcFileId="1" StartOffset="4210"/>
</LocList>
<CondStmnt CovItemId="S45" CovItemPrefix="group2.game.WaterObjects.java" Intrnl_Id="151">
<Branch CovItemId="B21" CovItemPrefix="group2.game.WaterObjects.java" Implct="false" Intrnl_Id="152">
<Cond/>
<LocList>
<Loc EndOffset="4329" SrcFileId="1" StartOffset="4249"/>
</LocList>
<StmntSeq Intrnl_Id="153">
<LocList>
<Loc EndOffset="4275" SrcFileId="1" StartOffset="4256"/>
</LocList>
<BasicStmnt CovItemId="S46" CovItemPrefix="group2.game.WaterObjects.java" Intrnl_Id="154">
<LocList>
<Loc EndOffset="4275" SrcFileId="1" StartOffset="4256"/>
</LocList>
</BasicStmnt>
</StmntSeq>
</Branch>
<Branch CovItemId="B22" CovItemPrefix="group2.game.WaterObjects.java" Implct="true" Intrnl_Id="155">
<Cond/>
<LocList/>
<StmntSeq Intrnl_Id="156">
<LocList/>
</StmntSeq>
</Branch>
<Keyword EndOffset="4212" SrcFileId="1" StartOffset="4210"/>
<LocList>
<Loc EndOffset="4329" SrcFileId="1" StartOffset="4210"/>
</LocList>
<RootTerm CovItemId="C11" CovItemPrefix="group2.game.WaterObjects.java" Intrnl_Id="157">
<BasicBoolTerm Intrnl_Id="158">
<LocList>
<Loc EndOffset="4247" SrcFileId="1" StartOffset="4214"/>
</LocList>
</BasicBoolTerm>
</RootTerm>
</CondStmnt>
</StmntSeq>
</Branch>
<Branch CovItemId="B20" CovItemPrefix="group2.game.WaterObjects.java" Implct="true" Intrnl_Id="159">
<Cond/>
<LocList/>
<StmntSeq Intrnl_Id="160">
<LocList/>
</StmntSeq>
</Branch>
<Keyword EndOffset="4065" SrcFileId="1" StartOffset="4063"/>
<LocList>
<Loc EndOffset="4334" SrcFileId="1" StartOffset="4063"/>
</LocList>
<RootTerm CovItemId="C10" CovItemPrefix="group2.game.WaterObjects.java" Intrnl_Id="161">
<OpTerm BooleanOpId="34" Intrnl_Id="162">
<BasicBoolTerm Intrnl_Id="163">
<LocList>
<Loc EndOffset="4120" SrcFileId="1" StartOffset="4068"/>
</LocList>
</BasicBoolTerm>
<BasicBoolTerm Intrnl_Id="164">
<LocList>
<Loc EndOffset="4201" SrcFileId="1" StartOffset="4131"/>
</LocList>
</BasicBoolTerm>
<LocList>
<Loc EndOffset="4129" SrcFileId="1" StartOffset="4127"/>
</LocList>
</OpTerm>
</RootTerm>
</CondStmnt>
</StmntSeq>
</Branch>
<Keyword EndOffset="3699" SrcFileId="1" StartOffset="3697"/>
<LocList>
<Loc EndOffset="4334" SrcFileId="1" StartOffset="3697"/>
</LocList>
<RootTerm CovItemId="C8" CovItemPrefix="group2.game.WaterObjects.java" Intrnl_Id="165">
<OpTerm BooleanOpId="34" Intrnl_Id="166">
<BasicBoolTerm Intrnl_Id="167">
<LocList>
<Loc EndOffset="3788" SrcFileId="1" StartOffset="3702"/>
</LocList>
</BasicBoolTerm>
<BasicBoolTerm Intrnl_Id="168">
<LocList>
<Loc EndOffset="3875" SrcFileId="1" StartOffset="3799"/>
</LocList>
</BasicBoolTerm>
<LocList>
<Loc EndOffset="3797" SrcFileId="1" StartOffset="3795"/>
</LocList>
</OpTerm>
</RootTerm>
</CondStmnt>
</StmntSeq>
</Branch>
<Keyword EndOffset="3342" SrcFileId="1" StartOffset="3340"/>
<LocList>
<Loc EndOffset="4334" SrcFileId="1" StartOffset="3340"/>
</LocList>
<RootTerm CovItemId="C6" CovItemPrefix="group2.game.WaterObjects.java" Intrnl_Id="169">
<OpTerm BooleanOpId="34" Intrnl_Id="170">
<BasicBoolTerm Intrnl_Id="171">
<LocList>
<Loc EndOffset="3398" SrcFileId="1" StartOffset="3345"/>
</LocList>
</BasicBoolTerm>
<BasicBoolTerm Intrnl_Id="172">
<LocList>
<Loc EndOffset="3488" SrcFileId="1" StartOffset="3409"/>
</LocList>
</BasicBoolTerm>
<LocList>
<Loc EndOffset="3407" SrcFileId="1" StartOffset="3405"/>
</LocList>
</OpTerm>
</RootTerm>
</CondStmnt>
</StmntSeq>
</Branch>
<Keyword EndOffset="2962" SrcFileId="1" StartOffset="2960"/>
<LocList>
<Loc EndOffset="4334" SrcFileId="1" StartOffset="2960"/>
</LocList>
<RootTerm CovItemId="C4" CovItemPrefix="group2.game.WaterObjects.java" Intrnl_Id="173">
<OpTerm BooleanOpId="34" Intrnl_Id="174">
<BasicBoolTerm Intrnl_Id="175">
<LocList>
<Loc EndOffset="3049" SrcFileId="1" StartOffset="2965"/>
</LocList>
</BasicBoolTerm>
<BasicBoolTerm Intrnl_Id="176">
<LocList>
<Loc EndOffset="3134" SrcFileId="1" StartOffset="3060"/>
</LocList>
</BasicBoolTerm>
<LocList>
<Loc EndOffset="3058" SrcFileId="1" StartOffset="3056"/>
</LocList>
</OpTerm>
</RootTerm>
</CondStmnt>
</StmntSeq>
</Branch>
<Keyword EndOffset="2610" SrcFileId="1" StartOffset="2608"/>
<LocList>
<Loc EndOffset="4334" SrcFileId="1" StartOffset="2608"/>
</LocList>
<RootTerm CovItemId="C2" CovItemPrefix="group2.game.WaterObjects.java" Intrnl_Id="177">
<OpTerm BooleanOpId="34" Intrnl_Id="178">
<BasicBoolTerm Intrnl_Id="179">
<LocList>
<Loc EndOffset="2665" SrcFileId="1" StartOffset="2613"/>
</LocList>
</BasicBoolTerm>
<BasicBoolTerm Intrnl_Id="180">
<LocList>
<Loc EndOffset="2753" SrcFileId="1" StartOffset="2676"/>
</LocList>
</BasicBoolTerm>
<LocList>
<Loc EndOffset="2674" SrcFileId="1" StartOffset="2672"/>
</LocList>
</OpTerm>
</RootTerm>
</CondStmnt>
<CondStmnt CovItemId="S47" CovItemPrefix="group2.game.WaterObjects.java" Intrnl_Id="181">
<Branch CovItemId="B23" CovItemPrefix="group2.game.WaterObjects.java" Implct="false" Intrnl_Id="182">
<Cond/>
<LocList>
<Loc EndOffset="4436" SrcFileId="1" StartOffset="4367"/>
</LocList>
<StmntSeq Intrnl_Id="183">
<LocList>
<Loc EndOffset="4436" SrcFileId="1" StartOffset="4367"/>
</LocList>
<CondStmnt CovItemId="S48" CovItemPrefix="group2.game.WaterObjects.java" Intrnl_Id="184">
<Branch CovItemId="B25" CovItemPrefix="group2.game.WaterObjects.java" Implct="false" Intrnl_Id="185">
<Cond/>
<LocList>
<Loc EndOffset="4401" SrcFileId="1" StartOffset="4391"/>
</LocList>
<StmntSeq Intrnl_Id="186">
<LocList>
<Loc EndOffset="4401" SrcFileId="1" StartOffset="4391"/>
</LocList>
<BasicStmnt CovItemId="S49" CovItemPrefix="group2.game.WaterObjects.java" Intrnl_Id="187">
<LocList>
<Loc EndOffset="4401" SrcFileId="1" StartOffset="4391"/>
</LocList>
</BasicStmnt>
</StmntSeq>
</Branch>
<Branch CovItemId="B26" CovItemPrefix="group2.game.WaterObjects.java" Implct="false" Intrnl_Id="188">
<Cond>
<Loc EndOffset="4410" SrcFileId="1" StartOffset="4406"/>
</Cond>
<LocList>
<Loc EndOffset="4436" SrcFileId="1" StartOffset="4411"/>
</LocList>
<StmntSeq Intrnl_Id="189">
<LocList>
<Loc EndOffset="4430" SrcFileId="1" StartOffset="4418"/>
</LocList>
<BasicStmnt CovItemId="S50" CovItemPrefix="group2.game.WaterObjects.java" Intrnl_Id="190">
<LocList>
<Loc EndOffset="4430" SrcFileId="1" StartOffset="4418"/>
</LocList>
</BasicStmnt>
</StmntSeq>
</Branch>
<Keyword EndOffset="4369" SrcFileId="1" StartOffset="4367"/>
<LocList>
<Loc EndOffset="4436" SrcFileId="1" StartOffset="4367"/>
</LocList>
<RootTerm CovItemId="C13" CovItemPrefix="group2.game.WaterObjects.java" Intrnl_Id="191">
<BasicBoolTerm Intrnl_Id="192">
<LocList>
<Loc EndOffset="4384" SrcFileId="1" StartOffset="4371"/>
</LocList>
</BasicBoolTerm>
</RootTerm>
</CondStmnt>
</StmntSeq>
</Branch>
<Branch CovItemId="B24" CovItemPrefix="group2.game.WaterObjects.java" Implct="true" Intrnl_Id="193">
<Cond/>
<LocList/>
<StmntSeq Intrnl_Id="194">
<LocList/>
</StmntSeq>
</Branch>
<Keyword EndOffset="4341" SrcFileId="1" StartOffset="4339"/>
<LocList>
<Loc EndOffset="4436" SrcFileId="1" StartOffset="4339"/>
</LocList>
<RootTerm CovItemId="C12" CovItemPrefix="group2.game.WaterObjects.java" Intrnl_Id="195">
<BasicBoolTerm Intrnl_Id="196">
<LocList>
<Loc EndOffset="4361" SrcFileId="1" StartOffset="4343"/>
</LocList>
</BasicBoolTerm>
</RootTerm>
</CondStmnt>
<BasicStmnt CovItemId="S51" CovItemPrefix="group2.game.WaterObjects.java" Intrnl_Id="197">
<LocList>
<Loc EndOffset="4551" SrcFileId="1" StartOffset="4440"/>
</LocList>
</BasicStmnt>
<BasicStmnt CovItemId="S52" CovItemPrefix="group2.game.WaterObjects.java" Intrnl_Id="198">
<LocList>
<Loc EndOffset="4567" SrcFileId="1" StartOffset="4555"/>
</LocList>
</BasicStmnt>
</StmntSeq>
</Branch>
<Branch CovItemId="B2" CovItemPrefix="group2.game.WaterObjects.java" Implct="true" Intrnl_Id="199">
<Cond/>
<LocList/>
<StmntSeq Intrnl_Id="200">
<LocList/>
</StmntSeq>
</Branch>
<Keyword EndOffset="2261" SrcFileId="1" StartOffset="2259"/>
<LocList>
<Loc EndOffset="4571" SrcFileId="1" StartOffset="2259"/>
</LocList>
<RootTerm CovItemId="C1" CovItemPrefix="group2.game.WaterObjects.java" Intrnl_Id="201">
<BasicBoolTerm Intrnl_Id="202">
<LocList>
<Loc EndOffset="2329" SrcFileId="1" StartOffset="2263"/>
</LocList>
</BasicBoolTerm>
</RootTerm>
</CondStmnt>
<BasicStmnt CovItemId="S53" CovItemPrefix="group2.game.WaterObjects.java" Intrnl_Id="203">
<LocList>
<Loc EndOffset="4587" SrcFileId="1" StartOffset="4574"/>
</LocList>
</BasicStmnt>
</StmntSeq>
</HierarchyLvl>
<HierarchyLvl HierarchyLvlId="12997" HierarchyLvlTypeId="39" Intrnl_Id="204" Name="checkIfInStream">
<Header>
<Loc EndOffset="4625" SrcFileId="1" StartOffset="4593"/>
</Header>
<LocList>
<Loc EndOffset="7893" SrcFileId="1" StartOffset="4593"/>
</LocList>
<StmntSeq Intrnl_Id="205">
<LocList>
<Loc EndOffset="4646" SrcFileId="1" StartOffset="4631"/>
<Loc EndOffset="4668" SrcFileId="1" StartOffset="4649"/>
<Loc EndOffset="4759" SrcFileId="1" StartOffset="4713"/>
<Loc EndOffset="4807" SrcFileId="1" StartOffset="4762"/>
<Loc EndOffset="4860" SrcFileId="1" StartOffset="4811"/>
<Loc EndOffset="4915" SrcFileId="1" StartOffset="4863"/>
<Loc EndOffset="4971" SrcFileId="1" StartOffset="4918"/>
<Loc EndOffset="5024" SrcFileId="1" StartOffset="4974"/>
<Loc EndOffset="7661" SrcFileId="1" StartOffset="5055"/>
<Loc EndOffset="7757" SrcFileId="1" StartOffset="7665"/>
<Loc EndOffset="7875" SrcFileId="1" StartOffset="7760"/>
<Loc EndOffset="7890" SrcFileId="1" StartOffset="7878"/>
</LocList>
<BasicStmnt CovItemId="S54" CovItemPrefix="group2.game.WaterObjects.java" Intrnl_Id="206">
<LocList>
<Loc EndOffset="4646" SrcFileId="1" StartOffset="4631"/>
</LocList>
</BasicStmnt>
<BasicStmnt CovItemId="S55" CovItemPrefix="group2.game.WaterObjects.java" Intrnl_Id="207">
<LocList>
<Loc EndOffset="4668" SrcFileId="1" StartOffset="4649"/>
</LocList>
</BasicStmnt>
<CondStmnt CovItemId="S56" CovItemPrefix="group2.game.WaterObjects.java" Intrnl_Id="208">
<Branch CovItemId="B27" CovItemPrefix="group2.game.WaterObjects.java" Implct="false" Intrnl_Id="209">
<Cond/>
<LocList>
<Loc EndOffset="4759" SrcFileId="1" StartOffset="4739"/>
</LocList>
<StmntSeq Intrnl_Id="210">
<LocList>
<Loc EndOffset="4759" SrcFileId="1" StartOffset="4739"/>
</LocList>
<BasicStmnt CovItemId="S57" CovItemPrefix="group2.game.WaterObjects.java" Intrnl_Id="211">
<LocList>
<Loc EndOffset="4759" SrcFileId="1" StartOffset="4739"/>
</LocList>
</BasicStmnt>
</StmntSeq>
</Branch>
<Branch CovItemId="B28" CovItemPrefix="group2.game.WaterObjects.java" Implct="true" Intrnl_Id="212">
<Cond/>
<LocList/>
<StmntSeq Intrnl_Id="213">
<LocList/>
</StmntSeq>
</Branch>
<Keyword EndOffset="4715" SrcFileId="1" StartOffset="4713"/>
<LocList>
<Loc EndOffset="4759" SrcFileId="1" StartOffset="4713"/>
</LocList>
<RootTerm CovItemId="C14" CovItemPrefix="group2.game.WaterObjects.java" Intrnl_Id="214">
<BasicBoolTerm Intrnl_Id="215">
<LocList>
<Loc EndOffset="4734" SrcFileId="1" StartOffset="4717"/>
</LocList>
</BasicBoolTerm>
</RootTerm>
</CondStmnt>
<CondStmnt CovItemId="S58" CovItemPrefix="group2.game.WaterObjects.java" Intrnl_Id="216">
<Branch CovItemId="B29" CovItemPrefix="group2.game.WaterObjects.java" Implct="false" Intrnl_Id="217">
<Cond/>
<LocList>
<Loc EndOffset="4807" SrcFileId="1" StartOffset="4788"/>
</LocList>
<StmntSeq Intrnl_Id="218">
<LocList>
<Loc EndOffset="4807" SrcFileId="1" StartOffset="4788"/>
</LocList>
<BasicStmnt CovItemId="S59" CovItemPrefix="group2.game.WaterObjects.java" Intrnl_Id="219">
<LocList>
<Loc EndOffset="4807" SrcFileId="1" StartOffset="4788"/>
</LocList>
</BasicStmnt>
</StmntSeq>
</Branch>
<Branch CovItemId="B30" CovItemPrefix="group2.game.WaterObjects.java" Implct="true" Intrnl_Id="220">
<Cond/>
<LocList/>
<StmntSeq Intrnl_Id="221">
<LocList/>
</StmntSeq>
</Branch>
<Keyword EndOffset="4764" SrcFileId="1" StartOffset="4762"/>
<LocList>
<Loc EndOffset="4807" SrcFileId="1" StartOffset="4762"/>
</LocList>
<RootTerm CovItemId="C15" CovItemPrefix="group2.game.WaterObjects.java" Intrnl_Id="222">
<BasicBoolTerm Intrnl_Id="223">
<LocList>
<Loc EndOffset="4783" SrcFileId="1" StartOffset="4766"/>
</LocList>
</BasicBoolTerm>
</RootTerm>
</CondStmnt>
<BasicStmnt CovItemId="S60" CovItemPrefix="group2.game.WaterObjects.java" Intrnl_Id="224">
<LocList>
<Loc EndOffset="4860" SrcFileId="1" StartOffset="4811"/>
</LocList>
</BasicStmnt>
<BasicStmnt CovItemId="S61" CovItemPrefix="group2.game.WaterObjects.java" Intrnl_Id="225">
<LocList>
<Loc EndOffset="4915" SrcFileId="1" StartOffset="4863"/>
</LocList>
</BasicStmnt>
<BasicStmnt CovItemId="S62" CovItemPrefix="group2.game.WaterObjects.java" Intrnl_Id="226">
<LocList>
<Loc EndOffset="4971" SrcFileId="1" StartOffset="4918"/>
</LocList>
</BasicStmnt>
<BasicStmnt CovItemId="S63" CovItemPrefix="group2.game.WaterObjects.java" Intrnl_Id="227">
<LocList>
<Loc EndOffset="5024" SrcFileId="1" StartOffset="4974"/>
</LocList>
</BasicStmnt>
<CondStmnt CovItemId="S64" CovItemPrefix="group2.game.WaterObjects.java" Intrnl_Id="228">
<Branch CovItemId="B31" CovItemPrefix="group2.game.WaterObjects.java" Implct="false" Intrnl_Id="229">
<Cond/>
<LocList>
<Loc EndOffset="5890" SrcFileId="1" StartOffset="5078"/>
</LocList>
<StmntSeq Intrnl_Id="230">
<LocList>
<Loc EndOffset="5886" SrcFileId="1" StartOffset="5116"/>
</LocList>
<CondStmnt CovItemId="S65" CovItemPrefix="group2.game.WaterObjects.java" Intrnl_Id="231">
<Branch CovItemId="B33" CovItemPrefix="group2.game.WaterObjects.java" Implct="false" Intrnl_Id="232">
<Cond/>
<LocList>
<Loc EndOffset="5465" SrcFileId="1" StartOffset="5256"/>
</LocList>
<StmntSeq Intrnl_Id="233">
<LocList>
<Loc EndOffset="5460" SrcFileId="1" StartOffset="5262"/>
</LocList>
<CondStmnt CovItemId="S66" CovItemPrefix="group2.game.WaterObjects.java" Intrnl_Id="234">
<Branch CovItemId="B35" CovItemPrefix="group2.game.WaterObjects.java" Implct="false" Intrnl_Id="235">
<Cond/>
<LocList>
<Loc EndOffset="5460" SrcFileId="1" StartOffset="5345"/>
</LocList>
<StmntSeq Intrnl_Id="236">
<LocList>
<Loc EndOffset="5371" SrcFileId="1" StartOffset="5352"/>
</LocList>
<BasicStmnt CovItemId="S67" CovItemPrefix="group2.game.WaterObjects.java" Intrnl_Id="237">
<LocList>
<Loc EndOffset="5371" SrcFileId="1" StartOffset="5352"/>
</LocList>
</BasicStmnt>
</StmntSeq>
</Branch>
<Branch CovItemId="B36" CovItemPrefix="group2.game.WaterObjects.java" Implct="true" Intrnl_Id="238">
<Cond/>
<LocList/>
<StmntSeq Intrnl_Id="239">
<LocList/>
</StmntSeq>
</Branch>
<Keyword EndOffset="5264" SrcFileId="1" StartOffset="5262"/>
<LocList>
<Loc EndOffset="5460" SrcFileId="1" StartOffset="5262"/>
</LocList>
<RootTerm CovItemId="C18" CovItemPrefix="group2.game.WaterObjects.java" Intrnl_Id="240">
<OpTerm BooleanOpId="35" Intrnl_Id="241">
<BasicBoolTerm Intrnl_Id="242">
<LocList>
<Loc EndOffset="5298" SrcFileId="1" StartOffset="5266"/>
</LocList>
</BasicBoolTerm>
<BasicBoolTerm Intrnl_Id="243">
<LocList>
<Loc EndOffset="5343" SrcFileId="1" StartOffset="5308"/>
</LocList>
</BasicBoolTerm>
<LocList>
<Loc EndOffset="5307" SrcFileId="1" StartOffset="5305"/>
</LocList>
</OpTerm>
</RootTerm>
</CondStmnt>
</StmntSeq>
</Branch>
<Branch CovItemId="B34" CovItemPrefix="group2.game.WaterObjects.java" Implct="false" Intrnl_Id="244">
<Cond>
<Loc EndOffset="5509" SrcFileId="1" StartOffset="5505"/>
</Cond>
<LocList>
<Loc EndOffset="5886" SrcFileId="1" StartOffset="5510"/>
</LocList>
<StmntSeq Intrnl_Id="245">
<LocList>
<Loc EndOffset="5886" SrcFileId="1" StartOffset="5510"/>
</LocList>
<CondStmnt CovItemId="S68" CovItemPrefix="group2.game.WaterObjects.java" Intrnl_Id="246">
<Branch CovItemId="B37" CovItemPrefix="group2.game.WaterObjects.java" Implct="false" Intrnl_Id="247">
<Cond/>
<LocList>
<Loc EndOffset="5886" SrcFileId="1" StartOffset="5677"/>
</LocList>
<StmntSeq Intrnl_Id="248">
<LocList>
<Loc EndOffset="5881" SrcFileId="1" StartOffset="5683"/>
</LocList>
<CondStmnt CovItemId="S69" CovItemPrefix="group2.game.WaterObjects.java" Intrnl_Id="249">
<Branch CovItemId="B39" CovItemPrefix="group2.game.WaterObjects.java" Implct="false" Intrnl_Id="250">
<Cond/>
<LocList>
<Loc EndOffset="5881" SrcFileId="1" StartOffset="5766"/>
</LocList>
<StmntSeq Intrnl_Id="251">
<LocList>
<Loc EndOffset="5792" SrcFileId="1" StartOffset="5773"/>
</LocList>
<BasicStmnt CovItemId="S70" CovItemPrefix="group2.game.WaterObjects.java" Intrnl_Id="252">
<LocList>
<Loc EndOffset="5792" SrcFileId="1" StartOffset="5773"/>
</LocList>
</BasicStmnt>
</StmntSeq>
</Branch>
<Branch CovItemId="B40" CovItemPrefix="group2.game.WaterObjects.java" Implct="true" Intrnl_Id="253">
<Cond/>
<LocList/>
<StmntSeq Intrnl_Id="254">
<LocList/>
</StmntSeq>
</Branch>
<Keyword EndOffset="5685" SrcFileId="1" StartOffset="5683"/>
<LocList>
<Loc EndOffset="5881" SrcFileId="1" StartOffset="5683"/>
</LocList>
<RootTerm CovItemId="C20" CovItemPrefix="group2.game.WaterObjects.java" Intrnl_Id="255">
<OpTerm BooleanOpId="35" Intrnl_Id="256">
<BasicBoolTerm Intrnl_Id="257">
<LocList>
<Loc EndOffset="5719" SrcFileId="1" StartOffset="5687"/>
</LocList>
</BasicBoolTerm>
<BasicBoolTerm Intrnl_Id="258">
<LocList>
<Loc EndOffset="5764" SrcFileId="1" StartOffset="5729"/>
</LocList>
</BasicBoolTerm>
<LocList>
<Loc EndOffset="5728" SrcFileId="1" StartOffset="5726"/>
</LocList>
</OpTerm>
</RootTerm>
</CondStmnt>
</StmntSeq>
</Branch>
<Branch CovItemId="B38" CovItemPrefix="group2.game.WaterObjects.java" Implct="true" Intrnl_Id="259">
<Cond/>
<LocList/>
<StmntSeq Intrnl_Id="260">
<LocList/>
</StmntSeq>
</Branch>
<Keyword EndOffset="5512" SrcFileId="1" StartOffset="5510"/>
<LocList>
<Loc EndOffset="5886" SrcFileId="1" StartOffset="5510"/>
</LocList>
<RootTerm CovItemId="C19" CovItemPrefix="group2.game.WaterObjects.java" Intrnl_Id="261">
<OpTerm BooleanOpId="34" Intrnl_Id="262">
<BasicBoolTerm Intrnl_Id="263">
<LocList>
<Loc EndOffset="5594" SrcFileId="1" StartOffset="5515"/>
</LocList>
</BasicBoolTerm>
<BasicBoolTerm Intrnl_Id="264">
<LocList>
<Loc EndOffset="5674" SrcFileId="1" StartOffset="5605"/>
</LocList>
</BasicBoolTerm>
<LocList>
<Loc EndOffset="5603" SrcFileId="1" StartOffset="5601"/>
</LocList>
</OpTerm>
</RootTerm>
</CondStmnt>
</StmntSeq>
</Branch>
<Keyword EndOffset="5118" SrcFileId="1" StartOffset="5116"/>
<LocList>
<Loc EndOffset="5886" SrcFileId="1" StartOffset="5116"/>
</LocList>
<RootTerm CovItemId="C17" CovItemPrefix="group2.game.WaterObjects.java" Intrnl_Id="265">
<OpTerm BooleanOpId="34" Intrnl_Id="266">
<BasicBoolTerm Intrnl_Id="267">
<LocList>
<Loc EndOffset="5170" SrcFileId="1" StartOffset="5121"/>
</LocList>
</BasicBoolTerm>
<BasicBoolTerm Intrnl_Id="268">
<LocList>
<Loc EndOffset="5253" SrcFileId="1" StartOffset="5181"/>
</LocList>
</BasicBoolTerm>
<LocList>
<Loc EndOffset="5179" SrcFileId="1" StartOffset="5177"/>
</LocList>
</OpTerm>
</RootTerm>
</CondStmnt>
</StmntSeq>
</Branch>
<Branch CovItemId="B32" CovItemPrefix="group2.game.WaterObjects.java" Implct="false" Intrnl_Id="269">
<Cond>
<Loc EndOffset="5925" SrcFileId="1" StartOffset="5921"/>
</Cond>
<LocList>
<Loc EndOffset="7661" SrcFileId="1" StartOffset="5926"/>
</LocList>
<StmntSeq Intrnl_Id="270">
<LocList>
<Loc EndOffset="7661" SrcFileId="1" StartOffset="5926"/>
</LocList>
<CondStmnt CovItemId="S71" CovItemPrefix="group2.game.WaterObjects.java" Intrnl_Id="271">
<Branch CovItemId="B41" CovItemPrefix="group2.game.WaterObjects.java" Implct="false" Intrnl_Id="272">
<Cond/>
<LocList>
<Loc EndOffset="6785" SrcFileId="1" StartOffset="5949"/>
</LocList>
<StmntSeq Intrnl_Id="273">
<LocList>
<Loc EndOffset="6781" SrcFileId="1" StartOffset="5984"/>
</LocList>
<CondStmnt CovItemId="S72" CovItemPrefix="group2.game.WaterObjects.java" Intrnl_Id="274">
<Branch CovItemId="B43" CovItemPrefix="group2.game.WaterObjects.java" Implct="false" Intrnl_Id="275">
<Cond/>
<LocList>
<Loc EndOffset="6346" SrcFileId="1" StartOffset="6133"/>
</LocList>
<StmntSeq Intrnl_Id="276">
<LocList>
<Loc EndOffset="6341" SrcFileId="1" StartOffset="6139"/>
</LocList>
<CondStmnt CovItemId="S73" CovItemPrefix="group2.game.WaterObjects.java" Intrnl_Id="277">
<Branch CovItemId="B45" CovItemPrefix="group2.game.WaterObjects.java" Implct="false" Intrnl_Id="278">
<Cond/>
<LocList>
<Loc EndOffset="6341" SrcFileId="1" StartOffset="6226"/>
</LocList>
<StmntSeq Intrnl_Id="279">
<LocList>
<Loc EndOffset="6252" SrcFileId="1" StartOffset="6233"/>
</LocList>
<BasicStmnt CovItemId="S74" CovItemPrefix="group2.game.WaterObjects.java" Intrnl_Id="280">
<LocList>
<Loc EndOffset="6252" SrcFileId="1" StartOffset="6233"/>
</LocList>
</BasicStmnt>
</StmntSeq>
</Branch>
<Branch CovItemId="B46" CovItemPrefix="group2.game.WaterObjects.java" Implct="true" Intrnl_Id="281">
<Cond/>
<LocList/>
<StmntSeq Intrnl_Id="282">
<LocList/>
</StmntSeq>
</Branch>
<Keyword EndOffset="6141" SrcFileId="1" StartOffset="6139"/>
<LocList>
<Loc EndOffset="6341" SrcFileId="1" StartOffset="6139"/>
</LocList>
<RootTerm CovItemId="C23" CovItemPrefix="group2.game.WaterObjects.java" Intrnl_Id="283">
<OpTerm BooleanOpId="35" Intrnl_Id="284">
<BasicBoolTerm Intrnl_Id="285">
<LocList>
<Loc EndOffset="6178" SrcFileId="1" StartOffset="6143"/>
</LocList>
</BasicBoolTerm>
<BasicBoolTerm Intrnl_Id="286">
<LocList>
<Loc EndOffset="6224" SrcFileId="1" StartOffset="6188"/>
</LocList>
</BasicBoolTerm>
<LocList>
<Loc EndOffset="6187" SrcFileId="1" StartOffset="6185"/>
</LocList>
</OpTerm>
</RootTerm>
</CondStmnt>
</StmntSeq>
</Branch>
<Branch CovItemId="B44" CovItemPrefix="group2.game.WaterObjects.java" Implct="false" Intrnl_Id="287">
<Cond>
<Loc EndOffset="6387" SrcFileId="1" StartOffset="6383"/>
</Cond>
<LocList>
<Loc EndOffset="6781" SrcFileId="1" StartOffset="6388"/>
</LocList>
<StmntSeq Intrnl_Id="288">
<LocList>
<Loc EndOffset="6781" SrcFileId="1" StartOffset="6388"/>
</LocList>
<CondStmnt CovItemId="S75" CovItemPrefix="group2.game.WaterObjects.java" Intrnl_Id="289">
<Branch CovItemId="B47" CovItemPrefix="group2.game.WaterObjects.java" Implct="false" Intrnl_Id="290">
<Cond/>
<LocList>
<Loc EndOffset="6781" SrcFileId="1" StartOffset="6567"/>
</LocList>
<StmntSeq Intrnl_Id="291">
<LocList>
<Loc EndOffset="6776" SrcFileId="1" StartOffset="6573"/>
</LocList>
<CondStmnt CovItemId="S76" CovItemPrefix="group2.game.WaterObjects.java" Intrnl_Id="292">
<Branch CovItemId="B49" CovItemPrefix="group2.game.WaterObjects.java" Implct="false" Intrnl_Id="293">
<Cond/>
<LocList>
<Loc EndOffset="6776" SrcFileId="1" StartOffset="6660"/>
</LocList>
<StmntSeq Intrnl_Id="294">
<LocList>
<Loc EndOffset="6686" SrcFileId="1" StartOffset="6667"/>
</LocList>
<BasicStmnt CovItemId="S77" CovItemPrefix="group2.game.WaterObjects.java" Intrnl_Id="295">
<LocList>
<Loc EndOffset="6686" SrcFileId="1" StartOffset="6667"/>
</LocList>
</BasicStmnt>
</StmntSeq>
</Branch>
<Branch CovItemId="B50" CovItemPrefix="group2.game.WaterObjects.java" Implct="true" Intrnl_Id="296">
<Cond/>
<LocList/>
<StmntSeq Intrnl_Id="297">
<LocList/>
</StmntSeq>
</Branch>
<Keyword EndOffset="6575" SrcFileId="1" StartOffset="6573"/>
<LocList>
<Loc EndOffset="6776" SrcFileId="1" StartOffset="6573"/>
</LocList>
<RootTerm CovItemId="C25" CovItemPrefix="group2.game.WaterObjects.java" Intrnl_Id="298">
<OpTerm BooleanOpId="35" Intrnl_Id="299">
<BasicBoolTerm Intrnl_Id="300">
<LocList>
<Loc EndOffset="6612" SrcFileId="1" StartOffset="6577"/>
</LocList>
</BasicBoolTerm>
<BasicBoolTerm Intrnl_Id="301">
<LocList>
<Loc EndOffset="6658" SrcFileId="1" StartOffset="6622"/>
</LocList>
</BasicBoolTerm>
<LocList>
<Loc EndOffset="6621" SrcFileId="1" StartOffset="6619"/>
</LocList>
</OpTerm>
</RootTerm>
</CondStmnt>
</StmntSeq>
</Branch>
<Branch CovItemId="B48" CovItemPrefix="group2.game.WaterObjects.java" Implct="true" Intrnl_Id="302">
<Cond/>
<LocList/>
<StmntSeq Intrnl_Id="303">
<LocList/>
</StmntSeq>
</Branch>
<Keyword EndOffset="6390" SrcFileId="1" StartOffset="6388"/>
<LocList>
<Loc EndOffset="6781" SrcFileId="1" StartOffset="6388"/>
</LocList>
<RootTerm CovItemId="C24" CovItemPrefix="group2.game.WaterObjects.java" Intrnl_Id="304">
<OpTerm BooleanOpId="34" Intrnl_Id="305">
<BasicBoolTerm Intrnl_Id="306">
<LocList>
<Loc EndOffset="6478" SrcFileId="1" StartOffset="6393"/>
</LocList>
</BasicBoolTerm>
<BasicBoolTerm Intrnl_Id="307">
<LocList>
<Loc EndOffset="6564" SrcFileId="1" StartOffset="6489"/>
</LocList>
</BasicBoolTerm>
<LocList>
<Loc EndOffset="6487" SrcFileId="1" StartOffset="6485"/>
</LocList>
</OpTerm>
</RootTerm>
</CondStmnt>
</StmntSeq>
</Branch>
<Keyword EndOffset="5986" SrcFileId="1" StartOffset="5984"/>
<LocList>
<Loc EndOffset="6781" SrcFileId="1" StartOffset="5984"/>
</LocList>
<RootTerm CovItemId="C22" CovItemPrefix="group2.game.WaterObjects.java" Intrnl_Id="308">
<OpTerm BooleanOpId="34" Intrnl_Id="309">
<BasicBoolTerm Intrnl_Id="310">
<LocList>
<Loc EndOffset="6041" SrcFileId="1" StartOffset="5989"/>
</LocList>
</BasicBoolTerm>
<BasicBoolTerm Intrnl_Id="311">
<LocList>
<Loc EndOffset="6130" SrcFileId="1" StartOffset="6052"/>
</LocList>
</BasicBoolTerm>
<LocList>
<Loc EndOffset="6050" SrcFileId="1" StartOffset="6048"/>
</LocList>
</OpTerm>
</RootTerm>
</CondStmnt>
</StmntSeq>
</Branch>
<Branch CovItemId="B42" CovItemPrefix="group2.game.WaterObjects.java" Implct="false" Intrnl_Id="312">
<Cond>
<Loc EndOffset="6820" SrcFileId="1" StartOffset="6816"/>
</Cond>
<LocList>
<Loc EndOffset="7661" SrcFileId="1" StartOffset="6821"/>
</LocList>
<StmntSeq Intrnl_Id="313">
<LocList>
<Loc EndOffset="7661" SrcFileId="1" StartOffset="6821"/>
</LocList>
<CondStmnt CovItemId="S78" CovItemPrefix="group2.game.WaterObjects.java" Intrnl_Id="314">
<Branch CovItemId="B51" CovItemPrefix="group2.game.WaterObjects.java" Implct="false" Intrnl_Id="315">
<Cond/>
<LocList>
<Loc EndOffset="7661" SrcFileId="1" StartOffset="6844"/>
</LocList>
<StmntSeq Intrnl_Id="316">
<LocList>
<Loc EndOffset="7657" SrcFileId="1" StartOffset="6879"/>
</LocList>
<CondStmnt CovItemId="S79" CovItemPrefix="group2.game.WaterObjects.java" Intrnl_Id="317">
<Branch CovItemId="B53" CovItemPrefix="group2.game.WaterObjects.java" Implct="false" Intrnl_Id="318">
<Cond/>
<LocList>
<Loc EndOffset="7233" SrcFileId="1" StartOffset="7022"/>
</LocList>
<StmntSeq Intrnl_Id="319">
<LocList>
<Loc EndOffset="7228" SrcFileId="1" StartOffset="7028"/>
</LocList>
<CondStmnt CovItemId="S80" CovItemPrefix="group2.game.WaterObjects.java" Intrnl_Id="320">
<Branch CovItemId="B55" CovItemPrefix="group2.game.WaterObjects.java" Implct="false" Intrnl_Id="321">
<Cond/>
<LocList>
<Loc EndOffset="7228" SrcFileId="1" StartOffset="7113"/>
</LocList>
<StmntSeq Intrnl_Id="322">
<LocList>
<Loc EndOffset="7139" SrcFileId="1" StartOffset="7120"/>
</LocList>
<BasicStmnt CovItemId="S81" CovItemPrefix="group2.game.WaterObjects.java" Intrnl_Id="323">
<LocList>
<Loc EndOffset="7139" SrcFileId="1" StartOffset="7120"/>
</LocList>
</BasicStmnt>
</StmntSeq>
</Branch>
<Branch CovItemId="B56" CovItemPrefix="group2.game.WaterObjects.java" Implct="true" Intrnl_Id="324">
<Cond/>
<LocList/>
<StmntSeq Intrnl_Id="325">
<LocList/>
</StmntSeq>
</Branch>
<Keyword EndOffset="7030" SrcFileId="1" StartOffset="7028"/>
<LocList>
<Loc EndOffset="7228" SrcFileId="1" StartOffset="7028"/>
</LocList>
<RootTerm CovItemId="C28" CovItemPrefix="group2.game.WaterObjects.java" Intrnl_Id="326">
<OpTerm BooleanOpId="35" Intrnl_Id="327">
<BasicBoolTerm Intrnl_Id="328">
<LocList>
<Loc EndOffset="7065" SrcFileId="1" StartOffset="7032"/>
</LocList>
</BasicBoolTerm>
<BasicBoolTerm Intrnl_Id="329">
<LocList>
<Loc EndOffset="7111" SrcFileId="1" StartOffset="7075"/>
</LocList>
</BasicBoolTerm>
<LocList>
<Loc EndOffset="7074" SrcFileId="1" StartOffset="7072"/>
</LocList>
</OpTerm>
</RootTerm>
</CondStmnt>
</StmntSeq>
</Branch>
<Branch CovItemId="B54" CovItemPrefix="group2.game.WaterObjects.java" Implct="false" Intrnl_Id="330">
<Cond>
<Loc EndOffset="7274" SrcFileId="1" StartOffset="7270"/>
</Cond>
<LocList>
<Loc EndOffset="7657" SrcFileId="1" StartOffset="7275"/>
</LocList>
<StmntSeq Intrnl_Id="331">
<LocList>
<Loc EndOffset="7657" SrcFileId="1" StartOffset="7275"/>
</LocList>
<CondStmnt CovItemId="S82" CovItemPrefix="group2.game.WaterObjects.java" Intrnl_Id="332">
<Branch CovItemId="B57" CovItemPrefix="group2.game.WaterObjects.java" Implct="false" Intrnl_Id="333">
<Cond/>
<LocList>
<Loc EndOffset="7657" SrcFileId="1" StartOffset="7446"/>
</LocList>
<StmntSeq Intrnl_Id="334">
<LocList>
<Loc EndOffset="7652" SrcFileId="1" StartOffset="7452"/>
</LocList>
<CondStmnt CovItemId="S83" CovItemPrefix="group2.game.WaterObjects.java" Intrnl_Id="335">
<Branch CovItemId="B59" CovItemPrefix="group2.game.WaterObjects.java" Implct="false" Intrnl_Id="336">
<Cond/>
<LocList>
<Loc EndOffset="7652" SrcFileId="1" StartOffset="7537"/>
</LocList>
<StmntSeq Intrnl_Id="337">
<LocList>
<Loc EndOffset="7563" SrcFileId="1" StartOffset="7544"/>
</LocList>
<BasicStmnt CovItemId="S84" CovItemPrefix="group2.game.WaterObjects.java" Intrnl_Id="338">
<LocList>
<Loc EndOffset="7563" SrcFileId="1" StartOffset="7544"/>
</LocList>
</BasicStmnt>
</StmntSeq>
</Branch>
<Branch CovItemId="B60" CovItemPrefix="group2.game.WaterObjects.java" Implct="true" Intrnl_Id="339">
<Cond/>
<LocList/>
<StmntSeq Intrnl_Id="340">
<LocList/>
</StmntSeq>
</Branch>
<Keyword EndOffset="7454" SrcFileId="1" StartOffset="7452"/>
<LocList>
<Loc EndOffset="7652" SrcFileId="1" StartOffset="7452"/>
</LocList>
<RootTerm CovItemId="C30" CovItemPrefix="group2.game.WaterObjects.java" Intrnl_Id="341">
<OpTerm BooleanOpId="35" Intrnl_Id="342">
<BasicBoolTerm Intrnl_Id="343">
<LocList>
<Loc EndOffset="7489" SrcFileId="1" StartOffset="7456"/>
</LocList>
</BasicBoolTerm>
<BasicBoolTerm Intrnl_Id="344">
<LocList>
<Loc EndOffset="7535" SrcFileId="1" StartOffset="7499"/>
</LocList>
</BasicBoolTerm>
<LocList>
<Loc EndOffset="7498" SrcFileId="1" StartOffset="7496"/>
</LocList>
</OpTerm>
</RootTerm>
</CondStmnt>
</StmntSeq>
</Branch>
<Branch CovItemId="B58" CovItemPrefix="group2.game.WaterObjects.java" Implct="true" Intrnl_Id="345">
<Cond/>
<LocList/>
<StmntSeq Intrnl_Id="346">
<LocList/>
</StmntSeq>
</Branch>
<Keyword EndOffset="7277" SrcFileId="1" StartOffset="7275"/>
<LocList>
<Loc EndOffset="7657" SrcFileId="1" StartOffset="7275"/>
</LocList>
<RootTerm CovItemId="C29" CovItemPrefix="group2.game.WaterObjects.java" Intrnl_Id="347">
<OpTerm BooleanOpId="34" Intrnl_Id="348">
<BasicBoolTerm Intrnl_Id="349">
<LocList>
<Loc EndOffset="7361" SrcFileId="1" StartOffset="7280"/>
</LocList>
</BasicBoolTerm>
<BasicBoolTerm Intrnl_Id="350">
<LocList>
<Loc EndOffset="7443" SrcFileId="1" StartOffset="7372"/>
</LocList>
</BasicBoolTerm>
<LocList>
<Loc EndOffset="7370" SrcFileId="1" StartOffset="7368"/>
</LocList>
</OpTerm>
</RootTerm>
</CondStmnt>
</StmntSeq>
</Branch>
<Keyword EndOffset="6881" SrcFileId="1" StartOffset="6879"/>
<LocList>
<Loc EndOffset="7657" SrcFileId="1" StartOffset="6879"/>
</LocList>
<RootTerm CovItemId="C27" CovItemPrefix="group2.game.WaterObjects.java" Intrnl_Id="351">
<OpTerm BooleanOpId="34" Intrnl_Id="352">
<BasicBoolTerm Intrnl_Id="353">
<LocList>
<Loc EndOffset="6934" SrcFileId="1" StartOffset="6884"/>
</LocList>
</BasicBoolTerm>
<BasicBoolTerm Intrnl_Id="354">
<LocList>
<Loc EndOffset="7019" SrcFileId="1" StartOffset="6945"/>
</LocList>
</BasicBoolTerm>
<LocList>
<Loc EndOffset="6943" SrcFileId="1" StartOffset="6941"/>
</LocList>
</OpTerm>
</RootTerm>
</CondStmnt>
</StmntSeq>
</Branch>
<Branch CovItemId="B52" CovItemPrefix="group2.game.WaterObjects.java" Implct="true" Intrnl_Id="355">
<Cond/>
<LocList/>
<StmntSeq Intrnl_Id="356">
<LocList/>
</StmntSeq>
</Branch>
<Keyword EndOffset="6823" SrcFileId="1" StartOffset="6821"/>
<LocList>
<Loc EndOffset="7661" SrcFileId="1" StartOffset="6821"/>
</LocList>
<RootTerm CovItemId="C26" CovItemPrefix="group2.game.WaterObjects.java" Intrnl_Id="357">
<BasicBoolTerm Intrnl_Id="358">
<LocList>
<Loc EndOffset="6842" SrcFileId="1" StartOffset="6825"/>
</LocList>
</BasicBoolTerm>
</RootTerm>
</CondStmnt>
</StmntSeq>
</Branch>
<Keyword EndOffset="5928" SrcFileId="1" StartOffset="5926"/>
<LocList>
<Loc EndOffset="7661" SrcFileId="1" StartOffset="5926"/>
</LocList>
<RootTerm CovItemId="C21" CovItemPrefix="group2.game.WaterObjects.java" Intrnl_Id="359">
<BasicBoolTerm Intrnl_Id="360">
<LocList>
<Loc EndOffset="5947" SrcFileId="1" StartOffset="5930"/>
</LocList>
</BasicBoolTerm>
</RootTerm>
</CondStmnt>
</StmntSeq>
</Branch>
<Keyword EndOffset="5057" SrcFileId="1" StartOffset="5055"/>
<LocList>
<Loc EndOffset="7661" SrcFileId="1" StartOffset="5055"/>
</LocList>
<RootTerm CovItemId="C16" CovItemPrefix="group2.game.WaterObjects.java" Intrnl_Id="361">
<BasicBoolTerm Intrnl_Id="362">
<LocList>
<Loc EndOffset="5076" SrcFileId="1" StartOffset="5059"/>
</LocList>
</BasicBoolTerm>
</RootTerm>
</CondStmnt>
<CondStmnt CovItemId="S85" CovItemPrefix="group2.game.WaterObjects.java" Intrnl_Id="363">
<Branch CovItemId="B61" CovItemPrefix="group2.game.WaterObjects.java" Implct="false" Intrnl_Id="364">
<Cond/>
<LocList>
<Loc EndOffset="7757" SrcFileId="1" StartOffset="7692"/>
</LocList>
<StmntSeq Intrnl_Id="365">
<LocList>
<Loc EndOffset="7757" SrcFileId="1" StartOffset="7692"/>
</LocList>
<CondStmnt CovItemId="S86" CovItemPrefix="group2.game.WaterObjects.java" Intrnl_Id="366">
<Branch CovItemId="B63" CovItemPrefix="group2.game.WaterObjects.java" Implct="false" Intrnl_Id="367">
<Cond/>
<LocList>
<Loc EndOffset="7725" SrcFileId="1" StartOffset="7715"/>
</LocList>
<StmntSeq Intrnl_Id="368">
<LocList>
<Loc EndOffset="7725" SrcFileId="1" StartOffset="7715"/>
</LocList>
<BasicStmnt CovItemId="S87" CovItemPrefix="group2.game.WaterObjects.java" Intrnl_Id="369">
<LocList>
<Loc EndOffset="7725" SrcFileId="1" StartOffset="7715"/>
</LocList>
</BasicStmnt>
</StmntSeq>
</Branch>
<Branch CovItemId="B64" CovItemPrefix="group2.game.WaterObjects.java" Implct="false" Intrnl_Id="370">
<Cond>
<Loc EndOffset="7733" SrcFileId="1" StartOffset="7729"/>
</Cond>
<LocList>
<Loc EndOffset="7757" SrcFileId="1" StartOffset="7734"/>
</LocList>
<StmntSeq Intrnl_Id="371">
<LocList>
<Loc EndOffset="7752" SrcFileId="1" StartOffset="7740"/>
</LocList>
<BasicStmnt CovItemId="S88" CovItemPrefix="group2.game.WaterObjects.java" Intrnl_Id="372">
<LocList>
<Loc EndOffset="7752" SrcFileId="1" StartOffset="7740"/>
</LocList>
</BasicStmnt>
</StmntSeq>
</Branch>
<Keyword EndOffset="7694" SrcFileId="1" StartOffset="7692"/>
<LocList>
<Loc EndOffset="7757" SrcFileId="1" StartOffset="7692"/>
</LocList>
<RootTerm CovItemId="C32" CovItemPrefix="group2.game.WaterObjects.java" Intrnl_Id="373">
<BasicBoolTerm Intrnl_Id="374">
<LocList>
<Loc EndOffset="7709" SrcFileId="1" StartOffset="7696"/>
</LocList>
</BasicBoolTerm>
</RootTerm>
</CondStmnt>
</StmntSeq>
</Branch>
<Branch CovItemId="B62" CovItemPrefix="group2.game.WaterObjects.java" Implct="true" Intrnl_Id="375">
<Cond/>
<LocList/>
<StmntSeq Intrnl_Id="376">
<LocList/>
</StmntSeq>
</Branch>
<Keyword EndOffset="7667" SrcFileId="1" StartOffset="7665"/>
<LocList>
<Loc EndOffset="7757" SrcFileId="1" StartOffset="7665"/>
</LocList>
<RootTerm CovItemId="C31" CovItemPrefix="group2.game.WaterObjects.java" Intrnl_Id="377">
<BasicBoolTerm Intrnl_Id="378">
<LocList>
<Loc EndOffset="7687" SrcFileId="1" StartOffset="7669"/>
</LocList>
</BasicBoolTerm>
</RootTerm>
</CondStmnt>
<BasicStmnt CovItemId="S89" CovItemPrefix="group2.game.WaterObjects.java" Intrnl_Id="379">
<LocList>
<Loc EndOffset="7875" SrcFileId="1" StartOffset="7760"/>
</LocList>
</BasicStmnt>
<BasicStmnt CovItemId="S90" CovItemPrefix="group2.game.WaterObjects.java" Intrnl_Id="380">
<LocList>
<Loc EndOffset="7890" SrcFileId="1" StartOffset="7878"/>
</LocList>
</BasicStmnt>
</StmntSeq>
</HierarchyLvl>
<HierarchyLvl HierarchyLvlId="12998" HierarchyLvlTypeId="39" Intrnl_Id="381" Name="update">
<Header>
<Loc EndOffset="8075" SrcFileId="1" StartOffset="8055"/>
</Header>
<LocList>
<Loc EndOffset="8712" SrcFileId="1" StartOffset="8055"/>
</LocList>
<StmntSeq Intrnl_Id="382">
<LocList>
<Loc EndOffset="8168" SrcFileId="1" StartOffset="8080"/>
<Loc EndOffset="8251" SrcFileId="1" StartOffset="8171"/>
<Loc EndOffset="8319" SrcFileId="1" StartOffset="8255"/>
<Loc EndOffset="8332" SrcFileId="1" StartOffset="8322"/>
<Loc EndOffset="8709" SrcFileId="1" StartOffset="8370"/>
</LocList>
<CondStmnt CovItemId="S91" CovItemPrefix="group2.game.WaterObjects.java" Intrnl_Id="383">
<Branch CovItemId="B65" CovItemPrefix="group2.game.WaterObjects.java" Implct="false" Intrnl_Id="384">
<Cond/>
<LocList>
<Loc EndOffset="8168" SrcFileId="1" StartOffset="8132"/>
</LocList>
<StmntSeq Intrnl_Id="385">
<LocList>
<Loc EndOffset="8164" SrcFileId="1" StartOffset="8137"/>
</LocList>
<BasicStmnt CovItemId="S92" CovItemPrefix="group2.game.WaterObjects.java" Intrnl_Id="386">
<LocList>
<Loc EndOffset="8164" SrcFileId="1" StartOffset="8137"/>
</LocList>
</BasicStmnt>
</StmntSeq>
</Branch>
<Branch CovItemId="B66" CovItemPrefix="group2.game.WaterObjects.java" Implct="true" Intrnl_Id="387">
<Cond/>
<LocList/>
<StmntSeq Intrnl_Id="388">
<LocList/>
</StmntSeq>
</Branch>
<Keyword EndOffset="8082" SrcFileId="1" StartOffset="8080"/>
<LocList>
<Loc EndOffset="8168" SrcFileId="1" StartOffset="8080"/>
</LocList>
<RootTerm CovItemId="C33" CovItemPrefix="group2.game.WaterObjects.java" Intrnl_Id="389">
<BasicBoolTerm Intrnl_Id="390">
<LocList>
<Loc EndOffset="8130" SrcFileId="1" StartOffset="8084"/>
</LocList>
</BasicBoolTerm>
</RootTerm>
</CondStmnt>
<CondStmnt CovItemId="S93" CovItemPrefix="group2.game.WaterObjects.java" Intrnl_Id="391">
<Branch CovItemId="B67" CovItemPrefix="group2.game.WaterObjects.java" Implct="false" Intrnl_Id="392">
<Cond/>
<LocList>
<Loc EndOffset="8251" SrcFileId="1" StartOffset="8216"/>
</LocList>
<StmntSeq Intrnl_Id="393">
<LocList>
<Loc EndOffset="8247" SrcFileId="1" StartOffset="8221"/>
</LocList>
<BasicStmnt CovItemId="S94" CovItemPrefix="group2.game.WaterObjects.java" Intrnl_Id="394">
<LocList>
<Loc EndOffset="8247" SrcFileId="1" StartOffset="8221"/>
</LocList>
</BasicStmnt>
</StmntSeq>
</Branch>
<Branch CovItemId="B68" CovItemPrefix="group2.game.WaterObjects.java" Implct="true" Intrnl_Id="395">
<Cond/>
<LocList/>
<StmntSeq Intrnl_Id="396">
<LocList/>
</StmntSeq>
</Branch>
<Keyword EndOffset="8173" SrcFileId="1" StartOffset="8171"/>
<LocList>
<Loc EndOffset="8251" SrcFileId="1" StartOffset="8171"/>
</LocList>
<RootTerm CovItemId="C34" CovItemPrefix="group2.game.WaterObjects.java" Intrnl_Id="397">
<BasicBoolTerm Intrnl_Id="398">
<LocList>
<Loc EndOffset="8214" SrcFileId="1" StartOffset="8175"/>
</LocList>
</BasicBoolTerm>
</RootTerm>
</CondStmnt>
<CondStmnt CovItemId="S95" CovItemPrefix="group2.game.WaterObjects.java" Intrnl_Id="399">
<Branch CovItemId="B69" CovItemPrefix="group2.game.WaterObjects.java" Implct="false" Intrnl_Id="400">
<Cond/>
<LocList>
<Loc EndOffset="8289" SrcFileId="1" StartOffset="8278"/>
</LocList>
<StmntSeq Intrnl_Id="401">
<LocList>
<Loc EndOffset="8289" SrcFileId="1" StartOffset="8278"/>
</LocList>
<BasicStmnt CovItemId="S96" CovItemPrefix="group2.game.WaterObjects.java" Intrnl_Id="402">
<LocList>
<Loc EndOffset="8289" SrcFileId="1" StartOffset="8278"/>
</LocList>
</BasicStmnt>
</StmntSeq>
</Branch>
<Branch CovItemId="B70" CovItemPrefix="group2.game.WaterObjects.java" Implct="false" Intrnl_Id="403">
<Cond>
<Loc EndOffset="8296" SrcFileId="1" StartOffset="8292"/>
</Cond>
<LocList>
<Loc EndOffset="8319" SrcFileId="1" StartOffset="8297"/>
</LocList>
<StmntSeq Intrnl_Id="404">
<LocList>
<Loc EndOffset="8315" SrcFileId="1" StartOffset="8302"/>
</LocList>
<BasicStmnt CovItemId="S97" CovItemPrefix="group2.game.WaterObjects.java" Intrnl_Id="405">
<LocList>
<Loc EndOffset="8315" SrcFileId="1" StartOffset="8302"/>
</LocList>
</BasicStmnt>
</StmntSeq>
</Branch>
<Keyword EndOffset="8257" SrcFileId="1" StartOffset="8255"/>
<LocList>
<Loc EndOffset="8319" SrcFileId="1" StartOffset="8255"/>
</LocList>
<RootTerm CovItemId="C35" CovItemPrefix="group2.game.WaterObjects.java" Intrnl_Id="406">
<BasicBoolTerm Intrnl_Id="407">
<LocList>
<Loc EndOffset="8273" SrcFileId="1" StartOffset="8259"/>
</LocList>
</BasicBoolTerm>
</RootTerm>
</CondStmnt>
<BasicStmnt CovItemId="S98" CovItemPrefix="group2.game.WaterObjects.java" Intrnl_Id="408">
<LocList>
<Loc EndOffset="8332" SrcFileId="1" StartOffset="8322"/>
</LocList>
</BasicStmnt>
<CondStmnt CovItemId="S99" CovItemPrefix="group2.game.WaterObjects.java" Intrnl_Id="409">
<Branch CovItemId="B71" CovItemPrefix="group2.game.WaterObjects.java" Implct="false" Intrnl_Id="410">
<Cond/>
<LocList>
<Loc EndOffset="8519" SrcFileId="1" StartOffset="8392"/>
</LocList>
<StmntSeq Intrnl_Id="411">
<LocList>
<Loc EndOffset="8441" SrcFileId="1" StartOffset="8397"/>
<Loc EndOffset="8504" SrcFileId="1" StartOffset="8445"/>
<Loc EndOffset="8515" SrcFileId="1" StartOffset="8508"/>
</LocList>
<CondStmnt CovItemId="S100" CovItemPrefix="group2.game.WaterObjects.java" Intrnl_Id="412">
<Branch CovItemId="B73" CovItemPrefix="group2.game.WaterObjects.java" Implct="false" Intrnl_Id="413">
<Cond/>
<LocList>
<Loc EndOffset="8441" SrcFileId="1" StartOffset="8423"/>
</LocList>
<StmntSeq Intrnl_Id="414">
<LocList>
<Loc EndOffset="8441" SrcFileId="1" StartOffset="8423"/>
</LocList>
<BasicStmnt CovItemId="S101" CovItemPrefix="group2.game.WaterObjects.java" Intrnl_Id="415">
<LocList>
<Loc EndOffset="8441" SrcFileId="1" StartOffset="8423"/>
</LocList>
</BasicStmnt>
</StmntSeq>
</Branch>
<Branch CovItemId="B74" CovItemPrefix="group2.game.WaterObjects.java" Implct="true" Intrnl_Id="416">
<Cond/>
<LocList/>
<StmntSeq Intrnl_Id="417">
<LocList/>
</StmntSeq>
</Branch>
<Keyword EndOffset="8399" SrcFileId="1" StartOffset="8397"/>
<LocList>
<Loc EndOffset="8441" SrcFileId="1" StartOffset="8397"/>
</LocList>
<RootTerm CovItemId="C37" CovItemPrefix="group2.game.WaterObjects.java" Intrnl_Id="418">
<BasicBoolTerm Intrnl_Id="419">
<LocList>
<Loc EndOffset="8417" SrcFileId="1" StartOffset="8401"/>
</LocList>
</BasicBoolTerm>
</RootTerm>
</CondStmnt>
<CondStmnt CovItemId="S102" CovItemPrefix="group2.game.WaterObjects.java" Intrnl_Id="420">
<Branch CovItemId="B75" CovItemPrefix="group2.game.WaterObjects.java" Implct="false" Intrnl_Id="421">
<Cond/>
<LocList>
<Loc EndOffset="8504" SrcFileId="1" StartOffset="8472"/>
</LocList>
<StmntSeq Intrnl_Id="422">
<LocList>
<Loc EndOffset="8504" SrcFileId="1" StartOffset="8472"/>
</LocList>
<BasicStmnt CovItemId="S103" CovItemPrefix="group2.game.WaterObjects.java" Intrnl_Id="423">
<LocList>
<Loc EndOffset="8504" SrcFileId="1" StartOffset="8472"/>
</LocList>
</BasicStmnt>
</StmntSeq>
</Branch>
<Branch CovItemId="B76" CovItemPrefix="group2.game.WaterObjects.java" Implct="true" Intrnl_Id="424">
<Cond/>
<LocList/>
<StmntSeq Intrnl_Id="425">
<LocList/>
</StmntSeq>
</Branch>
<Keyword EndOffset="8447" SrcFileId="1" StartOffset="8445"/>
<LocList>
<Loc EndOffset="8504" SrcFileId="1" StartOffset="8445"/>
</LocList>
<RootTerm CovItemId="C38" CovItemPrefix="group2.game.WaterObjects.java" Intrnl_Id="426">
<BasicBoolTerm Intrnl_Id="427">
<LocList>
<Loc EndOffset="8466" SrcFileId="1" StartOffset="8449"/>
</LocList>
</BasicBoolTerm>
</RootTerm>
</CondStmnt>
<BasicStmnt CovItemId="S104" CovItemPrefix="group2.game.WaterObjects.java" Intrnl_Id="428">
<LocList>
<Loc EndOffset="8515" SrcFileId="1" StartOffset="8508"/>
</LocList>
</BasicStmnt>
</StmntSeq>
</Branch>
<Branch CovItemId="B72" CovItemPrefix="group2.game.WaterObjects.java" Implct="false" Intrnl_Id="429">
<Cond>
<Loc EndOffset="8559" SrcFileId="1" StartOffset="8555"/>
</Cond>
<LocList>
<Loc EndOffset="8709" SrcFileId="1" StartOffset="8560"/>
</LocList>
<StmntSeq Intrnl_Id="430">
<LocList>
<Loc EndOffset="8583" SrcFileId="1" StartOffset="8565"/>
<Loc EndOffset="8631" SrcFileId="1" StartOffset="8587"/>
<Loc EndOffset="8694" SrcFileId="1" StartOffset="8635"/>
<Loc EndOffset="8705" SrcFileId="1" StartOffset="8698"/>
</LocList>
<BasicStmnt CovItemId="S105" CovItemPrefix="group2.game.WaterObjects.java" Intrnl_Id="431">
<LocList>
<Loc EndOffset="8583" SrcFileId="1" StartOffset="8565"/>
</LocList>
</BasicStmnt>
<CondStmnt CovItemId="S106" CovItemPrefix="group2.game.WaterObjects.java" Intrnl_Id="432">
<Branch CovItemId="B77" CovItemPrefix="group2.game.WaterObjects.java" Implct="false" Intrnl_Id="433">
<Cond/>
<LocList>
<Loc EndOffset="8631" SrcFileId="1" StartOffset="8613"/>
</LocList>
<StmntSeq Intrnl_Id="434">
<LocList>
<Loc EndOffset="8631" SrcFileId="1" StartOffset="8613"/>
</LocList>
<BasicStmnt CovItemId="S107" CovItemPrefix="group2.game.WaterObjects.java" Intrnl_Id="435">
<LocList>
<Loc EndOffset="8631" SrcFileId="1" StartOffset="8613"/>
</LocList>
</BasicStmnt>
</StmntSeq>
</Branch>
<Branch CovItemId="B78" CovItemPrefix="group2.game.WaterObjects.java" Implct="true" Intrnl_Id="436">
<Cond/>
<LocList/>
<StmntSeq Intrnl_Id="437">
<LocList/>
</StmntSeq>
</Branch>
<Keyword EndOffset="8589" SrcFileId="1" StartOffset="8587"/>
<LocList>
<Loc EndOffset="8631" SrcFileId="1" StartOffset="8587"/>
</LocList>
<RootTerm CovItemId="C39" CovItemPrefix="group2.game.WaterObjects.java" Intrnl_Id="438">
<BasicBoolTerm Intrnl_Id="439">
<LocList>
<Loc EndOffset="8607" SrcFileId="1" StartOffset="8591"/>
</LocList>
</BasicBoolTerm>
</RootTerm>
</CondStmnt>
<CondStmnt CovItemId="S108" CovItemPrefix="group2.game.WaterObjects.java" Intrnl_Id="440">
<Branch CovItemId="B79" CovItemPrefix="group2.game.WaterObjects.java" Implct="false" Intrnl_Id="441">
<Cond/>
<LocList>
<Loc EndOffset="8694" SrcFileId="1" StartOffset="8662"/>
</LocList>
<StmntSeq Intrnl_Id="442">
<LocList>
<Loc EndOffset="8694" SrcFileId="1" StartOffset="8662"/>
</LocList>
<BasicStmnt CovItemId="S109" CovItemPrefix="group2.game.WaterObjects.java" Intrnl_Id="443">
<LocList>
<Loc EndOffset="8694" SrcFileId="1" StartOffset="8662"/>
</LocList>
</BasicStmnt>
</StmntSeq>
</Branch>
<Branch CovItemId="B80" CovItemPrefix="group2.game.WaterObjects.java" Implct="true" Intrnl_Id="444">
<Cond/>
<LocList/>
<StmntSeq Intrnl_Id="445">
<LocList/>
</StmntSeq>
</Branch>
<Keyword EndOffset="8637" SrcFileId="1" StartOffset="8635"/>
<LocList>
<Loc EndOffset="8694" SrcFileId="1" StartOffset="8635"/>
</LocList>
<RootTerm CovItemId="C40" CovItemPrefix="group2.game.WaterObjects.java" Intrnl_Id="446">
<BasicBoolTerm Intrnl_Id="447">
<LocList>
<Loc EndOffset="8656" SrcFileId="1" StartOffset="8639"/>
</LocList>
</BasicBoolTerm>
</RootTerm>
</CondStmnt>
<BasicStmnt CovItemId="S110" CovItemPrefix="group2.game.WaterObjects.java" Intrnl_Id="448">
<LocList>
<Loc EndOffset="8705" SrcFileId="1" StartOffset="8698"/>
</LocList>
</BasicStmnt>
</StmntSeq>
</Branch>
<Keyword EndOffset="8372" SrcFileId="1" StartOffset="8370"/>
<LocList>
<Loc EndOffset="8709" SrcFileId="1" StartOffset="8370"/>
</LocList>
<RootTerm CovItemId="C36" CovItemPrefix="group2.game.WaterObjects.java" Intrnl_Id="449">
<BasicBoolTerm Intrnl_Id="450">
<LocList>
<Loc EndOffset="8390" SrcFileId="1" StartOffset="8374"/>
</LocList>
</BasicBoolTerm>
</RootTerm>
</CondStmnt>
</StmntSeq>
</HierarchyLvl>
</HierarchyLvl>
<HierarchyLvl HierarchyLvlId="13009" HierarchyLvlTypeId="38" Intrnl_Id="451" Name="TestGame">
<Header>
<Loc EndOffset="259" SrcFileId="2" StartOffset="238"/>
</Header>
<LocList>
<Loc EndOffset="8437" SrcFileId="2" StartOffset="238"/>
</LocList>
<HierarchyLvl HierarchyLvlId="13000" HierarchyLvlTypeId="39" Intrnl_Id="452" Name="testNewScoreData">
<Header>
<Loc EndOffset="617" SrcFileId="2" StartOffset="580"/>
</Header>
<LocList>
<Loc EndOffset="820" SrcFileId="2" StartOffset="580"/>
</LocList>
<StmntSeq Intrnl_Id="453">
<LocList>
<Loc EndOffset="681" SrcFileId="2" StartOffset="622"/>
<Loc EndOffset="722" SrcFileId="2" StartOffset="685"/>
<Loc EndOffset="757" SrcFileId="2" StartOffset="725"/>
<Loc EndOffset="789" SrcFileId="2" StartOffset="760"/>
<Loc EndOffset="816" SrcFileId="2" StartOffset="792"/>
</LocList>
<BasicStmnt CovItemId="S1" CovItemPrefix="group2.game.TestGame.java" Intrnl_Id="454">
<LocList>
<Loc EndOffset="681" SrcFileId="2" StartOffset="622"/>
</LocList>
</BasicStmnt>
<BasicStmnt CovItemId="S2" CovItemPrefix="group2.game.TestGame.java" Intrnl_Id="455">
<LocList>
<Loc EndOffset="722" SrcFileId="2" StartOffset="685"/>
</LocList>
</BasicStmnt>
<BasicStmnt CovItemId="S3" CovItemPrefix="group2.game.TestGame.java" Intrnl_Id="456">
<LocList>
<Loc EndOffset="757" SrcFileId="2" StartOffset="725"/>
</LocList>
</BasicStmnt>
<BasicStmnt CovItemId="S4" CovItemPrefix="group2.game.TestGame.java" Intrnl_Id="457">
<LocList>
<Loc EndOffset="789" SrcFileId="2" StartOffset="760"/>
</LocList>
</BasicStmnt>
<BasicStmnt CovItemId="S5" CovItemPrefix="group2.game.TestGame.java" Intrnl_Id="458">
<LocList>
<Loc EndOffset="816" SrcFileId="2" StartOffset="792"/>
</LocList>
</BasicStmnt>
</StmntSeq>
</HierarchyLvl>
<HierarchyLvl HierarchyLvlId="13001" HierarchyLvlTypeId="39" Intrnl_Id="459" Name="testQuiz">
<Header>
<Loc EndOffset="852" SrcFileId="2" StartOffset="823"/>
</Header>
<LocList>
<Loc EndOffset="1289" SrcFileId="2" StartOffset="823"/>
</LocList>
<StmntSeq Intrnl_Id="460">
<LocList>
<Loc EndOffset="879" SrcFileId="2" StartOffset="857"/>
<Loc EndOffset="924" SrcFileId="2" StartOffset="882"/>
<Loc EndOffset="961" SrcFileId="2" StartOffset="927"/>
<Loc EndOffset="1036" SrcFileId="2" StartOffset="1007"/>
<Loc EndOffset="1073" SrcFileId="2" StartOffset="1039"/>
<Loc EndOffset="1103" SrcFileId="2" StartOffset="1076"/>
<Loc EndOffset="1185" SrcFileId="2" StartOffset="1154"/>
<Loc EndOffset="1219" SrcFileId="2" StartOffset="1188"/>
<Loc EndOffset="1252" SrcFileId="2" StartOffset="1222"/>
<Loc EndOffset="1286" SrcFileId="2" StartOffset="1255"/>
</LocList>
<BasicStmnt CovItemId="S6" CovItemPrefix="group2.game.TestGame.java" Intrnl_Id="461">
<LocList>
<Loc EndOffset="879" SrcFileId="2" StartOffset="857"/>
</LocList>
</BasicStmnt>
<BasicStmnt CovItemId="S7" CovItemPrefix="group2.game.TestGame.java" Intrnl_Id="462">
<LocList>
<Loc EndOffset="924" SrcFileId="2" StartOffset="882"/>
</LocList>
</BasicStmnt>
<BasicStmnt CovItemId="S8" CovItemPrefix="group2.game.TestGame.java" Intrnl_Id="463">
<LocList>
<Loc EndOffset="961" SrcFileId="2" StartOffset="927"/>
</LocList>
</BasicStmnt>
<BasicStmnt CovItemId="S9" CovItemPrefix="group2.game.TestGame.java" Intrnl_Id="464">
<LocList>
<Loc EndOffset="1036" SrcFileId="2" StartOffset="1007"/>
</LocList>
</BasicStmnt>
<BasicStmnt CovItemId="S10" CovItemPrefix="group2.game.TestGame.java" Intrnl_Id="465">
<LocList>
<Loc EndOffset="1073" SrcFileId="2" StartOffset="1039"/>
</LocList>
</BasicStmnt>
<BasicStmnt CovItemId="S11" CovItemPrefix="group2.game.TestGame.java" Intrnl_Id="466">
<LocList>
<Loc EndOffset="1103" SrcFileId="2" StartOffset="1076"/>
</LocList>
</BasicStmnt>
<BasicStmnt CovItemId="S12" CovItemPrefix="group2.game.TestGame.java" Intrnl_Id="467">
<LocList>
<Loc EndOffset="1185" SrcFileId="2" StartOffset="1154"/>
</LocList>
</BasicStmnt>
<BasicStmnt CovItemId="S13" CovItemPrefix="group2.game.TestGame.java" Intrnl_Id="468">
<LocList>
<Loc EndOffset="1219" SrcFileId="2" StartOffset="1188"/>
</LocList>
</BasicStmnt>
<BasicStmnt CovItemId="S14" CovItemPrefix="group2.game.TestGame.java" Intrnl_Id="469">
<LocList>
<Loc EndOffset="1252" SrcFileId="2" StartOffset="1222"/>
</LocList>
</BasicStmnt>
<BasicStmnt CovItemId="S15" CovItemPrefix="group2.game.TestGame.java" Intrnl_Id="470">
<LocList>
<Loc EndOffset="1286" SrcFileId="2" StartOffset="1255"/>
</LocList>
</BasicStmnt>
</StmntSeq>
</HierarchyLvl>
<HierarchyLvl HierarchyLvlId="13002" HierarchyLvlTypeId="39" Intrnl_Id="471" Name="testRankOrder">
<Header>
<Loc EndOffset="1407" SrcFileId="2" StartOffset="1373"/>
</Header>
<LocList>
<Loc EndOffset="1807" SrcFileId="2" StartOffset="1373"/>
</LocList>
<StmntSeq Intrnl_Id="472">
<LocList>
<Loc EndOffset="1456" SrcFileId="2" StartOffset="1412"/>
<Loc EndOffset="1503" SrcFileId="2" StartOffset="1459"/>
<Loc EndOffset="1551" SrcFileId="2" StartOffset="1506"/>
<Loc EndOffset="1574" SrcFileId="2" StartOffset="1555"/>
<Loc EndOffset="1596" SrcFileId="2" StartOffset="1577"/>
<Loc EndOffset="1618" SrcFileId="2" StartOffset="1599"/>
<Loc EndOffset="1760" SrcFileId="2" StartOffset="1720"/>
<Loc EndOffset="1803" SrcFileId="2" StartOffset="1763"/>
</LocList>
<BasicStmnt CovItemId="S16" CovItemPrefix="group2.game.TestGame.java" Intrnl_Id="473">
<LocList>
<Loc EndOffset="1456" SrcFileId="2" StartOffset="1412"/>
</LocList>
</BasicStmnt>
<BasicStmnt CovItemId="S17" CovItemPrefix="group2.game.TestGame.java" Intrnl_Id="474">
<LocList>
<Loc EndOffset="1503" SrcFileId="2" StartOffset="1459"/>
</LocList>
</BasicStmnt>
<BasicStmnt CovItemId="S18" CovItemPrefix="group2.game.TestGame.java" Intrnl_Id="475">
<LocList>
<Loc EndOffset="1551" SrcFileId="2" StartOffset="1506"/>
</LocList>
</BasicStmnt>
<BasicStmnt CovItemId="S19" CovItemPrefix="group2.game.TestGame.java" Intrnl_Id="476">
<LocList>
<Loc EndOffset="1574" SrcFileId="2" StartOffset="1555"/>
</LocList>
</BasicStmnt>
<BasicStmnt CovItemId="S20" CovItemPrefix="group2.game.TestGame.java" Intrnl_Id="477">
<LocList>
<Loc EndOffset="1596" SrcFileId="2" StartOffset="1577"/>
</LocList>
</BasicStmnt>
<BasicStmnt CovItemId="S21" CovItemPrefix="group2.game.TestGame.java" Intrnl_Id="478">
<LocList>
<Loc EndOffset="1618" SrcFileId="2" StartOffset="1599"/>
</LocList>
</BasicStmnt>
<BasicStmnt CovItemId="S22" CovItemPrefix="group2.game.TestGame.java" Intrnl_Id="479">
<LocList>
<Loc EndOffset="1760" SrcFileId="2" StartOffset="1720"/>
</LocList>
</BasicStmnt>
<BasicStmnt CovItemId="S23" CovItemPrefix="group2.game.TestGame.java" Intrnl_Id="480">
<LocList>
<Loc EndOffset="1803" SrcFileId="2" StartOffset="1763"/>
</LocList>
</BasicStmnt>
</StmntSeq>
</HierarchyLvl>
<HierarchyLvl HierarchyLvlId="13003" HierarchyLvlTypeId="39" Intrnl_Id="481" Name="testRunningWater">
<Header>
<Loc EndOffset="4276" SrcFileId="2" StartOffset="4239"/>
</Header>
<LocList>
<Loc EndOffset="5078" SrcFileId="2" StartOffset="4239"/>
</LocList>
<StmntSeq Intrnl_Id="482">
<LocList>
<Loc EndOffset="4321" SrcFileId="2" StartOffset="4281"/>
<Loc EndOffset="4400" SrcFileId="2" StartOffset="4324"/>
<Loc EndOffset="4506" SrcFileId="2" StartOffset="4464"/>
<Loc EndOffset="4595" SrcFileId="2" StartOffset="4557"/>
<Loc EndOffset="4713" SrcFileId="2" StartOffset="4660"/>
<Loc EndOffset="4758" SrcFileId="2" StartOffset="4717"/>
<Loc EndOffset="4878" SrcFileId="2" StartOffset="4827"/>
<Loc EndOffset="4933" SrcFileId="2" StartOffset="4906"/>
<Loc EndOffset="4977" SrcFileId="2" StartOffset="4936"/>
<Loc EndOffset="5031" SrcFileId="2" StartOffset="5005"/>
<Loc EndOffset="5074" SrcFileId="2" StartOffset="5034"/>
</LocList>
<BasicStmnt CovItemId="S24" CovItemPrefix="group2.game.TestGame.java" Intrnl_Id="483">
<LocList>
<Loc EndOffset="4321" SrcFileId="2" StartOffset="4281"/>
</LocList>
</BasicStmnt>
<BasicStmnt CovItemId="S25" CovItemPrefix="group2.game.TestGame.java" Intrnl_Id="484">
<LocList>
<Loc EndOffset="4400" SrcFileId="2" StartOffset="4324"/>
</LocList>
</BasicStmnt>
<BasicStmnt CovItemId="S26" CovItemPrefix="group2.game.TestGame.java" Intrnl_Id="485">
<LocList>
<Loc EndOffset="4506" SrcFileId="2" StartOffset="4464"/>
</LocList>
</BasicStmnt>
<BasicStmnt CovItemId="S27" CovItemPrefix="group2.game.TestGame.java" Intrnl_Id="486">
<LocList>
<Loc EndOffset="4595" SrcFileId="2" StartOffset="4557"/>
</LocList>
</BasicStmnt>
<BasicStmnt CovItemId="S28" CovItemPrefix="group2.game.TestGame.java" Intrnl_Id="487">
<LocList>
<Loc EndOffset="4713" SrcFileId="2" StartOffset="4660"/>
</LocList>
</BasicStmnt>
<BasicStmnt CovItemId="S29" CovItemPrefix="group2.game.TestGame.java" Intrnl_Id="488">
<LocList>
<Loc EndOffset="4758" SrcFileId="2" StartOffset="4717"/>
</LocList>
</BasicStmnt>
<BasicStmnt CovItemId="S30" CovItemPrefix="group2.game.TestGame.java" Intrnl_Id="489">
<LocList>
<Loc EndOffset="4878" SrcFileId="2" StartOffset="4827"/>
</LocList>
</BasicStmnt>
<BasicStmnt CovItemId="S31" CovItemPrefix="group2.game.TestGame.java" Intrnl_Id="490">
<LocList>
<Loc EndOffset="4933" SrcFileId="2" StartOffset="4906"/>
</LocList>
</BasicStmnt>
<BasicStmnt CovItemId="S32" CovItemPrefix="group2.game.TestGame.java" Intrnl_Id="491">
<LocList>
<Loc EndOffset="4977" SrcFileId="2" StartOffset="4936"/>
</LocList>
</BasicStmnt>
<BasicStmnt CovItemId="S33" CovItemPrefix="group2.game.TestGame.java" Intrnl_Id="492">
<LocList>
<Loc EndOffset="5031" SrcFileId="2" StartOffset="5005"/>
</LocList>
</BasicStmnt>
<BasicStmnt CovItemId="S34" CovItemPrefix="group2.game.TestGame.java" Intrnl_Id="493">
<LocList>
<Loc EndOffset="5074" SrcFileId="2" StartOffset="5034"/>
</LocList>
</BasicStmnt>
</StmntSeq>
</HierarchyLvl>
<HierarchyLvl HierarchyLvlId="13004" HierarchyLvlTypeId="39" Intrnl_Id="494" Name="testSaveScore">
<Header>
<Loc EndOffset="5196" SrcFileId="2" StartOffset="5162"/>
</Header>
<LocList>
<Loc EndOffset="5579" SrcFileId="2" StartOffset="5162"/>
</LocList>
<StmntSeq Intrnl_Id="495">
<LocList>
<Loc EndOffset="5247" SrcFileId="2" StartOffset="5201"/>
<Loc EndOffset="5294" SrcFileId="2" StartOffset="5250"/>
<Loc EndOffset="5342" SrcFileId="2" StartOffset="5297"/>
<Loc EndOffset="5365" SrcFileId="2" StartOffset="5346"/>
<Loc EndOffset="5387" SrcFileId="2" StartOffset="5368"/>
<Loc EndOffset="5409" SrcFileId="2" StartOffset="5390"/>
<Loc EndOffset="5469" SrcFileId="2" StartOffset="5413"/>
<Loc EndOffset="5505" SrcFileId="2" StartOffset="5473"/>
<Loc EndOffset="5540" SrcFileId="2" StartOffset="5508"/>
<Loc EndOffset="5575" SrcFileId="2" StartOffset="5543"/>
</LocList>
<BasicStmnt CovItemId="S35" CovItemPrefix="group2.game.TestGame.java" Intrnl_Id="496">
<LocList>
<Loc EndOffset="5247" SrcFileId="2" StartOffset="5201"/>
</LocList>
</BasicStmnt>
<BasicStmnt CovItemId="S36" CovItemPrefix="group2.game.TestGame.java" Intrnl_Id="497">
<LocList>
<Loc EndOffset="5294" SrcFileId="2" StartOffset="5250"/>
</LocList>
</BasicStmnt>
<BasicStmnt CovItemId="S37" CovItemPrefix="group2.game.TestGame.java" Intrnl_Id="498">
<LocList>
<Loc EndOffset="5342" SrcFileId="2" StartOffset="5297"/>
</LocList>
</BasicStmnt>
<BasicStmnt CovItemId="S38" CovItemPrefix="group2.game.TestGame.java" Intrnl_Id="499">
<LocList>
<Loc EndOffset="5365" SrcFileId="2" StartOffset="5346"/>
</LocList>
</BasicStmnt>
<BasicStmnt CovItemId="S39" CovItemPrefix="group2.game.TestGame.java" Intrnl_Id="500">
<LocList>
<Loc EndOffset="5387" SrcFileId="2" StartOffset="5368"/>
</LocList>
</BasicStmnt>
<BasicStmnt CovItemId="S40" CovItemPrefix="group2.game.TestGame.java" Intrnl_Id="501">
<LocList>
<Loc EndOffset="5409" SrcFileId="2" StartOffset="5390"/>
</LocList>
</BasicStmnt>
<BasicStmnt CovItemId="S41" CovItemPrefix="group2.game.TestGame.java" Intrnl_Id="502">
<LocList>
<Loc EndOffset="5469" SrcFileId="2" StartOffset="5413"/>
</LocList>
</BasicStmnt>
<BasicStmnt CovItemId="S42" CovItemPrefix="group2.game.TestGame.java" Intrnl_Id="503">
<LocList>
<Loc EndOffset="5505" SrcFileId="2" StartOffset="5473"/>
</LocList>
</BasicStmnt>
<BasicStmnt CovItemId="S43" CovItemPrefix="group2.game.TestGame.java" Intrnl_Id="504">
<LocList>
<Loc EndOffset="5540" SrcFileId="2" StartOffset="5508"/>
</LocList>
</BasicStmnt>
<BasicStmnt CovItemId="S44" CovItemPrefix="group2.game.TestGame.java" Intrnl_Id="505">
<LocList>
<Loc EndOffset="5575" SrcFileId="2" StartOffset="5543"/>
</LocList>
</BasicStmnt>
</StmntSeq>
</HierarchyLvl>
<HierarchyLvl HierarchyLvlId="13005" HierarchyLvlTypeId="39" Intrnl_Id="506" Name="testScore">
<Header>
<Loc EndOffset="5612" SrcFileId="2" StartOffset="5582"/>
</Header>
<LocList>
<Loc EndOffset="6203" SrcFileId="2" StartOffset="5582"/>
</LocList>
<StmntSeq Intrnl_Id="507">
<LocList>
<Loc EndOffset="5660" SrcFileId="2" StartOffset="5617"/>
<Loc EndOffset="5708" SrcFileId="2" StartOffset="5685"/>
<Loc EndOffset="5750" SrcFileId="2" StartOffset="5711"/>
<Loc EndOffset="5778" SrcFileId="2" StartOffset="5754"/>
<Loc EndOffset="5819" SrcFileId="2" StartOffset="5781"/>
<Loc EndOffset="5857" SrcFileId="2" StartOffset="5825"/>
<Loc EndOffset="5892" SrcFileId="2" StartOffset="5860"/>
<Loc EndOffset="5939" SrcFileId="2" StartOffset="5895"/>
<Loc EndOffset="5970" SrcFileId="2" StartOffset="5945"/>
<Loc EndOffset="5998" SrcFileId="2" StartOffset="5973"/>
<Loc EndOffset="6038" SrcFileId="2" StartOffset="6001"/>
<Loc EndOffset="6080" SrcFileId="2" StartOffset="6044"/>
<Loc EndOffset="6126" SrcFileId="2" StartOffset="6083"/>
<Loc EndOffset="6161" SrcFileId="2" StartOffset="6132"/>
<Loc EndOffset="6200" SrcFileId="2" StartOffset="6164"/>
</LocList>
<BasicStmnt CovItemId="S45" CovItemPrefix="group2.game.TestGame.java" Intrnl_Id="508">
<LocList>
<Loc EndOffset="5660" SrcFileId="2" StartOffset="5617"/>
</LocList>
</BasicStmnt>
<BasicStmnt CovItemId="S46" CovItemPrefix="group2.game.TestGame.java" Intrnl_Id="509">
<LocList>
<Loc EndOffset="5708" SrcFileId="2" StartOffset="5685"/>
</LocList>
</BasicStmnt>
<BasicStmnt CovItemId="S47" CovItemPrefix="group2.game.TestGame.java" Intrnl_Id="510">
<LocList>
<Loc EndOffset="5750" SrcFileId="2" StartOffset="5711"/>
</LocList>
</BasicStmnt>
<BasicStmnt CovItemId="S48" CovItemPrefix="group2.game.TestGame.java" Intrnl_Id="511">
<LocList>
<Loc EndOffset="5778" SrcFileId="2" StartOffset="5754"/>
</LocList>
</BasicStmnt>
<BasicStmnt CovItemId="S49" CovItemPrefix="group2.game.TestGame.java" Intrnl_Id="512">
<LocList>
<Loc EndOffset="5819" SrcFileId="2" StartOffset="5781"/>
</LocList>
</BasicStmnt>
<BasicStmnt CovItemId="S50" CovItemPrefix="group2.game.TestGame.java" Intrnl_Id="513">
<LocList>
<Loc EndOffset="5857" SrcFileId="2" StartOffset="5825"/>
</LocList>
</BasicStmnt>
<BasicStmnt CovItemId="S51" CovItemPrefix="group2.game.TestGame.java" Intrnl_Id="514">
<LocList>
<Loc EndOffset="5892" SrcFileId="2" StartOffset="5860"/>
</LocList>
</BasicStmnt>
<BasicStmnt CovItemId="S52" CovItemPrefix="group2.game.TestGame.java" Intrnl_Id="515">
<LocList>
<Loc EndOffset="5939" SrcFileId="2" StartOffset="5895"/>
</LocList>
</BasicStmnt>
<BasicStmnt CovItemId="S53" CovItemPrefix="group2.game.TestGame.java" Intrnl_Id="516">
<LocList>
<Loc EndOffset="5970" SrcFileId="2" StartOffset="5945"/>
</LocList>
</BasicStmnt>
<BasicStmnt CovItemId="S54" CovItemPrefix="group2.game.TestGame.java" Intrnl_Id="517">
<LocList>
<Loc EndOffset="5998" SrcFileId="2" StartOffset="5973"/>
</LocList>
</BasicStmnt>
<BasicStmnt CovItemId="S55" CovItemPrefix="group2.game.TestGame.java" Intrnl_Id="518">
<LocList>
<Loc EndOffset="6038" SrcFileId="2" StartOffset="6001"/>
</LocList>
</BasicStmnt>
<BasicStmnt CovItemId="S56" CovItemPrefix="group2.game.TestGame.java" Intrnl_Id="519">
<LocList>
<Loc EndOffset="6080" SrcFileId="2" StartOffset="6044"/>
</LocList>
</BasicStmnt>
<BasicStmnt CovItemId="S57" CovItemPrefix="group2.game.TestGame.java" Intrnl_Id="520">
<LocList>
<Loc EndOffset="6126" SrcFileId="2" StartOffset="6083"/>
</LocList>
</BasicStmnt>
<BasicStmnt CovItemId="S58" CovItemPrefix="group2.game.TestGame.java" Intrnl_Id="521">
<LocList>
<Loc EndOffset="6161" SrcFileId="2" StartOffset="6132"/>
</LocList>
</BasicStmnt>
<BasicStmnt CovItemId="S59" CovItemPrefix="group2.game.TestGame.java" Intrnl_Id="522">
<LocList>
<Loc EndOffset="6200" SrcFileId="2" StartOffset="6164"/>
</LocList>
</BasicStmnt>
</StmntSeq>
</HierarchyLvl>
<HierarchyLvl HierarchyLvlId="13006" HierarchyLvlTypeId="39" Intrnl_Id="523" Name="testMap">
<Header>
<Loc EndOffset="6245" SrcFileId="2" StartOffset="6217"/>
</Header>
<LocList>
<Loc EndOffset="6410" SrcFileId="2" StartOffset="6217"/>
</LocList>
<StmntSeq Intrnl_Id="524">
<LocList>
<Loc EndOffset="6292" SrcFileId="2" StartOffset="6250"/>
<Loc EndOffset="6314" SrcFileId="2" StartOffset="6295"/>
<Loc EndOffset="6359" SrcFileId="2" StartOffset="6340"/>
<Loc EndOffset="6407" SrcFileId="2" StartOffset="6362"/>
</LocList>
<BasicStmnt CovItemId="S60" CovItemPrefix="group2.game.TestGame.java" Intrnl_Id="525">
<LocList>
<Loc EndOffset="6292" SrcFileId="2" StartOffset="6250"/>
</LocList>
</BasicStmnt>
<BasicStmnt CovItemId="S61" CovItemPrefix="group2.game.TestGame.java" Intrnl_Id="526">
<LocList>
<Loc EndOffset="6314" SrcFileId="2" StartOffset="6295"/>
</LocList>
</BasicStmnt>
<BasicStmnt CovItemId="S62" CovItemPrefix="group2.game.TestGame.java" Intrnl_Id="527">
<LocList>
<Loc EndOffset="6359" SrcFileId="2" StartOffset="6340"/>
</LocList>
</BasicStmnt>
<BasicStmnt CovItemId="S63" CovItemPrefix="group2.game.TestGame.java" Intrnl_Id="528">
<LocList>
<Loc EndOffset="6407" SrcFileId="2" StartOffset="6362"/>
</LocList>
</BasicStmnt>
</StmntSeq>
</HierarchyLvl>
<HierarchyLvl HierarchyLvlId="13007" HierarchyLvlTypeId="39" Intrnl_Id="529" Name="testWaterObjects">
<Header>
<Loc EndOffset="6461" SrcFileId="2" StartOffset="6424"/>
</Header>
<LocList>
<Loc EndOffset="7623" SrcFileId="2" StartOffset="6424"/>
</LocList>
<StmntSeq Intrnl_Id="530">
<LocList>
<Loc EndOffset="6508" SrcFileId="2" StartOffset="6466"/>
<Loc EndOffset="6566" SrcFileId="2" StartOffset="6511"/>
<Loc EndOffset="6596" SrcFileId="2" StartOffset="6569"/>
<Loc EndOffset="6646" SrcFileId="2" StartOffset="6626"/>
<Loc EndOffset="6733" SrcFileId="2" StartOffset="6649"/>
<Loc EndOffset="6768" SrcFileId="2" StartOffset="6736"/>
<Loc EndOffset="6816" SrcFileId="2" StartOffset="6789"/>
<Loc EndOffset="6834" SrcFileId="2" StartOffset="6819"/>
<Loc EndOffset="6899" SrcFileId="2" StartOffset="6837"/>
<Loc EndOffset="6947" SrcFileId="2" StartOffset="6902"/>
<Loc EndOffset="7023" SrcFileId="2" StartOffset="6983"/>
<Loc EndOffset="7069" SrcFileId="2" StartOffset="7026"/>
<Loc EndOffset="7115" SrcFileId="2" StartOffset="7072"/>
<Loc EndOffset="7160" SrcFileId="2" StartOffset="7118"/>
<Loc EndOffset="7206" SrcFileId="2" StartOffset="7163"/>
<Loc EndOffset="7275" SrcFileId="2" StartOffset="7236"/>
<Loc EndOffset="7317" SrcFileId="2" StartOffset="7278"/>
<Loc EndOffset="7408" SrcFileId="2" StartOffset="7344"/>
<Loc EndOffset="7428" SrcFileId="2" StartOffset="7414"/>
<Loc EndOffset="7448" SrcFileId="2" StartOffset="7431"/>
<Loc EndOffset="7503" SrcFileId="2" StartOffset="7454"/>
<Loc EndOffset="7562" SrcFileId="2" StartOffset="7506"/>
<Loc EndOffset="7601" SrcFileId="2" StartOffset="7586"/>
<Loc EndOffset="7620" SrcFileId="2" StartOffset="7604"/>
</LocList>
<BasicStmnt CovItemId="S64" CovItemPrefix="group2.game.TestGame.java" Intrnl_Id="531">
<LocList>
<Loc EndOffset="6508" SrcFileId="2" StartOffset="6466"/>
</LocList>
</BasicStmnt>
<BasicStmnt CovItemId="S65" CovItemPrefix="group2.game.TestGame.java" Intrnl_Id="532">
<LocList>
<Loc EndOffset="6566" SrcFileId="2" StartOffset="6511"/>
</LocList>
</BasicStmnt>
<BasicStmnt CovItemId="S66" CovItemPrefix="group2.game.TestGame.java" Intrnl_Id="533">
<LocList>
<Loc EndOffset="6596" SrcFileId="2" StartOffset="6569"/>
</LocList>
</BasicStmnt>
<BasicStmnt CovItemId="S67" CovItemPrefix="group2.game.TestGame.java" Intrnl_Id="534">
<LocList>
<Loc EndOffset="6646" SrcFileId="2" StartOffset="6626"/>
</LocList>
</BasicStmnt>
<BasicStmnt CovItemId="S68" CovItemPrefix="group2.game.TestGame.java" Intrnl_Id="535">
<LocList>
<Loc EndOffset="6733" SrcFileId="2" StartOffset="6649"/>
</LocList>
</BasicStmnt>
<BasicStmnt CovItemId="S69" CovItemPrefix="group2.game.TestGame.java" Intrnl_Id="536">
<LocList>
<Loc EndOffset="6768" SrcFileId="2" StartOffset="6736"/>
</LocList>
</BasicStmnt>
<BasicStmnt CovItemId="S70" CovItemPrefix="group2.game.TestGame.java" Intrnl_Id="537">
<LocList>
<Loc EndOffset="6816" SrcFileId="2" StartOffset="6789"/>
</LocList>
</BasicStmnt>
<BasicStmnt CovItemId="S71" CovItemPrefix="group2.game.TestGame.java" Intrnl_Id="538">
<LocList>
<Loc EndOffset="6834" SrcFileId="2" StartOffset="6819"/>
</LocList>
</BasicStmnt>
<BasicStmnt CovItemId="S72" CovItemPrefix="group2.game.TestGame.java" Intrnl_Id="539">
<LocList>
<Loc EndOffset="6899" SrcFileId="2" StartOffset="6837"/>
</LocList>
</BasicStmnt>
<BasicStmnt CovItemId="S73" CovItemPrefix="group2.game.TestGame.java" Intrnl_Id="540">
<LocList>
<Loc EndOffset="6947" SrcFileId="2" StartOffset="6902"/>
</LocList>
</BasicStmnt>
<BasicStmnt CovItemId="S74" CovItemPrefix="group2.game.TestGame.java" Intrnl_Id="541">
<LocList>
<Loc EndOffset="7023" SrcFileId="2" StartOffset="6983"/>
</LocList>
</BasicStmnt>
<BasicStmnt CovItemId="S75" CovItemPrefix="group2.game.TestGame.java" Intrnl_Id="542">
<LocList>
<Loc EndOffset="7069" SrcFileId="2" StartOffset="7026"/>
</LocList>
</BasicStmnt>
<BasicStmnt CovItemId="S76" CovItemPrefix="group2.game.TestGame.java" Intrnl_Id="543">
<LocList>
<Loc EndOffset="7115" SrcFileId="2" StartOffset="7072"/>
</LocList>
</BasicStmnt>
<BasicStmnt CovItemId="S77" CovItemPrefix="group2.game.TestGame.java" Intrnl_Id="544">
<LocList>
<Loc EndOffset="7160" SrcFileId="2" StartOffset="7118"/>
</LocList>
</BasicStmnt>
<BasicStmnt CovItemId="S78" CovItemPrefix="group2.game.TestGame.java" Intrnl_Id="545">
<LocList>
<Loc EndOffset="7206" SrcFileId="2" StartOffset="7163"/>
</LocList>
</BasicStmnt>
<BasicStmnt CovItemId="S79" CovItemPrefix="group2.game.TestGame.java" Intrnl_Id="546">
<LocList>
<Loc EndOffset="7275" SrcFileId="2" StartOffset="7236"/>
</LocList>
</BasicStmnt>
<BasicStmnt CovItemId="S80" CovItemPrefix="group2.game.TestGame.java" Intrnl_Id="547">
<LocList>
<Loc EndOffset="7317" SrcFileId="2" StartOffset="7278"/>
</LocList>
</BasicStmnt>
<BasicStmnt CovItemId="S81" CovItemPrefix="group2.game.TestGame.java" Intrnl_Id="548">
<LocList>
<Loc EndOffset="7408" SrcFileId="2" StartOffset="7344"/>
</LocList>
</BasicStmnt>
<BasicStmnt CovItemId="S82" CovItemPrefix="group2.game.TestGame.java" Intrnl_Id="549">
<LocList>
<Loc EndOffset="7428" SrcFileId="2" StartOffset="7414"/>
</LocList>
</BasicStmnt>
<BasicStmnt CovItemId="S83" CovItemPrefix="group2.game.TestGame.java" Intrnl_Id="550">
<LocList>
<Loc EndOffset="7448" SrcFileId="2" StartOffset="7431"/>
</LocList>
</BasicStmnt>
<BasicStmnt CovItemId="S84" CovItemPrefix="group2.game.TestGame.java" Intrnl_Id="551">
<LocList>
<Loc EndOffset="7503" SrcFileId="2" StartOffset="7454"/>
</LocList>
</BasicStmnt>
<BasicStmnt CovItemId="S85" CovItemPrefix="group2.game.TestGame.java" Intrnl_Id="552">
<LocList>
<Loc EndOffset="7562" SrcFileId="2" StartOffset="7506"/>
</LocList>
</BasicStmnt>
<BasicStmnt CovItemId="S86" CovItemPrefix="group2.game.TestGame.java" Intrnl_Id="553">
<LocList>
<Loc EndOffset="7601" SrcFileId="2" StartOffset="7586"/>
</LocList>
</BasicStmnt>
<BasicStmnt CovItemId="S87" CovItemPrefix="group2.game.TestGame.java" Intrnl_Id="554">
<LocList>
<Loc EndOffset="7620" SrcFileId="2" StartOffset="7604"/>
</LocList>
</BasicStmnt>
</StmntSeq>
</HierarchyLvl>
<HierarchyLvl HierarchyLvlId="13008" HierarchyLvlTypeId="39" Intrnl_Id="555" Name="testPosition">
<Header>
<Loc EndOffset="7660" SrcFileId="2" StartOffset="7627"/>
</Header>
<LocList>
<Loc EndOffset="8435" SrcFileId="2" StartOffset="7627"/>
</LocList>
<StmntSeq Intrnl_Id="556">
<LocList>
<Loc EndOffset="7701" SrcFileId="2" StartOffset="7665"/>
<Loc EndOffset="7740" SrcFileId="2" StartOffset="7704"/>
<Loc EndOffset="7779" SrcFileId="2" StartOffset="7743"/>
<Loc EndOffset="7829" SrcFileId="2" StartOffset="7803"/>
<Loc EndOffset="7858" SrcFileId="2" StartOffset="7832"/>
<Loc EndOffset="7888" SrcFileId="2" StartOffset="7861"/>
<Loc EndOffset="7918" SrcFileId="2" StartOffset="7891"/>
<Loc EndOffset="7975" SrcFileId="2" StartOffset="7943"/>
<Loc EndOffset="8010" SrcFileId="2" StartOffset="7978"/>
<Loc EndOffset="8045" SrcFileId="2" StartOffset="8013"/>
<Loc EndOffset="8102" SrcFileId="2" StartOffset="8070"/>
<Loc EndOffset="8137" SrcFileId="2" StartOffset="8105"/>
<Loc EndOffset="8172" SrcFileId="2" StartOffset="8140"/>
<Loc EndOffset="8229" SrcFileId="2" StartOffset="8198"/>
<Loc EndOffset="8263" SrcFileId="2" StartOffset="8232"/>
<Loc EndOffset="8297" SrcFileId="2" StartOffset="8266"/>
<Loc EndOffset="8362" SrcFileId="2" StartOffset="8337"/>
<Loc EndOffset="8397" SrcFileId="2" StartOffset="8365"/>
<Loc EndOffset="8432" SrcFileId="2" StartOffset="8400"/>
</LocList>
<BasicStmnt CovItemId="S88" CovItemPrefix="group2.game.TestGame.java" Intrnl_Id="557">
<LocList>
<Loc EndOffset="7701" SrcFileId="2" StartOffset="7665"/>
</LocList>
</BasicStmnt>
<BasicStmnt CovItemId="S89" CovItemPrefix="group2.game.TestGame.java" Intrnl_Id="558">
<LocList>
<Loc EndOffset="7740" SrcFileId="2" StartOffset="7704"/>
</LocList>
</BasicStmnt>
<BasicStmnt CovItemId="S90" CovItemPrefix="group2.game.TestGame.java" Intrnl_Id="559">
<LocList>
<Loc EndOffset="7779" SrcFileId="2" StartOffset="7743"/>
</LocList>
</BasicStmnt>
<BasicStmnt CovItemId="S91" CovItemPrefix="group2.game.TestGame.java" Intrnl_Id="560">
<LocList>
<Loc EndOffset="7829" SrcFileId="2" StartOffset="7803"/>
</LocList>
</BasicStmnt>
<BasicStmnt CovItemId="S92" CovItemPrefix="group2.game.TestGame.java" Intrnl_Id="561">
<LocList>
<Loc EndOffset="7858" SrcFileId="2" StartOffset="7832"/>
</LocList>
</BasicStmnt>
<BasicStmnt CovItemId="S93" CovItemPrefix="group2.game.TestGame.java" Intrnl_Id="562">
<LocList>
<Loc EndOffset="7888" SrcFileId="2" StartOffset="7861"/>
</LocList>
</BasicStmnt>
<BasicStmnt CovItemId="S94" CovItemPrefix="group2.game.TestGame.java" Intrnl_Id="563">
<LocList>
<Loc EndOffset="7918" SrcFileId="2" StartOffset="7891"/>
</LocList>
</BasicStmnt>
<BasicStmnt CovItemId="S95" CovItemPrefix="group2.game.TestGame.java" Intrnl_Id="564">
<LocList>
<Loc EndOffset="7975" SrcFileId="2" StartOffset="7943"/>
</LocList>
</BasicStmnt>
<BasicStmnt CovItemId="S96" CovItemPrefix="group2.game.TestGame.java" Intrnl_Id="565">
<LocList>
<Loc EndOffset="8010" SrcFileId="2" StartOffset="7978"/>
</LocList>
</BasicStmnt>
<BasicStmnt CovItemId="S97" CovItemPrefix="group2.game.TestGame.java" Intrnl_Id="566">
<LocList>
<Loc EndOffset="8045" SrcFileId="2" StartOffset="8013"/>
</LocList>
</BasicStmnt>
<BasicStmnt CovItemId="S98" CovItemPrefix="group2.game.TestGame.java" Intrnl_Id="567">
<LocList>
<Loc EndOffset="8102" SrcFileId="2" StartOffset="8070"/>
</LocList>
</BasicStmnt>
<BasicStmnt CovItemId="S99" CovItemPrefix="group2.game.TestGame.java" Intrnl_Id="568">
<LocList>
<Loc EndOffset="8137" SrcFileId="2" StartOffset="8105"/>
</LocList>
</BasicStmnt>
<BasicStmnt CovItemId="S100" CovItemPrefix="group2.game.TestGame.java" Intrnl_Id="569">
<LocList>
<Loc EndOffset="8172" SrcFileId="2" StartOffset="8140"/>
</LocList>
</BasicStmnt>
<BasicStmnt CovItemId="S101" CovItemPrefix="group2.game.TestGame.java" Intrnl_Id="570">
<LocList>
<Loc EndOffset="8229" SrcFileId="2" StartOffset="8198"/>
</LocList>
</BasicStmnt>
<BasicStmnt CovItemId="S102" CovItemPrefix="group2.game.TestGame.java" Intrnl_Id="571">
<LocList>
<Loc EndOffset="8263" SrcFileId="2" StartOffset="8232"/>
</LocList>
</BasicStmnt>
<BasicStmnt CovItemId="S103" CovItemPrefix="group2.game.TestGame.java" Intrnl_Id="572">
<LocList>
<Loc EndOffset="8297" SrcFileId="2" StartOffset="8266"/>
</LocList>
</BasicStmnt>
<BasicStmnt CovItemId="S104" CovItemPrefix="group2.game.TestGame.java" Intrnl_Id="573">
<LocList>
<Loc EndOffset="8362" SrcFileId="2" StartOffset="8337"/>
</LocList>
</BasicStmnt>
<BasicStmnt CovItemId="S105" CovItemPrefix="group2.game.TestGame.java" Intrnl_Id="574">
<LocList>
<Loc EndOffset="8397" SrcFileId="2" StartOffset="8365"/>
</LocList>
</BasicStmnt>
<BasicStmnt CovItemId="S106" CovItemPrefix="group2.game.TestGame.java" Intrnl_Id="575">
<LocList>
<Loc EndOffset="8432" SrcFileId="2" StartOffset="8400"/>
</LocList>
</BasicStmnt>
</StmntSeq>
</HierarchyLvl>
</HierarchyLvl>
<HierarchyLvl HierarchyLvlId="13011" HierarchyLvlTypeId="38" Intrnl_Id="576" Name="Stream">
<Header>
<Loc EndOffset="62" SrcFileId="3" StartOffset="22"/>
</Header>
<LocList>
<Loc EndOffset="308" SrcFileId="3" StartOffset="22"/>
</LocList>
<HierarchyLvl HierarchyLvlId="13010" HierarchyLvlTypeId="39" Intrnl_Id="577" Name="Stream">
<Header>
<Loc EndOffset="99" SrcFileId="3" StartOffset="67"/>
</Header>
<LocList>
<Loc EndOffset="305" SrcFileId="3" StartOffset="67"/>
</LocList>
<StmntSeq Intrnl_Id="578">
<LocList>
<Loc EndOffset="137" SrcFileId="3" StartOffset="104"/>
<Loc EndOffset="245" SrcFileId="3" StartOffset="140"/>
<Loc EndOffset="273" SrcFileId="3" StartOffset="248"/>
<Loc EndOffset="302" SrcFileId="3" StartOffset="276"/>
</LocList>
<BasicStmnt CovItemId="S1" CovItemPrefix="group2.game.Stream.java" Intrnl_Id="579">
<LocList>
<Loc EndOffset="137" SrcFileId="3" StartOffset="104"/>
</LocList>
</BasicStmnt>
<BasicStmnt CovItemId="S2" CovItemPrefix="group2.game.Stream.java" Intrnl_Id="580">
<LocList>
<Loc EndOffset="245" SrcFileId="3" StartOffset="140"/>
</LocList>
</BasicStmnt>
<BasicStmnt CovItemId="S3" CovItemPrefix="group2.game.Stream.java" Intrnl_Id="581">
<LocList>
<Loc EndOffset="273" SrcFileId="3" StartOffset="248"/>
</LocList>
</BasicStmnt>
<BasicStmnt CovItemId="S4" CovItemPrefix="group2.game.Stream.java" Intrnl_Id="582">
<LocList>
<Loc EndOffset="302" SrcFileId="3" StartOffset="276"/>
</LocList>
</BasicStmnt>
</StmntSeq>
</HierarchyLvl>
</HierarchyLvl>
<HierarchyLvl HierarchyLvlId="13012" HierarchyLvlTypeId="38" Intrnl_Id="583" Name="StaticQuizes">
<Header>
<Loc EndOffset="47" SrcFileId="4" StartOffset="22"/>
</Header>
<LocList>
<Loc EndOffset="3518" SrcFileId="4" StartOffset="22"/>
</LocList>
<StmntSeq Intrnl_Id="584">
<LocList>
<Loc EndOffset="360" SrcFileId="4" StartOffset="55"/>
<Loc EndOffset="492" SrcFileId="4" StartOffset="362"/>
<Loc EndOffset="706" SrcFileId="4" StartOffset="495"/>
<Loc EndOffset="833" SrcFileId="4" StartOffset="708"/>
<Loc EndOffset="1146" SrcFileId="4" StartOffset="836"/>
<Loc EndOffset="1276" SrcFileId="4" StartOffset="1148"/>
<Loc EndOffset="1485" SrcFileId="4" StartOffset="1279"/>
<Loc EndOffset="1605" SrcFileId="4" StartOffset="1487"/>
<Loc EndOffset="1877" SrcFileId="4" StartOffset="1608"/>
<Loc EndOffset="2027" SrcFileId="4" StartOffset="1879"/>
<Loc EndOffset="2279" SrcFileId="4" StartOffset="2031"/>
<Loc EndOffset="2431" SrcFileId="4" StartOffset="2281"/>
<Loc EndOffset="2669" SrcFileId="4" StartOffset="2435"/>
<Loc EndOffset="2789" SrcFileId="4" StartOffset="2671"/>
<Loc EndOffset="3006" SrcFileId="4" StartOffset="2793"/>
<Loc EndOffset="3139" SrcFileId="4" StartOffset="3008"/>
<Loc EndOffset="3409" SrcFileId="4" StartOffset="3143"/>
<Loc EndOffset="3511" SrcFileId="4" StartOffset="3411"/>
</LocList>
<BasicStmnt CovItemId="S1" CovItemPrefix="group2.game.StaticQuizes.java" Intrnl_Id="585">
<LocList>
<Loc EndOffset="360" SrcFileId="4" StartOffset="55"/>
</LocList>
</BasicStmnt>
<BasicStmnt CovItemId="S2" CovItemPrefix="group2.game.StaticQuizes.java" Intrnl_Id="586">
<LocList>
<Loc EndOffset="492" SrcFileId="4" StartOffset="362"/>
</LocList>
</BasicStmnt>
<BasicStmnt CovItemId="S3" CovItemPrefix="group2.game.StaticQuizes.java" Intrnl_Id="587">
<LocList>
<Loc EndOffset="706" SrcFileId="4" StartOffset="495"/>
</LocList>
</BasicStmnt>
<BasicStmnt CovItemId="S4" CovItemPrefix="group2.game.StaticQuizes.java" Intrnl_Id="588">
<LocList>
<Loc EndOffset="833" SrcFileId="4" StartOffset="708"/>
</LocList>
</BasicStmnt>
<BasicStmnt CovItemId="S5" CovItemPrefix="group2.game.StaticQuizes.java" Intrnl_Id="589">
<LocList>
<Loc EndOffset="1146" SrcFileId="4" StartOffset="836"/>
</LocList>
</BasicStmnt>
<BasicStmnt CovItemId="S6" CovItemPrefix="group2.game.StaticQuizes.java" Intrnl_Id="590">
<LocList>
<Loc EndOffset="1276" SrcFileId="4" StartOffset="1148"/>
</LocList>
</BasicStmnt>
<BasicStmnt CovItemId="S7" CovItemPrefix="group2.game.StaticQuizes.java" Intrnl_Id="591">
<LocList>
<Loc EndOffset="1485" SrcFileId="4" StartOffset="1279"/>
</LocList>
</BasicStmnt>
<BasicStmnt CovItemId="S8" CovItemPrefix="group2.game.StaticQuizes.java" Intrnl_Id="592">
<LocList>
<Loc EndOffset="1605" SrcFileId="4" StartOffset="1487"/>
</LocList>
</BasicStmnt>
<BasicStmnt CovItemId="S9" CovItemPrefix="group2.game.StaticQuizes.java" Intrnl_Id="593">
<LocList>
<Loc EndOffset="1877" SrcFileId="4" StartOffset="1608"/>
</LocList>
</BasicStmnt>
<BasicStmnt CovItemId="S10" CovItemPrefix="group2.game.StaticQuizes.java" Intrnl_Id="594">
<LocList>
<Loc EndOffset="2027" SrcFileId="4" StartOffset="1879"/>
</LocList>
</BasicStmnt>
<BasicStmnt CovItemId="S11" CovItemPrefix="group2.game.StaticQuizes.java" Intrnl_Id="595">
<LocList>
<Loc EndOffset="2279" SrcFileId="4" StartOffset="2031"/>
</LocList>
</BasicStmnt>
<BasicStmnt CovItemId="S12" CovItemPrefix="group2.game.StaticQuizes.java" Intrnl_Id="596">
<LocList>
<Loc EndOffset="2431" SrcFileId="4" StartOffset="2281"/>
</LocList>
</BasicStmnt>
<BasicStmnt CovItemId="S13" CovItemPrefix="group2.game.StaticQuizes.java" Intrnl_Id="597">
<LocList>
<Loc EndOffset="2669" SrcFileId="4" StartOffset="2435"/>
</LocList>
</BasicStmnt>
<BasicStmnt CovItemId="S14" CovItemPrefix="group2.game.StaticQuizes.java" Intrnl_Id="598">
<LocList>
<Loc EndOffset="2789" SrcFileId="4" StartOffset="2671"/>
</LocList>
</BasicStmnt>
<BasicStmnt CovItemId="S15" CovItemPrefix="group2.game.StaticQuizes.java" Intrnl_Id="599">
<LocList>
<Loc EndOffset="3006" SrcFileId="4" StartOffset="2793"/>
</LocList>
</BasicStmnt>
<BasicStmnt CovItemId="S16" CovItemPrefix="group2.game.StaticQuizes.java" Intrnl_Id="600">
<LocList>
<Loc EndOffset="3139" SrcFileId="4" StartOffset="3008"/>
</LocList>
</BasicStmnt>
<BasicStmnt CovItemId="S17" CovItemPrefix="group2.game.StaticQuizes.java" Intrnl_Id="601">
<LocList>
<Loc EndOffset="3409" SrcFileId="4" StartOffset="3143"/>
</LocList>
</BasicStmnt>
<BasicStmnt CovItemId="S18" CovItemPrefix="group2.game.StaticQuizes.java" Intrnl_Id="602">
<LocList>
<Loc EndOffset="3511" SrcFileId="4" StartOffset="3411"/>
</LocList>
</BasicStmnt>
</StmntSeq>
</HierarchyLvl>
<HierarchyLvl HierarchyLvlId="13015" HierarchyLvlTypeId="38" Intrnl_Id="603" Name="SplashScreen">
<Header>
<Loc EndOffset="138" SrcFileId="5" StartOffset="98"/>
</Header>
<LocList>
<Loc EndOffset="596" SrcFileId="5" StartOffset="98"/>
</LocList>
<StmntSeq Intrnl_Id="604">
<LocList>
<Loc EndOffset="205" SrcFileId="5" StartOffset="157"/>
</LocList>
<BasicStmnt CovItemId="S1" CovItemPrefix="group2.game.SplashScreen.java" Intrnl_Id="605">
<LocList>
<Loc EndOffset="205" SrcFileId="5" StartOffset="157"/>
</LocList>
</BasicStmnt>
</StmntSeq>
<HierarchyLvl HierarchyLvlId="13013" HierarchyLvlTypeId="39" Intrnl_Id="606" Name="SplashScreen">
<Header>
<Loc EndOffset="269" SrcFileId="5" StartOffset="231"/>
</Header>
<LocList>
<Loc EndOffset="292" SrcFileId="5" StartOffset="231"/>
</LocList>
<StmntSeq Intrnl_Id="607">
<LocList>
<Loc EndOffset="288" SrcFileId="5" StartOffset="274"/>
</LocList>
<BasicStmnt CovItemId="S2" CovItemPrefix="group2.game.SplashScreen.java" Intrnl_Id="608">
<LocList>
<Loc EndOffset="288" SrcFileId="5" StartOffset="274"/>
</LocList>
</BasicStmnt>
</StmntSeq>
</HierarchyLvl>
<HierarchyLvl HierarchyLvlId="13014" HierarchyLvlTypeId="39" Intrnl_Id="609" Name="paintComponent">
<Header>
<Loc EndOffset="333" SrcFileId="5" StartOffset="295"/>
</Header>
<LocList>
<Loc EndOffset="593" SrcFileId="5" StartOffset="295"/>
</LocList>
<StmntSeq Intrnl_Id="610">
<LocList>
<Loc EndOffset="362" SrcFileId="5" StartOffset="338"/>
<Loc EndOffset="471" SrcFileId="5" StartOffset="366"/>
<Loc EndOffset="489" SrcFileId="5" StartOffset="475"/>
<Loc EndOffset="589" SrcFileId="5" StartOffset="492"/>
</LocList>
<BasicStmnt CovItemId="S3" CovItemPrefix="group2.game.SplashScreen.java" Intrnl_Id="611">
<LocList>
<Loc EndOffset="362" SrcFileId="5" StartOffset="338"/>
</LocList>
</BasicStmnt>
<BasicStmnt CovItemId="S4" CovItemPrefix="group2.game.SplashScreen.java" Intrnl_Id="612">
<LocList>
<Loc EndOffset="471" SrcFileId="5" StartOffset="366"/>
</LocList>
</BasicStmnt>
<BasicStmnt CovItemId="S5" CovItemPrefix="group2.game.SplashScreen.java" Intrnl_Id="613">
<LocList>
<Loc EndOffset="489" SrcFileId="5" StartOffset="475"/>
</LocList>
</BasicStmnt>
<BasicStmnt CovItemId="S6" CovItemPrefix="group2.game.SplashScreen.java" Intrnl_Id="614">
<LocList>
<Loc EndOffset="589" SrcFileId="5" StartOffset="492"/>
</LocList>
</BasicStmnt>
</StmntSeq>
</HierarchyLvl>
</HierarchyLvl>
<HierarchyLvl HierarchyLvlId="13022" HierarchyLvlTypeId="38" Intrnl_Id="615" Name="ScoreData">
<Header>
<Loc EndOffset="73" SrcFileId="6" StartOffset="51"/>
</Header>
<LocList>
<Loc EndOffset="1349" SrcFileId="6" StartOffset="51"/>
</LocList>
<StmntSeq Intrnl_Id="616">
<LocList>
<Loc EndOffset="167" SrcFileId="6" StartOffset="132"/>
</LocList>
<BasicStmnt CovItemId="S1" CovItemPrefix="group2.game.ScoreData.java" Intrnl_Id="617">
<LocList>
<Loc EndOffset="167" SrcFileId="6" StartOffset="132"/>
</LocList>
</BasicStmnt>
</StmntSeq>
<HierarchyLvl HierarchyLvlId="13016" HierarchyLvlTypeId="39" Intrnl_Id="618" Name="ScoreData">
<Header>
<Loc EndOffset="351" SrcFileId="6" StartOffset="302"/>
</Header>
<LocList>
<Loc EndOffset="418" SrcFileId="6" StartOffset="302"/>
</LocList>
<StmntSeq Intrnl_Id="619">
<LocList>
<Loc EndOffset="373" SrcFileId="6" StartOffset="356"/>
<Loc EndOffset="395" SrcFileId="6" StartOffset="376"/>
<Loc EndOffset="415" SrcFileId="6" StartOffset="398"/>
</LocList>
<BasicStmnt CovItemId="S2" CovItemPrefix="group2.game.ScoreData.java" Intrnl_Id="620">
<LocList>
<Loc EndOffset="373" SrcFileId="6" StartOffset="356"/>
</LocList>
</BasicStmnt>
<BasicStmnt CovItemId="S3" CovItemPrefix="group2.game.ScoreData.java" Intrnl_Id="621">
<LocList>
<Loc EndOffset="395" SrcFileId="6" StartOffset="376"/>
</LocList>
</BasicStmnt>
<BasicStmnt CovItemId="S4" CovItemPrefix="group2.game.ScoreData.java" Intrnl_Id="622">
<LocList>
<Loc EndOffset="415" SrcFileId="6" StartOffset="398"/>
</LocList>
</BasicStmnt>
</StmntSeq>
</HierarchyLvl>
<HierarchyLvl HierarchyLvlId="13017" HierarchyLvlTypeId="39" Intrnl_Id="623" Name="addDataToList">
<Header>
<Loc EndOffset="483" SrcFileId="6" StartOffset="456"/>
</Header>
<LocList>
<Loc EndOffset="520" SrcFileId="6" StartOffset="456"/>
</LocList>
<StmntSeq Intrnl_Id="624">
<LocList>
<Loc EndOffset="517" SrcFileId="6" StartOffset="488"/>
</LocList>
<BasicStmnt CovItemId="S5" CovItemPrefix="group2.game.ScoreData.java" Intrnl_Id="625">
<LocList>
<Loc EndOffset="517" SrcFileId="6" StartOffset="488"/>
</LocList>
</BasicStmnt>
</StmntSeq>
</HierarchyLvl>
<HierarchyLvl HierarchyLvlId="13018" HierarchyLvlTypeId="39" Intrnl_Id="626" Name="display">
<Header>
<Loc EndOffset="602" SrcFileId="6" StartOffset="577"/>
</Header>
<LocList>
<Loc EndOffset="766" SrcFileId="6" StartOffset="577"/>
</LocList>
<StmntSeq Intrnl_Id="627">
<LocList>
<Loc EndOffset="656" SrcFileId="6" StartOffset="608"/>
<Loc EndOffset="679" SrcFileId="6" StartOffset="659"/>
<Loc EndOffset="720" SrcFileId="6" StartOffset="682"/>
<Loc EndOffset="743" SrcFileId="6" StartOffset="723"/>
<Loc EndOffset="763" SrcFileId="6" StartOffset="746"/>
</LocList>
<BasicStmnt CovItemId="S6" CovItemPrefix="group2.game.ScoreData.java" Intrnl_Id="628">
<LocList>
<Loc EndOffset="656" SrcFileId="6" StartOffset="608"/>
</LocList>
</BasicStmnt>
<BasicStmnt CovItemId="S7" CovItemPrefix="group2.game.ScoreData.java" Intrnl_Id="629">
<LocList>
<Loc EndOffset="679" SrcFileId="6" StartOffset="659"/>
</LocList>
</BasicStmnt>
<BasicStmnt CovItemId="S8" CovItemPrefix="group2.game.ScoreData.java" Intrnl_Id="630">
<LocList>
<Loc EndOffset="720" SrcFileId="6" StartOffset="682"/>
</LocList>
</BasicStmnt>
<BasicStmnt CovItemId="S9" CovItemPrefix="group2.game.ScoreData.java" Intrnl_Id="631">
<LocList>
<Loc EndOffset="743" SrcFileId="6" StartOffset="723"/>
</LocList>
</BasicStmnt>
<BasicStmnt CovItemId="S10" CovItemPrefix="group2.game.ScoreData.java" Intrnl_Id="632">
<LocList>
<Loc EndOffset="763" SrcFileId="6" StartOffset="746"/>
</LocList>
</BasicStmnt>
</StmntSeq>
</HierarchyLvl>
<HierarchyLvl HierarchyLvlId="13019" HierarchyLvlTypeId="39" Intrnl_Id="633" Name="equals">
<Header>
<Loc EndOffset="886" SrcFileId="6" StartOffset="840"/>
</Header>
<LocList>
<Loc EndOffset="980" SrcFileId="6" StartOffset="840"/>
</LocList>
<StmntSeq Intrnl_Id="634">
<LocList>
<Loc EndOffset="959" SrcFileId="6" StartOffset="892"/>
<Loc EndOffset="976" SrcFileId="6" StartOffset="963"/>
</LocList>
<CondStmnt CovItemId="S11" CovItemPrefix="group2.game.ScoreData.java" Intrnl_Id="635">
<Branch CovItemId="B1" CovItemPrefix="group2.game.ScoreData.java" Implct="false" Intrnl_Id="636">
<Cond/>
<LocList>
<Loc EndOffset="959" SrcFileId="6" StartOffset="938"/>
</LocList>
<StmntSeq Intrnl_Id="637">
<LocList>
<Loc EndOffset="955" SrcFileId="6" StartOffset="943"/>
</LocList>
<BasicStmnt CovItemId="S12" CovItemPrefix="group2.game.ScoreData.java" Intrnl_Id="638">
<LocList>
<Loc EndOffset="955" SrcFileId="6" StartOffset="943"/>
</LocList>
</BasicStmnt>
</StmntSeq>
</Branch>
<Branch CovItemId="B2" CovItemPrefix="group2.game.ScoreData.java" Implct="true" Intrnl_Id="639">
<Cond/>
<LocList/>
<StmntSeq Intrnl_Id="640">
<LocList/>
</StmntSeq>
</Branch>
<Keyword EndOffset="894" SrcFileId="6" StartOffset="892"/>
<LocList>
<Loc EndOffset="959" SrcFileId="6" StartOffset="892"/>
</LocList>
<RootTerm CovItemId="C1" CovItemPrefix="group2.game.ScoreData.java" Intrnl_Id="641">
<BasicBoolTerm Intrnl_Id="642">
<LocList>
<Loc EndOffset="936" SrcFileId="6" StartOffset="896"/>
</LocList>
</BasicBoolTerm>
</RootTerm>
</CondStmnt>
<BasicStmnt CovItemId="S13" CovItemPrefix="group2.game.ScoreData.java" Intrnl_Id="643">
<LocList>
<Loc EndOffset="976" SrcFileId="6" StartOffset="963"/>
</LocList>
</BasicStmnt>
</StmntSeq>
</HierarchyLvl>
<HierarchyLvl HierarchyLvlId="13020" HierarchyLvlTypeId="39" Intrnl_Id="644" Name="getRank">
<Header>
<Loc EndOffset="1003" SrcFileId="6" StartOffset="983"/>
</Header>
<LocList>
<Loc EndOffset="1177" SrcFileId="6" StartOffset="983"/>
</LocList>
<StmntSeq Intrnl_Id="645">
<LocList>
<Loc EndOffset="1059" SrcFileId="6" StartOffset="1008"/>
<Loc EndOffset="1161" SrcFileId="6" StartOffset="1062"/>
<Loc EndOffset="1174" SrcFileId="6" StartOffset="1164"/>
</LocList>
<BasicStmnt CovItemId="S14" CovItemPrefix="group2.game.ScoreData.java" Intrnl_Id="646">
<LocList>
<Loc EndOffset="1059" SrcFileId="6" StartOffset="1008"/>
</LocList>
</BasicStmnt>
<CondStmnt CovItemId="S15" CovItemPrefix="group2.game.ScoreData.java" Intrnl_Id="647">
<Branch CovItemId="B3" CovItemPrefix="group2.game.ScoreData.java" Implct="false" Intrnl_Id="648">
<Cond/>
<LocList>
<Loc EndOffset="1116" SrcFileId="6" StartOffset="1084"/>
</LocList>
<StmntSeq Intrnl_Id="649">
<LocList>
<Loc EndOffset="1112" SrcFileId="6" StartOffset="1089"/>
</LocList>
<BasicStmnt CovItemId="S16" CovItemPrefix="group2.game.ScoreData.java" Intrnl_Id="650">
<LocList>
<Loc EndOffset="1112" SrcFileId="6" StartOffset="1089"/>
</LocList>
</BasicStmnt>
</StmntSeq>
</Branch>
<Branch CovItemId="B4" CovItemPrefix="group2.game.ScoreData.java" Implct="false" Intrnl_Id="651">
<Cond>
<Loc EndOffset="1121" SrcFileId="6" StartOffset="1117"/>
</Cond>
<LocList>
<Loc EndOffset="1161" SrcFileId="6" StartOffset="1122"/>
</LocList>
<StmntSeq Intrnl_Id="652">
<LocList>
<Loc EndOffset="1143" SrcFileId="6" StartOffset="1127"/>
<Loc EndOffset="1157" SrcFileId="6" StartOffset="1147"/>
</LocList>
<BasicStmnt CovItemId="S17" CovItemPrefix="group2.game.ScoreData.java" Intrnl_Id="653">
<LocList>
<Loc EndOffset="1143" SrcFileId="6" StartOffset="1127"/>
</LocList>
</BasicStmnt>
<BasicStmnt CovItemId="S18" CovItemPrefix="group2.game.ScoreData.java" Intrnl_Id="654">
<LocList>
<Loc EndOffset="1157" SrcFileId="6" StartOffset="1147"/>
</LocList>
</BasicStmnt>
</StmntSeq>
</Branch>
<Keyword EndOffset="1064" SrcFileId="6" StartOffset="1062"/>
<LocList>
<Loc EndOffset="1161" SrcFileId="6" StartOffset="1062"/>
</LocList>
<RootTerm CovItemId="C2" CovItemPrefix="group2.game.ScoreData.java" Intrnl_Id="655">
<BasicBoolTerm Intrnl_Id="656">
<LocList>
<Loc EndOffset="1082" SrcFileId="6" StartOffset="1066"/>
</LocList>
</BasicBoolTerm>
</RootTerm>
</CondStmnt>
<BasicStmnt CovItemId="S19" CovItemPrefix="group2.game.ScoreData.java" Intrnl_Id="657">
<LocList>
<Loc EndOffset="1174" SrcFileId="6" StartOffset="1164"/>
</LocList>
</BasicStmnt>
</StmntSeq>
</HierarchyLvl>
<HierarchyLvl HierarchyLvlId="13021" HierarchyLvlTypeId="39" Intrnl_Id="658" Name="toString">
<Header>
<Loc EndOffset="1266" SrcFileId="6" StartOffset="1231"/>
</Header>
<LocList>
<Loc EndOffset="1346" SrcFileId="6" StartOffset="1231"/>
</LocList>
<StmntSeq Intrnl_Id="659">
<LocList>
<Loc EndOffset="1342" SrcFileId="6" StartOffset="1271"/>
</LocList>
<BasicStmnt CovItemId="S20" CovItemPrefix="group2.game.ScoreData.java" Intrnl_Id="660">
<LocList>
<Loc EndOffset="1342" SrcFileId="6" StartOffset="1271"/>
</LocList>
</BasicStmnt>
</StmntSeq>
</HierarchyLvl>
</HierarchyLvl>
<HierarchyLvl HierarchyLvlId="13029" HierarchyLvlTypeId="38" Intrnl_Id="661" Name="Score">
<Header>
<Loc EndOffset="67" SrcFileId="7" StartOffset="49"/>
</Header>
<LocList>
<Loc EndOffset="867" SrcFileId="7" StartOffset="49"/>
</LocList>
<HierarchyLvl HierarchyLvlId="13023" HierarchyLvlTypeId="39" Intrnl_Id="662" Name="Score">
<Header>
<Loc EndOffset="324" SrcFileId="7" StartOffset="220"/>
</Header>
<LocList>
<Loc EndOffset="511" SrcFileId="7" StartOffset="220"/>
</LocList>
<StmntSeq Intrnl_Id="663">
<LocList>
<Loc EndOffset="359" SrcFileId="7" StartOffset="330"/>
<Loc EndOffset="390" SrcFileId="7" StartOffset="363"/>
<Loc EndOffset="435" SrcFileId="7" StartOffset="394"/>
<Loc EndOffset="464" SrcFileId="7" StartOffset="439"/>
<Loc EndOffset="507" SrcFileId="7" StartOffset="468"/>
</LocList>
<BasicStmnt CovItemId="S1" CovItemPrefix="group2.game.Score.java" Intrnl_Id="664">
<LocList>
<Loc EndOffset="359" SrcFileId="7" StartOffset="330"/>
</LocList>
</BasicStmnt>
<BasicStmnt CovItemId="S2" CovItemPrefix="group2.game.Score.java" Intrnl_Id="665">
<LocList>
<Loc EndOffset="390" SrcFileId="7" StartOffset="363"/>
</LocList>
</BasicStmnt>
<BasicStmnt CovItemId="S3" CovItemPrefix="group2.game.Score.java" Intrnl_Id="666">
<LocList>
<Loc EndOffset="435" SrcFileId="7" StartOffset="394"/>
</LocList>
</BasicStmnt>
<BasicStmnt CovItemId="S4" CovItemPrefix="group2.game.Score.java" Intrnl_Id="667">
<LocList>
<Loc EndOffset="464" SrcFileId="7" StartOffset="439"/>
</LocList>
</BasicStmnt>
<BasicStmnt CovItemId="S5" CovItemPrefix="group2.game.Score.java" Intrnl_Id="668">
<LocList>
<Loc EndOffset="507" SrcFileId="7" StartOffset="468"/>
</LocList>
</BasicStmnt>
</StmntSeq>
</HierarchyLvl>
<HierarchyLvl HierarchyLvlId="13024" HierarchyLvlTypeId="39" Intrnl_Id="669" Name="addScore">
<Header>
<Loc EndOffset="543" SrcFileId="7" StartOffset="516"/>
</Header>
<LocList>
<Loc EndOffset="618" SrcFileId="7" StartOffset="516"/>
</LocList>
<StmntSeq Intrnl_Id="670">
<LocList>
<Loc EndOffset="565" SrcFileId="7" StartOffset="549"/>
<Loc EndOffset="614" SrcFileId="7" StartOffset="569"/>
</LocList>
<BasicStmnt CovItemId="S6" CovItemPrefix="group2.game.Score.java" Intrnl_Id="671">
<LocList>
<Loc EndOffset="565" SrcFileId="7" StartOffset="549"/>
</LocList>
</BasicStmnt>
<BasicStmnt CovItemId="S7" CovItemPrefix="group2.game.Score.java" Intrnl_Id="672">
<LocList>
<Loc EndOffset="614" SrcFileId="7" StartOffset="569"/>
</LocList>
<QMO CovItemId="Q0" CovItemPrefix="group2.game.Score.java" Intrnl_Id="673">
<LocList>
<Loc EndOffset="596" SrcFileId="7" StartOffset="582"/>
</LocList>
<QMO_E CovItemId="Q0-0" CovItemPrefix="group2.game.Score.java" Intrnl_Id="674">
<LocList>
<Loc EndOffset="600" SrcFileId="7" StartOffset="599"/>
</LocList>
</QMO_E>
<QMO_E CovItemId="Q0-1" CovItemPrefix="group2.game.Score.java" Intrnl_Id="675">
<LocList>
<Loc EndOffset="613" SrcFileId="7" StartOffset="603"/>
</LocList>
</QMO_E>
</QMO>
</BasicStmnt>
</StmntSeq>
</HierarchyLvl>
<HierarchyLvl HierarchyLvlId="13025" HierarchyLvlTypeId="39" Intrnl_Id="676" Name="incrementFertilizer">
<Header>
<Loc EndOffset="656" SrcFileId="7" StartOffset="623"/>
</Header>
<LocList>
<Loc EndOffset="685" SrcFileId="7" StartOffset="623"/>
</LocList>
<StmntSeq Intrnl_Id="677">
<LocList>
<Loc EndOffset="681" SrcFileId="7" StartOffset="662"/>
</LocList>
<BasicStmnt CovItemId="S8" CovItemPrefix="group2.game.Score.java" Intrnl_Id="678">
<LocList>
<Loc EndOffset="681" SrcFileId="7" StartOffset="662"/>
</LocList>
</BasicStmnt>
</StmntSeq>
</HierarchyLvl>
<HierarchyLvl HierarchyLvlId="13026" HierarchyLvlTypeId="39" Intrnl_Id="679" Name="incrementFertilizerLost">
<Header>
<Loc EndOffset="727" SrcFileId="7" StartOffset="690"/>
</Header>
<LocList>
<Loc EndOffset="755" SrcFileId="7" StartOffset="690"/>
</LocList>
<StmntSeq Intrnl_Id="680">
<LocList>
<Loc EndOffset="751" SrcFileId="7" StartOffset="733"/>
</LocList>
<BasicStmnt CovItemId="S9" CovItemPrefix="group2.game.Score.java" Intrnl_Id="681">
<LocList>
<Loc EndOffset="751" SrcFileId="7" StartOffset="733"/>
</LocList>
</BasicStmnt>
</StmntSeq>
</HierarchyLvl>
<HierarchyLvl HierarchyLvlId="13027" HierarchyLvlTypeId="39" Intrnl_Id="682" Name="incrementOil">
<Header>
<Loc EndOffset="786" SrcFileId="7" StartOffset="760"/>
</Header>
<LocList>
<Loc EndOffset="808" SrcFileId="7" StartOffset="760"/>
</LocList>
<StmntSeq Intrnl_Id="683">
<LocList>
<Loc EndOffset="804" SrcFileId="7" StartOffset="792"/>
</LocList>
<BasicStmnt CovItemId="S10" CovItemPrefix="group2.game.Score.java" Intrnl_Id="684">
<LocList>
<Loc EndOffset="804" SrcFileId="7" StartOffset="792"/>
</LocList>
</BasicStmnt>
</StmntSeq>
</HierarchyLvl>
<HierarchyLvl HierarchyLvlId="13028" HierarchyLvlTypeId="39" Intrnl_Id="685" Name="incrementOilLost">
<Header>
<Loc EndOffset="843" SrcFileId="7" StartOffset="813"/>
</Header>
<LocList>
<Loc EndOffset="864" SrcFileId="7" StartOffset="813"/>
</LocList>
<StmntSeq Intrnl_Id="686">
<LocList>
<Loc EndOffset="860" SrcFileId="7" StartOffset="849"/>
</LocList>
<BasicStmnt CovItemId="S11" CovItemPrefix="group2.game.Score.java" Intrnl_Id="687">
<LocList>
<Loc EndOffset="860" SrcFileId="7" StartOffset="849"/>
</LocList>
</BasicStmnt>
</StmntSeq>
</HierarchyLvl>
</HierarchyLvl>
<HierarchyLvl HierarchyLvlId="13034" HierarchyLvlTypeId="38" Intrnl_Id="688" Name="RunningWater">
<Header>
<Loc EndOffset="85" SrcFileId="8" StartOffset="51"/>
</Header>
<LocList>
<Loc EndOffset="527" SrcFileId="8" StartOffset="51"/>
</LocList>
<StmntSeq Intrnl_Id="689">
<LocList>
<Loc EndOffset="225" SrcFileId="8" StartOffset="172"/>
</LocList>
<BasicStmnt CovItemId="S1" CovItemPrefix="group2.game.RunningWater.java" Intrnl_Id="690">
<LocList>
<Loc EndOffset="225" SrcFileId="8" StartOffset="172"/>
</LocList>
</BasicStmnt>
</StmntSeq>
<HierarchyLvl HierarchyLvlId="13030" HierarchyLvlTypeId="39" Intrnl_Id="691" Name="addObject">
<Header>
<Loc EndOffset="337" SrcFileId="8" StartOffset="292"/>
</Header>
<LocList>
<Loc EndOffset="359" SrcFileId="8" StartOffset="292"/>
</LocList>
<StmntSeq Intrnl_Id="692">
<LocList>
<Loc EndOffset="355" SrcFileId="8" StartOffset="342"/>
</LocList>
<BasicStmnt CovItemId="S2" CovItemPrefix="group2.game.RunningWater.java" Intrnl_Id="693">
<LocList>
<Loc EndOffset="355" SrcFileId="8" StartOffset="342"/>
</LocList>
</BasicStmnt>
</StmntSeq>
</HierarchyLvl>
<HierarchyLvl HierarchyLvlId="13031" HierarchyLvlTypeId="39" Intrnl_Id="694" Name="changeSpeed">
<Header>
<Loc EndOffset="399" SrcFileId="8" StartOffset="362"/>
</Header>
<LocList>
<Loc EndOffset="405" SrcFileId="8" StartOffset="362"/>
</LocList>
</HierarchyLvl>
<HierarchyLvl HierarchyLvlId="13032" HierarchyLvlTypeId="39" Intrnl_Id="695" Name="changeWidth">
<Header>
<Loc EndOffset="445" SrcFileId="8" StartOffset="408"/>
</Header>
<LocList>
<Loc EndOffset="451" SrcFileId="8" StartOffset="408"/>
</LocList>
</HierarchyLvl>
<HierarchyLvl HierarchyLvlId="13033" HierarchyLvlTypeId="39" Intrnl_Id="696" Name="removeObject">
<Header>
<Loc EndOffset="502" SrcFileId="8" StartOffset="454"/>
</Header>
<LocList>
<Loc EndOffset="524" SrcFileId="8" StartOffset="454"/>
</LocList>
<StmntSeq Intrnl_Id="697">
<LocList>
<Loc EndOffset="520" SrcFileId="8" StartOffset="507"/>
</LocList>
<BasicStmnt CovItemId="S3" CovItemPrefix="group2.game.RunningWater.java" Intrnl_Id="698">
<LocList>
<Loc EndOffset="520" SrcFileId="8" StartOffset="507"/>
</LocList>
</BasicStmnt>
</StmntSeq>
</HierarchyLvl>
</HierarchyLvl>
<HierarchyLvl HierarchyLvlId="13036" HierarchyLvlTypeId="38" Intrnl_Id="699" Name="RiverBankObjects">
<Header>
<Loc EndOffset="61" SrcFileId="9" StartOffset="23"/>
</Header>
<LocList>
<Loc EndOffset="191" SrcFileId="9" StartOffset="23"/>
</LocList>
<HierarchyLvl HierarchyLvlId="13035" HierarchyLvlTypeId="39" Intrnl_Id="700" Name="update">
<Header>
<Loc EndOffset="188" SrcFileId="9" StartOffset="159"/>
</Header>
<LocList>
<Loc EndOffset="189" SrcFileId="9" StartOffset="159"/>
</LocList>
</HierarchyLvl>
</HierarchyLvl>
<HierarchyLvl HierarchyLvlId="13046" HierarchyLvlTypeId="38" Intrnl_Id="701" Name="RiverBank">
<Header>
<Loc EndOffset="74" SrcFileId="10" StartOffset="52"/>
</Header>
<LocList>
<Loc EndOffset="4846" SrcFileId="10" StartOffset="52"/>
</LocList>
<StmntSeq Intrnl_Id="702">
<LocList>
<Loc EndOffset="231" SrcFileId="10" StartOffset="204"/>
</LocList>
<BasicStmnt CovItemId="S1" CovItemPrefix="group2.game.RiverBank.java" Intrnl_Id="703">
<LocList>
<Loc EndOffset="231" SrcFileId="10" StartOffset="204"/>
</LocList>
</BasicStmnt>
</StmntSeq>
<HierarchyLvl HierarchyLvlId="13037" HierarchyLvlTypeId="39" Intrnl_Id="704" Name="RiverBank">
<Header>
<Loc EndOffset="491" SrcFileId="10" StartOffset="389"/>
</Header>
<LocList>
<Loc EndOffset="833" SrcFileId="10" StartOffset="389"/>
</LocList>
<StmntSeq Intrnl_Id="705">
<LocList>
<Loc EndOffset="520" SrcFileId="10" StartOffset="497"/>
<Loc EndOffset="547" SrcFileId="10" StartOffset="524"/>
<Loc EndOffset="576" SrcFileId="10" StartOffset="551"/>
<Loc EndOffset="601" SrcFileId="10" StartOffset="580"/>
<Loc EndOffset="624" SrcFileId="10" StartOffset="605"/>
<Loc EndOffset="641" SrcFileId="10" StartOffset="628"/>
<Loc EndOffset="694" SrcFileId="10" StartOffset="645"/>
<Loc EndOffset="748" SrcFileId="10" StartOffset="698"/>
<Loc EndOffset="776" SrcFileId="10" StartOffset="752"/>
<Loc EndOffset="829" SrcFileId="10" StartOffset="780"/>
</LocList>
<BasicStmnt CovItemId="S2" CovItemPrefix="group2.game.RiverBank.java" Intrnl_Id="706">
<LocList>
<Loc EndOffset="520" SrcFileId="10" StartOffset="497"/>
</LocList>
</BasicStmnt>
<BasicStmnt CovItemId="S3" CovItemPrefix="group2.game.RiverBank.java" Intrnl_Id="707">
<LocList>
<Loc EndOffset="547" SrcFileId="10" StartOffset="524"/>
</LocList>
</BasicStmnt>
<BasicStmnt CovItemId="S4" CovItemPrefix="group2.game.RiverBank.java" Intrnl_Id="708">
<LocList>
<Loc EndOffset="576" SrcFileId="10" StartOffset="551"/>
</LocList>
</BasicStmnt>
<BasicStmnt CovItemId="S5" CovItemPrefix="group2.game.RiverBank.java" Intrnl_Id="709">
<LocList>
<Loc EndOffset="601" SrcFileId="10" StartOffset="580"/>
</LocList>
</BasicStmnt>
<BasicStmnt CovItemId="S6" CovItemPrefix="group2.game.RiverBank.java" Intrnl_Id="710">
<LocList>
<Loc EndOffset="624" SrcFileId="10" StartOffset="605"/>
</LocList>
</BasicStmnt>
<BasicStmnt CovItemId="S7" CovItemPrefix="group2.game.RiverBank.java" Intrnl_Id="711">
<LocList>
<Loc EndOffset="641" SrcFileId="10" StartOffset="628"/>
</LocList>
</BasicStmnt>
<BasicStmnt CovItemId="S8" CovItemPrefix="group2.game.RiverBank.java" Intrnl_Id="712">
<LocList>
<Loc EndOffset="694" SrcFileId="10" StartOffset="645"/>
</LocList>
</BasicStmnt>
<BasicStmnt CovItemId="S9" CovItemPrefix="group2.game.RiverBank.java" Intrnl_Id="713">
<LocList>
<Loc EndOffset="748" SrcFileId="10" StartOffset="698"/>
</LocList>
</BasicStmnt>
<BasicStmnt CovItemId="S10" CovItemPrefix="group2.game.RiverBank.java" Intrnl_Id="714">
<LocList>
<Loc EndOffset="776" SrcFileId="10" StartOffset="752"/>
</LocList>
</BasicStmnt>
<BasicStmnt CovItemId="S11" CovItemPrefix="group2.game.RiverBank.java" Intrnl_Id="715">
<LocList>
<Loc EndOffset="829" SrcFileId="10" StartOffset="780"/>
</LocList>
</BasicStmnt>
</StmntSeq>
</HierarchyLvl>
<HierarchyLvl HierarchyLvlId="13038" HierarchyLvlTypeId="39" Intrnl_Id="716" Name="addBuffer">
<Header>
<Loc EndOffset="886" SrcFileId="10" StartOffset="838"/>
</Header>
<LocList>
<Loc EndOffset="1353" SrcFileId="10" StartOffset="838"/>
</LocList>
<StmntSeq Intrnl_Id="717">
<LocList>
<Loc EndOffset="1068" SrcFileId="10" StartOffset="892"/>
<Loc EndOffset="1090" SrcFileId="10" StartOffset="1072"/>
<Loc EndOffset="1125" SrcFileId="10" StartOffset="1094"/>
<Loc EndOffset="1160" SrcFileId="10" StartOffset="1129"/>
<Loc EndOffset="1198" SrcFileId="10" StartOffset="1164"/>
<Loc EndOffset="1237" SrcFileId="10" StartOffset="1202"/>
<Loc EndOffset="1275" SrcFileId="10" StartOffset="1241"/>
<Loc EndOffset="1296" SrcFileId="10" StartOffset="1279"/>
<Loc EndOffset="1331" SrcFileId="10" StartOffset="1300"/>
<Loc EndOffset="1347" SrcFileId="10" StartOffset="1335"/>
</LocList>
<CondStmnt CovItemId="S12" CovItemPrefix="group2.game.RiverBank.java" Intrnl_Id="718">
<Branch CovItemId="B1" CovItemPrefix="group2.game.RiverBank.java" Implct="false" Intrnl_Id="719">
<Cond/>
<LocList>
<Loc EndOffset="1068" SrcFileId="10" StartOffset="919"/>
</LocList>
<StmntSeq Intrnl_Id="720">
<LocList>
<Loc EndOffset="1063" SrcFileId="10" StartOffset="925"/>
</LocList>
<CondStmnt CovItemId="S13" CovItemPrefix="group2.game.RiverBank.java" Intrnl_Id="721">
<Branch CovItemId="B3" CovItemPrefix="group2.game.RiverBank.java" Implct="false" Intrnl_Id="722">
<Cond/>
<LocList>
<Loc EndOffset="1031" SrcFileId="10" StartOffset="960"/>
</LocList>
<StmntSeq Intrnl_Id="723">
<LocList>
<Loc EndOffset="1025" SrcFileId="10" StartOffset="967"/>
</LocList>
<CondStmnt CovItemId="S14" CovItemPrefix="group2.game.RiverBank.java" Intrnl_Id="724">
<Branch CovItemId="B5" CovItemPrefix="group2.game.RiverBank.java" Implct="false" Intrnl_Id="725">
<Cond/>
<LocList>
<Loc EndOffset="1025" SrcFileId="10" StartOffset="997"/>
</LocList>
<StmntSeq Intrnl_Id="726">
<LocList>
<Loc EndOffset="1018" SrcFileId="10" StartOffset="1005"/>
</LocList>
<BasicStmnt CovItemId="S15" CovItemPrefix="group2.game.RiverBank.java" Intrnl_Id="727">
<LocList>
<Loc EndOffset="1018" SrcFileId="10" StartOffset="1005"/>
</LocList>
</BasicStmnt>
</StmntSeq>
</Branch>
<Branch CovItemId="B6" CovItemPrefix="group2.game.RiverBank.java" Implct="true" Intrnl_Id="728">
<Cond/>
<LocList/>
<StmntSeq Intrnl_Id="729">
<LocList/>
</StmntSeq>
</Branch>
<Keyword EndOffset="969" SrcFileId="10" StartOffset="967"/>
<LocList>
<Loc EndOffset="1025" SrcFileId="10" StartOffset="967"/>
</LocList>
<RootTerm CovItemId="C3" CovItemPrefix="group2.game.RiverBank.java" Intrnl_Id="730">
<BasicBoolTerm Intrnl_Id="731">
<LocList>
<Loc EndOffset="996" SrcFileId="10" StartOffset="970"/>
</LocList>
</BasicBoolTerm>
</RootTerm>
</CondStmnt>
</StmntSeq>
</Branch>
<Branch CovItemId="B4" CovItemPrefix="group2.game.RiverBank.java" Implct="false" Intrnl_Id="732">
<Cond>
<Loc EndOffset="1036" SrcFileId="10" StartOffset="1032"/>
</Cond>
<LocList>
<Loc EndOffset="1063" SrcFileId="10" StartOffset="1037"/>
</LocList>
<StmntSeq Intrnl_Id="733">
<LocList>
<Loc EndOffset="1057" SrcFileId="10" StartOffset="1044"/>
</LocList>
<BasicStmnt CovItemId="S16" CovItemPrefix="group2.game.RiverBank.java" Intrnl_Id="734">
<LocList>
<Loc EndOffset="1057" SrcFileId="10" StartOffset="1044"/>
</LocList>
</BasicStmnt>
</StmntSeq>
</Branch>
<Keyword EndOffset="927" SrcFileId="10" StartOffset="925"/>
<LocList>
<Loc EndOffset="1063" SrcFileId="10" StartOffset="925"/>
</LocList>
<RootTerm CovItemId="C2" CovItemPrefix="group2.game.RiverBank.java" Intrnl_Id="735">
<BasicBoolTerm Intrnl_Id="736">
<LocList>
<Loc EndOffset="958" SrcFileId="10" StartOffset="929"/>
</LocList>
</BasicBoolTerm>
</RootTerm>
</CondStmnt>
</StmntSeq>
</Branch>
<Branch CovItemId="B2" CovItemPrefix="group2.game.RiverBank.java" Implct="true" Intrnl_Id="737">
<Cond/>
<LocList/>
<StmntSeq Intrnl_Id="738">
<LocList/>
</StmntSeq>
</Branch>
<Keyword EndOffset="894" SrcFileId="10" StartOffset="892"/>
<LocList>
<Loc EndOffset="1068" SrcFileId="10" StartOffset="892"/>
</LocList>
<RootTerm CovItemId="C1" CovItemPrefix="group2.game.RiverBank.java" Intrnl_Id="739">
<BasicBoolTerm Intrnl_Id="740">
<LocList>
<Loc EndOffset="917" SrcFileId="10" StartOffset="896"/>
</LocList>
</BasicBoolTerm>
</RootTerm>
</CondStmnt>
<BasicStmnt CovItemId="S17" CovItemPrefix="group2.game.RiverBank.java" Intrnl_Id="741">
<LocList>
<Loc EndOffset="1090" SrcFileId="10" StartOffset="1072"/>
</LocList>
</BasicStmnt>
<BasicStmnt CovItemId="S18" CovItemPrefix="group2.game.RiverBank.java" Intrnl_Id="742">
<LocList>
<Loc EndOffset="1125" SrcFileId="10" StartOffset="1094"/>
</LocList>
</BasicStmnt>
<BasicStmnt CovItemId="S19" CovItemPrefix="group2.game.RiverBank.java" Intrnl_Id="743">
<LocList>
<Loc EndOffset="1160" SrcFileId="10" StartOffset="1129"/>
</LocList>
</BasicStmnt>
<BasicStmnt CovItemId="S20" CovItemPrefix="group2.game.RiverBank.java" Intrnl_Id="744">
<LocList>
<Loc EndOffset="1198" SrcFileId="10" StartOffset="1164"/>
</LocList>
<QMO CovItemId="Q0" CovItemPrefix="group2.game.RiverBank.java" Intrnl_Id="745">
<LocList>
<Loc EndOffset="1175" SrcFileId="10" StartOffset="1169"/>
</LocList>
<QMO_E CovItemId="Q0-0" CovItemPrefix="group2.game.RiverBank.java" Intrnl_Id="746">
<LocList>
<Loc EndOffset="1180" SrcFileId="10" StartOffset="1178"/>
</LocList>
</QMO_E>
<QMO_E CovItemId="Q0-1" CovItemPrefix="group2.game.RiverBank.java" Intrnl_Id="747">
<LocList>
<Loc EndOffset="1197" SrcFileId="10" StartOffset="1183"/>
</LocList>
</QMO_E>
</QMO>
</BasicStmnt>
<BasicStmnt CovItemId="S21" CovItemPrefix="group2.game.RiverBank.java" Intrnl_Id="748">
<LocList>
<Loc EndOffset="1237" SrcFileId="10" StartOffset="1202"/>
</LocList>
<QMO CovItemId="Q1" CovItemPrefix="group2.game.RiverBank.java" Intrnl_Id="749">
<LocList>
<Loc EndOffset="1213" SrcFileId="10" StartOffset="1207"/>
</LocList>
<QMO_E CovItemId="Q1-0" CovItemPrefix="group2.game.RiverBank.java" Intrnl_Id="750">
<LocList>
<Loc EndOffset="1218" SrcFileId="10" StartOffset="1216"/>
</LocList>
</QMO_E>
<QMO_E CovItemId="Q1-1" CovItemPrefix="group2.game.RiverBank.java" Intrnl_Id="751">
<LocList>
<Loc EndOffset="1236" SrcFileId="10" StartOffset="1221"/>
</LocList>
</QMO_E>
</QMO>
</BasicStmnt>
<BasicStmnt CovItemId="S22" CovItemPrefix="group2.game.RiverBank.java" Intrnl_Id="752">
<LocList>
<Loc EndOffset="1275" SrcFileId="10" StartOffset="1241"/>
</LocList>
</BasicStmnt>
<BasicStmnt CovItemId="S23" CovItemPrefix="group2.game.RiverBank.java" Intrnl_Id="753">
<LocList>
<Loc EndOffset="1296" SrcFileId="10" StartOffset="1279"/>
</LocList>
</BasicStmnt>
<BasicStmnt CovItemId="S24" CovItemPrefix="group2.game.RiverBank.java" Intrnl_Id="754">
<LocList>
<Loc EndOffset="1331" SrcFileId="10" StartOffset="1300"/>
</LocList>
</BasicStmnt>
<BasicStmnt CovItemId="S25" CovItemPrefix="group2.game.RiverBank.java" Intrnl_Id="755">
<LocList>
<Loc EndOffset="1347" SrcFileId="10" StartOffset="1335"/>
</LocList>
</BasicStmnt>
</StmntSeq>
</HierarchyLvl>
<HierarchyLvl HierarchyLvlId="13039" HierarchyLvlTypeId="39" Intrnl_Id="756" Name="checkCoordinates">
<Header>
<Loc EndOffset="1566" SrcFileId="10" StartOffset="1514"/>
</Header>
<LocList>
<Loc EndOffset="2395" SrcFileId="10" StartOffset="1514"/>
</LocList>
<StmntSeq Intrnl_Id="757">
<LocList>
<Loc EndOffset="1606" SrcFileId="10" StartOffset="1572"/>
<Loc EndOffset="1644" SrcFileId="10" StartOffset="1610"/>
<Loc EndOffset="1659" SrcFileId="10" StartOffset="1648"/>
<Loc EndOffset="1674" SrcFileId="10" StartOffset="1663"/>
<Loc EndOffset="2373" SrcFileId="10" StartOffset="1678"/>
<Loc EndOffset="2389" SrcFileId="10" StartOffset="2377"/>
</LocList>
<BasicStmnt CovItemId="S26" CovItemPrefix="group2.game.RiverBank.java" Intrnl_Id="758">
<LocList>
<Loc EndOffset="1606" SrcFileId="10" StartOffset="1572"/>
</LocList>
</BasicStmnt>
<BasicStmnt CovItemId="S27" CovItemPrefix="group2.game.RiverBank.java" Intrnl_Id="759">
<LocList>
<Loc EndOffset="1644" SrcFileId="10" StartOffset="1610"/>
</LocList>
</BasicStmnt>
<BasicStmnt CovItemId="S28" CovItemPrefix="group2.game.RiverBank.java" Intrnl_Id="760">
<LocList>
<Loc EndOffset="1659" SrcFileId="10" StartOffset="1648"/>
</LocList>
</BasicStmnt>
<BasicStmnt CovItemId="S29" CovItemPrefix="group2.game.RiverBank.java" Intrnl_Id="761">
<LocList>
<Loc EndOffset="1674" SrcFileId="10" StartOffset="1663"/>
</LocList>
</BasicStmnt>
<CondStmnt CovItemId="S30" CovItemPrefix="group2.game.RiverBank.java" Intrnl_Id="762">
<Branch CovItemId="B7" CovItemPrefix="group2.game.RiverBank.java" Implct="false" Intrnl_Id="763">
<Cond/>
<LocList>
<Loc EndOffset="2066" SrcFileId="10" StartOffset="1702"/>
</LocList>
<StmntSeq Intrnl_Id="764">
<LocList>
<Loc EndOffset="1776" SrcFileId="10" StartOffset="1708"/>
<Loc EndOffset="1857" SrcFileId="10" StartOffset="1781"/>
<Loc EndOffset="1939" SrcFileId="10" StartOffset="1862"/>
<Loc EndOffset="2028" SrcFileId="10" StartOffset="1944"/>
<Loc EndOffset="2061" SrcFileId="10" StartOffset="2033"/>
</LocList>
<CondStmnt CovItemId="S31" CovItemPrefix="group2.game.RiverBank.java" Intrnl_Id="765">
<Branch CovItemId="B9" CovItemPrefix="group2.game.RiverBank.java" Implct="false" Intrnl_Id="766">
<Cond/>
<LocList>
<Loc EndOffset="1776" SrcFileId="10" StartOffset="1756"/>
</LocList>
<StmntSeq Intrnl_Id="767">
<LocList>
<Loc EndOffset="1770" SrcFileId="10" StartOffset="1763"/>
</LocList>
<BasicStmnt CovItemId="S32" CovItemPrefix="group2.game.RiverBank.java" Intrnl_Id="768">
<LocList>
<Loc EndOffset="1770" SrcFileId="10" StartOffset="1763"/>
</LocList>
</BasicStmnt>
</StmntSeq>
</Branch>
<Branch CovItemId="B10" CovItemPrefix="group2.game.RiverBank.java" Implct="true" Intrnl_Id="769">
<Cond/>
<LocList/>
<StmntSeq Intrnl_Id="770">
<LocList/>
</StmntSeq>
</Branch>
<Keyword EndOffset="1710" SrcFileId="10" StartOffset="1708"/>
<LocList>
<Loc EndOffset="1776" SrcFileId="10" StartOffset="1708"/>
</LocList>
<RootTerm CovItemId="C5" CovItemPrefix="group2.game.RiverBank.java" Intrnl_Id="771">
<OpTerm BooleanOpId="34" Intrnl_Id="772">
<BasicBoolTerm Intrnl_Id="773">
<LocList>
<Loc EndOffset="1722" SrcFileId="10" StartOffset="1712"/>
</LocList>
</BasicBoolTerm>
<BasicBoolTerm Intrnl_Id="774">
<LocList>
<Loc EndOffset="1754" SrcFileId="10" StartOffset="1728"/>
</LocList>
</BasicBoolTerm>
<LocList>
<Loc EndOffset="1726" SrcFileId="10" StartOffset="1724"/>
</LocList>
</OpTerm>
</RootTerm>
</CondStmnt>
<CondStmnt CovItemId="S33" CovItemPrefix="group2.game.RiverBank.java" Intrnl_Id="775">
<Branch CovItemId="B11" CovItemPrefix="group2.game.RiverBank.java" Implct="false" Intrnl_Id="776">
<Cond/>
<LocList>
<Loc EndOffset="1857" SrcFileId="10" StartOffset="1837"/>
</LocList>
<StmntSeq Intrnl_Id="777">
<LocList>
<Loc EndOffset="1851" SrcFileId="10" StartOffset="1844"/>
</LocList>
<BasicStmnt CovItemId="S34" CovItemPrefix="group2.game.RiverBank.java" Intrnl_Id="778">
<LocList>
<Loc EndOffset="1851" SrcFileId="10" StartOffset="1844"/>
</LocList>
</BasicStmnt>
</StmntSeq>
</Branch>
<Branch CovItemId="B12" CovItemPrefix="group2.game.RiverBank.java" Implct="true" Intrnl_Id="779">
<Cond/>
<LocList/>
<StmntSeq Intrnl_Id="780">
<LocList/>
</StmntSeq>
</Branch>
<Keyword EndOffset="1783" SrcFileId="10" StartOffset="1781"/>
<LocList>
<Loc EndOffset="1857" SrcFileId="10" StartOffset="1781"/>
</LocList>
<RootTerm CovItemId="C6" CovItemPrefix="group2.game.RiverBank.java" Intrnl_Id="781">
<OpTerm BooleanOpId="34" Intrnl_Id="782">
<BasicBoolTerm Intrnl_Id="783">
<LocList>
<Loc EndOffset="1810" SrcFileId="10" StartOffset="1784"/>
</LocList>
</BasicBoolTerm>
<BasicBoolTerm Intrnl_Id="784">
<LocList>
<Loc EndOffset="1835" SrcFileId="10" StartOffset="1815"/>
</LocList>
</BasicBoolTerm>
<LocList>
<Loc EndOffset="1813" SrcFileId="10" StartOffset="1811"/>
</LocList>
</OpTerm>
</RootTerm>
</CondStmnt>
<CondStmnt CovItemId="S35" CovItemPrefix="group2.game.RiverBank.java" Intrnl_Id="785">
<Branch CovItemId="B13" CovItemPrefix="group2.game.RiverBank.java" Implct="false" Intrnl_Id="786">
<Cond/>
<LocList>
<Loc EndOffset="1939" SrcFileId="10" StartOffset="1919"/>
</LocList>
<StmntSeq Intrnl_Id="787">
<LocList>
<Loc EndOffset="1933" SrcFileId="10" StartOffset="1926"/>
</LocList>
<BasicStmnt CovItemId="S36" CovItemPrefix="group2.game.RiverBank.java" Intrnl_Id="788">
<LocList>
<Loc EndOffset="1933" SrcFileId="10" StartOffset="1926"/>
</LocList>
</BasicStmnt>
</StmntSeq>
</Branch>
<Branch CovItemId="B14" CovItemPrefix="group2.game.RiverBank.java" Implct="true" Intrnl_Id="789">
<Cond/>
<LocList/>
<StmntSeq Intrnl_Id="790">
<LocList/>
</StmntSeq>
</Branch>
<Keyword EndOffset="1864" SrcFileId="10" StartOffset="1862"/>
<LocList>
<Loc EndOffset="1939" SrcFileId="10" StartOffset="1862"/>
</LocList>
<RootTerm CovItemId="C7" CovItemPrefix="group2.game.RiverBank.java" Intrnl_Id="791">
<OpTerm BooleanOpId="34" Intrnl_Id="792">
<BasicBoolTerm Intrnl_Id="793">
<LocList>
<Loc EndOffset="1880" SrcFileId="10" StartOffset="1866"/>
</LocList>
</BasicBoolTerm>
<BasicBoolTerm Intrnl_Id="794">
<LocList>
<Loc EndOffset="1917" SrcFileId="10" StartOffset="1886"/>
</LocList>
</BasicBoolTerm>
<LocList>
<Loc EndOffset="1884" SrcFileId="10" StartOffset="1882"/>
</LocList>
</OpTerm>
</RootTerm>
</CondStmnt>
<CondStmnt CovItemId="S37" CovItemPrefix="group2.game.RiverBank.java" Intrnl_Id="795">
<Branch CovItemId="B15" CovItemPrefix="group2.game.RiverBank.java" Implct="false" Intrnl_Id="796">
<Cond/>
<LocList>
<Loc EndOffset="2028" SrcFileId="10" StartOffset="2008"/>
</LocList>
<StmntSeq Intrnl_Id="797">
<LocList>
<Loc EndOffset="2022" SrcFileId="10" StartOffset="2015"/>
</LocList>
<BasicStmnt CovItemId="S38" CovItemPrefix="group2.game.RiverBank.java" Intrnl_Id="798">
<LocList>
<Loc EndOffset="2022" SrcFileId="10" StartOffset="2015"/>
</LocList>
</BasicStmnt>
</StmntSeq>
</Branch>
<Branch CovItemId="B16" CovItemPrefix="group2.game.RiverBank.java" Implct="true" Intrnl_Id="799">
<Cond/>
<LocList/>
<StmntSeq Intrnl_Id="800">
<LocList/>
</StmntSeq>
</Branch>
<Keyword EndOffset="1946" SrcFileId="10" StartOffset="1944"/>
<LocList>
<Loc EndOffset="2028" SrcFileId="10" StartOffset="1944"/>
</LocList>
<RootTerm CovItemId="C8" CovItemPrefix="group2.game.RiverBank.java" Intrnl_Id="801">
<OpTerm BooleanOpId="34" Intrnl_Id="802">
<BasicBoolTerm Intrnl_Id="803">
<LocList>
<Loc EndOffset="1979" SrcFileId="10" StartOffset="1948"/>
</LocList>
</BasicBoolTerm>
<BasicBoolTerm Intrnl_Id="804">
<LocList>
<Loc EndOffset="2006" SrcFileId="10" StartOffset="1985"/>
</LocList>
</BasicBoolTerm>
<LocList>
<Loc EndOffset="1983" SrcFileId="10" StartOffset="1981"/>
</LocList>
</OpTerm>
</RootTerm>
</CondStmnt>
<BasicStmnt CovItemId="S39" CovItemPrefix="group2.game.RiverBank.java" Intrnl_Id="805">
<LocList>
<Loc EndOffset="2061" SrcFileId="10" StartOffset="2033"/>
</LocList>
</BasicStmnt>
</StmntSeq>
</Branch>
<Branch CovItemId="B8" CovItemPrefix="group2.game.RiverBank.java" Implct="false" Intrnl_Id="806">
<Cond>
<Loc EndOffset="2071" SrcFileId="10" StartOffset="2067"/>
</Cond>
<LocList>
<Loc EndOffset="2373" SrcFileId="10" StartOffset="2072"/>
</LocList>
<StmntSeq Intrnl_Id="807">
<LocList>
<Loc EndOffset="2373" SrcFileId="10" StartOffset="2072"/>
</LocList>
<CondStmnt CovItemId="S40" CovItemPrefix="group2.game.RiverBank.java" Intrnl_Id="808">
<Branch CovItemId="B17" CovItemPrefix="group2.game.RiverBank.java" Implct="false" Intrnl_Id="809">
<Cond/>
<LocList>
<Loc EndOffset="2373" SrcFileId="10" StartOffset="2096"/>
</LocList>
<StmntSeq Intrnl_Id="810">
<LocList>
<Loc EndOffset="2164" SrcFileId="10" StartOffset="2102"/>
<Loc EndOffset="2246" SrcFileId="10" StartOffset="2169"/>
<Loc EndOffset="2335" SrcFileId="10" StartOffset="2251"/>
<Loc EndOffset="2368" SrcFileId="10" StartOffset="2340"/>
</LocList>
<CondStmnt CovItemId="S41" CovItemPrefix="group2.game.RiverBank.java" Intrnl_Id="811">
<Branch CovItemId="B19" CovItemPrefix="group2.game.RiverBank.java" Implct="false" Intrnl_Id="812">
<Cond/>
<LocList>
<Loc EndOffset="2164" SrcFileId="10" StartOffset="2144"/>
</LocList>
<StmntSeq Intrnl_Id="813">
<LocList>
<Loc EndOffset="2158" SrcFileId="10" StartOffset="2151"/>
</LocList>
<BasicStmnt CovItemId="S42" CovItemPrefix="group2.game.RiverBank.java" Intrnl_Id="814">
<LocList>
<Loc EndOffset="2158" SrcFileId="10" StartOffset="2151"/>
</LocList>
</BasicStmnt>
</StmntSeq>
</Branch>
<Branch CovItemId="B20" CovItemPrefix="group2.game.RiverBank.java" Implct="true" Intrnl_Id="815">
<Cond/>
<LocList/>
<StmntSeq Intrnl_Id="816">
<LocList/>
</StmntSeq>
</Branch>
<Keyword EndOffset="2104" SrcFileId="10" StartOffset="2102"/>
<LocList>
<Loc EndOffset="2164" SrcFileId="10" StartOffset="2102"/>
</LocList>
<RootTerm CovItemId="C10" CovItemPrefix="group2.game.RiverBank.java" Intrnl_Id="817">
<OpTerm BooleanOpId="34" Intrnl_Id="818">
<BasicBoolTerm Intrnl_Id="819">
<LocList>
<Loc EndOffset="2116" SrcFileId="10" StartOffset="2106"/>
</LocList>
</BasicBoolTerm>
<BasicBoolTerm Intrnl_Id="820">
<LocList>
<Loc EndOffset="2142" SrcFileId="10" StartOffset="2122"/>
</LocList>
</BasicBoolTerm>
<LocList>
<Loc EndOffset="2120" SrcFileId="10" StartOffset="2118"/>
</LocList>
</OpTerm>
</RootTerm>
</CondStmnt>
<CondStmnt CovItemId="S43" CovItemPrefix="group2.game.RiverBank.java" Intrnl_Id="821">
<Branch CovItemId="B21" CovItemPrefix="group2.game.RiverBank.java" Implct="false" Intrnl_Id="822">
<Cond/>
<LocList>
<Loc EndOffset="2246" SrcFileId="10" StartOffset="2226"/>
</LocList>
<StmntSeq Intrnl_Id="823">
<LocList>
<Loc EndOffset="2240" SrcFileId="10" StartOffset="2233"/>
</LocList>
<BasicStmnt CovItemId="S44" CovItemPrefix="group2.game.RiverBank.java" Intrnl_Id="824">
<LocList>
<Loc EndOffset="2240" SrcFileId="10" StartOffset="2233"/>
</LocList>
</BasicStmnt>
</StmntSeq>
</Branch>
<Branch CovItemId="B22" CovItemPrefix="group2.game.RiverBank.java" Implct="true" Intrnl_Id="825">
<Cond/>
<LocList/>
<StmntSeq Intrnl_Id="826">
<LocList/>
</StmntSeq>
</Branch>
<Keyword EndOffset="2171" SrcFileId="10" StartOffset="2169"/>
<LocList>
<Loc EndOffset="2246" SrcFileId="10" StartOffset="2169"/>
</LocList>
<RootTerm CovItemId="C11" CovItemPrefix="group2.game.RiverBank.java" Intrnl_Id="827">
<OpTerm BooleanOpId="34" Intrnl_Id="828">
<BasicBoolTerm Intrnl_Id="829">
<LocList>
<Loc EndOffset="2187" SrcFileId="10" StartOffset="2173"/>
</LocList>
</BasicBoolTerm>
<BasicBoolTerm Intrnl_Id="830">
<LocList>
<Loc EndOffset="2224" SrcFileId="10" StartOffset="2193"/>
</LocList>
</BasicBoolTerm>
<LocList>
<Loc EndOffset="2191" SrcFileId="10" StartOffset="2189"/>
</LocList>
</OpTerm>
</RootTerm>
</CondStmnt>
<CondStmnt CovItemId="S45" CovItemPrefix="group2.game.RiverBank.java" Intrnl_Id="831">
<Branch CovItemId="B23" CovItemPrefix="group2.game.RiverBank.java" Implct="false" Intrnl_Id="832">
<Cond/>
<LocList>
<Loc EndOffset="2335" SrcFileId="10" StartOffset="2315"/>
</LocList>
<StmntSeq Intrnl_Id="833">
<LocList>
<Loc EndOffset="2329" SrcFileId="10" StartOffset="2322"/>
</LocList>
<BasicStmnt CovItemId="S46" CovItemPrefix="group2.game.RiverBank.java" Intrnl_Id="834">
<LocList>
<Loc EndOffset="2329" SrcFileId="10" StartOffset="2322"/>
</LocList>
</BasicStmnt>
</StmntSeq>
</Branch>
<Branch CovItemId="B24" CovItemPrefix="group2.game.RiverBank.java" Implct="true" Intrnl_Id="835">
<Cond/>
<LocList/>
<StmntSeq Intrnl_Id="836">
<LocList/>
</StmntSeq>
</Branch>
<Keyword EndOffset="2253" SrcFileId="10" StartOffset="2251"/>
<LocList>
<Loc EndOffset="2335" SrcFileId="10" StartOffset="2251"/>
</LocList>
<RootTerm CovItemId="C12" CovItemPrefix="group2.game.RiverBank.java" Intrnl_Id="837">
<OpTerm BooleanOpId="34" Intrnl_Id="838">
<BasicBoolTerm Intrnl_Id="839">
<LocList>
<Loc EndOffset="2286" SrcFileId="10" StartOffset="2255"/>
</LocList>
</BasicBoolTerm>
<BasicBoolTerm Intrnl_Id="840">
<LocList>
<Loc EndOffset="2313" SrcFileId="10" StartOffset="2292"/>
</LocList>
</BasicBoolTerm>
<LocList>
<Loc EndOffset="2290" SrcFileId="10" StartOffset="2288"/>
</LocList>
</OpTerm>
</RootTerm>
</CondStmnt>
<BasicStmnt CovItemId="S47" CovItemPrefix="group2.game.RiverBank.java" Intrnl_Id="841">
<LocList>
<Loc EndOffset="2368" SrcFileId="10" StartOffset="2340"/>
</LocList>
</BasicStmnt>
</StmntSeq>
</Branch>
<Branch CovItemId="B18" CovItemPrefix="group2.game.RiverBank.java" Implct="true" Intrnl_Id="842">
<Cond/>
<LocList/>
<StmntSeq Intrnl_Id="843">
<LocList/>
</StmntSeq>
</Branch>
<Keyword EndOffset="2074" SrcFileId="10" StartOffset="2072"/>
<LocList>
<Loc EndOffset="2373" SrcFileId="10" StartOffset="2072"/>
</LocList>
<RootTerm CovItemId="C9" CovItemPrefix="group2.game.RiverBank.java" Intrnl_Id="844">
<OpTerm BooleanOpId="35" Intrnl_Id="845">
<BasicBoolTerm Intrnl_Id="846">
<LocList>
<Loc EndOffset="2083" SrcFileId="10" StartOffset="2076"/>
</LocList>
</BasicBoolTerm>
<BasicBoolTerm Intrnl_Id="847">
<LocList>
<Loc EndOffset="2094" SrcFileId="10" StartOffset="2087"/>
</LocList>
</BasicBoolTerm>
<LocList>
<Loc EndOffset="2086" SrcFileId="10" StartOffset="2084"/>
</LocList>
</OpTerm>
</RootTerm>
</CondStmnt>
</StmntSeq>
</Branch>
<Keyword EndOffset="1680" SrcFileId="10" StartOffset="1678"/>
<LocList>
<Loc EndOffset="2373" SrcFileId="10" StartOffset="1678"/>
</LocList>
<RootTerm CovItemId="C4" CovItemPrefix="group2.game.RiverBank.java" Intrnl_Id="848">
<OpTerm BooleanOpId="35" Intrnl_Id="849">
<BasicBoolTerm Intrnl_Id="850">
<LocList>
<Loc EndOffset="1689" SrcFileId="10" StartOffset="1682"/>
</LocList>
</BasicBoolTerm>
<BasicBoolTerm Intrnl_Id="851">
<LocList>
<Loc EndOffset="1700" SrcFileId="10" StartOffset="1693"/>
</LocList>
</BasicBoolTerm>
<LocList>
<Loc EndOffset="1692" SrcFileId="10" StartOffset="1690"/>
</LocList>
</OpTerm>
</RootTerm>
</CondStmnt>
<BasicStmnt CovItemId="S48" CovItemPrefix="group2.game.RiverBank.java" Intrnl_Id="852">
<LocList>
<Loc EndOffset="2389" SrcFileId="10" StartOffset="2377"/>
</LocList>
</BasicStmnt>
</StmntSeq>
</HierarchyLvl>
<HierarchyLvl HierarchyLvlId="13040" HierarchyLvlTypeId="39" Intrnl_Id="853" Name="checkIfInBank">
<Header>
<Loc EndOffset="2545" SrcFileId="10" StartOffset="2501"/>
</Header>
<LocList>
<Loc EndOffset="2728" SrcFileId="10" StartOffset="2501"/>
</LocList>
<StmntSeq Intrnl_Id="854">
<LocList>
<Loc EndOffset="2585" SrcFileId="10" StartOffset="2551"/>
<Loc EndOffset="2623" SrcFileId="10" StartOffset="2589"/>
<Loc EndOffset="2724" SrcFileId="10" StartOffset="2627"/>
</LocList>
<BasicStmnt CovItemId="S49" CovItemPrefix="group2.game.RiverBank.java" Intrnl_Id="855">
<LocList>
<Loc EndOffset="2585" SrcFileId="10" StartOffset="2551"/>
</LocList>
</BasicStmnt>
<BasicStmnt CovItemId="S50" CovItemPrefix="group2.game.RiverBank.java" Intrnl_Id="856">
<LocList>
<Loc EndOffset="2623" SrcFileId="10" StartOffset="2589"/>
</LocList>
</BasicStmnt>
<BasicStmnt CovItemId="S51" CovItemPrefix="group2.game.RiverBank.java" Intrnl_Id="857">
<LocList>
<Loc EndOffset="2724" SrcFileId="10" StartOffset="2627"/>
</LocList>
<QMO CovItemId="Q2" CovItemPrefix="group2.game.RiverBank.java" Intrnl_Id="858">
<LocList>
<Loc EndOffset="2713" SrcFileId="10" StartOffset="2634"/>
</LocList>
<QMO_E CovItemId="Q2-0" CovItemPrefix="group2.game.RiverBank.java" Intrnl_Id="859">
<LocList>
<Loc EndOffset="2718" SrcFileId="10" StartOffset="2716"/>
</LocList>
</QMO_E>
<QMO_E CovItemId="Q2-1" CovItemPrefix="group2.game.RiverBank.java" Intrnl_Id="860">
<LocList>
<Loc EndOffset="2723" SrcFileId="10" StartOffset="2721"/>
</LocList>
</QMO_E>
</QMO>
</BasicStmnt>
</StmntSeq>
</HierarchyLvl>
<HierarchyLvl HierarchyLvlId="13041" HierarchyLvlTypeId="39" Intrnl_Id="861" Name="erode">
<Header>
<Loc EndOffset="2765" SrcFileId="10" StartOffset="2734"/>
</Header>
<LocList>
<Loc EndOffset="3016" SrcFileId="10" StartOffset="2734"/>
</LocList>
<StmntSeq Intrnl_Id="862">
<LocList>
<Loc EndOffset="2801" SrcFileId="10" StartOffset="2770"/>
<Loc EndOffset="2836" SrcFileId="10" StartOffset="2805"/>
<Loc EndOffset="2876" SrcFileId="10" StartOffset="2840"/>
<Loc EndOffset="2917" SrcFileId="10" StartOffset="2880"/>
<Loc EndOffset="2977" SrcFileId="10" StartOffset="2921"/>
<Loc EndOffset="3012" SrcFileId="10" StartOffset="2981"/>
</LocList>
<BasicStmnt CovItemId="S52" CovItemPrefix="group2.game.RiverBank.java" Intrnl_Id="863">
<LocList>
<Loc EndOffset="2801" SrcFileId="10" StartOffset="2770"/>
</LocList>
</BasicStmnt>
<BasicStmnt CovItemId="S53" CovItemPrefix="group2.game.RiverBank.java" Intrnl_Id="864">
<LocList>
<Loc EndOffset="2836" SrcFileId="10" StartOffset="2805"/>
</LocList>
</BasicStmnt>
<BasicStmnt CovItemId="S54" CovItemPrefix="group2.game.RiverBank.java" Intrnl_Id="865">
<LocList>
<Loc EndOffset="2876" SrcFileId="10" StartOffset="2840"/>
</LocList>
<QMO CovItemId="Q3" CovItemPrefix="group2.game.RiverBank.java" Intrnl_Id="866">
<LocList>
<Loc EndOffset="2851" SrcFileId="10" StartOffset="2845"/>
</LocList>
<QMO_E CovItemId="Q3-0" CovItemPrefix="group2.game.RiverBank.java" Intrnl_Id="867">
<LocList>
<Loc EndOffset="2856" SrcFileId="10" StartOffset="2854"/>
</LocList>
</QMO_E>
<QMO_E CovItemId="Q3-1" CovItemPrefix="group2.game.RiverBank.java" Intrnl_Id="868">
<LocList>
<Loc EndOffset="2875" SrcFileId="10" StartOffset="2859"/>
</LocList>
</QMO_E>
</QMO>
</BasicStmnt>
<BasicStmnt CovItemId="S55" CovItemPrefix="group2.game.RiverBank.java" Intrnl_Id="869">
<LocList>
<Loc EndOffset="2917" SrcFileId="10" StartOffset="2880"/>
</LocList>
<QMO CovItemId="Q4" CovItemPrefix="group2.game.RiverBank.java" Intrnl_Id="870">
<LocList>
<Loc EndOffset="2891" SrcFileId="10" StartOffset="2885"/>
</LocList>
<QMO_E CovItemId="Q4-0" CovItemPrefix="group2.game.RiverBank.java" Intrnl_Id="871">
<LocList>
<Loc EndOffset="2896" SrcFileId="10" StartOffset="2894"/>
</LocList>
</QMO_E>
<QMO_E CovItemId="Q4-1" CovItemPrefix="group2.game.RiverBank.java" Intrnl_Id="872">
<LocList>
<Loc EndOffset="2916" SrcFileId="10" StartOffset="2899"/>
</LocList>
</QMO_E>
</QMO>
</BasicStmnt>
<BasicStmnt CovItemId="S56" CovItemPrefix="group2.game.RiverBank.java" Intrnl_Id="873">
<LocList>
<Loc EndOffset="2977" SrcFileId="10" StartOffset="2921"/>
</LocList>
</BasicStmnt>
<BasicStmnt CovItemId="S57" CovItemPrefix="group2.game.RiverBank.java" Intrnl_Id="874">
<LocList>
<Loc EndOffset="3012" SrcFileId="10" StartOffset="2981"/>
</LocList>
</BasicStmnt>
</StmntSeq>
</HierarchyLvl>
<HierarchyLvl HierarchyLvlId="13042" HierarchyLvlTypeId="39" Intrnl_Id="875" Name="findErode">
<Header>
<Loc EndOffset="3047" SrcFileId="10" StartOffset="3021"/>
</Header>
<LocList>
<Loc EndOffset="3884" SrcFileId="10" StartOffset="3021"/>
</LocList>
<StmntSeq Intrnl_Id="876">
<LocList>
<Loc EndOffset="3863" SrcFileId="10" StartOffset="3053"/>
<Loc EndOffset="3880" SrcFileId="10" StartOffset="3867"/>
</LocList>
<CondStmnt CovItemId="S58" CovItemPrefix="group2.game.RiverBank.java" Intrnl_Id="877">
<Branch CovItemId="B25" CovItemPrefix="group2.game.RiverBank.java" Implct="false" Intrnl_Id="878">
<Cond/>
<LocList>
<Loc EndOffset="3590" SrcFileId="10" StartOffset="3077"/>
</LocList>
<StmntSeq Intrnl_Id="879">
<LocList>
<Loc EndOffset="3107" SrcFileId="10" StartOffset="3083"/>
<Loc EndOffset="3585" SrcFileId="10" StartOffset="3112"/>
</LocList>
<BasicStmnt CovItemId="S59" CovItemPrefix="group2.game.RiverBank.java" Intrnl_Id="880">
<LocList>
<Loc EndOffset="3107" SrcFileId="10" StartOffset="3083"/>
</LocList>
</BasicStmnt>
<CondStmnt CovItemId="S60" CovItemPrefix="group2.game.RiverBank.java" Intrnl_Id="881">
<Branch CovItemId="B27" CovItemPrefix="group2.game.RiverBank.java" Implct="false" Intrnl_Id="882">
<Cond/>
<LocList>
<Loc EndOffset="3329" SrcFileId="10" StartOffset="3166"/>
</LocList>
<StmntSeq Intrnl_Id="883">
<LocList>
<Loc EndOffset="3323" SrcFileId="10" StartOffset="3173"/>
</LocList>
<CondStmnt CovItemId="S61" CovItemPrefix="group2.game.RiverBank.java" Intrnl_Id="884">
<Branch CovItemId="B29" CovItemPrefix="group2.game.RiverBank.java" Implct="false" Intrnl_Id="885">
<Cond/>
<LocList>
<Loc EndOffset="3245" SrcFileId="10" StartOffset="3199"/>
</LocList>
<StmntSeq Intrnl_Id="886">
<LocList>
<Loc EndOffset="3219" SrcFileId="10" StartOffset="3207"/>
<Loc EndOffset="3238" SrcFileId="10" StartOffset="3226"/>
</LocList>
<BasicStmnt CovItemId="S62" CovItemPrefix="group2.game.RiverBank.java" Intrnl_Id="887">
<LocList>
<Loc EndOffset="3219" SrcFileId="10" StartOffset="3207"/>
</LocList>
</BasicStmnt>
<BasicStmnt CovItemId="S63" CovItemPrefix="group2.game.RiverBank.java" Intrnl_Id="888">
<LocList>
<Loc EndOffset="3238" SrcFileId="10" StartOffset="3226"/>
</LocList>
</BasicStmnt>
</StmntSeq>
</Branch>
<Branch CovItemId="B30" CovItemPrefix="group2.game.RiverBank.java" Implct="false" Intrnl_Id="889">
<Cond>
<Loc EndOffset="3249" SrcFileId="10" StartOffset="3245"/>
</Cond>
<LocList>
<Loc EndOffset="3323" SrcFileId="10" StartOffset="3250"/>
</LocList>
<StmntSeq Intrnl_Id="890">
<LocList>
<Loc EndOffset="3323" SrcFileId="10" StartOffset="3250"/>
</LocList>
<CondStmnt CovItemId="S64" CovItemPrefix="group2.game.RiverBank.java" Intrnl_Id="891">
<Branch CovItemId="B31" CovItemPrefix="group2.game.RiverBank.java" Implct="false" Intrnl_Id="892">
<Cond/>
<LocList>
<Loc EndOffset="3323" SrcFileId="10" StartOffset="3277"/>
</LocList>
<StmntSeq Intrnl_Id="893">
<LocList>
<Loc EndOffset="3297" SrcFileId="10" StartOffset="3285"/>
<Loc EndOffset="3316" SrcFileId="10" StartOffset="3304"/>
</LocList>
<BasicStmnt CovItemId="S65" CovItemPrefix="group2.game.RiverBank.java" Intrnl_Id="894">
<LocList>
<Loc EndOffset="3297" SrcFileId="10" StartOffset="3285"/>
</LocList>
</BasicStmnt>
<BasicStmnt CovItemId="S66" CovItemPrefix="group2.game.RiverBank.java" Intrnl_Id="895">
<LocList>
<Loc EndOffset="3316" SrcFileId="10" StartOffset="3304"/>
</LocList>
</BasicStmnt>
</StmntSeq>
</Branch>
<Branch CovItemId="B32" CovItemPrefix="group2.game.RiverBank.java" Implct="true" Intrnl_Id="896">
<Cond/>
<LocList/>
<StmntSeq Intrnl_Id="897">
<LocList/>
</StmntSeq>
</Branch>
<Keyword EndOffset="3252" SrcFileId="10" StartOffset="3250"/>
<LocList>
<Loc EndOffset="3323" SrcFileId="10" StartOffset="3250"/>
</LocList>
<RootTerm CovItemId="C16" CovItemPrefix="group2.game.RiverBank.java" Intrnl_Id="898">
<BasicBoolTerm Intrnl_Id="899">
<LocList>
<Loc EndOffset="3276" SrcFileId="10" StartOffset="3253"/>
</LocList>
</BasicBoolTerm>
</RootTerm>
</CondStmnt>
</StmntSeq>
</Branch>
<Keyword EndOffset="3175" SrcFileId="10" StartOffset="3173"/>
<LocList>
<Loc EndOffset="3323" SrcFileId="10" StartOffset="3173"/>
</LocList>
<RootTerm CovItemId="C15" CovItemPrefix="group2.game.RiverBank.java" Intrnl_Id="900">
<BasicBoolTerm Intrnl_Id="901">
<LocList>
<Loc EndOffset="3198" SrcFileId="10" StartOffset="3176"/>
</LocList>
</BasicBoolTerm>
</RootTerm>
</CondStmnt>
</StmntSeq>
</Branch>
<Branch CovItemId="B28" CovItemPrefix="group2.game.RiverBank.java" Implct="false" Intrnl_Id="902">
<Cond>
<Loc EndOffset="3333" SrcFileId="10" StartOffset="3329"/>
</Cond>
<LocList>
<Loc EndOffset="3585" SrcFileId="10" StartOffset="3334"/>
</LocList>
<StmntSeq Intrnl_Id="903">
<LocList>
<Loc EndOffset="3585" SrcFileId="10" StartOffset="3334"/>
</LocList>
<CondStmnt CovItemId="S67" CovItemPrefix="group2.game.RiverBank.java" Intrnl_Id="904">
<Branch CovItemId="B33" CovItemPrefix="group2.game.RiverBank.java" Implct="false" Intrnl_Id="905">
<Cond/>
<LocList>
<Loc EndOffset="3585" SrcFileId="10" StartOffset="3402"/>
</LocList>
<StmntSeq Intrnl_Id="906">
<LocList>
<Loc EndOffset="3423" SrcFileId="10" StartOffset="3409"/>
<Loc EndOffset="3579" SrcFileId="10" StartOffset="3429"/>
</LocList>
<BasicStmnt CovItemId="S68" CovItemPrefix="group2.game.RiverBank.java" Intrnl_Id="907">
<LocList>
<Loc EndOffset="3423" SrcFileId="10" StartOffset="3409"/>
</LocList>
</BasicStmnt>
<CondStmnt CovItemId="S69" CovItemPrefix="group2.game.RiverBank.java" Intrnl_Id="908">
<Branch CovItemId="B35" CovItemPrefix="group2.game.RiverBank.java" Implct="false" Intrnl_Id="909">
<Cond/>
<LocList>
<Loc EndOffset="3501" SrcFileId="10" StartOffset="3455"/>
</LocList>
<StmntSeq Intrnl_Id="910">
<LocList>
<Loc EndOffset="3475" SrcFileId="10" StartOffset="3463"/>
<Loc EndOffset="3494" SrcFileId="10" StartOffset="3482"/>
</LocList>
<BasicStmnt CovItemId="S70" CovItemPrefix="group2.game.RiverBank.java" Intrnl_Id="911">
<LocList>
<Loc EndOffset="3475" SrcFileId="10" StartOffset="3463"/>
</LocList>
</BasicStmnt>
<BasicStmnt CovItemId="S71" CovItemPrefix="group2.game.RiverBank.java" Intrnl_Id="912">
<LocList>
<Loc EndOffset="3494" SrcFileId="10" StartOffset="3482"/>
</LocList>
</BasicStmnt>
</StmntSeq>
</Branch>
<Branch CovItemId="B36" CovItemPrefix="group2.game.RiverBank.java" Implct="false" Intrnl_Id="913">
<Cond>
<Loc EndOffset="3505" SrcFileId="10" StartOffset="3501"/>
</Cond>
<LocList>
<Loc EndOffset="3579" SrcFileId="10" StartOffset="3506"/>
</LocList>
<StmntSeq Intrnl_Id="914">
<LocList>
<Loc EndOffset="3579" SrcFileId="10" StartOffset="3506"/>
</LocList>
<CondStmnt CovItemId="S72" CovItemPrefix="group2.game.RiverBank.java" Intrnl_Id="915">
<Branch CovItemId="B37" CovItemPrefix="group2.game.RiverBank.java" Implct="false" Intrnl_Id="916">
<Cond/>
<LocList>
<Loc EndOffset="3579" SrcFileId="10" StartOffset="3533"/>
</LocList>
<StmntSeq Intrnl_Id="917">
<LocList>
<Loc EndOffset="3553" SrcFileId="10" StartOffset="3541"/>
<Loc EndOffset="3572" SrcFileId="10" StartOffset="3560"/>
</LocList>
<BasicStmnt CovItemId="S73" CovItemPrefix="group2.game.RiverBank.java" Intrnl_Id="918">
<LocList>
<Loc EndOffset="3553" SrcFileId="10" StartOffset="3541"/>
</LocList>
</BasicStmnt>
<BasicStmnt CovItemId="S74" CovItemPrefix="group2.game.RiverBank.java" Intrnl_Id="919">
<LocList>
<Loc EndOffset="3572" SrcFileId="10" StartOffset="3560"/>
</LocList>
</BasicStmnt>
</StmntSeq>
</Branch>
<Branch CovItemId="B38" CovItemPrefix="group2.game.RiverBank.java" Implct="true" Intrnl_Id="920">
<Cond/>
<LocList/>
<StmntSeq Intrnl_Id="921">
<LocList/>
</StmntSeq>
</Branch>
<Keyword EndOffset="3508" SrcFileId="10" StartOffset="3506"/>
<LocList>
<Loc EndOffset="3579" SrcFileId="10" StartOffset="3506"/>
</LocList>
<RootTerm CovItemId="C19" CovItemPrefix="group2.game.RiverBank.java" Intrnl_Id="922">
<BasicBoolTerm Intrnl_Id="923">
<LocList>
<Loc EndOffset="3532" SrcFileId="10" StartOffset="3509"/>
</LocList>
</BasicBoolTerm>
</RootTerm>
</CondStmnt>
</StmntSeq>
</Branch>
<Keyword EndOffset="3431" SrcFileId="10" StartOffset="3429"/>
<LocList>
<Loc EndOffset="3579" SrcFileId="10" StartOffset="3429"/>
</LocList>
<RootTerm CovItemId="C18" CovItemPrefix="group2.game.RiverBank.java" Intrnl_Id="924">
<BasicBoolTerm Intrnl_Id="925">
<LocList>
<Loc EndOffset="3454" SrcFileId="10" StartOffset="3432"/>
</LocList>
</BasicBoolTerm>
</RootTerm>
</CondStmnt>
</StmntSeq>
</Branch>
<Branch CovItemId="B34" CovItemPrefix="group2.game.RiverBank.java" Implct="true" Intrnl_Id="926">
<Cond/>
<LocList/>
<StmntSeq Intrnl_Id="927">
<LocList/>
</StmntSeq>
</Branch>
<Keyword EndOffset="3336" SrcFileId="10" StartOffset="3334"/>
<LocList>
<Loc EndOffset="3585" SrcFileId="10" StartOffset="3334"/>
</LocList>
<RootTerm CovItemId="C17" CovItemPrefix="group2.game.RiverBank.java" Intrnl_Id="928">
<OpTerm BooleanOpId="35" Intrnl_Id="929">
<BasicBoolTerm Intrnl_Id="930">
<LocList>
<Loc EndOffset="3367" SrcFileId="10" StartOffset="3337"/>
</LocList>
</BasicBoolTerm>
<BasicBoolTerm Intrnl_Id="931">
<LocList>
<Loc EndOffset="3401" SrcFileId="10" StartOffset="3371"/>
</LocList>
</BasicBoolTerm>
<LocList>
<Loc EndOffset="3370" SrcFileId="10" StartOffset="3368"/>
</LocList>
</OpTerm>
</RootTerm>
</CondStmnt>
</StmntSeq>
</Branch>
<Keyword EndOffset="3114" SrcFileId="10" StartOffset="3112"/>
<LocList>
<Loc EndOffset="3585" SrcFileId="10" StartOffset="3112"/>
</LocList>
<RootTerm CovItemId="C14" CovItemPrefix="group2.game.RiverBank.java" Intrnl_Id="932">
<OpTerm BooleanOpId="35" Intrnl_Id="933">
<BasicBoolTerm Intrnl_Id="934">
<LocList>
<Loc EndOffset="3138" SrcFileId="10" StartOffset="3116"/>
</LocList>
</BasicBoolTerm>
<BasicBoolTerm Intrnl_Id="935">
<LocList>
<Loc EndOffset="3164" SrcFileId="10" StartOffset="3142"/>
</LocList>
</BasicBoolTerm>
<LocList>
<Loc EndOffset="3141" SrcFileId="10" StartOffset="3139"/>
</LocList>
</OpTerm>
</RootTerm>
</CondStmnt>
</StmntSeq>
</Branch>
<Branch CovItemId="B26" CovItemPrefix="group2.game.RiverBank.java" Implct="false" Intrnl_Id="936">
<Cond>
<Loc EndOffset="3595" SrcFileId="10" StartOffset="3591"/>
</Cond>
<LocList>
<Loc EndOffset="3863" SrcFileId="10" StartOffset="3596"/>
</LocList>
<StmntSeq Intrnl_Id="937">
<LocList>
<Loc EndOffset="3863" SrcFileId="10" StartOffset="3596"/>
</LocList>
<CondStmnt CovItemId="S75" CovItemPrefix="group2.game.RiverBank.java" Intrnl_Id="938">
<Branch CovItemId="B39" CovItemPrefix="group2.game.RiverBank.java" Implct="false" Intrnl_Id="939">
<Cond/>
<LocList>
<Loc EndOffset="3863" SrcFileId="10" StartOffset="3620"/>
</LocList>
<StmntSeq Intrnl_Id="940">
<LocList>
<Loc EndOffset="3636" SrcFileId="10" StartOffset="3626"/>
<Loc EndOffset="3858" SrcFileId="10" StartOffset="3641"/>
</LocList>
<BasicStmnt CovItemId="S76" CovItemPrefix="group2.game.RiverBank.java" Intrnl_Id="941">
<LocList>
<Loc EndOffset="3636" SrcFileId="10" StartOffset="3626"/>
</LocList>
</BasicStmnt>
<CondStmnt CovItemId="S77" CovItemPrefix="group2.game.RiverBank.java" Intrnl_Id="942">
<Branch CovItemId="B41" CovItemPrefix="group2.game.RiverBank.java" Implct="false" Intrnl_Id="943">
<Cond/>
<LocList>
<Loc EndOffset="3858" SrcFileId="10" StartOffset="3695"/>
</LocList>
<StmntSeq Intrnl_Id="944">
<LocList>
<Loc EndOffset="3852" SrcFileId="10" StartOffset="3702"/>
</LocList>
<CondStmnt CovItemId="S78" CovItemPrefix="group2.game.RiverBank.java" Intrnl_Id="945">
<Branch CovItemId="B43" CovItemPrefix="group2.game.RiverBank.java" Implct="false" Intrnl_Id="946">
<Cond/>
<LocList>
<Loc EndOffset="3774" SrcFileId="10" StartOffset="3728"/>
</LocList>
<StmntSeq Intrnl_Id="947">
<LocList>
<Loc EndOffset="3748" SrcFileId="10" StartOffset="3736"/>
<Loc EndOffset="3767" SrcFileId="10" StartOffset="3755"/>
</LocList>
<BasicStmnt CovItemId="S79" CovItemPrefix="group2.game.RiverBank.java" Intrnl_Id="948">
<LocList>
<Loc EndOffset="3748" SrcFileId="10" StartOffset="3736"/>
</LocList>
</BasicStmnt>
<BasicStmnt CovItemId="S80" CovItemPrefix="group2.game.RiverBank.java" Intrnl_Id="949">
<LocList>
<Loc EndOffset="3767" SrcFileId="10" StartOffset="3755"/>
</LocList>
</BasicStmnt>
</StmntSeq>
</Branch>
<Branch CovItemId="B44" CovItemPrefix="group2.game.RiverBank.java" Implct="false" Intrnl_Id="950">
<Cond>
<Loc EndOffset="3778" SrcFileId="10" StartOffset="3774"/>
</Cond>
<LocList>
<Loc EndOffset="3852" SrcFileId="10" StartOffset="3779"/>
</LocList>
<StmntSeq Intrnl_Id="951">
<LocList>
<Loc EndOffset="3852" SrcFileId="10" StartOffset="3779"/>
</LocList>
<CondStmnt CovItemId="S81" CovItemPrefix="group2.game.RiverBank.java" Intrnl_Id="952">
<Branch CovItemId="B45" CovItemPrefix="group2.game.RiverBank.java" Implct="false" Intrnl_Id="953">
<Cond/>
<LocList>
<Loc EndOffset="3852" SrcFileId="10" StartOffset="3806"/>
</LocList>
<StmntSeq Intrnl_Id="954">
<LocList>
<Loc EndOffset="3826" SrcFileId="10" StartOffset="3814"/>
<Loc EndOffset="3845" SrcFileId="10" StartOffset="3833"/>
</LocList>
<BasicStmnt CovItemId="S82" CovItemPrefix="group2.game.RiverBank.java" Intrnl_Id="955">
<LocList>
<Loc EndOffset="3826" SrcFileId="10" StartOffset="3814"/>
</LocList>
</BasicStmnt>
<BasicStmnt CovItemId="S83" CovItemPrefix="group2.game.RiverBank.java" Intrnl_Id="956">
<LocList>
<Loc EndOffset="3845" SrcFileId="10" StartOffset="3833"/>
</LocList>
</BasicStmnt>
</StmntSeq>
</Branch>
<Branch CovItemId="B46" CovItemPrefix="group2.game.RiverBank.java" Implct="true" Intrnl_Id="957">
<Cond/>
<LocList/>
<StmntSeq Intrnl_Id="958">
<LocList/>
</StmntSeq>
</Branch>
<Keyword EndOffset="3781" SrcFileId="10" StartOffset="3779"/>
<LocList>
<Loc EndOffset="3852" SrcFileId="10" StartOffset="3779"/>
</LocList>
<RootTerm CovItemId="C23" CovItemPrefix="group2.game.RiverBank.java" Intrnl_Id="959">
<BasicBoolTerm Intrnl_Id="960">
<LocList>
<Loc EndOffset="3805" SrcFileId="10" StartOffset="3782"/>
</LocList>
</BasicBoolTerm>
</RootTerm>
</CondStmnt>
</StmntSeq>
</Branch>
<Keyword EndOffset="3704" SrcFileId="10" StartOffset="3702"/>
<LocList>
<Loc EndOffset="3852" SrcFileId="10" StartOffset="3702"/>
</LocList>
<RootTerm CovItemId="C22" CovItemPrefix="group2.game.RiverBank.java" Intrnl_Id="961">
<BasicBoolTerm Intrnl_Id="962">
<LocList>
<Loc EndOffset="3727" SrcFileId="10" StartOffset="3705"/>
</LocList>
</BasicBoolTerm>
</RootTerm>
</CondStmnt>
</StmntSeq>
</Branch>
<Branch CovItemId="B42" CovItemPrefix="group2.game.RiverBank.java" Implct="true" Intrnl_Id="963">
<Cond/>
<LocList/>
<StmntSeq Intrnl_Id="964">
<LocList/>
</StmntSeq>
</Branch>
<Keyword EndOffset="3643" SrcFileId="10" StartOffset="3641"/>
<LocList>
<Loc EndOffset="3858" SrcFileId="10" StartOffset="3641"/>
</LocList>
<RootTerm CovItemId="C21" CovItemPrefix="group2.game.RiverBank.java" Intrnl_Id="965">
<OpTerm BooleanOpId="35" Intrnl_Id="966">
<BasicBoolTerm Intrnl_Id="967">
<LocList>
<Loc EndOffset="3667" SrcFileId="10" StartOffset="3645"/>
</LocList>
</BasicBoolTerm>
<BasicBoolTerm Intrnl_Id="968">
<LocList>
<Loc EndOffset="3693" SrcFileId="10" StartOffset="3671"/>
</LocList>
</BasicBoolTerm>
<LocList>
<Loc EndOffset="3670" SrcFileId="10" StartOffset="3668"/>
</LocList>
</OpTerm>
</RootTerm>
</CondStmnt>
</StmntSeq>
</Branch>
<Branch CovItemId="B40" CovItemPrefix="group2.game.RiverBank.java" Implct="true" Intrnl_Id="969">
<Cond/>
<LocList/>
<StmntSeq Intrnl_Id="970">
<LocList/>
</StmntSeq>
</Branch>
<Keyword EndOffset="3598" SrcFileId="10" StartOffset="3596"/>
<LocList>
<Loc EndOffset="3863" SrcFileId="10" StartOffset="3596"/>
</LocList>
<RootTerm CovItemId="C20" CovItemPrefix="group2.game.RiverBank.java" Intrnl_Id="971">
<OpTerm BooleanOpId="35" Intrnl_Id="972">
<BasicBoolTerm Intrnl_Id="973">
<LocList>
<Loc EndOffset="3607" SrcFileId="10" StartOffset="3600"/>
</LocList>
</BasicBoolTerm>
<BasicBoolTerm Intrnl_Id="974">
<LocList>
<Loc EndOffset="3618" SrcFileId="10" StartOffset="3611"/>
</LocList>
</BasicBoolTerm>
<LocList>
<Loc EndOffset="3610" SrcFileId="10" StartOffset="3608"/>
</LocList>
</OpTerm>
</RootTerm>
</CondStmnt>
</StmntSeq>
</Branch>
<Keyword EndOffset="3055" SrcFileId="10" StartOffset="3053"/>
<LocList>
<Loc EndOffset="3863" SrcFileId="10" StartOffset="3053"/>
</LocList>
<RootTerm CovItemId="C13" CovItemPrefix="group2.game.RiverBank.java" Intrnl_Id="975">
<OpTerm BooleanOpId="35" Intrnl_Id="976">
<BasicBoolTerm Intrnl_Id="977">
<LocList>
<Loc EndOffset="3064" SrcFileId="10" StartOffset="3057"/>
</LocList>
</BasicBoolTerm>
<BasicBoolTerm Intrnl_Id="978">
<LocList>
<Loc EndOffset="3075" SrcFileId="10" StartOffset="3068"/>
</LocList>
</BasicBoolTerm>
<LocList>
<Loc EndOffset="3067" SrcFileId="10" StartOffset="3065"/>
</LocList>
</OpTerm>
</RootTerm>
</CondStmnt>
<BasicStmnt CovItemId="S84" CovItemPrefix="group2.game.RiverBank.java" Intrnl_Id="979">
<LocList>
<Loc EndOffset="3880" SrcFileId="10" StartOffset="3867"/>
</LocList>
</BasicStmnt>
</StmntSeq>
</HierarchyLvl>
<HierarchyLvl HierarchyLvlId="13043" HierarchyLvlTypeId="39" Intrnl_Id="980" Name="erosionFactor">
<Header>
<Loc EndOffset="3922" SrcFileId="10" StartOffset="3889"/>
</Header>
<LocList>
<Loc EndOffset="4040" SrcFileId="10" StartOffset="3889"/>
</LocList>
<StmntSeq Intrnl_Id="981">
<LocList>
<Loc EndOffset="3973" SrcFileId="10" StartOffset="3928"/>
<Loc EndOffset="4019" SrcFileId="10" StartOffset="3977"/>
<Loc EndOffset="4036" SrcFileId="10" StartOffset="4023"/>
</LocList>
<BasicStmnt CovItemId="S85" CovItemPrefix="group2.game.RiverBank.java" Intrnl_Id="982">
<LocList>
<Loc EndOffset="3973" SrcFileId="10" StartOffset="3928"/>
</LocList>
<QMO CovItemId="Q5" CovItemPrefix="group2.game.RiverBank.java" Intrnl_Id="983">
<LocList>
<Loc EndOffset="3964" SrcFileId="10" StartOffset="3940"/>
</LocList>
<QMO_E CovItemId="Q5-0" CovItemPrefix="group2.game.RiverBank.java" Intrnl_Id="984">
<LocList>
<Loc EndOffset="3968" SrcFileId="10" StartOffset="3967"/>
</LocList>
</QMO_E>
<QMO_E CovItemId="Q5-1" CovItemPrefix="group2.game.RiverBank.java" Intrnl_Id="985">
<LocList>
<Loc EndOffset="3972" SrcFileId="10" StartOffset="3971"/>
</LocList>
</QMO_E>
</QMO>
</BasicStmnt>
<BasicStmnt CovItemId="S86" CovItemPrefix="group2.game.RiverBank.java" Intrnl_Id="986">
<LocList>
<Loc EndOffset="4019" SrcFileId="10" StartOffset="3977"/>
</LocList>
<QMO CovItemId="Q6" CovItemPrefix="group2.game.RiverBank.java" Intrnl_Id="987">
<LocList>
<Loc EndOffset="4010" SrcFileId="10" StartOffset="3986"/>
</LocList>
<QMO_E CovItemId="Q6-0" CovItemPrefix="group2.game.RiverBank.java" Intrnl_Id="988">
<LocList>
<Loc EndOffset="4014" SrcFileId="10" StartOffset="4013"/>
</LocList>
</QMO_E>
<QMO_E CovItemId="Q6-1" CovItemPrefix="group2.game.RiverBank.java" Intrnl_Id="989">
<LocList>
<Loc EndOffset="4018" SrcFileId="10" StartOffset="4017"/>
</LocList>
</QMO_E>
</QMO>
</BasicStmnt>
<BasicStmnt CovItemId="S87" CovItemPrefix="group2.game.RiverBank.java" Intrnl_Id="990">
<LocList>
<Loc EndOffset="4036" SrcFileId="10" StartOffset="4023"/>
</LocList>
</BasicStmnt>
</StmntSeq>
</HierarchyLvl>
<HierarchyLvl HierarchyLvlId="13044" HierarchyLvlTypeId="39" Intrnl_Id="991" Name="initializeBufferArray">
<Header>
<Loc EndOffset="4081" SrcFileId="10" StartOffset="4045"/>
</Header>
<LocList>
<Loc EndOffset="4251" SrcFileId="10" StartOffset="4045"/>
</LocList>
<StmntSeq Intrnl_Id="992">
<LocList>
<Loc EndOffset="4247" SrcFileId="10" StartOffset="4087"/>
</LocList>
<LoopStmnt CovItemId="S88" CovItemPrefix="group2.game.RiverBank.java" Intrnl_Id="993" MltplExecId="L1-2" MltplExecPrefix="group2.game.RiverBank.java" NvrExecId="L1-0" NvrExecPrefix="group2.game.RiverBank.java" OnceExecutedId="L1-1" OnceExecutedPrefix="group2.game.RiverBank.java" OptBodyExec="true">
<StmntSeq Intrnl_Id="994">
<LocList>
<Loc EndOffset="4242" SrcFileId="10" StartOffset="4127"/>
</LocList>
<LoopStmnt CovItemId="S89" CovItemPrefix="group2.game.RiverBank.java" Intrnl_Id="995" MltplExecId="L2-2" MltplExecPrefix="group2.game.RiverBank.java" NvrExecId="L2-0" NvrExecPrefix="group2.game.RiverBank.java" OnceExecutedId="L2-1" OnceExecutedPrefix="group2.game.RiverBank.java" OptBodyExec="true">
<StmntSeq Intrnl_Id="996">
<LocList>
<Loc EndOffset="4198" SrcFileId="10" StartOffset="4168"/>
<Loc EndOffset="4236" SrcFileId="10" StartOffset="4204"/>
</LocList>
<BasicStmnt CovItemId="S90" CovItemPrefix="group2.game.RiverBank.java" Intrnl_Id="997">
<LocList>
<Loc EndOffset="4198" SrcFileId="10" StartOffset="4168"/>
</LocList>
</BasicStmnt>
<BasicStmnt CovItemId="S91" CovItemPrefix="group2.game.RiverBank.java" Intrnl_Id="998">
<LocList>
<Loc EndOffset="4236" SrcFileId="10" StartOffset="4204"/>
</LocList>
</BasicStmnt>
</StmntSeq>
<Keyword EndOffset="4130" SrcFileId="10" StartOffset="4127"/>
<LocList>
<Loc EndOffset="4242" SrcFileId="10" StartOffset="4127"/>
</LocList>
<RootTerm CovItemId="C25" CovItemPrefix="group2.game.RiverBank.java" Intrnl_Id="999">
<BasicBoolTerm Intrnl_Id="1000">
<LocList>
<Loc EndOffset="4154" SrcFileId="10" StartOffset="4143"/>
</LocList>
</BasicBoolTerm>
</RootTerm>
</LoopStmnt>
</StmntSeq>
<Keyword EndOffset="4090" SrcFileId="10" StartOffset="4087"/>
<LocList>
<Loc EndOffset="4247" SrcFileId="10" StartOffset="4087"/>
</LocList>
<RootTerm CovItemId="C24" CovItemPrefix="group2.game.RiverBank.java" Intrnl_Id="1001">
<BasicBoolTerm Intrnl_Id="1002">
<LocList>
<Loc EndOffset="4114" SrcFileId="10" StartOffset="4103"/>
</LocList>
</BasicBoolTerm>
</RootTerm>
</LoopStmnt>
</StmntSeq>
</HierarchyLvl>
<HierarchyLvl HierarchyLvlId="13045" HierarchyLvlTypeId="39" Intrnl_Id="1003" Name="update">
<Header>
<Loc EndOffset="4425" SrcFileId="10" StartOffset="4405"/>
</Header>
<LocList>
<Loc EndOffset="4843" SrcFileId="10" StartOffset="4405"/>
</LocList>
<StmntSeq Intrnl_Id="1004">
<LocList>
<Loc EndOffset="4839" SrcFileId="10" StartOffset="4431"/>
</LocList>
<LoopStmnt CovItemId="S92" CovItemPrefix="group2.game.RiverBank.java" Intrnl_Id="1005" MltplExecId="L3-2" MltplExecPrefix="group2.game.RiverBank.java" NvrExecId="L3-0" NvrExecPrefix="group2.game.RiverBank.java" OnceExecutedId="L3-1" OnceExecutedPrefix="group2.game.RiverBank.java" OptBodyExec="true">
<StmntSeq Intrnl_Id="1006">
<LocList>
<Loc EndOffset="4834" SrcFileId="10" StartOffset="4477"/>
</LocList>
<LoopStmnt CovItemId="S93" CovItemPrefix="group2.game.RiverBank.java" Intrnl_Id="1007" MltplExecId="L4-2" MltplExecPrefix="group2.game.RiverBank.java" NvrExecId="L4-0" NvrExecPrefix="group2.game.RiverBank.java" OnceExecutedId="L4-1" OnceExecutedPrefix="group2.game.RiverBank.java" OptBodyExec="true">
<StmntSeq Intrnl_Id="1008">
<LocList>
<Loc EndOffset="4828" SrcFileId="10" StartOffset="4526"/>
</LocList>
<CondStmnt CovItemId="S94" CovItemPrefix="group2.game.RiverBank.java" Intrnl_Id="1009">
<Branch CovItemId="B47" CovItemPrefix="group2.game.RiverBank.java" Implct="false" Intrnl_Id="1010">
<Cond/>
<LocList>
<Loc EndOffset="4828" SrcFileId="10" StartOffset="4551"/>
</LocList>
<StmntSeq Intrnl_Id="1011">
<LocList>
<Loc EndOffset="4582" SrcFileId="10" StartOffset="4559"/>
<Loc EndOffset="4692" SrcFileId="10" StartOffset="4589"/>
<Loc EndOffset="4821" SrcFileId="10" StartOffset="4699"/>
</LocList>
<BasicStmnt CovItemId="S95" CovItemPrefix="group2.game.RiverBank.java" Intrnl_Id="1012">
<LocList>
<Loc EndOffset="4582" SrcFileId="10" StartOffset="4559"/>
</LocList>
</BasicStmnt>
<CondStmnt CovItemId="S96" CovItemPrefix="group2.game.RiverBank.java" Intrnl_Id="1013">
<Branch CovItemId="B49" CovItemPrefix="group2.game.RiverBank.java" Implct="false" Intrnl_Id="1014">
<Cond/>
<LocList>
<Loc EndOffset="4692" SrcFileId="10" StartOffset="4616"/>
</LocList>
<StmntSeq Intrnl_Id="1015">
<LocList>
<Loc EndOffset="4646" SrcFileId="10" StartOffset="4625"/>
<Loc EndOffset="4684" SrcFileId="10" StartOffset="4654"/>
</LocList>
<BasicStmnt CovItemId="S97" CovItemPrefix="group2.game.RiverBank.java" Intrnl_Id="1016">
<LocList>
<Loc EndOffset="4646" SrcFileId="10" StartOffset="4625"/>
</LocList>
</BasicStmnt>
<BasicStmnt CovItemId="S98" CovItemPrefix="group2.game.RiverBank.java" Intrnl_Id="1017">
<LocList>
<Loc EndOffset="4684" SrcFileId="10" StartOffset="4654"/>
</LocList>
</BasicStmnt>
</StmntSeq>
</Branch>
<Branch CovItemId="B50" CovItemPrefix="group2.game.RiverBank.java" Implct="true" Intrnl_Id="1018">
<Cond/>
<LocList/>
<StmntSeq Intrnl_Id="1019">
<LocList/>
</StmntSeq>
</Branch>
<Keyword EndOffset="4591" SrcFileId="10" StartOffset="4589"/>
<LocList>
<Loc EndOffset="4692" SrcFileId="10" StartOffset="4589"/>
</LocList>
<RootTerm CovItemId="C29" CovItemPrefix="group2.game.RiverBank.java" Intrnl_Id="1020">
<OpTerm BooleanOpId="33" Intrnl_Id="1021">
<BasicBoolTerm Intrnl_Id="1022">
<LocList>
<Loc EndOffset="4615" SrcFileId="10" StartOffset="4593"/>
</LocList>
</BasicBoolTerm>
<LocList>
<Loc EndOffset="4593" SrcFileId="10" StartOffset="4592"/>
</LocList>
</OpTerm>
</RootTerm>
</CondStmnt>
<CondStmnt CovItemId="S99" CovItemPrefix="group2.game.RiverBank.java" Intrnl_Id="1023">
<Branch CovItemId="B51" CovItemPrefix="group2.game.RiverBank.java" Implct="false" Intrnl_Id="1024">
<Cond/>
<LocList>
<Loc EndOffset="4821" SrcFileId="10" StartOffset="4724"/>
</LocList>
<StmntSeq Intrnl_Id="1025">
<LocList>
<Loc EndOffset="4813" SrcFileId="10" StartOffset="4733"/>
</LocList>
<CondStmnt CovItemId="S100" CovItemPrefix="group2.game.RiverBank.java" Intrnl_Id="1026">
<Branch CovItemId="B53" CovItemPrefix="group2.game.RiverBank.java" Implct="false" Intrnl_Id="1027">
<Cond/>
<LocList>
<Loc EndOffset="4813" SrcFileId="10" StartOffset="4763"/>
</LocList>
<StmntSeq Intrnl_Id="1028">
<LocList>
<Loc EndOffset="4804" SrcFileId="10" StartOffset="4773"/>
</LocList>
<BasicStmnt CovItemId="S101" CovItemPrefix="group2.game.RiverBank.java" Intrnl_Id="1029">
<LocList>
<Loc EndOffset="4804" SrcFileId="10" StartOffset="4773"/>
</LocList>
</BasicStmnt>
</StmntSeq>
</Branch>
<Branch CovItemId="B54" CovItemPrefix="group2.game.RiverBank.java" Implct="true" Intrnl_Id="1030">
<Cond/>
<LocList/>
<StmntSeq Intrnl_Id="1031">
<LocList/>
</StmntSeq>
</Branch>
<Keyword EndOffset="4735" SrcFileId="10" StartOffset="4733"/>
<LocList>
<Loc EndOffset="4813" SrcFileId="10" StartOffset="4733"/>
</LocList>
<RootTerm CovItemId="C31" CovItemPrefix="group2.game.RiverBank.java" Intrnl_Id="1032">
<BasicBoolTerm Intrnl_Id="1033">
<LocList>
<Loc EndOffset="4762" SrcFileId="10" StartOffset="4736"/>
</LocList>
</BasicBoolTerm>
</RootTerm>
</CondStmnt>
</StmntSeq>
</Branch>
<Branch CovItemId="B52" CovItemPrefix="group2.game.RiverBank.java" Implct="true" Intrnl_Id="1034">
<Cond/>
<LocList/>
<StmntSeq Intrnl_Id="1035">
<LocList/>
</StmntSeq>
</Branch>
<Keyword EndOffset="4701" SrcFileId="10" StartOffset="4699"/>
<LocList>
<Loc EndOffset="4821" SrcFileId="10" StartOffset="4699"/>
</LocList>
<RootTerm CovItemId="C30" CovItemPrefix="group2.game.RiverBank.java" Intrnl_Id="1036">
<BasicBoolTerm Intrnl_Id="1037">
<LocList>
<Loc EndOffset="4723" SrcFileId="10" StartOffset="4702"/>
</LocList>
</BasicBoolTerm>
</RootTerm>
</CondStmnt>
</StmntSeq>
</Branch>
<Branch CovItemId="B48" CovItemPrefix="group2.game.RiverBank.java" Implct="true" Intrnl_Id="1038">
<Cond/>
<LocList/>
<StmntSeq Intrnl_Id="1039">
<LocList/>
</StmntSeq>
</Branch>
<Keyword EndOffset="4528" SrcFileId="10" StartOffset="4526"/>
<LocList>
<Loc EndOffset="4828" SrcFileId="10" StartOffset="4526"/>
</LocList>
<RootTerm CovItemId="C28" CovItemPrefix="group2.game.RiverBank.java" Intrnl_Id="1040">
<BasicBoolTerm Intrnl_Id="1041">
<LocList>
<Loc EndOffset="4550" SrcFileId="10" StartOffset="4529"/>
</LocList>
</BasicBoolTerm>
</RootTerm>
</CondStmnt>
</StmntSeq>
<Keyword EndOffset="4480" SrcFileId="10" StartOffset="4477"/>
<LocList>
<Loc EndOffset="4834" SrcFileId="10" StartOffset="4477"/>
</LocList>
<RootTerm CovItemId="C27" CovItemPrefix="group2.game.RiverBank.java" Intrnl_Id="1042">
<BasicBoolTerm Intrnl_Id="1043">
<LocList>
<Loc EndOffset="4513" SrcFileId="10" StartOffset="4492"/>
</LocList>
</BasicBoolTerm>
</RootTerm>
</LoopStmnt>
</StmntSeq>
<Keyword EndOffset="4434" SrcFileId="10" StartOffset="4431"/>
<LocList>
<Loc EndOffset="4839" SrcFileId="10" StartOffset="4431"/>
</LocList>
<RootTerm CovItemId="C26" CovItemPrefix="group2.game.RiverBank.java" Intrnl_Id="1044">
<BasicBoolTerm Intrnl_Id="1045">
<LocList>
<Loc EndOffset="4464" SrcFileId="10" StartOffset="4446"/>
</LocList>
</BasicBoolTerm>
</RootTerm>
</LoopStmnt>
</StmntSeq>
</HierarchyLvl>
</HierarchyLvl>
<HierarchyLvl HierarchyLvlId="13048" HierarchyLvlTypeId="38" Intrnl_Id="1046" Name="River">
<Header>
<Loc EndOffset="88" SrcFileId="11" StartOffset="49"/>
</Header>
<LocList>
<Loc EndOffset="192" SrcFileId="11" StartOffset="49"/>
</LocList>
<HierarchyLvl HierarchyLvlId="13047" HierarchyLvlTypeId="39" Intrnl_Id="1047" Name="River">
<Header>
<Loc EndOffset="107" SrcFileId="11" StartOffset="93"/>
</Header>
<LocList>
<Loc EndOffset="190" SrcFileId="11" StartOffset="93"/>
</LocList>
<StmntSeq Intrnl_Id="1048">
<LocList>
<Loc EndOffset="138" SrcFileId="11" StartOffset="112"/>
<Loc EndOffset="159" SrcFileId="11" StartOffset="141"/>
<Loc EndOffset="187" SrcFileId="11" StartOffset="162"/>
</LocList>
<BasicStmnt CovItemId="S1" CovItemPrefix="group2.game.River.java" Intrnl_Id="1049">
<LocList>
<Loc EndOffset="138" SrcFileId="11" StartOffset="112"/>
</LocList>
</BasicStmnt>
<BasicStmnt CovItemId="S2" CovItemPrefix="group2.game.River.java" Intrnl_Id="1050">
<LocList>
<Loc EndOffset="159" SrcFileId="11" StartOffset="141"/>
</LocList>
</BasicStmnt>
<BasicStmnt CovItemId="S3" CovItemPrefix="group2.game.River.java" Intrnl_Id="1051">
<LocList>
<Loc EndOffset="187" SrcFileId="11" StartOffset="162"/>
</LocList>
</BasicStmnt>
</StmntSeq>
</HierarchyLvl>
</HierarchyLvl>
<HierarchyLvl HierarchyLvlId="13060" HierarchyLvlTypeId="38" Intrnl_Id="1052" Name="RapidRunoffGame">
<Header>
<Loc EndOffset="250" SrcFileId="12" StartOffset="202"/>
</Header>
<LocList>
<Loc EndOffset="5762" SrcFileId="12" StartOffset="202"/>
</LocList>
<StmntSeq Intrnl_Id="1053">
<LocList>
<Loc EndOffset="432" SrcFileId="12" StartOffset="400"/>
<Loc EndOffset="490" SrcFileId="12" StartOffset="463"/>
<Loc EndOffset="536" SrcFileId="12" StartOffset="508"/>
<Loc EndOffset="642" SrcFileId="12" StartOffset="605"/>
<Loc EndOffset="692" SrcFileId="12" StartOffset="664"/>
<Loc EndOffset="712" SrcFileId="12" StartOffset="694"/>
<Loc EndOffset="737" SrcFileId="12" StartOffset="717"/>
<Loc EndOffset="767" SrcFileId="12" StartOffset="739"/>
<Loc EndOffset="795" SrcFileId="12" StartOffset="774"/>
<Loc EndOffset="820" SrcFileId="12" StartOffset="797"/>
<Loc EndOffset="917" SrcFileId="12" StartOffset="887"/>
<Loc EndOffset="947" SrcFileId="12" StartOffset="919"/>
<Loc EndOffset="984" SrcFileId="12" StartOffset="949"/>
<Loc EndOffset="1021" SrcFileId="12" StartOffset="986"/>
<Loc EndOffset="1055" SrcFileId="12" StartOffset="1023"/>
<Loc EndOffset="1089" SrcFileId="12" StartOffset="1057"/>
<Loc EndOffset="1121" SrcFileId="12" StartOffset="1091"/>
<Loc EndOffset="1163" SrcFileId="12" StartOffset="1123"/>
</LocList>
<BasicStmnt CovItemId="S3" CovItemPrefix="group2.game.RapidRunoffGame.java" Intrnl_Id="1054">
<LocList>
<Loc EndOffset="432" SrcFileId="12" StartOffset="400"/>
</LocList>
</BasicStmnt>
<BasicStmnt CovItemId="S4" CovItemPrefix="group2.game.RapidRunoffGame.java" Intrnl_Id="1055">
<LocList>
<Loc EndOffset="490" SrcFileId="12" StartOffset="463"/>
</LocList>
</BasicStmnt>
<BasicStmnt CovItemId="S5" CovItemPrefix="group2.game.RapidRunoffGame.java" Intrnl_Id="1056">
<LocList>
<Loc EndOffset="536" SrcFileId="12" StartOffset="508"/>
</LocList>
</BasicStmnt>
<BasicStmnt CovItemId="S6" CovItemPrefix="group2.game.RapidRunoffGame.java" Intrnl_Id="1057">
<LocList>
<Loc EndOffset="642" SrcFileId="12" StartOffset="605"/>
</LocList>
</BasicStmnt>
<BasicStmnt CovItemId="S7" CovItemPrefix="group2.game.RapidRunoffGame.java" Intrnl_Id="1058">
<LocList>
<Loc EndOffset="692" SrcFileId="12" StartOffset="664"/>
</LocList>
</BasicStmnt>
<BasicStmnt CovItemId="S8" CovItemPrefix="group2.game.RapidRunoffGame.java" Intrnl_Id="1059">
<LocList>
<Loc EndOffset="712" SrcFileId="12" StartOffset="694"/>
</LocList>
</BasicStmnt>
<BasicStmnt CovItemId="S9" CovItemPrefix="group2.game.RapidRunoffGame.java" Intrnl_Id="1060">
<LocList>
<Loc EndOffset="737" SrcFileId="12" StartOffset="717"/>
</LocList>
</BasicStmnt>
<BasicStmnt CovItemId="S10" CovItemPrefix="group2.game.RapidRunoffGame.java" Intrnl_Id="1061">
<LocList>
<Loc EndOffset="767" SrcFileId="12" StartOffset="739"/>
</LocList>
</BasicStmnt>
<BasicStmnt CovItemId="S11" CovItemPrefix="group2.game.RapidRunoffGame.java" Intrnl_Id="1062">
<LocList>
<Loc EndOffset="795" SrcFileId="12" StartOffset="774"/>
</LocList>
</BasicStmnt>
<BasicStmnt CovItemId="S12" CovItemPrefix="group2.game.RapidRunoffGame.java" Intrnl_Id="1063">
<LocList>
<Loc EndOffset="820" SrcFileId="12" StartOffset="797"/>
</LocList>
</BasicStmnt>
<BasicStmnt CovItemId="S13" CovItemPrefix="group2.game.RapidRunoffGame.java" Intrnl_Id="1064">
<LocList>
<Loc EndOffset="917" SrcFileId="12" StartOffset="887"/>
</LocList>
</BasicStmnt>
<BasicStmnt CovItemId="S14" CovItemPrefix="group2.game.RapidRunoffGame.java" Intrnl_Id="1065">
<LocList>
<Loc EndOffset="947" SrcFileId="12" StartOffset="919"/>
</LocList>
</BasicStmnt>
<BasicStmnt CovItemId="S15" CovItemPrefix="group2.game.RapidRunoffGame.java" Intrnl_Id="1066">
<LocList>
<Loc EndOffset="984" SrcFileId="12" StartOffset="949"/>
</LocList>
</BasicStmnt>
<BasicStmnt CovItemId="S16" CovItemPrefix="group2.game.RapidRunoffGame.java" Intrnl_Id="1067">
<LocList>
<Loc EndOffset="1021" SrcFileId="12" StartOffset="986"/>
</LocList>
</BasicStmnt>
<BasicStmnt CovItemId="S17" CovItemPrefix="group2.game.RapidRunoffGame.java" Intrnl_Id="1068">
<LocList>
<Loc EndOffset="1055" SrcFileId="12" StartOffset="1023"/>
</LocList>
</BasicStmnt>
<BasicStmnt CovItemId="S18" CovItemPrefix="group2.game.RapidRunoffGame.java" Intrnl_Id="1069">
<LocList>
<Loc EndOffset="1089" SrcFileId="12" StartOffset="1057"/>
</LocList>
</BasicStmnt>
<BasicStmnt CovItemId="S19" CovItemPrefix="group2.game.RapidRunoffGame.java" Intrnl_Id="1070">
<LocList>
<Loc EndOffset="1121" SrcFileId="12" StartOffset="1091"/>
</LocList>
</BasicStmnt>
<BasicStmnt CovItemId="S20" CovItemPrefix="group2.game.RapidRunoffGame.java" Intrnl_Id="1071">
<LocList>
<Loc EndOffset="1163" SrcFileId="12" StartOffset="1123"/>
</LocList>
</BasicStmnt>
</StmntSeq>
<HierarchyLvl HierarchyLvlId="13049" HierarchyLvlTypeId="39" Intrnl_Id="1072" Name="main">
<Header>
<Loc EndOffset="293" SrcFileId="12" StartOffset="255"/>
</Header>
<LocList>
<Loc EndOffset="364" SrcFileId="12" StartOffset="255"/>
</LocList>
<StmntSeq Intrnl_Id="1073">
<LocList>
<Loc EndOffset="344" SrcFileId="12" StartOffset="299"/>
<Loc EndOffset="360" SrcFileId="12" StartOffset="347"/>
</LocList>
<BasicStmnt CovItemId="S1" CovItemPrefix="group2.game.RapidRunoffGame.java" Intrnl_Id="1074">
<LocList>
<Loc EndOffset="344" SrcFileId="12" StartOffset="299"/>
</LocList>
</BasicStmnt>
<BasicStmnt CovItemId="S2" CovItemPrefix="group2.game.RapidRunoffGame.java" Intrnl_Id="1075">
<LocList>
<Loc EndOffset="360" SrcFileId="12" StartOffset="347"/>
</LocList>
</BasicStmnt>
</StmntSeq>
</HierarchyLvl>
<HierarchyLvl HierarchyLvlId="13050" HierarchyLvlTypeId="39" Intrnl_Id="1076" Name="RapidRunoffGame">
<Header>
<Loc EndOffset="1502" SrcFileId="12" StartOffset="1444"/>
</Header>
<LocList>
<Loc EndOffset="2922" SrcFileId="12" StartOffset="1444"/>
</LocList>
<StmntSeq Intrnl_Id="1077">
<LocList>
<Loc EndOffset="1552" SrcFileId="12" StartOffset="1508"/>
<Loc EndOffset="1579" SrcFileId="12" StartOffset="1555"/>
<Loc EndOffset="1646" SrcFileId="12" StartOffset="1621"/>
<Loc EndOffset="1725" SrcFileId="12" StartOffset="1694"/>
<Loc EndOffset="1810" SrcFileId="12" StartOffset="1786"/>
<Loc EndOffset="1856" SrcFileId="12" StartOffset="1814"/>
<Loc EndOffset="1890" SrcFileId="12" StartOffset="1859"/>
<Loc EndOffset="1934" SrcFileId="12" StartOffset="1893"/>
<Loc EndOffset="1970" SrcFileId="12" StartOffset="1937"/>
<Loc EndOffset="2018" SrcFileId="12" StartOffset="1973"/>
<Loc EndOffset="2074" SrcFileId="12" StartOffset="2021"/>
<Loc EndOffset="2101" SrcFileId="12" StartOffset="2078"/>
<Loc EndOffset="2130" SrcFileId="12" StartOffset="2104"/>
<Loc EndOffset="2178" SrcFileId="12" StartOffset="2133"/>
<Loc EndOffset="2212" SrcFileId="12" StartOffset="2181"/>
<Loc EndOffset="2248" SrcFileId="12" StartOffset="2215"/>
<Loc EndOffset="2288" SrcFileId="12" StartOffset="2252"/>
<Loc EndOffset="2316" SrcFileId="12" StartOffset="2291"/>
<Loc EndOffset="2346" SrcFileId="12" StartOffset="2319"/>
<Loc EndOffset="2394" SrcFileId="12" StartOffset="2349"/>
<Loc EndOffset="2441" SrcFileId="12" StartOffset="2397"/>
<Loc EndOffset="2457" SrcFileId="12" StartOffset="2444"/>
<Loc EndOffset="2506" SrcFileId="12" StartOffset="2461"/>
<Loc EndOffset="2547" SrcFileId="12" StartOffset="2509"/>
<Loc EndOffset="2581" SrcFileId="12" StartOffset="2550"/>
<Loc EndOffset="2625" SrcFileId="12" StartOffset="2584"/>
<Loc EndOffset="2664" SrcFileId="12" StartOffset="2628"/>
<Loc EndOffset="2700" SrcFileId="12" StartOffset="2667"/>
<Loc EndOffset="2748" SrcFileId="12" StartOffset="2703"/>
<Loc EndOffset="2804" SrcFileId="12" StartOffset="2751"/>
<Loc EndOffset="2862" SrcFileId="12" StartOffset="2807"/>
<Loc EndOffset="2889" SrcFileId="12" StartOffset="2866"/>
<Loc EndOffset="2918" SrcFileId="12" StartOffset="2892"/>
</LocList>
<BasicStmnt CovItemId="S21" CovItemPrefix="group2.game.RapidRunoffGame.java" Intrnl_Id="1078">
<LocList>
<Loc EndOffset="1552" SrcFileId="12" StartOffset="1508"/>
</LocList>
</BasicStmnt>
<BasicStmnt CovItemId="S22" CovItemPrefix="group2.game.RapidRunoffGame.java" Intrnl_Id="1079">
<LocList>
<Loc EndOffset="1579" SrcFileId="12" StartOffset="1555"/>
</LocList>
</BasicStmnt>
<BasicStmnt CovItemId="S23" CovItemPrefix="group2.game.RapidRunoffGame.java" Intrnl_Id="1080">
<LocList>
<Loc EndOffset="1646" SrcFileId="12" StartOffset="1621"/>
</LocList>
</BasicStmnt>
<BasicStmnt CovItemId="S24" CovItemPrefix="group2.game.RapidRunoffGame.java" Intrnl_Id="1081">
<LocList>
<Loc EndOffset="1725" SrcFileId="12" StartOffset="1694"/>
</LocList>
</BasicStmnt>
<BasicStmnt CovItemId="S25" CovItemPrefix="group2.game.RapidRunoffGame.java" Intrnl_Id="1082">
<LocList>
<Loc EndOffset="1810" SrcFileId="12" StartOffset="1786"/>
</LocList>
</BasicStmnt>
<BasicStmnt CovItemId="S26" CovItemPrefix="group2.game.RapidRunoffGame.java" Intrnl_Id="1083">
<LocList>
<Loc EndOffset="1856" SrcFileId="12" StartOffset="1814"/>
</LocList>
</BasicStmnt>
<BasicStmnt CovItemId="S27" CovItemPrefix="group2.game.RapidRunoffGame.java" Intrnl_Id="1084">
<LocList>
<Loc EndOffset="1890" SrcFileId="12" StartOffset="1859"/>
</LocList>
</BasicStmnt>
<BasicStmnt CovItemId="S28" CovItemPrefix="group2.game.RapidRunoffGame.java" Intrnl_Id="1085">
<LocList>
<Loc EndOffset="1934" SrcFileId="12" StartOffset="1893"/>
</LocList>
</BasicStmnt>
<BasicStmnt CovItemId="S29" CovItemPrefix="group2.game.RapidRunoffGame.java" Intrnl_Id="1086">
<LocList>
<Loc EndOffset="1970" SrcFileId="12" StartOffset="1937"/>
</LocList>
</BasicStmnt>
<BasicStmnt CovItemId="S30" CovItemPrefix="group2.game.RapidRunoffGame.java" Intrnl_Id="1087">
<LocList>
<Loc EndOffset="2018" SrcFileId="12" StartOffset="1973"/>
</LocList>
</BasicStmnt>
<BasicStmnt CovItemId="S31" CovItemPrefix="group2.game.RapidRunoffGame.java" Intrnl_Id="1088">
<LocList>
<Loc EndOffset="2074" SrcFileId="12" StartOffset="2021"/>
</LocList>
</BasicStmnt>
<BasicStmnt CovItemId="S32" CovItemPrefix="group2.game.RapidRunoffGame.java" Intrnl_Id="1089">
<LocList>
<Loc EndOffset="2101" SrcFileId="12" StartOffset="2078"/>
</LocList>
</BasicStmnt>
<BasicStmnt CovItemId="S33" CovItemPrefix="group2.game.RapidRunoffGame.java" Intrnl_Id="1090">
<LocList>
<Loc EndOffset="2130" SrcFileId="12" StartOffset="2104"/>
</LocList>
</BasicStmnt>
<BasicStmnt CovItemId="S34" CovItemPrefix="group2.game.RapidRunoffGame.java" Intrnl_Id="1091">
<LocList>
<Loc EndOffset="2178" SrcFileId="12" StartOffset="2133"/>
</LocList>
</BasicStmnt>
<BasicStmnt CovItemId="S35" CovItemPrefix="group2.game.RapidRunoffGame.java" Intrnl_Id="1092">
<LocList>
<Loc EndOffset="2212" SrcFileId="12" StartOffset="2181"/>
</LocList>
</BasicStmnt>
<BasicStmnt CovItemId="S36" CovItemPrefix="group2.game.RapidRunoffGame.java" Intrnl_Id="1093">
<LocList>
<Loc EndOffset="2248" SrcFileId="12" StartOffset="2215"/>
</LocList>
</BasicStmnt>
<BasicStmnt CovItemId="S37" CovItemPrefix="group2.game.RapidRunoffGame.java" Intrnl_Id="1094">
<LocList>
<Loc EndOffset="2288" SrcFileId="12" StartOffset="2252"/>
</LocList>
</BasicStmnt>
<BasicStmnt CovItemId="S38" CovItemPrefix="group2.game.RapidRunoffGame.java" Intrnl_Id="1095">
<LocList>
<Loc EndOffset="2316" SrcFileId="12" StartOffset="2291"/>
</LocList>
</BasicStmnt>
<BasicStmnt CovItemId="S39" CovItemPrefix="group2.game.RapidRunoffGame.java" Intrnl_Id="1096">
<LocList>
<Loc EndOffset="2346" SrcFileId="12" StartOffset="2319"/>
</LocList>
</BasicStmnt>
<BasicStmnt CovItemId="S40" CovItemPrefix="group2.game.RapidRunoffGame.java" Intrnl_Id="1097">
<LocList>
<Loc EndOffset="2394" SrcFileId="12" StartOffset="2349"/>
</LocList>
</BasicStmnt>
<BasicStmnt CovItemId="S41" CovItemPrefix="group2.game.RapidRunoffGame.java" Intrnl_Id="1098">
<LocList>
<Loc EndOffset="2441" SrcFileId="12" StartOffset="2397"/>
</LocList>
</BasicStmnt>
<BasicStmnt CovItemId="S42" CovItemPrefix="group2.game.RapidRunoffGame.java" Intrnl_Id="1099">
<LocList>
<Loc EndOffset="2457" SrcFileId="12" StartOffset="2444"/>
</LocList>
</BasicStmnt>
<BasicStmnt CovItemId="S43" CovItemPrefix="group2.game.RapidRunoffGame.java" Intrnl_Id="1100">
<LocList>
<Loc EndOffset="2506" SrcFileId="12" StartOffset="2461"/>
</LocList>
</BasicStmnt>
<BasicStmnt CovItemId="S44" CovItemPrefix="group2.game.RapidRunoffGame.java" Intrnl_Id="1101">
<LocList>
<Loc EndOffset="2547" SrcFileId="12" StartOffset="2509"/>
</LocList>
</BasicStmnt>
<BasicStmnt CovItemId="S45" CovItemPrefix="group2.game.RapidRunoffGame.java" Intrnl_Id="1102">
<LocList>
<Loc EndOffset="2581" SrcFileId="12" StartOffset="2550"/>
</LocList>
</BasicStmnt>
<BasicStmnt CovItemId="S46" CovItemPrefix="group2.game.RapidRunoffGame.java" Intrnl_Id="1103">
<LocList>
<Loc EndOffset="2625" SrcFileId="12" StartOffset="2584"/>
</LocList>
</BasicStmnt>
<BasicStmnt CovItemId="S47" CovItemPrefix="group2.game.RapidRunoffGame.java" Intrnl_Id="1104">
<LocList>
<Loc EndOffset="2664" SrcFileId="12" StartOffset="2628"/>
</LocList>
</BasicStmnt>
<BasicStmnt CovItemId="S48" CovItemPrefix="group2.game.RapidRunoffGame.java" Intrnl_Id="1105">
<LocList>
<Loc EndOffset="2700" SrcFileId="12" StartOffset="2667"/>
</LocList>
</BasicStmnt>
<BasicStmnt CovItemId="S49" CovItemPrefix="group2.game.RapidRunoffGame.java" Intrnl_Id="1106">
<LocList>
<Loc EndOffset="2748" SrcFileId="12" StartOffset="2703"/>
</LocList>
</BasicStmnt>
<BasicStmnt CovItemId="S50" CovItemPrefix="group2.game.RapidRunoffGame.java" Intrnl_Id="1107">
<LocList>
<Loc EndOffset="2804" SrcFileId="12" StartOffset="2751"/>
</LocList>
</BasicStmnt>
<BasicStmnt CovItemId="S51" CovItemPrefix="group2.game.RapidRunoffGame.java" Intrnl_Id="1108">
<LocList>
<Loc EndOffset="2862" SrcFileId="12" StartOffset="2807"/>
</LocList>
</BasicStmnt>
<BasicStmnt CovItemId="S52" CovItemPrefix="group2.game.RapidRunoffGame.java" Intrnl_Id="1109">
<LocList>
<Loc EndOffset="2889" SrcFileId="12" StartOffset="2866"/>
</LocList>
</BasicStmnt>
<BasicStmnt CovItemId="S53" CovItemPrefix="group2.game.RapidRunoffGame.java" Intrnl_Id="1110">
<LocList>
<Loc EndOffset="2918" SrcFileId="12" StartOffset="2892"/>
</LocList>
</BasicStmnt>
</StmntSeq>
</HierarchyLvl>
<HierarchyLvl HierarchyLvlId="13051" HierarchyLvlTypeId="39" Intrnl_Id="1111" Name="addQuizzes">
<Header>
<Loc EndOffset="2950" SrcFileId="12" StartOffset="2925"/>
</Header>
<LocList>
<Loc EndOffset="3144" SrcFileId="12" StartOffset="2925"/>
</LocList>
<StmntSeq Intrnl_Id="1112">
<LocList>
<Loc EndOffset="2992" SrcFileId="12" StartOffset="2958"/>
<Loc EndOffset="3029" SrcFileId="12" StartOffset="2995"/>
<Loc EndOffset="3066" SrcFileId="12" StartOffset="3032"/>
<Loc EndOffset="3103" SrcFileId="12" StartOffset="3069"/>
<Loc EndOffset="3140" SrcFileId="12" StartOffset="3106"/>
</LocList>
<BasicStmnt CovItemId="S54" CovItemPrefix="group2.game.RapidRunoffGame.java" Intrnl_Id="1113">
<LocList>
<Loc EndOffset="2992" SrcFileId="12" StartOffset="2958"/>
</LocList>
</BasicStmnt>
<BasicStmnt CovItemId="S55" CovItemPrefix="group2.game.RapidRunoffGame.java" Intrnl_Id="1114">
<LocList>
<Loc EndOffset="3029" SrcFileId="12" StartOffset="2995"/>
</LocList>
</BasicStmnt>
<BasicStmnt CovItemId="S56" CovItemPrefix="group2.game.RapidRunoffGame.java" Intrnl_Id="1115">
<LocList>
<Loc EndOffset="3066" SrcFileId="12" StartOffset="3032"/>
</LocList>
</BasicStmnt>
<BasicStmnt CovItemId="S57" CovItemPrefix="group2.game.RapidRunoffGame.java" Intrnl_Id="1116">
<LocList>
<Loc EndOffset="3103" SrcFileId="12" StartOffset="3069"/>
</LocList>
</BasicStmnt>
<BasicStmnt CovItemId="S58" CovItemPrefix="group2.game.RapidRunoffGame.java" Intrnl_Id="1117">
<LocList>
<Loc EndOffset="3140" SrcFileId="12" StartOffset="3106"/>
</LocList>
</BasicStmnt>
</StmntSeq>
</HierarchyLvl>
<HierarchyLvl HierarchyLvlId="13052" HierarchyLvlTypeId="39" Intrnl_Id="1118" Name="highScoreGUI">
<Header>
<Loc EndOffset="3173" SrcFileId="12" StartOffset="3147"/>
</Header>
<LocList>
<Loc EndOffset="3278" SrcFileId="12" StartOffset="3147"/>
</LocList>
<StmntSeq Intrnl_Id="1119">
<LocList>
<Loc EndOffset="3275" SrcFileId="12" StartOffset="3178"/>
</LocList>
<CondStmnt CovItemId="S59" CovItemPrefix="group2.game.RapidRunoffGame.java" Intrnl_Id="1120">
<Branch CovItemId="B1" CovItemPrefix="group2.game.RapidRunoffGame.java" Implct="false" Intrnl_Id="1121">
<Cond/>
<LocList>
<Loc EndOffset="3275" SrcFileId="12" StartOffset="3193"/>
</LocList>
<StmntSeq Intrnl_Id="1122">
<LocList>
<Loc EndOffset="3214" SrcFileId="12" StartOffset="3198"/>
<Loc EndOffset="3243" SrcFileId="12" StartOffset="3218"/>
<Loc EndOffset="3270" SrcFileId="12" StartOffset="3247"/>
</LocList>
<BasicStmnt CovItemId="S60" CovItemPrefix="group2.game.RapidRunoffGame.java" Intrnl_Id="1123">
<LocList>
<Loc EndOffset="3214" SrcFileId="12" StartOffset="3198"/>
</LocList>
</BasicStmnt>
<BasicStmnt CovItemId="S61" CovItemPrefix="group2.game.RapidRunoffGame.java" Intrnl_Id="1124">
<LocList>
<Loc EndOffset="3243" SrcFileId="12" StartOffset="3218"/>
</LocList>
</BasicStmnt>
<BasicStmnt CovItemId="S62" CovItemPrefix="group2.game.RapidRunoffGame.java" Intrnl_Id="1125">
<LocList>
<Loc EndOffset="3270" SrcFileId="12" StartOffset="3247"/>
</LocList>
</BasicStmnt>
</StmntSeq>
</Branch>
<Branch CovItemId="B2" CovItemPrefix="group2.game.RapidRunoffGame.java" Implct="true" Intrnl_Id="1126">
<Cond/>
<LocList/>
<StmntSeq Intrnl_Id="1127">
<LocList/>
</StmntSeq>
</Branch>
<Keyword EndOffset="3180" SrcFileId="12" StartOffset="3178"/>
<LocList>
<Loc EndOffset="3275" SrcFileId="12" StartOffset="3178"/>
</LocList>
<RootTerm CovItemId="C1" CovItemPrefix="group2.game.RapidRunoffGame.java" Intrnl_Id="1128">
<OpTerm BooleanOpId="33" Intrnl_Id="1129">
<BasicBoolTerm Intrnl_Id="1130">
<LocList>
<Loc EndOffset="3191" SrcFileId="12" StartOffset="3183"/>
</LocList>
</BasicBoolTerm>
<LocList>
<Loc EndOffset="3183" SrcFileId="12" StartOffset="3182"/>
</LocList>
</OpTerm>
</RootTerm>
</CondStmnt>
</StmntSeq>
</HierarchyLvl>
<HierarchyLvl HierarchyLvlId="13053" HierarchyLvlTypeId="39" Intrnl_Id="1131" Name="pause_or_unpause">
<Header>
<Loc EndOffset="3394" SrcFileId="12" StartOffset="3364"/>
</Header>
<LocList>
<Loc EndOffset="3417" SrcFileId="12" StartOffset="3364"/>
</LocList>
<StmntSeq Intrnl_Id="1132">
<LocList>
<Loc EndOffset="3414" SrcFileId="12" StartOffset="3399"/>
</LocList>
<BasicStmnt CovItemId="S63" CovItemPrefix="group2.game.RapidRunoffGame.java" Intrnl_Id="1133">
<LocList>
<Loc EndOffset="3414" SrcFileId="12" StartOffset="3399"/>
</LocList>
</BasicStmnt>
</StmntSeq>
</HierarchyLvl>
<HierarchyLvl HierarchyLvlId="13054" HierarchyLvlTypeId="39" Intrnl_Id="1134" Name="pauseGame">
<Header>
<Loc EndOffset="3481" SrcFileId="12" StartOffset="3457"/>
</Header>
<LocList>
<Loc EndOffset="3751" SrcFileId="12" StartOffset="3457"/>
</LocList>
<StmntSeq Intrnl_Id="1135">
<LocList>
<Loc EndOffset="3500" SrcFileId="12" StartOffset="3486"/>
<Loc EndOffset="3534" SrcFileId="12" StartOffset="3503"/>
<Loc EndOffset="3683" SrcFileId="12" StartOffset="3537"/>
<Loc EndOffset="3730" SrcFileId="12" StartOffset="3686"/>
<Loc EndOffset="3748" SrcFileId="12" StartOffset="3733"/>
</LocList>
<BasicStmnt CovItemId="S64" CovItemPrefix="group2.game.RapidRunoffGame.java" Intrnl_Id="1136">
<LocList>
<Loc EndOffset="3500" SrcFileId="12" StartOffset="3486"/>
</LocList>
</BasicStmnt>
<BasicStmnt CovItemId="S65" CovItemPrefix="group2.game.RapidRunoffGame.java" Intrnl_Id="1137">
<LocList>
<Loc EndOffset="3534" SrcFileId="12" StartOffset="3503"/>
</LocList>
</BasicStmnt>
<LoopStmnt CovItemId="S66" CovItemPrefix="group2.game.RapidRunoffGame.java" Intrnl_Id="1138" MltplExecId="L1-2" MltplExecPrefix="group2.game.RapidRunoffGame.java" NvrExecId="L1-0" NvrExecPrefix="group2.game.RapidRunoffGame.java" OnceExecutedId="L1-1" OnceExecutedPrefix="group2.game.RapidRunoffGame.java" OptBodyExec="true">
<StmntSeq Intrnl_Id="1139">
<LocList>
<Loc EndOffset="3568" SrcFileId="12" StartOffset="3556"/>
<Loc EndOffset="3581" SrcFileId="12" StartOffset="3572"/>
<Loc EndOffset="3611" SrcFileId="12" StartOffset="3595"/>
<Loc EndOffset="3679" SrcFileId="12" StartOffset="3585"/>
</LocList>
<BasicStmnt CovItemId="S67" CovItemPrefix="group2.game.RapidRunoffGame.java" Intrnl_Id="1140">
<LocList>
<Loc EndOffset="3568" SrcFileId="12" StartOffset="3556"/>
</LocList>
</BasicStmnt>
<BasicStmnt CovItemId="S68" CovItemPrefix="group2.game.RapidRunoffGame.java" Intrnl_Id="1141">
<LocList>
<Loc EndOffset="3581" SrcFileId="12" StartOffset="3572"/>
</LocList>
</BasicStmnt>
<BasicStmnt CovItemId="S70" CovItemPrefix="group2.game.RapidRunoffGame.java" Intrnl_Id="1142">
<LocList>
<Loc EndOffset="3611" SrcFileId="12" StartOffset="3595"/>
</LocList>
</BasicStmnt>
<CondStmnt CovItemId="S69" CovItemPrefix="group2.game.RapidRunoffGame.java" Intrnl_Id="1143">
<Branch CovItemId="B3" CovItemPrefix="group2.game.RapidRunoffGame.java" Implct="true" Intrnl_Id="1144">
<Cond/>
<LocList/>
<StmntSeq Intrnl_Id="1145">
<LocList/>
</StmntSeq>
</Branch>
<Branch CovItemId="B4" CovItemPrefix="group2.game.RapidRunoffGame.java" Implct="false" Intrnl_Id="1146">
<Cond>
<Loc EndOffset="3647" SrcFileId="12" StartOffset="3617"/>
</Cond>
<LocList>
<Loc EndOffset="3679" SrcFileId="12" StartOffset="3648"/>
</LocList>
<StmntSeq Intrnl_Id="1147">
<LocList>
<Loc EndOffset="3674" SrcFileId="12" StartOffset="3654"/>
</LocList>
<BasicStmnt CovItemId="S71" CovItemPrefix="group2.game.RapidRunoffGame.java" Intrnl_Id="1148">
<LocList>
<Loc EndOffset="3674" SrcFileId="12" StartOffset="3654"/>
</LocList>
</BasicStmnt>
</StmntSeq>
</Branch>
<Keyword EndOffset="3588" SrcFileId="12" StartOffset="3585"/>
<LocList>
<Loc EndOffset="3679" SrcFileId="12" StartOffset="3585"/>
</LocList>
</CondStmnt>
</StmntSeq>
<Keyword EndOffset="3542" SrcFileId="12" StartOffset="3537"/>
<LocList>
<Loc EndOffset="3683" SrcFileId="12" StartOffset="3537"/>
</LocList>
<RootTerm CovItemId="C2" CovItemPrefix="group2.game.RapidRunoffGame.java" Intrnl_Id="1149">
<BasicBoolTerm Intrnl_Id="1150">
<LocList>
<Loc EndOffset="3549" SrcFileId="12" StartOffset="3544"/>
</LocList>
</BasicBoolTerm>
</RootTerm>
</LoopStmnt>
<BasicStmnt CovItemId="S72" CovItemPrefix="group2.game.RapidRunoffGame.java" Intrnl_Id="1151">
<LocList>
<Loc EndOffset="3730" SrcFileId="12" StartOffset="3686"/>
</LocList>
</BasicStmnt>
<BasicStmnt CovItemId="S73" CovItemPrefix="group2.game.RapidRunoffGame.java" Intrnl_Id="1152">
<LocList>
<Loc EndOffset="3748" SrcFileId="12" StartOffset="3733"/>
</LocList>
</BasicStmnt>
</StmntSeq>
</HierarchyLvl>
<HierarchyLvl HierarchyLvlId="13055" HierarchyLvlTypeId="39" Intrnl_Id="1153" Name="reDraw">
<Header>
<Loc EndOffset="3871" SrcFileId="12" StartOffset="3851"/>
</Header>
<LocList>
<Loc EndOffset="4119" SrcFileId="12" StartOffset="3851"/>
</LocList>
<StmntSeq Intrnl_Id="1154">
<LocList>
<Loc EndOffset="3919" SrcFileId="12" StartOffset="3876"/>
<Loc EndOffset="4116" SrcFileId="12" StartOffset="3923"/>
</LocList>
<BasicStmnt CovItemId="S74" CovItemPrefix="group2.game.RapidRunoffGame.java" Intrnl_Id="1155">
<LocList>
<Loc EndOffset="3919" SrcFileId="12" StartOffset="3876"/>
</LocList>
</BasicStmnt>
<CondStmnt CovItemId="S75" CovItemPrefix="group2.game.RapidRunoffGame.java" Intrnl_Id="1156">
<Branch CovItemId="B5" CovItemPrefix="group2.game.RapidRunoffGame.java" Implct="false" Intrnl_Id="1157">
<Cond/>
<LocList>
<Loc EndOffset="4068" SrcFileId="12" StartOffset="3942"/>
</LocList>
<StmntSeq Intrnl_Id="1158">
<LocList>
<Loc EndOffset="4022" SrcFileId="12" StartOffset="3983"/>
<Loc EndOffset="4046" SrcFileId="12" StartOffset="4026"/>
<Loc EndOffset="4063" SrcFileId="12" StartOffset="4050"/>
</LocList>
<BasicStmnt CovItemId="S76" CovItemPrefix="group2.game.RapidRunoffGame.java" Intrnl_Id="1159">
<LocList>
<Loc EndOffset="4022" SrcFileId="12" StartOffset="3983"/>
</LocList>
</BasicStmnt>
<BasicStmnt CovItemId="S77" CovItemPrefix="group2.game.RapidRunoffGame.java" Intrnl_Id="1160">
<LocList>
<Loc EndOffset="4046" SrcFileId="12" StartOffset="4026"/>
</LocList>
</BasicStmnt>
<BasicStmnt CovItemId="S78" CovItemPrefix="group2.game.RapidRunoffGame.java" Intrnl_Id="1161">
<LocList>
<Loc EndOffset="4063" SrcFileId="12" StartOffset="4050"/>
</LocList>
</BasicStmnt>
</StmntSeq>
</Branch>
<Branch CovItemId="B6" CovItemPrefix="group2.game.RapidRunoffGame.java" Implct="false" Intrnl_Id="1162">
<Cond>
<Loc EndOffset="4073" SrcFileId="12" StartOffset="4069"/>
</Cond>
<LocList>
<Loc EndOffset="4116" SrcFileId="12" StartOffset="4074"/>
</LocList>
<StmntSeq Intrnl_Id="1163">
<LocList>
<Loc EndOffset="4111" SrcFileId="12" StartOffset="4079"/>
</LocList>
<BasicStmnt CovItemId="S79" CovItemPrefix="group2.game.RapidRunoffGame.java" Intrnl_Id="1164">
<LocList>
<Loc EndOffset="4111" SrcFileId="12" StartOffset="4079"/>
</LocList>
</BasicStmnt>
</StmntSeq>
</Branch>
<Keyword EndOffset="3925" SrcFileId="12" StartOffset="3923"/>
<LocList>
<Loc EndOffset="4116" SrcFileId="12" StartOffset="3923"/>
</LocList>
<RootTerm CovItemId="C3" CovItemPrefix="group2.game.RapidRunoffGame.java" Intrnl_Id="1165">
<BasicBoolTerm Intrnl_Id="1166">
<LocList>
<Loc EndOffset="3940" SrcFileId="12" StartOffset="3927"/>
</LocList>
</BasicBoolTerm>
</RootTerm>
</CondStmnt>
</StmntSeq>
</HierarchyLvl>
<HierarchyLvl HierarchyLvlId="13056" HierarchyLvlTypeId="39" Intrnl_Id="1167" Name="run">
<Header>
<Loc EndOffset="4206" SrcFileId="12" StartOffset="4178"/>
</Header>
<LocList>
<Loc EndOffset="5084" SrcFileId="12" StartOffset="4178"/>
</LocList>
<StmntSeq Intrnl_Id="1168">
<LocList>
<Loc EndOffset="4247" SrcFileId="12" StartOffset="4212"/>
<Loc EndOffset="4273" SrcFileId="12" StartOffset="4250"/>
<Loc EndOffset="4317" SrcFileId="12" StartOffset="4276"/>
<Loc EndOffset="4365" SrcFileId="12" StartOffset="4320"/>
<Loc EndOffset="5081" SrcFileId="12" StartOffset="4369"/>
</LocList>
<BasicStmnt CovItemId="S80" CovItemPrefix="group2.game.RapidRunoffGame.java" Intrnl_Id="1169">
<LocList>
<Loc EndOffset="4247" SrcFileId="12" StartOffset="4212"/>
</LocList>
</BasicStmnt>
<BasicStmnt CovItemId="S81" CovItemPrefix="group2.game.RapidRunoffGame.java" Intrnl_Id="1170">
<LocList>
<Loc EndOffset="4273" SrcFileId="12" StartOffset="4250"/>
</LocList>
</BasicStmnt>
<BasicStmnt CovItemId="S82" CovItemPrefix="group2.game.RapidRunoffGame.java" Intrnl_Id="1171">
<LocList>
<Loc EndOffset="4317" SrcFileId="12" StartOffset="4276"/>
</LocList>
</BasicStmnt>
<BasicStmnt CovItemId="S83" CovItemPrefix="group2.game.RapidRunoffGame.java" Intrnl_Id="1172">
<LocList>
<Loc EndOffset="4365" SrcFileId="12" StartOffset="4320"/>
</LocList>
</BasicStmnt>
<LoopStmnt CovItemId="S84" CovItemPrefix="group2.game.RapidRunoffGame.java" Intrnl_Id="1173" MltplExecId="L2-2" MltplExecPrefix="group2.game.RapidRunoffGame.java" NvrExecId="L2-0" NvrExecPrefix="group2.game.RapidRunoffGame.java" OnceExecutedId="L2-1" OnceExecutedPrefix="group2.game.RapidRunoffGame.java" OptBodyExec="true">
<StmntSeq Intrnl_Id="1174">
<LocList>
<Loc EndOffset="4461" SrcFileId="12" StartOffset="4432"/>
<Loc EndOffset="4514" SrcFileId="12" StartOffset="4465"/>
<Loc EndOffset="4534" SrcFileId="12" StartOffset="4518"/>
<Loc EndOffset="4547" SrcFileId="12" StartOffset="4538"/>
<Loc EndOffset="4741" SrcFileId="12" StartOffset="4583"/>
<Loc EndOffset="4801" SrcFileId="12" StartOffset="4762"/>
<Loc EndOffset="4962" SrcFileId="12" StartOffset="4805"/>
<Loc EndOffset="5077" SrcFileId="12" StartOffset="4967"/>
</LocList>
<BasicStmnt CovItemId="S85" CovItemPrefix="group2.game.RapidRunoffGame.java" Intrnl_Id="1175">
<LocList>
<Loc EndOffset="4461" SrcFileId="12" StartOffset="4432"/>
</LocList>
</BasicStmnt>
<BasicStmnt CovItemId="S86" CovItemPrefix="group2.game.RapidRunoffGame.java" Intrnl_Id="1176">
<LocList>
<Loc EndOffset="4514" SrcFileId="12" StartOffset="4465"/>
</LocList>
</BasicStmnt>
<BasicStmnt CovItemId="S87" CovItemPrefix="group2.game.RapidRunoffGame.java" Intrnl_Id="1177">
<LocList>
<Loc EndOffset="4534" SrcFileId="12" StartOffset="4518"/>
</LocList>
</BasicStmnt>
<BasicStmnt CovItemId="S88" CovItemPrefix="group2.game.RapidRunoffGame.java" Intrnl_Id="1178">
<LocList>
<Loc EndOffset="4547" SrcFileId="12" StartOffset="4538"/>
</LocList>
</BasicStmnt>
<LoopStmnt CovItemId="S89" CovItemPrefix="group2.game.RapidRunoffGame.java" Intrnl_Id="1179" MltplExecId="L3-2" MltplExecPrefix="group2.game.RapidRunoffGame.java" NvrExecId="L3-0" NvrExecPrefix="group2.game.RapidRunoffGame.java" OnceExecutedId="L3-1" OnceExecutedPrefix="group2.game.RapidRunoffGame.java" OptBodyExec="true">
<StmntSeq Intrnl_Id="1180">
<LocList>
<Loc EndOffset="4623" SrcFileId="12" StartOffset="4614"/>
<Loc EndOffset="4676" SrcFileId="12" StartOffset="4628"/>
<Loc EndOffset="4716" SrcFileId="12" StartOffset="4681"/>
<Loc EndOffset="4736" SrcFileId="12" StartOffset="4721"/>
</LocList>
<BasicStmnt CovItemId="S90" CovItemPrefix="group2.game.RapidRunoffGame.java" Intrnl_Id="1181">
<LocList>
<Loc EndOffset="4623" SrcFileId="12" StartOffset="4614"/>
</LocList>
</BasicStmnt>
<BasicStmnt CovItemId="S91" CovItemPrefix="group2.game.RapidRunoffGame.java" Intrnl_Id="1182">
<LocList>
<Loc EndOffset="4676" SrcFileId="12" StartOffset="4628"/>
</LocList>
</BasicStmnt>
<BasicStmnt CovItemId="S92" CovItemPrefix="group2.game.RapidRunoffGame.java" Intrnl_Id="1183">
<LocList>
<Loc EndOffset="4716" SrcFileId="12" StartOffset="4681"/>
</LocList>
</BasicStmnt>
<BasicStmnt CovItemId="S93" CovItemPrefix="group2.game.RapidRunoffGame.java" Intrnl_Id="1184">
<LocList>
<Loc EndOffset="4736" SrcFileId="12" StartOffset="4721"/>
</LocList>
</BasicStmnt>
</StmntSeq>
<Keyword EndOffset="4588" SrcFileId="12" StartOffset="4583"/>
<LocList>
<Loc EndOffset="4741" SrcFileId="12" StartOffset="4583"/>
</LocList>
<RootTerm CovItemId="C5" CovItemPrefix="group2.game.RapidRunoffGame.java" Intrnl_Id="1185">
<BasicBoolTerm Intrnl_Id="1186">
<LocList>
<Loc EndOffset="4606" SrcFileId="12" StartOffset="4590"/>
</LocList>
</BasicBoolTerm>
</RootTerm>
</LoopStmnt>
<BasicStmnt CovItemId="S94" CovItemPrefix="group2.game.RapidRunoffGame.java" Intrnl_Id="1187">
<LocList>
<Loc EndOffset="4801" SrcFileId="12" StartOffset="4762"/>
</LocList>
</BasicStmnt>
<CondStmnt CovItemId="S95" CovItemPrefix="group2.game.RapidRunoffGame.java" Intrnl_Id="1188">
<Branch CovItemId="B7" CovItemPrefix="group2.game.RapidRunoffGame.java" Implct="false" Intrnl_Id="1189">
<Cond/>
<LocList>
<Loc EndOffset="4962" SrcFileId="12" StartOffset="4834"/>
</LocList>
<StmntSeq Intrnl_Id="1190">
<LocList>
<Loc EndOffset="4890" SrcFileId="12" StartOffset="4840"/>
<Loc EndOffset="4929" SrcFileId="12" StartOffset="4896"/>
<Loc EndOffset="4957" SrcFileId="12" StartOffset="4939"/>
</LocList>
<BasicStmnt CovItemId="S96" CovItemPrefix="group2.game.RapidRunoffGame.java" Intrnl_Id="1191">
<LocList>
<Loc EndOffset="4890" SrcFileId="12" StartOffset="4840"/>
</LocList>
</BasicStmnt>
<BasicStmnt CovItemId="S97" CovItemPrefix="group2.game.RapidRunoffGame.java" Intrnl_Id="1192">
<LocList>
<Loc EndOffset="4929" SrcFileId="12" StartOffset="4896"/>
</LocList>
</BasicStmnt>
<BasicStmnt CovItemId="S98" CovItemPrefix="group2.game.RapidRunoffGame.java" Intrnl_Id="1193">
<LocList>
<Loc EndOffset="4957" SrcFileId="12" StartOffset="4939"/>
</LocList>
</BasicStmnt>
</StmntSeq>
</Branch>
<Branch CovItemId="B8" CovItemPrefix="group2.game.RapidRunoffGame.java" Implct="true" Intrnl_Id="1194">
<Cond/>
<LocList/>
<StmntSeq Intrnl_Id="1195">
<LocList/>
</StmntSeq>
</Branch>
<Keyword EndOffset="4807" SrcFileId="12" StartOffset="4805"/>
<LocList>
<Loc EndOffset="4962" SrcFileId="12" StartOffset="4805"/>
</LocList>
<RootTerm CovItemId="C6" CovItemPrefix="group2.game.RapidRunoffGame.java" Intrnl_Id="1196">
<BasicBoolTerm Intrnl_Id="1197">
<LocList>
<Loc EndOffset="4832" SrcFileId="12" StartOffset="4809"/>
</LocList>
</BasicBoolTerm>
</RootTerm>
</CondStmnt>
<CondStmnt CovItemId="S99" CovItemPrefix="group2.game.RapidRunoffGame.java" Intrnl_Id="1198">
<Branch CovItemId="B9" CovItemPrefix="group2.game.RapidRunoffGame.java" Implct="false" Intrnl_Id="1199">
<Cond/>
<LocList>
<Loc EndOffset="5077" SrcFileId="12" StartOffset="5063"/>
</LocList>
<StmntSeq Intrnl_Id="1200">
<LocList>
<Loc EndOffset="5077" SrcFileId="12" StartOffset="5063"/>
</LocList>
<BasicStmnt CovItemId="S100" CovItemPrefix="group2.game.RapidRunoffGame.java" Intrnl_Id="1201">
<LocList>
<Loc EndOffset="5077" SrcFileId="12" StartOffset="5063"/>
</LocList>
</BasicStmnt>
</StmntSeq>
</Branch>
<Branch CovItemId="B10" CovItemPrefix="group2.game.RapidRunoffGame.java" Implct="true" Intrnl_Id="1202">
<Cond/>
<LocList/>
<StmntSeq Intrnl_Id="1203">
<LocList/>
</StmntSeq>
</Branch>
<Keyword EndOffset="4969" SrcFileId="12" StartOffset="4967"/>
<LocList>
<Loc EndOffset="5077" SrcFileId="12" StartOffset="4967"/>
</LocList>
<RootTerm CovItemId="C7" CovItemPrefix="group2.game.RapidRunoffGame.java" Intrnl_Id="1204">
<BasicBoolTerm Intrnl_Id="1205">
<LocList>
<Loc EndOffset="4984" SrcFileId="12" StartOffset="4971"/>
</LocList>
</BasicBoolTerm>
</RootTerm>
</CondStmnt>
</StmntSeq>
<Keyword EndOffset="4374" SrcFileId="12" StartOffset="4369"/>
<LocList>
<Loc EndOffset="5081" SrcFileId="12" StartOffset="4369"/>
</LocList>
<RootTerm CovItemId="C4" CovItemPrefix="group2.game.RapidRunoffGame.java" Intrnl_Id="1206">
<BasicBoolTerm Intrnl_Id="1207">
<LocList>
<Loc EndOffset="4388" SrcFileId="12" StartOffset="4376"/>
</LocList>
</BasicBoolTerm>
</RootTerm>
</LoopStmnt>
</StmntSeq>
</HierarchyLvl>
<HierarchyLvl HierarchyLvlId="13057" HierarchyLvlTypeId="39" Intrnl_Id="1208" Name="start">
<Header>
<Loc EndOffset="5106" SrcFileId="12" StartOffset="5087"/>
</Header>
<LocList>
<Loc EndOffset="5365" SrcFileId="12" StartOffset="5087"/>
</LocList>
<StmntSeq Intrnl_Id="1209">
<LocList>
<Loc EndOffset="5131" SrcFileId="12" StartOffset="5111"/>
<Loc EndOffset="5159" SrcFileId="12" StartOffset="5134"/>
<Loc EndOffset="5190" SrcFileId="12" StartOffset="5162"/>
<Loc EndOffset="5220" SrcFileId="12" StartOffset="5193"/>
<Loc EndOffset="5259" SrcFileId="12" StartOffset="5223"/>
<Loc EndOffset="5297" SrcFileId="12" StartOffset="5262"/>
<Loc EndOffset="5331" SrcFileId="12" StartOffset="5300"/>
<Loc EndOffset="5362" SrcFileId="12" StartOffset="5334"/>
</LocList>
<BasicStmnt CovItemId="S101" CovItemPrefix="group2.game.RapidRunoffGame.java" Intrnl_Id="1210">
<LocList>
<Loc EndOffset="5131" SrcFileId="12" StartOffset="5111"/>
</LocList>
</BasicStmnt>
<BasicStmnt CovItemId="S102" CovItemPrefix="group2.game.RapidRunoffGame.java" Intrnl_Id="1211">
<LocList>
<Loc EndOffset="5159" SrcFileId="12" StartOffset="5134"/>
</LocList>
</BasicStmnt>
<BasicStmnt CovItemId="S103" CovItemPrefix="group2.game.RapidRunoffGame.java" Intrnl_Id="1212">
<LocList>
<Loc EndOffset="5190" SrcFileId="12" StartOffset="5162"/>
</LocList>
</BasicStmnt>
<BasicStmnt CovItemId="S104" CovItemPrefix="group2.game.RapidRunoffGame.java" Intrnl_Id="1213">
<LocList>
<Loc EndOffset="5220" SrcFileId="12" StartOffset="5193"/>
</LocList>
</BasicStmnt>
<BasicStmnt CovItemId="S105" CovItemPrefix="group2.game.RapidRunoffGame.java" Intrnl_Id="1214">
<LocList>
<Loc EndOffset="5259" SrcFileId="12" StartOffset="5223"/>
</LocList>
</BasicStmnt>
<BasicStmnt CovItemId="S106" CovItemPrefix="group2.game.RapidRunoffGame.java" Intrnl_Id="1215">
<LocList>
<Loc EndOffset="5297" SrcFileId="12" StartOffset="5262"/>
</LocList>
</BasicStmnt>
<BasicStmnt CovItemId="S107" CovItemPrefix="group2.game.RapidRunoffGame.java" Intrnl_Id="1216">
<LocList>
<Loc EndOffset="5331" SrcFileId="12" StartOffset="5300"/>
</LocList>
</BasicStmnt>
<BasicStmnt CovItemId="S108" CovItemPrefix="group2.game.RapidRunoffGame.java" Intrnl_Id="1217">
<LocList>
<Loc EndOffset="5362" SrcFileId="12" StartOffset="5334"/>
</LocList>
</BasicStmnt>
</StmntSeq>
</HierarchyLvl>
<HierarchyLvl HierarchyLvlId="13058" HierarchyLvlTypeId="39" Intrnl_Id="1218" Name="stop">
<Header>
<Loc EndOffset="5386" SrcFileId="12" StartOffset="5368"/>
</Header>
<LocList>
<Loc EndOffset="5454" SrcFileId="12" StartOffset="5368"/>
</LocList>
<StmntSeq Intrnl_Id="1219">
<LocList>
<Loc EndOffset="5412" SrcFileId="12" StartOffset="5391"/>
<Loc EndOffset="5436" SrcFileId="12" StartOffset="5415"/>
<Loc EndOffset="5451" SrcFileId="12" StartOffset="5439"/>
</LocList>
<BasicStmnt CovItemId="S109" CovItemPrefix="group2.game.RapidRunoffGame.java" Intrnl_Id="1220">
<LocList>
<Loc EndOffset="5412" SrcFileId="12" StartOffset="5391"/>
</LocList>
</BasicStmnt>
<BasicStmnt CovItemId="S110" CovItemPrefix="group2.game.RapidRunoffGame.java" Intrnl_Id="1221">
<LocList>
<Loc EndOffset="5436" SrcFileId="12" StartOffset="5415"/>
</LocList>
</BasicStmnt>
<BasicStmnt CovItemId="S111" CovItemPrefix="group2.game.RapidRunoffGame.java" Intrnl_Id="1222">
<LocList>
<Loc EndOffset="5451" SrcFileId="12" StartOffset="5439"/>
</LocList>
</BasicStmnt>
</StmntSeq>
</HierarchyLvl>
<HierarchyLvl HierarchyLvlId="13059" HierarchyLvlTypeId="39" Intrnl_Id="1223" Name="update">
<Header>
<Loc EndOffset="5531" SrcFileId="12" StartOffset="5511"/>
</Header>
<LocList>
<Loc EndOffset="5760" SrcFileId="12" StartOffset="5511"/>
</LocList>
<StmntSeq Intrnl_Id="1224">
<LocList>
<Loc EndOffset="5551" SrcFileId="12" StartOffset="5536"/>
<Loc EndOffset="5586" SrcFileId="12" StartOffset="5554"/>
<Loc EndOffset="5757" SrcFileId="12" StartOffset="5589"/>
</LocList>
<BasicStmnt CovItemId="S112" CovItemPrefix="group2.game.RapidRunoffGame.java" Intrnl_Id="1225">
<LocList>
<Loc EndOffset="5551" SrcFileId="12" StartOffset="5536"/>
</LocList>
</BasicStmnt>
<CondStmnt CovItemId="S113" CovItemPrefix="group2.game.RapidRunoffGame.java" Intrnl_Id="1226">
<Branch CovItemId="B11" CovItemPrefix="group2.game.RapidRunoffGame.java" Implct="false" Intrnl_Id="1227">
<Cond/>
<LocList>
<Loc EndOffset="5586" SrcFileId="12" StartOffset="5565"/>
</LocList>
<StmntSeq Intrnl_Id="1228">
<LocList>
<Loc EndOffset="5582" SrcFileId="12" StartOffset="5570"/>
</LocList>
<BasicStmnt CovItemId="S114" CovItemPrefix="group2.game.RapidRunoffGame.java" Intrnl_Id="1229">
<LocList>
<Loc EndOffset="5582" SrcFileId="12" StartOffset="5570"/>
</LocList>
</BasicStmnt>
</StmntSeq>
</Branch>
<Branch CovItemId="B12" CovItemPrefix="group2.game.RapidRunoffGame.java" Implct="true" Intrnl_Id="1230">
<Cond/>
<LocList/>
<StmntSeq Intrnl_Id="1231">
<LocList/>
</StmntSeq>
</Branch>
<Keyword EndOffset="5556" SrcFileId="12" StartOffset="5554"/>
<LocList>
<Loc EndOffset="5586" SrcFileId="12" StartOffset="5554"/>
</LocList>
<RootTerm CovItemId="C8" CovItemPrefix="group2.game.RapidRunoffGame.java" Intrnl_Id="1232">
<BasicBoolTerm Intrnl_Id="1233">
<LocList>
<Loc EndOffset="5563" SrcFileId="12" StartOffset="5558"/>
</LocList>
</BasicBoolTerm>
</RootTerm>
</CondStmnt>
<CondStmnt CovItemId="S115" CovItemPrefix="group2.game.RapidRunoffGame.java" Intrnl_Id="1234">
<Branch CovItemId="B13" CovItemPrefix="group2.game.RapidRunoffGame.java" Implct="false" Intrnl_Id="1235">
<Cond/>
<LocList>
<Loc EndOffset="5658" SrcFileId="12" StartOffset="5609"/>
</LocList>
<StmntSeq Intrnl_Id="1236">
<LocList>
<Loc EndOffset="5629" SrcFileId="12" StartOffset="5614"/>
<Loc EndOffset="5654" SrcFileId="12" StartOffset="5633"/>
</LocList>
<BasicStmnt CovItemId="S116" CovItemPrefix="group2.game.RapidRunoffGame.java" Intrnl_Id="1237">
<LocList>
<Loc EndOffset="5629" SrcFileId="12" StartOffset="5614"/>
</LocList>
</BasicStmnt>
<BasicStmnt CovItemId="S117" CovItemPrefix="group2.game.RapidRunoffGame.java" Intrnl_Id="1238">
<LocList>
<Loc EndOffset="5654" SrcFileId="12" StartOffset="5633"/>
</LocList>
</BasicStmnt>
</StmntSeq>
</Branch>
<Branch CovItemId="B14" CovItemPrefix="group2.game.RapidRunoffGame.java" Implct="false" Intrnl_Id="1239">
<Cond>
<Loc EndOffset="5663" SrcFileId="12" StartOffset="5659"/>
</Cond>
<LocList>
<Loc EndOffset="5757" SrcFileId="12" StartOffset="5664"/>
</LocList>
<StmntSeq Intrnl_Id="1240">
<LocList>
<Loc EndOffset="5736" SrcFileId="12" StartOffset="5669"/>
<Loc EndOffset="5753" SrcFileId="12" StartOffset="5740"/>
</LocList>
<CondStmnt CovItemId="S118" CovItemPrefix="group2.game.RapidRunoffGame.java" Intrnl_Id="1241">
<Branch CovItemId="B15" CovItemPrefix="group2.game.RapidRunoffGame.java" Implct="false" Intrnl_Id="1242">
<Cond/>
<LocList>
<Loc EndOffset="5736" SrcFileId="12" StartOffset="5698"/>
</LocList>
<StmntSeq Intrnl_Id="1243">
<LocList>
<Loc EndOffset="5731" SrcFileId="12" StartOffset="5704"/>
</LocList>
<BasicStmnt CovItemId="S119" CovItemPrefix="group2.game.RapidRunoffGame.java" Intrnl_Id="1244">
<LocList>
<Loc EndOffset="5731" SrcFileId="12" StartOffset="5704"/>
</LocList>
</BasicStmnt>
</StmntSeq>
</Branch>
<Branch CovItemId="B16" CovItemPrefix="group2.game.RapidRunoffGame.java" Implct="true" Intrnl_Id="1245">
<Cond/>
<LocList/>
<StmntSeq Intrnl_Id="1246">
<LocList/>
</StmntSeq>
</Branch>
<Keyword EndOffset="5671" SrcFileId="12" StartOffset="5669"/>
<LocList>
<Loc EndOffset="5736" SrcFileId="12" StartOffset="5669"/>
</LocList>
<RootTerm CovItemId="C10" CovItemPrefix="group2.game.RapidRunoffGame.java" Intrnl_Id="1247">
<BasicBoolTerm Intrnl_Id="1248">
<LocList>
<Loc EndOffset="5696" SrcFileId="12" StartOffset="5673"/>
</LocList>
</BasicBoolTerm>
</RootTerm>
</CondStmnt>
<BasicStmnt CovItemId="S120" CovItemPrefix="group2.game.RapidRunoffGame.java" Intrnl_Id="1249">
<LocList>
<Loc EndOffset="5753" SrcFileId="12" StartOffset="5740"/>
</LocList>
</BasicStmnt>
</StmntSeq>
</Branch>
<Keyword EndOffset="5591" SrcFileId="12" StartOffset="5589"/>
<LocList>
<Loc EndOffset="5757" SrcFileId="12" StartOffset="5589"/>
</LocList>
<RootTerm CovItemId="C9" CovItemPrefix="group2.game.RapidRunoffGame.java" Intrnl_Id="1250">
<BasicBoolTerm Intrnl_Id="1251">
<LocList>
<Loc EndOffset="5607" SrcFileId="12" StartOffset="5593"/>
</LocList>
</BasicBoolTerm>
</RootTerm>
</CondStmnt>
</StmntSeq>
</HierarchyLvl>
</HierarchyLvl>
<HierarchyLvl HierarchyLvlId="13063" HierarchyLvlTypeId="38" Intrnl_Id="1252" Name="Quiz">
<Header>
<Loc EndOffset="39" SrcFileId="13" StartOffset="22"/>
</Header>
<LocList>
<Loc EndOffset="1166" SrcFileId="13" StartOffset="22"/>
</LocList>
<StmntSeq Intrnl_Id="1253">
<LocList>
<Loc EndOffset="110" SrcFileId="13" StartOffset="77"/>
<Loc EndOffset="310" SrcFileId="13" StartOffset="275"/>
</LocList>
<BasicStmnt CovItemId="S1" CovItemPrefix="group2.game.Quiz.java" Intrnl_Id="1254">
<LocList>
<Loc EndOffset="110" SrcFileId="13" StartOffset="77"/>
</LocList>
</BasicStmnt>
<BasicStmnt CovItemId="S2" CovItemPrefix="group2.game.Quiz.java" Intrnl_Id="1255">
<LocList>
<Loc EndOffset="310" SrcFileId="13" StartOffset="275"/>
</LocList>
</BasicStmnt>
</StmntSeq>
<HierarchyLvl HierarchyLvlId="13061" HierarchyLvlTypeId="39" Intrnl_Id="1256" Name="Quiz">
<Header>
<Loc EndOffset="364" SrcFileId="13" StartOffset="313"/>
</Header>
<LocList>
<Loc EndOffset="512" SrcFileId="13" StartOffset="313"/>
</LocList>
<StmntSeq Intrnl_Id="1257">
<LocList>
<Loc EndOffset="394" SrcFileId="13" StartOffset="369"/>
<Loc EndOffset="463" SrcFileId="13" StartOffset="397"/>
<Loc EndOffset="487" SrcFileId="13" StartOffset="466"/>
<Loc EndOffset="509" SrcFileId="13" StartOffset="490"/>
</LocList>
<BasicStmnt CovItemId="S3" CovItemPrefix="group2.game.Quiz.java" Intrnl_Id="1258">
<LocList>
<Loc EndOffset="394" SrcFileId="13" StartOffset="369"/>
</LocList>
</BasicStmnt>
<LoopStmnt CovItemId="S4" CovItemPrefix="group2.game.Quiz.java" Intrnl_Id="1259" MltplExecId="L1-2" MltplExecPrefix="group2.game.Quiz.java" NvrExecId="L1-0" NvrExecPrefix="group2.game.Quiz.java" OnceExecutedId="L1-1" OnceExecutedPrefix="group2.game.Quiz.java" OptBodyExec="true">
<StmntSeq Intrnl_Id="1260">
<LocList>
<Loc EndOffset="459" SrcFileId="13" StartOffset="430"/>
</LocList>
<BasicStmnt CovItemId="S5" CovItemPrefix="group2.game.Quiz.java" Intrnl_Id="1261">
<LocList>
<Loc EndOffset="459" SrcFileId="13" StartOffset="430"/>
</LocList>
</BasicStmnt>
</StmntSeq>
<Keyword EndOffset="400" SrcFileId="13" StartOffset="397"/>
<LocList>
<Loc EndOffset="463" SrcFileId="13" StartOffset="397"/>
</LocList>
<RootTerm CovItemId="C1" CovItemPrefix="group2.game.Quiz.java" Intrnl_Id="1262">
<BasicBoolTerm Intrnl_Id="1263">
<LocList>
<Loc EndOffset="418" SrcFileId="13" StartOffset="413"/>
</LocList>
</BasicBoolTerm>
</RootTerm>
</LoopStmnt>
<BasicStmnt CovItemId="S6" CovItemPrefix="group2.game.Quiz.java" Intrnl_Id="1264">
<LocList>
<Loc EndOffset="487" SrcFileId="13" StartOffset="466"/>
</LocList>
</BasicStmnt>
<BasicStmnt CovItemId="S7" CovItemPrefix="group2.game.Quiz.java" Intrnl_Id="1265">
<LocList>
<Loc EndOffset="509" SrcFileId="13" StartOffset="490"/>
</LocList>
</BasicStmnt>
</StmntSeq>
</HierarchyLvl>
<HierarchyLvl HierarchyLvlId="13062" HierarchyLvlTypeId="39" Intrnl_Id="1266" Name="checkChoice">
<Header>
<Loc EndOffset="911" SrcFileId="13" StartOffset="873"/>
</Header>
<LocList>
<Loc EndOffset="1163" SrcFileId="13" StartOffset="873"/>
</LocList>
<StmntSeq Intrnl_Id="1267">
<LocList>
<Loc EndOffset="1160" SrcFileId="13" StartOffset="916"/>
</LocList>
<CondStmnt CovItemId="S8" CovItemPrefix="group2.game.Quiz.java" Intrnl_Id="1268">
<Branch CovItemId="B1" CovItemPrefix="group2.game.Quiz.java" Implct="false" Intrnl_Id="1269">
<Cond/>
<LocList>
<Loc EndOffset="1035" SrcFileId="13" StartOffset="942"/>
</LocList>
<StmntSeq Intrnl_Id="1270">
<LocList>
<Loc EndOffset="1014" SrcFileId="13" StartOffset="947"/>
<Loc EndOffset="1031" SrcFileId="13" StartOffset="1018"/>
</LocList>
<BasicStmnt CovItemId="S9" CovItemPrefix="group2.game.Quiz.java" Intrnl_Id="1271">
<LocList>
<Loc EndOffset="1014" SrcFileId="13" StartOffset="947"/>
</LocList>
</BasicStmnt>
<BasicStmnt CovItemId="S10" CovItemPrefix="group2.game.Quiz.java" Intrnl_Id="1272">
<LocList>
<Loc EndOffset="1031" SrcFileId="13" StartOffset="1018"/>
</LocList>
</BasicStmnt>
</StmntSeq>
</Branch>
<Branch CovItemId="B2" CovItemPrefix="group2.game.Quiz.java" Implct="false" Intrnl_Id="1273">
<Cond>
<Loc EndOffset="1042" SrcFileId="13" StartOffset="1038"/>
</Cond>
<LocList>
<Loc EndOffset="1160" SrcFileId="13" StartOffset="1042"/>
</LocList>
<StmntSeq Intrnl_Id="1274">
<LocList>
<Loc EndOffset="1110" SrcFileId="13" StartOffset="1047"/>
<Loc EndOffset="1140" SrcFileId="13" StartOffset="1114"/>
<Loc EndOffset="1156" SrcFileId="13" StartOffset="1144"/>
</LocList>
<BasicStmnt CovItemId="S11" CovItemPrefix="group2.game.Quiz.java" Intrnl_Id="1275">
<LocList>
<Loc EndOffset="1110" SrcFileId="13" StartOffset="1047"/>
</LocList>
</BasicStmnt>
<BasicStmnt CovItemId="S12" CovItemPrefix="group2.game.Quiz.java" Intrnl_Id="1276">
<LocList>
<Loc EndOffset="1140" SrcFileId="13" StartOffset="1114"/>
</LocList>
</BasicStmnt>
<BasicStmnt CovItemId="S13" CovItemPrefix="group2.game.Quiz.java" Intrnl_Id="1277">
<LocList>
<Loc EndOffset="1156" SrcFileId="13" StartOffset="1144"/>
</LocList>
</BasicStmnt>
</StmntSeq>
</Branch>
<Keyword EndOffset="918" SrcFileId="13" StartOffset="916"/>
<LocList>
<Loc EndOffset="1160" SrcFileId="13" StartOffset="916"/>
</LocList>
<RootTerm CovItemId="C2" CovItemPrefix="group2.game.Quiz.java" Intrnl_Id="1278">
<BasicBoolTerm Intrnl_Id="1279">
<LocList>
<Loc EndOffset="941" SrcFileId="13" StartOffset="920"/>
</LocList>
</BasicBoolTerm>
</RootTerm>
</CondStmnt>
</StmntSeq>
</HierarchyLvl>
</HierarchyLvl>
<HierarchyLvl HierarchyLvlId="13069" HierarchyLvlTypeId="38" Intrnl_Id="1280" Name="PowerUp">
<Header>
<Loc EndOffset="198" SrcFileId="14" StartOffset="169"/>
</Header>
<LocList>
<Loc EndOffset="1144" SrcFileId="14" StartOffset="169"/>
</LocList>
<StmntSeq Intrnl_Id="1281">
<LocList>
<Loc EndOffset="251" SrcFileId="14" StartOffset="229"/>
<Loc EndOffset="278" SrcFileId="14" StartOffset="253"/>
<Loc EndOffset="302" SrcFileId="14" StartOffset="280"/>
<Loc EndOffset="450" SrcFileId="14" StartOffset="414"/>
<Loc EndOffset="580" SrcFileId="14" StartOffset="578"/>
</LocList>
<BasicStmnt CovItemId="S1" CovItemPrefix="group2.game.PowerUp.java" Intrnl_Id="1282">
<LocList>
<Loc EndOffset="251" SrcFileId="14" StartOffset="229"/>
</LocList>
</BasicStmnt>
<BasicStmnt CovItemId="S2" CovItemPrefix="group2.game.PowerUp.java" Intrnl_Id="1283">
<LocList>
<Loc EndOffset="278" SrcFileId="14" StartOffset="253"/>
</LocList>
</BasicStmnt>
<BasicStmnt CovItemId="S3" CovItemPrefix="group2.game.PowerUp.java" Intrnl_Id="1284">
<LocList>
<Loc EndOffset="302" SrcFileId="14" StartOffset="280"/>
</LocList>
</BasicStmnt>
<BasicStmnt CovItemId="S4" CovItemPrefix="group2.game.PowerUp.java" Intrnl_Id="1285">
<LocList>
<Loc EndOffset="450" SrcFileId="14" StartOffset="414"/>
<Loc EndOffset="580" SrcFileId="14" StartOffset="578"/>
</LocList>
</BasicStmnt>
</StmntSeq>
<HierarchyLvl HierarchyLvlId="13065" HierarchyLvlTypeId="41" Intrnl_Id="1286" Name="ActionListener">
<Header>
<Loc EndOffset="470" SrcFileId="14" StartOffset="454"/>
</Header>
<LocList>
<Loc EndOffset="578" SrcFileId="14" StartOffset="450"/>
</LocList>
<HierarchyLvl HierarchyLvlId="13064" HierarchyLvlTypeId="39" Intrnl_Id="1287" Name="actionPerformed">
<Header>
<Loc EndOffset="531" SrcFileId="14" StartOffset="475"/>
</Header>
<LocList>
<Loc EndOffset="575" SrcFileId="14" StartOffset="475"/>
</LocList>
<StmntSeq Intrnl_Id="1288">
<LocList>
<Loc EndOffset="554" SrcFileId="14" StartOffset="537"/>
<Loc EndOffset="571" SrcFileId="14" StartOffset="558"/>
</LocList>
<BasicStmnt CovItemId="S5" CovItemPrefix="group2.game.PowerUp.java" Intrnl_Id="1289">
<LocList>
<Loc EndOffset="554" SrcFileId="14" StartOffset="537"/>
</LocList>
</BasicStmnt>
<BasicStmnt CovItemId="S6" CovItemPrefix="group2.game.PowerUp.java" Intrnl_Id="1290">
<LocList>
<Loc EndOffset="571" SrcFileId="14" StartOffset="558"/>
</LocList>
</BasicStmnt>
</StmntSeq>
</HierarchyLvl>
</HierarchyLvl>
<HierarchyLvl HierarchyLvlId="13066" HierarchyLvlTypeId="39" Intrnl_Id="1291" Name="PowerUp">
<Header>
<Loc EndOffset="609" SrcFileId="14" StartOffset="583"/>
</Header>
<LocList>
<Loc EndOffset="694" SrcFileId="14" StartOffset="583"/>
</LocList>
<StmntSeq Intrnl_Id="1292">
<LocList>
<Loc EndOffset="639" SrcFileId="14" StartOffset="614"/>
<Loc EndOffset="663" SrcFileId="14" StartOffset="642"/>
<Loc EndOffset="688" SrcFileId="14" StartOffset="666"/>
</LocList>
<BasicStmnt CovItemId="S7" CovItemPrefix="group2.game.PowerUp.java" Intrnl_Id="1293">
<LocList>
<Loc EndOffset="639" SrcFileId="14" StartOffset="614"/>
</LocList>
</BasicStmnt>
<BasicStmnt CovItemId="S8" CovItemPrefix="group2.game.PowerUp.java" Intrnl_Id="1294">
<LocList>
<Loc EndOffset="663" SrcFileId="14" StartOffset="642"/>
</LocList>
</BasicStmnt>
<BasicStmnt CovItemId="S9" CovItemPrefix="group2.game.PowerUp.java" Intrnl_Id="1295">
<LocList>
<Loc EndOffset="688" SrcFileId="14" StartOffset="666"/>
</LocList>
</BasicStmnt>
</StmntSeq>
</HierarchyLvl>
<HierarchyLvl HierarchyLvlId="13067" HierarchyLvlTypeId="39" Intrnl_Id="1296" Name="checkIfInPowerUp">
<Header>
<Loc EndOffset="806" SrcFileId="14" StartOffset="755"/>
</Header>
<LocList>
<Loc EndOffset="933" SrcFileId="14" StartOffset="755"/>
</LocList>
<StmntSeq Intrnl_Id="1297">
<LocList>
<Loc EndOffset="930" SrcFileId="14" StartOffset="811"/>
</LocList>
<BasicStmnt CovItemId="S10" CovItemPrefix="group2.game.PowerUp.java" Intrnl_Id="1298">
<LocList>
<Loc EndOffset="930" SrcFileId="14" StartOffset="811"/>
</LocList>
</BasicStmnt>
</StmntSeq>
</HierarchyLvl>
<HierarchyLvl HierarchyLvlId="13068" HierarchyLvlTypeId="39" Intrnl_Id="1299" Name="deployPowerUp">
<Header>
<Loc EndOffset="1020" SrcFileId="14" StartOffset="993"/>
</Header>
<LocList>
<Loc EndOffset="1138" SrcFileId="14" StartOffset="993"/>
</LocList>
<StmntSeq Intrnl_Id="1300">
<LocList>
<Loc EndOffset="1135" SrcFileId="14" StartOffset="1025"/>
</LocList>
<CondStmnt CovItemId="S11" CovItemPrefix="group2.game.PowerUp.java" Intrnl_Id="1301">
<Branch CovItemId="B1" CovItemPrefix="group2.game.PowerUp.java" Implct="false" Intrnl_Id="1302">
<Cond/>
<LocList>
<Loc EndOffset="1135" SrcFileId="14" StartOffset="1036"/>
</LocList>
<StmntSeq Intrnl_Id="1303">
<LocList>
<Loc EndOffset="1071" SrcFileId="14" StartOffset="1041"/>
<Loc EndOffset="1091" SrcFileId="14" StartOffset="1075"/>
<Loc EndOffset="1109" SrcFileId="14" StartOffset="1095"/>
<Loc EndOffset="1127" SrcFileId="14" StartOffset="1113"/>
</LocList>
<BasicStmnt CovItemId="S12" CovItemPrefix="group2.game.PowerUp.java" Intrnl_Id="1304">
<LocList>
<Loc EndOffset="1071" SrcFileId="14" StartOffset="1041"/>
</LocList>
</BasicStmnt>
<BasicStmnt CovItemId="S13" CovItemPrefix="group2.game.PowerUp.java" Intrnl_Id="1305">
<LocList>
<Loc EndOffset="1091" SrcFileId="14" StartOffset="1075"/>
</LocList>
</BasicStmnt>
<BasicStmnt CovItemId="S14" CovItemPrefix="group2.game.PowerUp.java" Intrnl_Id="1306">
<LocList>
<Loc EndOffset="1109" SrcFileId="14" StartOffset="1095"/>
</LocList>
</BasicStmnt>
<BasicStmnt CovItemId="S15" CovItemPrefix="group2.game.PowerUp.java" Intrnl_Id="1307">
<LocList>
<Loc EndOffset="1127" SrcFileId="14" StartOffset="1113"/>
</LocList>
</BasicStmnt>
</StmntSeq>
</Branch>
<Branch CovItemId="B2" CovItemPrefix="group2.game.PowerUp.java" Implct="true" Intrnl_Id="1308">
<Cond/>
<LocList/>
<StmntSeq Intrnl_Id="1309">
<LocList/>
</StmntSeq>
</Branch>
<Keyword EndOffset="1027" SrcFileId="14" StartOffset="1025"/>
<LocList>
<Loc EndOffset="1135" SrcFileId="14" StartOffset="1025"/>
</LocList>
<RootTerm CovItemId="C1" CovItemPrefix="group2.game.PowerUp.java" Intrnl_Id="1310">
<BasicBoolTerm Intrnl_Id="1311">
<LocList>
<Loc EndOffset="1034" SrcFileId="14" StartOffset="1029"/>
</LocList>
</BasicBoolTerm>
</RootTerm>
</CondStmnt>
</StmntSeq>
</HierarchyLvl>
</HierarchyLvl>
<HierarchyLvl HierarchyLvlId="13076" HierarchyLvlTypeId="38" Intrnl_Id="1312" Name="Position">
<Header>
<Loc EndOffset="68" SrcFileId="15" StartOffset="47"/>
</Header>
<LocList>
<Loc EndOffset="580" SrcFileId="15" StartOffset="47"/>
</LocList>
<HierarchyLvl HierarchyLvlId="13070" HierarchyLvlTypeId="39" Intrnl_Id="1313" Name="Position">
<Header>
<Loc EndOffset="154" SrcFileId="15" StartOffset="126"/>
</Header>
<LocList>
<Loc EndOffset="187" SrcFileId="15" StartOffset="126"/>
</LocList>
<StmntSeq Intrnl_Id="1314">
<LocList>
<Loc EndOffset="170" SrcFileId="15" StartOffset="159"/>
<Loc EndOffset="184" SrcFileId="15" StartOffset="173"/>
</LocList>
<BasicStmnt CovItemId="S1" CovItemPrefix="group2.game.Position.java" Intrnl_Id="1315">
<LocList>
<Loc EndOffset="170" SrcFileId="15" StartOffset="159"/>
</LocList>
</BasicStmnt>
<BasicStmnt CovItemId="S2" CovItemPrefix="group2.game.Position.java" Intrnl_Id="1316">
<LocList>
<Loc EndOffset="184" SrcFileId="15" StartOffset="173"/>
</LocList>
</BasicStmnt>
</StmntSeq>
</HierarchyLvl>
<HierarchyLvl HierarchyLvlId="13071" HierarchyLvlTypeId="39" Intrnl_Id="1317" Name="equals">
<Header>
<Loc EndOffset="236" SrcFileId="15" StartOffset="190"/>
</Header>
<LocList>
<Loc EndOffset="353" SrcFileId="15" StartOffset="190"/>
</LocList>
<StmntSeq Intrnl_Id="1318">
<LocList>
<Loc EndOffset="350" SrcFileId="15" StartOffset="241"/>
</LocList>
<CondStmnt CovItemId="S3" CovItemPrefix="group2.game.Position.java" Intrnl_Id="1319">
<Branch CovItemId="B1" CovItemPrefix="group2.game.Position.java" Implct="false" Intrnl_Id="1320">
<Cond/>
<LocList>
<Loc EndOffset="326" SrcFileId="15" StartOffset="314"/>
</LocList>
<StmntSeq Intrnl_Id="1321">
<LocList>
<Loc EndOffset="326" SrcFileId="15" StartOffset="314"/>
</LocList>
<BasicStmnt CovItemId="S4" CovItemPrefix="group2.game.Position.java" Intrnl_Id="1322">
<LocList>
<Loc EndOffset="326" SrcFileId="15" StartOffset="314"/>
</LocList>
</BasicStmnt>
</StmntSeq>
</Branch>
<Branch CovItemId="B2" CovItemPrefix="group2.game.Position.java" Implct="false" Intrnl_Id="1323">
<Cond>
<Loc EndOffset="333" SrcFileId="15" StartOffset="329"/>
</Cond>
<LocList>
<Loc EndOffset="350" SrcFileId="15" StartOffset="337"/>
</LocList>
<StmntSeq Intrnl_Id="1324">
<LocList>
<Loc EndOffset="350" SrcFileId="15" StartOffset="337"/>
</LocList>
<BasicStmnt CovItemId="S5" CovItemPrefix="group2.game.Position.java" Intrnl_Id="1325">
<LocList>
<Loc EndOffset="350" SrcFileId="15" StartOffset="337"/>
</LocList>
</BasicStmnt>
</StmntSeq>
</Branch>
<Keyword EndOffset="243" SrcFileId="15" StartOffset="241"/>
<LocList>
<Loc EndOffset="350" SrcFileId="15" StartOffset="241"/>
</LocList>
<RootTerm CovItemId="C1" CovItemPrefix="group2.game.Position.java" Intrnl_Id="1326">
<OpTerm BooleanOpId="34" Intrnl_Id="1327">
<BasicBoolTerm Intrnl_Id="1328">
<LocList>
<Loc EndOffset="275" SrcFileId="15" StartOffset="245"/>
</LocList>
</BasicBoolTerm>
<BasicBoolTerm Intrnl_Id="1329">
<LocList>
<Loc EndOffset="309" SrcFileId="15" StartOffset="279"/>
</LocList>
</BasicBoolTerm>
<LocList>
<Loc EndOffset="278" SrcFileId="15" StartOffset="276"/>
</LocList>
</OpTerm>
</RootTerm>
</CondStmnt>
</StmntSeq>
</HierarchyLvl>
<HierarchyLvl HierarchyLvlId="13072" HierarchyLvlTypeId="39" Intrnl_Id="1330" Name="getXPos">
<Header>
<Loc EndOffset="379" SrcFileId="15" StartOffset="356"/>
</Header>
<LocList>
<Loc EndOffset="396" SrcFileId="15" StartOffset="356"/>
</LocList>
<StmntSeq Intrnl_Id="1331">
<LocList>
<Loc EndOffset="393" SrcFileId="15" StartOffset="384"/>
</LocList>
<BasicStmnt CovItemId="S6" CovItemPrefix="group2.game.Position.java" Intrnl_Id="1332">
<LocList>
<Loc EndOffset="393" SrcFileId="15" StartOffset="384"/>
</LocList>
</BasicStmnt>
</StmntSeq>
</HierarchyLvl>
<HierarchyLvl HierarchyLvlId="13073" HierarchyLvlTypeId="39" Intrnl_Id="1333" Name="getYPos">
<Header>
<Loc EndOffset="422" SrcFileId="15" StartOffset="399"/>
</Header>
<LocList>
<Loc EndOffset="439" SrcFileId="15" StartOffset="399"/>
</LocList>
<StmntSeq Intrnl_Id="1334">
<LocList>
<Loc EndOffset="436" SrcFileId="15" StartOffset="427"/>
</LocList>
<BasicStmnt CovItemId="S7" CovItemPrefix="group2.game.Position.java" Intrnl_Id="1335">
<LocList>
<Loc EndOffset="436" SrcFileId="15" StartOffset="427"/>
</LocList>
</BasicStmnt>
</StmntSeq>
</HierarchyLvl>
<HierarchyLvl HierarchyLvlId="13074" HierarchyLvlTypeId="39" Intrnl_Id="1336" Name="hashCode">
<Header>
<Loc EndOffset="474" SrcFileId="15" StartOffset="442"/>
</Header>
<LocList>
<Loc EndOffset="492" SrcFileId="15" StartOffset="442"/>
</LocList>
<StmntSeq Intrnl_Id="1337">
<LocList>
<Loc EndOffset="488" SrcFileId="15" StartOffset="479"/>
</LocList>
<BasicStmnt CovItemId="S8" CovItemPrefix="group2.game.Position.java" Intrnl_Id="1338">
<LocList>
<Loc EndOffset="488" SrcFileId="15" StartOffset="479"/>
</LocList>
</BasicStmnt>
</StmntSeq>
</HierarchyLvl>
<HierarchyLvl HierarchyLvlId="13075" HierarchyLvlTypeId="39" Intrnl_Id="1339" Name="setPosition">
<Header>
<Loc EndOffset="546" SrcFileId="15" StartOffset="495"/>
</Header>
<LocList>
<Loc EndOffset="578" SrcFileId="15" StartOffset="495"/>
</LocList>
<StmntSeq Intrnl_Id="1340">
<LocList>
<Loc EndOffset="561" SrcFileId="15" StartOffset="551"/>
<Loc EndOffset="574" SrcFileId="15" StartOffset="564"/>
</LocList>
<BasicStmnt CovItemId="S9" CovItemPrefix="group2.game.Position.java" Intrnl_Id="1341">
<LocList>
<Loc EndOffset="561" SrcFileId="15" StartOffset="551"/>
</LocList>
</BasicStmnt>
<BasicStmnt CovItemId="S10" CovItemPrefix="group2.game.Position.java" Intrnl_Id="1342">
<LocList>
<Loc EndOffset="574" SrcFileId="15" StartOffset="564"/>
</LocList>
</BasicStmnt>
</StmntSeq>
</HierarchyLvl>
</HierarchyLvl>
<HierarchyLvl HierarchyLvlId="13079" HierarchyLvlTypeId="38" Intrnl_Id="1343" Name="Player">
<Header>
<Loc EndOffset="66" SrcFileId="16" StartOffset="47"/>
</Header>
<LocList>
<Loc EndOffset="426" SrcFileId="16" StartOffset="47"/>
</LocList>
<StmntSeq Intrnl_Id="1344">
<LocList>
<Loc EndOffset="160" SrcFileId="16" StartOffset="114"/>
</LocList>
<BasicStmnt CovItemId="S1" CovItemPrefix="group2.game.Player.java" Intrnl_Id="1345">
<LocList>
<Loc EndOffset="160" SrcFileId="16" StartOffset="114"/>
</LocList>
</BasicStmnt>
</StmntSeq>
<HierarchyLvl HierarchyLvlId="13077" HierarchyLvlTypeId="39" Intrnl_Id="1346" Name="addScoreDataToList">
<Header>
<Loc EndOffset="219" SrcFileId="16" StartOffset="163"/>
</Header>
<LocList>
<Loc EndOffset="323" SrcFileId="16" StartOffset="163"/>
</LocList>
<StmntSeq Intrnl_Id="1347">
<LocList>
<Loc EndOffset="289" SrcFileId="16" StartOffset="224"/>
<Loc EndOffset="320" SrcFileId="16" StartOffset="292"/>
</LocList>
<BasicStmnt CovItemId="S2" CovItemPrefix="group2.game.Player.java" Intrnl_Id="1348">
<LocList>
<Loc EndOffset="289" SrcFileId="16" StartOffset="224"/>
</LocList>
</BasicStmnt>
<BasicStmnt CovItemId="S3" CovItemPrefix="group2.game.Player.java" Intrnl_Id="1349">
<LocList>
<Loc EndOffset="320" SrcFileId="16" StartOffset="292"/>
</LocList>
</BasicStmnt>
</StmntSeq>
</HierarchyLvl>
<HierarchyLvl HierarchyLvlId="13078" HierarchyLvlTypeId="39" Intrnl_Id="1350" Name="get_players_rank">
<Header>
<Loc EndOffset="355" SrcFileId="16" StartOffset="326"/>
</Header>
<LocList>
<Loc EndOffset="423" SrcFileId="16" StartOffset="326"/>
</LocList>
<StmntSeq Intrnl_Id="1351">
<LocList>
<Loc EndOffset="397" SrcFileId="16" StartOffset="360"/>
<Loc EndOffset="420" SrcFileId="16" StartOffset="400"/>
</LocList>
<BasicStmnt CovItemId="S4" CovItemPrefix="group2.game.Player.java" Intrnl_Id="1352">
<LocList>
<Loc EndOffset="397" SrcFileId="16" StartOffset="360"/>
</LocList>
</BasicStmnt>
<BasicStmnt CovItemId="S5" CovItemPrefix="group2.game.Player.java" Intrnl_Id="1353">
<LocList>
<Loc EndOffset="420" SrcFileId="16" StartOffset="400"/>
</LocList>
</BasicStmnt>
</StmntSeq>
</HierarchyLvl>
</HierarchyLvl>
<HierarchyLvl HierarchyLvlId="13083" HierarchyLvlTypeId="38" Intrnl_Id="1354" Name="Oil">
<Header>
<Loc EndOffset="105" SrcFileId="17" StartOffset="68"/>
</Header>
<LocList>
<Loc EndOffset="637" SrcFileId="17" StartOffset="68"/>
</LocList>
<HierarchyLvl HierarchyLvlId="13080" HierarchyLvlTypeId="39" Intrnl_Id="1355" Name="Oil">
<Header>
<Loc EndOffset="158" SrcFileId="17" StartOffset="110"/>
</Header>
<LocList>
<Loc EndOffset="292" SrcFileId="17" StartOffset="110"/>
</LocList>
<StmntSeq Intrnl_Id="1356">
<LocList>
<Loc EndOffset="178" SrcFileId="17" StartOffset="163"/>
<Loc EndOffset="206" SrcFileId="17" StartOffset="181"/>
<Loc EndOffset="242" SrcFileId="17" StartOffset="209"/>
<Loc EndOffset="271" SrcFileId="17" StartOffset="245"/>
<Loc EndOffset="288" SrcFileId="17" StartOffset="274"/>
</LocList>
<BasicStmnt CovItemId="S1" CovItemPrefix="group2.game.Oil.java" Intrnl_Id="1357">
<LocList>
<Loc EndOffset="178" SrcFileId="17" StartOffset="163"/>
</LocList>
</BasicStmnt>
<BasicStmnt CovItemId="S2" CovItemPrefix="group2.game.Oil.java" Intrnl_Id="1358">
<LocList>
<Loc EndOffset="206" SrcFileId="17" StartOffset="181"/>
</LocList>
</BasicStmnt>
<BasicStmnt CovItemId="S3" CovItemPrefix="group2.game.Oil.java" Intrnl_Id="1359">
<LocList>
<Loc EndOffset="242" SrcFileId="17" StartOffset="209"/>
</LocList>
</BasicStmnt>
<BasicStmnt CovItemId="S4" CovItemPrefix="group2.game.Oil.java" Intrnl_Id="1360">
<LocList>
<Loc EndOffset="271" SrcFileId="17" StartOffset="245"/>
</LocList>
</BasicStmnt>
<BasicStmnt CovItemId="S5" CovItemPrefix="group2.game.Oil.java" Intrnl_Id="1361">
<LocList>
<Loc EndOffset="288" SrcFileId="17" StartOffset="274"/>
</LocList>
</BasicStmnt>
</StmntSeq>
</HierarchyLvl>
<HierarchyLvl HierarchyLvlId="13081" HierarchyLvlTypeId="39" Intrnl_Id="1362" Name="update">
<Header>
<Loc EndOffset="326" SrcFileId="17" StartOffset="295"/>
</Header>
<LocList>
<Loc EndOffset="560" SrcFileId="17" StartOffset="295"/>
</LocList>
<StmntSeq Intrnl_Id="1363">
<LocList>
<Loc EndOffset="346" SrcFileId="17" StartOffset="331"/>
<Loc EndOffset="557" SrcFileId="17" StartOffset="350"/>
</LocList>
<BasicStmnt CovItemId="S6" CovItemPrefix="group2.game.Oil.java" Intrnl_Id="1364">
<LocList>
<Loc EndOffset="346" SrcFileId="17" StartOffset="331"/>
</LocList>
</BasicStmnt>
<CondStmnt CovItemId="S7" CovItemPrefix="group2.game.Oil.java" Intrnl_Id="1365">
<Branch CovItemId="B1" CovItemPrefix="group2.game.Oil.java" Implct="false" Intrnl_Id="1366">
<Cond/>
<LocList>
<Loc EndOffset="557" SrcFileId="17" StartOffset="380"/>
</LocList>
<StmntSeq Intrnl_Id="1367">
<LocList>
<Loc EndOffset="402" SrcFileId="17" StartOffset="385"/>
<Loc EndOffset="420" SrcFileId="17" StartOffset="406"/>
<Loc EndOffset="468" SrcFileId="17" StartOffset="424"/>
<Loc EndOffset="553" SrcFileId="17" StartOffset="472"/>
</LocList>
<BasicStmnt CovItemId="S8" CovItemPrefix="group2.game.Oil.java" Intrnl_Id="1368">
<LocList>
<Loc EndOffset="402" SrcFileId="17" StartOffset="385"/>
</LocList>
</BasicStmnt>
<BasicStmnt CovItemId="S9" CovItemPrefix="group2.game.Oil.java" Intrnl_Id="1369">
<LocList>
<Loc EndOffset="420" SrcFileId="17" StartOffset="406"/>
</LocList>
</BasicStmnt>
<BasicStmnt CovItemId="S10" CovItemPrefix="group2.game.Oil.java" Intrnl_Id="1370">
<LocList>
<Loc EndOffset="468" SrcFileId="17" StartOffset="424"/>
</LocList>
</BasicStmnt>
<BasicStmnt CovItemId="S11" CovItemPrefix="group2.game.Oil.java" Intrnl_Id="1371">
<LocList>
<Loc EndOffset="553" SrcFileId="17" StartOffset="472"/>
</LocList>
</BasicStmnt>
</StmntSeq>
</Branch>
<Branch CovItemId="B2" CovItemPrefix="group2.game.Oil.java" Implct="true" Intrnl_Id="1372">
<Cond/>
<LocList/>
<StmntSeq Intrnl_Id="1373">
<LocList/>
</StmntSeq>
</Branch>
<Keyword EndOffset="352" SrcFileId="17" StartOffset="350"/>
<LocList>
<Loc EndOffset="557" SrcFileId="17" StartOffset="350"/>
</LocList>
<RootTerm CovItemId="C1" CovItemPrefix="group2.game.Oil.java" Intrnl_Id="1374">
<BasicBoolTerm Intrnl_Id="1375">
<LocList>
<Loc EndOffset="378" SrcFileId="17" StartOffset="354"/>
</LocList>
</BasicBoolTerm>
</RootTerm>
</CondStmnt>
</StmntSeq>
</HierarchyLvl>
<HierarchyLvl HierarchyLvlId="13082" HierarchyLvlTypeId="39" Intrnl_Id="1376" Name="increment">
<Header>
<Loc EndOffset="586" SrcFileId="17" StartOffset="563"/>
</Header>
<LocList>
<Loc EndOffset="634" SrcFileId="17" StartOffset="563"/>
</LocList>
<StmntSeq Intrnl_Id="1377">
<LocList>
<Loc EndOffset="631" SrcFileId="17" StartOffset="591"/>
</LocList>
<BasicStmnt CovItemId="S12" CovItemPrefix="group2.game.Oil.java" Intrnl_Id="1378">
<LocList>
<Loc EndOffset="631" SrcFileId="17" StartOffset="591"/>
</LocList>
</BasicStmnt>
</StmntSeq>
</HierarchyLvl>
</HierarchyLvl>
<HierarchyLvl HierarchyLvlId="13085" HierarchyLvlTypeId="38" Intrnl_Id="1379" Name="MenuObject">
<Header>
<Loc EndOffset="139" SrcFileId="18" StartOffset="116"/>
</Header>
<LocList>
<Loc EndOffset="275" SrcFileId="18" StartOffset="116"/>
</LocList>
<StmntSeq Intrnl_Id="1380">
<LocList>
<Loc EndOffset="188" SrcFileId="18" StartOffset="164"/>
<Loc EndOffset="214" SrcFileId="18" StartOffset="190"/>
</LocList>
<BasicStmnt CovItemId="S1" CovItemPrefix="group2.game.MenuObject.java" Intrnl_Id="1381">
<LocList>
<Loc EndOffset="188" SrcFileId="18" StartOffset="164"/>
</LocList>
</BasicStmnt>
<BasicStmnt CovItemId="S2" CovItemPrefix="group2.game.MenuObject.java" Intrnl_Id="1382">
<LocList>
<Loc EndOffset="214" SrcFileId="18" StartOffset="190"/>
</LocList>
</BasicStmnt>
</StmntSeq>
<HierarchyLvl HierarchyLvlId="13084" HierarchyLvlTypeId="39" Intrnl_Id="1383" Name="MenuObject">
<Header>
<Loc EndOffset="246" SrcFileId="18" StartOffset="217"/>
</Header>
<LocList>
<Loc EndOffset="272" SrcFileId="18" StartOffset="217"/>
</LocList>
<StmntSeq Intrnl_Id="1384">
<LocList>
<Loc EndOffset="269" SrcFileId="18" StartOffset="251"/>
</LocList>
<BasicStmnt CovItemId="S3" CovItemPrefix="group2.game.MenuObject.java" Intrnl_Id="1385">
<LocList>
<Loc EndOffset="269" SrcFileId="18" StartOffset="251"/>
</LocList>
</BasicStmnt>
</StmntSeq>
</HierarchyLvl>
</HierarchyLvl>
<HierarchyLvl HierarchyLvlId="13088" HierarchyLvlTypeId="38" Intrnl_Id="1386" Name="Menu">
<Header>
<Loc EndOffset="237" SrcFileId="19" StartOffset="220"/>
</Header>
<LocList>
<Loc EndOffset="720" SrcFileId="19" StartOffset="220"/>
</LocList>
<HierarchyLvl HierarchyLvlId="13086" HierarchyLvlTypeId="39" Intrnl_Id="1387" Name="Menu">
<Header>
<Loc EndOffset="365" SrcFileId="19" StartOffset="329"/>
</Header>
<LocList>
<Loc EndOffset="543" SrcFileId="19" StartOffset="329"/>
</LocList>
<StmntSeq Intrnl_Id="1388">
<LocList>
<Loc EndOffset="418" SrcFileId="19" StartOffset="370"/>
<Loc EndOffset="439" SrcFileId="19" StartOffset="421"/>
<Loc EndOffset="470" SrcFileId="19" StartOffset="442"/>
<Loc EndOffset="501" SrcFileId="19" StartOffset="473"/>
<Loc EndOffset="527" SrcFileId="19" StartOffset="504"/>
<Loc EndOffset="539" SrcFileId="19" StartOffset="530"/>
</LocList>
<BasicStmnt CovItemId="S1" CovItemPrefix="group2.game.Menu.java" Intrnl_Id="1389">
<LocList>
<Loc EndOffset="418" SrcFileId="19" StartOffset="370"/>
</LocList>
</BasicStmnt>
<BasicStmnt CovItemId="S2" CovItemPrefix="group2.game.Menu.java" Intrnl_Id="1390">
<LocList>
<Loc EndOffset="439" SrcFileId="19" StartOffset="421"/>
</LocList>
</BasicStmnt>
<BasicStmnt CovItemId="S3" CovItemPrefix="group2.game.Menu.java" Intrnl_Id="1391">
<LocList>
<Loc EndOffset="470" SrcFileId="19" StartOffset="442"/>
</LocList>
</BasicStmnt>
<BasicStmnt CovItemId="S4" CovItemPrefix="group2.game.Menu.java" Intrnl_Id="1392">
<LocList>
<Loc EndOffset="501" SrcFileId="19" StartOffset="473"/>
</LocList>
</BasicStmnt>
<BasicStmnt CovItemId="S5" CovItemPrefix="group2.game.Menu.java" Intrnl_Id="1393">
<LocList>
<Loc EndOffset="527" SrcFileId="19" StartOffset="504"/>
</LocList>
</BasicStmnt>
<BasicStmnt CovItemId="S6" CovItemPrefix="group2.game.Menu.java" Intrnl_Id="1394">
<LocList>
<Loc EndOffset="539" SrcFileId="19" StartOffset="530"/>
</LocList>
</BasicStmnt>
</StmntSeq>
</HierarchyLvl>
<HierarchyLvl HierarchyLvlId="13087" HierarchyLvlTypeId="39" Intrnl_Id="1395" Name="addBin">
<Header>
<Loc EndOffset="566" SrcFileId="19" StartOffset="546"/>
</Header>
<LocList>
<Loc EndOffset="717" SrcFileId="19" StartOffset="546"/>
</LocList>
<StmntSeq Intrnl_Id="1396">
<LocList>
<Loc EndOffset="614" SrcFileId="19" StartOffset="571"/>
<Loc EndOffset="688" SrcFileId="19" StartOffset="617"/>
<Loc EndOffset="713" SrcFileId="19" StartOffset="691"/>
</LocList>
<BasicStmnt CovItemId="S7" CovItemPrefix="group2.game.Menu.java" Intrnl_Id="1397">
<LocList>
<Loc EndOffset="614" SrcFileId="19" StartOffset="571"/>
</LocList>
</BasicStmnt>
<BasicStmnt CovItemId="S8" CovItemPrefix="group2.game.Menu.java" Intrnl_Id="1398">
<LocList>
<Loc EndOffset="688" SrcFileId="19" StartOffset="617"/>
</LocList>
</BasicStmnt>
<BasicStmnt CovItemId="S9" CovItemPrefix="group2.game.Menu.java" Intrnl_Id="1399">
<LocList>
<Loc EndOffset="713" SrcFileId="19" StartOffset="691"/>
</LocList>
</BasicStmnt>
</StmntSeq>
</HierarchyLvl>
</HierarchyLvl>
<HierarchyLvl HierarchyLvlId="13097" HierarchyLvlTypeId="38" Intrnl_Id="1400" Name="Map">
<Header>
<Loc EndOffset="120" SrcFileId="20" StartOffset="104"/>
</Header>
<LocList>
<Loc EndOffset="4291" SrcFileId="20" StartOffset="104"/>
</LocList>
<StmntSeq Intrnl_Id="1401">
<LocList>
<Loc EndOffset="175" SrcFileId="20" StartOffset="148"/>
<Loc EndOffset="198" SrcFileId="20" StartOffset="177"/>
<Loc EndOffset="223" SrcFileId="20" StartOffset="200"/>
<Loc EndOffset="260" SrcFileId="20" StartOffset="225"/>
<Loc EndOffset="302" SrcFileId="20" StartOffset="262"/>
<Loc EndOffset="326" SrcFileId="20" StartOffset="304"/>
<Loc EndOffset="410" SrcFileId="20" StartOffset="362"/>
</LocList>
<BasicStmnt CovItemId="S1" CovItemPrefix="group2.game.Map.java" Intrnl_Id="1402">
<LocList>
<Loc EndOffset="175" SrcFileId="20" StartOffset="148"/>
</LocList>
</BasicStmnt>
<BasicStmnt CovItemId="S2" CovItemPrefix="group2.game.Map.java" Intrnl_Id="1403">
<LocList>
<Loc EndOffset="198" SrcFileId="20" StartOffset="177"/>
</LocList>
</BasicStmnt>
<BasicStmnt CovItemId="S3" CovItemPrefix="group2.game.Map.java" Intrnl_Id="1404">
<LocList>
<Loc EndOffset="223" SrcFileId="20" StartOffset="200"/>
</LocList>
</BasicStmnt>
<BasicStmnt CovItemId="S4" CovItemPrefix="group2.game.Map.java" Intrnl_Id="1405">
<LocList>
<Loc EndOffset="260" SrcFileId="20" StartOffset="225"/>
</LocList>
</BasicStmnt>
<BasicStmnt CovItemId="S5" CovItemPrefix="group2.game.Map.java" Intrnl_Id="1406">
<LocList>
<Loc EndOffset="302" SrcFileId="20" StartOffset="262"/>
</LocList>
</BasicStmnt>
<BasicStmnt CovItemId="S6" CovItemPrefix="group2.game.Map.java" Intrnl_Id="1407">
<LocList>
<Loc EndOffset="326" SrcFileId="20" StartOffset="304"/>
</LocList>
</BasicStmnt>
<BasicStmnt CovItemId="S7" CovItemPrefix="group2.game.Map.java" Intrnl_Id="1408">
<LocList>
<Loc EndOffset="410" SrcFileId="20" StartOffset="362"/>
</LocList>
</BasicStmnt>
</StmntSeq>
<HierarchyLvl HierarchyLvlId="13089" HierarchyLvlTypeId="39" Intrnl_Id="1409" Name="Map">
<Header>
<Loc EndOffset="668" SrcFileId="20" StartOffset="639"/>
</Header>
<LocList>
<Loc EndOffset="846" SrcFileId="20" StartOffset="639"/>
</LocList>
<StmntSeq Intrnl_Id="1410">
<LocList>
<Loc EndOffset="687" SrcFileId="20" StartOffset="673"/>
<Loc EndOffset="736" SrcFileId="20" StartOffset="690"/>
<Loc EndOffset="755" SrcFileId="20" StartOffset="739"/>
<Loc EndOffset="769" SrcFileId="20" StartOffset="758"/>
<Loc EndOffset="785" SrcFileId="20" StartOffset="772"/>
<Loc EndOffset="802" SrcFileId="20" StartOffset="788"/>
<Loc EndOffset="818" SrcFileId="20" StartOffset="805"/>
<Loc EndOffset="843" SrcFileId="20" StartOffset="821"/>
</LocList>
<BasicStmnt CovItemId="S8" CovItemPrefix="group2.game.Map.java" Intrnl_Id="1411">
<LocList>
<Loc EndOffset="687" SrcFileId="20" StartOffset="673"/>
</LocList>
</BasicStmnt>
<BasicStmnt CovItemId="S9" CovItemPrefix="group2.game.Map.java" Intrnl_Id="1412">
<LocList>
<Loc EndOffset="736" SrcFileId="20" StartOffset="690"/>
</LocList>
</BasicStmnt>
<BasicStmnt CovItemId="S10" CovItemPrefix="group2.game.Map.java" Intrnl_Id="1413">
<LocList>
<Loc EndOffset="755" SrcFileId="20" StartOffset="739"/>
</LocList>
</BasicStmnt>
<BasicStmnt CovItemId="S11" CovItemPrefix="group2.game.Map.java" Intrnl_Id="1414">
<LocList>
<Loc EndOffset="769" SrcFileId="20" StartOffset="758"/>
</LocList>
</BasicStmnt>
<BasicStmnt CovItemId="S12" CovItemPrefix="group2.game.Map.java" Intrnl_Id="1415">
<LocList>
<Loc EndOffset="785" SrcFileId="20" StartOffset="772"/>
</LocList>
</BasicStmnt>
<BasicStmnt CovItemId="S13" CovItemPrefix="group2.game.Map.java" Intrnl_Id="1416">
<LocList>
<Loc EndOffset="802" SrcFileId="20" StartOffset="788"/>
</LocList>
</BasicStmnt>
<BasicStmnt CovItemId="S14" CovItemPrefix="group2.game.Map.java" Intrnl_Id="1417">
<LocList>
<Loc EndOffset="818" SrcFileId="20" StartOffset="805"/>
</LocList>
</BasicStmnt>
<BasicStmnt CovItemId="S15" CovItemPrefix="group2.game.Map.java" Intrnl_Id="1418">
<LocList>
<Loc EndOffset="843" SrcFileId="20" StartOffset="821"/>
</LocList>
</BasicStmnt>
</StmntSeq>
</HierarchyLvl>
<HierarchyLvl HierarchyLvlId="13090" HierarchyLvlTypeId="39" Intrnl_Id="1419" Name="addBuffers">
<Header>
<Loc EndOffset="912" SrcFileId="20" StartOffset="888"/>
</Header>
<LocList>
<Loc EndOffset="1070" SrcFileId="20" StartOffset="888"/>
</LocList>
<StmntSeq Intrnl_Id="1420">
<LocList>
<Loc EndOffset="951" SrcFileId="20" StartOffset="917"/>
<Loc EndOffset="981" SrcFileId="20" StartOffset="954"/>
<Loc EndOffset="1064" SrcFileId="20" StartOffset="987"/>
</LocList>
<BasicStmnt CovItemId="S16" CovItemPrefix="group2.game.Map.java" Intrnl_Id="1421">
<LocList>
<Loc EndOffset="951" SrcFileId="20" StartOffset="917"/>
</LocList>
</BasicStmnt>
<BasicStmnt CovItemId="S17" CovItemPrefix="group2.game.Map.java" Intrnl_Id="1422">
<LocList>
<Loc EndOffset="981" SrcFileId="20" StartOffset="954"/>
</LocList>
</BasicStmnt>
<LoopStmnt CovItemId="S18" CovItemPrefix="group2.game.Map.java" Intrnl_Id="1423" MltplExecId="L1-2" MltplExecPrefix="group2.game.Map.java" NvrExecId="L1-0" NvrExecPrefix="group2.game.Map.java" OnceExecutedId="L1-1" OnceExecutedPrefix="group2.game.Map.java" OptBodyExec="true">
<StmntSeq Intrnl_Id="1424">
<LocList>
<Loc EndOffset="1060" SrcFileId="20" StartOffset="1034"/>
</LocList>
<BasicStmnt CovItemId="S19" CovItemPrefix="group2.game.Map.java" Intrnl_Id="1425">
<LocList>
<Loc EndOffset="1060" SrcFileId="20" StartOffset="1034"/>
</LocList>
</BasicStmnt>
</StmntSeq>
<Keyword EndOffset="990" SrcFileId="20" StartOffset="987"/>
<LocList>
<Loc EndOffset="1064" SrcFileId="20" StartOffset="987"/>
</LocList>
<RootTerm CovItemId="C1" CovItemPrefix="group2.game.Map.java" Intrnl_Id="1426">
<BasicBoolTerm Intrnl_Id="1427">
<LocList>
<Loc EndOffset="1023" SrcFileId="20" StartOffset="1002"/>
</LocList>
</BasicBoolTerm>
</RootTerm>
</LoopStmnt>
</StmntSeq>
</HierarchyLvl>
<HierarchyLvl HierarchyLvlId="13091" HierarchyLvlTypeId="39" Intrnl_Id="1428" Name="addMenus">
<Header>
<Loc EndOffset="1095" SrcFileId="20" StartOffset="1073"/>
</Header>
<LocList>
<Loc EndOffset="1331" SrcFileId="20" StartOffset="1073"/>
</LocList>
<StmntSeq Intrnl_Id="1429">
<LocList>
<Loc EndOffset="1130" SrcFileId="20" StartOffset="1100"/>
<Loc EndOffset="1207" SrcFileId="20" StartOffset="1133"/>
<Loc EndOffset="1281" SrcFileId="20" StartOffset="1210"/>
<Loc EndOffset="1304" SrcFileId="20" StartOffset="1284"/>
<Loc EndOffset="1328" SrcFileId="20" StartOffset="1307"/>
</LocList>
<BasicStmnt CovItemId="S20" CovItemPrefix="group2.game.Map.java" Intrnl_Id="1430">
<LocList>
<Loc EndOffset="1130" SrcFileId="20" StartOffset="1100"/>
</LocList>
</BasicStmnt>
<BasicStmnt CovItemId="S21" CovItemPrefix="group2.game.Map.java" Intrnl_Id="1431">
<LocList>
<Loc EndOffset="1207" SrcFileId="20" StartOffset="1133"/>
</LocList>
</BasicStmnt>
<BasicStmnt CovItemId="S22" CovItemPrefix="group2.game.Map.java" Intrnl_Id="1432">
<LocList>
<Loc EndOffset="1281" SrcFileId="20" StartOffset="1210"/>
</LocList>
</BasicStmnt>
<BasicStmnt CovItemId="S23" CovItemPrefix="group2.game.Map.java" Intrnl_Id="1433">
<LocList>
<Loc EndOffset="1304" SrcFileId="20" StartOffset="1284"/>
</LocList>
</BasicStmnt>
<BasicStmnt CovItemId="S24" CovItemPrefix="group2.game.Map.java" Intrnl_Id="1434">
<LocList>
<Loc EndOffset="1328" SrcFileId="20" StartOffset="1307"/>
</LocList>
</BasicStmnt>
</StmntSeq>
</HierarchyLvl>
<HierarchyLvl HierarchyLvlId="13092" HierarchyLvlTypeId="39" Intrnl_Id="1435" Name="addPowerUps">
<Header>
<Loc EndOffset="1450" SrcFileId="20" StartOffset="1425"/>
</Header>
<LocList>
<Loc EndOffset="1602" SrcFileId="20" StartOffset="1425"/>
</LocList>
<StmntSeq Intrnl_Id="1436">
<LocList>
<Loc EndOffset="1492" SrcFileId="20" StartOffset="1455"/>
<Loc EndOffset="1543" SrcFileId="20" StartOffset="1495"/>
<Loc EndOffset="1598" SrcFileId="20" StartOffset="1546"/>
</LocList>
<BasicStmnt CovItemId="S25" CovItemPrefix="group2.game.Map.java" Intrnl_Id="1437">
<LocList>
<Loc EndOffset="1492" SrcFileId="20" StartOffset="1455"/>
</LocList>
</BasicStmnt>
<BasicStmnt CovItemId="S26" CovItemPrefix="group2.game.Map.java" Intrnl_Id="1438">
<LocList>
<Loc EndOffset="1543" SrcFileId="20" StartOffset="1495"/>
</LocList>
</BasicStmnt>
<BasicStmnt CovItemId="S27" CovItemPrefix="group2.game.Map.java" Intrnl_Id="1439">
<LocList>
<Loc EndOffset="1598" SrcFileId="20" StartOffset="1546"/>
</LocList>
</BasicStmnt>
</StmntSeq>
</HierarchyLvl>
<HierarchyLvl HierarchyLvlId="13093" HierarchyLvlTypeId="39" Intrnl_Id="1440" Name="addRiverBanks">
<Header>
<Loc EndOffset="1689" SrcFileId="20" StartOffset="1662"/>
</Header>
<LocList>
<Loc EndOffset="2151" SrcFileId="20" StartOffset="1662"/>
</LocList>
<StmntSeq Intrnl_Id="1441">
<LocList>
<Loc EndOffset="1735" SrcFileId="20" StartOffset="1694"/>
<Loc EndOffset="1778" SrcFileId="20" StartOffset="1738"/>
<Loc EndOffset="1821" SrcFileId="20" StartOffset="1781"/>
<Loc EndOffset="1864" SrcFileId="20" StartOffset="1824"/>
<Loc EndOffset="1907" SrcFileId="20" StartOffset="1867"/>
<Loc EndOffset="1967" SrcFileId="20" StartOffset="1910"/>
<Loc EndOffset="2027" SrcFileId="20" StartOffset="1970"/>
<Loc EndOffset="2087" SrcFileId="20" StartOffset="2030"/>
<Loc EndOffset="2147" SrcFileId="20" StartOffset="2090"/>
</LocList>
<BasicStmnt CovItemId="S28" CovItemPrefix="group2.game.Map.java" Intrnl_Id="1442">
<LocList>
<Loc EndOffset="1735" SrcFileId="20" StartOffset="1694"/>
</LocList>
</BasicStmnt>
<BasicStmnt CovItemId="S29" CovItemPrefix="group2.game.Map.java" Intrnl_Id="1443">
<LocList>
<Loc EndOffset="1778" SrcFileId="20" StartOffset="1738"/>
</LocList>
</BasicStmnt>
<BasicStmnt CovItemId="S30" CovItemPrefix="group2.game.Map.java" Intrnl_Id="1444">
<LocList>
<Loc EndOffset="1821" SrcFileId="20" StartOffset="1781"/>
</LocList>
</BasicStmnt>
<BasicStmnt CovItemId="S31" CovItemPrefix="group2.game.Map.java" Intrnl_Id="1445">
<LocList>
<Loc EndOffset="1864" SrcFileId="20" StartOffset="1824"/>
</LocList>
</BasicStmnt>
<BasicStmnt CovItemId="S32" CovItemPrefix="group2.game.Map.java" Intrnl_Id="1446">
<LocList>
<Loc EndOffset="1907" SrcFileId="20" StartOffset="1867"/>
</LocList>
</BasicStmnt>
<BasicStmnt CovItemId="S33" CovItemPrefix="group2.game.Map.java" Intrnl_Id="1447">
<LocList>
<Loc EndOffset="1967" SrcFileId="20" StartOffset="1910"/>
</LocList>
</BasicStmnt>
<BasicStmnt CovItemId="S34" CovItemPrefix="group2.game.Map.java" Intrnl_Id="1448">
<LocList>
<Loc EndOffset="2027" SrcFileId="20" StartOffset="1970"/>
</LocList>
</BasicStmnt>
<BasicStmnt CovItemId="S35" CovItemPrefix="group2.game.Map.java" Intrnl_Id="1449">
<LocList>
<Loc EndOffset="2087" SrcFileId="20" StartOffset="2030"/>
</LocList>
</BasicStmnt>
<BasicStmnt CovItemId="S36" CovItemPrefix="group2.game.Map.java" Intrnl_Id="1450">
<LocList>
<Loc EndOffset="2147" SrcFileId="20" StartOffset="2090"/>
</LocList>
</BasicStmnt>
</StmntSeq>
</HierarchyLvl>
<HierarchyLvl HierarchyLvlId="13094" HierarchyLvlTypeId="39" Intrnl_Id="1451" Name="addStreams">
<Header>
<Loc EndOffset="2178" SrcFileId="20" StartOffset="2154"/>
</Header>
<LocList>
<Loc EndOffset="2392" SrcFileId="20" StartOffset="2154"/>
</LocList>
<StmntSeq Intrnl_Id="1452">
<LocList>
<Loc EndOffset="2229" SrcFileId="20" StartOffset="2183"/>
<Loc EndOffset="2265" SrcFileId="20" StartOffset="2232"/>
<Loc EndOffset="2301" SrcFileId="20" StartOffset="2268"/>
<Loc EndOffset="2337" SrcFileId="20" StartOffset="2304"/>
<Loc EndOffset="2361" SrcFileId="20" StartOffset="2341"/>
<Loc EndOffset="2389" SrcFileId="20" StartOffset="2364"/>
</LocList>
<BasicStmnt CovItemId="S37" CovItemPrefix="group2.game.Map.java" Intrnl_Id="1453">
<LocList>
<Loc EndOffset="2229" SrcFileId="20" StartOffset="2183"/>
</LocList>
</BasicStmnt>
<BasicStmnt CovItemId="S38" CovItemPrefix="group2.game.Map.java" Intrnl_Id="1454">
<LocList>
<Loc EndOffset="2265" SrcFileId="20" StartOffset="2232"/>
</LocList>
</BasicStmnt>
<BasicStmnt CovItemId="S39" CovItemPrefix="group2.game.Map.java" Intrnl_Id="1455">
<LocList>
<Loc EndOffset="2301" SrcFileId="20" StartOffset="2268"/>
</LocList>
</BasicStmnt>
<BasicStmnt CovItemId="S40" CovItemPrefix="group2.game.Map.java" Intrnl_Id="1456">
<LocList>
<Loc EndOffset="2337" SrcFileId="20" StartOffset="2304"/>
</LocList>
</BasicStmnt>
<BasicStmnt CovItemId="S41" CovItemPrefix="group2.game.Map.java" Intrnl_Id="1457">
<LocList>
<Loc EndOffset="2361" SrcFileId="20" StartOffset="2341"/>
</LocList>
</BasicStmnt>
<BasicStmnt CovItemId="S42" CovItemPrefix="group2.game.Map.java" Intrnl_Id="1458">
<LocList>
<Loc EndOffset="2389" SrcFileId="20" StartOffset="2364"/>
</LocList>
</BasicStmnt>
</StmntSeq>
</HierarchyLvl>
<HierarchyLvl HierarchyLvlId="13095" HierarchyLvlTypeId="39" Intrnl_Id="1459" Name="update">
<Header>
<Loc EndOffset="2524" SrcFileId="20" StartOffset="2504"/>
</Header>
<LocList>
<Loc EndOffset="4108" SrcFileId="20" StartOffset="2504"/>
</LocList>
<StmntSeq Intrnl_Id="1460">
<LocList>
<Loc EndOffset="2544" SrcFileId="20" StartOffset="2529"/>
<Loc EndOffset="2564" SrcFileId="20" StartOffset="2547"/>
<Loc EndOffset="2773" SrcFileId="20" StartOffset="2567"/>
<Loc EndOffset="3715" SrcFileId="20" StartOffset="2776"/>
<Loc EndOffset="3804" SrcFileId="20" StartOffset="3718"/>
<Loc EndOffset="3819" SrcFileId="20" StartOffset="3807"/>
<Loc EndOffset="3997" SrcFileId="20" StartOffset="3822"/>
<Loc EndOffset="4082" SrcFileId="20" StartOffset="4000"/>
<Loc EndOffset="4100" SrcFileId="20" StartOffset="4086"/>
</LocList>
<BasicStmnt CovItemId="S43" CovItemPrefix="group2.game.Map.java" Intrnl_Id="1461">
<LocList>
<Loc EndOffset="2544" SrcFileId="20" StartOffset="2529"/>
</LocList>
</BasicStmnt>
<BasicStmnt CovItemId="S44" CovItemPrefix="group2.game.Map.java" Intrnl_Id="1462">
<LocList>
<Loc EndOffset="2564" SrcFileId="20" StartOffset="2547"/>
</LocList>
</BasicStmnt>
<CondStmnt CovItemId="S45" CovItemPrefix="group2.game.Map.java" Intrnl_Id="1463">
<Branch CovItemId="B1" CovItemPrefix="group2.game.Map.java" Implct="false" Intrnl_Id="1464">
<Cond/>
<LocList>
<Loc EndOffset="2773" SrcFileId="20" StartOffset="2592"/>
</LocList>
<StmntSeq Intrnl_Id="1465">
<LocList>
<Loc EndOffset="2615" SrcFileId="20" StartOffset="2597"/>
<Loc EndOffset="2643" SrcFileId="20" StartOffset="2619"/>
<Loc EndOffset="2769" SrcFileId="20" StartOffset="2647"/>
</LocList>
<BasicStmnt CovItemId="S46" CovItemPrefix="group2.game.Map.java" Intrnl_Id="1466">
<LocList>
<Loc EndOffset="2615" SrcFileId="20" StartOffset="2597"/>
</LocList>
</BasicStmnt>
<BasicStmnt CovItemId="S47" CovItemPrefix="group2.game.Map.java" Intrnl_Id="1467">
<LocList>
<Loc EndOffset="2643" SrcFileId="20" StartOffset="2619"/>
</LocList>
</BasicStmnt>
<CondStmnt CovItemId="S48" CovItemPrefix="group2.game.Map.java" Intrnl_Id="1468">
<Branch CovItemId="B3" CovItemPrefix="group2.game.Map.java" Implct="false" Intrnl_Id="1469">
<Cond/>
<LocList>
<Loc EndOffset="2724" SrcFileId="20" StartOffset="2673"/>
</LocList>
<StmntSeq Intrnl_Id="1470">
<LocList>
<Loc EndOffset="2719" SrcFileId="20" StartOffset="2679"/>
</LocList>
<BasicStmnt CovItemId="S49" CovItemPrefix="group2.game.Map.java" Intrnl_Id="1471">
<LocList>
<Loc EndOffset="2719" SrcFileId="20" StartOffset="2679"/>
</LocList>
</BasicStmnt>
</StmntSeq>
</Branch>
<Branch CovItemId="B4" CovItemPrefix="group2.game.Map.java" Implct="false" Intrnl_Id="1472">
<Cond>
<Loc EndOffset="2728" SrcFileId="20" StartOffset="2724"/>
</Cond>
<LocList>
<Loc EndOffset="2769" SrcFileId="20" StartOffset="2728"/>
</LocList>
<StmntSeq Intrnl_Id="1473">
<LocList>
<Loc EndOffset="2764" SrcFileId="20" StartOffset="2734"/>
</LocList>
<BasicStmnt CovItemId="S50" CovItemPrefix="group2.game.Map.java" Intrnl_Id="1474">
<LocList>
<Loc EndOffset="2764" SrcFileId="20" StartOffset="2734"/>
</LocList>
</BasicStmnt>
</StmntSeq>
</Branch>
<Keyword EndOffset="2649" SrcFileId="20" StartOffset="2647"/>
<LocList>
<Loc EndOffset="2769" SrcFileId="20" StartOffset="2647"/>
</LocList>
<RootTerm CovItemId="C3" CovItemPrefix="group2.game.Map.java" Intrnl_Id="1475">
<BasicBoolTerm Intrnl_Id="1476">
<LocList>
<Loc EndOffset="2672" SrcFileId="20" StartOffset="2650"/>
</LocList>
</BasicBoolTerm>
</RootTerm>
</CondStmnt>
</StmntSeq>
</Branch>
<Branch CovItemId="B2" CovItemPrefix="group2.game.Map.java" Implct="true" Intrnl_Id="1477">
<Cond/>
<LocList/>
<StmntSeq Intrnl_Id="1478">
<LocList/>
</StmntSeq>
</Branch>
<Keyword EndOffset="2569" SrcFileId="20" StartOffset="2567"/>
<LocList>
<Loc EndOffset="2773" SrcFileId="20" StartOffset="2567"/>
</LocList>
<RootTerm CovItemId="C2" CovItemPrefix="group2.game.Map.java" Intrnl_Id="1479">
<BasicBoolTerm Intrnl_Id="1480">
<LocList>
<Loc EndOffset="2590" SrcFileId="20" StartOffset="2571"/>
</LocList>
</BasicBoolTerm>
</RootTerm>
</CondStmnt>
<CondStmnt CovItemId="S51" CovItemPrefix="group2.game.Map.java" Intrnl_Id="1481">
<Branch CovItemId="B5" CovItemPrefix="group2.game.Map.java" Implct="false" Intrnl_Id="1482">
<Cond/>
<LocList>
<Loc EndOffset="3715" SrcFileId="20" StartOffset="2824"/>
</LocList>
<StmntSeq Intrnl_Id="1483">
<LocList>
<Loc EndOffset="2848" SrcFileId="20" StartOffset="2829"/>
<Loc EndOffset="3213" SrcFileId="20" StartOffset="2852"/>
<Loc EndOffset="3264" SrcFileId="20" StartOffset="3229"/>
<Loc EndOffset="3711" SrcFileId="20" StartOffset="3268"/>
</LocList>
<BasicStmnt CovItemId="S52" CovItemPrefix="group2.game.Map.java" Intrnl_Id="1484">
<LocList>
<Loc EndOffset="2848" SrcFileId="20" StartOffset="2829"/>
</LocList>
</BasicStmnt>
<BasicStmnt CovItemId="S53" CovItemPrefix="group2.game.Map.java" Intrnl_Id="1485">
<LocList>
<Loc EndOffset="3213" SrcFileId="20" StartOffset="2852"/>
</LocList>
<QMO CovItemId="Q1" CovItemPrefix="group2.game.Map.java" Intrnl_Id="1486">
<LocList>
<Loc EndOffset="3042" SrcFileId="20" StartOffset="3020"/>
</LocList>
<QMO_E CovItemId="Q1-0" CovItemPrefix="group2.game.Map.java" Intrnl_Id="1487">
<LocList>
<Loc EndOffset="3069" SrcFileId="20" StartOffset="3045"/>
</LocList>
</QMO_E>
<QMO_E CovItemId="Q1-1" CovItemPrefix="group2.game.Map.java" Intrnl_Id="1488">
<LocList>
<Loc EndOffset="3105" SrcFileId="20" StartOffset="3072"/>
</LocList>
</QMO_E>
</QMO>
<QMO CovItemId="Q0" CovItemPrefix="group2.game.Map.java" Intrnl_Id="1489">
<LocList>
<Loc EndOffset="2937" SrcFileId="20" StartOffset="2915"/>
</LocList>
<QMO_E CovItemId="Q0-0" CovItemPrefix="group2.game.Map.java" Intrnl_Id="1490">
<LocList>
<Loc EndOffset="2965" SrcFileId="20" StartOffset="2940"/>
</LocList>
</QMO_E>
<QMO_E CovItemId="Q0-1" CovItemPrefix="group2.game.Map.java" Intrnl_Id="1491">
<LocList>
<Loc EndOffset="3001" SrcFileId="20" StartOffset="2968"/>
</LocList>
</QMO_E>
</QMO>
<QMO CovItemId="Q2" CovItemPrefix="group2.game.Map.java" Intrnl_Id="1492">
<LocList>
<Loc EndOffset="3146" SrcFileId="20" StartOffset="3124"/>
</LocList>
<QMO_E CovItemId="Q2-0" CovItemPrefix="group2.game.Map.java" Intrnl_Id="1493">
<LocList>
<Loc EndOffset="3174" SrcFileId="20" StartOffset="3149"/>
</LocList>
</QMO_E>
<QMO_E CovItemId="Q2-1" CovItemPrefix="group2.game.Map.java" Intrnl_Id="1494">
<LocList>
<Loc EndOffset="3210" SrcFileId="20" StartOffset="3177"/>
</LocList>
</QMO_E>
</QMO>
</BasicStmnt>
<BasicStmnt CovItemId="S54" CovItemPrefix="group2.game.Map.java" Intrnl_Id="1495">
<LocList>
<Loc EndOffset="3264" SrcFileId="20" StartOffset="3229"/>
</LocList>
</BasicStmnt>
<CondStmnt CovItemId="S55" CovItemPrefix="group2.game.Map.java" Intrnl_Id="1496">
<Branch CovItemId="B7" CovItemPrefix="group2.game.Map.java" Implct="false" Intrnl_Id="1497">
<Cond/>
<LocList>
<Loc EndOffset="3496" SrcFileId="20" StartOffset="3294"/>
</LocList>
<StmntSeq Intrnl_Id="1498">
<LocList>
<Loc EndOffset="3491" SrcFileId="20" StartOffset="3300"/>
</LocList>
<CondStmnt CovItemId="S56" CovItemPrefix="group2.game.Map.java" Intrnl_Id="1499">
<Branch CovItemId="B9" CovItemPrefix="group2.game.Map.java" Implct="false" Intrnl_Id="1500">
<Cond/>
<LocList>
<Loc EndOffset="3491" SrcFileId="20" StartOffset="3334"/>
</LocList>
<StmntSeq Intrnl_Id="1501">
<LocList>
<Loc EndOffset="3485" SrcFileId="20" StartOffset="3341"/>
</LocList>
<BasicStmnt CovItemId="S57" CovItemPrefix="group2.game.Map.java" Intrnl_Id="1502">
<LocList>
<Loc EndOffset="3485" SrcFileId="20" StartOffset="3341"/>
</LocList>
</BasicStmnt>
</StmntSeq>
</Branch>
<Branch CovItemId="B10" CovItemPrefix="group2.game.Map.java" Implct="true" Intrnl_Id="1503">
<Cond/>
<LocList/>
<StmntSeq Intrnl_Id="1504">
<LocList/>
</StmntSeq>
</Branch>
<Keyword EndOffset="3302" SrcFileId="20" StartOffset="3300"/>
<LocList>
<Loc EndOffset="3491" SrcFileId="20" StartOffset="3300"/>
</LocList>
<RootTerm CovItemId="C6" CovItemPrefix="group2.game.Map.java" Intrnl_Id="1505">
<OpTerm BooleanOpId="33" Intrnl_Id="1506">
<BasicBoolTerm Intrnl_Id="1507">
<LocList>
<Loc EndOffset="3332" SrcFileId="20" StartOffset="3305"/>
</LocList>
</BasicBoolTerm>
<LocList>
<Loc EndOffset="3305" SrcFileId="20" StartOffset="3304"/>
</LocList>
</OpTerm>
</RootTerm>
</CondStmnt>
</StmntSeq>
</Branch>
<Branch CovItemId="B8" CovItemPrefix="group2.game.Map.java" Implct="false" Intrnl_Id="1508">
<Cond>
<Loc EndOffset="3501" SrcFileId="20" StartOffset="3497"/>
</Cond>
<LocList>
<Loc EndOffset="3711" SrcFileId="20" StartOffset="3502"/>
</LocList>
<StmntSeq Intrnl_Id="1509">
<LocList>
<Loc EndOffset="3706" SrcFileId="20" StartOffset="3508"/>
</LocList>
<CondStmnt CovItemId="S58" CovItemPrefix="group2.game.Map.java" Intrnl_Id="1510">
<Branch CovItemId="B11" CovItemPrefix="group2.game.Map.java" Implct="false" Intrnl_Id="1511">
<Cond/>
<LocList>
<Loc EndOffset="3706" SrcFileId="20" StartOffset="3542"/>
</LocList>
<StmntSeq Intrnl_Id="1512">
<LocList>
<Loc EndOffset="3700" SrcFileId="20" StartOffset="3549"/>
</LocList>
<BasicStmnt CovItemId="S59" CovItemPrefix="group2.game.Map.java" Intrnl_Id="1513">
<LocList>
<Loc EndOffset="3700" SrcFileId="20" StartOffset="3549"/>
</LocList>
</BasicStmnt>
</StmntSeq>
</Branch>
<Branch CovItemId="B12" CovItemPrefix="group2.game.Map.java" Implct="true" Intrnl_Id="1514">
<Cond/>
<LocList/>
<StmntSeq Intrnl_Id="1515">
<LocList/>
</StmntSeq>
</Branch>
<Keyword EndOffset="3510" SrcFileId="20" StartOffset="3508"/>
<LocList>
<Loc EndOffset="3706" SrcFileId="20" StartOffset="3508"/>
</LocList>
<RootTerm CovItemId="C7" CovItemPrefix="group2.game.Map.java" Intrnl_Id="1516">
<OpTerm BooleanOpId="33" Intrnl_Id="1517">
<BasicBoolTerm Intrnl_Id="1518">
<LocList>
<Loc EndOffset="3540" SrcFileId="20" StartOffset="3513"/>
</LocList>
</BasicBoolTerm>
<LocList>
<Loc EndOffset="3513" SrcFileId="20" StartOffset="3512"/>
</LocList>
</OpTerm>
</RootTerm>
</CondStmnt>
</StmntSeq>
</Branch>
<Keyword EndOffset="3270" SrcFileId="20" StartOffset="3268"/>
<LocList>
<Loc EndOffset="3711" SrcFileId="20" StartOffset="3268"/>
</LocList>
<RootTerm CovItemId="C5" CovItemPrefix="group2.game.Map.java" Intrnl_Id="1519">
<BasicBoolTerm Intrnl_Id="1520">
<LocList>
<Loc EndOffset="3292" SrcFileId="20" StartOffset="3272"/>
</LocList>
</BasicBoolTerm>
</RootTerm>
</CondStmnt>
</StmntSeq>
</Branch>
<Branch CovItemId="B6" CovItemPrefix="group2.game.Map.java" Implct="true" Intrnl_Id="1521">
<Cond/>
<LocList/>
<StmntSeq Intrnl_Id="1522">
<LocList/>
</StmntSeq>
</Branch>
<Keyword EndOffset="2778" SrcFileId="20" StartOffset="2776"/>
<LocList>
<Loc EndOffset="3715" SrcFileId="20" StartOffset="2776"/>
</LocList>
<RootTerm CovItemId="C4" CovItemPrefix="group2.game.Map.java" Intrnl_Id="1523">
<BasicBoolTerm Intrnl_Id="1524">
<LocList>
<Loc EndOffset="2822" SrcFileId="20" StartOffset="2780"/>
</LocList>
</BasicBoolTerm>
</RootTerm>
</CondStmnt>
<LoopStmnt CovItemId="S60" CovItemPrefix="group2.game.Map.java" Intrnl_Id="1525" MltplExecId="L2-2" MltplExecPrefix="group2.game.Map.java" NvrExecId="L2-0" NvrExecPrefix="group2.game.Map.java" OnceExecutedId="L2-1" OnceExecutedPrefix="group2.game.Map.java" OptBodyExec="true">
<StmntSeq Intrnl_Id="1526">
<LocList>
<Loc EndOffset="3800" SrcFileId="20" StartOffset="3770"/>
</LocList>
<BasicStmnt CovItemId="S61" CovItemPrefix="group2.game.Map.java" Intrnl_Id="1527">
<LocList>
<Loc EndOffset="3800" SrcFileId="20" StartOffset="3770"/>
</LocList>
</BasicStmnt>
</StmntSeq>
<Keyword EndOffset="3721" SrcFileId="20" StartOffset="3718"/>
<LocList>
<Loc EndOffset="3804" SrcFileId="20" StartOffset="3718"/>
</LocList>
<RootTerm CovItemId="C8" CovItemPrefix="group2.game.Map.java" Intrnl_Id="1528">
<BasicBoolTerm Intrnl_Id="1529">
<LocList>
<Loc EndOffset="3758" SrcFileId="20" StartOffset="3734"/>
</LocList>
</BasicBoolTerm>
</RootTerm>
</LoopStmnt>
<BasicStmnt CovItemId="S62" CovItemPrefix="group2.game.Map.java" Intrnl_Id="1530">
<LocList>
<Loc EndOffset="3819" SrcFileId="20" StartOffset="3807"/>
</LocList>
</BasicStmnt>
<CondStmnt CovItemId="S63" CovItemPrefix="group2.game.Map.java" Intrnl_Id="1531">
<Branch CovItemId="B13" CovItemPrefix="group2.game.Map.java" Implct="false" Intrnl_Id="1532">
<Cond/>
<LocList>
<Loc EndOffset="3997" SrcFileId="20" StartOffset="3840"/>
</LocList>
<StmntSeq Intrnl_Id="1533">
<LocList>
<Loc EndOffset="3881" SrcFileId="20" StartOffset="3845"/>
<Loc EndOffset="3895" SrcFileId="20" StartOffset="3885"/>
<Loc EndOffset="3993" SrcFileId="20" StartOffset="3899"/>
</LocList>
<BasicStmnt CovItemId="S64" CovItemPrefix="group2.game.Map.java" Intrnl_Id="1534">
<LocList>
<Loc EndOffset="3881" SrcFileId="20" StartOffset="3845"/>
</LocList>
</BasicStmnt>
<BasicStmnt CovItemId="S65" CovItemPrefix="group2.game.Map.java" Intrnl_Id="1535">
<LocList>
<Loc EndOffset="3895" SrcFileId="20" StartOffset="3885"/>
</LocList>
</BasicStmnt>
<LoopStmnt CovItemId="S66" CovItemPrefix="group2.game.Map.java" Intrnl_Id="1536" MltplExecId="L3-2" MltplExecPrefix="group2.game.Map.java" NvrExecId="L3-0" NvrExecPrefix="group2.game.Map.java" OnceExecutedId="L3-1" OnceExecutedPrefix="group2.game.Map.java" OptBodyExec="true">
<StmntSeq Intrnl_Id="1537">
<LocList>
<Loc EndOffset="3988" SrcFileId="20" StartOffset="3984"/>
</LocList>
<BasicStmnt CovItemId="S67" CovItemPrefix="group2.game.Map.java" Intrnl_Id="1538">
<LocList>
<Loc EndOffset="3988" SrcFileId="20" StartOffset="3984"/>
</LocList>
</BasicStmnt>
</StmntSeq>
<Keyword EndOffset="3904" SrcFileId="20" StartOffset="3899"/>
<LocList>
<Loc EndOffset="3993" SrcFileId="20" StartOffset="3899"/>
</LocList>
<RootTerm CovItemId="C10" CovItemPrefix="group2.game.Map.java" Intrnl_Id="1539">
<OpTerm BooleanOpId="34" Intrnl_Id="1540">
<OpTerm BooleanOpId="33" Intrnl_Id="1541">
<BasicBoolTerm Intrnl_Id="1542">
<LocList>
<Loc EndOffset="3967" SrcFileId="20" StartOffset="3906"/>
</LocList>
</BasicBoolTerm>
<LocList>
<Loc EndOffset="3906" SrcFileId="20" StartOffset="3905"/>
</LocList>
</OpTerm>
<BasicBoolTerm Intrnl_Id="1543">
<LocList>
<Loc EndOffset="3977" SrcFileId="20" StartOffset="3971"/>
</LocList>
</BasicBoolTerm>
<LocList>
<Loc EndOffset="3970" SrcFileId="20" StartOffset="3968"/>
</LocList>
</OpTerm>
</RootTerm>
</LoopStmnt>
</StmntSeq>
</Branch>
<Branch CovItemId="B14" CovItemPrefix="group2.game.Map.java" Implct="true" Intrnl_Id="1544">
<Cond/>
<LocList/>
<StmntSeq Intrnl_Id="1545">
<LocList/>
</StmntSeq>
</Branch>
<Keyword EndOffset="3824" SrcFileId="20" StartOffset="3822"/>
<LocList>
<Loc EndOffset="3997" SrcFileId="20" StartOffset="3822"/>
</LocList>
<RootTerm CovItemId="C9" CovItemPrefix="group2.game.Map.java" Intrnl_Id="1546">
<BasicBoolTerm Intrnl_Id="1547">
<LocList>
<Loc EndOffset="3839" SrcFileId="20" StartOffset="3826"/>
</LocList>
</BasicBoolTerm>
</RootTerm>
</CondStmnt>
<LoopStmnt CovItemId="S68" CovItemPrefix="group2.game.Map.java" Intrnl_Id="1548" MltplExecId="L4-2" MltplExecPrefix="group2.game.Map.java" NvrExecId="L4-0" NvrExecPrefix="group2.game.Map.java" OnceExecutedId="L4-1" OnceExecutedPrefix="group2.game.Map.java" OptBodyExec="true">
<StmntSeq Intrnl_Id="1549">
<LocList>
<Loc EndOffset="4078" SrcFileId="20" StartOffset="4050"/>
</LocList>
<BasicStmnt CovItemId="S69" CovItemPrefix="group2.game.Map.java" Intrnl_Id="1550">
<LocList>
<Loc EndOffset="4078" SrcFileId="20" StartOffset="4050"/>
</LocList>
</BasicStmnt>
</StmntSeq>
<Keyword EndOffset="4003" SrcFileId="20" StartOffset="4000"/>
<LocList>
<Loc EndOffset="4082" SrcFileId="20" StartOffset="4000"/>
</LocList>
<RootTerm CovItemId="C11" CovItemPrefix="group2.game.Map.java" Intrnl_Id="1551">
<BasicBoolTerm Intrnl_Id="1552">
<LocList>
<Loc EndOffset="4038" SrcFileId="20" StartOffset="4016"/>
</LocList>
</BasicBoolTerm>
</RootTerm>
</LoopStmnt>
<BasicStmnt CovItemId="S70" CovItemPrefix="group2.game.Map.java" Intrnl_Id="1553">
<LocList>
<Loc EndOffset="4100" SrcFileId="20" StartOffset="4086"/>
</LocList>
</BasicStmnt>
</StmntSeq>
</HierarchyLvl>
<HierarchyLvl HierarchyLvlId="13096" HierarchyLvlTypeId="39" Intrnl_Id="1554" Name="updateSpeed">
<Header>
<Loc EndOffset="4220" SrcFileId="20" StartOffset="4190"/>
</Header>
<LocList>
<Loc EndOffset="4289" SrcFileId="20" StartOffset="4190"/>
</LocList>
<StmntSeq Intrnl_Id="1555">
<LocList>
<Loc EndOffset="4286" SrcFileId="20" StartOffset="4225"/>
</LocList>
<BasicStmnt CovItemId="S71" CovItemPrefix="group2.game.Map.java" Intrnl_Id="1556">
<LocList>
<Loc EndOffset="4286" SrcFileId="20" StartOffset="4225"/>
</LocList>
</BasicStmnt>
</StmntSeq>
</HierarchyLvl>
</HierarchyLvl>
<HierarchyLvl HierarchyLvlId="13109" HierarchyLvlTypeId="38" Intrnl_Id="1557" Name="InputHandler">
<Header>
<Loc EndOffset="341" SrcFileId="21" StartOffset="255"/>
</Header>
<LocList>
<Loc EndOffset="8199" SrcFileId="21" StartOffset="255"/>
</LocList>
<StmntSeq Intrnl_Id="1558">
<LocList>
<Loc EndOffset="422" SrcFileId="21" StartOffset="384"/>
<Loc EndOffset="447" SrcFileId="21" StartOffset="424"/>
<Loc EndOffset="478" SrcFileId="21" StartOffset="449"/>
</LocList>
<BasicStmnt CovItemId="S1" CovItemPrefix="group2.game.InputHandler.java" Intrnl_Id="1559">
<LocList>
<Loc EndOffset="422" SrcFileId="21" StartOffset="384"/>
</LocList>
</BasicStmnt>
<BasicStmnt CovItemId="S2" CovItemPrefix="group2.game.InputHandler.java" Intrnl_Id="1560">
<LocList>
<Loc EndOffset="447" SrcFileId="21" StartOffset="424"/>
</LocList>
</BasicStmnt>
<BasicStmnt CovItemId="S3" CovItemPrefix="group2.game.InputHandler.java" Intrnl_Id="1561">
<LocList>
<Loc EndOffset="478" SrcFileId="21" StartOffset="449"/>
</LocList>
</BasicStmnt>
</StmntSeq>
<HierarchyLvl HierarchyLvlId="13098" HierarchyLvlTypeId="39" Intrnl_Id="1562" Name="InputHandler">
<Header>
<Loc EndOffset="519" SrcFileId="21" StartOffset="481"/>
</Header>
<LocList>
<Loc EndOffset="542" SrcFileId="21" StartOffset="481"/>
</LocList>
<StmntSeq Intrnl_Id="1563">
<LocList>
<Loc EndOffset="538" SrcFileId="21" StartOffset="524"/>
</LocList>
<BasicStmnt CovItemId="S4" CovItemPrefix="group2.game.InputHandler.java" Intrnl_Id="1564">
<LocList>
<Loc EndOffset="538" SrcFileId="21" StartOffset="524"/>
</LocList>
</BasicStmnt>
</StmntSeq>
</HierarchyLvl>
<HierarchyLvl HierarchyLvlId="13099" HierarchyLvlTypeId="39" Intrnl_Id="1565" Name="keyPressed">
<Header>
<Loc EndOffset="590" SrcFileId="21" StartOffset="545"/>
</Header>
<LocList>
<Loc EndOffset="595" SrcFileId="21" StartOffset="545"/>
</LocList>
</HierarchyLvl>
<HierarchyLvl HierarchyLvlId="13100" HierarchyLvlTypeId="39" Intrnl_Id="1566" Name="keyReleased">
<Header>
<Loc EndOffset="644" SrcFileId="21" StartOffset="598"/>
</Header>
<LocList>
<Loc EndOffset="649" SrcFileId="21" StartOffset="598"/>
</LocList>
</HierarchyLvl>
<HierarchyLvl HierarchyLvlId="13101" HierarchyLvlTypeId="39" Intrnl_Id="1567" Name="keyTyped">
<Header>
<Loc EndOffset="695" SrcFileId="21" StartOffset="652"/>
</Header>
<LocList>
<Loc EndOffset="700" SrcFileId="21" StartOffset="652"/>
</LocList>
</HierarchyLvl>
<HierarchyLvl HierarchyLvlId="13102" HierarchyLvlTypeId="39" Intrnl_Id="1568" Name="mouseClicked">
<Header>
<Loc EndOffset="752" SrcFileId="21" StartOffset="703"/>
</Header>
<LocList>
<Loc EndOffset="758" SrcFileId="21" StartOffset="703"/>
</LocList>
</HierarchyLvl>
<HierarchyLvl HierarchyLvlId="13103" HierarchyLvlTypeId="39" Intrnl_Id="1569" Name="mouseDragged">
<Header>
<Loc EndOffset="813" SrcFileId="21" StartOffset="761"/>
</Header>
<LocList>
<Loc EndOffset="819" SrcFileId="21" StartOffset="761"/>
</LocList>
</HierarchyLvl>
<HierarchyLvl HierarchyLvlId="13104" HierarchyLvlTypeId="39" Intrnl_Id="1570" Name="mouseEntered">
<Header>
<Loc EndOffset="871" SrcFileId="21" StartOffset="822"/>
</Header>
<LocList>
<Loc EndOffset="877" SrcFileId="21" StartOffset="822"/>
</LocList>
</HierarchyLvl>
<HierarchyLvl HierarchyLvlId="13105" HierarchyLvlTypeId="39" Intrnl_Id="1571" Name="mouseExited">
<Header>
<Loc EndOffset="928" SrcFileId="21" StartOffset="880"/>
</Header>
<LocList>
<Loc EndOffset="934" SrcFileId="21" StartOffset="880"/>
</LocList>
</HierarchyLvl>
<HierarchyLvl HierarchyLvlId="13106" HierarchyLvlTypeId="39" Intrnl_Id="1572" Name="mouseMoved">
<Header>
<Loc EndOffset="987" SrcFileId="21" StartOffset="937"/>
</Header>
<LocList>
<Loc EndOffset="993" SrcFileId="21" StartOffset="937"/>
</LocList>
</HierarchyLvl>
<HierarchyLvl HierarchyLvlId="13107" HierarchyLvlTypeId="39" Intrnl_Id="1573" Name="mousePressed">
<Header>
<Loc EndOffset="1936" SrcFileId="21" StartOffset="996"/>
</Header>
<LocList>
<Loc EndOffset="6762" SrcFileId="21" StartOffset="996"/>
</LocList>
<StmntSeq Intrnl_Id="1574">
<LocList>
<Loc EndOffset="1982" SrcFileId="21" StartOffset="1942"/>
<Loc EndOffset="2026" SrcFileId="21" StartOffset="1985"/>
<Loc EndOffset="2073" SrcFileId="21" StartOffset="2029"/>
<Loc EndOffset="6759" SrcFileId="21" StartOffset="2076"/>
</LocList>
<BasicStmnt CovItemId="S5" CovItemPrefix="group2.game.InputHandler.java" Intrnl_Id="1575">
<LocList>
<Loc EndOffset="1982" SrcFileId="21" StartOffset="1942"/>
</LocList>
</BasicStmnt>
<BasicStmnt CovItemId="S6" CovItemPrefix="group2.game.InputHandler.java" Intrnl_Id="1576">
<LocList>
<Loc EndOffset="2026" SrcFileId="21" StartOffset="1985"/>
</LocList>
</BasicStmnt>
<BasicStmnt CovItemId="S7" CovItemPrefix="group2.game.InputHandler.java" Intrnl_Id="1577">
<LocList>
<Loc EndOffset="2073" SrcFileId="21" StartOffset="2029"/>
</LocList>
</BasicStmnt>
<CondStmnt CovItemId="S8" CovItemPrefix="group2.game.InputHandler.java" Intrnl_Id="1578">
<Branch CovItemId="B1" CovItemPrefix="group2.game.InputHandler.java" Implct="false" Intrnl_Id="1579">
<Cond/>
<LocList>
<Loc EndOffset="6061" SrcFileId="21" StartOffset="2098"/>
</LocList>
<StmntSeq Intrnl_Id="1580">
<LocList>
<Loc EndOffset="2281" SrcFileId="21" StartOffset="2103"/>
<Loc EndOffset="6057" SrcFileId="21" StartOffset="2293"/>
</LocList>
<CondStmnt CovItemId="S9" CovItemPrefix="group2.game.InputHandler.java" Intrnl_Id="1581">
<Branch CovItemId="B3" CovItemPrefix="group2.game.InputHandler.java" Implct="false" Intrnl_Id="1582">
<Cond/>
<LocList>
<Loc EndOffset="2281" SrcFileId="21" StartOffset="2128"/>
</LocList>
<StmntSeq Intrnl_Id="1583">
<LocList>
<Loc EndOffset="2276" SrcFileId="21" StartOffset="2134"/>
</LocList>
<CondStmnt CovItemId="S10" CovItemPrefix="group2.game.InputHandler.java" Intrnl_Id="1584">
<Branch CovItemId="B5" CovItemPrefix="group2.game.InputHandler.java" Implct="false" Intrnl_Id="1585">
<Cond/>
<LocList>
<Loc EndOffset="2276" SrcFileId="21" StartOffset="2188"/>
</LocList>
<StmntSeq Intrnl_Id="1586">
<LocList>
<Loc EndOffset="2216" SrcFileId="21" StartOffset="2195"/>
<Loc EndOffset="2252" SrcFileId="21" StartOffset="2222"/>
<Loc EndOffset="2270" SrcFileId="21" StartOffset="2258"/>
</LocList>
<BasicStmnt CovItemId="S11" CovItemPrefix="group2.game.InputHandler.java" Intrnl_Id="1587">
<LocList>
<Loc EndOffset="2216" SrcFileId="21" StartOffset="2195"/>
</LocList>
</BasicStmnt>
<BasicStmnt CovItemId="S12" CovItemPrefix="group2.game.InputHandler.java" Intrnl_Id="1588">
<LocList>
<Loc EndOffset="2252" SrcFileId="21" StartOffset="2222"/>
</LocList>
</BasicStmnt>
<BasicStmnt CovItemId="S13" CovItemPrefix="group2.game.InputHandler.java" Intrnl_Id="1589">
<LocList>
<Loc EndOffset="2270" SrcFileId="21" StartOffset="2258"/>
</LocList>
</BasicStmnt>
</StmntSeq>
</Branch>
<Branch CovItemId="B6" CovItemPrefix="group2.game.InputHandler.java" Implct="true" Intrnl_Id="1590">
<Cond/>
<LocList/>
<StmntSeq Intrnl_Id="1591">
<LocList/>
</StmntSeq>
</Branch>
<Keyword EndOffset="2136" SrcFileId="21" StartOffset="2134"/>
<LocList>
<Loc EndOffset="2276" SrcFileId="21" StartOffset="2134"/>
</LocList>
<RootTerm CovItemId="C3" CovItemPrefix="group2.game.InputHandler.java" Intrnl_Id="1592">
<OpTerm BooleanOpId="34" Intrnl_Id="1593">
<OpTerm BooleanOpId="34" Intrnl_Id="1594">
<OpTerm BooleanOpId="34" Intrnl_Id="1595">
<BasicBoolTerm Intrnl_Id="1596">
<LocList>
<Loc EndOffset="2147" SrcFileId="21" StartOffset="2138"/>
</LocList>
</BasicBoolTerm>
<BasicBoolTerm Intrnl_Id="1597">
<LocList>
<Loc EndOffset="2160" SrcFileId="21" StartOffset="2151"/>
</LocList>
</BasicBoolTerm>
<LocList>
<Loc EndOffset="2150" SrcFileId="21" StartOffset="2148"/>
</LocList>
</OpTerm>
<BasicBoolTerm Intrnl_Id="1598">
<LocList>
<Loc EndOffset="2173" SrcFileId="21" StartOffset="2164"/>
</LocList>
</BasicBoolTerm>
<LocList>
<Loc EndOffset="2163" SrcFileId="21" StartOffset="2161"/>
</LocList>
</OpTerm>
<BasicBoolTerm Intrnl_Id="1599">
<LocList>
<Loc EndOffset="2186" SrcFileId="21" StartOffset="2177"/>
</LocList>
</BasicBoolTerm>
<LocList>
<Loc EndOffset="2176" SrcFileId="21" StartOffset="2174"/>
</LocList>
</OpTerm>
</RootTerm>
</CondStmnt>
</StmntSeq>
</Branch>
<Branch CovItemId="B4" CovItemPrefix="group2.game.InputHandler.java" Implct="true" Intrnl_Id="1600">
<Cond/>
<LocList/>
<StmntSeq Intrnl_Id="1601">
<LocList/>
</StmntSeq>
</Branch>
<Keyword EndOffset="2105" SrcFileId="21" StartOffset="2103"/>
<LocList>
<Loc EndOffset="2281" SrcFileId="21" StartOffset="2103"/>
</LocList>
<RootTerm CovItemId="C2" CovItemPrefix="group2.game.InputHandler.java" Intrnl_Id="1602">
<BasicBoolTerm Intrnl_Id="1603">
<LocList>
<Loc EndOffset="2126" SrcFileId="21" StartOffset="2107"/>
</LocList>
</BasicBoolTerm>
</RootTerm>
</CondStmnt>
<CondStmnt CovItemId="S14" CovItemPrefix="group2.game.InputHandler.java" Intrnl_Id="1604">
<Branch CovItemId="B7" CovItemPrefix="group2.game.InputHandler.java" Implct="false" Intrnl_Id="1605">
<Cond/>
<LocList>
<Loc EndOffset="4871" SrcFileId="21" StartOffset="2312"/>
</LocList>
<StmntSeq Intrnl_Id="1606">
<LocList>
<Loc EndOffset="2957" SrcFileId="21" StartOffset="2334"/>
<Loc EndOffset="3593" SrcFileId="21" StartOffset="2978"/>
<Loc EndOffset="4229" SrcFileId="21" StartOffset="3614"/>
<Loc EndOffset="4866" SrcFileId="21" StartOffset="4250"/>
</LocList>
<CondStmnt CovItemId="S15" CovItemPrefix="group2.game.InputHandler.java" Intrnl_Id="1607">
<Branch CovItemId="B9" CovItemPrefix="group2.game.InputHandler.java" Implct="false" Intrnl_Id="1608">
<Cond/>
<LocList>
<Loc EndOffset="2957" SrcFileId="21" StartOffset="2406"/>
</LocList>
<StmntSeq Intrnl_Id="1609">
<LocList>
<Loc EndOffset="2951" SrcFileId="21" StartOffset="2413"/>
</LocList>
<CondStmnt CovItemId="S16" CovItemPrefix="group2.game.InputHandler.java" Intrnl_Id="1610">
<Branch CovItemId="B11" CovItemPrefix="group2.game.InputHandler.java" Implct="false" Intrnl_Id="1611">
<Cond/>
<LocList>
<Loc EndOffset="2716" SrcFileId="21" StartOffset="2485"/>
</LocList>
<StmntSeq Intrnl_Id="1612">
<LocList>
<Loc EndOffset="2548" SrcFileId="21" StartOffset="2493"/>
<Loc EndOffset="2612" SrcFileId="21" StartOffset="2555"/>
<Loc EndOffset="2641" SrcFileId="21" StartOffset="2619"/>
<Loc EndOffset="2677" SrcFileId="21" StartOffset="2648"/>
<Loc EndOffset="2709" SrcFileId="21" StartOffset="2684"/>
</LocList>
<BasicStmnt CovItemId="S17" CovItemPrefix="group2.game.InputHandler.java" Intrnl_Id="1613">
<LocList>
<Loc EndOffset="2548" SrcFileId="21" StartOffset="2493"/>
</LocList>
</BasicStmnt>
<BasicStmnt CovItemId="S18" CovItemPrefix="group2.game.InputHandler.java" Intrnl_Id="1614">
<LocList>
<Loc EndOffset="2612" SrcFileId="21" StartOffset="2555"/>
</LocList>
</BasicStmnt>
<BasicStmnt CovItemId="S19" CovItemPrefix="group2.game.InputHandler.java" Intrnl_Id="1615">
<LocList>
<Loc EndOffset="2641" SrcFileId="21" StartOffset="2619"/>
</LocList>
</BasicStmnt>
<BasicStmnt CovItemId="S20" CovItemPrefix="group2.game.InputHandler.java" Intrnl_Id="1616">
<LocList>
<Loc EndOffset="2677" SrcFileId="21" StartOffset="2648"/>
</LocList>
</BasicStmnt>
<BasicStmnt CovItemId="S21" CovItemPrefix="group2.game.InputHandler.java" Intrnl_Id="1617">
<LocList>
<Loc EndOffset="2709" SrcFileId="21" StartOffset="2684"/>
</LocList>
</BasicStmnt>
</StmntSeq>
</Branch>
<Branch CovItemId="B12" CovItemPrefix="group2.game.InputHandler.java" Implct="false" Intrnl_Id="1618">
<Cond>
<Loc EndOffset="2721" SrcFileId="21" StartOffset="2717"/>
</Cond>
<LocList>
<Loc EndOffset="2951" SrcFileId="21" StartOffset="2722"/>
</LocList>
<StmntSeq Intrnl_Id="1619">
<LocList>
<Loc EndOffset="2783" SrcFileId="21" StartOffset="2730"/>
<Loc EndOffset="2847" SrcFileId="21" StartOffset="2790"/>
<Loc EndOffset="2876" SrcFileId="21" StartOffset="2854"/>
<Loc EndOffset="2912" SrcFileId="21" StartOffset="2883"/>
<Loc EndOffset="2944" SrcFileId="21" StartOffset="2919"/>
</LocList>
<BasicStmnt CovItemId="S22" CovItemPrefix="group2.game.InputHandler.java" Intrnl_Id="1620">
<LocList>
<Loc EndOffset="2783" SrcFileId="21" StartOffset="2730"/>
</LocList>
</BasicStmnt>
<BasicStmnt CovItemId="S23" CovItemPrefix="group2.game.InputHandler.java" Intrnl_Id="1621">
<LocList>
<Loc EndOffset="2847" SrcFileId="21" StartOffset="2790"/>
</LocList>
</BasicStmnt>
<BasicStmnt CovItemId="S24" CovItemPrefix="group2.game.InputHandler.java" Intrnl_Id="1622">
<LocList>
<Loc EndOffset="2876" SrcFileId="21" StartOffset="2854"/>
</LocList>
</BasicStmnt>
<BasicStmnt CovItemId="S25" CovItemPrefix="group2.game.InputHandler.java" Intrnl_Id="1623">
<LocList>
<Loc EndOffset="2912" SrcFileId="21" StartOffset="2883"/>
</LocList>
</BasicStmnt>
<BasicStmnt CovItemId="S26" CovItemPrefix="group2.game.InputHandler.java" Intrnl_Id="1624">
<LocList>
<Loc EndOffset="2944" SrcFileId="21" StartOffset="2919"/>
</LocList>
</BasicStmnt>
</StmntSeq>
</Branch>
<Keyword EndOffset="2415" SrcFileId="21" StartOffset="2413"/>
<LocList>
<Loc EndOffset="2951" SrcFileId="21" StartOffset="2413"/>
</LocList>
<RootTerm CovItemId="C6" CovItemPrefix="group2.game.InputHandler.java" Intrnl_Id="1625">
<BasicBoolTerm Intrnl_Id="1626">
<LocList>
<Loc EndOffset="2483" SrcFileId="21" StartOffset="2417"/>
</LocList>
</BasicBoolTerm>
</RootTerm>
</CondStmnt>
</StmntSeq>
</Branch>
<Branch CovItemId="B10" CovItemPrefix="group2.game.InputHandler.java" Implct="true" Intrnl_Id="1627">
<Cond/>
<LocList/>
<StmntSeq Intrnl_Id="1628">
<LocList/>
</StmntSeq>
</Branch>
<Keyword EndOffset="2336" SrcFileId="21" StartOffset="2334"/>
<LocList>
<Loc EndOffset="2957" SrcFileId="21" StartOffset="2334"/>
</LocList>
<RootTerm CovItemId="C5" CovItemPrefix="group2.game.InputHandler.java" Intrnl_Id="1629">
<OpTerm BooleanOpId="34" Intrnl_Id="1630">
<OpTerm BooleanOpId="34" Intrnl_Id="1631">
<OpTerm BooleanOpId="34" Intrnl_Id="1632">
<BasicBoolTerm Intrnl_Id="1633">
<LocList>
<Loc EndOffset="2345" SrcFileId="21" StartOffset="2338"/>
</LocList>
</BasicBoolTerm>
<BasicBoolTerm Intrnl_Id="1634">
<LocList>
<Loc EndOffset="2366" SrcFileId="21" StartOffset="2349"/>
</LocList>
</BasicBoolTerm>
<LocList>
<Loc EndOffset="2348" SrcFileId="21" StartOffset="2346"/>
</LocList>
</OpTerm>
<BasicBoolTerm Intrnl_Id="1635">
<LocList>
<Loc EndOffset="2377" SrcFileId="21" StartOffset="2370"/>
</LocList>
</BasicBoolTerm>
<LocList>
<Loc EndOffset="2369" SrcFileId="21" StartOffset="2367"/>
</LocList>
</OpTerm>
<BasicBoolTerm Intrnl_Id="1636">
<LocList>
<Loc EndOffset="2404" SrcFileId="21" StartOffset="2387"/>
</LocList>
</BasicBoolTerm>
<LocList>
<Loc EndOffset="2386" SrcFileId="21" StartOffset="2384"/>
</LocList>
</OpTerm>
</RootTerm>
</CondStmnt>
<CondStmnt CovItemId="S27" CovItemPrefix="group2.game.InputHandler.java" Intrnl_Id="1637">
<Branch CovItemId="B13" CovItemPrefix="group2.game.InputHandler.java" Implct="false" Intrnl_Id="1638">
<Cond/>
<LocList>
<Loc EndOffset="3593" SrcFileId="21" StartOffset="3042"/>
</LocList>
<StmntSeq Intrnl_Id="1639">
<LocList>
<Loc EndOffset="3587" SrcFileId="21" StartOffset="3049"/>
</LocList>
<CondStmnt CovItemId="S28" CovItemPrefix="group2.game.InputHandler.java" Intrnl_Id="1640">
<Branch CovItemId="B15" CovItemPrefix="group2.game.InputHandler.java" Implct="false" Intrnl_Id="1641">
<Cond/>
<LocList>
<Loc EndOffset="3352" SrcFileId="21" StartOffset="3121"/>
</LocList>
<StmntSeq Intrnl_Id="1642">
<LocList>
<Loc EndOffset="3184" SrcFileId="21" StartOffset="3129"/>
<Loc EndOffset="3248" SrcFileId="21" StartOffset="3191"/>
<Loc EndOffset="3277" SrcFileId="21" StartOffset="3255"/>
<Loc EndOffset="3313" SrcFileId="21" StartOffset="3284"/>
<Loc EndOffset="3345" SrcFileId="21" StartOffset="3320"/>
</LocList>
<BasicStmnt CovItemId="S29" CovItemPrefix="group2.game.InputHandler.java" Intrnl_Id="1643">
<LocList>
<Loc EndOffset="3184" SrcFileId="21" StartOffset="3129"/>
</LocList>
</BasicStmnt>
<BasicStmnt CovItemId="S30" CovItemPrefix="group2.game.InputHandler.java" Intrnl_Id="1644">
<LocList>
<Loc EndOffset="3248" SrcFileId="21" StartOffset="3191"/>
</LocList>
</BasicStmnt>
<BasicStmnt CovItemId="S31" CovItemPrefix="group2.game.InputHandler.java" Intrnl_Id="1645">
<LocList>
<Loc EndOffset="3277" SrcFileId="21" StartOffset="3255"/>
</LocList>
</BasicStmnt>
<BasicStmnt CovItemId="S32" CovItemPrefix="group2.game.InputHandler.java" Intrnl_Id="1646">
<LocList>
<Loc EndOffset="3313" SrcFileId="21" StartOffset="3284"/>
</LocList>
</BasicStmnt>
<BasicStmnt CovItemId="S33" CovItemPrefix="group2.game.InputHandler.java" Intrnl_Id="1647">
<LocList>
<Loc EndOffset="3345" SrcFileId="21" StartOffset="3320"/>
</LocList>
</BasicStmnt>
</StmntSeq>
</Branch>
<Branch CovItemId="B16" CovItemPrefix="group2.game.InputHandler.java" Implct="false" Intrnl_Id="1648">
<Cond>
<Loc EndOffset="3357" SrcFileId="21" StartOffset="3353"/>
</Cond>
<LocList>
<Loc EndOffset="3587" SrcFileId="21" StartOffset="3358"/>
</LocList>
<StmntSeq Intrnl_Id="1649">
<LocList>
<Loc EndOffset="3419" SrcFileId="21" StartOffset="3366"/>
<Loc EndOffset="3483" SrcFileId="21" StartOffset="3426"/>
<Loc EndOffset="3512" SrcFileId="21" StartOffset="3490"/>
<Loc EndOffset="3548" SrcFileId="21" StartOffset="3519"/>
<Loc EndOffset="3580" SrcFileId="21" StartOffset="3555"/>
</LocList>
<BasicStmnt CovItemId="S34" CovItemPrefix="group2.game.InputHandler.java" Intrnl_Id="1650">
<LocList>
<Loc EndOffset="3419" SrcFileId="21" StartOffset="3366"/>
</LocList>
</BasicStmnt>
<BasicStmnt CovItemId="S35" CovItemPrefix="group2.game.InputHandler.java" Intrnl_Id="1651">
<LocList>
<Loc EndOffset="3483" SrcFileId="21" StartOffset="3426"/>
</LocList>
</BasicStmnt>
<BasicStmnt CovItemId="S36" CovItemPrefix="group2.game.InputHandler.java" Intrnl_Id="1652">
<LocList>
<Loc EndOffset="3512" SrcFileId="21" StartOffset="3490"/>
</LocList>
</BasicStmnt>
<BasicStmnt CovItemId="S37" CovItemPrefix="group2.game.InputHandler.java" Intrnl_Id="1653">
<LocList>
<Loc EndOffset="3548" SrcFileId="21" StartOffset="3519"/>
</LocList>
</BasicStmnt>
<BasicStmnt CovItemId="S38" CovItemPrefix="group2.game.InputHandler.java" Intrnl_Id="1654">
<LocList>
<Loc EndOffset="3580" SrcFileId="21" StartOffset="3555"/>
</LocList>
</BasicStmnt>
</StmntSeq>
</Branch>
<Keyword EndOffset="3051" SrcFileId="21" StartOffset="3049"/>
<LocList>
<Loc EndOffset="3587" SrcFileId="21" StartOffset="3049"/>
</LocList>
<RootTerm CovItemId="C8" CovItemPrefix="group2.game.InputHandler.java" Intrnl_Id="1655">
<BasicBoolTerm Intrnl_Id="1656">
<LocList>
<Loc EndOffset="3119" SrcFileId="21" StartOffset="3053"/>
</LocList>
</BasicBoolTerm>
</RootTerm>
</CondStmnt>
</StmntSeq>
</Branch>
<Branch CovItemId="B14" CovItemPrefix="group2.game.InputHandler.java" Implct="true" Intrnl_Id="1657">
<Cond/>
<LocList/>
<StmntSeq Intrnl_Id="1658">
<LocList/>
</StmntSeq>
</Branch>
<Keyword EndOffset="2980" SrcFileId="21" StartOffset="2978"/>
<LocList>
<Loc EndOffset="3593" SrcFileId="21" StartOffset="2978"/>
</LocList>
<RootTerm CovItemId="C7" CovItemPrefix="group2.game.InputHandler.java" Intrnl_Id="1659">
<OpTerm BooleanOpId="34" Intrnl_Id="1660">
<OpTerm BooleanOpId="34" Intrnl_Id="1661">
<OpTerm BooleanOpId="34" Intrnl_Id="1662">
<BasicBoolTerm Intrnl_Id="1663">
<LocList>
<Loc EndOffset="2989" SrcFileId="21" StartOffset="2982"/>
</LocList>
</BasicBoolTerm>
<BasicBoolTerm Intrnl_Id="1664">
<LocList>
<Loc EndOffset="3010" SrcFileId="21" StartOffset="2993"/>
</LocList>
</BasicBoolTerm>
<LocList>
<Loc EndOffset="2992" SrcFileId="21" StartOffset="2990"/>
</LocList>
</OpTerm>
<BasicBoolTerm Intrnl_Id="1665">
<LocList>
<Loc EndOffset="3020" SrcFileId="21" StartOffset="3014"/>
</LocList>
</BasicBoolTerm>
<LocList>
<Loc EndOffset="3013" SrcFileId="21" StartOffset="3011"/>
</LocList>
</OpTerm>
<BasicBoolTerm Intrnl_Id="1666">
<LocList>
<Loc EndOffset="3040" SrcFileId="21" StartOffset="3024"/>
</LocList>
</BasicBoolTerm>
<LocList>
<Loc EndOffset="3023" SrcFileId="21" StartOffset="3021"/>
</LocList>
</OpTerm>
</RootTerm>
</CondStmnt>
<CondStmnt CovItemId="S39" CovItemPrefix="group2.game.InputHandler.java" Intrnl_Id="1667">
<Branch CovItemId="B17" CovItemPrefix="group2.game.InputHandler.java" Implct="false" Intrnl_Id="1668">
<Cond/>
<LocList>
<Loc EndOffset="4229" SrcFileId="21" StartOffset="3678"/>
</LocList>
<StmntSeq Intrnl_Id="1669">
<LocList>
<Loc EndOffset="4223" SrcFileId="21" StartOffset="3685"/>
</LocList>
<CondStmnt CovItemId="S40" CovItemPrefix="group2.game.InputHandler.java" Intrnl_Id="1670">
<Branch CovItemId="B19" CovItemPrefix="group2.game.InputHandler.java" Implct="false" Intrnl_Id="1671">
<Cond/>
<LocList>
<Loc EndOffset="3988" SrcFileId="21" StartOffset="3757"/>
</LocList>
<StmntSeq Intrnl_Id="1672">
<LocList>
<Loc EndOffset="3820" SrcFileId="21" StartOffset="3765"/>
<Loc EndOffset="3884" SrcFileId="21" StartOffset="3827"/>
<Loc EndOffset="3913" SrcFileId="21" StartOffset="3891"/>
<Loc EndOffset="3949" SrcFileId="21" StartOffset="3920"/>
<Loc EndOffset="3981" SrcFileId="21" StartOffset="3956"/>
</LocList>
<BasicStmnt CovItemId="S41" CovItemPrefix="group2.game.InputHandler.java" Intrnl_Id="1673">
<LocList>
<Loc EndOffset="3820" SrcFileId="21" StartOffset="3765"/>
</LocList>
</BasicStmnt>
<BasicStmnt CovItemId="S42" CovItemPrefix="group2.game.InputHandler.java" Intrnl_Id="1674">
<LocList>
<Loc EndOffset="3884" SrcFileId="21" StartOffset="3827"/>
</LocList>
</BasicStmnt>
<BasicStmnt CovItemId="S43" CovItemPrefix="group2.game.InputHandler.java" Intrnl_Id="1675">
<LocList>
<Loc EndOffset="3913" SrcFileId="21" StartOffset="3891"/>
</LocList>
</BasicStmnt>
<BasicStmnt CovItemId="S44" CovItemPrefix="group2.game.InputHandler.java" Intrnl_Id="1676">
<LocList>
<Loc EndOffset="3949" SrcFileId="21" StartOffset="3920"/>
</LocList>
</BasicStmnt>
<BasicStmnt CovItemId="S45" CovItemPrefix="group2.game.InputHandler.java" Intrnl_Id="1677">
<LocList>
<Loc EndOffset="3981" SrcFileId="21" StartOffset="3956"/>
</LocList>
</BasicStmnt>
</StmntSeq>
</Branch>
<Branch CovItemId="B20" CovItemPrefix="group2.game.InputHandler.java" Implct="false" Intrnl_Id="1678">
<Cond>
<Loc EndOffset="3993" SrcFileId="21" StartOffset="3989"/>
</Cond>
<LocList>
<Loc EndOffset="4223" SrcFileId="21" StartOffset="3994"/>
</LocList>
<StmntSeq Intrnl_Id="1679">
<LocList>
<Loc EndOffset="4055" SrcFileId="21" StartOffset="4002"/>
<Loc EndOffset="4119" SrcFileId="21" StartOffset="4062"/>
<Loc EndOffset="4148" SrcFileId="21" StartOffset="4126"/>
<Loc EndOffset="4184" SrcFileId="21" StartOffset="4155"/>
<Loc EndOffset="4216" SrcFileId="21" StartOffset="4191"/>
</LocList>
<BasicStmnt CovItemId="S46" CovItemPrefix="group2.game.InputHandler.java" Intrnl_Id="1680">
<LocList>
<Loc EndOffset="4055" SrcFileId="21" StartOffset="4002"/>
</LocList>
</BasicStmnt>
<BasicStmnt CovItemId="S47" CovItemPrefix="group2.game.InputHandler.java" Intrnl_Id="1681">
<LocList>
<Loc EndOffset="4119" SrcFileId="21" StartOffset="4062"/>
</LocList>
</BasicStmnt>
<BasicStmnt CovItemId="S48" CovItemPrefix="group2.game.InputHandler.java" Intrnl_Id="1682">
<LocList>
<Loc EndOffset="4148" SrcFileId="21" StartOffset="4126"/>
</LocList>
</BasicStmnt>
<BasicStmnt CovItemId="S49" CovItemPrefix="group2.game.InputHandler.java" Intrnl_Id="1683">
<LocList>
<Loc EndOffset="4184" SrcFileId="21" StartOffset="4155"/>
</LocList>
</BasicStmnt>
<BasicStmnt CovItemId="S50" CovItemPrefix="group2.game.InputHandler.java" Intrnl_Id="1684">
<LocList>
<Loc EndOffset="4216" SrcFileId="21" StartOffset="4191"/>
</LocList>
</BasicStmnt>
</StmntSeq>
</Branch>
<Keyword EndOffset="3687" SrcFileId="21" StartOffset="3685"/>
<LocList>
<Loc EndOffset="4223" SrcFileId="21" StartOffset="3685"/>
</LocList>
<RootTerm CovItemId="C10" CovItemPrefix="group2.game.InputHandler.java" Intrnl_Id="1685">
<BasicBoolTerm Intrnl_Id="1686">
<LocList>
<Loc EndOffset="3755" SrcFileId="21" StartOffset="3689"/>
</LocList>
</BasicBoolTerm>
</RootTerm>
</CondStmnt>
</StmntSeq>
</Branch>
<Branch CovItemId="B18" CovItemPrefix="group2.game.InputHandler.java" Implct="true" Intrnl_Id="1687">
<Cond/>
<LocList/>
<StmntSeq Intrnl_Id="1688">
<LocList/>
</StmntSeq>
</Branch>
<Keyword EndOffset="3616" SrcFileId="21" StartOffset="3614"/>
<LocList>
<Loc EndOffset="4229" SrcFileId="21" StartOffset="3614"/>
</LocList>
<RootTerm CovItemId="C9" CovItemPrefix="group2.game.InputHandler.java" Intrnl_Id="1689">
<OpTerm BooleanOpId="34" Intrnl_Id="1690">
<OpTerm BooleanOpId="34" Intrnl_Id="1691">
<OpTerm BooleanOpId="34" Intrnl_Id="1692">
<BasicBoolTerm Intrnl_Id="1693">
<LocList>
<Loc EndOffset="3625" SrcFileId="21" StartOffset="3618"/>
</LocList>
</BasicBoolTerm>
<BasicBoolTerm Intrnl_Id="1694">
<LocList>
<Loc EndOffset="3645" SrcFileId="21" StartOffset="3629"/>
</LocList>
</BasicBoolTerm>
<LocList>
<Loc EndOffset="3628" SrcFileId="21" StartOffset="3626"/>
</LocList>
</OpTerm>
<BasicBoolTerm Intrnl_Id="1695">
<LocList>
<Loc EndOffset="3656" SrcFileId="21" StartOffset="3649"/>
</LocList>
</BasicBoolTerm>
<LocList>
<Loc EndOffset="3648" SrcFileId="21" StartOffset="3646"/>
</LocList>
</OpTerm>
<BasicBoolTerm Intrnl_Id="1696">
<LocList>
<Loc EndOffset="3676" SrcFileId="21" StartOffset="3660"/>
</LocList>
</BasicBoolTerm>
<LocList>
<Loc EndOffset="3659" SrcFileId="21" StartOffset="3657"/>
</LocList>
</OpTerm>
</RootTerm>
</CondStmnt>
<CondStmnt CovItemId="S51" CovItemPrefix="group2.game.InputHandler.java" Intrnl_Id="1697">
<Branch CovItemId="B21" CovItemPrefix="group2.game.InputHandler.java" Implct="false" Intrnl_Id="1698">
<Cond/>
<LocList>
<Loc EndOffset="4866" SrcFileId="21" StartOffset="4314"/>
</LocList>
<StmntSeq Intrnl_Id="1699">
<LocList>
<Loc EndOffset="4860" SrcFileId="21" StartOffset="4321"/>
</LocList>
<CondStmnt CovItemId="S52" CovItemPrefix="group2.game.InputHandler.java" Intrnl_Id="1700">
<Branch CovItemId="B23" CovItemPrefix="group2.game.InputHandler.java" Implct="false" Intrnl_Id="1701">
<Cond/>
<LocList>
<Loc EndOffset="4625" SrcFileId="21" StartOffset="4393"/>
</LocList>
<StmntSeq Intrnl_Id="1702">
<LocList>
<Loc EndOffset="4456" SrcFileId="21" StartOffset="4401"/>
<Loc EndOffset="4520" SrcFileId="21" StartOffset="4463"/>
<Loc EndOffset="4549" SrcFileId="21" StartOffset="4527"/>
<Loc EndOffset="4586" SrcFileId="21" StartOffset="4557"/>
<Loc EndOffset="4618" SrcFileId="21" StartOffset="4593"/>
</LocList>
<BasicStmnt CovItemId="S53" CovItemPrefix="group2.game.InputHandler.java" Intrnl_Id="1703">
<LocList>
<Loc EndOffset="4456" SrcFileId="21" StartOffset="4401"/>
</LocList>
</BasicStmnt>
<BasicStmnt CovItemId="S54" CovItemPrefix="group2.game.InputHandler.java" Intrnl_Id="1704">
<LocList>
<Loc EndOffset="4520" SrcFileId="21" StartOffset="4463"/>
</LocList>
</BasicStmnt>
<BasicStmnt CovItemId="S55" CovItemPrefix="group2.game.InputHandler.java" Intrnl_Id="1705">
<LocList>
<Loc EndOffset="4549" SrcFileId="21" StartOffset="4527"/>
</LocList>
</BasicStmnt>
<BasicStmnt CovItemId="S56" CovItemPrefix="group2.game.InputHandler.java" Intrnl_Id="1706">
<LocList>
<Loc EndOffset="4586" SrcFileId="21" StartOffset="4557"/>
</LocList>
</BasicStmnt>
<BasicStmnt CovItemId="S57" CovItemPrefix="group2.game.InputHandler.java" Intrnl_Id="1707">
<LocList>
<Loc EndOffset="4618" SrcFileId="21" StartOffset="4593"/>
</LocList>
</BasicStmnt>
</StmntSeq>
</Branch>
<Branch CovItemId="B24" CovItemPrefix="group2.game.InputHandler.java" Implct="false" Intrnl_Id="1708">
<Cond>
<Loc EndOffset="4630" SrcFileId="21" StartOffset="4626"/>
</Cond>
<LocList>
<Loc EndOffset="4860" SrcFileId="21" StartOffset="4631"/>
</LocList>
<StmntSeq Intrnl_Id="1709">
<LocList>
<Loc EndOffset="4692" SrcFileId="21" StartOffset="4639"/>
<Loc EndOffset="4756" SrcFileId="21" StartOffset="4699"/>
<Loc EndOffset="4785" SrcFileId="21" StartOffset="4763"/>
<Loc EndOffset="4821" SrcFileId="21" StartOffset="4792"/>
<Loc EndOffset="4853" SrcFileId="21" StartOffset="4828"/>
</LocList>
<BasicStmnt CovItemId="S58" CovItemPrefix="group2.game.InputHandler.java" Intrnl_Id="1710">
<LocList>
<Loc EndOffset="4692" SrcFileId="21" StartOffset="4639"/>
</LocList>
</BasicStmnt>
<BasicStmnt CovItemId="S59" CovItemPrefix="group2.game.InputHandler.java" Intrnl_Id="1711">
<LocList>
<Loc EndOffset="4756" SrcFileId="21" StartOffset="4699"/>
</LocList>
</BasicStmnt>
<BasicStmnt CovItemId="S60" CovItemPrefix="group2.game.InputHandler.java" Intrnl_Id="1712">
<LocList>
<Loc EndOffset="4785" SrcFileId="21" StartOffset="4763"/>
</LocList>
</BasicStmnt>
<BasicStmnt CovItemId="S61" CovItemPrefix="group2.game.InputHandler.java" Intrnl_Id="1713">
<LocList>
<Loc EndOffset="4821" SrcFileId="21" StartOffset="4792"/>
</LocList>
</BasicStmnt>
<BasicStmnt CovItemId="S62" CovItemPrefix="group2.game.InputHandler.java" Intrnl_Id="1714">
<LocList>
<Loc EndOffset="4853" SrcFileId="21" StartOffset="4828"/>
</LocList>
</BasicStmnt>
</StmntSeq>
</Branch>
<Keyword EndOffset="4323" SrcFileId="21" StartOffset="4321"/>
<LocList>
<Loc EndOffset="4860" SrcFileId="21" StartOffset="4321"/>
</LocList>
<RootTerm CovItemId="C12" CovItemPrefix="group2.game.InputHandler.java" Intrnl_Id="1715">
<BasicBoolTerm Intrnl_Id="1716">
<LocList>
<Loc EndOffset="4391" SrcFileId="21" StartOffset="4325"/>
</LocList>
</BasicBoolTerm>
</RootTerm>
</CondStmnt>
</StmntSeq>
</Branch>
<Branch CovItemId="B22" CovItemPrefix="group2.game.InputHandler.java" Implct="true" Intrnl_Id="1717">
<Cond/>
<LocList/>
<StmntSeq Intrnl_Id="1718">
<LocList/>
</StmntSeq>
</Branch>
<Keyword EndOffset="4252" SrcFileId="21" StartOffset="4250"/>
<LocList>
<Loc EndOffset="4866" SrcFileId="21" StartOffset="4250"/>
</LocList>
<RootTerm CovItemId="C11" CovItemPrefix="group2.game.InputHandler.java" Intrnl_Id="1719">
<OpTerm BooleanOpId="34" Intrnl_Id="1720">
<OpTerm BooleanOpId="34" Intrnl_Id="1721">
<OpTerm BooleanOpId="34" Intrnl_Id="1722">
<BasicBoolTerm Intrnl_Id="1723">
<LocList>
<Loc EndOffset="4261" SrcFileId="21" StartOffset="4254"/>
</LocList>
</BasicBoolTerm>
<BasicBoolTerm Intrnl_Id="1724">
<LocList>
<Loc EndOffset="4281" SrcFileId="21" StartOffset="4265"/>
</LocList>
</BasicBoolTerm>
<LocList>
<Loc EndOffset="4264" SrcFileId="21" StartOffset="4262"/>
</LocList>
</OpTerm>
<BasicBoolTerm Intrnl_Id="1725">
<LocList>
<Loc EndOffset="4292" SrcFileId="21" StartOffset="4285"/>
</LocList>
</BasicBoolTerm>
<LocList>
<Loc EndOffset="4284" SrcFileId="21" StartOffset="4282"/>
</LocList>
</OpTerm>
<BasicBoolTerm Intrnl_Id="1726">
<LocList>
<Loc EndOffset="4312" SrcFileId="21" StartOffset="4296"/>
</LocList>
</BasicBoolTerm>
<LocList>
<Loc EndOffset="4295" SrcFileId="21" StartOffset="4293"/>
</LocList>
</OpTerm>
</RootTerm>
</CondStmnt>
</StmntSeq>
</Branch>
<Branch CovItemId="B8" CovItemPrefix="group2.game.InputHandler.java" Implct="false" Intrnl_Id="1727">
<Cond>
<Loc EndOffset="4876" SrcFileId="21" StartOffset="4872"/>
</Cond>
<LocList>
<Loc EndOffset="6057" SrcFileId="21" StartOffset="4877"/>
</LocList>
<StmntSeq Intrnl_Id="1728">
<LocList>
<Loc EndOffset="6057" SrcFileId="21" StartOffset="4877"/>
</LocList>
<CondStmnt CovItemId="S63" CovItemPrefix="group2.game.InputHandler.java" Intrnl_Id="1729">
<Branch CovItemId="B25" CovItemPrefix="group2.game.InputHandler.java" Implct="false" Intrnl_Id="1730">
<Cond/>
<LocList>
<Loc EndOffset="4991" SrcFileId="21" StartOffset="4955"/>
</LocList>
<StmntSeq Intrnl_Id="1731">
<LocList>
<Loc EndOffset="4985" SrcFileId="21" StartOffset="4961"/>
</LocList>
<BasicStmnt CovItemId="S64" CovItemPrefix="group2.game.InputHandler.java" Intrnl_Id="1732">
<LocList>
<Loc EndOffset="4985" SrcFileId="21" StartOffset="4961"/>
</LocList>
</BasicStmnt>
</StmntSeq>
</Branch>
<Branch CovItemId="B26" CovItemPrefix="group2.game.InputHandler.java" Implct="false" Intrnl_Id="1733">
<Cond>
<Loc EndOffset="4996" SrcFileId="21" StartOffset="4992"/>
</Cond>
<LocList>
<Loc EndOffset="6057" SrcFileId="21" StartOffset="4997"/>
</LocList>
<StmntSeq Intrnl_Id="1734">
<LocList>
<Loc EndOffset="6052" SrcFileId="21" StartOffset="5003"/>
</LocList>
<CondStmnt CovItemId="S65" CovItemPrefix="group2.game.InputHandler.java" Intrnl_Id="1735">
<Branch CovItemId="B27" CovItemPrefix="group2.game.InputHandler.java" Implct="false" Intrnl_Id="1736">
<Cond/>
<LocList>
<Loc EndOffset="6052" SrcFileId="21" StartOffset="5037"/>
</LocList>
<StmntSeq Intrnl_Id="1737">
<LocList>
<Loc EndOffset="6046" SrcFileId="21" StartOffset="5044"/>
</LocList>
<CondStmnt CovItemId="S66" CovItemPrefix="group2.game.InputHandler.java" Intrnl_Id="1738">
<Branch CovItemId="B29" CovItemPrefix="group2.game.InputHandler.java" Implct="false" Intrnl_Id="1739">
<Cond/>
<LocList>
<Loc EndOffset="6046" SrcFileId="21" StartOffset="5075"/>
</LocList>
<StmntSeq Intrnl_Id="1740">
<LocList>
<Loc EndOffset="5482" SrcFileId="21" StartOffset="5083"/>
<Loc EndOffset="5752" SrcFileId="21" StartOffset="5489"/>
<Loc EndOffset="6039" SrcFileId="21" StartOffset="5759"/>
</LocList>
<LoopStmnt CovItemId="S67" CovItemPrefix="group2.game.InputHandler.java" Intrnl_Id="1741" MltplExecId="L1-2" MltplExecPrefix="group2.game.InputHandler.java" NvrExecId="L1-0" NvrExecPrefix="group2.game.InputHandler.java" OnceExecutedId="L1-1" OnceExecutedPrefix="group2.game.InputHandler.java" OptBodyExec="true">
<StmntSeq Intrnl_Id="1742">
<LocList>
<Loc EndOffset="5188" SrcFileId="21" StartOffset="5144"/>
<Loc EndOffset="5474" SrcFileId="21" StartOffset="5196"/>
</LocList>
<BasicStmnt CovItemId="S68" CovItemPrefix="group2.game.InputHandler.java" Intrnl_Id="1743">
<LocList>
<Loc EndOffset="5188" SrcFileId="21" StartOffset="5144"/>
</LocList>
</BasicStmnt>
<CondStmnt CovItemId="S69" CovItemPrefix="group2.game.InputHandler.java" Intrnl_Id="1744">
<Branch CovItemId="B31" CovItemPrefix="group2.game.InputHandler.java" Implct="false" Intrnl_Id="1745">
<Cond/>
<LocList>
<Loc EndOffset="5474" SrcFileId="21" StartOffset="5249"/>
</LocList>
<StmntSeq Intrnl_Id="1746">
<LocList>
<Loc EndOffset="5278" SrcFileId="21" StartOffset="5259"/>
<Loc EndOffset="5308" SrcFileId="21" StartOffset="5287"/>
<Loc EndOffset="5345" SrcFileId="21" StartOffset="5317"/>
<Loc EndOffset="5416" SrcFileId="21" StartOffset="5354"/>
<Loc EndOffset="5450" SrcFileId="21" StartOffset="5425"/>
<Loc EndOffset="5465" SrcFileId="21" StartOffset="5459"/>
</LocList>
<BasicStmnt CovItemId="S70" CovItemPrefix="group2.game.InputHandler.java" Intrnl_Id="1747">
<LocList>
<Loc EndOffset="5278" SrcFileId="21" StartOffset="5259"/>
</LocList>
</BasicStmnt>
<BasicStmnt CovItemId="S71" CovItemPrefix="group2.game.InputHandler.java" Intrnl_Id="1748">
<LocList>
<Loc EndOffset="5308" SrcFileId="21" StartOffset="5287"/>
</LocList>
</BasicStmnt>
<BasicStmnt CovItemId="S72" CovItemPrefix="group2.game.InputHandler.java" Intrnl_Id="1749">
<LocList>
<Loc EndOffset="5345" SrcFileId="21" StartOffset="5317"/>
</LocList>
</BasicStmnt>
<CondStmnt CovItemId="S73" CovItemPrefix="group2.game.InputHandler.java" Intrnl_Id="1750">
<Branch CovItemId="B33" CovItemPrefix="group2.game.InputHandler.java" Implct="false" Intrnl_Id="1751">
<Cond/>
<LocList>
<Loc EndOffset="5416" SrcFileId="21" StartOffset="5371"/>
</LocList>
<StmntSeq Intrnl_Id="1752">
<LocList>
<Loc EndOffset="5406" SrcFileId="21" StartOffset="5382"/>
</LocList>
<BasicStmnt CovItemId="S74" CovItemPrefix="group2.game.InputHandler.java" Intrnl_Id="1753">
<LocList>
<Loc EndOffset="5406" SrcFileId="21" StartOffset="5382"/>
</LocList>
</BasicStmnt>
</StmntSeq>
</Branch>
<Branch CovItemId="B34" CovItemPrefix="group2.game.InputHandler.java" Implct="true" Intrnl_Id="1754">
<Cond/>
<LocList/>
<StmntSeq Intrnl_Id="1755">
<LocList/>
</StmntSeq>
</Branch>
<Keyword EndOffset="5356" SrcFileId="21" StartOffset="5354"/>
<LocList>
<Loc EndOffset="5416" SrcFileId="21" StartOffset="5354"/>
</LocList>
<RootTerm CovItemId="C18" CovItemPrefix="group2.game.InputHandler.java" Intrnl_Id="1756">
<OpTerm BooleanOpId="33" Intrnl_Id="1757">
<BasicBoolTerm Intrnl_Id="1758">
<LocList>
<Loc EndOffset="5369" SrcFileId="21" StartOffset="5359"/>
</LocList>
</BasicBoolTerm>
<LocList>
<Loc EndOffset="5359" SrcFileId="21" StartOffset="5358"/>
</LocList>
</OpTerm>
</RootTerm>
</CondStmnt>
<BasicStmnt CovItemId="S75" CovItemPrefix="group2.game.InputHandler.java" Intrnl_Id="1759">
<LocList>
<Loc EndOffset="5450" SrcFileId="21" StartOffset="5425"/>
</LocList>
</BasicStmnt>
<BasicStmnt CovItemId="S76" CovItemPrefix="group2.game.InputHandler.java" Intrnl_Id="1760">
<LocList>
<Loc EndOffset="5465" SrcFileId="21" StartOffset="5459"/>
</LocList>
</BasicStmnt>
</StmntSeq>
</Branch>
<Branch CovItemId="B32" CovItemPrefix="group2.game.InputHandler.java" Implct="true" Intrnl_Id="1761">
<Cond/>
<LocList/>
<StmntSeq Intrnl_Id="1762">
<LocList/>
</StmntSeq>
</Branch>
<Keyword EndOffset="5198" SrcFileId="21" StartOffset="5196"/>
<LocList>
<Loc EndOffset="5474" SrcFileId="21" StartOffset="5196"/>
</LocList>
<RootTerm CovItemId="C17" CovItemPrefix="group2.game.InputHandler.java" Intrnl_Id="1763">
<OpTerm BooleanOpId="34" Intrnl_Id="1764">
<BasicBoolTerm Intrnl_Id="1765">
<LocList>
<Loc EndOffset="5230" SrcFileId="21" StartOffset="5200"/>
</LocList>
</BasicBoolTerm>
<BasicBoolTerm Intrnl_Id="1766">
<LocList>
<Loc EndOffset="5247" SrcFileId="21" StartOffset="5234"/>
</LocList>
</BasicBoolTerm>
<LocList>
<Loc EndOffset="5233" SrcFileId="21" StartOffset="5231"/>
</LocList>
</OpTerm>
</RootTerm>
</CondStmnt>
</StmntSeq>
<Keyword EndOffset="5086" SrcFileId="21" StartOffset="5083"/>
<LocList>
<Loc EndOffset="5482" SrcFileId="21" StartOffset="5083"/>
</LocList>
<RootTerm CovItemId="C16" CovItemPrefix="group2.game.InputHandler.java" Intrnl_Id="1767">
<BasicBoolTerm Intrnl_Id="1768">
<LocList>
<Loc EndOffset="5128" SrcFileId="21" StartOffset="5099"/>
</LocList>
</BasicBoolTerm>
</RootTerm>
</LoopStmnt>
<LoopStmnt CovItemId="S77" CovItemPrefix="group2.game.InputHandler.java" Intrnl_Id="1769" MltplExecId="L2-2" MltplExecPrefix="group2.game.InputHandler.java" NvrExecId="L2-0" NvrExecPrefix="group2.game.InputHandler.java" OnceExecutedId="L2-1" OnceExecutedPrefix="group2.game.InputHandler.java" OptBodyExec="true">
<StmntSeq Intrnl_Id="1770">
<LocList>
<Loc EndOffset="5744" SrcFileId="21" StartOffset="5544"/>
</LocList>
<CondStmnt CovItemId="S78" CovItemPrefix="group2.game.InputHandler.java" Intrnl_Id="1771">
<Branch CovItemId="B35" CovItemPrefix="group2.game.InputHandler.java" Implct="false" Intrnl_Id="1772">
<Cond/>
<LocList>
<Loc EndOffset="5744" SrcFileId="21" StartOffset="5573"/>
</LocList>
<StmntSeq Intrnl_Id="1773">
<LocList>
<Loc EndOffset="5660" SrcFileId="21" StartOffset="5583"/>
<Loc EndOffset="5691" SrcFileId="21" StartOffset="5669"/>
<Loc EndOffset="5720" SrcFileId="21" StartOffset="5700"/>
<Loc EndOffset="5735" SrcFileId="21" StartOffset="5729"/>
</LocList>
<CondStmnt CovItemId="S79" CovItemPrefix="group2.game.InputHandler.java" Intrnl_Id="1774">
<Branch CovItemId="B37" CovItemPrefix="group2.game.InputHandler.java" Implct="false" Intrnl_Id="1775">
<Cond/>
<LocList>
<Loc EndOffset="5660" SrcFileId="21" StartOffset="5623"/>
</LocList>
<StmntSeq Intrnl_Id="1776">
<LocList>
<Loc EndOffset="5660" SrcFileId="21" StartOffset="5623"/>
</LocList>
<BasicStmnt CovItemId="S80" CovItemPrefix="group2.game.InputHandler.java" Intrnl_Id="1777">
<LocList>
<Loc EndOffset="5660" SrcFileId="21" StartOffset="5623"/>
</LocList>
</BasicStmnt>
</StmntSeq>
</Branch>
<Branch CovItemId="B38" CovItemPrefix="group2.game.InputHandler.java" Implct="true" Intrnl_Id="1778">
<Cond/>
<LocList/>
<StmntSeq Intrnl_Id="1779">
<LocList/>
</StmntSeq>
</Branch>
<Keyword EndOffset="5585" SrcFileId="21" StartOffset="5583"/>
<LocList>
<Loc EndOffset="5660" SrcFileId="21" StartOffset="5583"/>
</LocList>
<RootTerm CovItemId="C20" CovItemPrefix="group2.game.InputHandler.java" Intrnl_Id="1780">
<BasicBoolTerm Intrnl_Id="1781">
<LocList>
<Loc EndOffset="5612" SrcFileId="21" StartOffset="5587"/>
</LocList>
</BasicBoolTerm>
</RootTerm>
</CondStmnt>
<BasicStmnt CovItemId="S81" CovItemPrefix="group2.game.InputHandler.java" Intrnl_Id="1782">
<LocList>
<Loc EndOffset="5691" SrcFileId="21" StartOffset="5669"/>
</LocList>
</BasicStmnt>
<BasicStmnt CovItemId="S82" CovItemPrefix="group2.game.InputHandler.java" Intrnl_Id="1783">
<LocList>
<Loc EndOffset="5720" SrcFileId="21" StartOffset="5700"/>
</LocList>
</BasicStmnt>
<BasicStmnt CovItemId="S83" CovItemPrefix="group2.game.InputHandler.java" Intrnl_Id="1784">
<LocList>
<Loc EndOffset="5735" SrcFileId="21" StartOffset="5729"/>
</LocList>
</BasicStmnt>
</StmntSeq>
</Branch>
<Branch CovItemId="B36" CovItemPrefix="group2.game.InputHandler.java" Implct="true" Intrnl_Id="1785">
<Cond/>
<LocList/>
<StmntSeq Intrnl_Id="1786">
<LocList/>
</StmntSeq>
</Branch>
<Keyword EndOffset="5546" SrcFileId="21" StartOffset="5544"/>
<LocList>
<Loc EndOffset="5744" SrcFileId="21" StartOffset="5544"/>
</LocList>
<RootTerm CovItemId="C19" CovItemPrefix="group2.game.InputHandler.java" Intrnl_Id="1787">
<BasicBoolTerm Intrnl_Id="1788">
<LocList>
<Loc EndOffset="5571" SrcFileId="21" StartOffset="5548"/>
</LocList>
</BasicBoolTerm>
</RootTerm>
</CondStmnt>
</StmntSeq>
<Keyword EndOffset="5492" SrcFileId="21" StartOffset="5489"/>
<LocList>
<Loc EndOffset="5752" SrcFileId="21" StartOffset="5489"/>
</LocList>
</LoopStmnt>
<LoopStmnt CovItemId="S84" CovItemPrefix="group2.game.InputHandler.java" Intrnl_Id="1789" MltplExecId="L3-2" MltplExecPrefix="group2.game.InputHandler.java" NvrExecId="L3-0" NvrExecPrefix="group2.game.InputHandler.java" OnceExecutedId="L3-1" OnceExecutedPrefix="group2.game.InputHandler.java" OptBodyExec="true">
<StmntSeq Intrnl_Id="1790">
<LocList>
<Loc EndOffset="6031" SrcFileId="21" StartOffset="5802"/>
</LocList>
<CondStmnt CovItemId="S85" CovItemPrefix="group2.game.InputHandler.java" Intrnl_Id="1791">
<Branch CovItemId="B39" CovItemPrefix="group2.game.InputHandler.java" Implct="false" Intrnl_Id="1792">
<Cond/>
<LocList>
<Loc EndOffset="6031" SrcFileId="21" StartOffset="5831"/>
</LocList>
<StmntSeq Intrnl_Id="1793">
<LocList>
<Loc EndOffset="5870" SrcFileId="21" StartOffset="5841"/>
<Loc EndOffset="5950" SrcFileId="21" StartOffset="5879"/>
<Loc EndOffset="5978" SrcFileId="21" StartOffset="5959"/>
<Loc EndOffset="6007" SrcFileId="21" StartOffset="5987"/>
<Loc EndOffset="6022" SrcFileId="21" StartOffset="6016"/>
</LocList>
<BasicStmnt CovItemId="S86" CovItemPrefix="group2.game.InputHandler.java" Intrnl_Id="1794">
<LocList>
<Loc EndOffset="5870" SrcFileId="21" StartOffset="5841"/>
</LocList>
</BasicStmnt>
<CondStmnt CovItemId="S87" CovItemPrefix="group2.game.InputHandler.java" Intrnl_Id="1795">
<Branch CovItemId="B41" CovItemPrefix="group2.game.InputHandler.java" Implct="false" Intrnl_Id="1796">
<Cond/>
<LocList>
<Loc EndOffset="5950" SrcFileId="21" StartOffset="5916"/>
</LocList>
<StmntSeq Intrnl_Id="1797">
<LocList>
<Loc EndOffset="5950" SrcFileId="21" StartOffset="5916"/>
</LocList>
<BasicStmnt CovItemId="S88" CovItemPrefix="group2.game.InputHandler.java" Intrnl_Id="1798">
<LocList>
<Loc EndOffset="5950" SrcFileId="21" StartOffset="5916"/>
</LocList>
</BasicStmnt>
</StmntSeq>
</Branch>
<Branch CovItemId="B42" CovItemPrefix="group2.game.InputHandler.java" Implct="true" Intrnl_Id="1799">
<Cond/>
<LocList/>
<StmntSeq Intrnl_Id="1800">
<LocList/>
</StmntSeq>
</Branch>
<Keyword EndOffset="5881" SrcFileId="21" StartOffset="5879"/>
<LocList>
<Loc EndOffset="5950" SrcFileId="21" StartOffset="5879"/>
</LocList>
<RootTerm CovItemId="C22" CovItemPrefix="group2.game.InputHandler.java" Intrnl_Id="1801">
<BasicBoolTerm Intrnl_Id="1802">
<LocList>
<Loc EndOffset="5905" SrcFileId="21" StartOffset="5883"/>
</LocList>
</BasicBoolTerm>
</RootTerm>
</CondStmnt>
<BasicStmnt CovItemId="S89" CovItemPrefix="group2.game.InputHandler.java" Intrnl_Id="1803">
<LocList>
<Loc EndOffset="5978" SrcFileId="21" StartOffset="5959"/>
</LocList>
</BasicStmnt>
<BasicStmnt CovItemId="S90" CovItemPrefix="group2.game.InputHandler.java" Intrnl_Id="1804">
<LocList>
<Loc EndOffset="6007" SrcFileId="21" StartOffset="5987"/>
</LocList>
</BasicStmnt>
<BasicStmnt CovItemId="S91" CovItemPrefix="group2.game.InputHandler.java" Intrnl_Id="1805">
<LocList>
<Loc EndOffset="6022" SrcFileId="21" StartOffset="6016"/>
</LocList>
</BasicStmnt>
</StmntSeq>
</Branch>
<Branch CovItemId="B40" CovItemPrefix="group2.game.InputHandler.java" Implct="true" Intrnl_Id="1806">
<Cond/>
<LocList/>
<StmntSeq Intrnl_Id="1807">
<LocList/>
</StmntSeq>
</Branch>
<Keyword EndOffset="5804" SrcFileId="21" StartOffset="5802"/>
<LocList>
<Loc EndOffset="6031" SrcFileId="21" StartOffset="5802"/>
</LocList>
<RootTerm CovItemId="C21" CovItemPrefix="group2.game.InputHandler.java" Intrnl_Id="1808">
<BasicBoolTerm Intrnl_Id="1809">
<LocList>
<Loc EndOffset="5829" SrcFileId="21" StartOffset="5806"/>
</LocList>
</BasicBoolTerm>
</RootTerm>
</CondStmnt>
</StmntSeq>
<Keyword EndOffset="5762" SrcFileId="21" StartOffset="5759"/>
<LocList>
<Loc EndOffset="6039" SrcFileId="21" StartOffset="5759"/>
</LocList>
</LoopStmnt>
</StmntSeq>
</Branch>
<Branch CovItemId="B30" CovItemPrefix="group2.game.InputHandler.java" Implct="true" Intrnl_Id="1810">
<Cond/>
<LocList/>
<StmntSeq Intrnl_Id="1811">
<LocList/>
</StmntSeq>
</Branch>
<Keyword EndOffset="5046" SrcFileId="21" StartOffset="5044"/>
<LocList>
<Loc EndOffset="6046" SrcFileId="21" StartOffset="5044"/>
</LocList>
<RootTerm CovItemId="C15" CovItemPrefix="group2.game.InputHandler.java" Intrnl_Id="1812">
<BasicBoolTerm Intrnl_Id="1813">
<LocList>
<Loc EndOffset="5073" SrcFileId="21" StartOffset="5048"/>
</LocList>
</BasicBoolTerm>
</RootTerm>
</CondStmnt>
</StmntSeq>
</Branch>
<Branch CovItemId="B28" CovItemPrefix="group2.game.InputHandler.java" Implct="true" Intrnl_Id="1814">
<Cond/>
<LocList/>
<StmntSeq Intrnl_Id="1815">
<LocList/>
</StmntSeq>
</Branch>
<Keyword EndOffset="5005" SrcFileId="21" StartOffset="5003"/>
<LocList>
<Loc EndOffset="6052" SrcFileId="21" StartOffset="5003"/>
</LocList>
<RootTerm CovItemId="C14" CovItemPrefix="group2.game.InputHandler.java" Intrnl_Id="1816">
<OpTerm BooleanOpId="34" Intrnl_Id="1817">
<OpTerm BooleanOpId="33" Intrnl_Id="1818">
<BasicBoolTerm Intrnl_Id="1819">
<LocList>
<Loc EndOffset="5018" SrcFileId="21" StartOffset="5007"/>
</LocList>
</BasicBoolTerm>
<LocList>
<Loc EndOffset="5007" SrcFileId="21" StartOffset="5006"/>
</LocList>
</OpTerm>
<OpTerm BooleanOpId="33" Intrnl_Id="1820">
<BasicBoolTerm Intrnl_Id="1821">
<LocList>
<Loc EndOffset="5036" SrcFileId="21" StartOffset="5023"/>
</LocList>
</BasicBoolTerm>
<LocList>
<Loc EndOffset="5023" SrcFileId="21" StartOffset="5022"/>
</LocList>
</OpTerm>
<LocList>
<Loc EndOffset="5021" SrcFileId="21" StartOffset="5019"/>
</LocList>
</OpTerm>
</RootTerm>
</CondStmnt>
</StmntSeq>
</Branch>
<Keyword EndOffset="4879" SrcFileId="21" StartOffset="4877"/>
<LocList>
<Loc EndOffset="6057" SrcFileId="21" StartOffset="4877"/>
</LocList>
<RootTerm CovItemId="C13" CovItemPrefix="group2.game.InputHandler.java" Intrnl_Id="1822">
<OpTerm BooleanOpId="34" Intrnl_Id="1823">
<OpTerm BooleanOpId="34" Intrnl_Id="1824">
<OpTerm BooleanOpId="34" Intrnl_Id="1825">
<OpTerm BooleanOpId="34" Intrnl_Id="1826">
<BasicBoolTerm Intrnl_Id="1827">
<LocList>
<Loc EndOffset="4890" SrcFileId="21" StartOffset="4881"/>
</LocList>
</BasicBoolTerm>
<BasicBoolTerm Intrnl_Id="1828">
<LocList>
<Loc EndOffset="4903" SrcFileId="21" StartOffset="4894"/>
</LocList>
</BasicBoolTerm>
<LocList>
<Loc EndOffset="4893" SrcFileId="21" StartOffset="4891"/>
</LocList>
</OpTerm>
<BasicBoolTerm Intrnl_Id="1829">
<LocList>
<Loc EndOffset="4916" SrcFileId="21" StartOffset="4907"/>
</LocList>
</BasicBoolTerm>
<LocList>
<Loc EndOffset="4906" SrcFileId="21" StartOffset="4904"/>
</LocList>
</OpTerm>
<BasicBoolTerm Intrnl_Id="1830">
<LocList>
<Loc EndOffset="4930" SrcFileId="21" StartOffset="4920"/>
</LocList>
</BasicBoolTerm>
<LocList>
<Loc EndOffset="4919" SrcFileId="21" StartOffset="4917"/>
</LocList>
</OpTerm>
<OpTerm BooleanOpId="33" Intrnl_Id="1831">
<BasicBoolTerm Intrnl_Id="1832">
<LocList>
<Loc EndOffset="4953" SrcFileId="21" StartOffset="4940"/>
</LocList>
</BasicBoolTerm>
<LocList>
<Loc EndOffset="4940" SrcFileId="21" StartOffset="4939"/>
</LocList>
</OpTerm>
<LocList>
<Loc EndOffset="4938" SrcFileId="21" StartOffset="4936"/>
</LocList>
</OpTerm>
</RootTerm>
</CondStmnt>
</StmntSeq>
</Branch>
<Keyword EndOffset="2295" SrcFileId="21" StartOffset="2293"/>
<LocList>
<Loc EndOffset="6057" SrcFileId="21" StartOffset="2293"/>
</LocList>
<RootTerm CovItemId="C4" CovItemPrefix="group2.game.InputHandler.java" Intrnl_Id="1833">
<BasicBoolTerm Intrnl_Id="1834">
<LocList>
<Loc EndOffset="2310" SrcFileId="21" StartOffset="2297"/>
</LocList>
</BasicBoolTerm>
</RootTerm>
</CondStmnt>
</StmntSeq>
</Branch>
<Branch CovItemId="B2" CovItemPrefix="group2.game.InputHandler.java" Implct="false" Intrnl_Id="1835">
<Cond>
<Loc EndOffset="6066" SrcFileId="21" StartOffset="6062"/>
</Cond>
<LocList>
<Loc EndOffset="6759" SrcFileId="21" StartOffset="6067"/>
</LocList>
<StmntSeq Intrnl_Id="1836">
<LocList>
<Loc EndOffset="6759" SrcFileId="21" StartOffset="6067"/>
</LocList>
<CondStmnt CovItemId="S92" CovItemPrefix="group2.game.InputHandler.java" Intrnl_Id="1837">
<Branch CovItemId="B43" CovItemPrefix="group2.game.InputHandler.java" Implct="false" Intrnl_Id="1838">
<Cond/>
<LocList>
<Loc EndOffset="6379" SrcFileId="21" StartOffset="6089"/>
</LocList>
<StmntSeq Intrnl_Id="1839">
<LocList>
<Loc EndOffset="6375" SrcFileId="21" StartOffset="6094"/>
</LocList>
<CondStmnt CovItemId="S93" CovItemPrefix="group2.game.InputHandler.java" Intrnl_Id="1840">
<Branch CovItemId="B45" CovItemPrefix="group2.game.InputHandler.java" Implct="false" Intrnl_Id="1841">
<Cond/>
<LocList>
<Loc EndOffset="6214" SrcFileId="21" StartOffset="6148"/>
</LocList>
<StmntSeq Intrnl_Id="1842">
<LocList>
<Loc EndOffset="6179" SrcFileId="21" StartOffset="6154"/>
<Loc EndOffset="6209" SrcFileId="21" StartOffset="6184"/>
</LocList>
<BasicStmnt CovItemId="S94" CovItemPrefix="group2.game.InputHandler.java" Intrnl_Id="1843">
<LocList>
<Loc EndOffset="6179" SrcFileId="21" StartOffset="6154"/>
</LocList>
</BasicStmnt>
<BasicStmnt CovItemId="S95" CovItemPrefix="group2.game.InputHandler.java" Intrnl_Id="1844">
<LocList>
<Loc EndOffset="6209" SrcFileId="21" StartOffset="6184"/>
</LocList>
</BasicStmnt>
</StmntSeq>
</Branch>
<Branch CovItemId="B46" CovItemPrefix="group2.game.InputHandler.java" Implct="false" Intrnl_Id="1845">
<Cond>
<Loc EndOffset="6219" SrcFileId="21" StartOffset="6215"/>
</Cond>
<LocList>
<Loc EndOffset="6375" SrcFileId="21" StartOffset="6220"/>
</LocList>
<StmntSeq Intrnl_Id="1846">
<LocList>
<Loc EndOffset="6375" SrcFileId="21" StartOffset="6220"/>
</LocList>
<CondStmnt CovItemId="S96" CovItemPrefix="group2.game.InputHandler.java" Intrnl_Id="1847">
<Branch CovItemId="B47" CovItemPrefix="group2.game.InputHandler.java" Implct="false" Intrnl_Id="1848">
<Cond/>
<LocList>
<Loc EndOffset="6375" SrcFileId="21" StartOffset="6274"/>
</LocList>
<StmntSeq Intrnl_Id="1849">
<LocList>
<Loc EndOffset="6305" SrcFileId="21" StartOffset="6280"/>
<Loc EndOffset="6340" SrcFileId="21" StartOffset="6310"/>
<Loc EndOffset="6370" SrcFileId="21" StartOffset="6345"/>
</LocList>
<BasicStmnt CovItemId="S97" CovItemPrefix="group2.game.InputHandler.java" Intrnl_Id="1850">
<LocList>
<Loc EndOffset="6305" SrcFileId="21" StartOffset="6280"/>
</LocList>
</BasicStmnt>
<BasicStmnt CovItemId="S98" CovItemPrefix="group2.game.InputHandler.java" Intrnl_Id="1851">
<LocList>
<Loc EndOffset="6340" SrcFileId="21" StartOffset="6310"/>
</LocList>
</BasicStmnt>
<BasicStmnt CovItemId="S99" CovItemPrefix="group2.game.InputHandler.java" Intrnl_Id="1852">
<LocList>
<Loc EndOffset="6370" SrcFileId="21" StartOffset="6345"/>
</LocList>
</BasicStmnt>
</StmntSeq>
</Branch>
<Branch CovItemId="B48" CovItemPrefix="group2.game.InputHandler.java" Implct="true" Intrnl_Id="1853">
<Cond/>
<LocList/>
<StmntSeq Intrnl_Id="1854">
<LocList/>
</StmntSeq>
</Branch>
<Keyword EndOffset="6222" SrcFileId="21" StartOffset="6220"/>
<LocList>
<Loc EndOffset="6375" SrcFileId="21" StartOffset="6220"/>
</LocList>
<RootTerm CovItemId="C25" CovItemPrefix="group2.game.InputHandler.java" Intrnl_Id="1855">
<OpTerm BooleanOpId="34" Intrnl_Id="1856">
<OpTerm BooleanOpId="34" Intrnl_Id="1857">
<OpTerm BooleanOpId="34" Intrnl_Id="1858">
<BasicBoolTerm Intrnl_Id="1859">
<LocList>
<Loc EndOffset="6233" SrcFileId="21" StartOffset="6224"/>
</LocList>
</BasicBoolTerm>
<BasicBoolTerm Intrnl_Id="1860">
<LocList>
<Loc EndOffset="6246" SrcFileId="21" StartOffset="6237"/>
</LocList>
</BasicBoolTerm>
<LocList>
<Loc EndOffset="6236" SrcFileId="21" StartOffset="6234"/>
</LocList>
</OpTerm>
<BasicBoolTerm Intrnl_Id="1861">
<LocList>
<Loc EndOffset="6259" SrcFileId="21" StartOffset="6250"/>
</LocList>
</BasicBoolTerm>
<LocList>
<Loc EndOffset="6249" SrcFileId="21" StartOffset="6247"/>
</LocList>
</OpTerm>
<BasicBoolTerm Intrnl_Id="1862">
<LocList>
<Loc EndOffset="6272" SrcFileId="21" StartOffset="6263"/>
</LocList>
</BasicBoolTerm>
<LocList>
<Loc EndOffset="6262" SrcFileId="21" StartOffset="6260"/>
</LocList>
</OpTerm>
</RootTerm>
</CondStmnt>
</StmntSeq>
</Branch>
<Keyword EndOffset="6096" SrcFileId="21" StartOffset="6094"/>
<LocList>
<Loc EndOffset="6375" SrcFileId="21" StartOffset="6094"/>
</LocList>
<RootTerm CovItemId="C24" CovItemPrefix="group2.game.InputHandler.java" Intrnl_Id="1863">
<OpTerm BooleanOpId="34" Intrnl_Id="1864">
<OpTerm BooleanOpId="34" Intrnl_Id="1865">
<OpTerm BooleanOpId="34" Intrnl_Id="1866">
<BasicBoolTerm Intrnl_Id="1867">
<LocList>
<Loc EndOffset="6107" SrcFileId="21" StartOffset="6098"/>
</LocList>
</BasicBoolTerm>
<BasicBoolTerm Intrnl_Id="1868">
<LocList>
<Loc EndOffset="6120" SrcFileId="21" StartOffset="6111"/>
</LocList>
</BasicBoolTerm>
<LocList>
<Loc EndOffset="6110" SrcFileId="21" StartOffset="6108"/>
</LocList>
</OpTerm>
<BasicBoolTerm Intrnl_Id="1869">
<LocList>
<Loc EndOffset="6133" SrcFileId="21" StartOffset="6124"/>
</LocList>
</BasicBoolTerm>
<LocList>
<Loc EndOffset="6123" SrcFileId="21" StartOffset="6121"/>
</LocList>
</OpTerm>
<BasicBoolTerm Intrnl_Id="1870">
<LocList>
<Loc EndOffset="6146" SrcFileId="21" StartOffset="6137"/>
</LocList>
</BasicBoolTerm>
<LocList>
<Loc EndOffset="6136" SrcFileId="21" StartOffset="6134"/>
</LocList>
</OpTerm>
</RootTerm>
</CondStmnt>
</StmntSeq>
</Branch>
<Branch CovItemId="B44" CovItemPrefix="group2.game.InputHandler.java" Implct="false" Intrnl_Id="1871">
<Cond>
<Loc EndOffset="6384" SrcFileId="21" StartOffset="6380"/>
</Cond>
<LocList>
<Loc EndOffset="6759" SrcFileId="21" StartOffset="6385"/>
</LocList>
<StmntSeq Intrnl_Id="1872">
<LocList>
<Loc EndOffset="6759" SrcFileId="21" StartOffset="6385"/>
</LocList>
<CondStmnt CovItemId="S100" CovItemPrefix="group2.game.InputHandler.java" Intrnl_Id="1873">
<Branch CovItemId="B49" CovItemPrefix="group2.game.InputHandler.java" Implct="false" Intrnl_Id="1874">
<Cond/>
<LocList>
<Loc EndOffset="6577" SrcFileId="21" StartOffset="6413"/>
</LocList>
<StmntSeq Intrnl_Id="1875">
<LocList>
<Loc EndOffset="6573" SrcFileId="21" StartOffset="6418"/>
</LocList>
<CondStmnt CovItemId="S101" CovItemPrefix="group2.game.InputHandler.java" Intrnl_Id="1876">
<Branch CovItemId="B51" CovItemPrefix="group2.game.InputHandler.java" Implct="false" Intrnl_Id="1877">
<Cond/>
<LocList>
<Loc EndOffset="6573" SrcFileId="21" StartOffset="6472"/>
</LocList>
<StmntSeq Intrnl_Id="1878">
<LocList>
<Loc EndOffset="6502" SrcFileId="21" StartOffset="6478"/>
<Loc EndOffset="6538" SrcFileId="21" StartOffset="6507"/>
<Loc EndOffset="6568" SrcFileId="21" StartOffset="6543"/>
</LocList>
<BasicStmnt CovItemId="S102" CovItemPrefix="group2.game.InputHandler.java" Intrnl_Id="1879">
<LocList>
<Loc EndOffset="6502" SrcFileId="21" StartOffset="6478"/>
</LocList>
</BasicStmnt>
<BasicStmnt CovItemId="S103" CovItemPrefix="group2.game.InputHandler.java" Intrnl_Id="1880">
<LocList>
<Loc EndOffset="6538" SrcFileId="21" StartOffset="6507"/>
</LocList>
</BasicStmnt>
<BasicStmnt CovItemId="S104" CovItemPrefix="group2.game.InputHandler.java" Intrnl_Id="1881">
<LocList>
<Loc EndOffset="6568" SrcFileId="21" StartOffset="6543"/>
</LocList>
</BasicStmnt>
</StmntSeq>
</Branch>
<Branch CovItemId="B52" CovItemPrefix="group2.game.InputHandler.java" Implct="true" Intrnl_Id="1882">
<Cond/>
<LocList/>
<StmntSeq Intrnl_Id="1883">
<LocList/>
</StmntSeq>
</Branch>
<Keyword EndOffset="6420" SrcFileId="21" StartOffset="6418"/>
<LocList>
<Loc EndOffset="6573" SrcFileId="21" StartOffset="6418"/>
</LocList>
<RootTerm CovItemId="C27" CovItemPrefix="group2.game.InputHandler.java" Intrnl_Id="1884">
<OpTerm BooleanOpId="34" Intrnl_Id="1885">
<OpTerm BooleanOpId="34" Intrnl_Id="1886">
<OpTerm BooleanOpId="34" Intrnl_Id="1887">
<BasicBoolTerm Intrnl_Id="1888">
<LocList>
<Loc EndOffset="6431" SrcFileId="21" StartOffset="6422"/>
</LocList>
</BasicBoolTerm>
<BasicBoolTerm Intrnl_Id="1889">
<LocList>
<Loc EndOffset="6444" SrcFileId="21" StartOffset="6435"/>
</LocList>
</BasicBoolTerm>
<LocList>
<Loc EndOffset="6434" SrcFileId="21" StartOffset="6432"/>
</LocList>
</OpTerm>
<BasicBoolTerm Intrnl_Id="1890">
<LocList>
<Loc EndOffset="6457" SrcFileId="21" StartOffset="6448"/>
</LocList>
</BasicBoolTerm>
<LocList>
<Loc EndOffset="6447" SrcFileId="21" StartOffset="6445"/>
</LocList>
</OpTerm>
<BasicBoolTerm Intrnl_Id="1891">
<LocList>
<Loc EndOffset="6470" SrcFileId="21" StartOffset="6461"/>
</LocList>
</BasicBoolTerm>
<LocList>
<Loc EndOffset="6460" SrcFileId="21" StartOffset="6458"/>
</LocList>
</OpTerm>
</RootTerm>
</CondStmnt>
</StmntSeq>
</Branch>
<Branch CovItemId="B50" CovItemPrefix="group2.game.InputHandler.java" Implct="false" Intrnl_Id="1892">
<Cond>
<Loc EndOffset="6584" SrcFileId="21" StartOffset="6580"/>
</Cond>
<LocList>
<Loc EndOffset="6759" SrcFileId="21" StartOffset="6585"/>
</LocList>
<StmntSeq Intrnl_Id="1893">
<LocList>
<Loc EndOffset="6759" SrcFileId="21" StartOffset="6585"/>
</LocList>
<CondStmnt CovItemId="S105" CovItemPrefix="group2.game.InputHandler.java" Intrnl_Id="1894">
<Branch CovItemId="B53" CovItemPrefix="group2.game.InputHandler.java" Implct="false" Intrnl_Id="1895">
<Cond/>
<LocList>
<Loc EndOffset="6759" SrcFileId="21" StartOffset="6607"/>
</LocList>
<StmntSeq Intrnl_Id="1896">
<LocList>
<Loc EndOffset="6755" SrcFileId="21" StartOffset="6612"/>
</LocList>
<CondStmnt CovItemId="S106" CovItemPrefix="group2.game.InputHandler.java" Intrnl_Id="1897">
<Branch CovItemId="B55" CovItemPrefix="group2.game.InputHandler.java" Implct="false" Intrnl_Id="1898">
<Cond/>
<LocList>
<Loc EndOffset="6755" SrcFileId="21" StartOffset="6664"/>
</LocList>
<StmntSeq Intrnl_Id="1899">
<LocList>
<Loc EndOffset="6694" SrcFileId="21" StartOffset="6670"/>
<Loc EndOffset="6721" SrcFileId="21" StartOffset="6699"/>
<Loc EndOffset="6750" SrcFileId="21" StartOffset="6726"/>
</LocList>
<BasicStmnt CovItemId="S107" CovItemPrefix="group2.game.InputHandler.java" Intrnl_Id="1900">
<LocList>
<Loc EndOffset="6694" SrcFileId="21" StartOffset="6670"/>
</LocList>
</BasicStmnt>
<BasicStmnt CovItemId="S108" CovItemPrefix="group2.game.InputHandler.java" Intrnl_Id="1901">
<LocList>
<Loc EndOffset="6721" SrcFileId="21" StartOffset="6699"/>
</LocList>
</BasicStmnt>
<BasicStmnt CovItemId="S109" CovItemPrefix="group2.game.InputHandler.java" Intrnl_Id="1902">
<LocList>
<Loc EndOffset="6750" SrcFileId="21" StartOffset="6726"/>
</LocList>
</BasicStmnt>
</StmntSeq>
</Branch>
<Branch CovItemId="B56" CovItemPrefix="group2.game.InputHandler.java" Implct="true" Intrnl_Id="1903">
<Cond/>
<LocList/>
<StmntSeq Intrnl_Id="1904">
<LocList/>
</StmntSeq>
</Branch>
<Keyword EndOffset="6614" SrcFileId="21" StartOffset="6612"/>
<LocList>
<Loc EndOffset="6755" SrcFileId="21" StartOffset="6612"/>
</LocList>
<RootTerm CovItemId="C29" CovItemPrefix="group2.game.InputHandler.java" Intrnl_Id="1905">
<OpTerm BooleanOpId="34" Intrnl_Id="1906">
<OpTerm BooleanOpId="34" Intrnl_Id="1907">
<OpTerm BooleanOpId="34" Intrnl_Id="1908">
<BasicBoolTerm Intrnl_Id="1909">
<LocList>
<Loc EndOffset="6625" SrcFileId="21" StartOffset="6616"/>
</LocList>
</BasicBoolTerm>
<BasicBoolTerm Intrnl_Id="1910">
<LocList>
<Loc EndOffset="6638" SrcFileId="21" StartOffset="6629"/>
</LocList>
</BasicBoolTerm>
<LocList>
<Loc EndOffset="6628" SrcFileId="21" StartOffset="6626"/>
</LocList>
</OpTerm>
<BasicBoolTerm Intrnl_Id="1911">
<LocList>
<Loc EndOffset="6650" SrcFileId="21" StartOffset="6642"/>
</LocList>
</BasicBoolTerm>
<LocList>
<Loc EndOffset="6641" SrcFileId="21" StartOffset="6639"/>
</LocList>
</OpTerm>
<BasicBoolTerm Intrnl_Id="1912">
<LocList>
<Loc EndOffset="6663" SrcFileId="21" StartOffset="6654"/>
</LocList>
</BasicBoolTerm>
<LocList>
<Loc EndOffset="6653" SrcFileId="21" StartOffset="6651"/>
</LocList>
</OpTerm>
</RootTerm>
</CondStmnt>
</StmntSeq>
</Branch>
<Branch CovItemId="B54" CovItemPrefix="group2.game.InputHandler.java" Implct="true" Intrnl_Id="1913">
<Cond/>
<LocList/>
<StmntSeq Intrnl_Id="1914">
<LocList/>
</StmntSeq>
</Branch>
<Keyword EndOffset="6587" SrcFileId="21" StartOffset="6585"/>
<LocList>
<Loc EndOffset="6759" SrcFileId="21" StartOffset="6585"/>
</LocList>
<RootTerm CovItemId="C28" CovItemPrefix="group2.game.InputHandler.java" Intrnl_Id="1915">
<BasicBoolTerm Intrnl_Id="1916">
<LocList>
<Loc EndOffset="6606" SrcFileId="21" StartOffset="6589"/>
</LocList>
</BasicBoolTerm>
</RootTerm>
</CondStmnt>
</StmntSeq>
</Branch>
<Keyword EndOffset="6387" SrcFileId="21" StartOffset="6385"/>
<LocList>
<Loc EndOffset="6759" SrcFileId="21" StartOffset="6385"/>
</LocList>
<RootTerm CovItemId="C26" CovItemPrefix="group2.game.InputHandler.java" Intrnl_Id="1917">
<BasicBoolTerm Intrnl_Id="1918">
<LocList>
<Loc EndOffset="6411" SrcFileId="21" StartOffset="6389"/>
</LocList>
</BasicBoolTerm>
</RootTerm>
</CondStmnt>
</StmntSeq>
</Branch>
<Keyword EndOffset="6069" SrcFileId="21" StartOffset="6067"/>
<LocList>
<Loc EndOffset="6759" SrcFileId="21" StartOffset="6067"/>
</LocList>
<RootTerm CovItemId="C23" CovItemPrefix="group2.game.InputHandler.java" Intrnl_Id="1919">
<BasicBoolTerm Intrnl_Id="1920">
<LocList>
<Loc EndOffset="6087" SrcFileId="21" StartOffset="6071"/>
</LocList>
</BasicBoolTerm>
</RootTerm>
</CondStmnt>
</StmntSeq>
</Branch>
<Keyword EndOffset="2078" SrcFileId="21" StartOffset="2076"/>
<LocList>
<Loc EndOffset="6759" SrcFileId="21" StartOffset="2076"/>
</LocList>
<RootTerm CovItemId="C1" CovItemPrefix="group2.game.InputHandler.java" Intrnl_Id="1921">
<BasicBoolTerm Intrnl_Id="1922">
<LocList>
<Loc EndOffset="2096" SrcFileId="21" StartOffset="2080"/>
</LocList>
</BasicBoolTerm>
</RootTerm>
</CondStmnt>
</StmntSeq>
</HierarchyLvl>
<HierarchyLvl HierarchyLvlId="13108" HierarchyLvlTypeId="39" Intrnl_Id="1923" Name="mouseReleased">
<Header>
<Loc EndOffset="7172" SrcFileId="21" StartOffset="6765"/>
</Header>
<LocList>
<Loc EndOffset="8197" SrcFileId="21" StartOffset="6765"/>
</LocList>
<StmntSeq Intrnl_Id="1924">
<LocList>
<Loc EndOffset="7217" SrcFileId="21" StartOffset="7177"/>
<Loc EndOffset="7261" SrcFileId="21" StartOffset="7220"/>
<Loc EndOffset="8193" SrcFileId="21" StartOffset="7264"/>
</LocList>
<BasicStmnt CovItemId="S110" CovItemPrefix="group2.game.InputHandler.java" Intrnl_Id="1925">
<LocList>
<Loc EndOffset="7217" SrcFileId="21" StartOffset="7177"/>
</LocList>
</BasicStmnt>
<BasicStmnt CovItemId="S111" CovItemPrefix="group2.game.InputHandler.java" Intrnl_Id="1926">
<LocList>
<Loc EndOffset="7261" SrcFileId="21" StartOffset="7220"/>
</LocList>
</BasicStmnt>
<CondStmnt CovItemId="S112" CovItemPrefix="group2.game.InputHandler.java" Intrnl_Id="1927">
<Branch CovItemId="B57" CovItemPrefix="group2.game.InputHandler.java" Implct="false" Intrnl_Id="1928">
<Cond/>
<LocList>
<Loc EndOffset="7653" SrcFileId="21" StartOffset="7295"/>
</LocList>
<StmntSeq Intrnl_Id="1929">
<LocList>
<Loc EndOffset="7638" SrcFileId="21" StartOffset="7300"/>
<Loc EndOffset="7649" SrcFileId="21" StartOffset="7642"/>
</LocList>
<CondStmnt CovItemId="S113" CovItemPrefix="group2.game.InputHandler.java" Intrnl_Id="1930">
<Branch CovItemId="B59" CovItemPrefix="group2.game.InputHandler.java" Implct="false" Intrnl_Id="1931">
<Cond/>
<LocList>
<Loc EndOffset="7554" SrcFileId="21" StartOffset="7377"/>
</LocList>
<StmntSeq Intrnl_Id="1932">
<LocList>
<Loc EndOffset="7413" SrcFileId="21" StartOffset="7383"/>
<Loc EndOffset="7443" SrcFileId="21" StartOffset="7418"/>
<Loc EndOffset="7483" SrcFileId="21" StartOffset="7448"/>
<Loc EndOffset="7519" SrcFileId="21" StartOffset="7488"/>
<Loc EndOffset="7549" SrcFileId="21" StartOffset="7524"/>
</LocList>
<BasicStmnt CovItemId="S114" CovItemPrefix="group2.game.InputHandler.java" Intrnl_Id="1933">
<LocList>
<Loc EndOffset="7413" SrcFileId="21" StartOffset="7383"/>
</LocList>
</BasicStmnt>
<BasicStmnt CovItemId="S115" CovItemPrefix="group2.game.InputHandler.java" Intrnl_Id="1934">
<LocList>
<Loc EndOffset="7443" SrcFileId="21" StartOffset="7418"/>
</LocList>
</BasicStmnt>
<BasicStmnt CovItemId="S116" CovItemPrefix="group2.game.InputHandler.java" Intrnl_Id="1935">
<LocList>
<Loc EndOffset="7483" SrcFileId="21" StartOffset="7448"/>
</LocList>
</BasicStmnt>
<BasicStmnt CovItemId="S117" CovItemPrefix="group2.game.InputHandler.java" Intrnl_Id="1936">
<LocList>
<Loc EndOffset="7519" SrcFileId="21" StartOffset="7488"/>
</LocList>
</BasicStmnt>
<BasicStmnt CovItemId="S118" CovItemPrefix="group2.game.InputHandler.java" Intrnl_Id="1937">
<LocList>
<Loc EndOffset="7549" SrcFileId="21" StartOffset="7524"/>
</LocList>
</BasicStmnt>
</StmntSeq>
</Branch>
<Branch CovItemId="B60" CovItemPrefix="group2.game.InputHandler.java" Implct="false" Intrnl_Id="1938">
<Cond>
<Loc EndOffset="7559" SrcFileId="21" StartOffset="7555"/>
</Cond>
<LocList>
<Loc EndOffset="7638" SrcFileId="21" StartOffset="7560"/>
</LocList>
<StmntSeq Intrnl_Id="1939">
<LocList>
<Loc EndOffset="7603" SrcFileId="21" StartOffset="7566"/>
<Loc EndOffset="7633" SrcFileId="21" StartOffset="7608"/>
</LocList>
<BasicStmnt CovItemId="S119" CovItemPrefix="group2.game.InputHandler.java" Intrnl_Id="1940">
<LocList>
<Loc EndOffset="7603" SrcFileId="21" StartOffset="7566"/>
</LocList>
</BasicStmnt>
<BasicStmnt CovItemId="S120" CovItemPrefix="group2.game.InputHandler.java" Intrnl_Id="1941">
<LocList>
<Loc EndOffset="7633" SrcFileId="21" StartOffset="7608"/>
</LocList>
</BasicStmnt>
</StmntSeq>
</Branch>
<Keyword EndOffset="7302" SrcFileId="21" StartOffset="7300"/>
<LocList>
<Loc EndOffset="7638" SrcFileId="21" StartOffset="7300"/>
</LocList>
<RootTerm CovItemId="C31" CovItemPrefix="group2.game.InputHandler.java" Intrnl_Id="1942">
<OpTerm BooleanOpId="34" Intrnl_Id="1943">
<BasicBoolTerm Intrnl_Id="1944">
<LocList>
<Loc EndOffset="7340" SrcFileId="21" StartOffset="7304"/>
</LocList>
</BasicBoolTerm>
<BasicBoolTerm Intrnl_Id="1945">
<LocList>
<Loc EndOffset="7375" SrcFileId="21" StartOffset="7349"/>
</LocList>
</BasicBoolTerm>
<LocList>
<Loc EndOffset="7348" SrcFileId="21" StartOffset="7346"/>
</LocList>
</OpTerm>
</RootTerm>
</CondStmnt>
<BasicStmnt CovItemId="S121" CovItemPrefix="group2.game.InputHandler.java" Intrnl_Id="1946">
<LocList>
<Loc EndOffset="7649" SrcFileId="21" StartOffset="7642"/>
</LocList>
</BasicStmnt>
</StmntSeq>
</Branch>
<Branch CovItemId="B58" CovItemPrefix="group2.game.InputHandler.java" Implct="false" Intrnl_Id="1947">
<Cond>
<Loc EndOffset="7658" SrcFileId="21" StartOffset="7654"/>
</Cond>
<LocList>
<Loc EndOffset="8193" SrcFileId="21" StartOffset="7659"/>
</LocList>
<StmntSeq Intrnl_Id="1948">
<LocList>
<Loc EndOffset="8193" SrcFileId="21" StartOffset="7659"/>
</LocList>
<CondStmnt CovItemId="S122" CovItemPrefix="group2.game.InputHandler.java" Intrnl_Id="1949">
<Branch CovItemId="B61" CovItemPrefix="group2.game.InputHandler.java" Implct="false" Intrnl_Id="1950">
<Cond/>
<LocList>
<Loc EndOffset="8193" SrcFileId="21" StartOffset="7687"/>
</LocList>
<StmntSeq Intrnl_Id="1951">
<LocList>
<Loc EndOffset="8114" SrcFileId="21" StartOffset="7692"/>
<Loc EndOffset="8152" SrcFileId="21" StartOffset="8118"/>
<Loc EndOffset="8178" SrcFileId="21" StartOffset="8156"/>
<Loc EndOffset="8189" SrcFileId="21" StartOffset="8182"/>
</LocList>
<LoopStmnt CovItemId="S123" CovItemPrefix="group2.game.InputHandler.java" Intrnl_Id="1952" MltplExecId="L4-2" MltplExecPrefix="group2.game.InputHandler.java" NvrExecId="L4-0" NvrExecPrefix="group2.game.InputHandler.java" OnceExecutedId="L4-1" OnceExecutedPrefix="group2.game.InputHandler.java" OptBodyExec="true">
<StmntSeq Intrnl_Id="1953">
<LocList>
<Loc EndOffset="8108" SrcFileId="21" StartOffset="7739"/>
</LocList>
<CondStmnt CovItemId="S124" CovItemPrefix="group2.game.InputHandler.java" Intrnl_Id="1954">
<Branch CovItemId="B63" CovItemPrefix="group2.game.InputHandler.java" Implct="false" Intrnl_Id="1955">
<Cond/>
<LocList>
<Loc EndOffset="8108" SrcFileId="21" StartOffset="7771"/>
</LocList>
<StmntSeq Intrnl_Id="1956">
<LocList>
<Loc EndOffset="7808" SrcFileId="21" StartOffset="7778"/>
<Loc EndOffset="7852" SrcFileId="21" StartOffset="7814"/>
<Loc EndOffset="7922" SrcFileId="21" StartOffset="7858"/>
<Loc EndOffset="7952" SrcFileId="21" StartOffset="7928"/>
<Loc EndOffset="7985" SrcFileId="21" StartOffset="7958"/>
<Loc EndOffset="8025" SrcFileId="21" StartOffset="7991"/>
<Loc EndOffset="8061" SrcFileId="21" StartOffset="8031"/>
<Loc EndOffset="8089" SrcFileId="21" StartOffset="8067"/>
<Loc EndOffset="8102" SrcFileId="21" StartOffset="8095"/>
</LocList>
<BasicStmnt CovItemId="S125" CovItemPrefix="group2.game.InputHandler.java" Intrnl_Id="1957">
<LocList>
<Loc EndOffset="7808" SrcFileId="21" StartOffset="7778"/>
</LocList>
</BasicStmnt>
<BasicStmnt CovItemId="S126" CovItemPrefix="group2.game.InputHandler.java" Intrnl_Id="1958">
<LocList>
<Loc EndOffset="7852" SrcFileId="21" StartOffset="7814"/>
</LocList>
</BasicStmnt>
<BasicStmnt CovItemId="S127" CovItemPrefix="group2.game.InputHandler.java" Intrnl_Id="1959">
<LocList>
<Loc EndOffset="7922" SrcFileId="21" StartOffset="7858"/>
</LocList>
</BasicStmnt>
<BasicStmnt CovItemId="S128" CovItemPrefix="group2.game.InputHandler.java" Intrnl_Id="1960">
<LocList>
<Loc EndOffset="7952" SrcFileId="21" StartOffset="7928"/>
</LocList>
</BasicStmnt>
<BasicStmnt CovItemId="S129" CovItemPrefix="group2.game.InputHandler.java" Intrnl_Id="1961">
<LocList>
<Loc EndOffset="7985" SrcFileId="21" StartOffset="7958"/>
</LocList>
</BasicStmnt>
<BasicStmnt CovItemId="S130" CovItemPrefix="group2.game.InputHandler.java" Intrnl_Id="1962">
<LocList>
<Loc EndOffset="8025" SrcFileId="21" StartOffset="7991"/>
</LocList>
</BasicStmnt>
<BasicStmnt CovItemId="S131" CovItemPrefix="group2.game.InputHandler.java" Intrnl_Id="1963">
<LocList>
<Loc EndOffset="8061" SrcFileId="21" StartOffset="8031"/>
</LocList>
</BasicStmnt>
<BasicStmnt CovItemId="S132" CovItemPrefix="group2.game.InputHandler.java" Intrnl_Id="1964">
<LocList>
<Loc EndOffset="8089" SrcFileId="21" StartOffset="8067"/>
</LocList>
</BasicStmnt>
<BasicStmnt CovItemId="S133" CovItemPrefix="group2.game.InputHandler.java" Intrnl_Id="1965">
<LocList>
<Loc EndOffset="8102" SrcFileId="21" StartOffset="8095"/>
</LocList>
</BasicStmnt>
</StmntSeq>
</Branch>
<Branch CovItemId="B64" CovItemPrefix="group2.game.InputHandler.java" Implct="true" Intrnl_Id="1966">
<Cond/>
<LocList/>
<StmntSeq Intrnl_Id="1967">
<LocList/>
</StmntSeq>
</Branch>
<Keyword EndOffset="7741" SrcFileId="21" StartOffset="7739"/>
<LocList>
<Loc EndOffset="8108" SrcFileId="21" StartOffset="7739"/>
</LocList>
<RootTerm CovItemId="C33" CovItemPrefix="group2.game.InputHandler.java" Intrnl_Id="1968">
<BasicBoolTerm Intrnl_Id="1969">
<LocList>
<Loc EndOffset="7769" SrcFileId="21" StartOffset="7743"/>
</LocList>
</BasicBoolTerm>
</RootTerm>
</CondStmnt>
</StmntSeq>
<Keyword EndOffset="7695" SrcFileId="21" StartOffset="7692"/>
<LocList>
<Loc EndOffset="8114" SrcFileId="21" StartOffset="7692"/>
</LocList>
</LoopStmnt>
<BasicStmnt CovItemId="S134" CovItemPrefix="group2.game.InputHandler.java" Intrnl_Id="1970">
<LocList>
<Loc EndOffset="8152" SrcFileId="21" StartOffset="8118"/>
</LocList>
</BasicStmnt>
<BasicStmnt CovItemId="S135" CovItemPrefix="group2.game.InputHandler.java" Intrnl_Id="1971">
<LocList>
<Loc EndOffset="8178" SrcFileId="21" StartOffset="8156"/>
</LocList>
</BasicStmnt>
<BasicStmnt CovItemId="S136" CovItemPrefix="group2.game.InputHandler.java" Intrnl_Id="1972">
<LocList>
<Loc EndOffset="8189" SrcFileId="21" StartOffset="8182"/>
</LocList>
</BasicStmnt>
</StmntSeq>
</Branch>
<Branch CovItemId="B62" CovItemPrefix="group2.game.InputHandler.java" Implct="true" Intrnl_Id="1973">
<Cond/>
<LocList/>
<StmntSeq Intrnl_Id="1974">
<LocList/>
</StmntSeq>
</Branch>
<Keyword EndOffset="7661" SrcFileId="21" StartOffset="7659"/>
<LocList>
<Loc EndOffset="8193" SrcFileId="21" StartOffset="7659"/>
</LocList>
<RootTerm CovItemId="C32" CovItemPrefix="group2.game.InputHandler.java" Intrnl_Id="1975">
<BasicBoolTerm Intrnl_Id="1976">
<LocList>
<Loc EndOffset="7685" SrcFileId="21" StartOffset="7663"/>
</LocList>
</BasicBoolTerm>
</RootTerm>
</CondStmnt>
</StmntSeq>
</Branch>
<Keyword EndOffset="7266" SrcFileId="21" StartOffset="7264"/>
<LocList>
<Loc EndOffset="8193" SrcFileId="21" StartOffset="7264"/>
</LocList>
<RootTerm CovItemId="C30" CovItemPrefix="group2.game.InputHandler.java" Intrnl_Id="1977">
<BasicBoolTerm Intrnl_Id="1978">
<LocList>
<Loc EndOffset="7293" SrcFileId="21" StartOffset="7268"/>
</LocList>
</BasicBoolTerm>
</RootTerm>
</CondStmnt>
</StmntSeq>
</HierarchyLvl>
</HierarchyLvl>
<HierarchyLvl HierarchyLvlId="13113" HierarchyLvlTypeId="38" Intrnl_Id="1979" Name="HighScoreList">
<Header>
<Loc EndOffset="303" SrcFileId="22" StartOffset="277"/>
</Header>
<LocList>
<Loc EndOffset="2892" SrcFileId="22" StartOffset="277"/>
</LocList>
<HierarchyLvl HierarchyLvlId="13110" HierarchyLvlTypeId="39" Intrnl_Id="1980" Name="addScore">
<Header>
<Loc EndOffset="533" SrcFileId="22" StartOffset="486"/>
</Header>
<LocList>
<Loc EndOffset="1063" SrcFileId="22" StartOffset="486"/>
</LocList>
<StmntSeq Intrnl_Id="1981">
<LocList>
<Loc EndOffset="551" SrcFileId="22" StartOffset="538"/>
<Loc EndOffset="566" SrcFileId="22" StartOffset="554"/>
<Loc EndOffset="1060" SrcFileId="22" StartOffset="606"/>
</LocList>
<BasicStmnt CovItemId="S1" CovItemPrefix="group2.game.HighScoreList.java" Intrnl_Id="1982">
<LocList>
<Loc EndOffset="551" SrcFileId="22" StartOffset="538"/>
</LocList>
</BasicStmnt>
<BasicStmnt CovItemId="S2" CovItemPrefix="group2.game.HighScoreList.java" Intrnl_Id="1983">
<LocList>
<Loc EndOffset="566" SrcFileId="22" StartOffset="554"/>
</LocList>
</BasicStmnt>
<CondStmnt CovItemId="S3" CovItemPrefix="group2.game.HighScoreList.java" Intrnl_Id="1984">
<Branch CovItemId="B1" CovItemPrefix="group2.game.HighScoreList.java" Implct="false" Intrnl_Id="1985">
<Cond/>
<LocList>
<Loc EndOffset="711" SrcFileId="22" StartOffset="630"/>
</LocList>
<StmntSeq Intrnl_Id="1986">
<LocList>
<Loc EndOffset="653" SrcFileId="22" StartOffset="635"/>
<Loc EndOffset="678" SrcFileId="22" StartOffset="657"/>
<Loc EndOffset="695" SrcFileId="22" StartOffset="682"/>
<Loc EndOffset="706" SrcFileId="22" StartOffset="699"/>
</LocList>
<BasicStmnt CovItemId="S4" CovItemPrefix="group2.game.HighScoreList.java" Intrnl_Id="1987">
<LocList>
<Loc EndOffset="653" SrcFileId="22" StartOffset="635"/>
</LocList>
</BasicStmnt>
<BasicStmnt CovItemId="S5" CovItemPrefix="group2.game.HighScoreList.java" Intrnl_Id="1988">
<LocList>
<Loc EndOffset="678" SrcFileId="22" StartOffset="657"/>
</LocList>
</BasicStmnt>
<BasicStmnt CovItemId="S6" CovItemPrefix="group2.game.HighScoreList.java" Intrnl_Id="1989">
<LocList>
<Loc EndOffset="695" SrcFileId="22" StartOffset="682"/>
</LocList>
</BasicStmnt>
<BasicStmnt CovItemId="S7" CovItemPrefix="group2.game.HighScoreList.java" Intrnl_Id="1990">
<LocList>
<Loc EndOffset="706" SrcFileId="22" StartOffset="699"/>
</LocList>
</BasicStmnt>
</StmntSeq>
</Branch>
<Branch CovItemId="B2" CovItemPrefix="group2.game.HighScoreList.java" Implct="false" Intrnl_Id="1991">
<Cond>
<Loc EndOffset="749" SrcFileId="22" StartOffset="745"/>
</Cond>
<LocList>
<Loc EndOffset="1060" SrcFileId="22" StartOffset="750"/>
</LocList>
<StmntSeq Intrnl_Id="1992">
<LocList>
<Loc EndOffset="954" SrcFileId="22" StartOffset="755"/>
<Loc EndOffset="1014" SrcFileId="22" StartOffset="993"/>
<Loc EndOffset="1039" SrcFileId="22" StartOffset="1018"/>
<Loc EndOffset="1056" SrcFileId="22" StartOffset="1043"/>
</LocList>
<LoopStmnt CovItemId="S8" CovItemPrefix="group2.game.HighScoreList.java" Intrnl_Id="1993" MltplExecId="L1-2" MltplExecPrefix="group2.game.HighScoreList.java" NvrExecId="L1-0" NvrExecPrefix="group2.game.HighScoreList.java" OnceExecutedId="L1-1" OnceExecutedPrefix="group2.game.HighScoreList.java" OptBodyExec="true">
<StmntSeq Intrnl_Id="1994">
<LocList>
<Loc EndOffset="949" SrcFileId="22" StartOffset="792"/>
</LocList>
<CondStmnt CovItemId="S9" CovItemPrefix="group2.game.HighScoreList.java" Intrnl_Id="1995">
<Branch CovItemId="B3" CovItemPrefix="group2.game.HighScoreList.java" Implct="false" Intrnl_Id="1996">
<Cond/>
<LocList>
<Loc EndOffset="923" SrcFileId="22" StartOffset="827"/>
</LocList>
<StmntSeq Intrnl_Id="1997">
<LocList>
<Loc EndOffset="852" SrcFileId="22" StartOffset="834"/>
<Loc EndOffset="885" SrcFileId="22" StartOffset="858"/>
<Loc EndOffset="904" SrcFileId="22" StartOffset="891"/>
<Loc EndOffset="917" SrcFileId="22" StartOffset="910"/>
</LocList>
<BasicStmnt CovItemId="S10" CovItemPrefix="group2.game.HighScoreList.java" Intrnl_Id="1998">
<LocList>
<Loc EndOffset="852" SrcFileId="22" StartOffset="834"/>
</LocList>
</BasicStmnt>
<BasicStmnt CovItemId="S11" CovItemPrefix="group2.game.HighScoreList.java" Intrnl_Id="1999">
<LocList>
<Loc EndOffset="885" SrcFileId="22" StartOffset="858"/>
</LocList>
</BasicStmnt>
<BasicStmnt CovItemId="S12" CovItemPrefix="group2.game.HighScoreList.java" Intrnl_Id="2000">
<LocList>
<Loc EndOffset="904" SrcFileId="22" StartOffset="891"/>
</LocList>
</BasicStmnt>
<BasicStmnt CovItemId="S13" CovItemPrefix="group2.game.HighScoreList.java" Intrnl_Id="2001">
<LocList>
<Loc EndOffset="917" SrcFileId="22" StartOffset="910"/>
</LocList>
</BasicStmnt>
</StmntSeq>
</Branch>
<Branch CovItemId="B4" CovItemPrefix="group2.game.HighScoreList.java" Implct="false" Intrnl_Id="2002">
<Cond>
<Loc EndOffset="928" SrcFileId="22" StartOffset="924"/>
</Cond>
<LocList>
<Loc EndOffset="949" SrcFileId="22" StartOffset="929"/>
</LocList>
<StmntSeq Intrnl_Id="2003">
<LocList>
<Loc EndOffset="943" SrcFileId="22" StartOffset="936"/>
</LocList>
<BasicStmnt CovItemId="S14" CovItemPrefix="group2.game.HighScoreList.java" Intrnl_Id="2004">
<LocList>
<Loc EndOffset="943" SrcFileId="22" StartOffset="936"/>
</LocList>
</BasicStmnt>
</StmntSeq>
</Branch>
<Keyword EndOffset="794" SrcFileId="22" StartOffset="792"/>
<LocList>
<Loc EndOffset="949" SrcFileId="22" StartOffset="792"/>
</LocList>
<RootTerm CovItemId="C2" CovItemPrefix="group2.game.HighScoreList.java" Intrnl_Id="2005">
<BasicBoolTerm Intrnl_Id="2006">
<LocList>
<Loc EndOffset="825" SrcFileId="22" StartOffset="796"/>
</LocList>
</BasicBoolTerm>
</RootTerm>
</CondStmnt>
</StmntSeq>
<Keyword EndOffset="758" SrcFileId="22" StartOffset="755"/>
<LocList>
<Loc EndOffset="954" SrcFileId="22" StartOffset="755"/>
</LocList>
</LoopStmnt>
<BasicStmnt CovItemId="S15" CovItemPrefix="group2.game.HighScoreList.java" Intrnl_Id="2007">
<LocList>
<Loc EndOffset="1014" SrcFileId="22" StartOffset="993"/>
</LocList>
</BasicStmnt>
<BasicStmnt CovItemId="S16" CovItemPrefix="group2.game.HighScoreList.java" Intrnl_Id="2008">
<LocList>
<Loc EndOffset="1039" SrcFileId="22" StartOffset="1018"/>
</LocList>
</BasicStmnt>
<BasicStmnt CovItemId="S17" CovItemPrefix="group2.game.HighScoreList.java" Intrnl_Id="2009">
<LocList>
<Loc EndOffset="1056" SrcFileId="22" StartOffset="1043"/>
</LocList>
</BasicStmnt>
</StmntSeq>
</Branch>
<Keyword EndOffset="608" SrcFileId="22" StartOffset="606"/>
<LocList>
<Loc EndOffset="1060" SrcFileId="22" StartOffset="606"/>
</LocList>
<RootTerm CovItemId="C1" CovItemPrefix="group2.game.HighScoreList.java" Intrnl_Id="2010">
<BasicBoolTerm Intrnl_Id="2011">
<LocList>
<Loc EndOffset="628" SrcFileId="22" StartOffset="610"/>
</LocList>
</BasicBoolTerm>
</RootTerm>
</CondStmnt>
</StmntSeq>
</HierarchyLvl>
<HierarchyLvl HierarchyLvlId="13111" HierarchyLvlTypeId="39" Intrnl_Id="2012" Name="getScores">
<Header>
<Loc EndOffset="1112" SrcFileId="22" StartOffset="1066"/>
</Header>
<LocList>
<Loc EndOffset="2036" SrcFileId="22" StartOffset="1066"/>
</LocList>
<StmntSeq Intrnl_Id="2013">
<LocList>
<Loc EndOffset="1153" SrcFileId="22" StartOffset="1117"/>
<Loc EndOffset="1210" SrcFileId="22" StartOffset="1156"/>
<Loc EndOffset="1271" SrcFileId="22" StartOffset="1226"/>
<Loc EndOffset="1303" SrcFileId="22" StartOffset="1274"/>
<Loc EndOffset="1366" SrcFileId="22" StartOffset="1316"/>
<Loc EndOffset="1389" SrcFileId="22" StartOffset="1370"/>
<Loc EndOffset="1824" SrcFileId="22" StartOffset="1518"/>
<Loc EndOffset="1880" SrcFileId="22" StartOffset="1307"/>
<Loc EndOffset="1952" SrcFileId="22" StartOffset="1904"/>
<Loc EndOffset="2011" SrcFileId="22" StartOffset="1894"/>
<Loc EndOffset="2033" SrcFileId="22" StartOffset="2019"/>
</LocList>
<BasicStmnt CovItemId="S18" CovItemPrefix="group2.game.HighScoreList.java" Intrnl_Id="2014">
<LocList>
<Loc EndOffset="1153" SrcFileId="22" StartOffset="1117"/>
</LocList>
</BasicStmnt>
<BasicStmnt CovItemId="S19" CovItemPrefix="group2.game.HighScoreList.java" Intrnl_Id="2015">
<LocList>
<Loc EndOffset="1210" SrcFileId="22" StartOffset="1156"/>
</LocList>
</BasicStmnt>
<BasicStmnt CovItemId="S20" CovItemPrefix="group2.game.HighScoreList.java" Intrnl_Id="2016">
<LocList>
<Loc EndOffset="1271" SrcFileId="22" StartOffset="1226"/>
</LocList>
</BasicStmnt>
<BasicStmnt CovItemId="S21" CovItemPrefix="group2.game.HighScoreList.java" Intrnl_Id="2017">
<LocList>
<Loc EndOffset="1303" SrcFileId="22" StartOffset="1274"/>
</LocList>
</BasicStmnt>
<BasicStmnt CovItemId="S23" CovItemPrefix="group2.game.HighScoreList.java" Intrnl_Id="2018">
<LocList>
<Loc EndOffset="1366" SrcFileId="22" StartOffset="1316"/>
</LocList>
</BasicStmnt>
<BasicStmnt CovItemId="S24" CovItemPrefix="group2.game.HighScoreList.java" Intrnl_Id="2019">
<LocList>
<Loc EndOffset="1389" SrcFileId="22" StartOffset="1370"/>
</LocList>
</BasicStmnt>
<LoopStmnt CovItemId="S25" CovItemPrefix="group2.game.HighScoreList.java" Intrnl_Id="2020" MltplExecId="L2-2" MltplExecPrefix="group2.game.HighScoreList.java" NvrExecId="L2-0" NvrExecPrefix="group2.game.HighScoreList.java" OnceExecutedId="L2-1" OnceExecutedPrefix="group2.game.HighScoreList.java" OptBodyExec="true">
<StmntSeq Intrnl_Id="2021">
<LocList>
<Loc EndOffset="1598" SrcFileId="22" StartOffset="1567"/>
<Loc EndOffset="1681" SrcFileId="22" StartOffset="1603"/>
<Loc EndOffset="1720" SrcFileId="22" StartOffset="1686"/>
<Loc EndOffset="1739" SrcFileId="22" StartOffset="1725"/>
<Loc EndOffset="1818" SrcFileId="22" StartOffset="1744"/>
</LocList>
<BasicStmnt CovItemId="S26" CovItemPrefix="group2.game.HighScoreList.java" Intrnl_Id="2022">
<LocList>
<Loc EndOffset="1598" SrcFileId="22" StartOffset="1567"/>
</LocList>
</BasicStmnt>
<BasicStmnt CovItemId="S27" CovItemPrefix="group2.game.HighScoreList.java" Intrnl_Id="2023">
<LocList>
<Loc EndOffset="1681" SrcFileId="22" StartOffset="1603"/>
</LocList>
</BasicStmnt>
<BasicStmnt CovItemId="S28" CovItemPrefix="group2.game.HighScoreList.java" Intrnl_Id="2024">
<LocList>
<Loc EndOffset="1720" SrcFileId="22" StartOffset="1686"/>
</LocList>
</BasicStmnt>
<BasicStmnt CovItemId="S29" CovItemPrefix="group2.game.HighScoreList.java" Intrnl_Id="2025">
<LocList>
<Loc EndOffset="1739" SrcFileId="22" StartOffset="1725"/>
</LocList>
</BasicStmnt>
<BasicStmnt CovItemId="S30" CovItemPrefix="group2.game.HighScoreList.java" Intrnl_Id="2026">
<LocList>
<Loc EndOffset="1818" SrcFileId="22" StartOffset="1744"/>
</LocList>
</BasicStmnt>
</StmntSeq>
<Keyword EndOffset="1523" SrcFileId="22" StartOffset="1518"/>
<LocList>
<Loc EndOffset="1824" SrcFileId="22" StartOffset="1518"/>
</LocList>
</LoopStmnt>
<CondStmnt CovItemId="S22" CovItemPrefix="group2.game.HighScoreList.java" Intrnl_Id="2027">
<Branch CovItemId="B5" CovItemPrefix="group2.game.HighScoreList.java" Implct="true" Intrnl_Id="2028">
<Cond/>
<LocList/>
<StmntSeq Intrnl_Id="2029">
<LocList/>
</StmntSeq>
</Branch>
<Branch CovItemId="B6" CovItemPrefix="group2.game.HighScoreList.java" Implct="false" Intrnl_Id="2030">
<Cond>
<Loc EndOffset="1850" SrcFileId="22" StartOffset="1829"/>
</Cond>
<LocList>
<Loc EndOffset="1880" SrcFileId="22" StartOffset="1851"/>
</LocList>
<StmntSeq Intrnl_Id="2031">
<LocList>
<Loc EndOffset="1876" SrcFileId="22" StartOffset="1856"/>
</LocList>
<BasicStmnt CovItemId="S31" CovItemPrefix="group2.game.HighScoreList.java" Intrnl_Id="2032">
<LocList>
<Loc EndOffset="1876" SrcFileId="22" StartOffset="1856"/>
</LocList>
</BasicStmnt>
</StmntSeq>
</Branch>
<Keyword EndOffset="1310" SrcFileId="22" StartOffset="1307"/>
<LocList>
<Loc EndOffset="1880" SrcFileId="22" StartOffset="1307"/>
</LocList>
</CondStmnt>
<CondStmnt CovItemId="S33" CovItemPrefix="group2.game.HighScoreList.java" Intrnl_Id="2033">
<Branch CovItemId="B8" CovItemPrefix="group2.game.HighScoreList.java" Implct="false" Intrnl_Id="2034">
<Cond/>
<LocList>
<Loc EndOffset="1952" SrcFileId="22" StartOffset="1924"/>
</LocList>
<StmntSeq Intrnl_Id="2035">
<LocList>
<Loc EndOffset="1946" SrcFileId="22" StartOffset="1931"/>
</LocList>
<BasicStmnt CovItemId="S34" CovItemPrefix="group2.game.HighScoreList.java" Intrnl_Id="2036">
<LocList>
<Loc EndOffset="1946" SrcFileId="22" StartOffset="1931"/>
</LocList>
</BasicStmnt>
</StmntSeq>
</Branch>
<Branch CovItemId="B9" CovItemPrefix="group2.game.HighScoreList.java" Implct="true" Intrnl_Id="2037">
<Cond/>
<LocList/>
<StmntSeq Intrnl_Id="2038">
<LocList/>
</StmntSeq>
</Branch>
<Keyword EndOffset="1906" SrcFileId="22" StartOffset="1904"/>
<LocList>
<Loc EndOffset="1952" SrcFileId="22" StartOffset="1904"/>
</LocList>
<RootTerm CovItemId="C4" CovItemPrefix="group2.game.HighScoreList.java" Intrnl_Id="2039">
<BasicBoolTerm Intrnl_Id="2040">
<LocList>
<Loc EndOffset="1922" SrcFileId="22" StartOffset="1908"/>
</LocList>
</BasicBoolTerm>
</RootTerm>
</CondStmnt>
<CondStmnt CovItemId="S32" CovItemPrefix="group2.game.HighScoreList.java" Intrnl_Id="2041">
<Branch CovItemId="B7" CovItemPrefix="group2.game.HighScoreList.java" Implct="true" Intrnl_Id="2042">
<Cond/>
<LocList/>
<StmntSeq Intrnl_Id="2043">
<LocList/>
</StmntSeq>
</Branch>
<Branch CovItemId="B10" CovItemPrefix="group2.game.HighScoreList.java" Implct="false" Intrnl_Id="2044">
<Cond>
<Loc EndOffset="1979" SrcFileId="22" StartOffset="1958"/>
</Cond>
<LocList>
<Loc EndOffset="2011" SrcFileId="22" StartOffset="1980"/>
</LocList>
<StmntSeq Intrnl_Id="2045">
<LocList>
<Loc EndOffset="2006" SrcFileId="22" StartOffset="1986"/>
</LocList>
<BasicStmnt CovItemId="S35" CovItemPrefix="group2.game.HighScoreList.java" Intrnl_Id="2046">
<LocList>
<Loc EndOffset="2006" SrcFileId="22" StartOffset="1986"/>
</LocList>
</BasicStmnt>
</StmntSeq>
</Branch>
<Keyword EndOffset="1897" SrcFileId="22" StartOffset="1894"/>
<LocList>
<Loc EndOffset="2011" SrcFileId="22" StartOffset="1894"/>
</LocList>
</CondStmnt>
<BasicStmnt CovItemId="S36" CovItemPrefix="group2.game.HighScoreList.java" Intrnl_Id="2047">
<LocList>
<Loc EndOffset="2033" SrcFileId="22" StartOffset="2019"/>
</LocList>
</BasicStmnt>
</StmntSeq>
</HierarchyLvl>
<HierarchyLvl HierarchyLvlId="13112" HierarchyLvlTypeId="39" Intrnl_Id="2048" Name="writeScore">
<Header>
<Loc EndOffset="2071" SrcFileId="22" StartOffset="2039"/>
</Header>
<LocList>
<Loc EndOffset="2889" SrcFileId="22" StartOffset="2039"/>
</LocList>
<StmntSeq Intrnl_Id="2049">
<LocList>
<Loc EndOffset="2098" SrcFileId="22" StartOffset="2077"/>
<Loc EndOffset="2199" SrcFileId="22" StartOffset="2141"/>
<Loc EndOffset="2221" SrcFileId="22" StartOffset="2203"/>
<Loc EndOffset="2280" SrcFileId="22" StartOffset="2226"/>
<Loc EndOffset="2334" SrcFileId="22" StartOffset="2284"/>
<Loc EndOffset="2400" SrcFileId="22" StartOffset="2387"/>
<Loc EndOffset="2632" SrcFileId="22" StartOffset="2404"/>
<Loc EndOffset="2751" SrcFileId="22" StartOffset="2102"/>
<Loc EndOffset="2823" SrcFileId="22" StartOffset="2775"/>
<Loc EndOffset="2882" SrcFileId="22" StartOffset="2765"/>
</LocList>
<BasicStmnt CovItemId="S37" CovItemPrefix="group2.game.HighScoreList.java" Intrnl_Id="2050">
<LocList>
<Loc EndOffset="2098" SrcFileId="22" StartOffset="2077"/>
</LocList>
</BasicStmnt>
<BasicStmnt CovItemId="S39" CovItemPrefix="group2.game.HighScoreList.java" Intrnl_Id="2051">
<LocList>
<Loc EndOffset="2199" SrcFileId="22" StartOffset="2141"/>
</LocList>
</BasicStmnt>
<BasicStmnt CovItemId="S40" CovItemPrefix="group2.game.HighScoreList.java" Intrnl_Id="2052">
<LocList>
<Loc EndOffset="2221" SrcFileId="22" StartOffset="2203"/>
</LocList>
</BasicStmnt>
<BasicStmnt CovItemId="S41" CovItemPrefix="group2.game.HighScoreList.java" Intrnl_Id="2053">
<LocList>
<Loc EndOffset="2280" SrcFileId="22" StartOffset="2226"/>
</LocList>
</BasicStmnt>
<BasicStmnt CovItemId="S42" CovItemPrefix="group2.game.HighScoreList.java" Intrnl_Id="2054">
<LocList>
<Loc EndOffset="2334" SrcFileId="22" StartOffset="2284"/>
</LocList>
</BasicStmnt>
<BasicStmnt CovItemId="S43" CovItemPrefix="group2.game.HighScoreList.java" Intrnl_Id="2055">
<LocList>
<Loc EndOffset="2400" SrcFileId="22" StartOffset="2387"/>
</LocList>
</BasicStmnt>
<LoopStmnt CovItemId="S44" CovItemPrefix="group2.game.HighScoreList.java" Intrnl_Id="2056" MltplExecId="L3-2" MltplExecPrefix="group2.game.HighScoreList.java" NvrExecId="L3-0" NvrExecPrefix="group2.game.HighScoreList.java" OnceExecutedId="L3-1" OnceExecutedPrefix="group2.game.HighScoreList.java" OptBodyExec="true">
<StmntSeq Intrnl_Id="2057">
<LocList>
<Loc EndOffset="2485" SrcFileId="22" StartOffset="2441"/>
<Loc EndOffset="2491" SrcFileId="22" StartOffset="2490"/>
<Loc EndOffset="2534" SrcFileId="22" StartOffset="2515"/>
<Loc EndOffset="2603" SrcFileId="22" StartOffset="2582"/>
<Loc EndOffset="2627" SrcFileId="22" StartOffset="2620"/>
</LocList>
<BasicStmnt CovItemId="S45" CovItemPrefix="group2.game.HighScoreList.java" Intrnl_Id="2058">
<LocList>
<Loc EndOffset="2485" SrcFileId="22" StartOffset="2441"/>
</LocList>
</BasicStmnt>
<BasicStmnt CovItemId="S46" CovItemPrefix="group2.game.HighScoreList.java" Intrnl_Id="2059">
<LocList>
<Loc EndOffset="2491" SrcFileId="22" StartOffset="2490"/>
</LocList>
</BasicStmnt>
<BasicStmnt CovItemId="S47" CovItemPrefix="group2.game.HighScoreList.java" Intrnl_Id="2060">
<LocList>
<Loc EndOffset="2534" SrcFileId="22" StartOffset="2515"/>
</LocList>
</BasicStmnt>
<BasicStmnt CovItemId="S48" CovItemPrefix="group2.game.HighScoreList.java" Intrnl_Id="2061">
<LocList>
<Loc EndOffset="2603" SrcFileId="22" StartOffset="2582"/>
</LocList>
</BasicStmnt>
<BasicStmnt CovItemId="S49" CovItemPrefix="group2.game.HighScoreList.java" Intrnl_Id="2062">
<LocList>
<Loc EndOffset="2627" SrcFileId="22" StartOffset="2620"/>
</LocList>
</BasicStmnt>
</StmntSeq>
<Keyword EndOffset="2407" SrcFileId="22" StartOffset="2404"/>
<LocList>
<Loc EndOffset="2632" SrcFileId="22" StartOffset="2404"/>
</LocList>
</LoopStmnt>
<CondStmnt CovItemId="S38" CovItemPrefix="group2.game.HighScoreList.java" Intrnl_Id="2063">
<Branch CovItemId="B11" CovItemPrefix="group2.game.HighScoreList.java" Implct="true" Intrnl_Id="2064">
<Cond/>
<LocList/>
<StmntSeq Intrnl_Id="2065">
<LocList/>
</StmntSeq>
</Branch>
<Branch CovItemId="B12" CovItemPrefix="group2.game.HighScoreList.java" Implct="false" Intrnl_Id="2066">
<Cond>
<Loc EndOffset="2669" SrcFileId="22" StartOffset="2638"/>
</Cond>
<LocList>
<Loc EndOffset="2699" SrcFileId="22" StartOffset="2670"/>
</LocList>
<StmntSeq Intrnl_Id="2067">
<LocList>
<Loc EndOffset="2695" SrcFileId="22" StartOffset="2675"/>
</LocList>
<BasicStmnt CovItemId="S50" CovItemPrefix="group2.game.HighScoreList.java" Intrnl_Id="2068">
<LocList>
<Loc EndOffset="2695" SrcFileId="22" StartOffset="2675"/>
</LocList>
</BasicStmnt>
</StmntSeq>
</Branch>
<Branch CovItemId="B13" CovItemPrefix="group2.game.HighScoreList.java" Implct="false" Intrnl_Id="2069">
<Cond>
<Loc EndOffset="2721" SrcFileId="22" StartOffset="2700"/>
</Cond>
<LocList>
<Loc EndOffset="2751" SrcFileId="22" StartOffset="2722"/>
</LocList>
<StmntSeq Intrnl_Id="2070">
<LocList>
<Loc EndOffset="2747" SrcFileId="22" StartOffset="2727"/>
</LocList>
<BasicStmnt CovItemId="S51" CovItemPrefix="group2.game.HighScoreList.java" Intrnl_Id="2071">
<LocList>
<Loc EndOffset="2747" SrcFileId="22" StartOffset="2727"/>
</LocList>
</BasicStmnt>
</StmntSeq>
</Branch>
<Keyword EndOffset="2105" SrcFileId="22" StartOffset="2102"/>
<LocList>
<Loc EndOffset="2751" SrcFileId="22" StartOffset="2102"/>
</LocList>
</CondStmnt>
<CondStmnt CovItemId="S53" CovItemPrefix="group2.game.HighScoreList.java" Intrnl_Id="2072">
<Branch CovItemId="B15" CovItemPrefix="group2.game.HighScoreList.java" Implct="false" Intrnl_Id="2073">
<Cond/>
<LocList>
<Loc EndOffset="2823" SrcFileId="22" StartOffset="2795"/>
</LocList>
<StmntSeq Intrnl_Id="2074">
<LocList>
<Loc EndOffset="2817" SrcFileId="22" StartOffset="2802"/>
</LocList>
<BasicStmnt CovItemId="S54" CovItemPrefix="group2.game.HighScoreList.java" Intrnl_Id="2075">
<LocList>
<Loc EndOffset="2817" SrcFileId="22" StartOffset="2802"/>
</LocList>
</BasicStmnt>
</StmntSeq>
</Branch>
<Branch CovItemId="B16" CovItemPrefix="group2.game.HighScoreList.java" Implct="true" Intrnl_Id="2076">
<Cond/>
<LocList/>
<StmntSeq Intrnl_Id="2077">
<LocList/>
</StmntSeq>
</Branch>
<Keyword EndOffset="2777" SrcFileId="22" StartOffset="2775"/>
<LocList>
<Loc EndOffset="2823" SrcFileId="22" StartOffset="2775"/>
</LocList>
<RootTerm CovItemId="C5" CovItemPrefix="group2.game.HighScoreList.java" Intrnl_Id="2078">
<BasicBoolTerm Intrnl_Id="2079">
<LocList>
<Loc EndOffset="2793" SrcFileId="22" StartOffset="2779"/>
</LocList>
</BasicBoolTerm>
</RootTerm>
</CondStmnt>
<CondStmnt CovItemId="S52" CovItemPrefix="group2.game.HighScoreList.java" Intrnl_Id="2080">
<Branch CovItemId="B14" CovItemPrefix="group2.game.HighScoreList.java" Implct="true" Intrnl_Id="2081">
<Cond/>
<LocList/>
<StmntSeq Intrnl_Id="2082">
<LocList/>
</StmntSeq>
</Branch>
<Branch CovItemId="B17" CovItemPrefix="group2.game.HighScoreList.java" Implct="false" Intrnl_Id="2083">
<Cond>
<Loc EndOffset="2850" SrcFileId="22" StartOffset="2829"/>
</Cond>
<LocList>
<Loc EndOffset="2882" SrcFileId="22" StartOffset="2851"/>
</LocList>
<StmntSeq Intrnl_Id="2084">
<LocList>
<Loc EndOffset="2877" SrcFileId="22" StartOffset="2857"/>
</LocList>
<BasicStmnt CovItemId="S55" CovItemPrefix="group2.game.HighScoreList.java" Intrnl_Id="2085">
<LocList>
<Loc EndOffset="2877" SrcFileId="22" StartOffset="2857"/>
</LocList>
</BasicStmnt>
</StmntSeq>
</Branch>
<Keyword EndOffset="2768" SrcFileId="22" StartOffset="2765"/>
<LocList>
<Loc EndOffset="2882" SrcFileId="22" StartOffset="2765"/>
</LocList>
</CondStmnt>
</StmntSeq>
</HierarchyLvl>
</HierarchyLvl>
<HierarchyLvl HierarchyLvlId="13117" HierarchyLvlTypeId="38" Intrnl_Id="2086" Name="GUIInput">
<Header>
<Loc EndOffset="362" SrcFileId="23" StartOffset="300"/>
</Header>
<LocList>
<Loc EndOffset="2023" SrcFileId="23" StartOffset="300"/>
</LocList>
<StmntSeq Intrnl_Id="2087">
<LocList>
<Loc EndOffset="429" SrcFileId="23" StartOffset="381"/>
<Loc EndOffset="520" SrcFileId="23" StartOffset="454"/>
</LocList>
<BasicStmnt CovItemId="S1" CovItemPrefix="group2.game.GUIInput.java" Intrnl_Id="2088">
<LocList>
<Loc EndOffset="429" SrcFileId="23" StartOffset="381"/>
</LocList>
</BasicStmnt>
<BasicStmnt CovItemId="S2" CovItemPrefix="group2.game.GUIInput.java" Intrnl_Id="2089">
<LocList>
<Loc EndOffset="520" SrcFileId="23" StartOffset="454"/>
</LocList>
</BasicStmnt>
</StmntSeq>
<HierarchyLvl HierarchyLvlId="13114" HierarchyLvlTypeId="39" Intrnl_Id="2090" Name="GUIInput">
<Header>
<Loc EndOffset="581" SrcFileId="23" StartOffset="547"/>
</Header>
<LocList>
<Loc EndOffset="959" SrcFileId="23" StartOffset="547"/>
</LocList>
<StmntSeq Intrnl_Id="2091">
<LocList>
<Loc EndOffset="594" SrcFileId="23" StartOffset="586"/>
<Loc EndOffset="611" SrcFileId="23" StartOffset="597"/>
<Loc EndOffset="646" SrcFileId="23" StartOffset="615"/>
<Loc EndOffset="683" SrcFileId="23" StartOffset="649"/>
<Loc EndOffset="770" SrcFileId="23" StartOffset="722"/>
<Loc EndOffset="816" SrcFileId="23" StartOffset="773"/>
<Loc EndOffset="859" SrcFileId="23" StartOffset="820"/>
<Loc EndOffset="880" SrcFileId="23" StartOffset="862"/>
<Loc EndOffset="917" SrcFileId="23" StartOffset="884"/>
<Loc EndOffset="936" SrcFileId="23" StartOffset="920"/>
<Loc EndOffset="955" SrcFileId="23" StartOffset="939"/>
</LocList>
<BasicStmnt CovItemId="S3" CovItemPrefix="group2.game.GUIInput.java" Intrnl_Id="2092">
<LocList>
<Loc EndOffset="594" SrcFileId="23" StartOffset="586"/>
</LocList>
</BasicStmnt>
<BasicStmnt CovItemId="S4" CovItemPrefix="group2.game.GUIInput.java" Intrnl_Id="2093">
<LocList>
<Loc EndOffset="611" SrcFileId="23" StartOffset="597"/>
</LocList>
</BasicStmnt>
<BasicStmnt CovItemId="S5" CovItemPrefix="group2.game.GUIInput.java" Intrnl_Id="2094">
<LocList>
<Loc EndOffset="646" SrcFileId="23" StartOffset="615"/>
</LocList>
</BasicStmnt>
<BasicStmnt CovItemId="S6" CovItemPrefix="group2.game.GUIInput.java" Intrnl_Id="2095">
<LocList>
<Loc EndOffset="683" SrcFileId="23" StartOffset="649"/>
</LocList>
</BasicStmnt>
<BasicStmnt CovItemId="S7" CovItemPrefix="group2.game.GUIInput.java" Intrnl_Id="2096">
<LocList>
<Loc EndOffset="770" SrcFileId="23" StartOffset="722"/>
</LocList>
</BasicStmnt>
<BasicStmnt CovItemId="S8" CovItemPrefix="group2.game.GUIInput.java" Intrnl_Id="2097">
<LocList>
<Loc EndOffset="816" SrcFileId="23" StartOffset="773"/>
</LocList>
</BasicStmnt>
<BasicStmnt CovItemId="S9" CovItemPrefix="group2.game.GUIInput.java" Intrnl_Id="2098">
<LocList>
<Loc EndOffset="859" SrcFileId="23" StartOffset="820"/>
</LocList>
</BasicStmnt>
<BasicStmnt CovItemId="S10" CovItemPrefix="group2.game.GUIInput.java" Intrnl_Id="2099">
<LocList>
<Loc EndOffset="880" SrcFileId="23" StartOffset="862"/>
</LocList>
</BasicStmnt>
<BasicStmnt CovItemId="S11" CovItemPrefix="group2.game.GUIInput.java" Intrnl_Id="2100">
<LocList>
<Loc EndOffset="917" SrcFileId="23" StartOffset="884"/>
</LocList>
</BasicStmnt>
<BasicStmnt CovItemId="S12" CovItemPrefix="group2.game.GUIInput.java" Intrnl_Id="2101">
<LocList>
<Loc EndOffset="936" SrcFileId="23" StartOffset="920"/>
</LocList>
</BasicStmnt>
<BasicStmnt CovItemId="S13" CovItemPrefix="group2.game.GUIInput.java" Intrnl_Id="2102">
<LocList>
<Loc EndOffset="955" SrcFileId="23" StartOffset="939"/>
</LocList>
</BasicStmnt>
</StmntSeq>
</HierarchyLvl>
<HierarchyLvl HierarchyLvlId="13115" HierarchyLvlTypeId="39" Intrnl_Id="2103" Name="actionPerformed">
<Header>
<Loc EndOffset="1017" SrcFileId="23" StartOffset="962"/>
</Header>
<LocList>
<Loc EndOffset="1292" SrcFileId="23" StartOffset="962"/>
</LocList>
<StmntSeq Intrnl_Id="2104">
<LocList>
<Loc EndOffset="1057" SrcFileId="23" StartOffset="1023"/>
<Loc EndOffset="1214" SrcFileId="23" StartOffset="1098"/>
<Loc EndOffset="1246" SrcFileId="23" StartOffset="1217"/>
<Loc EndOffset="1268" SrcFileId="23" StartOffset="1249"/>
<Loc EndOffset="1288" SrcFileId="23" StartOffset="1272"/>
</LocList>
<BasicStmnt CovItemId="S14" CovItemPrefix="group2.game.GUIInput.java" Intrnl_Id="2105">
<LocList>
<Loc EndOffset="1057" SrcFileId="23" StartOffset="1023"/>
</LocList>
</BasicStmnt>
<BasicStmnt CovItemId="S15" CovItemPrefix="group2.game.GUIInput.java" Intrnl_Id="2106">
<LocList>
<Loc EndOffset="1214" SrcFileId="23" StartOffset="1098"/>
</LocList>
</BasicStmnt>
<BasicStmnt CovItemId="S16" CovItemPrefix="group2.game.GUIInput.java" Intrnl_Id="2107">
<LocList>
<Loc EndOffset="1246" SrcFileId="23" StartOffset="1217"/>
</LocList>
</BasicStmnt>
<BasicStmnt CovItemId="S17" CovItemPrefix="group2.game.GUIInput.java" Intrnl_Id="2108">
<LocList>
<Loc EndOffset="1268" SrcFileId="23" StartOffset="1249"/>
</LocList>
</BasicStmnt>
<BasicStmnt CovItemId="S18" CovItemPrefix="group2.game.GUIInput.java" Intrnl_Id="2109">
<LocList>
<Loc EndOffset="1288" SrcFileId="23" StartOffset="1272"/>
</LocList>
</BasicStmnt>
</StmntSeq>
</HierarchyLvl>
<HierarchyLvl HierarchyLvlId="13116" HierarchyLvlTypeId="39" Intrnl_Id="2110" Name="createAndShowGUI">
<Header>
<Loc EndOffset="1452" SrcFileId="23" StartOffset="1422"/>
</Header>
<LocList>
<Loc EndOffset="2020" SrcFileId="23" StartOffset="1422"/>
</LocList>
<StmntSeq Intrnl_Id="2111">
<LocList>
<Loc EndOffset="1525" SrcFileId="23" StartOffset="1493"/>
<Loc EndOffset="1677" SrcFileId="23" StartOffset="1612"/>
<Loc EndOffset="1707" SrcFileId="23" StartOffset="1680"/>
<Loc EndOffset="1866" SrcFileId="23" StartOffset="1711"/>
<Loc EndOffset="1919" SrcFileId="23" StartOffset="1903"/>
<Loc EndOffset="1961" SrcFileId="23" StartOffset="1948"/>
<Loc EndOffset="1991" SrcFileId="23" StartOffset="1964"/>
<Loc EndOffset="2017" SrcFileId="23" StartOffset="1994"/>
</LocList>
<BasicStmnt CovItemId="S19" CovItemPrefix="group2.game.GUIInput.java" Intrnl_Id="2112">
<LocList>
<Loc EndOffset="1525" SrcFileId="23" StartOffset="1493"/>
</LocList>
</BasicStmnt>
<BasicStmnt CovItemId="S20" CovItemPrefix="group2.game.GUIInput.java" Intrnl_Id="2113">
<LocList>
<Loc EndOffset="1677" SrcFileId="23" StartOffset="1612"/>
</LocList>
</BasicStmnt>
<BasicStmnt CovItemId="S21" CovItemPrefix="group2.game.GUIInput.java" Intrnl_Id="2114">
<LocList>
<Loc EndOffset="1707" SrcFileId="23" StartOffset="1680"/>
</LocList>
</BasicStmnt>
<BasicStmnt CovItemId="S22" CovItemPrefix="group2.game.GUIInput.java" Intrnl_Id="2115">
<LocList>
<Loc EndOffset="1866" SrcFileId="23" StartOffset="1711"/>
</LocList>
</BasicStmnt>
<BasicStmnt CovItemId="S23" CovItemPrefix="group2.game.GUIInput.java" Intrnl_Id="2116">
<LocList>
<Loc EndOffset="1919" SrcFileId="23" StartOffset="1903"/>
</LocList>
</BasicStmnt>
<BasicStmnt CovItemId="S24" CovItemPrefix="group2.game.GUIInput.java" Intrnl_Id="2117">
<LocList>
<Loc EndOffset="1961" SrcFileId="23" StartOffset="1948"/>
</LocList>
</BasicStmnt>
<BasicStmnt CovItemId="S25" CovItemPrefix="group2.game.GUIInput.java" Intrnl_Id="2118">
<LocList>
<Loc EndOffset="1991" SrcFileId="23" StartOffset="1964"/>
</LocList>
</BasicStmnt>
<BasicStmnt CovItemId="S26" CovItemPrefix="group2.game.GUIInput.java" Intrnl_Id="2119">
<LocList>
<Loc EndOffset="2017" SrcFileId="23" StartOffset="1994"/>
</LocList>
</BasicStmnt>
</StmntSeq>
</HierarchyLvl>
</HierarchyLvl>
<HierarchyLvl HierarchyLvlId="13119" HierarchyLvlTypeId="38" Intrnl_Id="2120" Name="Funnel">
<Header>
<Loc EndOffset="80" SrcFileId="24" StartOffset="45"/>
</Header>
<LocList>
<Loc EndOffset="321" SrcFileId="24" StartOffset="45"/>
</LocList>
<HierarchyLvl HierarchyLvlId="13118" HierarchyLvlTypeId="39" Intrnl_Id="2121" Name="Funnel">
<Header>
<Loc EndOffset="110" SrcFileId="24" StartOffset="85"/>
</Header>
<LocList>
<Loc EndOffset="318" SrcFileId="24" StartOffset="85"/>
</LocList>
<StmntSeq Intrnl_Id="2122">
<LocList>
<Loc EndOffset="131" SrcFileId="24" StartOffset="115"/>
<Loc EndOffset="151" SrcFileId="24" StartOffset="135"/>
<Loc EndOffset="178" SrcFileId="24" StartOffset="154"/>
<Loc EndOffset="248" SrcFileId="24" StartOffset="181"/>
<Loc EndOffset="315" SrcFileId="24" StartOffset="251"/>
</LocList>
<BasicStmnt CovItemId="S1" CovItemPrefix="group2.game.Funnel.java" Intrnl_Id="2123">
<LocList>
<Loc EndOffset="131" SrcFileId="24" StartOffset="115"/>
</LocList>
</BasicStmnt>
<BasicStmnt CovItemId="S2" CovItemPrefix="group2.game.Funnel.java" Intrnl_Id="2124">
<LocList>
<Loc EndOffset="151" SrcFileId="24" StartOffset="135"/>
</LocList>
</BasicStmnt>
<BasicStmnt CovItemId="S3" CovItemPrefix="group2.game.Funnel.java" Intrnl_Id="2125">
<LocList>
<Loc EndOffset="178" SrcFileId="24" StartOffset="154"/>
</LocList>
</BasicStmnt>
<BasicStmnt CovItemId="S4" CovItemPrefix="group2.game.Funnel.java" Intrnl_Id="2126">
<LocList>
<Loc EndOffset="248" SrcFileId="24" StartOffset="181"/>
</LocList>
</BasicStmnt>
<BasicStmnt CovItemId="S5" CovItemPrefix="group2.game.Funnel.java" Intrnl_Id="2127">
<LocList>
<Loc EndOffset="315" SrcFileId="24" StartOffset="251"/>
</LocList>
</BasicStmnt>
</StmntSeq>
</HierarchyLvl>
</HierarchyLvl>
<HierarchyLvl HierarchyLvlId="13123" HierarchyLvlTypeId="38" Intrnl_Id="2128" Name="Fertilizer">
<Header>
<Loc EndOffset="112" SrcFileId="25" StartOffset="68"/>
</Header>
<LocList>
<Loc EndOffset="680" SrcFileId="25" StartOffset="68"/>
</LocList>
<HierarchyLvl HierarchyLvlId="13120" HierarchyLvlTypeId="39" Intrnl_Id="2129" Name="Fertilizer">
<Header>
<Loc EndOffset="172" SrcFileId="25" StartOffset="117"/>
</Header>
<LocList>
<Loc EndOffset="308" SrcFileId="25" StartOffset="117"/>
</LocList>
<StmntSeq Intrnl_Id="2130">
<LocList>
<Loc EndOffset="192" SrcFileId="25" StartOffset="177"/>
<Loc EndOffset="220" SrcFileId="25" StartOffset="195"/>
<Loc EndOffset="257" SrcFileId="25" StartOffset="223"/>
<Loc EndOffset="287" SrcFileId="25" StartOffset="260"/>
<Loc EndOffset="304" SrcFileId="25" StartOffset="290"/>
</LocList>
<BasicStmnt CovItemId="S1" CovItemPrefix="group2.game.Fertilizer.java" Intrnl_Id="2131">
<LocList>
<Loc EndOffset="192" SrcFileId="25" StartOffset="177"/>
</LocList>
</BasicStmnt>
<BasicStmnt CovItemId="S2" CovItemPrefix="group2.game.Fertilizer.java" Intrnl_Id="2132">
<LocList>
<Loc EndOffset="220" SrcFileId="25" StartOffset="195"/>
</LocList>
</BasicStmnt>
<BasicStmnt CovItemId="S3" CovItemPrefix="group2.game.Fertilizer.java" Intrnl_Id="2133">
<LocList>
<Loc EndOffset="257" SrcFileId="25" StartOffset="223"/>
</LocList>
</BasicStmnt>
<BasicStmnt CovItemId="S4" CovItemPrefix="group2.game.Fertilizer.java" Intrnl_Id="2134">
<LocList>
<Loc EndOffset="287" SrcFileId="25" StartOffset="260"/>
</LocList>
</BasicStmnt>
<BasicStmnt CovItemId="S5" CovItemPrefix="group2.game.Fertilizer.java" Intrnl_Id="2135">
<LocList>
<Loc EndOffset="304" SrcFileId="25" StartOffset="290"/>
</LocList>
</BasicStmnt>
</StmntSeq>
</HierarchyLvl>
<HierarchyLvl HierarchyLvlId="13121" HierarchyLvlTypeId="39" Intrnl_Id="2136" Name="update">
<Header>
<Loc EndOffset="342" SrcFileId="25" StartOffset="311"/>
</Header>
<LocList>
<Loc EndOffset="597" SrcFileId="25" StartOffset="311"/>
</LocList>
<StmntSeq Intrnl_Id="2137">
<LocList>
<Loc EndOffset="362" SrcFileId="25" StartOffset="347"/>
<Loc EndOffset="594" SrcFileId="25" StartOffset="366"/>
</LocList>
<BasicStmnt CovItemId="S6" CovItemPrefix="group2.game.Fertilizer.java" Intrnl_Id="2138">
<LocList>
<Loc EndOffset="362" SrcFileId="25" StartOffset="347"/>
</LocList>
</BasicStmnt>
<CondStmnt CovItemId="S7" CovItemPrefix="group2.game.Fertilizer.java" Intrnl_Id="2139">
<Branch CovItemId="B1" CovItemPrefix="group2.game.Fertilizer.java" Implct="false" Intrnl_Id="2140">
<Cond/>
<LocList>
<Loc EndOffset="594" SrcFileId="25" StartOffset="396"/>
</LocList>
<StmntSeq Intrnl_Id="2141">
<LocList>
<Loc EndOffset="418" SrcFileId="25" StartOffset="401"/>
<Loc EndOffset="436" SrcFileId="25" StartOffset="422"/>
<Loc EndOffset="491" SrcFileId="25" StartOffset="440"/>
<Loc EndOffset="590" SrcFileId="25" StartOffset="495"/>
</LocList>
<BasicStmnt CovItemId="S8" CovItemPrefix="group2.game.Fertilizer.java" Intrnl_Id="2142">
<LocList>
<Loc EndOffset="418" SrcFileId="25" StartOffset="401"/>
</LocList>
</BasicStmnt>
<BasicStmnt CovItemId="S9" CovItemPrefix="group2.game.Fertilizer.java" Intrnl_Id="2143">
<LocList>
<Loc EndOffset="436" SrcFileId="25" StartOffset="422"/>
</LocList>
</BasicStmnt>
<BasicStmnt CovItemId="S10" CovItemPrefix="group2.game.Fertilizer.java" Intrnl_Id="2144">
<LocList>
<Loc EndOffset="491" SrcFileId="25" StartOffset="440"/>
</LocList>
</BasicStmnt>
<BasicStmnt CovItemId="S11" CovItemPrefix="group2.game.Fertilizer.java" Intrnl_Id="2145">
<LocList>
<Loc EndOffset="590" SrcFileId="25" StartOffset="495"/>
</LocList>
</BasicStmnt>
</StmntSeq>
</Branch>
<Branch CovItemId="B2" CovItemPrefix="group2.game.Fertilizer.java" Implct="true" Intrnl_Id="2146">
<Cond/>
<LocList/>
<StmntSeq Intrnl_Id="2147">
<LocList/>
</StmntSeq>
</Branch>
<Keyword EndOffset="368" SrcFileId="25" StartOffset="366"/>
<LocList>
<Loc EndOffset="594" SrcFileId="25" StartOffset="366"/>
</LocList>
<RootTerm CovItemId="C1" CovItemPrefix="group2.game.Fertilizer.java" Intrnl_Id="2148">
<BasicBoolTerm Intrnl_Id="2149">
<LocList>
<Loc EndOffset="394" SrcFileId="25" StartOffset="370"/>
</LocList>
</BasicBoolTerm>
</RootTerm>
</CondStmnt>
</StmntSeq>
</HierarchyLvl>
<HierarchyLvl HierarchyLvlId="13122" HierarchyLvlTypeId="39" Intrnl_Id="2150" Name="increment">
<Header>
<Loc EndOffset="623" SrcFileId="25" StartOffset="600"/>
</Header>
<LocList>
<Loc EndOffset="678" SrcFileId="25" StartOffset="600"/>
</LocList>
<StmntSeq Intrnl_Id="2151">
<LocList>
<Loc EndOffset="675" SrcFileId="25" StartOffset="628"/>
</LocList>
<BasicStmnt CovItemId="S12" CovItemPrefix="group2.game.Fertilizer.java" Intrnl_Id="2152">
<LocList>
<Loc EndOffset="675" SrcFileId="25" StartOffset="628"/>
</LocList>
</BasicStmnt>
</StmntSeq>
</HierarchyLvl>
</HierarchyLvl>
<HierarchyLvl HierarchyLvlId="13126" HierarchyLvlTypeId="38" Intrnl_Id="2153" Name="Erosion">
<Header>
<Loc EndOffset="67" SrcFileId="26" StartOffset="22"/>
</Header>
<LocList>
<Loc EndOffset="644" SrcFileId="26" StartOffset="22"/>
</LocList>
<StmntSeq Intrnl_Id="2154">
<LocList>
<Loc EndOffset="96" SrcFileId="26" StartOffset="73"/>
<Loc EndOffset="118" SrcFileId="26" StartOffset="98"/>
</LocList>
<BasicStmnt CovItemId="S1" CovItemPrefix="group2.game.Erosion.java" Intrnl_Id="2155">
<LocList>
<Loc EndOffset="96" SrcFileId="26" StartOffset="73"/>
</LocList>
</BasicStmnt>
<BasicStmnt CovItemId="S2" CovItemPrefix="group2.game.Erosion.java" Intrnl_Id="2156">
<LocList>
<Loc EndOffset="118" SrcFileId="26" StartOffset="98"/>
</LocList>
</BasicStmnt>
</StmntSeq>
<HierarchyLvl HierarchyLvlId="13124" HierarchyLvlTypeId="39" Intrnl_Id="2157" Name="Erosion">
<Header>
<Loc EndOffset="203" SrcFileId="26" StartOffset="151"/>
</Header>
<LocList>
<Loc EndOffset="476" SrcFileId="26" StartOffset="151"/>
</LocList>
<StmntSeq Intrnl_Id="2158">
<LocList>
<Loc EndOffset="234" SrcFileId="26" StartOffset="208"/>
<Loc EndOffset="258" SrcFileId="26" StartOffset="237"/>
<Loc EndOffset="281" SrcFileId="26" StartOffset="261"/>
<Loc EndOffset="306" SrcFileId="26" StartOffset="284"/>
<Loc EndOffset="339" SrcFileId="26" StartOffset="309"/>
<Loc EndOffset="422" SrcFileId="26" StartOffset="342"/>
<Loc EndOffset="447" SrcFileId="26" StartOffset="426"/>
<Loc EndOffset="472" SrcFileId="26" StartOffset="451"/>
</LocList>
<BasicStmnt CovItemId="S3" CovItemPrefix="group2.game.Erosion.java" Intrnl_Id="2159">
<LocList>
<Loc EndOffset="234" SrcFileId="26" StartOffset="208"/>
</LocList>
</BasicStmnt>
<BasicStmnt CovItemId="S4" CovItemPrefix="group2.game.Erosion.java" Intrnl_Id="2160">
<LocList>
<Loc EndOffset="258" SrcFileId="26" StartOffset="237"/>
</LocList>
</BasicStmnt>
<BasicStmnt CovItemId="S5" CovItemPrefix="group2.game.Erosion.java" Intrnl_Id="2161">
<LocList>
<Loc EndOffset="281" SrcFileId="26" StartOffset="261"/>
</LocList>
</BasicStmnt>
<BasicStmnt CovItemId="S6" CovItemPrefix="group2.game.Erosion.java" Intrnl_Id="2162">
<LocList>
<Loc EndOffset="306" SrcFileId="26" StartOffset="284"/>
</LocList>
</BasicStmnt>
<BasicStmnt CovItemId="S7" CovItemPrefix="group2.game.Erosion.java" Intrnl_Id="2163">
<LocList>
<Loc EndOffset="339" SrcFileId="26" StartOffset="309"/>
</LocList>
</BasicStmnt>
<BasicStmnt CovItemId="S8" CovItemPrefix="group2.game.Erosion.java" Intrnl_Id="2164">
<LocList>
<Loc EndOffset="422" SrcFileId="26" StartOffset="342"/>
</LocList>
</BasicStmnt>
<BasicStmnt CovItemId="S9" CovItemPrefix="group2.game.Erosion.java" Intrnl_Id="2165">
<LocList>
<Loc EndOffset="447" SrcFileId="26" StartOffset="426"/>
</LocList>
</BasicStmnt>
<BasicStmnt CovItemId="S10" CovItemPrefix="group2.game.Erosion.java" Intrnl_Id="2166">
<LocList>
<Loc EndOffset="472" SrcFileId="26" StartOffset="451"/>
</LocList>
</BasicStmnt>
</StmntSeq>
</HierarchyLvl>
<HierarchyLvl HierarchyLvlId="13125" HierarchyLvlTypeId="39" Intrnl_Id="2167" Name="update">
<Header>
<Loc EndOffset="500" SrcFileId="26" StartOffset="480"/>
</Header>
<LocList>
<Loc EndOffset="642" SrcFileId="26" StartOffset="480"/>
</LocList>
<StmntSeq Intrnl_Id="2168">
<LocList>
<Loc EndOffset="531" SrcFileId="26" StartOffset="504"/>
<Loc EndOffset="575" SrcFileId="26" StartOffset="534"/>
<Loc EndOffset="588" SrcFileId="26" StartOffset="578"/>
<Loc EndOffset="639" SrcFileId="26" StartOffset="591"/>
</LocList>
<CondStmnt CovItemId="S11" CovItemPrefix="group2.game.Erosion.java" Intrnl_Id="2169">
<Branch CovItemId="B1" CovItemPrefix="group2.game.Erosion.java" Implct="false" Intrnl_Id="2170">
<Cond/>
<LocList>
<Loc EndOffset="531" SrcFileId="26" StartOffset="515"/>
</LocList>
<StmntSeq Intrnl_Id="2171">
<LocList>
<Loc EndOffset="527" SrcFileId="26" StartOffset="520"/>
</LocList>
<BasicStmnt CovItemId="S12" CovItemPrefix="group2.game.Erosion.java" Intrnl_Id="2172">
<LocList>
<Loc EndOffset="527" SrcFileId="26" StartOffset="520"/>
</LocList>
</BasicStmnt>
</StmntSeq>
</Branch>
<Branch CovItemId="B2" CovItemPrefix="group2.game.Erosion.java" Implct="true" Intrnl_Id="2173">
<Cond/>
<LocList/>
<StmntSeq Intrnl_Id="2174">
<LocList/>
</StmntSeq>
</Branch>
<Keyword EndOffset="506" SrcFileId="26" StartOffset="504"/>
<LocList>
<Loc EndOffset="531" SrcFileId="26" StartOffset="504"/>
</LocList>
<RootTerm CovItemId="C1" CovItemPrefix="group2.game.Erosion.java" Intrnl_Id="2175">
<BasicBoolTerm Intrnl_Id="2176">
<LocList>
<Loc EndOffset="514" SrcFileId="26" StartOffset="507"/>
</LocList>
</BasicBoolTerm>
</RootTerm>
</CondStmnt>
<CondStmnt CovItemId="S13" CovItemPrefix="group2.game.Erosion.java" Intrnl_Id="2177">
<Branch CovItemId="B3" CovItemPrefix="group2.game.Erosion.java" Implct="false" Intrnl_Id="2178">
<Cond/>
<LocList>
<Loc EndOffset="575" SrcFileId="26" StartOffset="546"/>
</LocList>
<StmntSeq Intrnl_Id="2179">
<LocList>
<Loc EndOffset="571" SrcFileId="26" StartOffset="551"/>
</LocList>
<BasicStmnt CovItemId="S14" CovItemPrefix="group2.game.Erosion.java" Intrnl_Id="2180">
<LocList>
<Loc EndOffset="571" SrcFileId="26" StartOffset="551"/>
</LocList>
</BasicStmnt>
</StmntSeq>
</Branch>
<Branch CovItemId="B4" CovItemPrefix="group2.game.Erosion.java" Implct="true" Intrnl_Id="2181">
<Cond/>
<LocList/>
<StmntSeq Intrnl_Id="2182">
<LocList/>
</StmntSeq>
</Branch>
<Keyword EndOffset="536" SrcFileId="26" StartOffset="534"/>
<LocList>
<Loc EndOffset="575" SrcFileId="26" StartOffset="534"/>
</LocList>
<RootTerm CovItemId="C2" CovItemPrefix="group2.game.Erosion.java" Intrnl_Id="2183">
<BasicBoolTerm Intrnl_Id="2184">
<LocList>
<Loc EndOffset="545" SrcFileId="26" StartOffset="537"/>
</LocList>
</BasicBoolTerm>
</RootTerm>
</CondStmnt>
<BasicStmnt CovItemId="S15" CovItemPrefix="group2.game.Erosion.java" Intrnl_Id="2185">
<LocList>
<Loc EndOffset="588" SrcFileId="26" StartOffset="578"/>
</LocList>
</BasicStmnt>
<CondStmnt CovItemId="S16" CovItemPrefix="group2.game.Erosion.java" Intrnl_Id="2186">
<Branch CovItemId="B5" CovItemPrefix="group2.game.Erosion.java" Implct="false" Intrnl_Id="2187">
<Cond/>
<LocList>
<Loc EndOffset="639" SrcFileId="26" StartOffset="613"/>
</LocList>
<StmntSeq Intrnl_Id="2188">
<LocList>
<Loc EndOffset="639" SrcFileId="26" StartOffset="613"/>
</LocList>
<BasicStmnt CovItemId="S17" CovItemPrefix="group2.game.Erosion.java" Intrnl_Id="2189">
<LocList>
<Loc EndOffset="639" SrcFileId="26" StartOffset="613"/>
</LocList>
</BasicStmnt>
</StmntSeq>
</Branch>
<Branch CovItemId="B6" CovItemPrefix="group2.game.Erosion.java" Implct="true" Intrnl_Id="2190">
<Cond/>
<LocList/>
<StmntSeq Intrnl_Id="2191">
<LocList/>
</StmntSeq>
</Branch>
<Keyword EndOffset="593" SrcFileId="26" StartOffset="591"/>
<LocList>
<Loc EndOffset="639" SrcFileId="26" StartOffset="591"/>
</LocList>
<RootTerm CovItemId="C3" CovItemPrefix="group2.game.Erosion.java" Intrnl_Id="2192">
<BasicBoolTerm Intrnl_Id="2193">
<LocList>
<Loc EndOffset="608" SrcFileId="26" StartOffset="595"/>
</LocList>
</BasicBoolTerm>
</RootTerm>
</CondStmnt>
</StmntSeq>
</HierarchyLvl>
</HierarchyLvl>
<HierarchyLvl HierarchyLvlId="13129" HierarchyLvlTypeId="38" Intrnl_Id="2194" Name="DrawGame">
<Header>
<Loc EndOffset="350" SrcFileId="27" StartOffset="314"/>
</Header>
<LocList>
<Loc EndOffset="35453" SrcFileId="27" StartOffset="314"/>
</LocList>
<StmntSeq Intrnl_Id="2195">
<LocList>
<Loc EndOffset="403" SrcFileId="27" StartOffset="355"/>
<Loc EndOffset="487" SrcFileId="27" StartOffset="446"/>
<Loc EndOffset="529" SrcFileId="27" StartOffset="489"/>
<Loc EndOffset="580" SrcFileId="27" StartOffset="531"/>
<Loc EndOffset="630" SrcFileId="27" StartOffset="582"/>
<Loc EndOffset="676" SrcFileId="27" StartOffset="632"/>
<Loc EndOffset="719" SrcFileId="27" StartOffset="678"/>
<Loc EndOffset="752" SrcFileId="27" StartOffset="723"/>
<Loc EndOffset="772" SrcFileId="27" StartOffset="755"/>
<Loc EndOffset="835" SrcFileId="27" StartOffset="774"/>
<Loc EndOffset="879" SrcFileId="27" StartOffset="838"/>
<Loc EndOffset="920" SrcFileId="27" StartOffset="881"/>
<Loc EndOffset="962" SrcFileId="27" StartOffset="922"/>
<Loc EndOffset="1011" SrcFileId="27" StartOffset="964"/>
<Loc EndOffset="1708" SrcFileId="27" StartOffset="1671"/>
<Loc EndOffset="1747" SrcFileId="27" StartOffset="1710"/>
<Loc EndOffset="1786" SrcFileId="27" StartOffset="1749"/>
<Loc EndOffset="1825" SrcFileId="27" StartOffset="1788"/>
<Loc EndOffset="1877" SrcFileId="27" StartOffset="1828"/>
<Loc EndOffset="1921" SrcFileId="27" StartOffset="1879"/>
</LocList>
<BasicStmnt CovItemId="S1" CovItemPrefix="group2.game.DrawGame.java" Intrnl_Id="2196">
<LocList>
<Loc EndOffset="403" SrcFileId="27" StartOffset="355"/>
</LocList>
</BasicStmnt>
<BasicStmnt CovItemId="S2" CovItemPrefix="group2.game.DrawGame.java" Intrnl_Id="2197">
<LocList>
<Loc EndOffset="487" SrcFileId="27" StartOffset="446"/>
</LocList>
</BasicStmnt>
<BasicStmnt CovItemId="S3" CovItemPrefix="group2.game.DrawGame.java" Intrnl_Id="2198">
<LocList>
<Loc EndOffset="529" SrcFileId="27" StartOffset="489"/>
</LocList>
</BasicStmnt>
<BasicStmnt CovItemId="S4" CovItemPrefix="group2.game.DrawGame.java" Intrnl_Id="2199">
<LocList>
<Loc EndOffset="580" SrcFileId="27" StartOffset="531"/>
</LocList>
</BasicStmnt>
<BasicStmnt CovItemId="S5" CovItemPrefix="group2.game.DrawGame.java" Intrnl_Id="2200">
<LocList>
<Loc EndOffset="630" SrcFileId="27" StartOffset="582"/>
</LocList>
</BasicStmnt>
<BasicStmnt CovItemId="S6" CovItemPrefix="group2.game.DrawGame.java" Intrnl_Id="2201">
<LocList>
<Loc EndOffset="676" SrcFileId="27" StartOffset="632"/>
</LocList>
</BasicStmnt>
<BasicStmnt CovItemId="S7" CovItemPrefix="group2.game.DrawGame.java" Intrnl_Id="2202">
<LocList>
<Loc EndOffset="719" SrcFileId="27" StartOffset="678"/>
</LocList>
</BasicStmnt>
<BasicStmnt CovItemId="S8" CovItemPrefix="group2.game.DrawGame.java" Intrnl_Id="2203">
<LocList>
<Loc EndOffset="752" SrcFileId="27" StartOffset="723"/>
</LocList>
</BasicStmnt>
<BasicStmnt CovItemId="S9" CovItemPrefix="group2.game.DrawGame.java" Intrnl_Id="2204">
<LocList>
<Loc EndOffset="772" SrcFileId="27" StartOffset="755"/>
</LocList>
</BasicStmnt>
<BasicStmnt CovItemId="S10" CovItemPrefix="group2.game.DrawGame.java" Intrnl_Id="2205">
<LocList>
<Loc EndOffset="835" SrcFileId="27" StartOffset="774"/>
</LocList>
</BasicStmnt>
<BasicStmnt CovItemId="S11" CovItemPrefix="group2.game.DrawGame.java" Intrnl_Id="2206">
<LocList>
<Loc EndOffset="879" SrcFileId="27" StartOffset="838"/>
</LocList>
</BasicStmnt>
<BasicStmnt CovItemId="S12" CovItemPrefix="group2.game.DrawGame.java" Intrnl_Id="2207">
<LocList>
<Loc EndOffset="920" SrcFileId="27" StartOffset="881"/>
</LocList>
</BasicStmnt>
<BasicStmnt CovItemId="S13" CovItemPrefix="group2.game.DrawGame.java" Intrnl_Id="2208">
<LocList>
<Loc EndOffset="962" SrcFileId="27" StartOffset="922"/>
</LocList>
</BasicStmnt>
<BasicStmnt CovItemId="S14" CovItemPrefix="group2.game.DrawGame.java" Intrnl_Id="2209">
<LocList>
<Loc EndOffset="1011" SrcFileId="27" StartOffset="964"/>
</LocList>
</BasicStmnt>
<BasicStmnt CovItemId="S15" CovItemPrefix="group2.game.DrawGame.java" Intrnl_Id="2210">
<LocList>
<Loc EndOffset="1708" SrcFileId="27" StartOffset="1671"/>
</LocList>
</BasicStmnt>
<BasicStmnt CovItemId="S16" CovItemPrefix="group2.game.DrawGame.java" Intrnl_Id="2211">
<LocList>
<Loc EndOffset="1747" SrcFileId="27" StartOffset="1710"/>
</LocList>
</BasicStmnt>
<BasicStmnt CovItemId="S17" CovItemPrefix="group2.game.DrawGame.java" Intrnl_Id="2212">
<LocList>
<Loc EndOffset="1786" SrcFileId="27" StartOffset="1749"/>
</LocList>
</BasicStmnt>
<BasicStmnt CovItemId="S18" CovItemPrefix="group2.game.DrawGame.java" Intrnl_Id="2213">
<LocList>
<Loc EndOffset="1825" SrcFileId="27" StartOffset="1788"/>
</LocList>
</BasicStmnt>
<BasicStmnt CovItemId="S19" CovItemPrefix="group2.game.DrawGame.java" Intrnl_Id="2214">
<LocList>
<Loc EndOffset="1877" SrcFileId="27" StartOffset="1828"/>
</LocList>
</BasicStmnt>
<BasicStmnt CovItemId="S20" CovItemPrefix="group2.game.DrawGame.java" Intrnl_Id="2215">
<LocList>
<Loc EndOffset="1921" SrcFileId="27" StartOffset="1879"/>
</LocList>
</BasicStmnt>
</StmntSeq>
<HierarchyLvl HierarchyLvlId="13127" HierarchyLvlTypeId="39" Intrnl_Id="2216" Name="DrawGame">
<Header>
<Loc EndOffset="1951" SrcFileId="27" StartOffset="1924"/>
</Header>
<LocList>
<Loc EndOffset="6026" SrcFileId="27" StartOffset="1924"/>
</LocList>
<StmntSeq Intrnl_Id="2217">
<LocList>
<Loc EndOffset="1970" SrcFileId="27" StartOffset="1956"/>
<Loc EndOffset="2063" SrcFileId="27" StartOffset="1983"/>
<Loc EndOffset="2150" SrcFileId="27" StartOffset="2067"/>
<Loc EndOffset="2237" SrcFileId="27" StartOffset="2154"/>
<Loc EndOffset="2334" SrcFileId="27" StartOffset="2241"/>
<Loc EndOffset="2431" SrcFileId="27" StartOffset="2338"/>
<Loc EndOffset="2528" SrcFileId="27" StartOffset="2435"/>
<Loc EndOffset="2624" SrcFileId="27" StartOffset="2532"/>
<Loc EndOffset="2720" SrcFileId="27" StartOffset="2628"/>
<Loc EndOffset="2816" SrcFileId="27" StartOffset="2724"/>
<Loc EndOffset="2913" SrcFileId="27" StartOffset="2820"/>
<Loc EndOffset="3010" SrcFileId="27" StartOffset="2917"/>
<Loc EndOffset="3107" SrcFileId="27" StartOffset="3014"/>
<Loc EndOffset="3204" SrcFileId="27" StartOffset="3111"/>
<Loc EndOffset="3301" SrcFileId="27" StartOffset="3208"/>
<Loc EndOffset="3398" SrcFileId="27" StartOffset="3305"/>
<Loc EndOffset="3495" SrcFileId="27" StartOffset="3402"/>
<Loc EndOffset="3592" SrcFileId="27" StartOffset="3499"/>
<Loc EndOffset="3696" SrcFileId="27" StartOffset="3596"/>
<Loc EndOffset="3782" SrcFileId="27" StartOffset="3700"/>
<Loc EndOffset="3866" SrcFileId="27" StartOffset="3786"/>
<Loc EndOffset="3953" SrcFileId="27" StartOffset="3870"/>
<Loc EndOffset="4032" SrcFileId="27" StartOffset="3957"/>
<Loc EndOffset="4101" SrcFileId="27" StartOffset="4036"/>
<Loc EndOffset="4172" SrcFileId="27" StartOffset="4105"/>
<Loc EndOffset="4351" SrcFileId="27" StartOffset="4271"/>
<Loc EndOffset="4443" SrcFileId="27" StartOffset="4355"/>
<Loc EndOffset="4526" SrcFileId="27" StartOffset="4447"/>
<Loc EndOffset="4606" SrcFileId="27" StartOffset="4530"/>
<Loc EndOffset="4691" SrcFileId="27" StartOffset="4610"/>
<Loc EndOffset="4696" SrcFileId="27" StartOffset="4695"/>
<Loc EndOffset="4781" SrcFileId="27" StartOffset="4700"/>
<Loc EndOffset="4786" SrcFileId="27" StartOffset="4785"/>
<Loc EndOffset="4885" SrcFileId="27" StartOffset="4790"/>
<Loc EndOffset="4981" SrcFileId="27" StartOffset="4889"/>
<Loc EndOffset="5079" SrcFileId="27" StartOffset="4985"/>
<Loc EndOffset="5174" SrcFileId="27" StartOffset="5083"/>
<Loc EndOffset="5265" SrcFileId="27" StartOffset="5178"/>
<Loc EndOffset="5343" SrcFileId="27" StartOffset="5269"/>
<Loc EndOffset="5400" SrcFileId="27" StartOffset="1974"/>
<Loc EndOffset="5605" SrcFileId="27" StartOffset="5430"/>
<Loc EndOffset="5709" SrcFileId="27" StartOffset="5609"/>
<Loc EndOffset="5814" SrcFileId="27" StartOffset="5712"/>
<Loc EndOffset="5918" SrcFileId="27" StartOffset="5817"/>
<Loc EndOffset="6022" SrcFileId="27" StartOffset="5921"/>
</LocList>
<BasicStmnt CovItemId="S21" CovItemPrefix="group2.game.DrawGame.java" Intrnl_Id="2218">
<LocList>
<Loc EndOffset="1970" SrcFileId="27" StartOffset="1956"/>
</LocList>
</BasicStmnt>
<BasicStmnt CovItemId="S23" CovItemPrefix="group2.game.DrawGame.java" Intrnl_Id="2219">
<LocList>
<Loc EndOffset="2063" SrcFileId="27" StartOffset="1983"/>
</LocList>
</BasicStmnt>
<BasicStmnt CovItemId="S24" CovItemPrefix="group2.game.DrawGame.java" Intrnl_Id="2220">
<LocList>
<Loc EndOffset="2150" SrcFileId="27" StartOffset="2067"/>
</LocList>
</BasicStmnt>
<BasicStmnt CovItemId="S25" CovItemPrefix="group2.game.DrawGame.java" Intrnl_Id="2221">
<LocList>
<Loc EndOffset="2237" SrcFileId="27" StartOffset="2154"/>
</LocList>
</BasicStmnt>
<BasicStmnt CovItemId="S26" CovItemPrefix="group2.game.DrawGame.java" Intrnl_Id="2222">
<LocList>
<Loc EndOffset="2334" SrcFileId="27" StartOffset="2241"/>
</LocList>
</BasicStmnt>
<BasicStmnt CovItemId="S27" CovItemPrefix="group2.game.DrawGame.java" Intrnl_Id="2223">
<LocList>
<Loc EndOffset="2431" SrcFileId="27" StartOffset="2338"/>
</LocList>
</BasicStmnt>
<BasicStmnt CovItemId="S28" CovItemPrefix="group2.game.DrawGame.java" Intrnl_Id="2224">
<LocList>
<Loc EndOffset="2528" SrcFileId="27" StartOffset="2435"/>
</LocList>
</BasicStmnt>
<BasicStmnt CovItemId="S29" CovItemPrefix="group2.game.DrawGame.java" Intrnl_Id="2225">
<LocList>
<Loc EndOffset="2624" SrcFileId="27" StartOffset="2532"/>
</LocList>
</BasicStmnt>
<BasicStmnt CovItemId="S30" CovItemPrefix="group2.game.DrawGame.java" Intrnl_Id="2226">
<LocList>
<Loc EndOffset="2720" SrcFileId="27" StartOffset="2628"/>
</LocList>
</BasicStmnt>
<BasicStmnt CovItemId="S31" CovItemPrefix="group2.game.DrawGame.java" Intrnl_Id="2227">
<LocList>
<Loc EndOffset="2816" SrcFileId="27" StartOffset="2724"/>
</LocList>
</BasicStmnt>
<BasicStmnt CovItemId="S32" CovItemPrefix="group2.game.DrawGame.java" Intrnl_Id="2228">
<LocList>
<Loc EndOffset="2913" SrcFileId="27" StartOffset="2820"/>
</LocList>
</BasicStmnt>
<BasicStmnt CovItemId="S33" CovItemPrefix="group2.game.DrawGame.java" Intrnl_Id="2229">
<LocList>
<Loc EndOffset="3010" SrcFileId="27" StartOffset="2917"/>
</LocList>
</BasicStmnt>
<BasicStmnt CovItemId="S34" CovItemPrefix="group2.game.DrawGame.java" Intrnl_Id="2230">
<LocList>
<Loc EndOffset="3107" SrcFileId="27" StartOffset="3014"/>
</LocList>
</BasicStmnt>
<BasicStmnt CovItemId="S35" CovItemPrefix="group2.game.DrawGame.java" Intrnl_Id="2231">
<LocList>
<Loc EndOffset="3204" SrcFileId="27" StartOffset="3111"/>
</LocList>
</BasicStmnt>
<BasicStmnt CovItemId="S36" CovItemPrefix="group2.game.DrawGame.java" Intrnl_Id="2232">
<LocList>
<Loc EndOffset="3301" SrcFileId="27" StartOffset="3208"/>
</LocList>
</BasicStmnt>
<BasicStmnt CovItemId="S37" CovItemPrefix="group2.game.DrawGame.java" Intrnl_Id="2233">
<LocList>
<Loc EndOffset="3398" SrcFileId="27" StartOffset="3305"/>
</LocList>
</BasicStmnt>
<BasicStmnt CovItemId="S38" CovItemPrefix="group2.game.DrawGame.java" Intrnl_Id="2234">
<LocList>
<Loc EndOffset="3495" SrcFileId="27" StartOffset="3402"/>
</LocList>
</BasicStmnt>
<BasicStmnt CovItemId="S39" CovItemPrefix="group2.game.DrawGame.java" Intrnl_Id="2235">
<LocList>
<Loc EndOffset="3592" SrcFileId="27" StartOffset="3499"/>
</LocList>
</BasicStmnt>
<BasicStmnt CovItemId="S40" CovItemPrefix="group2.game.DrawGame.java" Intrnl_Id="2236">
<LocList>
<Loc EndOffset="3696" SrcFileId="27" StartOffset="3596"/>
</LocList>
</BasicStmnt>
<BasicStmnt CovItemId="S41" CovItemPrefix="group2.game.DrawGame.java" Intrnl_Id="2237">
<LocList>
<Loc EndOffset="3782" SrcFileId="27" StartOffset="3700"/>
</LocList>
</BasicStmnt>
<BasicStmnt CovItemId="S42" CovItemPrefix="group2.game.DrawGame.java" Intrnl_Id="2238">
<LocList>
<Loc EndOffset="3866" SrcFileId="27" StartOffset="3786"/>
</LocList>
</BasicStmnt>
<BasicStmnt CovItemId="S43" CovItemPrefix="group2.game.DrawGame.java" Intrnl_Id="2239">
<LocList>
<Loc EndOffset="3953" SrcFileId="27" StartOffset="3870"/>
</LocList>
</BasicStmnt>
<BasicStmnt CovItemId="S44" CovItemPrefix="group2.game.DrawGame.java" Intrnl_Id="2240">
<LocList>
<Loc EndOffset="4032" SrcFileId="27" StartOffset="3957"/>
</LocList>
</BasicStmnt>
<BasicStmnt CovItemId="S45" CovItemPrefix="group2.game.DrawGame.java" Intrnl_Id="2241">
<LocList>
<Loc EndOffset="4101" SrcFileId="27" StartOffset="4036"/>
</LocList>
</BasicStmnt>
<BasicStmnt CovItemId="S46" CovItemPrefix="group2.game.DrawGame.java" Intrnl_Id="2242">
<LocList>
<Loc EndOffset="4172" SrcFileId="27" StartOffset="4105"/>
</LocList>
</BasicStmnt>
<BasicStmnt CovItemId="S47" CovItemPrefix="group2.game.DrawGame.java" Intrnl_Id="2243">
<LocList>
<Loc EndOffset="4351" SrcFileId="27" StartOffset="4271"/>
</LocList>
</BasicStmnt>
<BasicStmnt CovItemId="S48" CovItemPrefix="group2.game.DrawGame.java" Intrnl_Id="2244">
<LocList>
<Loc EndOffset="4443" SrcFileId="27" StartOffset="4355"/>
</LocList>
</BasicStmnt>
<BasicStmnt CovItemId="S49" CovItemPrefix="group2.game.DrawGame.java" Intrnl_Id="2245">
<LocList>
<Loc EndOffset="4526" SrcFileId="27" StartOffset="4447"/>
</LocList>
</BasicStmnt>
<BasicStmnt CovItemId="S50" CovItemPrefix="group2.game.DrawGame.java" Intrnl_Id="2246">
<LocList>
<Loc EndOffset="4606" SrcFileId="27" StartOffset="4530"/>
</LocList>
</BasicStmnt>
<BasicStmnt CovItemId="S51" CovItemPrefix="group2.game.DrawGame.java" Intrnl_Id="2247">
<LocList>
<Loc EndOffset="4691" SrcFileId="27" StartOffset="4610"/>
</LocList>
</BasicStmnt>
<BasicStmnt CovItemId="S52" CovItemPrefix="group2.game.DrawGame.java" Intrnl_Id="2248">
<LocList>
<Loc EndOffset="4696" SrcFileId="27" StartOffset="4695"/>
</LocList>
</BasicStmnt>
<BasicStmnt CovItemId="S53" CovItemPrefix="group2.game.DrawGame.java" Intrnl_Id="2249">
<LocList>
<Loc EndOffset="4781" SrcFileId="27" StartOffset="4700"/>
</LocList>
</BasicStmnt>
<BasicStmnt CovItemId="S54" CovItemPrefix="group2.game.DrawGame.java" Intrnl_Id="2250">
<LocList>
<Loc EndOffset="4786" SrcFileId="27" StartOffset="4785"/>
</LocList>
</BasicStmnt>
<BasicStmnt CovItemId="S55" CovItemPrefix="group2.game.DrawGame.java" Intrnl_Id="2251">
<LocList>
<Loc EndOffset="4885" SrcFileId="27" StartOffset="4790"/>
</LocList>
</BasicStmnt>
<BasicStmnt CovItemId="S56" CovItemPrefix="group2.game.DrawGame.java" Intrnl_Id="2252">
<LocList>
<Loc EndOffset="4981" SrcFileId="27" StartOffset="4889"/>
</LocList>
</BasicStmnt>
<BasicStmnt CovItemId="S57" CovItemPrefix="group2.game.DrawGame.java" Intrnl_Id="2253">
<LocList>
<Loc EndOffset="5079" SrcFileId="27" StartOffset="4985"/>
</LocList>
</BasicStmnt>
<BasicStmnt CovItemId="S58" CovItemPrefix="group2.game.DrawGame.java" Intrnl_Id="2254">
<LocList>
<Loc EndOffset="5174" SrcFileId="27" StartOffset="5083"/>
</LocList>
</BasicStmnt>
<BasicStmnt CovItemId="S59" CovItemPrefix="group2.game.DrawGame.java" Intrnl_Id="2255">
<LocList>
<Loc EndOffset="5265" SrcFileId="27" StartOffset="5178"/>
</LocList>
</BasicStmnt>
<BasicStmnt CovItemId="S60" CovItemPrefix="group2.game.DrawGame.java" Intrnl_Id="2256">
<LocList>
<Loc EndOffset="5343" SrcFileId="27" StartOffset="5269"/>
</LocList>
</BasicStmnt>
<CondStmnt CovItemId="S22" CovItemPrefix="group2.game.DrawGame.java" Intrnl_Id="2257">
<Branch CovItemId="B1" CovItemPrefix="group2.game.DrawGame.java" Implct="true" Intrnl_Id="2258">
<Cond/>
<LocList/>
<StmntSeq Intrnl_Id="2259">
<LocList/>
</StmntSeq>
</Branch>
<Branch CovItemId="B2" CovItemPrefix="group2.game.DrawGame.java" Implct="false" Intrnl_Id="2260">
<Cond>
<Loc EndOffset="5370" SrcFileId="27" StartOffset="5349"/>
</Cond>
<LocList>
<Loc EndOffset="5400" SrcFileId="27" StartOffset="5371"/>
</LocList>
<StmntSeq Intrnl_Id="2261">
<LocList>
<Loc EndOffset="5396" SrcFileId="27" StartOffset="5376"/>
</LocList>
<BasicStmnt CovItemId="S61" CovItemPrefix="group2.game.DrawGame.java" Intrnl_Id="2262">
<LocList>
<Loc EndOffset="5396" SrcFileId="27" StartOffset="5376"/>
</LocList>
</BasicStmnt>
</StmntSeq>
</Branch>
<Keyword EndOffset="1977" SrcFileId="27" StartOffset="1974"/>
<LocList>
<Loc EndOffset="5400" SrcFileId="27" StartOffset="1974"/>
</LocList>
</CondStmnt>
<LoopStmnt CovItemId="S62" CovItemPrefix="group2.game.DrawGame.java" Intrnl_Id="2263" MltplExecId="L1-2" MltplExecPrefix="group2.game.DrawGame.java" NvrExecId="L1-0" NvrExecPrefix="group2.game.DrawGame.java" OnceExecutedId="L1-1" OnceExecutedPrefix="group2.game.DrawGame.java" OptBodyExec="true">
<StmntSeq Intrnl_Id="2264">
<LocList>
<Loc EndOffset="5528" SrcFileId="27" StartOffset="5474"/>
<Loc EndOffset="5601" SrcFileId="27" StartOffset="5464"/>
</LocList>
<BasicStmnt CovItemId="S64" CovItemPrefix="group2.game.DrawGame.java" Intrnl_Id="2265">
<LocList>
<Loc EndOffset="5528" SrcFileId="27" StartOffset="5474"/>
</LocList>
</BasicStmnt>
<CondStmnt CovItemId="S63" CovItemPrefix="group2.game.DrawGame.java" Intrnl_Id="2266">
<Branch CovItemId="B3" CovItemPrefix="group2.game.DrawGame.java" Implct="true" Intrnl_Id="2267">
<Cond/>
<LocList/>
<StmntSeq Intrnl_Id="2268">
<LocList/>
</StmntSeq>
</Branch>
<Branch CovItemId="B4" CovItemPrefix="group2.game.DrawGame.java" Implct="false" Intrnl_Id="2269">
<Cond>
<Loc EndOffset="5553" SrcFileId="27" StartOffset="5534"/>
</Cond>
<LocList>
<Loc EndOffset="5601" SrcFileId="27" StartOffset="5554"/>
</LocList>
<StmntSeq Intrnl_Id="2270">
<LocList>
<Loc EndOffset="5596" SrcFileId="27" StartOffset="5560"/>
</LocList>
<BasicStmnt CovItemId="S65" CovItemPrefix="group2.game.DrawGame.java" Intrnl_Id="2271">
<LocList>
<Loc EndOffset="5596" SrcFileId="27" StartOffset="5560"/>
</LocList>
</BasicStmnt>
</StmntSeq>
</Branch>
<Keyword EndOffset="5467" SrcFileId="27" StartOffset="5464"/>
<LocList>
<Loc EndOffset="5601" SrcFileId="27" StartOffset="5464"/>
</LocList>
</CondStmnt>
</StmntSeq>
<Keyword EndOffset="5433" SrcFileId="27" StartOffset="5430"/>
<LocList>
<Loc EndOffset="5605" SrcFileId="27" StartOffset="5430"/>
</LocList>
<RootTerm CovItemId="C1" CovItemPrefix="group2.game.DrawGame.java" Intrnl_Id="2272">
<BasicBoolTerm Intrnl_Id="2273">
<LocList>
<Loc EndOffset="5452" SrcFileId="27" StartOffset="5446"/>
</LocList>
</BasicBoolTerm>
</RootTerm>
</LoopStmnt>
<BasicStmnt CovItemId="S66" CovItemPrefix="group2.game.DrawGame.java" Intrnl_Id="2274">
<LocList>
<Loc EndOffset="5709" SrcFileId="27" StartOffset="5609"/>
</LocList>
</BasicStmnt>
<BasicStmnt CovItemId="S67" CovItemPrefix="group2.game.DrawGame.java" Intrnl_Id="2275">
<LocList>
<Loc EndOffset="5814" SrcFileId="27" StartOffset="5712"/>
</LocList>
</BasicStmnt>
<BasicStmnt CovItemId="S68" CovItemPrefix="group2.game.DrawGame.java" Intrnl_Id="2276">
<LocList>
<Loc EndOffset="5918" SrcFileId="27" StartOffset="5817"/>
</LocList>
</BasicStmnt>
<BasicStmnt CovItemId="S69" CovItemPrefix="group2.game.DrawGame.java" Intrnl_Id="2277">
<LocList>
<Loc EndOffset="6022" SrcFileId="27" StartOffset="5921"/>
</LocList>
</BasicStmnt>
</StmntSeq>
</HierarchyLvl>
<HierarchyLvl HierarchyLvlId="13128" HierarchyLvlTypeId="39" Intrnl_Id="2278" Name="paintComponent">
<Header>
<Loc EndOffset="6126" SrcFileId="27" StartOffset="6077"/>
</Header>
<LocList>
<Loc EndOffset="35450" SrcFileId="27" StartOffset="6077"/>
</LocList>
<StmntSeq Intrnl_Id="2279">
<LocList>
<Loc EndOffset="6155" SrcFileId="27" StartOffset="6131"/>
<Loc EndOffset="6191" SrcFileId="27" StartOffset="6159"/>
<Loc EndOffset="35447" SrcFileId="27" StartOffset="6195"/>
</LocList>
<BasicStmnt CovItemId="S70" CovItemPrefix="group2.game.DrawGame.java" Intrnl_Id="2280">
<LocList>
<Loc EndOffset="6155" SrcFileId="27" StartOffset="6131"/>
</LocList>
</BasicStmnt>
<BasicStmnt CovItemId="S71" CovItemPrefix="group2.game.DrawGame.java" Intrnl_Id="2281">
<LocList>
<Loc EndOffset="6191" SrcFileId="27" StartOffset="6159"/>
</LocList>
</BasicStmnt>
<CondStmnt CovItemId="S72" CovItemPrefix="group2.game.DrawGame.java" Intrnl_Id="2282">
<Branch CovItemId="B5" CovItemPrefix="group2.game.DrawGame.java" Implct="false" Intrnl_Id="2283">
<Cond/>
<LocList>
<Loc EndOffset="6379" SrcFileId="27" StartOffset="6217"/>
</LocList>
<StmntSeq Intrnl_Id="2284">
<LocList>
<Loc EndOffset="6375" SrcFileId="27" StartOffset="6269"/>
</LocList>
<BasicStmnt CovItemId="S73" CovItemPrefix="group2.game.DrawGame.java" Intrnl_Id="2285">
<LocList>
<Loc EndOffset="6375" SrcFileId="27" StartOffset="6269"/>
</LocList>
</BasicStmnt>
</StmntSeq>
</Branch>
<Branch CovItemId="B6" CovItemPrefix="group2.game.DrawGame.java" Implct="false" Intrnl_Id="2286">
<Cond>
<Loc EndOffset="6387" SrcFileId="27" StartOffset="6383"/>
</Cond>
<LocList>
<Loc EndOffset="35447" SrcFileId="27" StartOffset="6388"/>
</LocList>
<StmntSeq Intrnl_Id="2287">
<LocList>
<Loc EndOffset="35447" SrcFileId="27" StartOffset="6388"/>
</LocList>
<CondStmnt CovItemId="S74" CovItemPrefix="group2.game.DrawGame.java" Intrnl_Id="2288">
<Branch CovItemId="B7" CovItemPrefix="group2.game.DrawGame.java" Implct="false" Intrnl_Id="2289">
<Cond/>
<LocList>
<Loc EndOffset="7829" SrcFileId="27" StartOffset="6416"/>
</LocList>
<StmntSeq Intrnl_Id="2290">
<LocList>
<Loc EndOffset="6528" SrcFileId="27" StartOffset="6421"/>
<Loc EndOffset="6555" SrcFileId="27" StartOffset="6532"/>
<Loc EndOffset="6721" SrcFileId="27" StartOffset="6559"/>
<Loc EndOffset="6750" SrcFileId="27" StartOffset="6726"/>
<Loc EndOffset="6773" SrcFileId="27" StartOffset="6754"/>
<Loc EndOffset="6791" SrcFileId="27" StartOffset="6777"/>
<Loc EndOffset="6897" SrcFileId="27" StartOffset="6796"/>
<Loc EndOffset="6916" SrcFileId="27" StartOffset="6902"/>
<Loc EndOffset="6948" SrcFileId="27" StartOffset="6932"/>
<Loc EndOffset="7148" SrcFileId="27" StartOffset="6952"/>
<Loc EndOffset="7173" SrcFileId="27" StartOffset="7164"/>
<Loc EndOffset="7373" SrcFileId="27" StartOffset="7177"/>
<Loc EndOffset="7399" SrcFileId="27" StartOffset="7390"/>
<Loc EndOffset="7599" SrcFileId="27" StartOffset="7403"/>
<Loc EndOffset="7624" SrcFileId="27" StartOffset="7615"/>
<Loc EndOffset="7824" SrcFileId="27" StartOffset="7628"/>
</LocList>
<BasicStmnt CovItemId="S75" CovItemPrefix="group2.game.DrawGame.java" Intrnl_Id="2291">
<LocList>
<Loc EndOffset="6528" SrcFileId="27" StartOffset="6421"/>
</LocList>
</BasicStmnt>
<BasicStmnt CovItemId="S76" CovItemPrefix="group2.game.DrawGame.java" Intrnl_Id="2292">
<LocList>
<Loc EndOffset="6555" SrcFileId="27" StartOffset="6532"/>
</LocList>
</BasicStmnt>
<BasicStmnt CovItemId="S77" CovItemPrefix="group2.game.DrawGame.java" Intrnl_Id="2293">
<LocList>
<Loc EndOffset="6721" SrcFileId="27" StartOffset="6559"/>
</LocList>
</BasicStmnt>
<BasicStmnt CovItemId="S78" CovItemPrefix="group2.game.DrawGame.java" Intrnl_Id="2294">
<LocList>
<Loc EndOffset="6750" SrcFileId="27" StartOffset="6726"/>
</LocList>
</BasicStmnt>
<BasicStmnt CovItemId="S79" CovItemPrefix="group2.game.DrawGame.java" Intrnl_Id="2295">
<LocList>
<Loc EndOffset="6773" SrcFileId="27" StartOffset="6754"/>
</LocList>
</BasicStmnt>
<BasicStmnt CovItemId="S80" CovItemPrefix="group2.game.DrawGame.java" Intrnl_Id="2296">
<LocList>
<Loc EndOffset="6791" SrcFileId="27" StartOffset="6777"/>
</LocList>
</BasicStmnt>
<BasicStmnt CovItemId="S81" CovItemPrefix="group2.game.DrawGame.java" Intrnl_Id="2297">
<LocList>
<Loc EndOffset="6897" SrcFileId="27" StartOffset="6796"/>
</LocList>
</BasicStmnt>
<BasicStmnt CovItemId="S82" CovItemPrefix="group2.game.DrawGame.java" Intrnl_Id="2298">
<LocList>
<Loc EndOffset="6916" SrcFileId="27" StartOffset="6902"/>
</LocList>
</BasicStmnt>
<BasicStmnt CovItemId="S83" CovItemPrefix="group2.game.DrawGame.java" Intrnl_Id="2299">
<LocList>
<Loc EndOffset="6948" SrcFileId="27" StartOffset="6932"/>
</LocList>
</BasicStmnt>
<LoopStmnt CovItemId="S84" CovItemPrefix="group2.game.DrawGame.java" Intrnl_Id="2300" MltplExecId="L2-2" MltplExecPrefix="group2.game.DrawGame.java" NvrExecId="L2-0" NvrExecPrefix="group2.game.DrawGame.java" OnceExecutedId="L2-1" OnceExecutedPrefix="group2.game.DrawGame.java" OptBodyExec="true">
<StmntSeq Intrnl_Id="2301">
<LocList>
<Loc EndOffset="7125" SrcFileId="27" StartOffset="7002"/>
<Loc EndOffset="7143" SrcFileId="27" StartOffset="7130"/>
</LocList>
<BasicStmnt CovItemId="S85" CovItemPrefix="group2.game.DrawGame.java" Intrnl_Id="2302">
<LocList>
<Loc EndOffset="7125" SrcFileId="27" StartOffset="7002"/>
</LocList>
</BasicStmnt>
<BasicStmnt CovItemId="S86" CovItemPrefix="group2.game.DrawGame.java" Intrnl_Id="2303">
<LocList>
<Loc EndOffset="7143" SrcFileId="27" StartOffset="7130"/>
</LocList>
</BasicStmnt>
</StmntSeq>
<Keyword EndOffset="6955" SrcFileId="27" StartOffset="6952"/>
<LocList>
<Loc EndOffset="7148" SrcFileId="27" StartOffset="6952"/>
</LocList>
<RootTerm CovItemId="C4" CovItemPrefix="group2.game.DrawGame.java" Intrnl_Id="2304">
<BasicBoolTerm Intrnl_Id="2305">
<LocList>
<Loc EndOffset="6989" SrcFileId="27" StartOffset="6968"/>
</LocList>
</BasicBoolTerm>
</RootTerm>
</LoopStmnt>
<BasicStmnt CovItemId="S87" CovItemPrefix="group2.game.DrawGame.java" Intrnl_Id="2306">
<LocList>
<Loc EndOffset="7173" SrcFileId="27" StartOffset="7164"/>
</LocList>
</BasicStmnt>
<LoopStmnt CovItemId="S88" CovItemPrefix="group2.game.DrawGame.java" Intrnl_Id="2307" MltplExecId="L3-2" MltplExecPrefix="group2.game.DrawGame.java" NvrExecId="L3-0" NvrExecPrefix="group2.game.DrawGame.java" OnceExecutedId="L3-1" OnceExecutedPrefix="group2.game.DrawGame.java" OptBodyExec="true">
<StmntSeq Intrnl_Id="2308">
<LocList>
<Loc EndOffset="7350" SrcFileId="27" StartOffset="7227"/>
<Loc EndOffset="7368" SrcFileId="27" StartOffset="7355"/>
</LocList>
<BasicStmnt CovItemId="S89" CovItemPrefix="group2.game.DrawGame.java" Intrnl_Id="2309">
<LocList>
<Loc EndOffset="7350" SrcFileId="27" StartOffset="7227"/>
</LocList>
</BasicStmnt>
<BasicStmnt CovItemId="S90" CovItemPrefix="group2.game.DrawGame.java" Intrnl_Id="2310">
<LocList>
<Loc EndOffset="7368" SrcFileId="27" StartOffset="7355"/>
</LocList>
</BasicStmnt>
</StmntSeq>
<Keyword EndOffset="7180" SrcFileId="27" StartOffset="7177"/>
<LocList>
<Loc EndOffset="7373" SrcFileId="27" StartOffset="7177"/>
</LocList>
<RootTerm CovItemId="C5" CovItemPrefix="group2.game.DrawGame.java" Intrnl_Id="2311">
<BasicBoolTerm Intrnl_Id="2312">
<LocList>
<Loc EndOffset="7214" SrcFileId="27" StartOffset="7193"/>
</LocList>
</BasicBoolTerm>
</RootTerm>
</LoopStmnt>
<BasicStmnt CovItemId="S91" CovItemPrefix="group2.game.DrawGame.java" Intrnl_Id="2313">
<LocList>
<Loc EndOffset="7399" SrcFileId="27" StartOffset="7390"/>
</LocList>
</BasicStmnt>
<LoopStmnt CovItemId="S92" CovItemPrefix="group2.game.DrawGame.java" Intrnl_Id="2314" MltplExecId="L4-2" MltplExecPrefix="group2.game.DrawGame.java" NvrExecId="L4-0" NvrExecPrefix="group2.game.DrawGame.java" OnceExecutedId="L4-1" OnceExecutedPrefix="group2.game.DrawGame.java" OptBodyExec="true">
<StmntSeq Intrnl_Id="2315">
<LocList>
<Loc EndOffset="7576" SrcFileId="27" StartOffset="7453"/>
<Loc EndOffset="7594" SrcFileId="27" StartOffset="7581"/>
</LocList>
<BasicStmnt CovItemId="S93" CovItemPrefix="group2.game.DrawGame.java" Intrnl_Id="2316">
<LocList>
<Loc EndOffset="7576" SrcFileId="27" StartOffset="7453"/>
</LocList>
</BasicStmnt>
<BasicStmnt CovItemId="S94" CovItemPrefix="group2.game.DrawGame.java" Intrnl_Id="2317">
<LocList>
<Loc EndOffset="7594" SrcFileId="27" StartOffset="7581"/>
</LocList>
</BasicStmnt>
</StmntSeq>
<Keyword EndOffset="7406" SrcFileId="27" StartOffset="7403"/>
<LocList>
<Loc EndOffset="7599" SrcFileId="27" StartOffset="7403"/>
</LocList>
<RootTerm CovItemId="C6" CovItemPrefix="group2.game.DrawGame.java" Intrnl_Id="2318">
<BasicBoolTerm Intrnl_Id="2319">
<LocList>
<Loc EndOffset="7440" SrcFileId="27" StartOffset="7419"/>
</LocList>
</BasicBoolTerm>
</RootTerm>
</LoopStmnt>
<BasicStmnt CovItemId="S95" CovItemPrefix="group2.game.DrawGame.java" Intrnl_Id="2320">
<LocList>
<Loc EndOffset="7624" SrcFileId="27" StartOffset="7615"/>
</LocList>
</BasicStmnt>
<LoopStmnt CovItemId="S96" CovItemPrefix="group2.game.DrawGame.java" Intrnl_Id="2321" MltplExecId="L5-2" MltplExecPrefix="group2.game.DrawGame.java" NvrExecId="L5-0" NvrExecPrefix="group2.game.DrawGame.java" OnceExecutedId="L5-1" OnceExecutedPrefix="group2.game.DrawGame.java" OptBodyExec="true">
<StmntSeq Intrnl_Id="2322">
<LocList>
<Loc EndOffset="7801" SrcFileId="27" StartOffset="7678"/>
<Loc EndOffset="7819" SrcFileId="27" StartOffset="7806"/>
</LocList>
<BasicStmnt CovItemId="S97" CovItemPrefix="group2.game.DrawGame.java" Intrnl_Id="2323">
<LocList>
<Loc EndOffset="7801" SrcFileId="27" StartOffset="7678"/>
</LocList>
</BasicStmnt>
<BasicStmnt CovItemId="S98" CovItemPrefix="group2.game.DrawGame.java" Intrnl_Id="2324">
<LocList>
<Loc EndOffset="7819" SrcFileId="27" StartOffset="7806"/>
</LocList>
</BasicStmnt>
</StmntSeq>
<Keyword EndOffset="7631" SrcFileId="27" StartOffset="7628"/>
<LocList>
<Loc EndOffset="7824" SrcFileId="27" StartOffset="7628"/>
</LocList>
<RootTerm CovItemId="C7" CovItemPrefix="group2.game.DrawGame.java" Intrnl_Id="2325">
<BasicBoolTerm Intrnl_Id="2326">
<LocList>
<Loc EndOffset="7665" SrcFileId="27" StartOffset="7644"/>
</LocList>
</BasicBoolTerm>
</RootTerm>
</LoopStmnt>
</StmntSeq>
</Branch>
<Branch CovItemId="B8" CovItemPrefix="group2.game.DrawGame.java" Implct="false" Intrnl_Id="2327">
<Cond>
<Loc EndOffset="7836" SrcFileId="27" StartOffset="7832"/>
</Cond>
<LocList>
<Loc EndOffset="35447" SrcFileId="27" StartOffset="7837"/>
</LocList>
<StmntSeq Intrnl_Id="2328">
<LocList>
<Loc EndOffset="35447" SrcFileId="27" StartOffset="7837"/>
</LocList>
<CondStmnt CovItemId="S99" CovItemPrefix="group2.game.DrawGame.java" Intrnl_Id="2329">
<Branch CovItemId="B9" CovItemPrefix="group2.game.DrawGame.java" Implct="false" Intrnl_Id="2330">
<Cond/>
<LocList>
<Loc EndOffset="9419" SrcFileId="27" StartOffset="7859"/>
</LocList>
<StmntSeq Intrnl_Id="2331">
<LocList>
<Loc EndOffset="7928" SrcFileId="27" StartOffset="7905"/>
<Loc EndOffset="7951" SrcFileId="27" StartOffset="7932"/>
<Loc EndOffset="7969" SrcFileId="27" StartOffset="7955"/>
<Loc EndOffset="8091" SrcFileId="27" StartOffset="7993"/>
<Loc EndOffset="8307" SrcFileId="27" StartOffset="8116"/>
<Loc EndOffset="8441" SrcFileId="27" StartOffset="8339"/>
<Loc EndOffset="8489" SrcFileId="27" StartOffset="8466"/>
<Loc EndOffset="8651" SrcFileId="27" StartOffset="8493"/>
<Loc EndOffset="8695" SrcFileId="27" StartOffset="8655"/>
<Loc EndOffset="8719" SrcFileId="27" StartOffset="8699"/>
<Loc EndOffset="8881" SrcFileId="27" StartOffset="8723"/>
<Loc EndOffset="8909" SrcFileId="27" StartOffset="8885"/>
<Loc EndOffset="8927" SrcFileId="27" StartOffset="8913"/>
<Loc EndOffset="9059" SrcFileId="27" StartOffset="8931"/>
<Loc EndOffset="9241" SrcFileId="27" StartOffset="9063"/>
<Loc EndOffset="9415" SrcFileId="27" StartOffset="9245"/>
</LocList>
<BasicStmnt CovItemId="S100" CovItemPrefix="group2.game.DrawGame.java" Intrnl_Id="2332">
<LocList>
<Loc EndOffset="7928" SrcFileId="27" StartOffset="7905"/>
</LocList>
</BasicStmnt>
<BasicStmnt CovItemId="S101" CovItemPrefix="group2.game.DrawGame.java" Intrnl_Id="2333">
<LocList>
<Loc EndOffset="7951" SrcFileId="27" StartOffset="7932"/>
</LocList>
</BasicStmnt>
<BasicStmnt CovItemId="S102" CovItemPrefix="group2.game.DrawGame.java" Intrnl_Id="2334">
<LocList>
<Loc EndOffset="7969" SrcFileId="27" StartOffset="7955"/>
</LocList>
</BasicStmnt>
<BasicStmnt CovItemId="S103" CovItemPrefix="group2.game.DrawGame.java" Intrnl_Id="2335">
<LocList>
<Loc EndOffset="8091" SrcFileId="27" StartOffset="7993"/>
</LocList>
</BasicStmnt>
<BasicStmnt CovItemId="S104" CovItemPrefix="group2.game.DrawGame.java" Intrnl_Id="2336">
<LocList>
<Loc EndOffset="8307" SrcFileId="27" StartOffset="8116"/>
</LocList>
</BasicStmnt>
<BasicStmnt CovItemId="S105" CovItemPrefix="group2.game.DrawGame.java" Intrnl_Id="2337">
<LocList>
<Loc EndOffset="8441" SrcFileId="27" StartOffset="8339"/>
</LocList>
</BasicStmnt>
<BasicStmnt CovItemId="S106" CovItemPrefix="group2.game.DrawGame.java" Intrnl_Id="2338">
<LocList>
<Loc EndOffset="8489" SrcFileId="27" StartOffset="8466"/>
</LocList>
</BasicStmnt>
<BasicStmnt CovItemId="S107" CovItemPrefix="group2.game.DrawGame.java" Intrnl_Id="2339">
<LocList>
<Loc EndOffset="8651" SrcFileId="27" StartOffset="8493"/>
</LocList>
</BasicStmnt>
<BasicStmnt CovItemId="S108" CovItemPrefix="group2.game.DrawGame.java" Intrnl_Id="2340">
<LocList>
<Loc EndOffset="8695" SrcFileId="27" StartOffset="8655"/>
</LocList>
</BasicStmnt>
<BasicStmnt CovItemId="S109" CovItemPrefix="group2.game.DrawGame.java" Intrnl_Id="2341">
<LocList>
<Loc EndOffset="8719" SrcFileId="27" StartOffset="8699"/>
</LocList>
</BasicStmnt>
<BasicStmnt CovItemId="S110" CovItemPrefix="group2.game.DrawGame.java" Intrnl_Id="2342">
<LocList>
<Loc EndOffset="8881" SrcFileId="27" StartOffset="8723"/>
</LocList>
</BasicStmnt>
<BasicStmnt CovItemId="S111" CovItemPrefix="group2.game.DrawGame.java" Intrnl_Id="2343">
<LocList>
<Loc EndOffset="8909" SrcFileId="27" StartOffset="8885"/>
</LocList>
</BasicStmnt>
<BasicStmnt CovItemId="S112" CovItemPrefix="group2.game.DrawGame.java" Intrnl_Id="2344">
<LocList>
<Loc EndOffset="8927" SrcFileId="27" StartOffset="8913"/>
</LocList>
</BasicStmnt>
<BasicStmnt CovItemId="S113" CovItemPrefix="group2.game.DrawGame.java" Intrnl_Id="2345">
<LocList>
<Loc EndOffset="9059" SrcFileId="27" StartOffset="8931"/>
</LocList>
</BasicStmnt>
<BasicStmnt CovItemId="S114" CovItemPrefix="group2.game.DrawGame.java" Intrnl_Id="2346">
<LocList>
<Loc EndOffset="9241" SrcFileId="27" StartOffset="9063"/>
</LocList>
</BasicStmnt>
<BasicStmnt CovItemId="S115" CovItemPrefix="group2.game.DrawGame.java" Intrnl_Id="2347">
<LocList>
<Loc EndOffset="9415" SrcFileId="27" StartOffset="9245"/>
</LocList>
</BasicStmnt>
</StmntSeq>
</Branch>
<Branch CovItemId="B10" CovItemPrefix="group2.game.DrawGame.java" Implct="false" Intrnl_Id="2348">
<Cond>
<Loc EndOffset="9426" SrcFileId="27" StartOffset="9422"/>
</Cond>
<LocList>
<Loc EndOffset="35447" SrcFileId="27" StartOffset="9427"/>
</LocList>
<StmntSeq Intrnl_Id="2349">
<LocList>
<Loc EndOffset="35447" SrcFileId="27" StartOffset="9427"/>
</LocList>
<CondStmnt CovItemId="S116" CovItemPrefix="group2.game.DrawGame.java" Intrnl_Id="2350">
<Branch CovItemId="B11" CovItemPrefix="group2.game.DrawGame.java" Implct="false" Intrnl_Id="2351">
<Cond/>
<LocList>
<Loc EndOffset="35447" SrcFileId="27" StartOffset="9449"/>
</LocList>
<StmntSeq Intrnl_Id="2352">
<LocList>
<Loc EndOffset="9559" SrcFileId="27" StartOffset="9536"/>
<Loc EndOffset="9582" SrcFileId="27" StartOffset="9563"/>
<Loc EndOffset="9600" SrcFileId="27" StartOffset="9586"/>
<Loc EndOffset="9722" SrcFileId="27" StartOffset="9624"/>
<Loc EndOffset="10097" SrcFileId="27" StartOffset="9748"/>
<Loc EndOffset="10508" SrcFileId="27" StartOffset="10121"/>
<Loc EndOffset="10640" SrcFileId="27" StartOffset="10538"/>
<Loc EndOffset="11283" SrcFileId="27" StartOffset="10681"/>
<Loc EndOffset="11319" SrcFileId="27" StartOffset="11305"/>
<Loc EndOffset="11347" SrcFileId="27" StartOffset="11323"/>
<Loc EndOffset="11532" SrcFileId="27" StartOffset="11351"/>
<Loc EndOffset="11664" SrcFileId="27" StartOffset="11567"/>
<Loc EndOffset="11692" SrcFileId="27" StartOffset="11668"/>
<Loc EndOffset="11862" SrcFileId="27" StartOffset="11696"/>
<Loc EndOffset="11891" SrcFileId="27" StartOffset="11866"/>
<Loc EndOffset="12085" SrcFileId="27" StartOffset="11895"/>
<Loc EndOffset="12113" SrcFileId="27" StartOffset="12089"/>
<Loc EndOffset="12137" SrcFileId="27" StartOffset="12118"/>
<Loc EndOffset="12330" SrcFileId="27" StartOffset="12165"/>
<Loc EndOffset="12502" SrcFileId="27" StartOffset="12334"/>
<Loc EndOffset="12674" SrcFileId="27" StartOffset="12506"/>
<Loc EndOffset="13811" SrcFileId="27" StartOffset="12711"/>
<Loc EndOffset="19352" SrcFileId="27" StartOffset="13852"/>
<Loc EndOffset="20206" SrcFileId="27" StartOffset="19357"/>
<Loc EndOffset="24249" SrcFileId="27" StartOffset="20240"/>
<Loc EndOffset="24582" SrcFileId="27" StartOffset="24376"/>
<Loc EndOffset="29543" SrcFileId="27" StartOffset="24688"/>
<Loc EndOffset="30799" SrcFileId="27" StartOffset="29551"/>
<Loc EndOffset="35442" SrcFileId="27" StartOffset="30853"/>
</LocList>
<BasicStmnt CovItemId="S117" CovItemPrefix="group2.game.DrawGame.java" Intrnl_Id="2353">
<LocList>
<Loc EndOffset="9559" SrcFileId="27" StartOffset="9536"/>
</LocList>
</BasicStmnt>
<BasicStmnt CovItemId="S118" CovItemPrefix="group2.game.DrawGame.java" Intrnl_Id="2354">
<LocList>
<Loc EndOffset="9582" SrcFileId="27" StartOffset="9563"/>
</LocList>
</BasicStmnt>
<BasicStmnt CovItemId="S119" CovItemPrefix="group2.game.DrawGame.java" Intrnl_Id="2355">
<LocList>
<Loc EndOffset="9600" SrcFileId="27" StartOffset="9586"/>
</LocList>
</BasicStmnt>
<BasicStmnt CovItemId="S120" CovItemPrefix="group2.game.DrawGame.java" Intrnl_Id="2356">
<LocList>
<Loc EndOffset="9722" SrcFileId="27" StartOffset="9624"/>
</LocList>
</BasicStmnt>
<LoopStmnt CovItemId="S121" CovItemPrefix="group2.game.DrawGame.java" Intrnl_Id="2357" MltplExecId="L6-2" MltplExecPrefix="group2.game.DrawGame.java" NvrExecId="L6-0" NvrExecPrefix="group2.game.DrawGame.java" OnceExecutedId="L6-1" OnceExecutedPrefix="group2.game.DrawGame.java" OptBodyExec="true">
<StmntSeq Intrnl_Id="2358">
<LocList>
<Loc EndOffset="10092" SrcFileId="27" StartOffset="9811"/>
</LocList>
<CondStmnt CovItemId="S122" CovItemPrefix="group2.game.DrawGame.java" Intrnl_Id="2359">
<Branch CovItemId="B13" CovItemPrefix="group2.game.DrawGame.java" Implct="false" Intrnl_Id="2360">
<Cond/>
<LocList>
<Loc EndOffset="10092" SrcFileId="27" StartOffset="9835"/>
</LocList>
<StmntSeq Intrnl_Id="2361">
<LocList>
<Loc EndOffset="10086" SrcFileId="27" StartOffset="9842"/>
</LocList>
<CondStmnt CovItemId="S123" CovItemPrefix="group2.game.DrawGame.java" Intrnl_Id="2362">
<Branch CovItemId="B15" CovItemPrefix="group2.game.DrawGame.java" Implct="false" Intrnl_Id="2363">
<Cond/>
<LocList>
<Loc EndOffset="10086" SrcFileId="27" StartOffset="9882"/>
</LocList>
<StmntSeq Intrnl_Id="2364">
<LocList>
<Loc EndOffset="10079" SrcFileId="27" StartOffset="9890"/>
</LocList>
<BasicStmnt CovItemId="S124" CovItemPrefix="group2.game.DrawGame.java" Intrnl_Id="2365">
<LocList>
<Loc EndOffset="10079" SrcFileId="27" StartOffset="9890"/>
</LocList>
</BasicStmnt>
</StmntSeq>
</Branch>
<Branch CovItemId="B16" CovItemPrefix="group2.game.DrawGame.java" Implct="true" Intrnl_Id="2366">
<Cond/>
<LocList/>
<StmntSeq Intrnl_Id="2367">
<LocList/>
</StmntSeq>
</Branch>
<Keyword EndOffset="9844" SrcFileId="27" StartOffset="9842"/>
<LocList>
<Loc EndOffset="10086" SrcFileId="27" StartOffset="9842"/>
</LocList>
<RootTerm CovItemId="C12" CovItemPrefix="group2.game.DrawGame.java" Intrnl_Id="2368">
<BasicBoolTerm Intrnl_Id="2369">
<LocList>
<Loc EndOffset="9880" SrcFileId="27" StartOffset="9846"/>
</LocList>
</BasicBoolTerm>
</RootTerm>
</CondStmnt>
</StmntSeq>
</Branch>
<Branch CovItemId="B14" CovItemPrefix="group2.game.DrawGame.java" Implct="true" Intrnl_Id="2370">
<Cond/>
<LocList/>
<StmntSeq Intrnl_Id="2371">
<LocList/>
</StmntSeq>
</Branch>
<Keyword EndOffset="9813" SrcFileId="27" StartOffset="9811"/>
<LocList>
<Loc EndOffset="10092" SrcFileId="27" StartOffset="9811"/>
</LocList>
<RootTerm CovItemId="C11" CovItemPrefix="group2.game.DrawGame.java" Intrnl_Id="2372">
<BasicBoolTerm Intrnl_Id="2373">
<LocList>
<Loc EndOffset="9833" SrcFileId="27" StartOffset="9815"/>
</LocList>
</BasicBoolTerm>
</RootTerm>
</CondStmnt>
</StmntSeq>
<Keyword EndOffset="9751" SrcFileId="27" StartOffset="9748"/>
<LocList>
<Loc EndOffset="10097" SrcFileId="27" StartOffset="9748"/>
</LocList>
<RootTerm CovItemId="C10" CovItemPrefix="group2.game.DrawGame.java" Intrnl_Id="2374">
<BasicBoolTerm Intrnl_Id="2375">
<LocList>
<Loc EndOffset="9798" SrcFileId="27" StartOffset="9764"/>
</LocList>
</BasicBoolTerm>
</RootTerm>
</LoopStmnt>
<LoopStmnt CovItemId="S125" CovItemPrefix="group2.game.DrawGame.java" Intrnl_Id="2376" MltplExecId="L7-2" MltplExecPrefix="group2.game.DrawGame.java" NvrExecId="L7-0" NvrExecPrefix="group2.game.DrawGame.java" OnceExecutedId="L7-1" OnceExecutedPrefix="group2.game.DrawGame.java" OptBodyExec="true">
<StmntSeq Intrnl_Id="2377">
<LocList>
<Loc EndOffset="10503" SrcFileId="27" StartOffset="10184"/>
</LocList>
<CondStmnt CovItemId="S126" CovItemPrefix="group2.game.DrawGame.java" Intrnl_Id="2378">
<Branch CovItemId="B17" CovItemPrefix="group2.game.DrawGame.java" Implct="false" Intrnl_Id="2379">
<Cond/>
<LocList>
<Loc EndOffset="10503" SrcFileId="27" StartOffset="10208"/>
</LocList>
<StmntSeq Intrnl_Id="2380">
<LocList>
<Loc EndOffset="10497" SrcFileId="27" StartOffset="10215"/>
</LocList>
<CondStmnt CovItemId="S127" CovItemPrefix="group2.game.DrawGame.java" Intrnl_Id="2381">
<Branch CovItemId="B19" CovItemPrefix="group2.game.DrawGame.java" Implct="false" Intrnl_Id="2382">
<Cond/>
<LocList>
<Loc EndOffset="10497" SrcFileId="27" StartOffset="10255"/>
</LocList>
<StmntSeq Intrnl_Id="2383">
<LocList>
<Loc EndOffset="10490" SrcFileId="27" StartOffset="10263"/>
</LocList>
<BasicStmnt CovItemId="S128" CovItemPrefix="group2.game.DrawGame.java" Intrnl_Id="2384">
<LocList>
<Loc EndOffset="10490" SrcFileId="27" StartOffset="10263"/>
</LocList>
</BasicStmnt>
</StmntSeq>
</Branch>
<Branch CovItemId="B20" CovItemPrefix="group2.game.DrawGame.java" Implct="true" Intrnl_Id="2385">
<Cond/>
<LocList/>
<StmntSeq Intrnl_Id="2386">
<LocList/>
</StmntSeq>
</Branch>
<Keyword EndOffset="10217" SrcFileId="27" StartOffset="10215"/>
<LocList>
<Loc EndOffset="10497" SrcFileId="27" StartOffset="10215"/>
</LocList>
<RootTerm CovItemId="C15" CovItemPrefix="group2.game.DrawGame.java" Intrnl_Id="2387">
<BasicBoolTerm Intrnl_Id="2388">
<LocList>
<Loc EndOffset="10253" SrcFileId="27" StartOffset="10219"/>
</LocList>
</BasicBoolTerm>
</RootTerm>
</CondStmnt>
</StmntSeq>
</Branch>
<Branch CovItemId="B18" CovItemPrefix="group2.game.DrawGame.java" Implct="true" Intrnl_Id="2389">
<Cond/>
<LocList/>
<StmntSeq Intrnl_Id="2390">
<LocList/>
</StmntSeq>
</Branch>
<Keyword EndOffset="10186" SrcFileId="27" StartOffset="10184"/>
<LocList>
<Loc EndOffset="10503" SrcFileId="27" StartOffset="10184"/>
</LocList>
<RootTerm CovItemId="C14" CovItemPrefix="group2.game.DrawGame.java" Intrnl_Id="2391">
<BasicBoolTerm Intrnl_Id="2392">
<LocList>
<Loc EndOffset="10206" SrcFileId="27" StartOffset="10188"/>
</LocList>
</BasicBoolTerm>
</RootTerm>
</CondStmnt>
</StmntSeq>
<Keyword EndOffset="10124" SrcFileId="27" StartOffset="10121"/>
<LocList>
<Loc EndOffset="10508" SrcFileId="27" StartOffset="10121"/>
</LocList>
<RootTerm CovItemId="C13" CovItemPrefix="group2.game.DrawGame.java" Intrnl_Id="2393">
<BasicBoolTerm Intrnl_Id="2394">
<LocList>
<Loc EndOffset="10171" SrcFileId="27" StartOffset="10137"/>
</LocList>
</BasicBoolTerm>
</RootTerm>
</LoopStmnt>
<BasicStmnt CovItemId="S129" CovItemPrefix="group2.game.DrawGame.java" Intrnl_Id="2395">
<LocList>
<Loc EndOffset="10640" SrcFileId="27" StartOffset="10538"/>
</LocList>
</BasicStmnt>
<LoopStmnt CovItemId="S130" CovItemPrefix="group2.game.DrawGame.java" Intrnl_Id="2396" MltplExecId="L8-2" MltplExecPrefix="group2.game.DrawGame.java" NvrExecId="L8-0" NvrExecPrefix="group2.game.DrawGame.java" OnceExecutedId="L8-1" OnceExecutedPrefix="group2.game.DrawGame.java" OptBodyExec="true">
<StmntSeq Intrnl_Id="2397">
<LocList>
<Loc EndOffset="10741" SrcFileId="27" StartOffset="10718"/>
<Loc EndOffset="10955" SrcFileId="27" StartOffset="10747"/>
<Loc EndOffset="11278" SrcFileId="27" StartOffset="10978"/>
</LocList>
<BasicStmnt CovItemId="S131" CovItemPrefix="group2.game.DrawGame.java" Intrnl_Id="2398">
<LocList>
<Loc EndOffset="10741" SrcFileId="27" StartOffset="10718"/>
</LocList>
</BasicStmnt>
<BasicStmnt CovItemId="S132" CovItemPrefix="group2.game.DrawGame.java" Intrnl_Id="2399">
<LocList>
<Loc EndOffset="10955" SrcFileId="27" StartOffset="10747"/>
</LocList>
</BasicStmnt>
<LoopStmnt CovItemId="S133" CovItemPrefix="group2.game.DrawGame.java" Intrnl_Id="2400" MltplExecId="L9-2" MltplExecPrefix="group2.game.DrawGame.java" NvrExecId="L9-0" NvrExecPrefix="group2.game.DrawGame.java" OnceExecutedId="L9-1" OnceExecutedPrefix="group2.game.DrawGame.java" OptBodyExec="true">
<StmntSeq Intrnl_Id="2401">
<LocList>
<Loc EndOffset="11045" SrcFileId="27" StartOffset="11021"/>
<Loc EndOffset="11271" SrcFileId="27" StartOffset="11051"/>
</LocList>
<BasicStmnt CovItemId="S134" CovItemPrefix="group2.game.DrawGame.java" Intrnl_Id="2402">
<LocList>
<Loc EndOffset="11045" SrcFileId="27" StartOffset="11021"/>
</LocList>
</BasicStmnt>
<BasicStmnt CovItemId="S135" CovItemPrefix="group2.game.DrawGame.java" Intrnl_Id="2403">
<LocList>
<Loc EndOffset="11271" SrcFileId="27" StartOffset="11051"/>
</LocList>
</BasicStmnt>
</StmntSeq>
<Keyword EndOffset="10981" SrcFileId="27" StartOffset="10978"/>
<LocList>
<Loc EndOffset="11278" SrcFileId="27" StartOffset="10978"/>
</LocList>
</LoopStmnt>
</StmntSeq>
<Keyword EndOffset="10684" SrcFileId="27" StartOffset="10681"/>
<LocList>
<Loc EndOffset="11283" SrcFileId="27" StartOffset="10681"/>
</LocList>
</LoopStmnt>
<BasicStmnt CovItemId="S136" CovItemPrefix="group2.game.DrawGame.java" Intrnl_Id="2404">
<LocList>
<Loc EndOffset="11319" SrcFileId="27" StartOffset="11305"/>
</LocList>
</BasicStmnt>
<BasicStmnt CovItemId="S137" CovItemPrefix="group2.game.DrawGame.java" Intrnl_Id="2405">
<LocList>
<Loc EndOffset="11347" SrcFileId="27" StartOffset="11323"/>
</LocList>
</BasicStmnt>
<BasicStmnt CovItemId="S138" CovItemPrefix="group2.game.DrawGame.java" Intrnl_Id="2406">
<LocList>
<Loc EndOffset="11532" SrcFileId="27" StartOffset="11351"/>
</LocList>
</BasicStmnt>
<BasicStmnt CovItemId="S139" CovItemPrefix="group2.game.DrawGame.java" Intrnl_Id="2407">
<LocList>
<Loc EndOffset="11664" SrcFileId="27" StartOffset="11567"/>
</LocList>
</BasicStmnt>
<BasicStmnt CovItemId="S140" CovItemPrefix="group2.game.DrawGame.java" Intrnl_Id="2408">
<LocList>
<Loc EndOffset="11692" SrcFileId="27" StartOffset="11668"/>
</LocList>
</BasicStmnt>
<BasicStmnt CovItemId="S141" CovItemPrefix="group2.game.DrawGame.java" Intrnl_Id="2409">
<LocList>
<Loc EndOffset="11862" SrcFileId="27" StartOffset="11696"/>
</LocList>
</BasicStmnt>
<BasicStmnt CovItemId="S142" CovItemPrefix="group2.game.DrawGame.java" Intrnl_Id="2410">
<LocList>
<Loc EndOffset="11891" SrcFileId="27" StartOffset="11866"/>
</LocList>
</BasicStmnt>
<BasicStmnt CovItemId="S143" CovItemPrefix="group2.game.DrawGame.java" Intrnl_Id="2411">
<LocList>
<Loc EndOffset="12085" SrcFileId="27" StartOffset="11895"/>
</LocList>
</BasicStmnt>
<BasicStmnt CovItemId="S144" CovItemPrefix="group2.game.DrawGame.java" Intrnl_Id="2412">
<LocList>
<Loc EndOffset="12113" SrcFileId="27" StartOffset="12089"/>
</LocList>
</BasicStmnt>
<BasicStmnt CovItemId="S145" CovItemPrefix="group2.game.DrawGame.java" Intrnl_Id="2413">
<LocList>
<Loc EndOffset="12137" SrcFileId="27" StartOffset="12118"/>
</LocList>
</BasicStmnt>
<BasicStmnt CovItemId="S146" CovItemPrefix="group2.game.DrawGame.java" Intrnl_Id="2414">
<LocList>
<Loc EndOffset="12330" SrcFileId="27" StartOffset="12165"/>
</LocList>
</BasicStmnt>
<BasicStmnt CovItemId="S147" CovItemPrefix="group2.game.DrawGame.java" Intrnl_Id="2415">
<LocList>
<Loc EndOffset="12502" SrcFileId="27" StartOffset="12334"/>
</LocList>
</BasicStmnt>
<BasicStmnt CovItemId="S148" CovItemPrefix="group2.game.DrawGame.java" Intrnl_Id="2416">
<LocList>
<Loc EndOffset="12674" SrcFileId="27" StartOffset="12506"/>
</LocList>
</BasicStmnt>
<LoopStmnt CovItemId="S149" CovItemPrefix="group2.game.DrawGame.java" Intrnl_Id="2417" MltplExecId="L10-2" MltplExecPrefix="group2.game.DrawGame.java" NvrExecId="L10-0" NvrExecPrefix="group2.game.DrawGame.java" OnceExecutedId="L10-1" OnceExecutedPrefix="group2.game.DrawGame.java" OptBodyExec="true">
<StmntSeq Intrnl_Id="2418">
<LocList>
<Loc EndOffset="12778" SrcFileId="27" StartOffset="12754"/>
<Loc EndOffset="13806" SrcFileId="27" StartOffset="12783"/>
</LocList>
<BasicStmnt CovItemId="S150" CovItemPrefix="group2.game.DrawGame.java" Intrnl_Id="2419">
<LocList>
<Loc EndOffset="12778" SrcFileId="27" StartOffset="12754"/>
</LocList>
</BasicStmnt>
<CondStmnt CovItemId="S151" CovItemPrefix="group2.game.DrawGame.java" Intrnl_Id="2420">
<Branch CovItemId="B21" CovItemPrefix="group2.game.DrawGame.java" Implct="false" Intrnl_Id="2421">
<Cond/>
<LocList>
<Loc EndOffset="13806" SrcFileId="27" StartOffset="12795"/>
</LocList>
<StmntSeq Intrnl_Id="2422">
<LocList>
<Loc EndOffset="13559" SrcFileId="27" StartOffset="12802"/>
<Loc EndOffset="13800" SrcFileId="27" StartOffset="13564"/>
</LocList>
<CondStmnt CovItemId="S152" CovItemPrefix="group2.game.DrawGame.java" Intrnl_Id="2423">
<Branch CovItemId="B23" CovItemPrefix="group2.game.DrawGame.java" Implct="false" Intrnl_Id="2424">
<Cond/>
<LocList>
<Loc EndOffset="13559" SrcFileId="27" StartOffset="12820"/>
</LocList>
<StmntSeq Intrnl_Id="2425">
<LocList>
<Loc EndOffset="12852" SrcFileId="27" StartOffset="12828"/>
<Loc EndOffset="13003" SrcFileId="27" StartOffset="12859"/>
<Loc EndOffset="13279" SrcFileId="27" StartOffset="13017"/>
<Loc EndOffset="13315" SrcFileId="27" StartOffset="13293"/>
<Loc EndOffset="13545" SrcFileId="27" StartOffset="13322"/>
</LocList>
<BasicStmnt CovItemId="S153" CovItemPrefix="group2.game.DrawGame.java" Intrnl_Id="2426">
<LocList>
<Loc EndOffset="12852" SrcFileId="27" StartOffset="12828"/>
</LocList>
</BasicStmnt>
<BasicStmnt CovItemId="S154" CovItemPrefix="group2.game.DrawGame.java" Intrnl_Id="2427">
<LocList>
<Loc EndOffset="13003" SrcFileId="27" StartOffset="12859"/>
</LocList>
</BasicStmnt>
<BasicStmnt CovItemId="S155" CovItemPrefix="group2.game.DrawGame.java" Intrnl_Id="2428">
<LocList>
<Loc EndOffset="13279" SrcFileId="27" StartOffset="13017"/>
</LocList>
</BasicStmnt>
<BasicStmnt CovItemId="S156" CovItemPrefix="group2.game.DrawGame.java" Intrnl_Id="2429">
<LocList>
<Loc EndOffset="13315" SrcFileId="27" StartOffset="13293"/>
</LocList>
</BasicStmnt>
<BasicStmnt CovItemId="S157" CovItemPrefix="group2.game.DrawGame.java" Intrnl_Id="2430">
<LocList>
<Loc EndOffset="13545" SrcFileId="27" StartOffset="13322"/>
</LocList>
</BasicStmnt>
</StmntSeq>
</Branch>
<Branch CovItemId="B24" CovItemPrefix="group2.game.DrawGame.java" Implct="true" Intrnl_Id="2431">
<Cond/>
<LocList/>
<StmntSeq Intrnl_Id="2432">
<LocList/>
</StmntSeq>
</Branch>
<Keyword EndOffset="12804" SrcFileId="27" StartOffset="12802"/>
<LocList>
<Loc EndOffset="13559" SrcFileId="27" StartOffset="12802"/>
</LocList>
<RootTerm CovItemId="C17" CovItemPrefix="group2.game.DrawGame.java" Intrnl_Id="2433">
<OpTerm BooleanOpId="33" Intrnl_Id="2434">
<BasicBoolTerm Intrnl_Id="2435">
<LocList>
<Loc EndOffset="12819" SrcFileId="27" StartOffset="12806"/>
</LocList>
</BasicBoolTerm>
<LocList>
<Loc EndOffset="12806" SrcFileId="27" StartOffset="12805"/>
</LocList>
</OpTerm>
</RootTerm>
</CondStmnt>
<BasicStmnt CovItemId="S158" CovItemPrefix="group2.game.DrawGame.java" Intrnl_Id="2436">
<LocList>
<Loc EndOffset="13800" SrcFileId="27" StartOffset="13564"/>
</LocList>
</BasicStmnt>
</StmntSeq>
</Branch>
<Branch CovItemId="B22" CovItemPrefix="group2.game.DrawGame.java" Implct="true" Intrnl_Id="2437">
<Cond/>
<LocList/>
<StmntSeq Intrnl_Id="2438">
<LocList/>
</StmntSeq>
</Branch>
<Keyword EndOffset="12785" SrcFileId="27" StartOffset="12783"/>
<LocList>
<Loc EndOffset="13806" SrcFileId="27" StartOffset="12783"/>
</LocList>
<RootTerm CovItemId="C16" CovItemPrefix="group2.game.DrawGame.java" Intrnl_Id="2439">
<BasicBoolTerm Intrnl_Id="2440">
<LocList>
<Loc EndOffset="12794" SrcFileId="27" StartOffset="12787"/>
</LocList>
</BasicBoolTerm>
</RootTerm>
</CondStmnt>
</StmntSeq>
<Keyword EndOffset="12714" SrcFileId="27" StartOffset="12711"/>
<LocList>
<Loc EndOffset="13811" SrcFileId="27" StartOffset="12711"/>
</LocList>
</LoopStmnt>
<LoopStmnt CovItemId="S159" CovItemPrefix="group2.game.DrawGame.java" Intrnl_Id="2441" MltplExecId="L11-2" MltplExecPrefix="group2.game.DrawGame.java" NvrExecId="L11-0" NvrExecPrefix="group2.game.DrawGame.java" OnceExecutedId="L11-1" OnceExecutedPrefix="group2.game.DrawGame.java" OptBodyExec="true">
<StmntSeq Intrnl_Id="2442">
<LocList>
<Loc EndOffset="13960" SrcFileId="27" StartOffset="13912"/>
<Loc EndOffset="19347" SrcFileId="27" StartOffset="13965"/>
</LocList>
<BasicStmnt CovItemId="S160" CovItemPrefix="group2.game.DrawGame.java" Intrnl_Id="2443">
<LocList>
<Loc EndOffset="13960" SrcFileId="27" StartOffset="13912"/>
</LocList>
</BasicStmnt>
<LoopStmnt CovItemId="S161" CovItemPrefix="group2.game.DrawGame.java" Intrnl_Id="2444" MltplExecId="L12-2" MltplExecPrefix="group2.game.DrawGame.java" NvrExecId="L12-0" NvrExecPrefix="group2.game.DrawGame.java" OnceExecutedId="L12-1" OnceExecutedPrefix="group2.game.DrawGame.java" OptBodyExec="true">
<StmntSeq Intrnl_Id="2445">
<LocList>
<Loc EndOffset="19341" SrcFileId="27" StartOffset="14027"/>
</LocList>
<LoopStmnt CovItemId="S162" CovItemPrefix="group2.game.DrawGame.java" Intrnl_Id="2446" MltplExecId="L13-2" MltplExecPrefix="group2.game.DrawGame.java" NvrExecId="L13-0" NvrExecPrefix="group2.game.DrawGame.java" OnceExecutedId="L13-1" OnceExecutedPrefix="group2.game.DrawGame.java" OptBodyExec="true">
<StmntSeq Intrnl_Id="2447">
<LocList>
<Loc EndOffset="19334" SrcFileId="27" StartOffset="14095"/>
</LocList>
<CondStmnt CovItemId="S163" CovItemPrefix="group2.game.DrawGame.java" Intrnl_Id="2448">
<Branch CovItemId="B25" CovItemPrefix="group2.game.DrawGame.java" Implct="false" Intrnl_Id="2449">
<Cond/>
<LocList>
<Loc EndOffset="19334" SrcFileId="27" StartOffset="14134"/>
</LocList>
<StmntSeq Intrnl_Id="2450">
<LocList>
<Loc EndOffset="19326" SrcFileId="27" StartOffset="14143"/>
</LocList>
<CondStmnt CovItemId="S164" CovItemPrefix="group2.game.DrawGame.java" Intrnl_Id="2451">
<Branch CovItemId="B27" CovItemPrefix="group2.game.DrawGame.java" Implct="false" Intrnl_Id="2452">
<Cond/>
<LocList>
<Loc EndOffset="14579" SrcFileId="27" StartOffset="14191"/>
</LocList>
<StmntSeq Intrnl_Id="2453">
<LocList>
<Loc EndOffset="14247" SrcFileId="27" StartOffset="14201"/>
<Loc EndOffset="14533" SrcFileId="27" StartOffset="14256"/>
<Loc EndOffset="14570" SrcFileId="27" StartOffset="14544"/>
</LocList>
<BasicStmnt CovItemId="S165" CovItemPrefix="group2.game.DrawGame.java" Intrnl_Id="2454">
<LocList>
<Loc EndOffset="14247" SrcFileId="27" StartOffset="14201"/>
</LocList>
</BasicStmnt>
<BasicStmnt CovItemId="S166" CovItemPrefix="group2.game.DrawGame.java" Intrnl_Id="2455">
<LocList>
<Loc EndOffset="14533" SrcFileId="27" StartOffset="14256"/>
</LocList>
</BasicStmnt>
<BasicStmnt CovItemId="S167" CovItemPrefix="group2.game.DrawGame.java" Intrnl_Id="2456">
<LocList>
<Loc EndOffset="14570" SrcFileId="27" StartOffset="14544"/>
</LocList>
</BasicStmnt>
</StmntSeq>
</Branch>
<Branch CovItemId="B28" CovItemPrefix="group2.game.DrawGame.java" Implct="false" Intrnl_Id="2457">
<Cond>
<Loc EndOffset="14584" SrcFileId="27" StartOffset="14580"/>
</Cond>
<LocList>
<Loc EndOffset="19326" SrcFileId="27" StartOffset="14585"/>
</LocList>
<StmntSeq Intrnl_Id="2458">
<LocList>
<Loc EndOffset="19326" SrcFileId="27" StartOffset="14585"/>
</LocList>
<CondStmnt CovItemId="S168" CovItemPrefix="group2.game.DrawGame.java" Intrnl_Id="2459">
<Branch CovItemId="B29" CovItemPrefix="group2.game.DrawGame.java" Implct="false" Intrnl_Id="2460">
<Cond/>
<LocList>
<Loc EndOffset="19326" SrcFileId="27" StartOffset="14634"/>
</LocList>
<StmntSeq Intrnl_Id="2461">
<LocList>
<Loc EndOffset="14692" SrcFileId="27" StartOffset="14644"/>
<Loc EndOffset="19317" SrcFileId="27" StartOffset="14701"/>
</LocList>
<BasicStmnt CovItemId="S169" CovItemPrefix="group2.game.DrawGame.java" Intrnl_Id="2462">
<LocList>
<Loc EndOffset="14692" SrcFileId="27" StartOffset="14644"/>
</LocList>
</BasicStmnt>
<CondStmnt CovItemId="S170" CovItemPrefix="group2.game.DrawGame.java" Intrnl_Id="2463">
<Branch CovItemId="B31" CovItemPrefix="group2.game.DrawGame.java" Implct="false" Intrnl_Id="2464">
<Cond/>
<LocList>
<Loc EndOffset="18206" SrcFileId="27" StartOffset="14721"/>
</LocList>
<StmntSeq Intrnl_Id="2465">
<LocList>
<Loc EndOffset="15011" SrcFileId="27" StartOffset="14732"/>
<Loc EndOffset="15774" SrcFileId="27" StartOffset="15021"/>
<Loc EndOffset="16576" SrcFileId="27" StartOffset="15784"/>
<Loc EndOffset="17391" SrcFileId="27" StartOffset="16586"/>
<Loc EndOffset="18184" SrcFileId="27" StartOffset="17401"/>
</LocList>
<CondStmnt CovItemId="S171" CovItemPrefix="group2.game.DrawGame.java" Intrnl_Id="2466">
<Branch CovItemId="B33" CovItemPrefix="group2.game.DrawGame.java" Implct="false" Intrnl_Id="2467">
<Cond/>
<LocList>
<Loc EndOffset="15011" SrcFileId="27" StartOffset="14778"/>
</LocList>
<StmntSeq Intrnl_Id="2468">
<LocList>
<Loc EndOffset="14937" SrcFileId="27" StartOffset="14790"/>
<Loc EndOffset="14971" SrcFileId="27" StartOffset="14948"/>
<Loc EndOffset="15000" SrcFileId="27" StartOffset="14982"/>
</LocList>
<BasicStmnt CovItemId="S172" CovItemPrefix="group2.game.DrawGame.java" Intrnl_Id="2469">
<LocList>
<Loc EndOffset="14937" SrcFileId="27" StartOffset="14790"/>
</LocList>
</BasicStmnt>
<BasicStmnt CovItemId="S173" CovItemPrefix="group2.game.DrawGame.java" Intrnl_Id="2470">
<LocList>
<Loc EndOffset="14971" SrcFileId="27" StartOffset="14948"/>
</LocList>
</BasicStmnt>
<BasicStmnt CovItemId="S174" CovItemPrefix="group2.game.DrawGame.java" Intrnl_Id="2471">
<LocList>
<Loc EndOffset="15000" SrcFileId="27" StartOffset="14982"/>
</LocList>
</BasicStmnt>
</StmntSeq>
</Branch>
<Branch CovItemId="B34" CovItemPrefix="group2.game.DrawGame.java" Implct="true" Intrnl_Id="2472">
<Cond/>
<LocList/>
<StmntSeq Intrnl_Id="2473">
<LocList/>
</StmntSeq>
</Branch>
<Keyword EndOffset="14734" SrcFileId="27" StartOffset="14732"/>
<LocList>
<Loc EndOffset="15011" SrcFileId="27" StartOffset="14732"/>
</LocList>
<RootTerm CovItemId="C25" CovItemPrefix="group2.game.DrawGame.java" Intrnl_Id="2474">
<OpTerm BooleanOpId="35" Intrnl_Id="2475">
<OpTerm BooleanOpId="33" Intrnl_Id="2476">
<BasicBoolTerm Intrnl_Id="2477">
<LocList>
<Loc EndOffset="14753" SrcFileId="27" StartOffset="14736"/>
</LocList>
</BasicBoolTerm>
<LocList>
<Loc EndOffset="14736" SrcFileId="27" StartOffset="14735"/>
</LocList>
</OpTerm>
<BasicBoolTerm Intrnl_Id="2478">
<LocList>
<Loc EndOffset="14777" SrcFileId="27" StartOffset="14757"/>
</LocList>
</BasicBoolTerm>
<LocList>
<Loc EndOffset="14756" SrcFileId="27" StartOffset="14754"/>
</LocList>
</OpTerm>
</RootTerm>
</CondStmnt>
<CondStmnt CovItemId="S175" CovItemPrefix="group2.game.DrawGame.java" Intrnl_Id="2479">
<Branch CovItemId="B35" CovItemPrefix="group2.game.DrawGame.java" Implct="false" Intrnl_Id="2480">
<Cond/>
<LocList>
<Loc EndOffset="15774" SrcFileId="27" StartOffset="15039"/>
</LocList>
<StmntSeq Intrnl_Id="2481">
<LocList>
<Loc EndOffset="15763" SrcFileId="27" StartOffset="15051"/>
</LocList>
<CondStmnt CovItemId="S176" CovItemPrefix="group2.game.DrawGame.java" Intrnl_Id="2482">
<Branch CovItemId="B37" CovItemPrefix="group2.game.DrawGame.java" Implct="false" Intrnl_Id="2483">
<Cond/>
<LocList>
<Loc EndOffset="15403" SrcFileId="27" StartOffset="15062"/>
</LocList>
<StmntSeq Intrnl_Id="2484">
<LocList>
<Loc EndOffset="15391" SrcFileId="27" StartOffset="15075"/>
</LocList>
<BasicStmnt CovItemId="S177" CovItemPrefix="group2.game.DrawGame.java" Intrnl_Id="2485">
<LocList>
<Loc EndOffset="15391" SrcFileId="27" StartOffset="15075"/>
</LocList>
</BasicStmnt>
</StmntSeq>
</Branch>
<Branch CovItemId="B38" CovItemPrefix="group2.game.DrawGame.java" Implct="false" Intrnl_Id="2486">
<Cond>
<Loc EndOffset="15418" SrcFileId="27" StartOffset="15414"/>
</Cond>
<LocList>
<Loc EndOffset="15763" SrcFileId="27" StartOffset="15418"/>
</LocList>
<StmntSeq Intrnl_Id="2487">
<LocList>
<Loc EndOffset="15751" SrcFileId="27" StartOffset="15431"/>
</LocList>
<BasicStmnt CovItemId="S178" CovItemPrefix="group2.game.DrawGame.java" Intrnl_Id="2488">
<LocList>
<Loc EndOffset="15751" SrcFileId="27" StartOffset="15431"/>
</LocList>
</BasicStmnt>
</StmntSeq>
</Branch>
<Keyword EndOffset="15053" SrcFileId="27" StartOffset="15051"/>
<LocList>
<Loc EndOffset="15763" SrcFileId="27" StartOffset="15051"/>
</LocList>
<RootTerm CovItemId="C27" CovItemPrefix="group2.game.DrawGame.java" Intrnl_Id="2489">
<BasicBoolTerm Intrnl_Id="2490">
<LocList>
<Loc EndOffset="15061" SrcFileId="27" StartOffset="15055"/>
</LocList>
</BasicBoolTerm>
</RootTerm>
</CondStmnt>
</StmntSeq>
</Branch>
<Branch CovItemId="B36" CovItemPrefix="group2.game.DrawGame.java" Implct="true" Intrnl_Id="2491">
<Cond/>
<LocList/>
<StmntSeq Intrnl_Id="2492">
<LocList/>
</StmntSeq>
</Branch>
<Keyword EndOffset="15023" SrcFileId="27" StartOffset="15021"/>
<LocList>
<Loc EndOffset="15774" SrcFileId="27" StartOffset="15021"/>
</LocList>
<RootTerm CovItemId="C26" CovItemPrefix="group2.game.DrawGame.java" Intrnl_Id="2493">
<BasicBoolTerm Intrnl_Id="2494">
<LocList>
<Loc EndOffset="15038" SrcFileId="27" StartOffset="15025"/>
</LocList>
</BasicBoolTerm>
</RootTerm>
</CondStmnt>
<CondStmnt CovItemId="S179" CovItemPrefix="group2.game.DrawGame.java" Intrnl_Id="2495">
<Branch CovItemId="B39" CovItemPrefix="group2.game.DrawGame.java" Implct="false" Intrnl_Id="2496">
<Cond/>
<LocList>
<Loc EndOffset="16576" SrcFileId="27" StartOffset="15802"/>
</LocList>
<StmntSeq Intrnl_Id="2497">
<LocList>
<Loc EndOffset="16565" SrcFileId="27" StartOffset="15814"/>
</LocList>
<CondStmnt CovItemId="S180" CovItemPrefix="group2.game.DrawGame.java" Intrnl_Id="2498">
<Branch CovItemId="B41" CovItemPrefix="group2.game.DrawGame.java" Implct="false" Intrnl_Id="2499">
<Cond/>
<LocList>
<Loc EndOffset="16173" SrcFileId="27" StartOffset="15825"/>
</LocList>
<StmntSeq Intrnl_Id="2500">
<LocList>
<Loc EndOffset="16161" SrcFileId="27" StartOffset="15838"/>
</LocList>
<BasicStmnt CovItemId="S181" CovItemPrefix="group2.game.DrawGame.java" Intrnl_Id="2501">
<LocList>
<Loc EndOffset="16161" SrcFileId="27" StartOffset="15838"/>
</LocList>
</BasicStmnt>
</StmntSeq>
</Branch>
<Branch CovItemId="B42" CovItemPrefix="group2.game.DrawGame.java" Implct="false" Intrnl_Id="2502">
<Cond>
<Loc EndOffset="16188" SrcFileId="27" StartOffset="16184"/>
</Cond>
<LocList>
<Loc EndOffset="16565" SrcFileId="27" StartOffset="16188"/>
</LocList>
<StmntSeq Intrnl_Id="2503">
<LocList>
<Loc EndOffset="16553" SrcFileId="27" StartOffset="16201"/>
</LocList>
<BasicStmnt CovItemId="S182" CovItemPrefix="group2.game.DrawGame.java" Intrnl_Id="2504">
<LocList>
<Loc EndOffset="16553" SrcFileId="27" StartOffset="16201"/>
</LocList>
</BasicStmnt>
</StmntSeq>
</Branch>
<Keyword EndOffset="15816" SrcFileId="27" StartOffset="15814"/>
<LocList>
<Loc EndOffset="16565" SrcFileId="27" StartOffset="15814"/>
</LocList>
<RootTerm CovItemId="C29" CovItemPrefix="group2.game.DrawGame.java" Intrnl_Id="2505">
<BasicBoolTerm Intrnl_Id="2506">
<LocList>
<Loc EndOffset="15824" SrcFileId="27" StartOffset="15818"/>
</LocList>
</BasicBoolTerm>
</RootTerm>
</CondStmnt>
</StmntSeq>
</Branch>
<Branch CovItemId="B40" CovItemPrefix="group2.game.DrawGame.java" Implct="true" Intrnl_Id="2507">
<Cond/>
<LocList/>
<StmntSeq Intrnl_Id="2508">
<LocList/>
</StmntSeq>
</Branch>
<Keyword EndOffset="15786" SrcFileId="27" StartOffset="15784"/>
<LocList>
<Loc EndOffset="16576" SrcFileId="27" StartOffset="15784"/>
</LocList>
<RootTerm CovItemId="C28" CovItemPrefix="group2.game.DrawGame.java" Intrnl_Id="2509">
<BasicBoolTerm Intrnl_Id="2510">
<LocList>
<Loc EndOffset="15801" SrcFileId="27" StartOffset="15788"/>
</LocList>
</BasicBoolTerm>
</RootTerm>
</CondStmnt>
<CondStmnt CovItemId="S183" CovItemPrefix="group2.game.DrawGame.java" Intrnl_Id="2511">
<Branch CovItemId="B43" CovItemPrefix="group2.game.DrawGame.java" Implct="false" Intrnl_Id="2512">
<Cond/>
<LocList>
<Loc EndOffset="17391" SrcFileId="27" StartOffset="16604"/>
</LocList>
<StmntSeq Intrnl_Id="2513">
<LocList>
<Loc EndOffset="17380" SrcFileId="27" StartOffset="16616"/>
</LocList>
<CondStmnt CovItemId="S184" CovItemPrefix="group2.game.DrawGame.java" Intrnl_Id="2514">
<Branch CovItemId="B45" CovItemPrefix="group2.game.DrawGame.java" Implct="false" Intrnl_Id="2515">
<Cond/>
<LocList>
<Loc EndOffset="16994" SrcFileId="27" StartOffset="16627"/>
</LocList>
<StmntSeq Intrnl_Id="2516">
<LocList>
<Loc EndOffset="16982" SrcFileId="27" StartOffset="16640"/>
</LocList>
<BasicStmnt CovItemId="S185" CovItemPrefix="group2.game.DrawGame.java" Intrnl_Id="2517">
<LocList>
<Loc EndOffset="16982" SrcFileId="27" StartOffset="16640"/>
</LocList>
</BasicStmnt>
</StmntSeq>
</Branch>
<Branch CovItemId="B46" CovItemPrefix="group2.game.DrawGame.java" Implct="false" Intrnl_Id="2518">
<Cond>
<Loc EndOffset="17009" SrcFileId="27" StartOffset="17005"/>
</Cond>
<LocList>
<Loc EndOffset="17380" SrcFileId="27" StartOffset="17009"/>
</LocList>
<StmntSeq Intrnl_Id="2519">
<LocList>
<Loc EndOffset="17368" SrcFileId="27" StartOffset="17022"/>
</LocList>
<BasicStmnt CovItemId="S186" CovItemPrefix="group2.game.DrawGame.java" Intrnl_Id="2520">
<LocList>
<Loc EndOffset="17368" SrcFileId="27" StartOffset="17022"/>
</LocList>
</BasicStmnt>
</StmntSeq>
</Branch>
<Keyword EndOffset="16618" SrcFileId="27" StartOffset="16616"/>
<LocList>
<Loc EndOffset="17380" SrcFileId="27" StartOffset="16616"/>
</LocList>
<RootTerm CovItemId="C31" CovItemPrefix="group2.game.DrawGame.java" Intrnl_Id="2521">
<BasicBoolTerm Intrnl_Id="2522">
<LocList>
<Loc EndOffset="16626" SrcFileId="27" StartOffset="16620"/>
</LocList>
</BasicBoolTerm>
</RootTerm>
</CondStmnt>
</StmntSeq>
</Branch>
<Branch CovItemId="B44" CovItemPrefix="group2.game.DrawGame.java" Implct="true" Intrnl_Id="2523">
<Cond/>
<LocList/>
<StmntSeq Intrnl_Id="2524">
<LocList/>
</StmntSeq>
</Branch>
<Keyword EndOffset="16588" SrcFileId="27" StartOffset="16586"/>
<LocList>
<Loc EndOffset="17391" SrcFileId="27" StartOffset="16586"/>
</LocList>
<RootTerm CovItemId="C30" CovItemPrefix="group2.game.DrawGame.java" Intrnl_Id="2525">
<BasicBoolTerm Intrnl_Id="2526">
<LocList>
<Loc EndOffset="16603" SrcFileId="27" StartOffset="16590"/>
</LocList>
</BasicBoolTerm>
</RootTerm>
</CondStmnt>
<CondStmnt CovItemId="S187" CovItemPrefix="group2.game.DrawGame.java" Intrnl_Id="2527">
<Branch CovItemId="B47" CovItemPrefix="group2.game.DrawGame.java" Implct="false" Intrnl_Id="2528">
<Cond/>
<LocList>
<Loc EndOffset="18184" SrcFileId="27" StartOffset="17419"/>
</LocList>
<StmntSeq Intrnl_Id="2529">
<LocList>
<Loc EndOffset="18173" SrcFileId="27" StartOffset="17431"/>
</LocList>
<CondStmnt CovItemId="S188" CovItemPrefix="group2.game.DrawGame.java" Intrnl_Id="2530">
<Branch CovItemId="B49" CovItemPrefix="group2.game.DrawGame.java" Implct="false" Intrnl_Id="2531">
<Cond/>
<LocList>
<Loc EndOffset="17783" SrcFileId="27" StartOffset="17442"/>
</LocList>
<StmntSeq Intrnl_Id="2532">
<LocList>
<Loc EndOffset="17771" SrcFileId="27" StartOffset="17455"/>
</LocList>
<BasicStmnt CovItemId="S189" CovItemPrefix="group2.game.DrawGame.java" Intrnl_Id="2533">
<LocList>
<Loc EndOffset="17771" SrcFileId="27" StartOffset="17455"/>
</LocList>
</BasicStmnt>
</StmntSeq>
</Branch>
<Branch CovItemId="B50" CovItemPrefix="group2.game.DrawGame.java" Implct="false" Intrnl_Id="2534">
<Cond>
<Loc EndOffset="17798" SrcFileId="27" StartOffset="17794"/>
</Cond>
<LocList>
<Loc EndOffset="18173" SrcFileId="27" StartOffset="17798"/>
</LocList>
<StmntSeq Intrnl_Id="2535">
<LocList>
<Loc EndOffset="18161" SrcFileId="27" StartOffset="17811"/>
</LocList>
<BasicStmnt CovItemId="S190" CovItemPrefix="group2.game.DrawGame.java" Intrnl_Id="2536">
<LocList>
<Loc EndOffset="18161" SrcFileId="27" StartOffset="17811"/>
</LocList>
</BasicStmnt>
</StmntSeq>
</Branch>
<Keyword EndOffset="17433" SrcFileId="27" StartOffset="17431"/>
<LocList>
<Loc EndOffset="18173" SrcFileId="27" StartOffset="17431"/>
</LocList>
<RootTerm CovItemId="C33" CovItemPrefix="group2.game.DrawGame.java" Intrnl_Id="2537">
<BasicBoolTerm Intrnl_Id="2538">
<LocList>
<Loc EndOffset="17441" SrcFileId="27" StartOffset="17435"/>
</LocList>
</BasicBoolTerm>
</RootTerm>
</CondStmnt>
</StmntSeq>
</Branch>
<Branch CovItemId="B48" CovItemPrefix="group2.game.DrawGame.java" Implct="true" Intrnl_Id="2539">
<Cond/>
<LocList/>
<StmntSeq Intrnl_Id="2540">
<LocList/>
</StmntSeq>
</Branch>
<Keyword EndOffset="17403" SrcFileId="27" StartOffset="17401"/>
<LocList>
<Loc EndOffset="18184" SrcFileId="27" StartOffset="17401"/>
</LocList>
<RootTerm CovItemId="C32" CovItemPrefix="group2.game.DrawGame.java" Intrnl_Id="2541">
<BasicBoolTerm Intrnl_Id="2542">
<LocList>
<Loc EndOffset="17418" SrcFileId="27" StartOffset="17405"/>
</LocList>
</BasicBoolTerm>
</RootTerm>
</CondStmnt>
</StmntSeq>
</Branch>
<Branch CovItemId="B32" CovItemPrefix="group2.game.DrawGame.java" Implct="false" Intrnl_Id="2543">
<Cond>
<Loc EndOffset="18211" SrcFileId="27" StartOffset="18207"/>
</Cond>
<LocList>
<Loc EndOffset="19317" SrcFileId="27" StartOffset="18212"/>
</LocList>
<StmntSeq Intrnl_Id="2544">
<LocList>
<Loc EndOffset="19008" SrcFileId="27" StartOffset="18223"/>
<Loc EndOffset="19295" SrcFileId="27" StartOffset="19018"/>
</LocList>
<CondStmnt CovItemId="S191" CovItemPrefix="group2.game.DrawGame.java" Intrnl_Id="2545">
<Branch CovItemId="B51" CovItemPrefix="group2.game.DrawGame.java" Implct="false" Intrnl_Id="2546">
<Cond/>
<LocList>
<Loc EndOffset="19008" SrcFileId="27" StartOffset="18246"/>
</LocList>
<StmntSeq Intrnl_Id="2547">
<LocList>
<Loc EndOffset="18396" SrcFileId="27" StartOffset="18258"/>
<Loc EndOffset="18431" SrcFileId="27" StartOffset="18407"/>
<Loc EndOffset="18461" SrcFileId="27" StartOffset="18442"/>
<Loc EndOffset="18730" SrcFileId="27" StartOffset="18471"/>
<Loc EndOffset="18997" SrcFileId="27" StartOffset="18740"/>
</LocList>
<BasicStmnt CovItemId="S192" CovItemPrefix="group2.game.DrawGame.java" Intrnl_Id="2548">
<LocList>
<Loc EndOffset="18396" SrcFileId="27" StartOffset="18258"/>
</LocList>
</BasicStmnt>
<BasicStmnt CovItemId="S193" CovItemPrefix="group2.game.DrawGame.java" Intrnl_Id="2549">
<LocList>
<Loc EndOffset="18431" SrcFileId="27" StartOffset="18407"/>
</LocList>
</BasicStmnt>
<BasicStmnt CovItemId="S194" CovItemPrefix="group2.game.DrawGame.java" Intrnl_Id="2550">
<LocList>
<Loc EndOffset="18461" SrcFileId="27" StartOffset="18442"/>
</LocList>
</BasicStmnt>
<BasicStmnt CovItemId="S195" CovItemPrefix="group2.game.DrawGame.java" Intrnl_Id="2551">
<LocList>
<Loc EndOffset="18730" SrcFileId="27" StartOffset="18471"/>
</LocList>
</BasicStmnt>
<BasicStmnt CovItemId="S196" CovItemPrefix="group2.game.DrawGame.java" Intrnl_Id="2552">
<LocList>
<Loc EndOffset="18997" SrcFileId="27" StartOffset="18740"/>
</LocList>
</BasicStmnt>
</StmntSeq>
</Branch>
<Branch CovItemId="B52" CovItemPrefix="group2.game.DrawGame.java" Implct="true" Intrnl_Id="2553">
<Cond/>
<LocList/>
<StmntSeq Intrnl_Id="2554">
<LocList/>
</StmntSeq>
</Branch>
<Keyword EndOffset="18225" SrcFileId="27" StartOffset="18223"/>
<LocList>
<Loc EndOffset="19008" SrcFileId="27" StartOffset="18223"/>
</LocList>
<RootTerm CovItemId="C34" CovItemPrefix="group2.game.DrawGame.java" Intrnl_Id="2555">
<OpTerm BooleanOpId="33" Intrnl_Id="2556">
<BasicBoolTerm Intrnl_Id="2557">
<LocList>
<Loc EndOffset="18245" SrcFileId="27" StartOffset="18227"/>
</LocList>
</BasicBoolTerm>
<LocList>
<Loc EndOffset="18227" SrcFileId="27" StartOffset="18226"/>
</LocList>
</OpTerm>
</RootTerm>
</CondStmnt>
<BasicStmnt CovItemId="S197" CovItemPrefix="group2.game.DrawGame.java" Intrnl_Id="2558">
<LocList>
<Loc EndOffset="19295" SrcFileId="27" StartOffset="19018"/>
</LocList>
</BasicStmnt>
</StmntSeq>
</Branch>
<Keyword EndOffset="14703" SrcFileId="27" StartOffset="14701"/>
<LocList>
<Loc EndOffset="19317" SrcFileId="27" StartOffset="14701"/>
</LocList>
<RootTerm CovItemId="C24" CovItemPrefix="group2.game.DrawGame.java" Intrnl_Id="2559">
<BasicBoolTerm Intrnl_Id="2560">
<LocList>
<Loc EndOffset="14719" SrcFileId="27" StartOffset="14705"/>
</LocList>
</BasicBoolTerm>
</RootTerm>
</CondStmnt>
</StmntSeq>
</Branch>
<Branch CovItemId="B30" CovItemPrefix="group2.game.DrawGame.java" Implct="true" Intrnl_Id="2561">
<Cond/>
<LocList/>
<StmntSeq Intrnl_Id="2562">
<LocList/>
</StmntSeq>
</Branch>
<Keyword EndOffset="14587" SrcFileId="27" StartOffset="14585"/>
<LocList>
<Loc EndOffset="19326" SrcFileId="27" StartOffset="14585"/>
</LocList>
<RootTerm CovItemId="C23" CovItemPrefix="group2.game.DrawGame.java" Intrnl_Id="2563">
<BasicBoolTerm Intrnl_Id="2564">
<LocList>
<Loc EndOffset="14632" SrcFileId="27" StartOffset="14589"/>
</LocList>
</BasicBoolTerm>
</RootTerm>
</CondStmnt>
</StmntSeq>
</Branch>
<Keyword EndOffset="14145" SrcFileId="27" StartOffset="14143"/>
<LocList>
<Loc EndOffset="19326" SrcFileId="27" StartOffset="14143"/>
</LocList>
<RootTerm CovItemId="C22" CovItemPrefix="group2.game.DrawGame.java" Intrnl_Id="2565">
<BasicBoolTerm Intrnl_Id="2566">
<LocList>
<Loc EndOffset="14189" SrcFileId="27" StartOffset="14147"/>
</LocList>
</BasicBoolTerm>
</RootTerm>
</CondStmnt>
</StmntSeq>
</Branch>
<Branch CovItemId="B26" CovItemPrefix="group2.game.DrawGame.java" Implct="true" Intrnl_Id="2567">
<Cond/>
<LocList/>
<StmntSeq Intrnl_Id="2568">
<LocList/>
</StmntSeq>
</Branch>
<Keyword EndOffset="14097" SrcFileId="27" StartOffset="14095"/>
<LocList>
<Loc EndOffset="19334" SrcFileId="27" StartOffset="14095"/>
</LocList>
<RootTerm CovItemId="C21" CovItemPrefix="group2.game.DrawGame.java" Intrnl_Id="2569">
<BasicBoolTerm Intrnl_Id="2570">
<LocList>
<Loc EndOffset="14132" SrcFileId="27" StartOffset="14099"/>
</LocList>
</BasicBoolTerm>
</RootTerm>
</CondStmnt>
</StmntSeq>
<Keyword EndOffset="14030" SrcFileId="27" StartOffset="14027"/>
<LocList>
<Loc EndOffset="19341" SrcFileId="27" StartOffset="14027"/>
</LocList>
<RootTerm CovItemId="C20" CovItemPrefix="group2.game.DrawGame.java" Intrnl_Id="2571">
<BasicBoolTerm Intrnl_Id="2572">
<LocList>
<Loc EndOffset="14078" SrcFileId="27" StartOffset="14045"/>
</LocList>
</BasicBoolTerm>
</RootTerm>
</LoopStmnt>
</StmntSeq>
<Keyword EndOffset="13968" SrcFileId="27" StartOffset="13965"/>
<LocList>
<Loc EndOffset="19347" SrcFileId="27" StartOffset="13965"/>
</LocList>
<RootTerm CovItemId="C19" CovItemPrefix="group2.game.DrawGame.java" Intrnl_Id="2573">
<BasicBoolTerm Intrnl_Id="2574">
<LocList>
<Loc EndOffset="14011" SrcFileId="27" StartOffset="13983"/>
</LocList>
</BasicBoolTerm>
</RootTerm>
</LoopStmnt>
</StmntSeq>
<Keyword EndOffset="13855" SrcFileId="27" StartOffset="13852"/>
<LocList>
<Loc EndOffset="19352" SrcFileId="27" StartOffset="13852"/>
</LocList>
<RootTerm CovItemId="C18" CovItemPrefix="group2.game.DrawGame.java" Intrnl_Id="2575">
<BasicBoolTerm Intrnl_Id="2576">
<LocList>
<Loc EndOffset="13899" SrcFileId="27" StartOffset="13868"/>
</LocList>
</BasicBoolTerm>
</RootTerm>
</LoopStmnt>
<LoopStmnt CovItemId="S198" CovItemPrefix="group2.game.DrawGame.java" Intrnl_Id="2577" MltplExecId="L14-2" MltplExecPrefix="group2.game.DrawGame.java" NvrExecId="L14-0" NvrExecPrefix="group2.game.DrawGame.java" OnceExecutedId="L14-1" OnceExecutedPrefix="group2.game.DrawGame.java" OptBodyExec="true">
<StmntSeq Intrnl_Id="2578">
<LocList>
<Loc EndOffset="19435" SrcFileId="27" StartOffset="19413"/>
<Loc EndOffset="19454" SrcFileId="27" StartOffset="19440"/>
<Loc EndOffset="19494" SrcFileId="27" StartOffset="19459"/>
<Loc EndOffset="19528" SrcFileId="27" StartOffset="19504"/>
<Loc EndOffset="20201" SrcFileId="27" StartOffset="19533"/>
</LocList>
<BasicStmnt CovItemId="S199" CovItemPrefix="group2.game.DrawGame.java" Intrnl_Id="2579">
<LocList>
<Loc EndOffset="19435" SrcFileId="27" StartOffset="19413"/>
</LocList>
</BasicStmnt>
<BasicStmnt CovItemId="S200" CovItemPrefix="group2.game.DrawGame.java" Intrnl_Id="2580">
<LocList>
<Loc EndOffset="19454" SrcFileId="27" StartOffset="19440"/>
</LocList>
</BasicStmnt>
<BasicStmnt CovItemId="S201" CovItemPrefix="group2.game.DrawGame.java" Intrnl_Id="2581">
<LocList>
<Loc EndOffset="19494" SrcFileId="27" StartOffset="19459"/>
</LocList>
</BasicStmnt>
<BasicStmnt CovItemId="S202" CovItemPrefix="group2.game.DrawGame.java" Intrnl_Id="2582">
<LocList>
<Loc EndOffset="19528" SrcFileId="27" StartOffset="19504"/>
</LocList>
</BasicStmnt>
<CondStmnt CovItemId="S203" CovItemPrefix="group2.game.DrawGame.java" Intrnl_Id="2583">
<Branch CovItemId="B53" CovItemPrefix="group2.game.DrawGame.java" Implct="false" Intrnl_Id="2584">
<Cond/>
<LocList>
<Loc EndOffset="20201" SrcFileId="27" StartOffset="19546"/>
</LocList>
<StmntSeq Intrnl_Id="2585">
<LocList>
<Loc EndOffset="19781" SrcFileId="27" StartOffset="19553"/>
<Loc EndOffset="20195" SrcFileId="27" StartOffset="19788"/>
</LocList>
<BasicStmnt CovItemId="S204" CovItemPrefix="group2.game.DrawGame.java" Intrnl_Id="2586">
<LocList>
<Loc EndOffset="19781" SrcFileId="27" StartOffset="19553"/>
</LocList>
</BasicStmnt>
<CondStmnt CovItemId="S205" CovItemPrefix="group2.game.DrawGame.java" Intrnl_Id="2587">
<Branch CovItemId="B55" CovItemPrefix="group2.game.DrawGame.java" Implct="false" Intrnl_Id="2588">
<Cond/>
<LocList>
<Loc EndOffset="20195" SrcFileId="27" StartOffset="19804"/>
</LocList>
<StmntSeq Intrnl_Id="2589">
<LocList>
<Loc EndOffset="20181" SrcFileId="27" StartOffset="19812"/>
</LocList>
<BasicStmnt CovItemId="S206" CovItemPrefix="group2.game.DrawGame.java" Intrnl_Id="2590">
<LocList>
<Loc EndOffset="20181" SrcFileId="27" StartOffset="19812"/>
</LocList>
</BasicStmnt>
</StmntSeq>
</Branch>
<Branch CovItemId="B56" CovItemPrefix="group2.game.DrawGame.java" Implct="true" Intrnl_Id="2591">
<Cond/>
<LocList/>
<StmntSeq Intrnl_Id="2592">
<LocList/>
</StmntSeq>
</Branch>
<Keyword EndOffset="19790" SrcFileId="27" StartOffset="19788"/>
<LocList>
<Loc EndOffset="20195" SrcFileId="27" StartOffset="19788"/>
</LocList>
<RootTerm CovItemId="C37" CovItemPrefix="group2.game.DrawGame.java" Intrnl_Id="2593">
<BasicBoolTerm Intrnl_Id="2594">
<LocList>
<Loc EndOffset="19803" SrcFileId="27" StartOffset="19791"/>
</LocList>
</BasicBoolTerm>
</RootTerm>
</CondStmnt>
</StmntSeq>
</Branch>
<Branch CovItemId="B54" CovItemPrefix="group2.game.DrawGame.java" Implct="true" Intrnl_Id="2595">
<Cond/>
<LocList/>
<StmntSeq Intrnl_Id="2596">
<LocList/>
</StmntSeq>
</Branch>
<Keyword EndOffset="19535" SrcFileId="27" StartOffset="19533"/>
<LocList>
<Loc EndOffset="20201" SrcFileId="27" StartOffset="19533"/>
</LocList>
<RootTerm CovItemId="C36" CovItemPrefix="group2.game.DrawGame.java" Intrnl_Id="2597">
<BasicBoolTerm Intrnl_Id="2598">
<LocList>
<Loc EndOffset="19544" SrcFileId="27" StartOffset="19537"/>
</LocList>
</BasicBoolTerm>
</RootTerm>
</CondStmnt>
</StmntSeq>
<Keyword EndOffset="19360" SrcFileId="27" StartOffset="19357"/>
<LocList>
<Loc EndOffset="20206" SrcFileId="27" StartOffset="19357"/>
</LocList>
<RootTerm CovItemId="C35" CovItemPrefix="group2.game.DrawGame.java" Intrnl_Id="2599">
<BasicBoolTerm Intrnl_Id="2600">
<LocList>
<Loc EndOffset="19400" SrcFileId="27" StartOffset="19373"/>
</LocList>
</BasicBoolTerm>
</RootTerm>
</LoopStmnt>
<LoopStmnt CovItemId="S207" CovItemPrefix="group2.game.DrawGame.java" Intrnl_Id="2601" MltplExecId="L15-2" MltplExecPrefix="group2.game.DrawGame.java" NvrExecId="L15-0" NvrExecPrefix="group2.game.DrawGame.java" OnceExecutedId="L15-1" OnceExecutedPrefix="group2.game.DrawGame.java" OptBodyExec="true">
<StmntSeq Intrnl_Id="2602">
<LocList>
<Loc EndOffset="20352" SrcFileId="27" StartOffset="20305"/>
<Loc EndOffset="20374" SrcFileId="27" StartOffset="20360"/>
<Loc EndOffset="24240" SrcFileId="27" StartOffset="20382"/>
</LocList>
<BasicStmnt CovItemId="S208" CovItemPrefix="group2.game.DrawGame.java" Intrnl_Id="2603">
<LocList>
<Loc EndOffset="20352" SrcFileId="27" StartOffset="20305"/>
</LocList>
</BasicStmnt>
<BasicStmnt CovItemId="S209" CovItemPrefix="group2.game.DrawGame.java" Intrnl_Id="2604">
<LocList>
<Loc EndOffset="20374" SrcFileId="27" StartOffset="20360"/>
</LocList>
</BasicStmnt>
<CondStmnt CovItemId="S210" CovItemPrefix="group2.game.DrawGame.java" Intrnl_Id="2605">
<Branch CovItemId="B57" CovItemPrefix="group2.game.DrawGame.java" Implct="false" Intrnl_Id="2606">
<Cond/>
<LocList>
<Loc EndOffset="23161" SrcFileId="27" StartOffset="20400"/>
</LocList>
<StmntSeq Intrnl_Id="2607">
<LocList>
<Loc EndOffset="20434" SrcFileId="27" StartOffset="20410"/>
<Loc EndOffset="21457" SrcFileId="27" StartOffset="20492"/>
<Loc EndOffset="22418" SrcFileId="27" StartOffset="21507"/>
<Loc EndOffset="22448" SrcFileId="27" StartOffset="22428"/>
<Loc EndOffset="22476" SrcFileId="27" StartOffset="22457"/>
<Loc EndOffset="22832" SrcFileId="27" StartOffset="22486"/>
<Loc EndOffset="22861" SrcFileId="27" StartOffset="22842"/>
<Loc EndOffset="22956" SrcFileId="27" StartOffset="22933"/>
<Loc EndOffset="23151" SrcFileId="27" StartOffset="22965"/>
</LocList>
<BasicStmnt CovItemId="S211" CovItemPrefix="group2.game.DrawGame.java" Intrnl_Id="2608">
<LocList>
<Loc EndOffset="20434" SrcFileId="27" StartOffset="20410"/>
</LocList>
</BasicStmnt>
<CondStmnt CovItemId="S212" CovItemPrefix="group2.game.DrawGame.java" Intrnl_Id="2609">
<Branch CovItemId="B59" CovItemPrefix="group2.game.DrawGame.java" Implct="false" Intrnl_Id="2610">
<Cond/>
<LocList>
<Loc EndOffset="21457" SrcFileId="27" StartOffset="20524"/>
</LocList>
<StmntSeq Intrnl_Id="2611">
<LocList>
<Loc EndOffset="20916" SrcFileId="27" StartOffset="20536"/>
<Loc EndOffset="21249" SrcFileId="27" StartOffset="20927"/>
<Loc EndOffset="21447" SrcFileId="27" StartOffset="21260"/>
</LocList>
<BasicStmnt CovItemId="S213" CovItemPrefix="group2.game.DrawGame.java" Intrnl_Id="2612">
<LocList>
<Loc EndOffset="20916" SrcFileId="27" StartOffset="20536"/>
</LocList>
</BasicStmnt>
<BasicStmnt CovItemId="S214" CovItemPrefix="group2.game.DrawGame.java" Intrnl_Id="2613">
<LocList>
<Loc EndOffset="21249" SrcFileId="27" StartOffset="20927"/>
</LocList>
</BasicStmnt>
<BasicStmnt CovItemId="S215" CovItemPrefix="group2.game.DrawGame.java" Intrnl_Id="2614">
<LocList>
<Loc EndOffset="21447" SrcFileId="27" StartOffset="21260"/>
</LocList>
</BasicStmnt>
</StmntSeq>
</Branch>
<Branch CovItemId="B60" CovItemPrefix="group2.game.DrawGame.java" Implct="true" Intrnl_Id="2615">
<Cond/>
<LocList/>
<StmntSeq Intrnl_Id="2616">
<LocList/>
</StmntSeq>
</Branch>
<Keyword EndOffset="20494" SrcFileId="27" StartOffset="20492"/>
<LocList>
<Loc EndOffset="21457" SrcFileId="27" StartOffset="20492"/>
</LocList>
<RootTerm CovItemId="C40" CovItemPrefix="group2.game.DrawGame.java" Intrnl_Id="2617">
<OpTerm BooleanOpId="34" Intrnl_Id="2618">
<OpTerm BooleanOpId="33" Intrnl_Id="2619">
<BasicBoolTerm Intrnl_Id="2620">
<LocList>
<Loc EndOffset="20507" SrcFileId="27" StartOffset="20497"/>
</LocList>
</BasicBoolTerm>
<LocList>
<Loc EndOffset="20497" SrcFileId="27" StartOffset="20496"/>
</LocList>
</OpTerm>
<BasicBoolTerm Intrnl_Id="2621">
<LocList>
<Loc EndOffset="20522" SrcFileId="27" StartOffset="20511"/>
</LocList>
</BasicBoolTerm>
<LocList>
<Loc EndOffset="20510" SrcFileId="27" StartOffset="20508"/>
</LocList>
</OpTerm>
</RootTerm>
</CondStmnt>
<CondStmnt CovItemId="S216" CovItemPrefix="group2.game.DrawGame.java" Intrnl_Id="2622">
<Branch CovItemId="B61" CovItemPrefix="group2.game.DrawGame.java" Implct="false" Intrnl_Id="2623">
<Cond/>
<LocList>
<Loc EndOffset="22418" SrcFileId="27" StartOffset="21538"/>
</LocList>
<StmntSeq Intrnl_Id="2624">
<LocList>
<Loc EndOffset="21883" SrcFileId="27" StartOffset="21549"/>
<Loc EndOffset="22216" SrcFileId="27" StartOffset="21894"/>
<Loc EndOffset="22407" SrcFileId="27" StartOffset="22227"/>
</LocList>
<BasicStmnt CovItemId="S217" CovItemPrefix="group2.game.DrawGame.java" Intrnl_Id="2625">
<LocList>
<Loc EndOffset="21883" SrcFileId="27" StartOffset="21549"/>
</LocList>
</BasicStmnt>
<BasicStmnt CovItemId="S218" CovItemPrefix="group2.game.DrawGame.java" Intrnl_Id="2626">
<LocList>
<Loc EndOffset="22216" SrcFileId="27" StartOffset="21894"/>
</LocList>
</BasicStmnt>
<BasicStmnt CovItemId="S219" CovItemPrefix="group2.game.DrawGame.java" Intrnl_Id="2627">
<LocList>
<Loc EndOffset="22407" SrcFileId="27" StartOffset="22227"/>
</LocList>
</BasicStmnt>
</StmntSeq>
</Branch>
<Branch CovItemId="B62" CovItemPrefix="group2.game.DrawGame.java" Implct="true" Intrnl_Id="2628">
<Cond/>
<LocList/>
<StmntSeq Intrnl_Id="2629">
<LocList/>
</StmntSeq>
</Branch>
<Keyword EndOffset="21509" SrcFileId="27" StartOffset="21507"/>
<LocList>
<Loc EndOffset="22418" SrcFileId="27" StartOffset="21507"/>
</LocList>
<RootTerm CovItemId="C41" CovItemPrefix="group2.game.DrawGame.java" Intrnl_Id="2630">
<OpTerm BooleanOpId="34" Intrnl_Id="2631">
<OpTerm BooleanOpId="33" Intrnl_Id="2632">
<BasicBoolTerm Intrnl_Id="2633">
<LocList>
<Loc EndOffset="21521" SrcFileId="27" StartOffset="21512"/>
</LocList>
</BasicBoolTerm>
<LocList>
<Loc EndOffset="21512" SrcFileId="27" StartOffset="21511"/>
</LocList>
</OpTerm>
<BasicBoolTerm Intrnl_Id="2634">
<LocList>
<Loc EndOffset="21536" SrcFileId="27" StartOffset="21525"/>
</LocList>
</BasicBoolTerm>
<LocList>
<Loc EndOffset="21524" SrcFileId="27" StartOffset="21522"/>
</LocList>
</OpTerm>
</RootTerm>
</CondStmnt>
<BasicStmnt CovItemId="S220" CovItemPrefix="group2.game.DrawGame.java" Intrnl_Id="2635">
<LocList>
<Loc EndOffset="22448" SrcFileId="27" StartOffset="22428"/>
</LocList>
</BasicStmnt>
<BasicStmnt CovItemId="S221" CovItemPrefix="group2.game.DrawGame.java" Intrnl_Id="2636">
<LocList>
<Loc EndOffset="22476" SrcFileId="27" StartOffset="22457"/>
</LocList>
</BasicStmnt>
<BasicStmnt CovItemId="S222" CovItemPrefix="group2.game.DrawGame.java" Intrnl_Id="2637">
<LocList>
<Loc EndOffset="22832" SrcFileId="27" StartOffset="22486"/>
</LocList>
</BasicStmnt>
<BasicStmnt CovItemId="S223" CovItemPrefix="group2.game.DrawGame.java" Intrnl_Id="2638">
<LocList>
<Loc EndOffset="22861" SrcFileId="27" StartOffset="22842"/>
</LocList>
</BasicStmnt>
<BasicStmnt CovItemId="S224" CovItemPrefix="group2.game.DrawGame.java" Intrnl_Id="2639">
<LocList>
<Loc EndOffset="22956" SrcFileId="27" StartOffset="22933"/>
</LocList>
</BasicStmnt>
<BasicStmnt CovItemId="S225" CovItemPrefix="group2.game.DrawGame.java" Intrnl_Id="2640">
<LocList>
<Loc EndOffset="23151" SrcFileId="27" StartOffset="22965"/>
</LocList>
</BasicStmnt>
</StmntSeq>
</Branch>
<Branch CovItemId="B58" CovItemPrefix="group2.game.DrawGame.java" Implct="false" Intrnl_Id="2641">
<Cond>
<Loc EndOffset="23166" SrcFileId="27" StartOffset="23162"/>
</Cond>
<LocList>
<Loc EndOffset="24240" SrcFileId="27" StartOffset="23167"/>
</LocList>
<StmntSeq Intrnl_Id="2642">
<LocList>
<Loc EndOffset="24240" SrcFileId="27" StartOffset="23167"/>
</LocList>
<CondStmnt CovItemId="S226" CovItemPrefix="group2.game.DrawGame.java" Intrnl_Id="2643">
<Branch CovItemId="B63" CovItemPrefix="group2.game.DrawGame.java" Implct="false" Intrnl_Id="2644">
<Cond/>
<LocList>
<Loc EndOffset="23571" SrcFileId="27" StartOffset="23191"/>
</LocList>
<StmntSeq Intrnl_Id="2645">
<LocList>
<Loc EndOffset="23223" SrcFileId="27" StartOffset="23201"/>
<Loc EndOffset="23413" SrcFileId="27" StartOffset="23233"/>
<Loc EndOffset="23436" SrcFileId="27" StartOffset="23422"/>
<Loc EndOffset="23561" SrcFileId="27" StartOffset="23445"/>
</LocList>
<BasicStmnt CovItemId="S227" CovItemPrefix="group2.game.DrawGame.java" Intrnl_Id="2646">
<LocList>
<Loc EndOffset="23223" SrcFileId="27" StartOffset="23201"/>
</LocList>
</BasicStmnt>
<BasicStmnt CovItemId="S228" CovItemPrefix="group2.game.DrawGame.java" Intrnl_Id="2647">
<LocList>
<Loc EndOffset="23413" SrcFileId="27" StartOffset="23233"/>
</LocList>
</BasicStmnt>
<BasicStmnt CovItemId="S229" CovItemPrefix="group2.game.DrawGame.java" Intrnl_Id="2648">
<LocList>
<Loc EndOffset="23436" SrcFileId="27" StartOffset="23422"/>
</LocList>
</BasicStmnt>
<BasicStmnt CovItemId="S230" CovItemPrefix="group2.game.DrawGame.java" Intrnl_Id="2649">
<LocList>
<Loc EndOffset="23561" SrcFileId="27" StartOffset="23445"/>
</LocList>
</BasicStmnt>
</StmntSeq>
</Branch>
<Branch CovItemId="B64" CovItemPrefix="group2.game.DrawGame.java" Implct="false" Intrnl_Id="2650">
<Cond>
<Loc EndOffset="23576" SrcFileId="27" StartOffset="23572"/>
</Cond>
<LocList>
<Loc EndOffset="24240" SrcFileId="27" StartOffset="23577"/>
</LocList>
<StmntSeq Intrnl_Id="2651">
<LocList>
<Loc EndOffset="23607" SrcFileId="27" StartOffset="23587"/>
<Loc EndOffset="23841" SrcFileId="27" StartOffset="23616"/>
<Loc EndOffset="24036" SrcFileId="27" StartOffset="23851"/>
<Loc EndOffset="24231" SrcFileId="27" StartOffset="24045"/>
</LocList>
<BasicStmnt CovItemId="S231" CovItemPrefix="group2.game.DrawGame.java" Intrnl_Id="2652">
<LocList>
<Loc EndOffset="23607" SrcFileId="27" StartOffset="23587"/>
</LocList>
</BasicStmnt>
<BasicStmnt CovItemId="S232" CovItemPrefix="group2.game.DrawGame.java" Intrnl_Id="2653">
<LocList>
<Loc EndOffset="23841" SrcFileId="27" StartOffset="23616"/>
</LocList>
</BasicStmnt>
<CondStmnt CovItemId="S233" CovItemPrefix="group2.game.DrawGame.java" Intrnl_Id="2654">
<Branch CovItemId="B65" CovItemPrefix="group2.game.DrawGame.java" Implct="false" Intrnl_Id="2655">
<Cond/>
<LocList>
<Loc EndOffset="24036" SrcFileId="27" StartOffset="23882"/>
</LocList>
<StmntSeq Intrnl_Id="2656">
<LocList>
<Loc EndOffset="24026" SrcFileId="27" StartOffset="23893"/>
</LocList>
<BasicStmnt CovItemId="S234" CovItemPrefix="group2.game.DrawGame.java" Intrnl_Id="2657">
<LocList>
<Loc EndOffset="24026" SrcFileId="27" StartOffset="23893"/>
</LocList>
</BasicStmnt>
</StmntSeq>
</Branch>
<Branch CovItemId="B66" CovItemPrefix="group2.game.DrawGame.java" Implct="true" Intrnl_Id="2658">
<Cond/>
<LocList/>
<StmntSeq Intrnl_Id="2659">
<LocList/>
</StmntSeq>
</Branch>
<Keyword EndOffset="23853" SrcFileId="27" StartOffset="23851"/>
<LocList>
<Loc EndOffset="24036" SrcFileId="27" StartOffset="23851"/>
</LocList>
<RootTerm CovItemId="C43" CovItemPrefix="group2.game.DrawGame.java" Intrnl_Id="2660">
<OpTerm BooleanOpId="34" Intrnl_Id="2661">
<OpTerm BooleanOpId="33" Intrnl_Id="2662">
<BasicBoolTerm Intrnl_Id="2663">
<LocList>
<Loc EndOffset="23865" SrcFileId="27" StartOffset="23856"/>
</LocList>
</BasicBoolTerm>
<LocList>
<Loc EndOffset="23856" SrcFileId="27" StartOffset="23855"/>
</LocList>
</OpTerm>
<BasicBoolTerm Intrnl_Id="2664">
<LocList>
<Loc EndOffset="23880" SrcFileId="27" StartOffset="23869"/>
</LocList>
</BasicBoolTerm>
<LocList>
<Loc EndOffset="23868" SrcFileId="27" StartOffset="23866"/>
</LocList>
</OpTerm>
</RootTerm>
</CondStmnt>
<CondStmnt CovItemId="S235" CovItemPrefix="group2.game.DrawGame.java" Intrnl_Id="2665">
<Branch CovItemId="B67" CovItemPrefix="group2.game.DrawGame.java" Implct="false" Intrnl_Id="2666">
<Cond/>
<LocList>
<Loc EndOffset="24231" SrcFileId="27" StartOffset="24077"/>
</LocList>
<StmntSeq Intrnl_Id="2667">
<LocList>
<Loc EndOffset="24221" SrcFileId="27" StartOffset="24088"/>
</LocList>
<BasicStmnt CovItemId="S236" CovItemPrefix="group2.game.DrawGame.java" Intrnl_Id="2668">
<LocList>
<Loc EndOffset="24221" SrcFileId="27" StartOffset="24088"/>
</LocList>
</BasicStmnt>
</StmntSeq>
</Branch>
<Branch CovItemId="B68" CovItemPrefix="group2.game.DrawGame.java" Implct="true" Intrnl_Id="2669">
<Cond/>
<LocList/>
<StmntSeq Intrnl_Id="2670">
<LocList/>
</StmntSeq>
</Branch>
<Keyword EndOffset="24047" SrcFileId="27" StartOffset="24045"/>
<LocList>
<Loc EndOffset="24231" SrcFileId="27" StartOffset="24045"/>
</LocList>
<RootTerm CovItemId="C44" CovItemPrefix="group2.game.DrawGame.java" Intrnl_Id="2671">
<OpTerm BooleanOpId="34" Intrnl_Id="2672">
<OpTerm BooleanOpId="33" Intrnl_Id="2673">
<BasicBoolTerm Intrnl_Id="2674">
<LocList>
<Loc EndOffset="24060" SrcFileId="27" StartOffset="24050"/>
</LocList>
</BasicBoolTerm>
<LocList>
<Loc EndOffset="24050" SrcFileId="27" StartOffset="24049"/>
</LocList>
</OpTerm>
<BasicBoolTerm Intrnl_Id="2675">
<LocList>
<Loc EndOffset="24075" SrcFileId="27" StartOffset="24064"/>
</LocList>
</BasicBoolTerm>
<LocList>
<Loc EndOffset="24063" SrcFileId="27" StartOffset="24061"/>
</LocList>
</OpTerm>
</RootTerm>
</CondStmnt>
</StmntSeq>
</Branch>
<Keyword EndOffset="23169" SrcFileId="27" StartOffset="23167"/>
<LocList>
<Loc EndOffset="24240" SrcFileId="27" StartOffset="23167"/>
</LocList>
<RootTerm CovItemId="C42" CovItemPrefix="group2.game.DrawGame.java" Intrnl_Id="2676">
<BasicBoolTerm Intrnl_Id="2677">
<LocList>
<Loc EndOffset="23189" SrcFileId="27" StartOffset="23171"/>
</LocList>
</BasicBoolTerm>
</RootTerm>
</CondStmnt>
</StmntSeq>
</Branch>
<Keyword EndOffset="20384" SrcFileId="27" StartOffset="20382"/>
<LocList>
<Loc EndOffset="24240" SrcFileId="27" StartOffset="20382"/>
</LocList>
<RootTerm CovItemId="C39" CovItemPrefix="group2.game.DrawGame.java" Intrnl_Id="2678">
<BasicBoolTerm Intrnl_Id="2679">
<LocList>
<Loc EndOffset="20398" SrcFileId="27" StartOffset="20386"/>
</LocList>
</BasicBoolTerm>
</RootTerm>
</CondStmnt>
</StmntSeq>
<Keyword EndOffset="20243" SrcFileId="27" StartOffset="20240"/>
<LocList>
<Loc EndOffset="24249" SrcFileId="27" StartOffset="20240"/>
</LocList>
<RootTerm CovItemId="C38" CovItemPrefix="group2.game.DrawGame.java" Intrnl_Id="2680">
<BasicBoolTerm Intrnl_Id="2681">
<LocList>
<Loc EndOffset="20289" SrcFileId="27" StartOffset="20256"/>
</LocList>
</BasicBoolTerm>
</RootTerm>
</LoopStmnt>
<CondStmnt CovItemId="S237" CovItemPrefix="group2.game.DrawGame.java" Intrnl_Id="2682">
<Branch CovItemId="B69" CovItemPrefix="group2.game.DrawGame.java" Implct="false" Intrnl_Id="2683">
<Cond/>
<LocList>
<Loc EndOffset="24582" SrcFileId="27" StartOffset="24435"/>
</LocList>
<StmntSeq Intrnl_Id="2684">
<LocList>
<Loc EndOffset="24484" SrcFileId="27" StartOffset="24441"/>
<Loc EndOffset="24509" SrcFileId="27" StartOffset="24489"/>
<Loc EndOffset="24577" SrcFileId="27" StartOffset="24514"/>
</LocList>
<BasicStmnt CovItemId="S238" CovItemPrefix="group2.game.DrawGame.java" Intrnl_Id="2685">
<LocList>
<Loc EndOffset="24484" SrcFileId="27" StartOffset="24441"/>
</LocList>
</BasicStmnt>
<BasicStmnt CovItemId="S239" CovItemPrefix="group2.game.DrawGame.java" Intrnl_Id="2686">
<LocList>
<Loc EndOffset="24509" SrcFileId="27" StartOffset="24489"/>
</LocList>
</BasicStmnt>
<BasicStmnt CovItemId="S240" CovItemPrefix="group2.game.DrawGame.java" Intrnl_Id="2687">
<LocList>
<Loc EndOffset="24577" SrcFileId="27" StartOffset="24514"/>
</LocList>
</BasicStmnt>
</StmntSeq>
</Branch>
<Branch CovItemId="B70" CovItemPrefix="group2.game.DrawGame.java" Implct="true" Intrnl_Id="2688">
<Cond/>
<LocList/>
<StmntSeq Intrnl_Id="2689">
<LocList/>
</StmntSeq>
</Branch>
<Keyword EndOffset="24378" SrcFileId="27" StartOffset="24376"/>
<LocList>
<Loc EndOffset="24582" SrcFileId="27" StartOffset="24376"/>
</LocList>
<RootTerm CovItemId="C45" CovItemPrefix="group2.game.DrawGame.java" Intrnl_Id="2690">
<OpTerm BooleanOpId="35" Intrnl_Id="2691">
<OpTerm BooleanOpId="35" Intrnl_Id="2692">
<BasicBoolTerm Intrnl_Id="2693">
<LocList>
<Loc EndOffset="24392" SrcFileId="27" StartOffset="24379"/>
</LocList>
</BasicBoolTerm>
<BasicBoolTerm Intrnl_Id="2694">
<LocList>
<Loc EndOffset="24417" SrcFileId="27" StartOffset="24396"/>
</LocList>
</BasicBoolTerm>
<LocList>
<Loc EndOffset="24395" SrcFileId="27" StartOffset="24393"/>
</LocList>
</OpTerm>
<BasicBoolTerm Intrnl_Id="2695">
<LocList>
<Loc EndOffset="24434" SrcFileId="27" StartOffset="24421"/>
</LocList>
</BasicBoolTerm>
<LocList>
<Loc EndOffset="24420" SrcFileId="27" StartOffset="24418"/>
</LocList>
</OpTerm>
</RootTerm>
</CondStmnt>
<CondStmnt CovItemId="S241" CovItemPrefix="group2.game.DrawGame.java" Intrnl_Id="2696">
<Branch CovItemId="B71" CovItemPrefix="group2.game.DrawGame.java" Implct="false" Intrnl_Id="2697">
<Cond/>
<LocList>
<Loc EndOffset="29543" SrcFileId="27" StartOffset="24707"/>
</LocList>
<StmntSeq Intrnl_Id="2698">
<LocList>
<Loc EndOffset="24761" SrcFileId="27" StartOffset="24713"/>
<Loc EndOffset="25084" SrcFileId="27" StartOffset="24766"/>
<Loc EndOffset="25112" SrcFileId="27" StartOffset="25089"/>
<Loc EndOffset="25276" SrcFileId="27" StartOffset="25117"/>
<Loc EndOffset="25321" SrcFileId="27" StartOffset="25281"/>
<Loc EndOffset="25346" SrcFileId="27" StartOffset="25326"/>
<Loc EndOffset="25510" SrcFileId="27" StartOffset="25351"/>
<Loc EndOffset="25539" SrcFileId="27" StartOffset="25515"/>
<Loc EndOffset="25558" SrcFileId="27" StartOffset="25544"/>
<Loc EndOffset="25674" SrcFileId="27" StartOffset="25563"/>
<Loc EndOffset="25703" SrcFileId="27" StartOffset="25679"/>
<Loc EndOffset="25885" SrcFileId="27" StartOffset="25708"/>
<Loc EndOffset="26067" SrcFileId="27" StartOffset="25890"/>
<Loc EndOffset="26249" SrcFileId="27" StartOffset="26072"/>
<Loc EndOffset="26431" SrcFileId="27" StartOffset="26254"/>
<Loc EndOffset="26596" SrcFileId="27" StartOffset="26436"/>
<Loc EndOffset="26761" SrcFileId="27" StartOffset="26601"/>
<Loc EndOffset="26926" SrcFileId="27" StartOffset="26766"/>
<Loc EndOffset="27091" SrcFileId="27" StartOffset="26931"/>
<Loc EndOffset="27110" SrcFileId="27" StartOffset="27096"/>
<Loc EndOffset="27228" SrcFileId="27" StartOffset="27115"/>
<Loc EndOffset="27346" SrcFileId="27" StartOffset="27233"/>
<Loc EndOffset="27464" SrcFileId="27" StartOffset="27351"/>
<Loc EndOffset="27582" SrcFileId="27" StartOffset="27469"/>
<Loc EndOffset="29538" SrcFileId="27" StartOffset="27642"/>
</LocList>
<BasicStmnt CovItemId="S242" CovItemPrefix="group2.game.DrawGame.java" Intrnl_Id="2699">
<LocList>
<Loc EndOffset="24761" SrcFileId="27" StartOffset="24713"/>
</LocList>
</BasicStmnt>
<CondStmnt CovItemId="S243" CovItemPrefix="group2.game.DrawGame.java" Intrnl_Id="2700">
<Branch CovItemId="B73" CovItemPrefix="group2.game.DrawGame.java" Implct="false" Intrnl_Id="2701">
<Cond/>
<LocList>
<Loc EndOffset="25084" SrcFileId="27" StartOffset="24782"/>
</LocList>
<StmntSeq Intrnl_Id="2702">
<LocList>
<Loc EndOffset="24838" SrcFileId="27" StartOffset="24790"/>
<Loc EndOffset="25051" SrcFileId="27" StartOffset="24844"/>
<Loc EndOffset="25078" SrcFileId="27" StartOffset="25057"/>
</LocList>
<BasicStmnt CovItemId="S244" CovItemPrefix="group2.game.DrawGame.java" Intrnl_Id="2703">
<LocList>
<Loc EndOffset="24838" SrcFileId="27" StartOffset="24790"/>
</LocList>
</BasicStmnt>
<LoopStmnt CovItemId="S245" CovItemPrefix="group2.game.DrawGame.java" Intrnl_Id="2704" MltplExecId="L16-2" MltplExecPrefix="group2.game.DrawGame.java" NvrExecId="L16-0" NvrExecPrefix="group2.game.DrawGame.java" OnceExecutedId="L16-1" OnceExecutedPrefix="group2.game.DrawGame.java" OptBodyExec="true">
<StmntSeq Intrnl_Id="2705">
<LocList>
<Loc EndOffset="25044" SrcFileId="27" StartOffset="24865"/>
</LocList>
<CondStmnt CovItemId="S246" CovItemPrefix="group2.game.DrawGame.java" Intrnl_Id="2706">
<Branch CovItemId="B75" CovItemPrefix="group2.game.DrawGame.java" Implct="false" Intrnl_Id="2707">
<Cond/>
<LocList>
<Loc EndOffset="24973" SrcFileId="27" StartOffset="24894"/>
</LocList>
<StmntSeq Intrnl_Id="2708">
<LocList>
<Loc EndOffset="24951" SrcFileId="27" StartOffset="24903"/>
<Loc EndOffset="24965" SrcFileId="27" StartOffset="24959"/>
</LocList>
<BasicStmnt CovItemId="S247" CovItemPrefix="group2.game.DrawGame.java" Intrnl_Id="2709">
<LocList>
<Loc EndOffset="24951" SrcFileId="27" StartOffset="24903"/>
</LocList>
</BasicStmnt>
<BasicStmnt CovItemId="S248" CovItemPrefix="group2.game.DrawGame.java" Intrnl_Id="2710">
<LocList>
<Loc EndOffset="24965" SrcFileId="27" StartOffset="24959"/>
</LocList>
</BasicStmnt>
</StmntSeq>
</Branch>
<Branch CovItemId="B76" CovItemPrefix="group2.game.DrawGame.java" Implct="false" Intrnl_Id="2711">
<Cond>
<Loc EndOffset="24978" SrcFileId="27" StartOffset="24974"/>
</Cond>
<LocList>
<Loc EndOffset="25044" SrcFileId="27" StartOffset="24979"/>
</LocList>
<StmntSeq Intrnl_Id="2712">
<LocList>
<Loc EndOffset="25036" SrcFileId="27" StartOffset="24988"/>
</LocList>
<BasicStmnt CovItemId="S249" CovItemPrefix="group2.game.DrawGame.java" Intrnl_Id="2713">
<LocList>
<Loc EndOffset="25036" SrcFileId="27" StartOffset="24988"/>
</LocList>
</BasicStmnt>
</StmntSeq>
</Branch>
<Keyword EndOffset="24867" SrcFileId="27" StartOffset="24865"/>
<LocList>
<Loc EndOffset="25044" SrcFileId="27" StartOffset="24865"/>
</LocList>
<RootTerm CovItemId="C49" CovItemPrefix="group2.game.DrawGame.java" Intrnl_Id="2714">
<BasicBoolTerm Intrnl_Id="2715">
<LocList>
<Loc EndOffset="24892" SrcFileId="27" StartOffset="24869"/>
</LocList>
</BasicBoolTerm>
</RootTerm>
</CondStmnt>
</StmntSeq>
<Keyword EndOffset="24849" SrcFileId="27" StartOffset="24844"/>
<LocList>
<Loc EndOffset="25051" SrcFileId="27" StartOffset="24844"/>
</LocList>
</LoopStmnt>
<BasicStmnt CovItemId="S250" CovItemPrefix="group2.game.DrawGame.java" Intrnl_Id="2716">
<LocList>
<Loc EndOffset="25078" SrcFileId="27" StartOffset="25057"/>
</LocList>
</BasicStmnt>
</StmntSeq>
</Branch>
<Branch CovItemId="B74" CovItemPrefix="group2.game.DrawGame.java" Implct="true" Intrnl_Id="2717">
<Cond/>
<LocList/>
<StmntSeq Intrnl_Id="2718">
<LocList/>
</StmntSeq>
</Branch>
<Keyword EndOffset="24768" SrcFileId="27" StartOffset="24766"/>
<LocList>
<Loc EndOffset="25084" SrcFileId="27" StartOffset="24766"/>
</LocList>
<RootTerm CovItemId="C47" CovItemPrefix="group2.game.DrawGame.java" Intrnl_Id="2719">
<BasicBoolTerm Intrnl_Id="2720">
<LocList>
<Loc EndOffset="24781" SrcFileId="27" StartOffset="24769"/>
</LocList>
</BasicBoolTerm>
</RootTerm>
</CondStmnt>
<BasicStmnt CovItemId="S251" CovItemPrefix="group2.game.DrawGame.java" Intrnl_Id="2721">
<LocList>
<Loc EndOffset="25112" SrcFileId="27" StartOffset="25089"/>
</LocList>
</BasicStmnt>
<BasicStmnt CovItemId="S252" CovItemPrefix="group2.game.DrawGame.java" Intrnl_Id="2722">
<LocList>
<Loc EndOffset="25276" SrcFileId="27" StartOffset="25117"/>
</LocList>
</BasicStmnt>
<BasicStmnt CovItemId="S253" CovItemPrefix="group2.game.DrawGame.java" Intrnl_Id="2723">
<LocList>
<Loc EndOffset="25321" SrcFileId="27" StartOffset="25281"/>
</LocList>
</BasicStmnt>
<BasicStmnt CovItemId="S254" CovItemPrefix="group2.game.DrawGame.java" Intrnl_Id="2724">
<LocList>
<Loc EndOffset="25346" SrcFileId="27" StartOffset="25326"/>
</LocList>
</BasicStmnt>
<BasicStmnt CovItemId="S255" CovItemPrefix="group2.game.DrawGame.java" Intrnl_Id="2725">
<LocList>
<Loc EndOffset="25510" SrcFileId="27" StartOffset="25351"/>
</LocList>
</BasicStmnt>
<BasicStmnt CovItemId="S256" CovItemPrefix="group2.game.DrawGame.java" Intrnl_Id="2726">
<LocList>
<Loc EndOffset="25539" SrcFileId="27" StartOffset="25515"/>
</LocList>
</BasicStmnt>
<BasicStmnt CovItemId="S257" CovItemPrefix="group2.game.DrawGame.java" Intrnl_Id="2727">
<LocList>
<Loc EndOffset="25558" SrcFileId="27" StartOffset="25544"/>
</LocList>
</BasicStmnt>
<BasicStmnt CovItemId="S258" CovItemPrefix="group2.game.DrawGame.java" Intrnl_Id="2728">
<LocList>
<Loc EndOffset="25674" SrcFileId="27" StartOffset="25563"/>
</LocList>
</BasicStmnt>
<BasicStmnt CovItemId="S259" CovItemPrefix="group2.game.DrawGame.java" Intrnl_Id="2729">
<LocList>
<Loc EndOffset="25703" SrcFileId="27" StartOffset="25679"/>
</LocList>
</BasicStmnt>
<BasicStmnt CovItemId="S260" CovItemPrefix="group2.game.DrawGame.java" Intrnl_Id="2730">
<LocList>
<Loc EndOffset="25885" SrcFileId="27" StartOffset="25708"/>
</LocList>
</BasicStmnt>
<BasicStmnt CovItemId="S261" CovItemPrefix="group2.game.DrawGame.java" Intrnl_Id="2731">
<LocList>
<Loc EndOffset="26067" SrcFileId="27" StartOffset="25890"/>
</LocList>
</BasicStmnt>
<BasicStmnt CovItemId="S262" CovItemPrefix="group2.game.DrawGame.java" Intrnl_Id="2732">
<LocList>
<Loc EndOffset="26249" SrcFileId="27" StartOffset="26072"/>
</LocList>
</BasicStmnt>
<BasicStmnt CovItemId="S263" CovItemPrefix="group2.game.DrawGame.java" Intrnl_Id="2733">
<LocList>
<Loc EndOffset="26431" SrcFileId="27" StartOffset="26254"/>
</LocList>
</BasicStmnt>
<BasicStmnt CovItemId="S264" CovItemPrefix="group2.game.DrawGame.java" Intrnl_Id="2734">
<LocList>
<Loc EndOffset="26596" SrcFileId="27" StartOffset="26436"/>
</LocList>
</BasicStmnt>
<BasicStmnt CovItemId="S265" CovItemPrefix="group2.game.DrawGame.java" Intrnl_Id="2735">
<LocList>
<Loc EndOffset="26761" SrcFileId="27" StartOffset="26601"/>
</LocList>
</BasicStmnt>
<BasicStmnt CovItemId="S266" CovItemPrefix="group2.game.DrawGame.java" Intrnl_Id="2736">
<LocList>
<Loc EndOffset="26926" SrcFileId="27" StartOffset="26766"/>
</LocList>
</BasicStmnt>
<BasicStmnt CovItemId="S267" CovItemPrefix="group2.game.DrawGame.java" Intrnl_Id="2737">
<LocList>
<Loc EndOffset="27091" SrcFileId="27" StartOffset="26931"/>
</LocList>
</BasicStmnt>
<BasicStmnt CovItemId="S268" CovItemPrefix="group2.game.DrawGame.java" Intrnl_Id="2738">
<LocList>
<Loc EndOffset="27110" SrcFileId="27" StartOffset="27096"/>
</LocList>
</BasicStmnt>
<BasicStmnt CovItemId="S269" CovItemPrefix="group2.game.DrawGame.java" Intrnl_Id="2739">
<LocList>
<Loc EndOffset="27228" SrcFileId="27" StartOffset="27115"/>
</LocList>
</BasicStmnt>
<BasicStmnt CovItemId="S270" CovItemPrefix="group2.game.DrawGame.java" Intrnl_Id="2740">
<LocList>
<Loc EndOffset="27346" SrcFileId="27" StartOffset="27233"/>
</LocList>
</BasicStmnt>
<BasicStmnt CovItemId="S271" CovItemPrefix="group2.game.DrawGame.java" Intrnl_Id="2741">
<LocList>
<Loc EndOffset="27464" SrcFileId="27" StartOffset="27351"/>
</LocList>
</BasicStmnt>
<BasicStmnt CovItemId="S272" CovItemPrefix="group2.game.DrawGame.java" Intrnl_Id="2742">
<LocList>
<Loc EndOffset="27582" SrcFileId="27" StartOffset="27469"/>
</LocList>
</BasicStmnt>
<CondStmnt CovItemId="S273" CovItemPrefix="group2.game.DrawGame.java" Intrnl_Id="2743">
<Branch CovItemId="B77" CovItemPrefix="group2.game.DrawGame.java" Implct="false" Intrnl_Id="2744">
<Cond/>
<LocList>
<Loc EndOffset="29538" SrcFileId="27" StartOffset="27659"/>
</LocList>
<StmntSeq Intrnl_Id="2745">
<LocList>
<Loc EndOffset="27691" SrcFileId="27" StartOffset="27666"/>
<Loc EndOffset="27896" SrcFileId="27" StartOffset="27697"/>
<Loc EndOffset="28101" SrcFileId="27" StartOffset="27902"/>
<Loc EndOffset="28306" SrcFileId="27" StartOffset="28107"/>
<Loc EndOffset="28511" SrcFileId="27" StartOffset="28312"/>
<Loc EndOffset="28688" SrcFileId="27" StartOffset="28517"/>
<Loc EndOffset="28865" SrcFileId="27" StartOffset="28694"/>
<Loc EndOffset="29042" SrcFileId="27" StartOffset="28871"/>
<Loc EndOffset="29219" SrcFileId="27" StartOffset="29048"/>
<Loc EndOffset="29247" SrcFileId="27" StartOffset="29225"/>
<Loc EndOffset="29267" SrcFileId="27" StartOffset="29253"/>
<Loc EndOffset="29398" SrcFileId="27" StartOffset="29273"/>
<Loc EndOffset="29532" SrcFileId="27" StartOffset="29404"/>
</LocList>
<BasicStmnt CovItemId="S274" CovItemPrefix="group2.game.DrawGame.java" Intrnl_Id="2746">
<LocList>
<Loc EndOffset="27691" SrcFileId="27" StartOffset="27666"/>
</LocList>
</BasicStmnt>
<BasicStmnt CovItemId="S275" CovItemPrefix="group2.game.DrawGame.java" Intrnl_Id="2747">
<LocList>
<Loc EndOffset="27896" SrcFileId="27" StartOffset="27697"/>
</LocList>
</BasicStmnt>
<BasicStmnt CovItemId="S276" CovItemPrefix="group2.game.DrawGame.java" Intrnl_Id="2748">
<LocList>
<Loc EndOffset="28101" SrcFileId="27" StartOffset="27902"/>
</LocList>
</BasicStmnt>
<BasicStmnt CovItemId="S277" CovItemPrefix="group2.game.DrawGame.java" Intrnl_Id="2749">
<LocList>
<Loc EndOffset="28306" SrcFileId="27" StartOffset="28107"/>
</LocList>
</BasicStmnt>
<BasicStmnt CovItemId="S278" CovItemPrefix="group2.game.DrawGame.java" Intrnl_Id="2750">
<LocList>
<Loc EndOffset="28511" SrcFileId="27" StartOffset="28312"/>
</LocList>
</BasicStmnt>
<BasicStmnt CovItemId="S279" CovItemPrefix="group2.game.DrawGame.java" Intrnl_Id="2751">
<LocList>
<Loc EndOffset="28688" SrcFileId="27" StartOffset="28517"/>
</LocList>
</BasicStmnt>
<BasicStmnt CovItemId="S280" CovItemPrefix="group2.game.DrawGame.java" Intrnl_Id="2752">
<LocList>
<Loc EndOffset="28865" SrcFileId="27" StartOffset="28694"/>
</LocList>
</BasicStmnt>
<BasicStmnt CovItemId="S281" CovItemPrefix="group2.game.DrawGame.java" Intrnl_Id="2753">
<LocList>
<Loc EndOffset="29042" SrcFileId="27" StartOffset="28871"/>
</LocList>
</BasicStmnt>
<BasicStmnt CovItemId="S282" CovItemPrefix="group2.game.DrawGame.java" Intrnl_Id="2754">
<LocList>
<Loc EndOffset="29219" SrcFileId="27" StartOffset="29048"/>
</LocList>
</BasicStmnt>
<BasicStmnt CovItemId="S283" CovItemPrefix="group2.game.DrawGame.java" Intrnl_Id="2755">
<LocList>
<Loc EndOffset="29247" SrcFileId="27" StartOffset="29225"/>
</LocList>
</BasicStmnt>
<BasicStmnt CovItemId="S284" CovItemPrefix="group2.game.DrawGame.java" Intrnl_Id="2756">
<LocList>
<Loc EndOffset="29267" SrcFileId="27" StartOffset="29253"/>
</LocList>
</BasicStmnt>
<BasicStmnt CovItemId="S285" CovItemPrefix="group2.game.DrawGame.java" Intrnl_Id="2757">
<LocList>
<Loc EndOffset="29398" SrcFileId="27" StartOffset="29273"/>
</LocList>
</BasicStmnt>
<BasicStmnt CovItemId="S286" CovItemPrefix="group2.game.DrawGame.java" Intrnl_Id="2758">
<LocList>
<Loc EndOffset="29532" SrcFileId="27" StartOffset="29404"/>
</LocList>
</BasicStmnt>
</StmntSeq>
</Branch>
<Branch CovItemId="B78" CovItemPrefix="group2.game.DrawGame.java" Implct="true" Intrnl_Id="2759">
<Cond/>
<LocList/>
<StmntSeq Intrnl_Id="2760">
<LocList/>
</StmntSeq>
</Branch>
<Keyword EndOffset="27644" SrcFileId="27" StartOffset="27642"/>
<LocList>
<Loc EndOffset="29538" SrcFileId="27" StartOffset="27642"/>
</LocList>
<RootTerm CovItemId="C50" CovItemPrefix="group2.game.DrawGame.java" Intrnl_Id="2761">
<OpTerm BooleanOpId="33" Intrnl_Id="2762">
<BasicBoolTerm Intrnl_Id="2763">
<LocList>
<Loc EndOffset="27657" SrcFileId="27" StartOffset="27647"/>
</LocList>
</BasicBoolTerm>
<LocList>
<Loc EndOffset="27647" SrcFileId="27" StartOffset="27646"/>
</LocList>
</OpTerm>
</RootTerm>
</CondStmnt>
</StmntSeq>
</Branch>
<Branch CovItemId="B72" CovItemPrefix="group2.game.DrawGame.java" Implct="true" Intrnl_Id="2764">
<Cond/>
<LocList/>
<StmntSeq Intrnl_Id="2765">
<LocList/>
</StmntSeq>
</Branch>
<Keyword EndOffset="24690" SrcFileId="27" StartOffset="24688"/>
<LocList>
<Loc EndOffset="29543" SrcFileId="27" StartOffset="24688"/>
</LocList>
<RootTerm CovItemId="C46" CovItemPrefix="group2.game.DrawGame.java" Intrnl_Id="2766">
<BasicBoolTerm Intrnl_Id="2767">
<LocList>
<Loc EndOffset="24705" SrcFileId="27" StartOffset="24692"/>
</LocList>
</BasicBoolTerm>
</RootTerm>
</CondStmnt>
<CondStmnt CovItemId="S287" CovItemPrefix="group2.game.DrawGame.java" Intrnl_Id="2768">
<Branch CovItemId="B79" CovItemPrefix="group2.game.DrawGame.java" Implct="false" Intrnl_Id="2769">
<Cond/>
<LocList>
<Loc EndOffset="30799" SrcFileId="27" StartOffset="29578"/>
</LocList>
<StmntSeq Intrnl_Id="2770">
<LocList>
<Loc EndOffset="29632" SrcFileId="27" StartOffset="29584"/>
<Loc EndOffset="29657" SrcFileId="27" StartOffset="29637"/>
<Loc EndOffset="29685" SrcFileId="27" StartOffset="29662"/>
<Loc EndOffset="29849" SrcFileId="27" StartOffset="29690"/>
<Loc EndOffset="29878" SrcFileId="27" StartOffset="29854"/>
<Loc EndOffset="29897" SrcFileId="27" StartOffset="29883"/>
<Loc EndOffset="30020" SrcFileId="27" StartOffset="29902"/>
<Loc EndOffset="30359" SrcFileId="27" StartOffset="30025"/>
<Loc EndOffset="30545" SrcFileId="27" StartOffset="30364"/>
<Loc EndOffset="30794" SrcFileId="27" StartOffset="30550"/>
</LocList>
<BasicStmnt CovItemId="S288" CovItemPrefix="group2.game.DrawGame.java" Intrnl_Id="2771">
<LocList>
<Loc EndOffset="29632" SrcFileId="27" StartOffset="29584"/>
</LocList>
</BasicStmnt>
<BasicStmnt CovItemId="S289" CovItemPrefix="group2.game.DrawGame.java" Intrnl_Id="2772">
<LocList>
<Loc EndOffset="29657" SrcFileId="27" StartOffset="29637"/>
</LocList>
</BasicStmnt>
<BasicStmnt CovItemId="S290" CovItemPrefix="group2.game.DrawGame.java" Intrnl_Id="2773">
<LocList>
<Loc EndOffset="29685" SrcFileId="27" StartOffset="29662"/>
</LocList>
</BasicStmnt>
<BasicStmnt CovItemId="S291" CovItemPrefix="group2.game.DrawGame.java" Intrnl_Id="2774">
<LocList>
<Loc EndOffset="29849" SrcFileId="27" StartOffset="29690"/>
</LocList>
</BasicStmnt>
<BasicStmnt CovItemId="S292" CovItemPrefix="group2.game.DrawGame.java" Intrnl_Id="2775">
<LocList>
<Loc EndOffset="29878" SrcFileId="27" StartOffset="29854"/>
</LocList>
</BasicStmnt>
<BasicStmnt CovItemId="S293" CovItemPrefix="group2.game.DrawGame.java" Intrnl_Id="2776">
<LocList>
<Loc EndOffset="29897" SrcFileId="27" StartOffset="29883"/>
</LocList>
</BasicStmnt>
<BasicStmnt CovItemId="S294" CovItemPrefix="group2.game.DrawGame.java" Intrnl_Id="2777">
<LocList>
<Loc EndOffset="30020" SrcFileId="27" StartOffset="29902"/>
</LocList>
</BasicStmnt>
<CondStmnt CovItemId="S295" CovItemPrefix="group2.game.DrawGame.java" Intrnl_Id="2778">
<Branch CovItemId="B81" CovItemPrefix="group2.game.DrawGame.java" Implct="false" Intrnl_Id="2779">
<Cond/>
<LocList>
<Loc EndOffset="30359" SrcFileId="27" StartOffset="30056"/>
</LocList>
<StmntSeq Intrnl_Id="2780">
<LocList>
<Loc EndOffset="30205" SrcFileId="27" StartOffset="30063"/>
<Loc EndOffset="30353" SrcFileId="27" StartOffset="30211"/>
</LocList>
<BasicStmnt CovItemId="S296" CovItemPrefix="group2.game.DrawGame.java" Intrnl_Id="2781">
<LocList>
<Loc EndOffset="30205" SrcFileId="27" StartOffset="30063"/>
</LocList>
</BasicStmnt>
<BasicStmnt CovItemId="S297" CovItemPrefix="group2.game.DrawGame.java" Intrnl_Id="2782">
<LocList>
<Loc EndOffset="30353" SrcFileId="27" StartOffset="30211"/>
</LocList>
</BasicStmnt>
</StmntSeq>
</Branch>
<Branch CovItemId="B82" CovItemPrefix="group2.game.DrawGame.java" Implct="true" Intrnl_Id="2783">
<Cond/>
<LocList/>
<StmntSeq Intrnl_Id="2784">
<LocList/>
</StmntSeq>
</Branch>
<Keyword EndOffset="30027" SrcFileId="27" StartOffset="30025"/>
<LocList>
<Loc EndOffset="30359" SrcFileId="27" StartOffset="30025"/>
</LocList>
<RootTerm CovItemId="C52" CovItemPrefix="group2.game.DrawGame.java" Intrnl_Id="2785">
<BasicBoolTerm Intrnl_Id="2786">
<LocList>
<Loc EndOffset="30055" SrcFileId="27" StartOffset="30028"/>
</LocList>
</BasicBoolTerm>
</RootTerm>
</CondStmnt>
<BasicStmnt CovItemId="S298" CovItemPrefix="group2.game.DrawGame.java" Intrnl_Id="2787">
<LocList>
<Loc EndOffset="30545" SrcFileId="27" StartOffset="30364"/>
</LocList>
</BasicStmnt>
<CondStmnt CovItemId="S299" CovItemPrefix="group2.game.DrawGame.java" Intrnl_Id="2788">
<Branch CovItemId="B83" CovItemPrefix="group2.game.DrawGame.java" Implct="false" Intrnl_Id="2789">
<Cond/>
<LocList>
<Loc EndOffset="30645" SrcFileId="27" StartOffset="30580"/>
</LocList>
<StmntSeq Intrnl_Id="2790">
<LocList>
<Loc EndOffset="30639" SrcFileId="27" StartOffset="30587"/>
</LocList>
<BasicStmnt CovItemId="S300" CovItemPrefix="group2.game.DrawGame.java" Intrnl_Id="2791">
<LocList>
<Loc EndOffset="30639" SrcFileId="27" StartOffset="30587"/>
</LocList>
</BasicStmnt>
</StmntSeq>
</Branch>
<Branch CovItemId="B84" CovItemPrefix="group2.game.DrawGame.java" Implct="false" Intrnl_Id="2792">
<Cond>
<Loc EndOffset="30658" SrcFileId="27" StartOffset="30654"/>
</Cond>
<LocList>
<Loc EndOffset="30794" SrcFileId="27" StartOffset="30659"/>
</LocList>
<StmntSeq Intrnl_Id="2793">
<LocList>
<Loc EndOffset="30794" SrcFileId="27" StartOffset="30659"/>
</LocList>
<CondStmnt CovItemId="S301" CovItemPrefix="group2.game.DrawGame.java" Intrnl_Id="2794">
<Branch CovItemId="B85" CovItemPrefix="group2.game.DrawGame.java" Implct="false" Intrnl_Id="2795">
<Cond/>
<LocList>
<Loc EndOffset="30794" SrcFileId="27" StartOffset="30721"/>
</LocList>
<StmntSeq Intrnl_Id="2796">
<LocList>
<Loc EndOffset="30758" SrcFileId="27" StartOffset="30728"/>
<Loc EndOffset="30788" SrcFileId="27" StartOffset="30764"/>
</LocList>
<BasicStmnt CovItemId="S302" CovItemPrefix="group2.game.DrawGame.java" Intrnl_Id="2797">
<LocList>
<Loc EndOffset="30758" SrcFileId="27" StartOffset="30728"/>
</LocList>
</BasicStmnt>
<BasicStmnt CovItemId="S303" CovItemPrefix="group2.game.DrawGame.java" Intrnl_Id="2798">
<LocList>
<Loc EndOffset="30788" SrcFileId="27" StartOffset="30764"/>
</LocList>
</BasicStmnt>
</StmntSeq>
</Branch>
<Branch CovItemId="B86" CovItemPrefix="group2.game.DrawGame.java" Implct="true" Intrnl_Id="2799">
<Cond/>
<LocList/>
<StmntSeq Intrnl_Id="2800">
<LocList/>
</StmntSeq>
</Branch>
<Keyword EndOffset="30661" SrcFileId="27" StartOffset="30659"/>
<LocList>
<Loc EndOffset="30794" SrcFileId="27" StartOffset="30659"/>
</LocList>
<RootTerm CovItemId="C54" CovItemPrefix="group2.game.DrawGame.java" Intrnl_Id="2801">
<BasicBoolTerm Intrnl_Id="2802">
<LocList>
<Loc EndOffset="30720" SrcFileId="27" StartOffset="30662"/>
</LocList>
</BasicBoolTerm>
</RootTerm>
</CondStmnt>
</StmntSeq>
</Branch>
<Keyword EndOffset="30552" SrcFileId="27" StartOffset="30550"/>
<LocList>
<Loc EndOffset="30794" SrcFileId="27" StartOffset="30550"/>
</LocList>
<RootTerm CovItemId="C53" CovItemPrefix="group2.game.DrawGame.java" Intrnl_Id="2803">
<BasicBoolTerm Intrnl_Id="2804">
<LocList>
<Loc EndOffset="30579" SrcFileId="27" StartOffset="30553"/>
</LocList>
</BasicBoolTerm>
</RootTerm>
</CondStmnt>
</StmntSeq>
</Branch>
<Branch CovItemId="B80" CovItemPrefix="group2.game.DrawGame.java" Implct="true" Intrnl_Id="2805">
<Cond/>
<LocList/>
<StmntSeq Intrnl_Id="2806">
<LocList/>
</StmntSeq>
</Branch>
<Keyword EndOffset="29553" SrcFileId="27" StartOffset="29551"/>
<LocList>
<Loc EndOffset="30799" SrcFileId="27" StartOffset="29551"/>
</LocList>
<RootTerm CovItemId="C51" CovItemPrefix="group2.game.DrawGame.java" Intrnl_Id="2807">
<BasicBoolTerm Intrnl_Id="2808">
<LocList>
<Loc EndOffset="29576" SrcFileId="27" StartOffset="29555"/>
</LocList>
</BasicBoolTerm>
</RootTerm>
</CondStmnt>
<CondStmnt CovItemId="S304" CovItemPrefix="group2.game.DrawGame.java" Intrnl_Id="2809">
<Branch CovItemId="B87" CovItemPrefix="group2.game.DrawGame.java" Implct="false" Intrnl_Id="2810">
<Cond/>
<LocList>
<Loc EndOffset="35442" SrcFileId="27" StartOffset="30878"/>
</LocList>
<StmntSeq Intrnl_Id="2811">
<LocList>
<Loc EndOffset="30908" SrcFileId="27" StartOffset="30885"/>
<Loc EndOffset="31074" SrcFileId="27" StartOffset="30913"/>
<Loc EndOffset="31103" SrcFileId="27" StartOffset="31079"/>
<Loc EndOffset="31122" SrcFileId="27" StartOffset="31108"/>
<Loc EndOffset="31244" SrcFileId="27" StartOffset="31127"/>
<Loc EndOffset="31436" SrcFileId="27" StartOffset="31250"/>
<Loc EndOffset="31456" SrcFileId="27" StartOffset="31442"/>
<Loc EndOffset="31484" SrcFileId="27" StartOffset="31461"/>
<Loc EndOffset="31584" SrcFileId="27" StartOffset="31490"/>
<Loc EndOffset="31843" SrcFileId="27" StartOffset="31589"/>
<Loc EndOffset="31950" SrcFileId="27" StartOffset="31849"/>
<Loc EndOffset="32223" SrcFileId="27" StartOffset="31955"/>
<Loc EndOffset="32251" SrcFileId="27" StartOffset="32229"/>
<Loc EndOffset="32350" SrcFileId="27" StartOffset="32256"/>
<Loc EndOffset="32626" SrcFileId="27" StartOffset="32355"/>
<Loc EndOffset="32732" SrcFileId="27" StartOffset="32631"/>
<Loc EndOffset="33022" SrcFileId="27" StartOffset="32737"/>
<Loc EndOffset="33042" SrcFileId="27" StartOffset="33028"/>
<Loc EndOffset="33072" SrcFileId="27" StartOffset="33048"/>
<Loc EndOffset="33261" SrcFileId="27" StartOffset="33077"/>
<Loc EndOffset="33291" SrcFileId="27" StartOffset="33267"/>
<Loc EndOffset="33310" SrcFileId="27" StartOffset="33296"/>
<Loc EndOffset="33426" SrcFileId="27" StartOffset="33315"/>
<Loc EndOffset="33455" SrcFileId="27" StartOffset="33436"/>
<Loc EndOffset="33649" SrcFileId="27" StartOffset="33460"/>
<Loc EndOffset="33671" SrcFileId="27" StartOffset="33655"/>
<Loc EndOffset="33873" SrcFileId="27" StartOffset="33688"/>
<Loc EndOffset="33900" SrcFileId="27" StartOffset="33891"/>
<Loc EndOffset="34090" SrcFileId="27" StartOffset="33905"/>
<Loc EndOffset="34118" SrcFileId="27" StartOffset="34109"/>
<Loc EndOffset="34308" SrcFileId="27" StartOffset="34123"/>
<Loc EndOffset="34335" SrcFileId="27" StartOffset="34326"/>
<Loc EndOffset="34525" SrcFileId="27" StartOffset="34340"/>
<Loc EndOffset="34685" SrcFileId="27" StartOffset="34600"/>
<Loc EndOffset="34856" SrcFileId="27" StartOffset="34691"/>
<Loc EndOffset="34958" SrcFileId="27" StartOffset="34862"/>
<Loc EndOffset="35085" SrcFileId="27" StartOffset="34964"/>
<Loc EndOffset="35187" SrcFileId="27" StartOffset="35091"/>
<Loc EndOffset="35216" SrcFileId="27" StartOffset="35193"/>
<Loc EndOffset="35391" SrcFileId="27" StartOffset="35223"/>
<Loc EndOffset="35436" SrcFileId="27" StartOffset="34589"/>
</LocList>
<BasicStmnt CovItemId="S305" CovItemPrefix="group2.game.DrawGame.java" Intrnl_Id="2812">
<LocList>
<Loc EndOffset="30908" SrcFileId="27" StartOffset="30885"/>
</LocList>
</BasicStmnt>
<BasicStmnt CovItemId="S306" CovItemPrefix="group2.game.DrawGame.java" Intrnl_Id="2813">
<LocList>
<Loc EndOffset="31074" SrcFileId="27" StartOffset="30913"/>
</LocList>
</BasicStmnt>
<BasicStmnt CovItemId="S307" CovItemPrefix="group2.game.DrawGame.java" Intrnl_Id="2814">
<LocList>
<Loc EndOffset="31103" SrcFileId="27" StartOffset="31079"/>
</LocList>
</BasicStmnt>
<BasicStmnt CovItemId="S308" CovItemPrefix="group2.game.DrawGame.java" Intrnl_Id="2815">
<LocList>
<Loc EndOffset="31122" SrcFileId="27" StartOffset="31108"/>
</LocList>
</BasicStmnt>
<BasicStmnt CovItemId="S309" CovItemPrefix="group2.game.DrawGame.java" Intrnl_Id="2816">
<LocList>
<Loc EndOffset="31244" SrcFileId="27" StartOffset="31127"/>
</LocList>
</BasicStmnt>
<BasicStmnt CovItemId="S310" CovItemPrefix="group2.game.DrawGame.java" Intrnl_Id="2817">
<LocList>
<Loc EndOffset="31436" SrcFileId="27" StartOffset="31250"/>
</LocList>
</BasicStmnt>
<BasicStmnt CovItemId="S311" CovItemPrefix="group2.game.DrawGame.java" Intrnl_Id="2818">
<LocList>
<Loc EndOffset="31456" SrcFileId="27" StartOffset="31442"/>
</LocList>
</BasicStmnt>
<BasicStmnt CovItemId="S312" CovItemPrefix="group2.game.DrawGame.java" Intrnl_Id="2819">
<LocList>
<Loc EndOffset="31484" SrcFileId="27" StartOffset="31461"/>
</LocList>
</BasicStmnt>
<BasicStmnt CovItemId="S313" CovItemPrefix="group2.game.DrawGame.java" Intrnl_Id="2820">
<LocList>
<Loc EndOffset="31584" SrcFileId="27" StartOffset="31490"/>
</LocList>
</BasicStmnt>
<BasicStmnt CovItemId="S314" CovItemPrefix="group2.game.DrawGame.java" Intrnl_Id="2821">
<LocList>
<Loc EndOffset="31843" SrcFileId="27" StartOffset="31589"/>
</LocList>
</BasicStmnt>
<BasicStmnt CovItemId="S315" CovItemPrefix="group2.game.DrawGame.java" Intrnl_Id="2822">
<LocList>
<Loc EndOffset="31950" SrcFileId="27" StartOffset="31849"/>
</LocList>
</BasicStmnt>
<BasicStmnt CovItemId="S316" CovItemPrefix="group2.game.DrawGame.java" Intrnl_Id="2823">
<LocList>
<Loc EndOffset="32223" SrcFileId="27" StartOffset="31955"/>
</LocList>
</BasicStmnt>
<BasicStmnt CovItemId="S317" CovItemPrefix="group2.game.DrawGame.java" Intrnl_Id="2824">
<LocList>
<Loc EndOffset="32251" SrcFileId="27" StartOffset="32229"/>
</LocList>
</BasicStmnt>
<BasicStmnt CovItemId="S318" CovItemPrefix="group2.game.DrawGame.java" Intrnl_Id="2825">
<LocList>
<Loc EndOffset="32350" SrcFileId="27" StartOffset="32256"/>
</LocList>
</BasicStmnt>
<BasicStmnt CovItemId="S319" CovItemPrefix="group2.game.DrawGame.java" Intrnl_Id="2826">
<LocList>
<Loc EndOffset="32626" SrcFileId="27" StartOffset="32355"/>
</LocList>
</BasicStmnt>
<BasicStmnt CovItemId="S320" CovItemPrefix="group2.game.DrawGame.java" Intrnl_Id="2827">
<LocList>
<Loc EndOffset="32732" SrcFileId="27" StartOffset="32631"/>
</LocList>
</BasicStmnt>
<BasicStmnt CovItemId="S321" CovItemPrefix="group2.game.DrawGame.java" Intrnl_Id="2828">
<LocList>
<Loc EndOffset="33022" SrcFileId="27" StartOffset="32737"/>
</LocList>
</BasicStmnt>
<BasicStmnt CovItemId="S322" CovItemPrefix="group2.game.DrawGame.java" Intrnl_Id="2829">
<LocList>
<Loc EndOffset="33042" SrcFileId="27" StartOffset="33028"/>
</LocList>
</BasicStmnt>
<BasicStmnt CovItemId="S323" CovItemPrefix="group2.game.DrawGame.java" Intrnl_Id="2830">
<LocList>
<Loc EndOffset="33072" SrcFileId="27" StartOffset="33048"/>
</LocList>
</BasicStmnt>
<BasicStmnt CovItemId="S324" CovItemPrefix="group2.game.DrawGame.java" Intrnl_Id="2831">
<LocList>
<Loc EndOffset="33261" SrcFileId="27" StartOffset="33077"/>
</LocList>
</BasicStmnt>
<BasicStmnt CovItemId="S325" CovItemPrefix="group2.game.DrawGame.java" Intrnl_Id="2832">
<LocList>
<Loc EndOffset="33291" SrcFileId="27" StartOffset="33267"/>
</LocList>
</BasicStmnt>
<BasicStmnt CovItemId="S326" CovItemPrefix="group2.game.DrawGame.java" Intrnl_Id="2833">
<LocList>
<Loc EndOffset="33310" SrcFileId="27" StartOffset="33296"/>
</LocList>
</BasicStmnt>
<BasicStmnt CovItemId="S327" CovItemPrefix="group2.game.DrawGame.java" Intrnl_Id="2834">
<LocList>
<Loc EndOffset="33426" SrcFileId="27" StartOffset="33315"/>
</LocList>
</BasicStmnt>
<BasicStmnt CovItemId="S328" CovItemPrefix="group2.game.DrawGame.java" Intrnl_Id="2835">
<LocList>
<Loc EndOffset="33455" SrcFileId="27" StartOffset="33436"/>
</LocList>
</BasicStmnt>
<LoopStmnt CovItemId="S329" CovItemPrefix="group2.game.DrawGame.java" Intrnl_Id="2836" MltplExecId="L17-2" MltplExecPrefix="group2.game.DrawGame.java" NvrExecId="L17-0" NvrExecPrefix="group2.game.DrawGame.java" OnceExecutedId="L17-1" OnceExecutedPrefix="group2.game.DrawGame.java" OptBodyExec="true">
<StmntSeq Intrnl_Id="2837">
<LocList>
<Loc EndOffset="33564" SrcFileId="27" StartOffset="33508"/>
<Loc EndOffset="33643" SrcFileId="27" StartOffset="33496"/>
</LocList>
<BasicStmnt CovItemId="S331" CovItemPrefix="group2.game.DrawGame.java" Intrnl_Id="2838">
<LocList>
<Loc EndOffset="33564" SrcFileId="27" StartOffset="33508"/>
</LocList>
</BasicStmnt>
<CondStmnt CovItemId="S330" CovItemPrefix="group2.game.DrawGame.java" Intrnl_Id="2839">
<Branch CovItemId="B89" CovItemPrefix="group2.game.DrawGame.java" Implct="true" Intrnl_Id="2840">
<Cond/>
<LocList/>
<StmntSeq Intrnl_Id="2841">
<LocList/>
</StmntSeq>
</Branch>
<Branch CovItemId="B90" CovItemPrefix="group2.game.DrawGame.java" Implct="false" Intrnl_Id="2842">
<Cond>
<Loc EndOffset="33591" SrcFileId="27" StartOffset="33572"/>
</Cond>
<LocList>
<Loc EndOffset="33643" SrcFileId="27" StartOffset="33592"/>
</LocList>
<StmntSeq Intrnl_Id="2843">
<LocList>
<Loc EndOffset="33636" SrcFileId="27" StartOffset="33600"/>
</LocList>
<BasicStmnt CovItemId="S332" CovItemPrefix="group2.game.DrawGame.java" Intrnl_Id="2844">
<LocList>
<Loc EndOffset="33636" SrcFileId="27" StartOffset="33600"/>
</LocList>
</BasicStmnt>
</StmntSeq>
</Branch>
<Keyword EndOffset="33499" SrcFileId="27" StartOffset="33496"/>
<LocList>
<Loc EndOffset="33643" SrcFileId="27" StartOffset="33496"/>
</LocList>
</CondStmnt>
</StmntSeq>
<Keyword EndOffset="33463" SrcFileId="27" StartOffset="33460"/>
<LocList>
<Loc EndOffset="33649" SrcFileId="27" StartOffset="33460"/>
</LocList>
<RootTerm CovItemId="C56" CovItemPrefix="group2.game.DrawGame.java" Intrnl_Id="2845">
<BasicBoolTerm Intrnl_Id="2846">
<LocList>
<Loc EndOffset="33482" SrcFileId="27" StartOffset="33476"/>
</LocList>
</BasicBoolTerm>
</RootTerm>
</LoopStmnt>
<BasicStmnt CovItemId="S333" CovItemPrefix="group2.game.DrawGame.java" Intrnl_Id="2847">
<LocList>
<Loc EndOffset="33671" SrcFileId="27" StartOffset="33655"/>
</LocList>
</BasicStmnt>
<LoopStmnt CovItemId="S334" CovItemPrefix="group2.game.DrawGame.java" Intrnl_Id="2848" MltplExecId="L18-2" MltplExecPrefix="group2.game.DrawGame.java" NvrExecId="L18-0" NvrExecPrefix="group2.game.DrawGame.java" OnceExecutedId="L18-1" OnceExecutedPrefix="group2.game.DrawGame.java" OptBodyExec="true">
<StmntSeq Intrnl_Id="2849">
<LocList>
<Loc EndOffset="33848" SrcFileId="27" StartOffset="33723"/>
<Loc EndOffset="33867" SrcFileId="27" StartOffset="33854"/>
</LocList>
<BasicStmnt CovItemId="S335" CovItemPrefix="group2.game.DrawGame.java" Intrnl_Id="2850">
<LocList>
<Loc EndOffset="33848" SrcFileId="27" StartOffset="33723"/>
</LocList>
</BasicStmnt>
<BasicStmnt CovItemId="S336" CovItemPrefix="group2.game.DrawGame.java" Intrnl_Id="2851">
<LocList>
<Loc EndOffset="33867" SrcFileId="27" StartOffset="33854"/>
</LocList>
</BasicStmnt>
</StmntSeq>
<Keyword EndOffset="33691" SrcFileId="27" StartOffset="33688"/>
<LocList>
<Loc EndOffset="33873" SrcFileId="27" StartOffset="33688"/>
</LocList>
<RootTerm CovItemId="C57" CovItemPrefix="group2.game.DrawGame.java" Intrnl_Id="2852">
<BasicBoolTerm Intrnl_Id="2853">
<LocList>
<Loc EndOffset="33709" SrcFileId="27" StartOffset="33704"/>
</LocList>
</BasicBoolTerm>
</RootTerm>
</LoopStmnt>
<BasicStmnt CovItemId="S337" CovItemPrefix="group2.game.DrawGame.java" Intrnl_Id="2854">
<LocList>
<Loc EndOffset="33900" SrcFileId="27" StartOffset="33891"/>
</LocList>
</BasicStmnt>
<LoopStmnt CovItemId="S338" CovItemPrefix="group2.game.DrawGame.java" Intrnl_Id="2855" MltplExecId="L19-2" MltplExecPrefix="group2.game.DrawGame.java" NvrExecId="L19-0" NvrExecPrefix="group2.game.DrawGame.java" OnceExecutedId="L19-1" OnceExecutedPrefix="group2.game.DrawGame.java" OptBodyExec="true">
<StmntSeq Intrnl_Id="2856">
<LocList>
<Loc EndOffset="34065" SrcFileId="27" StartOffset="33940"/>
<Loc EndOffset="34084" SrcFileId="27" StartOffset="34071"/>
</LocList>
<BasicStmnt CovItemId="S339" CovItemPrefix="group2.game.DrawGame.java" Intrnl_Id="2857">
<LocList>
<Loc EndOffset="34065" SrcFileId="27" StartOffset="33940"/>
</LocList>
</BasicStmnt>
<BasicStmnt CovItemId="S340" CovItemPrefix="group2.game.DrawGame.java" Intrnl_Id="2858">
<LocList>
<Loc EndOffset="34084" SrcFileId="27" StartOffset="34071"/>
</LocList>
</BasicStmnt>
</StmntSeq>
<Keyword EndOffset="33908" SrcFileId="27" StartOffset="33905"/>
<LocList>
<Loc EndOffset="34090" SrcFileId="27" StartOffset="33905"/>
</LocList>
<RootTerm CovItemId="C58" CovItemPrefix="group2.game.DrawGame.java" Intrnl_Id="2859">
<BasicBoolTerm Intrnl_Id="2860">
<LocList>
<Loc EndOffset="33926" SrcFileId="27" StartOffset="33921"/>
</LocList>
</BasicBoolTerm>
</RootTerm>
</LoopStmnt>
<BasicStmnt CovItemId="S341" CovItemPrefix="group2.game.DrawGame.java" Intrnl_Id="2861">
<LocList>
<Loc EndOffset="34118" SrcFileId="27" StartOffset="34109"/>
</LocList>
</BasicStmnt>
<LoopStmnt CovItemId="S342" CovItemPrefix="group2.game.DrawGame.java" Intrnl_Id="2862" MltplExecId="L20-2" MltplExecPrefix="group2.game.DrawGame.java" NvrExecId="L20-0" NvrExecPrefix="group2.game.DrawGame.java" OnceExecutedId="L20-1" OnceExecutedPrefix="group2.game.DrawGame.java" OptBodyExec="true">
<StmntSeq Intrnl_Id="2863">
<LocList>
<Loc EndOffset="34283" SrcFileId="27" StartOffset="34158"/>
<Loc EndOffset="34302" SrcFileId="27" StartOffset="34289"/>
</LocList>
<BasicStmnt CovItemId="S343" CovItemPrefix="group2.game.DrawGame.java" Intrnl_Id="2864">
<LocList>
<Loc EndOffset="34283" SrcFileId="27" StartOffset="34158"/>
</LocList>
</BasicStmnt>
<BasicStmnt CovItemId="S344" CovItemPrefix="group2.game.DrawGame.java" Intrnl_Id="2865">
<LocList>
<Loc EndOffset="34302" SrcFileId="27" StartOffset="34289"/>
</LocList>
</BasicStmnt>
</StmntSeq>
<Keyword EndOffset="34126" SrcFileId="27" StartOffset="34123"/>
<LocList>
<Loc EndOffset="34308" SrcFileId="27" StartOffset="34123"/>
</LocList>
<RootTerm CovItemId="C59" CovItemPrefix="group2.game.DrawGame.java" Intrnl_Id="2866">
<BasicBoolTerm Intrnl_Id="2867">
<LocList>
<Loc EndOffset="34144" SrcFileId="27" StartOffset="34139"/>
</LocList>
</BasicBoolTerm>
</RootTerm>
</LoopStmnt>
<BasicStmnt CovItemId="S345" CovItemPrefix="group2.game.DrawGame.java" Intrnl_Id="2868">
<LocList>
<Loc EndOffset="34335" SrcFileId="27" StartOffset="34326"/>
</LocList>
</BasicStmnt>
<LoopStmnt CovItemId="S346" CovItemPrefix="group2.game.DrawGame.java" Intrnl_Id="2869" MltplExecId="L21-2" MltplExecPrefix="group2.game.DrawGame.java" NvrExecId="L21-0" NvrExecPrefix="group2.game.DrawGame.java" OnceExecutedId="L21-1" OnceExecutedPrefix="group2.game.DrawGame.java" OptBodyExec="true">
<StmntSeq Intrnl_Id="2870">
<LocList>
<Loc EndOffset="34500" SrcFileId="27" StartOffset="34375"/>
<Loc EndOffset="34519" SrcFileId="27" StartOffset="34506"/>
</LocList>
<BasicStmnt CovItemId="S347" CovItemPrefix="group2.game.DrawGame.java" Intrnl_Id="2871">
<LocList>
<Loc EndOffset="34500" SrcFileId="27" StartOffset="34375"/>
</LocList>
</BasicStmnt>
<BasicStmnt CovItemId="S348" CovItemPrefix="group2.game.DrawGame.java" Intrnl_Id="2872">
<LocList>
<Loc EndOffset="34519" SrcFileId="27" StartOffset="34506"/>
</LocList>
</BasicStmnt>
</StmntSeq>
<Keyword EndOffset="34343" SrcFileId="27" StartOffset="34340"/>
<LocList>
<Loc EndOffset="34525" SrcFileId="27" StartOffset="34340"/>
</LocList>
<RootTerm CovItemId="C60" CovItemPrefix="group2.game.DrawGame.java" Intrnl_Id="2873">
<BasicBoolTerm Intrnl_Id="2874">
<LocList>
<Loc EndOffset="34361" SrcFileId="27" StartOffset="34356"/>
</LocList>
</BasicBoolTerm>
</RootTerm>
</LoopStmnt>
<BasicStmnt CovItemId="S350" CovItemPrefix="group2.game.DrawGame.java" Intrnl_Id="2875">
<LocList>
<Loc EndOffset="34685" SrcFileId="27" StartOffset="34600"/>
</LocList>
</BasicStmnt>
<BasicStmnt CovItemId="S351" CovItemPrefix="group2.game.DrawGame.java" Intrnl_Id="2876">
<LocList>
<Loc EndOffset="34856" SrcFileId="27" StartOffset="34691"/>
</LocList>
</BasicStmnt>
<BasicStmnt CovItemId="S352" CovItemPrefix="group2.game.DrawGame.java" Intrnl_Id="2877">
<LocList>
<Loc EndOffset="34958" SrcFileId="27" StartOffset="34862"/>
</LocList>
</BasicStmnt>
<BasicStmnt CovItemId="S353" CovItemPrefix="group2.game.DrawGame.java" Intrnl_Id="2878">
<LocList>
<Loc EndOffset="35085" SrcFileId="27" StartOffset="34964"/>
</LocList>
</BasicStmnt>
<BasicStmnt CovItemId="S354" CovItemPrefix="group2.game.DrawGame.java" Intrnl_Id="2879">
<LocList>
<Loc EndOffset="35187" SrcFileId="27" StartOffset="35091"/>
</LocList>
</BasicStmnt>
<BasicStmnt CovItemId="S355" CovItemPrefix="group2.game.DrawGame.java" Intrnl_Id="2880">
<LocList>
<Loc EndOffset="35216" SrcFileId="27" StartOffset="35193"/>
</LocList>
</BasicStmnt>
<BasicStmnt CovItemId="S356" CovItemPrefix="group2.game.DrawGame.java" Intrnl_Id="2881">
<LocList>
<Loc EndOffset="35391" SrcFileId="27" StartOffset="35223"/>
</LocList>
</BasicStmnt>
<CondStmnt CovItemId="S349" CovItemPrefix="group2.game.DrawGame.java" Intrnl_Id="2882">
<Branch CovItemId="B91" CovItemPrefix="group2.game.DrawGame.java" Implct="true" Intrnl_Id="2883">
<Cond/>
<LocList/>
<StmntSeq Intrnl_Id="2884">
<LocList/>
</StmntSeq>
</Branch>
<Branch CovItemId="B92" CovItemPrefix="group2.game.DrawGame.java" Implct="false" Intrnl_Id="2885">
<Cond>
<Loc EndOffset="35428" SrcFileId="27" StartOffset="35398"/>
</Cond>
<LocList>
<Loc EndOffset="35436" SrcFileId="27" StartOffset="35429"/>
</LocList>
<StmntSeq Intrnl_Id="2886">
<LocList/>
</StmntSeq>
</Branch>
<Keyword EndOffset="34592" SrcFileId="27" StartOffset="34589"/>
<LocList>
<Loc EndOffset="35436" SrcFileId="27" StartOffset="34589"/>
</LocList>
</CondStmnt>
</StmntSeq>
</Branch>
<Branch CovItemId="B88" CovItemPrefix="group2.game.DrawGame.java" Implct="true" Intrnl_Id="2887">
<Cond/>
<LocList/>
<StmntSeq Intrnl_Id="2888">
<LocList/>
</StmntSeq>
</Branch>
<Keyword EndOffset="30855" SrcFileId="27" StartOffset="30853"/>
<LocList>
<Loc EndOffset="35442" SrcFileId="27" StartOffset="30853"/>
</LocList>
<RootTerm CovItemId="C55" CovItemPrefix="group2.game.DrawGame.java" Intrnl_Id="2889">
<BasicBoolTerm Intrnl_Id="2890">
<LocList>
<Loc EndOffset="30876" SrcFileId="27" StartOffset="30857"/>
</LocList>
</BasicBoolTerm>
</RootTerm>
</CondStmnt>
</StmntSeq>
</Branch>
<Branch CovItemId="B12" CovItemPrefix="group2.game.DrawGame.java" Implct="true" Intrnl_Id="2891">
<Cond/>
<LocList/>
<StmntSeq Intrnl_Id="2892">
<LocList/>
</StmntSeq>
</Branch>
<Keyword EndOffset="9429" SrcFileId="27" StartOffset="9427"/>
<LocList>
<Loc EndOffset="35447" SrcFileId="27" StartOffset="9427"/>
</LocList>
<RootTerm CovItemId="C9" CovItemPrefix="group2.game.DrawGame.java" Intrnl_Id="2893">
<BasicBoolTerm Intrnl_Id="2894">
<LocList>
<Loc EndOffset="9447" SrcFileId="27" StartOffset="9431"/>
</LocList>
</BasicBoolTerm>
</RootTerm>
</CondStmnt>
</StmntSeq>
</Branch>
<Keyword EndOffset="7839" SrcFileId="27" StartOffset="7837"/>
<LocList>
<Loc EndOffset="35447" SrcFileId="27" StartOffset="7837"/>
</LocList>
<RootTerm CovItemId="C8" CovItemPrefix="group2.game.DrawGame.java" Intrnl_Id="2895">
<BasicBoolTerm Intrnl_Id="2896">
<LocList>
<Loc EndOffset="7858" SrcFileId="27" StartOffset="7841"/>
</LocList>
</BasicBoolTerm>
</RootTerm>
</CondStmnt>
</StmntSeq>
</Branch>
<Keyword EndOffset="6390" SrcFileId="27" StartOffset="6388"/>
<LocList>
<Loc EndOffset="35447" SrcFileId="27" StartOffset="6388"/>
</LocList>
<RootTerm CovItemId="C3" CovItemPrefix="group2.game.DrawGame.java" Intrnl_Id="2897">
<BasicBoolTerm Intrnl_Id="2898">
<LocList>
<Loc EndOffset="6414" SrcFileId="27" StartOffset="6392"/>
</LocList>
</BasicBoolTerm>
</RootTerm>
</CondStmnt>
</StmntSeq>
</Branch>
<Keyword EndOffset="6197" SrcFileId="27" StartOffset="6195"/>
<LocList>
<Loc EndOffset="35447" SrcFileId="27" StartOffset="6195"/>
</LocList>
<RootTerm CovItemId="C2" CovItemPrefix="group2.game.DrawGame.java" Intrnl_Id="2899">
<BasicBoolTerm Intrnl_Id="2900">
<LocList>
<Loc EndOffset="6215" SrcFileId="27" StartOffset="6199"/>
</LocList>
</BasicBoolTerm>
</RootTerm>
</CondStmnt>
</StmntSeq>
</HierarchyLvl>
</HierarchyLvl>
<HierarchyLvl HierarchyLvlId="13133" HierarchyLvlTypeId="38" Intrnl_Id="2901" Name="City">
<Header>
<Loc EndOffset="119" SrcFileId="28" StartOffset="102"/>
</Header>
<LocList>
<Loc EndOffset="2828" SrcFileId="28" StartOffset="102"/>
</LocList>
<StmntSeq Intrnl_Id="2902">
<LocList>
<Loc EndOffset="182" SrcFileId="28" StartOffset="150"/>
<Loc EndOffset="206" SrcFileId="28" StartOffset="185"/>
<Loc EndOffset="281" SrcFileId="28" StartOffset="209"/>
<Loc EndOffset="449" SrcFileId="28" StartOffset="284"/>
</LocList>
<BasicStmnt CovItemId="S1" CovItemPrefix="group2.game.City.java" Intrnl_Id="2903">
<LocList>
<Loc EndOffset="182" SrcFileId="28" StartOffset="150"/>
</LocList>
</BasicStmnt>
<BasicStmnt CovItemId="S2" CovItemPrefix="group2.game.City.java" Intrnl_Id="2904">
<LocList>
<Loc EndOffset="206" SrcFileId="28" StartOffset="185"/>
</LocList>
</BasicStmnt>
<BasicStmnt CovItemId="S3" CovItemPrefix="group2.game.City.java" Intrnl_Id="2905">
<LocList>
<Loc EndOffset="281" SrcFileId="28" StartOffset="209"/>
</LocList>
</BasicStmnt>
<BasicStmnt CovItemId="S4" CovItemPrefix="group2.game.City.java" Intrnl_Id="2906">
<LocList>
<Loc EndOffset="449" SrcFileId="28" StartOffset="284"/>
</LocList>
</BasicStmnt>
</StmntSeq>
<HierarchyLvl HierarchyLvlId="13130" HierarchyLvlTypeId="39" Intrnl_Id="2907" Name="City">
<Header>
<Loc EndOffset="677" SrcFileId="28" StartOffset="644"/>
</Header>
<LocList>
<Loc EndOffset="988" SrcFileId="28" StartOffset="644"/>
</LocList>
<StmntSeq Intrnl_Id="2908">
<LocList>
<Loc EndOffset="700" SrcFileId="28" StartOffset="683"/>
<Loc EndOffset="736" SrcFileId="28" StartOffset="706"/>
<Loc EndOffset="772" SrcFileId="28" StartOffset="740"/>
<Loc EndOffset="808" SrcFileId="28" StartOffset="776"/>
<Loc EndOffset="846" SrcFileId="28" StartOffset="812"/>
<Loc EndOffset="884" SrcFileId="28" StartOffset="850"/>
<Loc EndOffset="918" SrcFileId="28" StartOffset="888"/>
<Loc EndOffset="950" SrcFileId="28" StartOffset="922"/>
<Loc EndOffset="982" SrcFileId="28" StartOffset="954"/>
</LocList>
<BasicStmnt CovItemId="S5" CovItemPrefix="group2.game.City.java" Intrnl_Id="2909">
<LocList>
<Loc EndOffset="700" SrcFileId="28" StartOffset="683"/>
</LocList>
</BasicStmnt>
<BasicStmnt CovItemId="S6" CovItemPrefix="group2.game.City.java" Intrnl_Id="2910">
<LocList>
<Loc EndOffset="736" SrcFileId="28" StartOffset="706"/>
</LocList>
</BasicStmnt>
<BasicStmnt CovItemId="S7" CovItemPrefix="group2.game.City.java" Intrnl_Id="2911">
<LocList>
<Loc EndOffset="772" SrcFileId="28" StartOffset="740"/>
</LocList>
</BasicStmnt>
<BasicStmnt CovItemId="S8" CovItemPrefix="group2.game.City.java" Intrnl_Id="2912">
<LocList>
<Loc EndOffset="808" SrcFileId="28" StartOffset="776"/>
</LocList>
</BasicStmnt>
<BasicStmnt CovItemId="S9" CovItemPrefix="group2.game.City.java" Intrnl_Id="2913">
<LocList>
<Loc EndOffset="846" SrcFileId="28" StartOffset="812"/>
</LocList>
</BasicStmnt>
<BasicStmnt CovItemId="S10" CovItemPrefix="group2.game.City.java" Intrnl_Id="2914">
<LocList>
<Loc EndOffset="884" SrcFileId="28" StartOffset="850"/>
</LocList>
</BasicStmnt>
<BasicStmnt CovItemId="S11" CovItemPrefix="group2.game.City.java" Intrnl_Id="2915">
<LocList>
<Loc EndOffset="918" SrcFileId="28" StartOffset="888"/>
</LocList>
</BasicStmnt>
<BasicStmnt CovItemId="S12" CovItemPrefix="group2.game.City.java" Intrnl_Id="2916">
<LocList>
<Loc EndOffset="950" SrcFileId="28" StartOffset="922"/>
</LocList>
</BasicStmnt>
<BasicStmnt CovItemId="S13" CovItemPrefix="group2.game.City.java" Intrnl_Id="2917">
<LocList>
<Loc EndOffset="982" SrcFileId="28" StartOffset="954"/>
</LocList>
</BasicStmnt>
</StmntSeq>
</HierarchyLvl>
<HierarchyLvl HierarchyLvlId="13131" HierarchyLvlTypeId="39" Intrnl_Id="2918" Name="update">
<Header>
<Loc EndOffset="1013" SrcFileId="28" StartOffset="993"/>
</Header>
<LocList>
<Loc EndOffset="1531" SrcFileId="28" StartOffset="993"/>
</LocList>
<StmntSeq Intrnl_Id="2919">
<LocList>
<Loc EndOffset="1034" SrcFileId="28" StartOffset="1019"/>
<Loc EndOffset="1525" SrcFileId="28" StartOffset="1040"/>
</LocList>
<BasicStmnt CovItemId="S14" CovItemPrefix="group2.game.City.java" Intrnl_Id="2920">
<LocList>
<Loc EndOffset="1034" SrcFileId="28" StartOffset="1019"/>
</LocList>
</BasicStmnt>
<CondStmnt CovItemId="S15" CovItemPrefix="group2.game.City.java" Intrnl_Id="2921">
<Branch CovItemId="B1" CovItemPrefix="group2.game.City.java" Implct="false" Intrnl_Id="2922">
<Cond/>
<LocList>
<Loc EndOffset="1525" SrcFileId="28" StartOffset="1063"/>
</LocList>
<StmntSeq Intrnl_Id="2923">
<LocList>
<Loc EndOffset="1086" SrcFileId="28" StartOffset="1069"/>
<Loc EndOffset="1190" SrcFileId="28" StartOffset="1151"/>
<Loc EndOffset="1239" SrcFileId="28" StartOffset="1195"/>
<Loc EndOffset="1520" SrcFileId="28" StartOffset="1246"/>
</LocList>
<BasicStmnt CovItemId="S16" CovItemPrefix="group2.game.City.java" Intrnl_Id="2924">
<LocList>
<Loc EndOffset="1086" SrcFileId="28" StartOffset="1069"/>
</LocList>
</BasicStmnt>
<BasicStmnt CovItemId="S17" CovItemPrefix="group2.game.City.java" Intrnl_Id="2925">
<LocList>
<Loc EndOffset="1190" SrcFileId="28" StartOffset="1151"/>
</LocList>
</BasicStmnt>
<BasicStmnt CovItemId="S18" CovItemPrefix="group2.game.City.java" Intrnl_Id="2926">
<LocList>
<Loc EndOffset="1239" SrcFileId="28" StartOffset="1195"/>
</LocList>
</BasicStmnt>
<CondStmnt CovItemId="S19" CovItemPrefix="group2.game.City.java" Intrnl_Id="2927">
<Branch CovItemId="B3" CovItemPrefix="group2.game.City.java" Implct="false" Intrnl_Id="2928">
<Cond/>
<LocList>
<Loc EndOffset="1478" SrcFileId="28" StartOffset="1282"/>
</LocList>
<StmntSeq Intrnl_Id="2929">
<LocList>
<Loc EndOffset="1472" SrcFileId="28" StartOffset="1289"/>
</LocList>
<CondStmnt CovItemId="S20" CovItemPrefix="group2.game.City.java" Intrnl_Id="2930">
<Branch CovItemId="B5" CovItemPrefix="group2.game.City.java" Implct="false" Intrnl_Id="2931">
<Cond/>
<LocList>
<Loc EndOffset="1472" SrcFileId="28" StartOffset="1326"/>
</LocList>
<StmntSeq Intrnl_Id="2932">
<LocList>
<Loc EndOffset="1384" SrcFileId="28" StartOffset="1334"/>
<Loc EndOffset="1406" SrcFileId="28" StartOffset="1391"/>
<Loc EndOffset="1463" SrcFileId="28" StartOffset="1413"/>
</LocList>
<BasicStmnt CovItemId="S21" CovItemPrefix="group2.game.City.java" Intrnl_Id="2933">
<LocList>
<Loc EndOffset="1384" SrcFileId="28" StartOffset="1334"/>
</LocList>
</BasicStmnt>
<BasicStmnt CovItemId="S22" CovItemPrefix="group2.game.City.java" Intrnl_Id="2934">
<LocList>
<Loc EndOffset="1406" SrcFileId="28" StartOffset="1391"/>
</LocList>
</BasicStmnt>
<BasicStmnt CovItemId="S23" CovItemPrefix="group2.game.City.java" Intrnl_Id="2935">
<LocList>
<Loc EndOffset="1463" SrcFileId="28" StartOffset="1413"/>
</LocList>
</BasicStmnt>
</StmntSeq>
</Branch>
<Branch CovItemId="B6" CovItemPrefix="group2.game.City.java" Implct="true" Intrnl_Id="2936">
<Cond/>
<LocList/>
<StmntSeq Intrnl_Id="2937">
<LocList/>
</StmntSeq>
</Branch>
<Keyword EndOffset="1291" SrcFileId="28" StartOffset="1289"/>
<LocList>
<Loc EndOffset="1472" SrcFileId="28" StartOffset="1289"/>
</LocList>
<RootTerm CovItemId="C3" CovItemPrefix="group2.game.City.java" Intrnl_Id="2938">
<BasicBoolTerm Intrnl_Id="2939">
<LocList>
<Loc EndOffset="1324" SrcFileId="28" StartOffset="1293"/>
</LocList>
</BasicBoolTerm>
</RootTerm>
</CondStmnt>
</StmntSeq>
</Branch>
<Branch CovItemId="B4" CovItemPrefix="group2.game.City.java" Implct="false" Intrnl_Id="2940">
<Cond>
<Loc EndOffset="1489" SrcFileId="28" StartOffset="1485"/>
</Cond>
<LocList>
<Loc EndOffset="1520" SrcFileId="28" StartOffset="1490"/>
</LocList>
<StmntSeq Intrnl_Id="2941">
<LocList>
<Loc EndOffset="1512" SrcFileId="28" StartOffset="1497"/>
</LocList>
<BasicStmnt CovItemId="S24" CovItemPrefix="group2.game.City.java" Intrnl_Id="2942">
<LocList>
<Loc EndOffset="1512" SrcFileId="28" StartOffset="1497"/>
</LocList>
</BasicStmnt>
</StmntSeq>
</Branch>
<Keyword EndOffset="1248" SrcFileId="28" StartOffset="1246"/>
<LocList>
<Loc EndOffset="1520" SrcFileId="28" StartOffset="1246"/>
</LocList>
<RootTerm CovItemId="C2" CovItemPrefix="group2.game.City.java" Intrnl_Id="2943">
<BasicBoolTerm Intrnl_Id="2944">
<LocList>
<Loc EndOffset="1280" SrcFileId="28" StartOffset="1250"/>
</LocList>
</BasicBoolTerm>
</RootTerm>
</CondStmnt>
</StmntSeq>
</Branch>
<Branch CovItemId="B2" CovItemPrefix="group2.game.City.java" Implct="true" Intrnl_Id="2945">
<Cond/>
<LocList/>
<StmntSeq Intrnl_Id="2946">
<LocList/>
</StmntSeq>
</Branch>
<Keyword EndOffset="1042" SrcFileId="28" StartOffset="1040"/>
<LocList>
<Loc EndOffset="1525" SrcFileId="28" StartOffset="1040"/>
</LocList>
<RootTerm CovItemId="C1" CovItemPrefix="group2.game.City.java" Intrnl_Id="2947">
<BasicBoolTerm Intrnl_Id="2948">
<LocList>
<Loc EndOffset="1061" SrcFileId="28" StartOffset="1044"/>
</LocList>
</BasicBoolTerm>
</RootTerm>
</CondStmnt>
</StmntSeq>
</HierarchyLvl>
<HierarchyLvl HierarchyLvlId="13132" HierarchyLvlTypeId="39" Intrnl_Id="2949" Name="updateClouds">
<Header>
<Loc EndOffset="1562" SrcFileId="28" StartOffset="1536"/>
</Header>
<LocList>
<Loc EndOffset="2825" SrcFileId="28" StartOffset="1536"/>
</LocList>
<StmntSeq Intrnl_Id="2950">
<LocList>
<Loc EndOffset="1859" SrcFileId="28" StartOffset="1568"/>
<Loc EndOffset="2179" SrcFileId="28" StartOffset="1865"/>
<Loc EndOffset="2501" SrcFileId="28" StartOffset="2185"/>
<Loc EndOffset="2821" SrcFileId="28" StartOffset="2507"/>
</LocList>
<CondStmnt CovItemId="S25" CovItemPrefix="group2.game.City.java" Intrnl_Id="2951">
<Branch CovItemId="B7" CovItemPrefix="group2.game.City.java" Implct="false" Intrnl_Id="2952">
<Cond/>
<LocList>
<Loc EndOffset="1859" SrcFileId="28" StartOffset="1597"/>
</LocList>
<StmntSeq Intrnl_Id="2953">
<LocList>
<Loc EndOffset="1627" SrcFileId="28" StartOffset="1605"/>
<Loc EndOffset="1655" SrcFileId="28" StartOffset="1632"/>
<Loc EndOffset="1683" SrcFileId="28" StartOffset="1660"/>
<Loc EndOffset="1710" SrcFileId="28" StartOffset="1688"/>
<Loc EndOffset="1739" SrcFileId="28" StartOffset="1717"/>
<Loc EndOffset="1768" SrcFileId="28" StartOffset="1744"/>
<Loc EndOffset="1797" SrcFileId="28" StartOffset="1773"/>
<Loc EndOffset="1824" SrcFileId="28" StartOffset="1802"/>
<Loc EndOffset="1852" SrcFileId="28" StartOffset="1831"/>
</LocList>
<BasicStmnt CovItemId="S26" CovItemPrefix="group2.game.City.java" Intrnl_Id="2954">
<LocList>
<Loc EndOffset="1627" SrcFileId="28" StartOffset="1605"/>
</LocList>
</BasicStmnt>
<BasicStmnt CovItemId="S27" CovItemPrefix="group2.game.City.java" Intrnl_Id="2955">
<LocList>
<Loc EndOffset="1655" SrcFileId="28" StartOffset="1632"/>
</LocList>
</BasicStmnt>
<BasicStmnt CovItemId="S28" CovItemPrefix="group2.game.City.java" Intrnl_Id="2956">
<LocList>
<Loc EndOffset="1683" SrcFileId="28" StartOffset="1660"/>
</LocList>
</BasicStmnt>
<BasicStmnt CovItemId="S29" CovItemPrefix="group2.game.City.java" Intrnl_Id="2957">
<LocList>
<Loc EndOffset="1710" SrcFileId="28" StartOffset="1688"/>
</LocList>
</BasicStmnt>
<BasicStmnt CovItemId="S30" CovItemPrefix="group2.game.City.java" Intrnl_Id="2958">
<LocList>
<Loc EndOffset="1739" SrcFileId="28" StartOffset="1717"/>
</LocList>
</BasicStmnt>
<BasicStmnt CovItemId="S31" CovItemPrefix="group2.game.City.java" Intrnl_Id="2959">
<LocList>
<Loc EndOffset="1768" SrcFileId="28" StartOffset="1744"/>
</LocList>
</BasicStmnt>
<BasicStmnt CovItemId="S32" CovItemPrefix="group2.game.City.java" Intrnl_Id="2960">
<LocList>
<Loc EndOffset="1797" SrcFileId="28" StartOffset="1773"/>
</LocList>
</BasicStmnt>
<BasicStmnt CovItemId="S33" CovItemPrefix="group2.game.City.java" Intrnl_Id="2961">
<LocList>
<Loc EndOffset="1824" SrcFileId="28" StartOffset="1802"/>
</LocList>
</BasicStmnt>
<BasicStmnt CovItemId="S34" CovItemPrefix="group2.game.City.java" Intrnl_Id="2962">
<LocList>
<Loc EndOffset="1852" SrcFileId="28" StartOffset="1831"/>
</LocList>
</BasicStmnt>
</StmntSeq>
</Branch>
<Branch CovItemId="B8" CovItemPrefix="group2.game.City.java" Implct="true" Intrnl_Id="2963">
<Cond/>
<LocList/>
<StmntSeq Intrnl_Id="2964">
<LocList/>
</StmntSeq>
</Branch>
<Keyword EndOffset="1570" SrcFileId="28" StartOffset="1568"/>
<LocList>
<Loc EndOffset="1859" SrcFileId="28" StartOffset="1568"/>
</LocList>
<RootTerm CovItemId="C4" CovItemPrefix="group2.game.City.java" Intrnl_Id="2965">
<BasicBoolTerm Intrnl_Id="2966">
<LocList>
<Loc EndOffset="1595" SrcFileId="28" StartOffset="1572"/>
</LocList>
</BasicBoolTerm>
</RootTerm>
</CondStmnt>
<CondStmnt CovItemId="S35" CovItemPrefix="group2.game.City.java" Intrnl_Id="2967">
<Branch CovItemId="B9" CovItemPrefix="group2.game.City.java" Implct="false" Intrnl_Id="2968">
<Cond/>
<LocList>
<Loc EndOffset="2179" SrcFileId="28" StartOffset="1893"/>
</LocList>
<StmntSeq Intrnl_Id="2969">
<LocList>
<Loc EndOffset="1923" SrcFileId="28" StartOffset="1901"/>
<Loc EndOffset="1951" SrcFileId="28" StartOffset="1928"/>
<Loc EndOffset="1979" SrcFileId="28" StartOffset="1956"/>
<Loc EndOffset="2006" SrcFileId="28" StartOffset="1984"/>
<Loc EndOffset="2035" SrcFileId="28" StartOffset="2013"/>
<Loc EndOffset="2064" SrcFileId="28" StartOffset="2040"/>
<Loc EndOffset="2093" SrcFileId="28" StartOffset="2069"/>
<Loc EndOffset="2120" SrcFileId="28" StartOffset="2098"/>
<Loc EndOffset="2148" SrcFileId="28" StartOffset="2127"/>
<Loc EndOffset="2174" SrcFileId="28" StartOffset="2153"/>
</LocList>
<BasicStmnt CovItemId="S36" CovItemPrefix="group2.game.City.java" Intrnl_Id="2970">
<LocList>
<Loc EndOffset="1923" SrcFileId="28" StartOffset="1901"/>
</LocList>
</BasicStmnt>
<BasicStmnt CovItemId="S37" CovItemPrefix="group2.game.City.java" Intrnl_Id="2971">
<LocList>
<Loc EndOffset="1951" SrcFileId="28" StartOffset="1928"/>
</LocList>
</BasicStmnt>
<BasicStmnt CovItemId="S38" CovItemPrefix="group2.game.City.java" Intrnl_Id="2972">
<LocList>
<Loc EndOffset="1979" SrcFileId="28" StartOffset="1956"/>
</LocList>
</BasicStmnt>
<BasicStmnt CovItemId="S39" CovItemPrefix="group2.game.City.java" Intrnl_Id="2973">
<LocList>
<Loc EndOffset="2006" SrcFileId="28" StartOffset="1984"/>
</LocList>
</BasicStmnt>
<BasicStmnt CovItemId="S40" CovItemPrefix="group2.game.City.java" Intrnl_Id="2974">
<LocList>
<Loc EndOffset="2035" SrcFileId="28" StartOffset="2013"/>
</LocList>
</BasicStmnt>
<BasicStmnt CovItemId="S41" CovItemPrefix="group2.game.City.java" Intrnl_Id="2975">
<LocList>
<Loc EndOffset="2064" SrcFileId="28" StartOffset="2040"/>
</LocList>
</BasicStmnt>
<BasicStmnt CovItemId="S42" CovItemPrefix="group2.game.City.java" Intrnl_Id="2976">
<LocList>
<Loc EndOffset="2093" SrcFileId="28" StartOffset="2069"/>
</LocList>
</BasicStmnt>
<BasicStmnt CovItemId="S43" CovItemPrefix="group2.game.City.java" Intrnl_Id="2977">
<LocList>
<Loc EndOffset="2120" SrcFileId="28" StartOffset="2098"/>
</LocList>
</BasicStmnt>
<BasicStmnt CovItemId="S44" CovItemPrefix="group2.game.City.java" Intrnl_Id="2978">
<LocList>
<Loc EndOffset="2148" SrcFileId="28" StartOffset="2127"/>
</LocList>
</BasicStmnt>
<BasicStmnt CovItemId="S45" CovItemPrefix="group2.game.City.java" Intrnl_Id="2979">
<LocList>
<Loc EndOffset="2174" SrcFileId="28" StartOffset="2153"/>
</LocList>
</BasicStmnt>
</StmntSeq>
</Branch>
<Branch CovItemId="B10" CovItemPrefix="group2.game.City.java" Implct="true" Intrnl_Id="2980">
<Cond/>
<LocList/>
<StmntSeq Intrnl_Id="2981">
<LocList/>
</StmntSeq>
</Branch>
<Keyword EndOffset="1867" SrcFileId="28" StartOffset="1865"/>
<LocList>
<Loc EndOffset="2179" SrcFileId="28" StartOffset="1865"/>
</LocList>
<RootTerm CovItemId="C5" CovItemPrefix="group2.game.City.java" Intrnl_Id="2982">
<BasicBoolTerm Intrnl_Id="2983">
<LocList>
<Loc EndOffset="1891" SrcFileId="28" StartOffset="1869"/>
</LocList>
</BasicBoolTerm>
</RootTerm>
</CondStmnt>
<CondStmnt CovItemId="S46" CovItemPrefix="group2.game.City.java" Intrnl_Id="2984">
<Branch CovItemId="B11" CovItemPrefix="group2.game.City.java" Implct="false" Intrnl_Id="2985">
<Cond/>
<LocList>
<Loc EndOffset="2501" SrcFileId="28" StartOffset="2213"/>
</LocList>
<StmntSeq Intrnl_Id="2986">
<LocList>
<Loc EndOffset="2243" SrcFileId="28" StartOffset="2221"/>
<Loc EndOffset="2271" SrcFileId="28" StartOffset="2248"/>
<Loc EndOffset="2299" SrcFileId="28" StartOffset="2276"/>
<Loc EndOffset="2326" SrcFileId="28" StartOffset="2304"/>
<Loc EndOffset="2355" SrcFileId="28" StartOffset="2333"/>
<Loc EndOffset="2384" SrcFileId="28" StartOffset="2360"/>
<Loc EndOffset="2413" SrcFileId="28" StartOffset="2389"/>
<Loc EndOffset="2440" SrcFileId="28" StartOffset="2418"/>
<Loc EndOffset="2468" SrcFileId="28" StartOffset="2447"/>
<Loc EndOffset="2494" SrcFileId="28" StartOffset="2473"/>
</LocList>
<BasicStmnt CovItemId="S47" CovItemPrefix="group2.game.City.java" Intrnl_Id="2987">
<LocList>
<Loc EndOffset="2243" SrcFileId="28" StartOffset="2221"/>
</LocList>
</BasicStmnt>
<BasicStmnt CovItemId="S48" CovItemPrefix="group2.game.City.java" Intrnl_Id="2988">
<LocList>
<Loc EndOffset="2271" SrcFileId="28" StartOffset="2248"/>
</LocList>
</BasicStmnt>
<BasicStmnt CovItemId="S49" CovItemPrefix="group2.game.City.java" Intrnl_Id="2989">
<LocList>
<Loc EndOffset="2299" SrcFileId="28" StartOffset="2276"/>
</LocList>
</BasicStmnt>
<BasicStmnt CovItemId="S50" CovItemPrefix="group2.game.City.java" Intrnl_Id="2990">
<LocList>
<Loc EndOffset="2326" SrcFileId="28" StartOffset="2304"/>
</LocList>
</BasicStmnt>
<BasicStmnt CovItemId="S51" CovItemPrefix="group2.game.City.java" Intrnl_Id="2991">
<LocList>
<Loc EndOffset="2355" SrcFileId="28" StartOffset="2333"/>
</LocList>
</BasicStmnt>
<BasicStmnt CovItemId="S52" CovItemPrefix="group2.game.City.java" Intrnl_Id="2992">
<LocList>
<Loc EndOffset="2384" SrcFileId="28" StartOffset="2360"/>
</LocList>
</BasicStmnt>
<BasicStmnt CovItemId="S53" CovItemPrefix="group2.game.City.java" Intrnl_Id="2993">
<LocList>
<Loc EndOffset="2413" SrcFileId="28" StartOffset="2389"/>
</LocList>
</BasicStmnt>
<BasicStmnt CovItemId="S54" CovItemPrefix="group2.game.City.java" Intrnl_Id="2994">
<LocList>
<Loc EndOffset="2440" SrcFileId="28" StartOffset="2418"/>
</LocList>
</BasicStmnt>
<BasicStmnt CovItemId="S55" CovItemPrefix="group2.game.City.java" Intrnl_Id="2995">
<LocList>
<Loc EndOffset="2468" SrcFileId="28" StartOffset="2447"/>
</LocList>
</BasicStmnt>
<BasicStmnt CovItemId="S56" CovItemPrefix="group2.game.City.java" Intrnl_Id="2996">
<LocList>
<Loc EndOffset="2494" SrcFileId="28" StartOffset="2473"/>
</LocList>
</BasicStmnt>
</StmntSeq>
</Branch>
<Branch CovItemId="B12" CovItemPrefix="group2.game.City.java" Implct="true" Intrnl_Id="2997">
<Cond/>
<LocList/>
<StmntSeq Intrnl_Id="2998">
<LocList/>
</StmntSeq>
</Branch>
<Keyword EndOffset="2187" SrcFileId="28" StartOffset="2185"/>
<LocList>
<Loc EndOffset="2501" SrcFileId="28" StartOffset="2185"/>
</LocList>
<RootTerm CovItemId="C6" CovItemPrefix="group2.game.City.java" Intrnl_Id="2999">
<BasicBoolTerm Intrnl_Id="3000">
<LocList>
<Loc EndOffset="2211" SrcFileId="28" StartOffset="2189"/>
</LocList>
</BasicBoolTerm>
</RootTerm>
</CondStmnt>
<CondStmnt CovItemId="S57" CovItemPrefix="group2.game.City.java" Intrnl_Id="3001">
<Branch CovItemId="B13" CovItemPrefix="group2.game.City.java" Implct="false" Intrnl_Id="3002">
<Cond/>
<LocList>
<Loc EndOffset="2821" SrcFileId="28" StartOffset="2535"/>
</LocList>
<StmntSeq Intrnl_Id="3003">
<LocList>
<Loc EndOffset="2565" SrcFileId="28" StartOffset="2543"/>
<Loc EndOffset="2593" SrcFileId="28" StartOffset="2570"/>
<Loc EndOffset="2621" SrcFileId="28" StartOffset="2598"/>
<Loc EndOffset="2648" SrcFileId="28" StartOffset="2626"/>
<Loc EndOffset="2677" SrcFileId="28" StartOffset="2655"/>
<Loc EndOffset="2706" SrcFileId="28" StartOffset="2682"/>
<Loc EndOffset="2735" SrcFileId="28" StartOffset="2711"/>
<Loc EndOffset="2762" SrcFileId="28" StartOffset="2740"/>
<Loc EndOffset="2790" SrcFileId="28" StartOffset="2769"/>
<Loc EndOffset="2816" SrcFileId="28" StartOffset="2795"/>
</LocList>
<BasicStmnt CovItemId="S58" CovItemPrefix="group2.game.City.java" Intrnl_Id="3004">
<LocList>
<Loc EndOffset="2565" SrcFileId="28" StartOffset="2543"/>
</LocList>
</BasicStmnt>
<BasicStmnt CovItemId="S59" CovItemPrefix="group2.game.City.java" Intrnl_Id="3005">
<LocList>
<Loc EndOffset="2593" SrcFileId="28" StartOffset="2570"/>
</LocList>
</BasicStmnt>
<BasicStmnt CovItemId="S60" CovItemPrefix="group2.game.City.java" Intrnl_Id="3006">
<LocList>
<Loc EndOffset="2621" SrcFileId="28" StartOffset="2598"/>
</LocList>
</BasicStmnt>
<BasicStmnt CovItemId="S61" CovItemPrefix="group2.game.City.java" Intrnl_Id="3007">
<LocList>
<Loc EndOffset="2648" SrcFileId="28" StartOffset="2626"/>
</LocList>
</BasicStmnt>
<BasicStmnt CovItemId="S62" CovItemPrefix="group2.game.City.java" Intrnl_Id="3008">
<LocList>
<Loc EndOffset="2677" SrcFileId="28" StartOffset="2655"/>
</LocList>
</BasicStmnt>
<BasicStmnt CovItemId="S63" CovItemPrefix="group2.game.City.java" Intrnl_Id="3009">
<LocList>
<Loc EndOffset="2706" SrcFileId="28" StartOffset="2682"/>
</LocList>
</BasicStmnt>
<BasicStmnt CovItemId="S64" CovItemPrefix="group2.game.City.java" Intrnl_Id="3010">
<LocList>
<Loc EndOffset="2735" SrcFileId="28" StartOffset="2711"/>
</LocList>
</BasicStmnt>
<BasicStmnt CovItemId="S65" CovItemPrefix="group2.game.City.java" Intrnl_Id="3011">
<LocList>
<Loc EndOffset="2762" SrcFileId="28" StartOffset="2740"/>
</LocList>
</BasicStmnt>
<BasicStmnt CovItemId="S66" CovItemPrefix="group2.game.City.java" Intrnl_Id="3012">
<LocList>
<Loc EndOffset="2790" SrcFileId="28" StartOffset="2769"/>
</LocList>
</BasicStmnt>
<BasicStmnt CovItemId="S67" CovItemPrefix="group2.game.City.java" Intrnl_Id="3013">
<LocList>
<Loc EndOffset="2816" SrcFileId="28" StartOffset="2795"/>
</LocList>
</BasicStmnt>
</StmntSeq>
</Branch>
<Branch CovItemId="B14" CovItemPrefix="group2.game.City.java" Implct="true" Intrnl_Id="3014">
<Cond/>
<LocList/>
<StmntSeq Intrnl_Id="3015">
<LocList/>
</StmntSeq>
</Branch>
<Keyword EndOffset="2509" SrcFileId="28" StartOffset="2507"/>
<LocList>
<Loc EndOffset="2821" SrcFileId="28" StartOffset="2507"/>
</LocList>
<RootTerm CovItemId="C7" CovItemPrefix="group2.game.City.java" Intrnl_Id="3016">
<BasicBoolTerm Intrnl_Id="3017">
<LocList>
<Loc EndOffset="2533" SrcFileId="28" StartOffset="2511"/>
</LocList>
</BasicBoolTerm>
</RootTerm>
</CondStmnt>
</StmntSeq>
</HierarchyLvl>
</HierarchyLvl>
<HierarchyLvl HierarchyLvlId="13138" HierarchyLvlTypeId="38" Intrnl_Id="3018" Name="Buffer">
<Header>
<Loc EndOffset="66" SrcFileId="29" StartOffset="22"/>
</Header>
<LocList>
<Loc EndOffset="908" SrcFileId="29" StartOffset="22"/>
</LocList>
<StmntSeq Intrnl_Id="3019">
<LocList>
<Loc EndOffset="126" SrcFileId="29" StartOffset="99"/>
<Loc EndOffset="149" SrcFileId="29" StartOffset="128"/>
<Loc EndOffset="174" SrcFileId="29" StartOffset="151"/>
<Loc EndOffset="273" SrcFileId="29" StartOffset="196"/>
<Loc EndOffset="299" SrcFileId="29" StartOffset="275"/>
<Loc EndOffset="324" SrcFileId="29" StartOffset="301"/>
<Loc EndOffset="346" SrcFileId="29" StartOffset="326"/>
</LocList>
<BasicStmnt CovItemId="S1" CovItemPrefix="group2.game.Buffer.java" Intrnl_Id="3020">
<LocList>
<Loc EndOffset="126" SrcFileId="29" StartOffset="99"/>
</LocList>
</BasicStmnt>
<BasicStmnt CovItemId="S2" CovItemPrefix="group2.game.Buffer.java" Intrnl_Id="3021">
<LocList>
<Loc EndOffset="149" SrcFileId="29" StartOffset="128"/>
</LocList>
</BasicStmnt>
<BasicStmnt CovItemId="S3" CovItemPrefix="group2.game.Buffer.java" Intrnl_Id="3022">
<LocList>
<Loc EndOffset="174" SrcFileId="29" StartOffset="151"/>
</LocList>
</BasicStmnt>
<BasicStmnt CovItemId="S4" CovItemPrefix="group2.game.Buffer.java" Intrnl_Id="3023">
<LocList>
<Loc EndOffset="273" SrcFileId="29" StartOffset="196"/>
</LocList>
</BasicStmnt>
<BasicStmnt CovItemId="S5" CovItemPrefix="group2.game.Buffer.java" Intrnl_Id="3024">
<LocList>
<Loc EndOffset="299" SrcFileId="29" StartOffset="275"/>
</LocList>
</BasicStmnt>
<BasicStmnt CovItemId="S6" CovItemPrefix="group2.game.Buffer.java" Intrnl_Id="3025">
<LocList>
<Loc EndOffset="324" SrcFileId="29" StartOffset="301"/>
</LocList>
</BasicStmnt>
<BasicStmnt CovItemId="S7" CovItemPrefix="group2.game.Buffer.java" Intrnl_Id="3026">
<LocList>
<Loc EndOffset="346" SrcFileId="29" StartOffset="326"/>
</LocList>
</BasicStmnt>
</StmntSeq>
<HierarchyLvl HierarchyLvlId="13134" HierarchyLvlTypeId="39" Intrnl_Id="3027" Name="Buffer">
<Header>
<Loc EndOffset="357" SrcFileId="29" StartOffset="349"/>
</Header>
<LocList>
<Loc EndOffset="545" SrcFileId="29" StartOffset="349"/>
</LocList>
<StmntSeq Intrnl_Id="3028">
<LocList>
<Loc EndOffset="392" SrcFileId="29" StartOffset="362"/>
<Loc EndOffset="428" SrcFileId="29" StartOffset="395"/>
<Loc EndOffset="466" SrcFileId="29" StartOffset="431"/>
<Loc EndOffset="488" SrcFileId="29" StartOffset="469"/>
<Loc EndOffset="513" SrcFileId="29" StartOffset="491"/>
<Loc EndOffset="542" SrcFileId="29" StartOffset="516"/>
</LocList>
<BasicStmnt CovItemId="S8" CovItemPrefix="group2.game.Buffer.java" Intrnl_Id="3029">
<LocList>
<Loc EndOffset="392" SrcFileId="29" StartOffset="362"/>
</LocList>
</BasicStmnt>
<BasicStmnt CovItemId="S9" CovItemPrefix="group2.game.Buffer.java" Intrnl_Id="3030">
<LocList>
<Loc EndOffset="428" SrcFileId="29" StartOffset="395"/>
</LocList>
</BasicStmnt>
<BasicStmnt CovItemId="S10" CovItemPrefix="group2.game.Buffer.java" Intrnl_Id="3031">
<LocList>
<Loc EndOffset="466" SrcFileId="29" StartOffset="431"/>
</LocList>
</BasicStmnt>
<BasicStmnt CovItemId="S11" CovItemPrefix="group2.game.Buffer.java" Intrnl_Id="3032">
<LocList>
<Loc EndOffset="488" SrcFileId="29" StartOffset="469"/>
</LocList>
</BasicStmnt>
<BasicStmnt CovItemId="S12" CovItemPrefix="group2.game.Buffer.java" Intrnl_Id="3033">
<LocList>
<Loc EndOffset="513" SrcFileId="29" StartOffset="491"/>
</LocList>
</BasicStmnt>
<BasicStmnt CovItemId="S13" CovItemPrefix="group2.game.Buffer.java" Intrnl_Id="3034">
<LocList>
<Loc EndOffset="542" SrcFileId="29" StartOffset="516"/>
</LocList>
</BasicStmnt>
</StmntSeq>
</HierarchyLvl>
<HierarchyLvl HierarchyLvlId="13135" HierarchyLvlTypeId="39" Intrnl_Id="3035" Name="checkIfInBuffer">
<Header>
<Loc EndOffset="598" SrcFileId="29" StartOffset="548"/>
</Header>
<LocList>
<Loc EndOffset="736" SrcFileId="29" StartOffset="548"/>
</LocList>
<StmntSeq Intrnl_Id="3036">
<LocList>
<Loc EndOffset="732" SrcFileId="29" StartOffset="603"/>
</LocList>
<BasicStmnt CovItemId="S14" CovItemPrefix="group2.game.Buffer.java" Intrnl_Id="3037">
<LocList>
<Loc EndOffset="732" SrcFileId="29" StartOffset="603"/>
</LocList>
</BasicStmnt>
</StmntSeq>
</HierarchyLvl>
<HierarchyLvl HierarchyLvlId="13136" HierarchyLvlTypeId="39" Intrnl_Id="3038" Name="deployBuffer">
<Header>
<Loc EndOffset="765" SrcFileId="29" StartOffset="739"/>
</Header>
<LocList>
<Loc EndOffset="806" SrcFileId="29" StartOffset="739"/>
</LocList>
<StmntSeq Intrnl_Id="3039">
<LocList>
<Loc EndOffset="786" SrcFileId="29" StartOffset="770"/>
<Loc EndOffset="803" SrcFileId="29" StartOffset="789"/>
</LocList>
<BasicStmnt CovItemId="S15" CovItemPrefix="group2.game.Buffer.java" Intrnl_Id="3040">
<LocList>
<Loc EndOffset="786" SrcFileId="29" StartOffset="770"/>
</LocList>
</BasicStmnt>
<BasicStmnt CovItemId="S16" CovItemPrefix="group2.game.Buffer.java" Intrnl_Id="3041">
<LocList>
<Loc EndOffset="803" SrcFileId="29" StartOffset="789"/>
</LocList>
</BasicStmnt>
</StmntSeq>
</HierarchyLvl>
<HierarchyLvl HierarchyLvlId="13137" HierarchyLvlTypeId="39" Intrnl_Id="3042" Name="update">
<Header>
<Loc EndOffset="830" SrcFileId="29" StartOffset="810"/>
</Header>
<LocList>
<Loc EndOffset="906" SrcFileId="29" StartOffset="810"/>
</LocList>
<StmntSeq Intrnl_Id="3043">
<LocList>
<Loc EndOffset="862" SrcFileId="29" StartOffset="834"/>
<Loc EndOffset="903" SrcFileId="29" StartOffset="865"/>
</LocList>
<CondStmnt CovItemId="S17" CovItemPrefix="group2.game.Buffer.java" Intrnl_Id="3044">
<Branch CovItemId="B1" CovItemPrefix="group2.game.Buffer.java" Implct="false" Intrnl_Id="3045">
<Cond/>
<LocList>
<Loc EndOffset="862" SrcFileId="29" StartOffset="846"/>
</LocList>
<StmntSeq Intrnl_Id="3046">
<LocList>
<Loc EndOffset="858" SrcFileId="29" StartOffset="851"/>
</LocList>
<BasicStmnt CovItemId="S18" CovItemPrefix="group2.game.Buffer.java" Intrnl_Id="3047">
<LocList>
<Loc EndOffset="858" SrcFileId="29" StartOffset="851"/>
</LocList>
</BasicStmnt>
</StmntSeq>
</Branch>
<Branch CovItemId="B2" CovItemPrefix="group2.game.Buffer.java" Implct="true" Intrnl_Id="3048">
<Cond/>
<LocList/>
<StmntSeq Intrnl_Id="3049">
<LocList/>
</StmntSeq>
</Branch>
<Keyword EndOffset="836" SrcFileId="29" StartOffset="834"/>
<LocList>
<Loc EndOffset="862" SrcFileId="29" StartOffset="834"/>
</LocList>
<RootTerm CovItemId="C1" CovItemPrefix="group2.game.Buffer.java" Intrnl_Id="3050">
<BasicBoolTerm Intrnl_Id="3051">
<LocList>
<Loc EndOffset="845" SrcFileId="29" StartOffset="837"/>
</LocList>
</BasicBoolTerm>
</RootTerm>
</CondStmnt>
<CondStmnt CovItemId="S19" CovItemPrefix="group2.game.Buffer.java" Intrnl_Id="3052">
<Branch CovItemId="B3" CovItemPrefix="group2.game.Buffer.java" Implct="false" Intrnl_Id="3053">
<Cond/>
<LocList>
<Loc EndOffset="903" SrcFileId="29" StartOffset="877"/>
</LocList>
<StmntSeq Intrnl_Id="3054">
<LocList>
<Loc EndOffset="899" SrcFileId="29" StartOffset="882"/>
</LocList>
<BasicStmnt CovItemId="S20" CovItemPrefix="group2.game.Buffer.java" Intrnl_Id="3055">
<LocList>
<Loc EndOffset="899" SrcFileId="29" StartOffset="882"/>
</LocList>
</BasicStmnt>
</StmntSeq>
</Branch>
<Branch CovItemId="B4" CovItemPrefix="group2.game.Buffer.java" Implct="true" Intrnl_Id="3056">
<Cond/>
<LocList/>
<StmntSeq Intrnl_Id="3057">
<LocList/>
</StmntSeq>
</Branch>
<Keyword EndOffset="867" SrcFileId="29" StartOffset="865"/>
<LocList>
<Loc EndOffset="903" SrcFileId="29" StartOffset="865"/>
</LocList>
<RootTerm CovItemId="C2" CovItemPrefix="group2.game.Buffer.java" Intrnl_Id="3058">
<BasicBoolTerm Intrnl_Id="3059">
<LocList>
<Loc EndOffset="876" SrcFileId="29" StartOffset="868"/>
</LocList>
</BasicBoolTerm>
</RootTerm>
</CondStmnt>
</StmntSeq>
</HierarchyLvl>
</HierarchyLvl>
<HierarchyLvl HierarchyLvlId="13140" HierarchyLvlTypeId="38" Intrnl_Id="3060" Name="Broom">
<Header>
<Loc EndOffset="79" SrcFileId="30" StartOffset="45"/>
</Header>
<LocList>
<Loc EndOffset="329" SrcFileId="30" StartOffset="45"/>
</LocList>
<HierarchyLvl HierarchyLvlId="13139" HierarchyLvlTypeId="39" Intrnl_Id="3061" Name="Broom">
<Header>
<Loc EndOffset="108" SrcFileId="30" StartOffset="84"/>
</Header>
<LocList>
<Loc EndOffset="326" SrcFileId="30" StartOffset="84"/>
</LocList>
<StmntSeq Intrnl_Id="3062">
<LocList>
<Loc EndOffset="129" SrcFileId="30" StartOffset="113"/>
<Loc EndOffset="148" SrcFileId="30" StartOffset="133"/>
<Loc EndOffset="174" SrcFileId="30" StartOffset="151"/>
<Loc EndOffset="249" SrcFileId="30" StartOffset="177"/>
<Loc EndOffset="323" SrcFileId="30" StartOffset="252"/>
</LocList>
<BasicStmnt CovItemId="S1" CovItemPrefix="group2.game.Broom.java" Intrnl_Id="3063">
<LocList>
<Loc EndOffset="129" SrcFileId="30" StartOffset="113"/>
</LocList>
</BasicStmnt>
<BasicStmnt CovItemId="S2" CovItemPrefix="group2.game.Broom.java" Intrnl_Id="3064">
<LocList>
<Loc EndOffset="148" SrcFileId="30" StartOffset="133"/>
</LocList>
</BasicStmnt>
<BasicStmnt CovItemId="S3" CovItemPrefix="group2.game.Broom.java" Intrnl_Id="3065">
<LocList>
<Loc EndOffset="174" SrcFileId="30" StartOffset="151"/>
</LocList>
</BasicStmnt>
<BasicStmnt CovItemId="S4" CovItemPrefix="group2.game.Broom.java" Intrnl_Id="3066">
<LocList>
<Loc EndOffset="249" SrcFileId="30" StartOffset="177"/>
</LocList>
</BasicStmnt>
<BasicStmnt CovItemId="S5" CovItemPrefix="group2.game.Broom.java" Intrnl_Id="3067">
<LocList>
<Loc EndOffset="323" SrcFileId="30" StartOffset="252"/>
</LocList>
</BasicStmnt>
</StmntSeq>
</HierarchyLvl>
</HierarchyLvl>
<HierarchyLvl HierarchyLvlId="13143" HierarchyLvlTypeId="38" Intrnl_Id="3068" Name="Bin">
<Header>
<Loc EndOffset="81" SrcFileId="31" StartOffset="46"/>
</Header>
<LocList>
<Loc EndOffset="401" SrcFileId="31" StartOffset="46"/>
</LocList>
<HierarchyLvl HierarchyLvlId="13141" HierarchyLvlTypeId="39" Intrnl_Id="3069" Name="Bin">
<Header>
<Loc EndOffset="147" SrcFileId="31" StartOffset="125"/>
</Header>
<LocList>
<Loc EndOffset="222" SrcFileId="31" StartOffset="125"/>
</LocList>
<StmntSeq Intrnl_Id="3070">
<LocList>
<Loc EndOffset="161" SrcFileId="31" StartOffset="152"/>
<Loc EndOffset="182" SrcFileId="31" StartOffset="164"/>
<Loc EndOffset="201" SrcFileId="31" StartOffset="185"/>
<Loc EndOffset="219" SrcFileId="31" StartOffset="204"/>
</LocList>
<BasicStmnt CovItemId="S1" CovItemPrefix="group2.game.Bin.java" Intrnl_Id="3071">
<LocList>
<Loc EndOffset="161" SrcFileId="31" StartOffset="152"/>
</LocList>
</BasicStmnt>
<BasicStmnt CovItemId="S2" CovItemPrefix="group2.game.Bin.java" Intrnl_Id="3072">
<LocList>
<Loc EndOffset="182" SrcFileId="31" StartOffset="164"/>
</LocList>
</BasicStmnt>
<BasicStmnt CovItemId="S3" CovItemPrefix="group2.game.Bin.java" Intrnl_Id="3073">
<LocList>
<Loc EndOffset="201" SrcFileId="31" StartOffset="185"/>
</LocList>
</BasicStmnt>
<BasicStmnt CovItemId="S4" CovItemPrefix="group2.game.Bin.java" Intrnl_Id="3074">
<LocList>
<Loc EndOffset="219" SrcFileId="31" StartOffset="204"/>
</LocList>
</BasicStmnt>
</StmntSeq>
</HierarchyLvl>
<HierarchyLvl HierarchyLvlId="13142" HierarchyLvlTypeId="39" Intrnl_Id="3075" Name="checkIfInBin">
<Header>
<Loc EndOffset="272" SrcFileId="31" StartOffset="225"/>
</Header>
<LocList>
<Loc EndOffset="399" SrcFileId="31" StartOffset="225"/>
</LocList>
<StmntSeq Intrnl_Id="3076">
<LocList>
<Loc EndOffset="396" SrcFileId="31" StartOffset="277"/>
</LocList>
<BasicStmnt CovItemId="S5" CovItemPrefix="group2.game.Bin.java" Intrnl_Id="3077">
<LocList>
<Loc EndOffset="396" SrcFileId="31" StartOffset="277"/>
</LocList>
</BasicStmnt>
</StmntSeq>
</HierarchyLvl>
</HierarchyLvl>
<HierarchyLvl HierarchyLvlId="13149" HierarchyLvlTypeId="38" Intrnl_Id="3078" Name="AePlayWave">
<Header>
<Loc EndOffset="482" SrcFileId="32" StartOffset="444"/>
</Header>
<LocList>
<Loc EndOffset="489" SrcFileId="32" StartOffset="444"/>
<Loc EndOffset="2538" SrcFileId="32" StartOffset="531"/>
</LocList>
<StmntSeq Intrnl_Id="3079">
<LocList>
<Loc EndOffset="761" SrcFileId="32" StartOffset="713"/>
</LocList>
<BasicStmnt CovItemId="S2" CovItemPrefix="group2.game.AePlayWave.java" Intrnl_Id="3080">
<LocList>
<Loc EndOffset="761" SrcFileId="32" StartOffset="713"/>
</LocList>
</BasicStmnt>
</StmntSeq>
<HierarchyLvl HierarchyLvlId="13144" HierarchyLvlTypeId="36" Intrnl_Id="3081" Name="Position">
<Header>
<Loc EndOffset="502" SrcFileId="32" StartOffset="489"/>
</Header>
<LocList>
<Loc EndOffset="531" SrcFileId="32" StartOffset="489"/>
</LocList>
</HierarchyLvl>
<HierarchyLvl HierarchyLvlId="13145" HierarchyLvlTypeId="39" Intrnl_Id="3082" Name="main">
<Header>
<Loc EndOffset="574" SrcFileId="32" StartOffset="536"/>
</Header>
<LocList>
<Loc EndOffset="644" SrcFileId="32" StartOffset="536"/>
</LocList>
<StmntSeq Intrnl_Id="3083">
<LocList>
<Loc EndOffset="640" SrcFileId="32" StartOffset="582"/>
</LocList>
<BasicStmnt CovItemId="S1" CovItemPrefix="group2.game.AePlayWave.java" Intrnl_Id="3084">
<LocList>
<Loc EndOffset="640" SrcFileId="32" StartOffset="582"/>
</LocList>
</BasicStmnt>
</StmntSeq>
</HierarchyLvl>
<HierarchyLvl HierarchyLvlId="13146" HierarchyLvlTypeId="39" Intrnl_Id="3085" Name="AePlayWave">
<Header>
<Loc EndOffset="808" SrcFileId="32" StartOffset="775"/>
</Header>
<LocList>
<Loc EndOffset="871" SrcFileId="32" StartOffset="775"/>
</LocList>
<StmntSeq Intrnl_Id="3086">
<LocList>
<Loc EndOffset="833" SrcFileId="32" StartOffset="814"/>
<Loc EndOffset="867" SrcFileId="32" StartOffset="837"/>
</LocList>
<BasicStmnt CovItemId="S3" CovItemPrefix="group2.game.AePlayWave.java" Intrnl_Id="3087">
<LocList>
<Loc EndOffset="833" SrcFileId="32" StartOffset="814"/>
</LocList>
</BasicStmnt>
<BasicStmnt CovItemId="S4" CovItemPrefix="group2.game.AePlayWave.java" Intrnl_Id="3088">
<LocList>
<Loc EndOffset="867" SrcFileId="32" StartOffset="837"/>
</LocList>
</BasicStmnt>
</StmntSeq>
</HierarchyLvl>
<HierarchyLvl HierarchyLvlId="13147" HierarchyLvlTypeId="39" Intrnl_Id="3089" Name="AePlayWave">
<Header>
<Loc EndOffset="921" SrcFileId="32" StartOffset="876"/>
</Header>
<LocList>
<Loc EndOffset="970" SrcFileId="32" StartOffset="876"/>
</LocList>
<StmntSeq Intrnl_Id="3090">
<LocList>
<Loc EndOffset="946" SrcFileId="32" StartOffset="927"/>
<Loc EndOffset="966" SrcFileId="32" StartOffset="950"/>
</LocList>
<BasicStmnt CovItemId="S5" CovItemPrefix="group2.game.AePlayWave.java" Intrnl_Id="3091">
<LocList>
<Loc EndOffset="946" SrcFileId="32" StartOffset="927"/>
</LocList>
</BasicStmnt>
<BasicStmnt CovItemId="S6" CovItemPrefix="group2.game.AePlayWave.java" Intrnl_Id="3092">
<LocList>
<Loc EndOffset="966" SrcFileId="32" StartOffset="950"/>
</LocList>
</BasicStmnt>
</StmntSeq>
</HierarchyLvl>
<HierarchyLvl HierarchyLvlId="13148" HierarchyLvlTypeId="39" Intrnl_Id="3093" Name="run">
<Header>
<Loc EndOffset="1004" SrcFileId="32" StartOffset="975"/>
</Header>
<LocList>
<Loc EndOffset="2535" SrcFileId="32" StartOffset="975"/>
</LocList>
<StmntSeq Intrnl_Id="3094">
<LocList>
<Loc EndOffset="1048" SrcFileId="32" StartOffset="1012"/>
<Loc EndOffset="1155" SrcFileId="32" StartOffset="1052"/>
<Loc EndOffset="1202" SrcFileId="32" StartOffset="1161"/>
<Loc EndOffset="1278" SrcFileId="32" StartOffset="1216"/>
<Loc EndOffset="1437" SrcFileId="32" StartOffset="1206"/>
<Loc EndOffset="1493" SrcFileId="32" StartOffset="1443"/>
<Loc EndOffset="1526" SrcFileId="32" StartOffset="1497"/>
<Loc EndOffset="1599" SrcFileId="32" StartOffset="1530"/>
<Loc EndOffset="1667" SrcFileId="32" StartOffset="1615"/>
<Loc EndOffset="1692" SrcFileId="32" StartOffset="1672"/>
<Loc EndOffset="1840" SrcFileId="32" StartOffset="1605"/>
<Loc EndOffset="2126" SrcFileId="32" StartOffset="1846"/>
<Loc EndOffset="2147" SrcFileId="32" StartOffset="2132"/>
<Loc EndOffset="2170" SrcFileId="32" StartOffset="2151"/>
<Loc EndOffset="2221" SrcFileId="32" StartOffset="2174"/>
<Loc EndOffset="2405" SrcFileId="32" StartOffset="2237"/>
<Loc EndOffset="2476" SrcFileId="32" StartOffset="2227"/>
<Loc EndOffset="2506" SrcFileId="32" StartOffset="2491"/>
<Loc EndOffset="2526" SrcFileId="32" StartOffset="2511"/>
</LocList>
<BasicStmnt CovItemId="S7" CovItemPrefix="group2.game.AePlayWave.java" Intrnl_Id="3095">
<LocList>
<Loc EndOffset="1048" SrcFileId="32" StartOffset="1012"/>
</LocList>
</BasicStmnt>
<CondStmnt CovItemId="S8" CovItemPrefix="group2.game.AePlayWave.java" Intrnl_Id="3096">
<Branch CovItemId="B1" CovItemPrefix="group2.game.AePlayWave.java" Implct="false" Intrnl_Id="3097">
<Cond/>
<LocList>
<Loc EndOffset="1155" SrcFileId="32" StartOffset="1077"/>
</LocList>
<StmntSeq Intrnl_Id="3098">
<LocList>
<Loc EndOffset="1138" SrcFileId="32" StartOffset="1083"/>
<Loc EndOffset="1150" SrcFileId="32" StartOffset="1143"/>
</LocList>
<BasicStmnt CovItemId="S9" CovItemPrefix="group2.game.AePlayWave.java" Intrnl_Id="3099">
<LocList>
<Loc EndOffset="1138" SrcFileId="32" StartOffset="1083"/>
</LocList>
</BasicStmnt>
<BasicStmnt CovItemId="S10" CovItemPrefix="group2.game.AePlayWave.java" Intrnl_Id="3100">
<LocList>
<Loc EndOffset="1150" SrcFileId="32" StartOffset="1143"/>
</LocList>
</BasicStmnt>
</StmntSeq>
</Branch>
<Branch CovItemId="B2" CovItemPrefix="group2.game.AePlayWave.java" Implct="true" Intrnl_Id="3101">
<Cond/>
<LocList/>
<StmntSeq Intrnl_Id="3102">
<LocList/>
</StmntSeq>
</Branch>
<Keyword EndOffset="1054" SrcFileId="32" StartOffset="1052"/>
<LocList>
<Loc EndOffset="1155" SrcFileId="32" StartOffset="1052"/>
</LocList>
<RootTerm CovItemId="C1" CovItemPrefix="group2.game.AePlayWave.java" Intrnl_Id="3103">
<OpTerm BooleanOpId="33" Intrnl_Id="3104">
<BasicBoolTerm Intrnl_Id="3105">
<LocList>
<Loc EndOffset="1075" SrcFileId="32" StartOffset="1057"/>
</LocList>
</BasicBoolTerm>
<LocList>
<Loc EndOffset="1057" SrcFileId="32" StartOffset="1056"/>
</LocList>
</OpTerm>
</RootTerm>
</CondStmnt>
<BasicStmnt CovItemId="S11" CovItemPrefix="group2.game.AePlayWave.java" Intrnl_Id="3106">
<LocList>
<Loc EndOffset="1202" SrcFileId="32" StartOffset="1161"/>
</LocList>
</BasicStmnt>
<BasicStmnt CovItemId="S13" CovItemPrefix="group2.game.AePlayWave.java" Intrnl_Id="3107">
<LocList>
<Loc EndOffset="1278" SrcFileId="32" StartOffset="1216"/>
</LocList>
</BasicStmnt>
<CondStmnt CovItemId="S12" CovItemPrefix="group2.game.AePlayWave.java" Intrnl_Id="3108">
<Branch CovItemId="B3" CovItemPrefix="group2.game.AePlayWave.java" Implct="true" Intrnl_Id="3109">
<Cond/>
<LocList/>
<StmntSeq Intrnl_Id="3110">
<LocList/>
</StmntSeq>
</Branch>
<Branch CovItemId="B4" CovItemPrefix="group2.game.AePlayWave.java" Implct="false" Intrnl_Id="3111">
<Cond>
<Loc EndOffset="1324" SrcFileId="32" StartOffset="1284"/>
</Cond>
<LocList>
<Loc EndOffset="1369" SrcFileId="32" StartOffset="1325"/>
</LocList>
<StmntSeq Intrnl_Id="3112">
<LocList>
<Loc EndOffset="1352" SrcFileId="32" StartOffset="1331"/>
<Loc EndOffset="1364" SrcFileId="32" StartOffset="1357"/>
</LocList>
<BasicStmnt CovItemId="S14" CovItemPrefix="group2.game.AePlayWave.java" Intrnl_Id="3113">
<LocList>
<Loc EndOffset="1352" SrcFileId="32" StartOffset="1331"/>
</LocList>
</BasicStmnt>
<BasicStmnt CovItemId="S15" CovItemPrefix="group2.game.AePlayWave.java" Intrnl_Id="3114">
<LocList>
<Loc EndOffset="1364" SrcFileId="32" StartOffset="1357"/>
</LocList>
</BasicStmnt>
</StmntSeq>
</Branch>
<Branch CovItemId="B5" CovItemPrefix="group2.game.AePlayWave.java" Implct="false" Intrnl_Id="3115">
<Cond>
<Loc EndOffset="1392" SrcFileId="32" StartOffset="1370"/>
</Cond>
<LocList>
<Loc EndOffset="1437" SrcFileId="32" StartOffset="1393"/>
</LocList>
<StmntSeq Intrnl_Id="3116">
<LocList>
<Loc EndOffset="1420" SrcFileId="32" StartOffset="1399"/>
<Loc EndOffset="1432" SrcFileId="32" StartOffset="1425"/>
</LocList>
<BasicStmnt CovItemId="S16" CovItemPrefix="group2.game.AePlayWave.java" Intrnl_Id="3117">
<LocList>
<Loc EndOffset="1420" SrcFileId="32" StartOffset="1399"/>
</LocList>
</BasicStmnt>
<BasicStmnt CovItemId="S17" CovItemPrefix="group2.game.AePlayWave.java" Intrnl_Id="3118">
<LocList>
<Loc EndOffset="1432" SrcFileId="32" StartOffset="1425"/>
</LocList>
</BasicStmnt>
</StmntSeq>
</Branch>
<Keyword EndOffset="1209" SrcFileId="32" StartOffset="1206"/>
<LocList>
<Loc EndOffset="1437" SrcFileId="32" StartOffset="1206"/>
</LocList>
</CondStmnt>
<BasicStmnt CovItemId="S18" CovItemPrefix="group2.game.AePlayWave.java" Intrnl_Id="3119">
<LocList>
<Loc EndOffset="1493" SrcFileId="32" StartOffset="1443"/>
</LocList>
</BasicStmnt>
<BasicStmnt CovItemId="S19" CovItemPrefix="group2.game.AePlayWave.java" Intrnl_Id="3120">
<LocList>
<Loc EndOffset="1526" SrcFileId="32" StartOffset="1497"/>
</LocList>
</BasicStmnt>
<BasicStmnt CovItemId="S20" CovItemPrefix="group2.game.AePlayWave.java" Intrnl_Id="3121">
<LocList>
<Loc EndOffset="1599" SrcFileId="32" StartOffset="1530"/>
</LocList>
</BasicStmnt>
<BasicStmnt CovItemId="S22" CovItemPrefix="group2.game.AePlayWave.java" Intrnl_Id="3122">
<LocList>
<Loc EndOffset="1667" SrcFileId="32" StartOffset="1615"/>
</LocList>
</BasicStmnt>
<BasicStmnt CovItemId="S23" CovItemPrefix="group2.game.AePlayWave.java" Intrnl_Id="3123">
<LocList>
<Loc EndOffset="1692" SrcFileId="32" StartOffset="1672"/>
</LocList>
</BasicStmnt>
<CondStmnt CovItemId="S21" CovItemPrefix="group2.game.AePlayWave.java" Intrnl_Id="3124">
<Branch CovItemId="B6" CovItemPrefix="group2.game.AePlayWave.java" Implct="true" Intrnl_Id="3125">
<Cond/>
<LocList/>
<StmntSeq Intrnl_Id="3126">
<LocList/>
</StmntSeq>
</Branch>
<Branch CovItemId="B7" CovItemPrefix="group2.game.AePlayWave.java" Implct="false" Intrnl_Id="3127">
<Cond>
<Loc EndOffset="1732" SrcFileId="32" StartOffset="1698"/>
</Cond>
<LocList>
<Loc EndOffset="1776" SrcFileId="32" StartOffset="1733"/>
</LocList>
<StmntSeq Intrnl_Id="3128">
<LocList>
<Loc EndOffset="1759" SrcFileId="32" StartOffset="1739"/>
<Loc EndOffset="1771" SrcFileId="32" StartOffset="1764"/>
</LocList>
<BasicStmnt CovItemId="S24" CovItemPrefix="group2.game.AePlayWave.java" Intrnl_Id="3129">
<LocList>
<Loc EndOffset="1759" SrcFileId="32" StartOffset="1739"/>
</LocList>
</BasicStmnt>
<BasicStmnt CovItemId="S25" CovItemPrefix="group2.game.AePlayWave.java" Intrnl_Id="3130">
<LocList>
<Loc EndOffset="1771" SrcFileId="32" StartOffset="1764"/>
</LocList>
</BasicStmnt>
</StmntSeq>
</Branch>
<Branch CovItemId="B8" CovItemPrefix="group2.game.AePlayWave.java" Implct="false" Intrnl_Id="3131">
<Cond>
<Loc EndOffset="1796" SrcFileId="32" StartOffset="1777"/>
</Cond>
<LocList>
<Loc EndOffset="1840" SrcFileId="32" StartOffset="1797"/>
</LocList>
<StmntSeq Intrnl_Id="3132">
<LocList>
<Loc EndOffset="1823" SrcFileId="32" StartOffset="1803"/>
<Loc EndOffset="1835" SrcFileId="32" StartOffset="1828"/>
</LocList>
<BasicStmnt CovItemId="S26" CovItemPrefix="group2.game.AePlayWave.java" Intrnl_Id="3133">
<LocList>
<Loc EndOffset="1823" SrcFileId="32" StartOffset="1803"/>
</LocList>
</BasicStmnt>
<BasicStmnt CovItemId="S27" CovItemPrefix="group2.game.AePlayWave.java" Intrnl_Id="3134">
<LocList>
<Loc EndOffset="1835" SrcFileId="32" StartOffset="1828"/>
</LocList>
</BasicStmnt>
</StmntSeq>
</Branch>
<Keyword EndOffset="1608" SrcFileId="32" StartOffset="1605"/>
<LocList>
<Loc EndOffset="1840" SrcFileId="32" StartOffset="1605"/>
</LocList>
</CondStmnt>
<CondStmnt CovItemId="S28" CovItemPrefix="group2.game.AePlayWave.java" Intrnl_Id="3135">
<Branch CovItemId="B9" CovItemPrefix="group2.game.AePlayWave.java" Implct="false" Intrnl_Id="3136">
<Cond/>
<LocList>
<Loc EndOffset="2126" SrcFileId="32" StartOffset="1900"/>
</LocList>
<StmntSeq Intrnl_Id="3137">
<LocList>
<Loc EndOffset="1988" SrcFileId="32" StartOffset="1906"/>
<Loc EndOffset="2121" SrcFileId="32" StartOffset="1993"/>
</LocList>
<BasicStmnt CovItemId="S29" CovItemPrefix="group2.game.AePlayWave.java" Intrnl_Id="3138">
<LocList>
<Loc EndOffset="1988" SrcFileId="32" StartOffset="1906"/>
</LocList>
</BasicStmnt>
<CondStmnt CovItemId="S30" CovItemPrefix="group2.game.AePlayWave.java" Intrnl_Id="3139">
<Branch CovItemId="B11" CovItemPrefix="group2.game.AePlayWave.java" Implct="false" Intrnl_Id="3140">
<Cond/>
<LocList>
<Loc EndOffset="2052" SrcFileId="32" StartOffset="2033"/>
</LocList>
<StmntSeq Intrnl_Id="3141">
<LocList>
<Loc EndOffset="2052" SrcFileId="32" StartOffset="2033"/>
</LocList>
<BasicStmnt CovItemId="S31" CovItemPrefix="group2.game.AePlayWave.java" Intrnl_Id="3142">
<LocList>
<Loc EndOffset="2052" SrcFileId="32" StartOffset="2033"/>
</LocList>
</BasicStmnt>
</StmntSeq>
</Branch>
<Branch CovItemId="B12" CovItemPrefix="group2.game.AePlayWave.java" Implct="false" Intrnl_Id="3143">
<Cond>
<Loc EndOffset="2061" SrcFileId="32" StartOffset="2057"/>
</Cond>
<LocList>
<Loc EndOffset="2121" SrcFileId="32" StartOffset="2062"/>
</LocList>
<StmntSeq Intrnl_Id="3144">
<LocList>
<Loc EndOffset="2121" SrcFileId="32" StartOffset="2062"/>
</LocList>
<CondStmnt CovItemId="S32" CovItemPrefix="group2.game.AePlayWave.java" Intrnl_Id="3145">
<Branch CovItemId="B13" CovItemPrefix="group2.game.AePlayWave.java" Implct="false" Intrnl_Id="3146">
<Cond/>
<LocList>
<Loc EndOffset="2121" SrcFileId="32" StartOffset="2101"/>
</LocList>
<StmntSeq Intrnl_Id="3147">
<LocList>
<Loc EndOffset="2121" SrcFileId="32" StartOffset="2101"/>
</LocList>
<BasicStmnt CovItemId="S33" CovItemPrefix="group2.game.AePlayWave.java" Intrnl_Id="3148">
<LocList>
<Loc EndOffset="2121" SrcFileId="32" StartOffset="2101"/>
</LocList>
</BasicStmnt>
</StmntSeq>
</Branch>
<Branch CovItemId="B14" CovItemPrefix="group2.game.AePlayWave.java" Implct="true" Intrnl_Id="3149">
<Cond/>
<LocList/>
<StmntSeq Intrnl_Id="3150">
<LocList/>
</StmntSeq>
</Branch>
<Keyword EndOffset="2064" SrcFileId="32" StartOffset="2062"/>
<LocList>
<Loc EndOffset="2121" SrcFileId="32" StartOffset="2062"/>
</LocList>
<RootTerm CovItemId="C4" CovItemPrefix="group2.game.AePlayWave.java" Intrnl_Id="3151">
<BasicBoolTerm Intrnl_Id="3152">
<LocList>
<Loc EndOffset="2094" SrcFileId="32" StartOffset="2066"/>
</LocList>
</BasicBoolTerm>
</RootTerm>
</CondStmnt>
</StmntSeq>
</Branch>
<Keyword EndOffset="1995" SrcFileId="32" StartOffset="1993"/>
<LocList>
<Loc EndOffset="2121" SrcFileId="32" StartOffset="1993"/>
</LocList>
<RootTerm CovItemId="C3" CovItemPrefix="group2.game.AePlayWave.java" Intrnl_Id="3153">
<BasicBoolTerm Intrnl_Id="3154">
<LocList>
<Loc EndOffset="2026" SrcFileId="32" StartOffset="1997"/>
</LocList>
</BasicBoolTerm>
</RootTerm>
</CondStmnt>
</StmntSeq>
</Branch>
<Branch CovItemId="B10" CovItemPrefix="group2.game.AePlayWave.java" Implct="true" Intrnl_Id="3155">
<Cond/>
<LocList/>
<StmntSeq Intrnl_Id="3156">
<LocList/>
</StmntSeq>
</Branch>
<Keyword EndOffset="1848" SrcFileId="32" StartOffset="1846"/>
<LocList>
<Loc EndOffset="2126" SrcFileId="32" StartOffset="1846"/>
</LocList>
<RootTerm CovItemId="C2" CovItemPrefix="group2.game.AePlayWave.java" Intrnl_Id="3157">
<BasicBoolTerm Intrnl_Id="3158">
<LocList>
<Loc EndOffset="1898" SrcFileId="32" StartOffset="1850"/>
</LocList>
</BasicBoolTerm>
</RootTerm>
</CondStmnt>
<BasicStmnt CovItemId="S34" CovItemPrefix="group2.game.AePlayWave.java" Intrnl_Id="3159">
<LocList>
<Loc EndOffset="2147" SrcFileId="32" StartOffset="2132"/>
</LocList>
</BasicStmnt>
<BasicStmnt CovItemId="S35" CovItemPrefix="group2.game.AePlayWave.java" Intrnl_Id="3160">
<LocList>
<Loc EndOffset="2170" SrcFileId="32" StartOffset="2151"/>
</LocList>
</BasicStmnt>
<BasicStmnt CovItemId="S36" CovItemPrefix="group2.game.AePlayWave.java" Intrnl_Id="3161">
<LocList>
<Loc EndOffset="2221" SrcFileId="32" StartOffset="2174"/>
</LocList>
</BasicStmnt>
<LoopStmnt CovItemId="S38" CovItemPrefix="group2.game.AePlayWave.java" Intrnl_Id="3162" MltplExecId="L1-2" MltplExecPrefix="group2.game.AePlayWave.java" NvrExecId="L1-0" NvrExecPrefix="group2.game.AePlayWave.java" OnceExecutedId="L1-1" OnceExecutedPrefix="group2.game.AePlayWave.java" OptBodyExec="true">
<StmntSeq Intrnl_Id="3163">
<LocList>
<Loc EndOffset="2330" SrcFileId="32" StartOffset="2269"/>
<Loc EndOffset="2399" SrcFileId="32" StartOffset="2336"/>
</LocList>
<BasicStmnt CovItemId="S39" CovItemPrefix="group2.game.AePlayWave.java" Intrnl_Id="3164">
<LocList>
<Loc EndOffset="2330" SrcFileId="32" StartOffset="2269"/>
</LocList>
</BasicStmnt>
<CondStmnt CovItemId="S40" CovItemPrefix="group2.game.AePlayWave.java" Intrnl_Id="3165">
<Branch CovItemId="B16" CovItemPrefix="group2.game.AePlayWave.java" Implct="false" Intrnl_Id="3166">
<Cond/>
<LocList>
<Loc EndOffset="2399" SrcFileId="32" StartOffset="2363"/>
</LocList>
<StmntSeq Intrnl_Id="3167">
<LocList>
<Loc EndOffset="2399" SrcFileId="32" StartOffset="2363"/>
</LocList>
<BasicStmnt CovItemId="S41" CovItemPrefix="group2.game.AePlayWave.java" Intrnl_Id="3168">
<LocList>
<Loc EndOffset="2399" SrcFileId="32" StartOffset="2363"/>
</LocList>
</BasicStmnt>
</StmntSeq>
</Branch>
<Branch CovItemId="B17" CovItemPrefix="group2.game.AePlayWave.java" Implct="true" Intrnl_Id="3169">
<Cond/>
<LocList/>
<StmntSeq Intrnl_Id="3170">
<LocList/>
</StmntSeq>
</Branch>
<Keyword EndOffset="2338" SrcFileId="32" StartOffset="2336"/>
<LocList>
<Loc EndOffset="2399" SrcFileId="32" StartOffset="2336"/>
</LocList>
<RootTerm CovItemId="C6" CovItemPrefix="group2.game.AePlayWave.java" Intrnl_Id="3171">
<BasicBoolTerm Intrnl_Id="3172">
<LocList>
<Loc EndOffset="2355" SrcFileId="32" StartOffset="2340"/>
</LocList>
</BasicBoolTerm>
</RootTerm>
</CondStmnt>
</StmntSeq>
<Keyword EndOffset="2242" SrcFileId="32" StartOffset="2237"/>
<LocList>
<Loc EndOffset="2405" SrcFileId="32" StartOffset="2237"/>
</LocList>
<RootTerm CovItemId="C5" CovItemPrefix="group2.game.AePlayWave.java" Intrnl_Id="3173">
<BasicBoolTerm Intrnl_Id="3174">
<LocList>
<Loc EndOffset="2260" SrcFileId="32" StartOffset="2244"/>
</LocList>
</BasicBoolTerm>
</RootTerm>
</LoopStmnt>
<CondStmnt CovItemId="S37" CovItemPrefix="group2.game.AePlayWave.java" Intrnl_Id="3175">
<Branch CovItemId="B15" CovItemPrefix="group2.game.AePlayWave.java" Implct="true" Intrnl_Id="3176">
<Cond/>
<LocList/>
<StmntSeq Intrnl_Id="3177">
<LocList/>
</StmntSeq>
</Branch>
<Branch CovItemId="B18" CovItemPrefix="group2.game.AePlayWave.java" Implct="false" Intrnl_Id="3178">
<Cond>
<Loc EndOffset="2432" SrcFileId="32" StartOffset="2411"/>
</Cond>
<LocList>
<Loc EndOffset="2476" SrcFileId="32" StartOffset="2433"/>
</LocList>
<StmntSeq Intrnl_Id="3179">
<LocList>
<Loc EndOffset="2459" SrcFileId="32" StartOffset="2439"/>
<Loc EndOffset="2471" SrcFileId="32" StartOffset="2464"/>
</LocList>
<BasicStmnt CovItemId="S42" CovItemPrefix="group2.game.AePlayWave.java" Intrnl_Id="3180">
<LocList>
<Loc EndOffset="2459" SrcFileId="32" StartOffset="2439"/>
</LocList>
</BasicStmnt>
<BasicStmnt CovItemId="S43" CovItemPrefix="group2.game.AePlayWave.java" Intrnl_Id="3181">
<LocList>
<Loc EndOffset="2471" SrcFileId="32" StartOffset="2464"/>
</LocList>
</BasicStmnt>
</StmntSeq>
</Branch>
<Keyword EndOffset="2230" SrcFileId="32" StartOffset="2227"/>
<LocList>
<Loc EndOffset="2476" SrcFileId="32" StartOffset="2227"/>
</LocList>
</CondStmnt>
<BasicStmnt CovItemId="S44" CovItemPrefix="group2.game.AePlayWave.java" Intrnl_Id="3182">
<LocList>
<Loc EndOffset="2506" SrcFileId="32" StartOffset="2491"/>
</LocList>
</BasicStmnt>
<BasicStmnt CovItemId="S45" CovItemPrefix="group2.game.AePlayWave.java" Intrnl_Id="3183">
<LocList>
<Loc EndOffset="2526" SrcFileId="32" StartOffset="2511"/>
</LocList>
</BasicStmnt>
</StmntSeq>
</HierarchyLvl>
</HierarchyLvl>
</HierarchyLvl>
</HierarchyLvl>
</HierarchyLvl>
</MASTRoot>
<TestSession Comment="" Date="1368311583463" Name="May 11, 2013 6:33:03 PM">
<TestCase Comment="" Date="1368311577897" Name="group2.game.TestGame:testNewScoreData">
<CovList>
<CovPrefix CovItemPrefix="group2.game.ScoreData.java">
<Cov CovItemId="S1" Value="1"/>
<Cov CovItemId="S2" Value="1"/>
<Cov CovItemId="S3" Value="1"/>
<Cov CovItemId="S4" Value="1"/>
</CovPrefix>
<CovPrefix CovItemPrefix="group2.game.TestGame.java">
<Cov CovItemId="S1" Value="1"/>
<Cov CovItemId="S2" Value="1"/>
<Cov CovItemId="S3" Value="1"/>
<Cov CovItemId="S4" Value="1"/>
<Cov CovItemId="S5" Value="1"/>
</CovPrefix>
</CovList>
<AssgnmntList/>
<ObjMetaDataList/>
<MetaDataList/>
</TestCase>
<TestCase Comment="" Date="1368311577912" Name="group2.game.TestGame:testRankOrder">
<CovList>
<CovPrefix CovItemPrefix="group2.game.HighScoreList.java">
<Cov CovItemId="B11" Value="3"/>
<Cov CovItemId="B14" Value="3"/>
<Cov CovItemId="B15" Value="3"/>
<Cov CovItemId="B2" Value="3"/>
<Cov CovItemId="B3" Value="3"/>
<Cov CovItemId="B4" Value="280"/>
<Cov CovItemId="B5" Value="7"/>
<Cov CovItemId="B7" Value="7"/>
<Cov CovItemId="B8" Value="7"/>
<Cov CovItemId="L1-2" Value="3"/>
<Cov CovItemId="L2-2" Value="7"/>
<Cov CovItemId="L3-2" Value="3"/>
<Cov CovItemId="S1" Value="3"/>
<Cov CovItemId="S10" Value="3"/>
<Cov CovItemId="S11" Value="3"/>
<Cov CovItemId="S12" Value="3"/>
<Cov CovItemId="S13" Value="3"/>
<Cov CovItemId="S14" Value="280"/>
<Cov CovItemId="S18" Value="7"/>
<Cov CovItemId="S19" Value="7"/>
<Cov CovItemId="S2" Value="3"/>
<Cov CovItemId="S20" Value="7"/>
<Cov CovItemId="S21" Value="7"/>
<Cov CovItemId="S22" Value="7"/>
<Cov CovItemId="S23" Value="7"/>
<Cov CovItemId="S24" Value="7"/>
<Cov CovItemId="S25" Value="7"/>
<Cov CovItemId="S26" Value="1786"/>
<Cov CovItemId="S27" Value="1786"/>
<Cov CovItemId="S28" Value="1786"/>
<Cov CovItemId="S29" Value="1786"/>
<Cov CovItemId="S3" Value="3"/>
<Cov CovItemId="S30" Value="1786"/>
<Cov CovItemId="S32" Value="7"/>
<Cov CovItemId="S33" Value="7"/>
<Cov CovItemId="S34" Value="7"/>
<Cov CovItemId="S36" Value="7"/>
<Cov CovItemId="S37" Value="3"/>
<Cov CovItemId="S38" Value="3"/>
<Cov CovItemId="S39" Value="3"/>
<Cov CovItemId="S40" Value="3"/>
<Cov CovItemId="S41" Value="3"/>
<Cov CovItemId="S42" Value="3"/>
<Cov CovItemId="S43" Value="3"/>
<Cov CovItemId="S44" Value="3"/>
<Cov CovItemId="S45" Value="765"/>
<Cov CovItemId="S46" Value="765"/>
<Cov CovItemId="S47" Value="765"/>
<Cov CovItemId="S48" Value="765"/>
<Cov CovItemId="S49" Value="765"/>
<Cov CovItemId="S52" Value="3"/>
<Cov CovItemId="S53" Value="3"/>
<Cov CovItemId="S54" Value="3"/>
<Cov CovItemId="S8" Value="3"/>
<Cov CovItemId="S9" Value="283"/>
</CovPrefix>
<CovPrefix CovItemPrefix="group2.game.ScoreData.java">
<Cov CovItemId="B1" Value="8"/>
<Cov CovItemId="B2" Value="914"/>
<Cov CovItemId="B3" Value="4"/>
<Cov CovItemId="S1" Value="1789"/>
<Cov CovItemId="S11" Value="922"/>
<Cov CovItemId="S12" Value="8"/>
<Cov CovItemId="S13" Value="914"/>
<Cov CovItemId="S14" Value="4"/>
<Cov CovItemId="S15" Value="4"/>
<Cov CovItemId="S16" Value="4"/>
<Cov CovItemId="S2" Value="1789"/>
<Cov CovItemId="S20" Value="2609"/>
<Cov CovItemId="S3" Value="1789"/>
<Cov CovItemId="S4" Value="1789"/>
<Cov CovItemId="S5" Value="3"/>
</CovPrefix>
<CovPrefix CovItemPrefix="group2.game.TestGame.java">
<Cov CovItemId="S16" Value="1"/>
<Cov CovItemId="S17" Value="1"/>
<Cov CovItemId="S18" Value="1"/>
<Cov CovItemId="S19" Value="1"/>
<Cov CovItemId="S20" Value="1"/>
<Cov CovItemId="S21" Value="1"/>
<Cov CovItemId="S22" Value="1"/>
<Cov CovItemId="S23" Value="1"/>
</CovPrefix>
</CovList>
<AssgnmntList>
<AssgnmntPrefix RootTermCovItemPrefix="group2.game.HighScoreList.java">
<AssgnmntListEntry Length="1" RootTermCovItemId="C1">
<MapEntry BoolAssgnmnt="0" Value="3"/>
</AssgnmntListEntry>
<AssgnmntListEntry Length="1" RootTermCovItemId="C2">
<MapEntry BoolAssgnmnt="0" Value="280"/>
<MapEntry BoolAssgnmnt="1" Value="3"/>
</AssgnmntListEntry>
<AssgnmntListEntry Length="1" RootTermCovItemId="C4">
<MapEntry BoolAssgnmnt="1" Value="7"/>
</AssgnmntListEntry>
<AssgnmntListEntry Length="1" RootTermCovItemId="C5">
<MapEntry BoolAssgnmnt="1" Value="3"/>
</AssgnmntListEntry>
</AssgnmntPrefix>
<AssgnmntPrefix RootTermCovItemPrefix="group2.game.ScoreData.java">
<AssgnmntListEntry Length="1" RootTermCovItemId="C1">
<MapEntry BoolAssgnmnt="0" Value="914"/>
<MapEntry BoolAssgnmnt="1" Value="8"/>
</AssgnmntListEntry>
<AssgnmntListEntry Length="1" RootTermCovItemId="C2">
<MapEntry BoolAssgnmnt="1" Value="4"/>
</AssgnmntListEntry>
</AssgnmntPrefix>
</AssgnmntList>
<ObjMetaDataList/>
<MetaDataList/>
</TestCase>
<TestCase Comment="Failure&#10;java.lang.AssertionError&#13;&#10;&#9;at org.junit.Assert.fail(Assert.java:92)&#13;&#10;&#9;at org.junit.Assert.assertTrue(Assert.java:43)&#13;&#10;&#9;at org.junit.Assert.assertTrue(Assert.java:54)&#13;&#10;&#9;at group2.game.TestGame.testRunningWater(TestGame.java:190)&#13;&#10;&#9;at sun.reflect.NativeMethodAccessorImpl.invoke0(Native Method)&#13;&#10;&#9;at sun.reflect.NativeMethodAccessorImpl.invoke(Unknown Source)&#13;&#10;&#9;at sun.reflect.DelegatingMethodAccessorImpl.invoke(Unknown Source)&#13;&#10;&#9;at java.lang.reflect.Method.invoke(Unknown Source)&#13;&#10;&#9;at org.junit.runners.model.FrameworkMethod$1.runReflectiveCall(FrameworkMethod.java:45)&#13;&#10;&#9;at org.junit.internal.runners.model.ReflectiveCallable.run(ReflectiveCallable.java:15)&#13;&#10;&#9;at org.junit.runners.model.FrameworkMethod.invokeExplosively(FrameworkMethod.java:42)&#13;&#10;&#9;at org.junit.internal.runners.statements.InvokeMethod.evaluate(InvokeMethod.java:20)&#13;&#10;&#9;at org.junit.runners.ParentRunner.runLeaf(ParentRunner.java:263)&#13;&#10;&#9;at org.junit.runners.BlockJUnit4ClassRunner.runChild(BlockJUnit4ClassRunner.java:68)&#13;&#10;&#9;at org.junit.runners.BlockJUnit4ClassRunner.runChild(BlockJUnit4ClassRunner.java:47)&#13;&#10;&#9;at org.junit.runners.ParentRunner$3.run(ParentRunner.java:231)&#13;&#10;&#9;at org.junit.runners.ParentRunner$1.schedule(ParentRunner.java:60)&#13;&#10;&#9;at org.junit.runners.ParentRunner.runChildren(ParentRunner.java:229)&#13;&#10;&#9;at org.junit.runners.ParentRunner.access$000(ParentRunner.java:50)&#13;&#10;&#9;at org.junit.runners.ParentRunner$2.evaluate(ParentRunner.java:222)&#13;&#10;&#9;at org.junit.runners.ParentRunner.run(ParentRunner.java:300)&#13;&#10;&#9;at org.eclipse.jdt.internal.junit4.runner.JUnit4TestReference.run(JUnit4TestReference.java:50)&#13;&#10;&#9;at org.eclipse.jdt.internal.junit.runner.TestExecution.run(TestExecution.java:38)&#13;&#10;&#9;at org.eclipse.jdt.internal.junit.runner.RemoteTestRunner.runTests(RemoteTestRunner.java:467)&#13;&#10;&#9;at org.eclipse.jdt.internal.junit.runner.RemoteTestRunner.runTests(RemoteTestRunner.java:683)&#13;&#10;&#9;at org.eclipse.jdt.internal.junit.runner.RemoteTestRunner.run(RemoteTestRunner.java:390)&#13;&#10;&#9;at org.codecover.juniteclipse.runner.EclipseTestRunner.main(EclipseTestRunner.java:40)" Date="1368311577999" Name="group2.game.TestGame:testRunningWater">
<CovList>
<CovPrefix CovItemPrefix="group2.game.Bin.java">
<Cov CovItemId="S1" Value="2"/>
<Cov CovItemId="S2" Value="2"/>
<Cov CovItemId="S3" Value="2"/>
<Cov CovItemId="S4" Value="2"/>
</CovPrefix>
<CovPrefix CovItemPrefix="group2.game.Broom.java">
<Cov CovItemId="S1" Value="1"/>
<Cov CovItemId="S2" Value="1"/>
<Cov CovItemId="S3" Value="1"/>
<Cov CovItemId="S4" Value="1"/>
<Cov CovItemId="S5" Value="1"/>
</CovPrefix>
<CovPrefix CovItemPrefix="group2.game.Buffer.java">
<Cov CovItemId="S1" Value="12"/>
<Cov CovItemId="S10" Value="12"/>
<Cov CovItemId="S11" Value="12"/>
<Cov CovItemId="S12" Value="12"/>
<Cov CovItemId="S13" Value="12"/>
<Cov CovItemId="S2" Value="12"/>
<Cov CovItemId="S3" Value="12"/>
<Cov CovItemId="S4" Value="1"/>
<Cov CovItemId="S5" Value="12"/>
<Cov CovItemId="S6" Value="12"/>
<Cov CovItemId="S7" Value="12"/>
<Cov CovItemId="S8" Value="12"/>
<Cov CovItemId="S9" Value="12"/>
</CovPrefix>
<CovPrefix CovItemPrefix="group2.game.City.java">
<Cov CovItemId="S1" Value="1"/>
<Cov CovItemId="S10" Value="1"/>
<Cov CovItemId="S11" Value="1"/>
<Cov CovItemId="S12" Value="1"/>
<Cov CovItemId="S13" Value="1"/>
<Cov CovItemId="S2" Value="1"/>
<Cov CovItemId="S3" Value="1"/>
<Cov CovItemId="S4" Value="1"/>
<Cov CovItemId="S5" Value="1"/>
<Cov CovItemId="S6" Value="1"/>
<Cov CovItemId="S7" Value="1"/>
<Cov CovItemId="S8" Value="1"/>
<Cov CovItemId="S9" Value="1"/>
</CovPrefix>
<CovPrefix CovItemPrefix="group2.game.DrawGame.java">
<Cov CovItemId="B1" Value="1"/>
<Cov CovItemId="B3" Value="10"/>
<Cov CovItemId="B5" Value="1"/>
<Cov CovItemId="L1-2" Value="1"/>
<Cov CovItemId="S1" Value="1"/>
<Cov CovItemId="S10" Value="1"/>
<Cov CovItemId="S11" Value="1"/>
<Cov CovItemId="S12" Value="1"/>
<Cov CovItemId="S13" Value="1"/>
<Cov CovItemId="S14" Value="1"/>
<Cov CovItemId="S15" Value="1"/>
<Cov CovItemId="S16" Value="1"/>
<Cov CovItemId="S17" Value="1"/>
<Cov CovItemId="S18" Value="1"/>
<Cov CovItemId="S19" Value="1"/>
<Cov CovItemId="S2" Value="1"/>
<Cov CovItemId="S20" Value="1"/>
<Cov CovItemId="S21" Value="1"/>
<Cov CovItemId="S22" Value="1"/>
<Cov CovItemId="S23" Value="1"/>
<Cov CovItemId="S24" Value="1"/>
<Cov CovItemId="S25" Value="1"/>
<Cov CovItemId="S26" Value="1"/>
<Cov CovItemId="S27" Value="1"/>
<Cov CovItemId="S28" Value="1"/>
<Cov CovItemId="S29" Value="1"/>
<Cov CovItemId="S3" Value="1"/>
<Cov CovItemId="S30" Value="1"/>
<Cov CovItemId="S31" Value="1"/>
<Cov CovItemId="S32" Value="1"/>
<Cov CovItemId="S33" Value="1"/>
<Cov CovItemId="S34" Value="1"/>
<Cov CovItemId="S35" Value="1"/>
<Cov CovItemId="S36" Value="1"/>
<Cov CovItemId="S37" Value="1"/>
<Cov CovItemId="S38" Value="1"/>
<Cov CovItemId="S39" Value="1"/>
<Cov CovItemId="S4" Value="1"/>
<Cov CovItemId="S40" Value="1"/>
<Cov CovItemId="S41" Value="1"/>
<Cov CovItemId="S42" Value="1"/>
<Cov CovItemId="S43" Value="1"/>
<Cov CovItemId="S44" Value="1"/>
<Cov CovItemId="S45" Value="1"/>
<Cov CovItemId="S46" Value="1"/>
<Cov CovItemId="S47" Value="1"/>
<Cov CovItemId="S48" Value="1"/>
<Cov CovItemId="S49" Value="1"/>
<Cov CovItemId="S5" Value="1"/>
<Cov CovItemId="S50" Value="1"/>
<Cov CovItemId="S51" Value="1"/>
<Cov CovItemId="S52" Value="1"/>
<Cov CovItemId="S53" Value="1"/>
<Cov CovItemId="S54" Value="1"/>
<Cov CovItemId="S55" Value="1"/>
<Cov CovItemId="S56" Value="1"/>
<Cov CovItemId="S57" Value="1"/>
<Cov CovItemId="S58" Value="1"/>
<Cov CovItemId="S59" Value="1"/>
<Cov CovItemId="S6" Value="1"/>
<Cov CovItemId="S60" Value="1"/>
<Cov CovItemId="S62" Value="1"/>
<Cov CovItemId="S63" Value="10"/>
<Cov CovItemId="S64" Value="10"/>
<Cov CovItemId="S66" Value="1"/>
<Cov CovItemId="S67" Value="1"/>
<Cov CovItemId="S68" Value="1"/>
<Cov CovItemId="S69" Value="1"/>
<Cov CovItemId="S7" Value="1"/>
<Cov CovItemId="S70" Value="1"/>
<Cov CovItemId="S71" Value="1"/>
<Cov CovItemId="S72" Value="1"/>
<Cov CovItemId="S73" Value="1"/>
<Cov CovItemId="S8" Value="1"/>
<Cov CovItemId="S9" Value="1"/>
</CovPrefix>
<CovPrefix CovItemPrefix="group2.game.Funnel.java">
<Cov CovItemId="S1" Value="1"/>
<Cov CovItemId="S2" Value="1"/>
<Cov CovItemId="S3" Value="1"/>
<Cov CovItemId="S4" Value="1"/>
<Cov CovItemId="S5" Value="1"/>
</CovPrefix>
<CovPrefix CovItemPrefix="group2.game.HighScoreList.java">
<Cov CovItemId="B5" Value="10"/>
<Cov CovItemId="B7" Value="10"/>
<Cov CovItemId="B8" Value="10"/>
<Cov CovItemId="L2-2" Value="10"/>
<Cov CovItemId="S18" Value="10"/>
<Cov CovItemId="S19" Value="10"/>
<Cov CovItemId="S20" Value="10"/>
<Cov CovItemId="S21" Value="10"/>
<Cov CovItemId="S22" Value="10"/>
<Cov CovItemId="S23" Value="10"/>
<Cov CovItemId="S24" Value="10"/>
<Cov CovItemId="S25" Value="10"/>
<Cov CovItemId="S26" Value="2560"/>
<Cov CovItemId="S27" Value="2560"/>
<Cov CovItemId="S28" Value="2560"/>
<Cov CovItemId="S29" Value="2560"/>
<Cov CovItemId="S30" Value="2560"/>
<Cov CovItemId="S32" Value="10"/>
<Cov CovItemId="S33" Value="10"/>
<Cov CovItemId="S34" Value="10"/>
<Cov CovItemId="S36" Value="10"/>
</CovPrefix>
<CovPrefix CovItemPrefix="group2.game.InputHandler.java">
<Cov CovItemId="S1" Value="1"/>
<Cov CovItemId="S2" Value="1"/>
<Cov CovItemId="S3" Value="1"/>
<Cov CovItemId="S4" Value="1"/>
</CovPrefix>
<CovPrefix CovItemPrefix="group2.game.Map.java">
<Cov CovItemId="L1-2" Value="1"/>
<Cov CovItemId="S1" Value="1"/>
<Cov CovItemId="S10" Value="1"/>
<Cov CovItemId="S11" Value="1"/>
<Cov CovItemId="S12" Value="1"/>
<Cov CovItemId="S13" Value="1"/>
<Cov CovItemId="S14" Value="1"/>
<Cov CovItemId="S15" Value="1"/>
<Cov CovItemId="S16" Value="1"/>
<Cov CovItemId="S17" Value="1"/>
<Cov CovItemId="S18" Value="1"/>
<Cov CovItemId="S19" Value="12"/>
<Cov CovItemId="S2" Value="1"/>
<Cov CovItemId="S20" Value="1"/>
<Cov CovItemId="S21" Value="1"/>
<Cov CovItemId="S22" Value="1"/>
<Cov CovItemId="S23" Value="1"/>
<Cov CovItemId="S24" Value="1"/>
<Cov CovItemId="S25" Value="1"/>
<Cov CovItemId="S26" Value="1"/>
<Cov CovItemId="S27" Value="1"/>
<Cov CovItemId="S28" Value="1"/>
<Cov CovItemId="S29" Value="1"/>
<Cov CovItemId="S3" Value="1"/>
<Cov CovItemId="S30" Value="1"/>
<Cov CovItemId="S31" Value="1"/>
<Cov CovItemId="S32" Value="1"/>
<Cov CovItemId="S33" Value="1"/>
<Cov CovItemId="S34" Value="1"/>
<Cov CovItemId="S35" Value="1"/>
<Cov CovItemId="S36" Value="1"/>
<Cov CovItemId="S37" Value="1"/>
<Cov CovItemId="S38" Value="1"/>
<Cov CovItemId="S39" Value="1"/>
<Cov CovItemId="S4" Value="1"/>
<Cov CovItemId="S40" Value="1"/>
<Cov CovItemId="S41" Value="1"/>
<Cov CovItemId="S42" Value="1"/>
<Cov CovItemId="S5" Value="1"/>
<Cov CovItemId="S6" Value="1"/>
<Cov CovItemId="S7" Value="1"/>
<Cov CovItemId="S8" Value="1"/>
<Cov CovItemId="S9" Value="1"/>
</CovPrefix>
<CovPrefix CovItemPrefix="group2.game.Menu.java">
<Cov CovItemId="S1" Value="2"/>
<Cov CovItemId="S2" Value="2"/>
<Cov CovItemId="S3" Value="2"/>
<Cov CovItemId="S4" Value="2"/>
<Cov CovItemId="S5" Value="2"/>
<Cov CovItemId="S6" Value="2"/>
<Cov CovItemId="S7" Value="2"/>
<Cov CovItemId="S8" Value="2"/>
<Cov CovItemId="S9" Value="2"/>
</CovPrefix>
<CovPrefix CovItemPrefix="group2.game.MenuObject.java">
<Cov CovItemId="S1" Value="2"/>
<Cov CovItemId="S2" Value="2"/>
<Cov CovItemId="S3" Value="2"/>
</CovPrefix>
<CovPrefix CovItemPrefix="group2.game.Oil.java">
<Cov CovItemId="S1" Value="1"/>
<Cov CovItemId="S2" Value="1"/>
<Cov CovItemId="S3" Value="1"/>
<Cov CovItemId="S4" Value="1"/>
<Cov CovItemId="S5" Value="1"/>
</CovPrefix>
<CovPrefix CovItemPrefix="group2.game.Player.java">
<Cov CovItemId="S1" Value="1"/>
</CovPrefix>
<CovPrefix CovItemPrefix="group2.game.Position.java">
<Cov CovItemId="S1" Value="21"/>
<Cov CovItemId="S2" Value="21"/>
</CovPrefix>
<CovPrefix CovItemPrefix="group2.game.PowerUp.java">
<Cov CovItemId="S1" Value="2"/>
<Cov CovItemId="S2" Value="2"/>
<Cov CovItemId="S3" Value="2"/>
<Cov CovItemId="S4" Value="2"/>
<Cov CovItemId="S7" Value="2"/>
<Cov CovItemId="S8" Value="2"/>
<Cov CovItemId="S9" Value="2"/>
</CovPrefix>
<CovPrefix CovItemPrefix="group2.game.Quiz.java">
<Cov CovItemId="L1-2" Value="9"/>
<Cov CovItemId="S1" Value="9"/>
<Cov CovItemId="S2" Value="9"/>
<Cov CovItemId="S3" Value="9"/>
<Cov CovItemId="S4" Value="9"/>
<Cov CovItemId="S5" Value="36"/>
<Cov CovItemId="S6" Value="9"/>
<Cov CovItemId="S7" Value="9"/>
</CovPrefix>
<CovPrefix CovItemPrefix="group2.game.RapidRunoffGame.java">
<Cov CovItemId="S10" Value="1"/>
<Cov CovItemId="S11" Value="1"/>
<Cov CovItemId="S12" Value="1"/>
<Cov CovItemId="S13" Value="1"/>
<Cov CovItemId="S14" Value="1"/>
<Cov CovItemId="S15" Value="1"/>
<Cov CovItemId="S16" Value="1"/>
<Cov CovItemId="S17" Value="1"/>
<Cov CovItemId="S18" Value="1"/>
<Cov CovItemId="S19" Value="1"/>
<Cov CovItemId="S20" Value="1"/>
<Cov CovItemId="S21" Value="1"/>
<Cov CovItemId="S22" Value="1"/>
<Cov CovItemId="S23" Value="1"/>
<Cov CovItemId="S24" Value="1"/>
<Cov CovItemId="S25" Value="1"/>
<Cov CovItemId="S26" Value="1"/>
<Cov CovItemId="S27" Value="1"/>
<Cov CovItemId="S28" Value="1"/>
<Cov CovItemId="S29" Value="1"/>
<Cov CovItemId="S3" Value="1"/>
<Cov CovItemId="S30" Value="1"/>
<Cov CovItemId="S31" Value="1"/>
<Cov CovItemId="S32" Value="1"/>
<Cov CovItemId="S33" Value="1"/>
<Cov CovItemId="S34" Value="1"/>
<Cov CovItemId="S35" Value="1"/>
<Cov CovItemId="S36" Value="1"/>
<Cov CovItemId="S37" Value="1"/>
<Cov CovItemId="S38" Value="1"/>
<Cov CovItemId="S39" Value="1"/>
<Cov CovItemId="S4" Value="1"/>
<Cov CovItemId="S40" Value="1"/>
<Cov CovItemId="S41" Value="1"/>
<Cov CovItemId="S42" Value="1"/>
<Cov CovItemId="S43" Value="1"/>
<Cov CovItemId="S44" Value="1"/>
<Cov CovItemId="S45" Value="1"/>
<Cov CovItemId="S46" Value="1"/>
<Cov CovItemId="S47" Value="1"/>
<Cov CovItemId="S48" Value="1"/>
<Cov CovItemId="S49" Value="1"/>
<Cov CovItemId="S5" Value="1"/>
<Cov CovItemId="S50" Value="1"/>
<Cov CovItemId="S51" Value="1"/>
<Cov CovItemId="S52" Value="1"/>
<Cov CovItemId="S53" Value="1"/>
<Cov CovItemId="S54" Value="1"/>
<Cov CovItemId="S55" Value="1"/>
<Cov CovItemId="S56" Value="1"/>
<Cov CovItemId="S57" Value="1"/>
<Cov CovItemId="S58" Value="1"/>
<Cov CovItemId="S6" Value="1"/>
<Cov CovItemId="S7" Value="1"/>
<Cov CovItemId="S8" Value="1"/>
<Cov CovItemId="S9" Value="1"/>
</CovPrefix>
<CovPrefix CovItemPrefix="group2.game.River.java">
<Cov CovItemId="S1" Value="1"/>
<Cov CovItemId="S2" Value="1"/>
<Cov CovItemId="S3" Value="1"/>
</CovPrefix>
<CovPrefix CovItemPrefix="group2.game.RiverBank.java">
<Cov CovItemId="L1-1" Value="2"/>
<Cov CovItemId="L1-2" Value="2"/>
<Cov CovItemId="L2-2" Value="6"/>
<Cov CovItemId="S1" Value="4"/>
<Cov CovItemId="S10" Value="4"/>
<Cov CovItemId="S11" Value="4"/>
<Cov CovItemId="S2" Value="4"/>
<Cov CovItemId="S3" Value="4"/>
<Cov CovItemId="S4" Value="4"/>
<Cov CovItemId="S5" Value="4"/>
<Cov CovItemId="S6" Value="4"/>
<Cov CovItemId="S7" Value="4"/>
<Cov CovItemId="S8" Value="4"/>
<Cov CovItemId="S88" Value="4"/>
<Cov CovItemId="S89" Value="6"/>
<Cov CovItemId="S9" Value="4"/>
<Cov CovItemId="S90" Value="12"/>
<Cov CovItemId="S91" Value="12"/>
</CovPrefix>
<CovPrefix CovItemPrefix="group2.game.RunningWater.java">
<Cov CovItemId="S1" Value="5"/>
<Cov CovItemId="S2" Value="1"/>
<Cov CovItemId="S3" Value="1"/>
</CovPrefix>
<CovPrefix CovItemPrefix="group2.game.Score.java">
<Cov CovItemId="S1" Value="1"/>
<Cov CovItemId="S2" Value="1"/>
<Cov CovItemId="S3" Value="1"/>
<Cov CovItemId="S4" Value="1"/>
<Cov CovItemId="S5" Value="1"/>
</CovPrefix>
<CovPrefix CovItemPrefix="group2.game.ScoreData.java">
<Cov CovItemId="S1" Value="2560"/>
<Cov CovItemId="S2" Value="2560"/>
<Cov CovItemId="S3" Value="2560"/>
<Cov CovItemId="S4" Value="2560"/>
</CovPrefix>
<CovPrefix CovItemPrefix="group2.game.SplashScreen.java">
<Cov CovItemId="S1" Value="1"/>
<Cov CovItemId="S2" Value="1"/>
<Cov CovItemId="S3" Value="2"/>
<Cov CovItemId="S4" Value="2"/>
<Cov CovItemId="S5" Value="2"/>
<Cov CovItemId="S6" Value="2"/>
</CovPrefix>
<CovPrefix CovItemPrefix="group2.game.StaticQuizes.java">
<Cov CovItemId="S1" Value="1"/>
<Cov CovItemId="S10" Value="1"/>
<Cov CovItemId="S11" Value="1"/>
<Cov CovItemId="S12" Value="1"/>
<Cov CovItemId="S13" Value="1"/>
<Cov CovItemId="S14" Value="1"/>
<Cov CovItemId="S15" Value="1"/>
<Cov CovItemId="S16" Value="1"/>
<Cov CovItemId="S17" Value="1"/>
<Cov CovItemId="S18" Value="1"/>
<Cov CovItemId="S2" Value="1"/>
<Cov CovItemId="S3" Value="1"/>
<Cov CovItemId="S4" Value="1"/>
<Cov CovItemId="S5" Value="1"/>
<Cov CovItemId="S6" Value="1"/>
<Cov CovItemId="S7" Value="1"/>
<Cov CovItemId="S8" Value="1"/>
<Cov CovItemId="S9" Value="1"/>
</CovPrefix>
<CovPrefix CovItemPrefix="group2.game.Stream.java">
<Cov CovItemId="S1" Value="4"/>
<Cov CovItemId="S2" Value="4"/>
<Cov CovItemId="S3" Value="4"/>
<Cov CovItemId="S4" Value="4"/>
</CovPrefix>
<CovPrefix CovItemPrefix="group2.game.TestGame.java">
<Cov CovItemId="S24" Value="1"/>
<Cov CovItemId="S25" Value="1"/>
<Cov CovItemId="S26" Value="1"/>
<Cov CovItemId="S27" Value="1"/>
</CovPrefix>
<CovPrefix CovItemPrefix="group2.game.WaterObjects.java">
<Cov CovItemId="S1" Value="1"/>
<Cov CovItemId="S10" Value="1"/>
<Cov CovItemId="S11" Value="1"/>
<Cov CovItemId="S12" Value="1"/>
<Cov CovItemId="S13" Value="1"/>
<Cov CovItemId="S14" Value="1"/>
<Cov CovItemId="S15" Value="1"/>
<Cov CovItemId="S2" Value="1"/>
<Cov CovItemId="S3" Value="1"/>
<Cov CovItemId="S4" Value="1"/>
<Cov CovItemId="S5" Value="1"/>
<Cov CovItemId="S6" Value="1"/>
<Cov CovItemId="S7" Value="1"/>
<Cov CovItemId="S8" Value="1"/>
<Cov CovItemId="S9" Value="1"/>
</CovPrefix>
</CovList>
<AssgnmntList>
<AssgnmntPrefix RootTermCovItemPrefix="group2.game.DrawGame.java">
<AssgnmntListEntry Length="1" RootTermCovItemId="C1">
<MapEntry BoolAssgnmnt="0" Value="1"/>
<MapEntry BoolAssgnmnt="1" Value="10"/>
</AssgnmntListEntry>
<AssgnmntListEntry Length="1" RootTermCovItemId="C2">
<MapEntry BoolAssgnmnt="1" Value="1"/>
</AssgnmntListEntry>
</AssgnmntPrefix>
<AssgnmntPrefix RootTermCovItemPrefix="group2.game.HighScoreList.java">
<AssgnmntListEntry Length="1" RootTermCovItemId="C4">
<MapEntry BoolAssgnmnt="1" Value="10"/>
</AssgnmntListEntry>
</AssgnmntPrefix>
<AssgnmntPrefix RootTermCovItemPrefix="group2.game.Map.java">
<AssgnmntListEntry Length="1" RootTermCovItemId="C1">
<MapEntry BoolAssgnmnt="0" Value="1"/>
<MapEntry BoolAssgnmnt="1" Value="12"/>
</AssgnmntListEntry>
</AssgnmntPrefix>
<AssgnmntPrefix RootTermCovItemPrefix="group2.game.Quiz.java">
<AssgnmntListEntry Length="1" RootTermCovItemId="C1">
<MapEntry BoolAssgnmnt="0" Value="9"/>
<MapEntry BoolAssgnmnt="1" Value="36"/>
</AssgnmntListEntry>
</AssgnmntPrefix>
<AssgnmntPrefix RootTermCovItemPrefix="group2.game.RiverBank.java">
<AssgnmntListEntry Length="1" RootTermCovItemId="C24">
<MapEntry BoolAssgnmnt="0" Value="4"/>
<MapEntry BoolAssgnmnt="1" Value="6"/>
</AssgnmntListEntry>
<AssgnmntListEntry Length="1" RootTermCovItemId="C25">
<MapEntry BoolAssgnmnt="0" Value="6"/>
<MapEntry BoolAssgnmnt="1" Value="12"/>
</AssgnmntListEntry>
</AssgnmntPrefix>
</AssgnmntList>
<ObjMetaDataList/>
<MetaDataList/>
</TestCase>
<TestCase Comment="" Date="1368311579926" Name="group2.game.TestGame:testSaveScore">
<CovList>
<CovPrefix CovItemPrefix="group2.game.DrawGame.java">
<Cov CovItemId="B5" Value="1"/>
<Cov CovItemId="S70" Value="1"/>
<Cov CovItemId="S71" Value="1"/>
<Cov CovItemId="S72" Value="1"/>
<Cov CovItemId="S73" Value="1"/>
</CovPrefix>
<CovPrefix CovItemPrefix="group2.game.HighScoreList.java">
<Cov CovItemId="B11" Value="3"/>
<Cov CovItemId="B14" Value="3"/>
<Cov CovItemId="B15" Value="3"/>
<Cov CovItemId="B2" Value="3"/>
<Cov CovItemId="B3" Value="3"/>
<Cov CovItemId="B4" Value="283"/>
<Cov CovItemId="B5" Value="4"/>
<Cov CovItemId="B7" Value="4"/>
<Cov CovItemId="B8" Value="4"/>
<Cov CovItemId="L1-2" Value="3"/>
<Cov CovItemId="L2-2" Value="4"/>
<Cov CovItemId="L3-2" Value="3"/>
<Cov CovItemId="S1" Value="3"/>
<Cov CovItemId="S10" Value="3"/>
<Cov CovItemId="S11" Value="3"/>
<Cov CovItemId="S12" Value="3"/>
<Cov CovItemId="S13" Value="3"/>
<Cov CovItemId="S14" Value="283"/>
<Cov CovItemId="S18" Value="4"/>
<Cov CovItemId="S19" Value="4"/>
<Cov CovItemId="S2" Value="3"/>
<Cov CovItemId="S20" Value="4"/>
<Cov CovItemId="S21" Value="4"/>
<Cov CovItemId="S22" Value="4"/>
<Cov CovItemId="S23" Value="4"/>
<Cov CovItemId="S24" Value="4"/>
<Cov CovItemId="S25" Value="4"/>
<Cov CovItemId="S26" Value="1030"/>
<Cov CovItemId="S27" Value="1030"/>
<Cov CovItemId="S28" Value="1030"/>
<Cov CovItemId="S29" Value="1030"/>
<Cov CovItemId="S3" Value="3"/>
<Cov CovItemId="S30" Value="1030"/>
<Cov CovItemId="S32" Value="4"/>
<Cov CovItemId="S33" Value="4"/>
<Cov CovItemId="S34" Value="4"/>
<Cov CovItemId="S36" Value="4"/>
<Cov CovItemId="S37" Value="3"/>
<Cov CovItemId="S38" Value="3"/>
<Cov CovItemId="S39" Value="3"/>
<Cov CovItemId="S40" Value="3"/>
<Cov CovItemId="S41" Value="3"/>
<Cov CovItemId="S42" Value="3"/>
<Cov CovItemId="S43" Value="3"/>
<Cov CovItemId="S44" Value="3"/>
<Cov CovItemId="S45" Value="774"/>
<Cov CovItemId="S46" Value="774"/>
<Cov CovItemId="S47" Value="774"/>
<Cov CovItemId="S48" Value="774"/>
<Cov CovItemId="S49" Value="774"/>
<Cov CovItemId="S52" Value="3"/>
<Cov CovItemId="S53" Value="3"/>
<Cov CovItemId="S54" Value="3"/>
<Cov CovItemId="S8" Value="3"/>
<Cov CovItemId="S9" Value="286"/>
</CovPrefix>
<CovPrefix CovItemPrefix="group2.game.ScoreData.java">
<Cov CovItemId="B1" Value="3"/>
<Cov CovItemId="B2" Value="285"/>
<Cov CovItemId="S1" Value="1033"/>
<Cov CovItemId="S11" Value="288"/>
<Cov CovItemId="S12" Value="3"/>
<Cov CovItemId="S13" Value="285"/>
<Cov CovItemId="S2" Value="1033"/>
<Cov CovItemId="S20" Value="1350"/>
<Cov CovItemId="S3" Value="1033"/>
<Cov CovItemId="S4" Value="1033"/>
<Cov CovItemId="S5" Value="3"/>
</CovPrefix>
<CovPrefix CovItemPrefix="group2.game.TestGame.java">
<Cov CovItemId="S35" Value="1"/>
<Cov CovItemId="S36" Value="1"/>
<Cov CovItemId="S37" Value="1"/>
<Cov CovItemId="S38" Value="1"/>
<Cov CovItemId="S39" Value="1"/>
<Cov CovItemId="S40" Value="1"/>
<Cov CovItemId="S41" Value="1"/>
<Cov CovItemId="S42" Value="1"/>
<Cov CovItemId="S43" Value="1"/>
<Cov CovItemId="S44" Value="1"/>
</CovPrefix>
</CovList>
<AssgnmntList>
<AssgnmntPrefix RootTermCovItemPrefix="group2.game.DrawGame.java">
<AssgnmntListEntry Length="1" RootTermCovItemId="C2">
<MapEntry BoolAssgnmnt="1" Value="1"/>
</AssgnmntListEntry>
</AssgnmntPrefix>
<AssgnmntPrefix RootTermCovItemPrefix="group2.game.HighScoreList.java">
<AssgnmntListEntry Length="1" RootTermCovItemId="C1">
<MapEntry BoolAssgnmnt="0" Value="3"/>
</AssgnmntListEntry>
<AssgnmntListEntry Length="1" RootTermCovItemId="C2">
<MapEntry BoolAssgnmnt="0" Value="283"/>
<MapEntry BoolAssgnmnt="1" Value="3"/>
</AssgnmntListEntry>
<AssgnmntListEntry Length="1" RootTermCovItemId="C4">
<MapEntry BoolAssgnmnt="1" Value="4"/>
</AssgnmntListEntry>
<AssgnmntListEntry Length="1" RootTermCovItemId="C5">
<MapEntry BoolAssgnmnt="1" Value="3"/>
</AssgnmntListEntry>
</AssgnmntPrefix>
<AssgnmntPrefix RootTermCovItemPrefix="group2.game.ScoreData.java">
<AssgnmntListEntry Length="1" RootTermCovItemId="C1">
<MapEntry BoolAssgnmnt="0" Value="285"/>
<MapEntry BoolAssgnmnt="1" Value="3"/>
</AssgnmntListEntry>
</AssgnmntPrefix>
</AssgnmntList>
<ObjMetaDataList/>
<MetaDataList/>
</TestCase>
<TestCase Comment="" Date="1368311579961" Name="group2.game.TestGame:testWaterObjects">
<CovList>
<CovPrefix CovItemPrefix="group2.game.Bin.java">
<Cov CovItemId="S1" Value="2"/>
<Cov CovItemId="S2" Value="2"/>
<Cov CovItemId="S3" Value="2"/>
<Cov CovItemId="S4" Value="2"/>
</CovPrefix>
<CovPrefix CovItemPrefix="group2.game.Broom.java">
<Cov CovItemId="S1" Value="1"/>
<Cov CovItemId="S2" Value="1"/>
<Cov CovItemId="S3" Value="1"/>
<Cov CovItemId="S4" Value="1"/>
<Cov CovItemId="S5" Value="1"/>
</CovPrefix>
<CovPrefix CovItemPrefix="group2.game.Buffer.java">
<Cov CovItemId="S1" Value="12"/>
<Cov CovItemId="S10" Value="12"/>
<Cov CovItemId="S11" Value="12"/>
<Cov CovItemId="S12" Value="12"/>
<Cov CovItemId="S13" Value="12"/>
<Cov CovItemId="S2" Value="12"/>
<Cov CovItemId="S3" Value="12"/>
<Cov CovItemId="S5" Value="12"/>
<Cov CovItemId="S6" Value="12"/>
<Cov CovItemId="S7" Value="12"/>
<Cov CovItemId="S8" Value="12"/>
<Cov CovItemId="S9" Value="12"/>
</CovPrefix>
<CovPrefix CovItemPrefix="group2.game.City.java">
<Cov CovItemId="S1" Value="1"/>
<Cov CovItemId="S10" Value="1"/>
<Cov CovItemId="S11" Value="1"/>
<Cov CovItemId="S12" Value="1"/>
<Cov CovItemId="S13" Value="1"/>
<Cov CovItemId="S2" Value="1"/>
<Cov CovItemId="S3" Value="1"/>
<Cov CovItemId="S4" Value="1"/>
<Cov CovItemId="S5" Value="1"/>
<Cov CovItemId="S6" Value="1"/>
<Cov CovItemId="S7" Value="1"/>
<Cov CovItemId="S8" Value="1"/>
<Cov CovItemId="S9" Value="1"/>
</CovPrefix>
<CovPrefix CovItemPrefix="group2.game.DrawGame.java">
<Cov CovItemId="B1" Value="1"/>
<Cov CovItemId="B3" Value="10"/>
<Cov CovItemId="B5" Value="3"/>
<Cov CovItemId="L1-2" Value="1"/>
<Cov CovItemId="S10" Value="1"/>
<Cov CovItemId="S15" Value="1"/>
<Cov CovItemId="S16" Value="1"/>
<Cov CovItemId="S17" Value="1"/>
<Cov CovItemId="S18" Value="1"/>
<Cov CovItemId="S19" Value="1"/>
<Cov CovItemId="S20" Value="1"/>
<Cov CovItemId="S21" Value="1"/>
<Cov CovItemId="S22" Value="1"/>
<Cov CovItemId="S23" Value="1"/>
<Cov CovItemId="S24" Value="1"/>
<Cov CovItemId="S25" Value="1"/>
<Cov CovItemId="S26" Value="1"/>
<Cov CovItemId="S27" Value="1"/>
<Cov CovItemId="S28" Value="1"/>
<Cov CovItemId="S29" Value="1"/>
<Cov CovItemId="S30" Value="1"/>
<Cov CovItemId="S31" Value="1"/>
<Cov CovItemId="S32" Value="1"/>
<Cov CovItemId="S33" Value="1"/>
<Cov CovItemId="S34" Value="1"/>
<Cov CovItemId="S35" Value="1"/>
<Cov CovItemId="S36" Value="1"/>
<Cov CovItemId="S37" Value="1"/>
<Cov CovItemId="S38" Value="1"/>
<Cov CovItemId="S39" Value="1"/>
<Cov CovItemId="S40" Value="1"/>
<Cov CovItemId="S41" Value="1"/>
<Cov CovItemId="S42" Value="1"/>
<Cov CovItemId="S43" Value="1"/>
<Cov CovItemId="S44" Value="1"/>
<Cov CovItemId="S45" Value="1"/>
<Cov CovItemId="S46" Value="1"/>
<Cov CovItemId="S47" Value="1"/>
<Cov CovItemId="S48" Value="1"/>
<Cov CovItemId="S49" Value="1"/>
<Cov CovItemId="S50" Value="1"/>
<Cov CovItemId="S51" Value="1"/>
<Cov CovItemId="S52" Value="1"/>
<Cov CovItemId="S53" Value="1"/>
<Cov CovItemId="S54" Value="1"/>
<Cov CovItemId="S55" Value="1"/>
<Cov CovItemId="S56" Value="1"/>
<Cov CovItemId="S57" Value="1"/>
<Cov CovItemId="S58" Value="1"/>
<Cov CovItemId="S59" Value="1"/>
<Cov CovItemId="S60" Value="1"/>
<Cov CovItemId="S62" Value="1"/>
<Cov CovItemId="S63" Value="10"/>
<Cov CovItemId="S64" Value="10"/>
<Cov CovItemId="S66" Value="1"/>
<Cov CovItemId="S67" Value="1"/>
<Cov CovItemId="S68" Value="1"/>
<Cov CovItemId="S69" Value="1"/>
<Cov CovItemId="S70" Value="3"/>
<Cov CovItemId="S71" Value="3"/>
<Cov CovItemId="S72" Value="3"/>
<Cov CovItemId="S73" Value="3"/>
<Cov CovItemId="S8" Value="1"/>
<Cov CovItemId="S9" Value="1"/>
</CovPrefix>
<CovPrefix CovItemPrefix="group2.game.Fertilizer.java">
<Cov CovItemId="S1" Value="1"/>
<Cov CovItemId="S12" Value="1"/>
<Cov CovItemId="S2" Value="1"/>
<Cov CovItemId="S3" Value="1"/>
<Cov CovItemId="S4" Value="1"/>
<Cov CovItemId="S5" Value="1"/>
</CovPrefix>
<CovPrefix CovItemPrefix="group2.game.Funnel.java">
<Cov CovItemId="S1" Value="1"/>
<Cov CovItemId="S2" Value="1"/>
<Cov CovItemId="S3" Value="1"/>
<Cov CovItemId="S4" Value="1"/>
<Cov CovItemId="S5" Value="1"/>
</CovPrefix>
<CovPrefix CovItemPrefix="group2.game.HighScoreList.java">
<Cov CovItemId="B5" Value="10"/>
<Cov CovItemId="B7" Value="10"/>
<Cov CovItemId="B8" Value="10"/>
<Cov CovItemId="L2-2" Value="10"/>
<Cov CovItemId="S18" Value="10"/>
<Cov CovItemId="S19" Value="10"/>
<Cov CovItemId="S20" Value="10"/>
<Cov CovItemId="S21" Value="10"/>
<Cov CovItemId="S22" Value="10"/>
<Cov CovItemId="S23" Value="10"/>
<Cov CovItemId="S24" Value="10"/>
<Cov CovItemId="S25" Value="10"/>
<Cov CovItemId="S26" Value="2590"/>
<Cov CovItemId="S27" Value="2590"/>
<Cov CovItemId="S28" Value="2590"/>
<Cov CovItemId="S29" Value="2590"/>
<Cov CovItemId="S30" Value="2590"/>
<Cov CovItemId="S32" Value="10"/>
<Cov CovItemId="S33" Value="10"/>
<Cov CovItemId="S34" Value="10"/>
<Cov CovItemId="S36" Value="10"/>
</CovPrefix>
<CovPrefix CovItemPrefix="group2.game.InputHandler.java">
<Cov CovItemId="S1" Value="1"/>
<Cov CovItemId="S2" Value="1"/>
<Cov CovItemId="S3" Value="1"/>
<Cov CovItemId="S4" Value="1"/>
</CovPrefix>
<CovPrefix CovItemPrefix="group2.game.Map.java">
<Cov CovItemId="L1-2" Value="1"/>
<Cov CovItemId="S1" Value="1"/>
<Cov CovItemId="S10" Value="1"/>
<Cov CovItemId="S11" Value="1"/>
<Cov CovItemId="S12" Value="1"/>
<Cov CovItemId="S13" Value="1"/>
<Cov CovItemId="S14" Value="1"/>
<Cov CovItemId="S15" Value="1"/>
<Cov CovItemId="S16" Value="1"/>
<Cov CovItemId="S17" Value="1"/>
<Cov CovItemId="S18" Value="1"/>
<Cov CovItemId="S19" Value="12"/>
<Cov CovItemId="S2" Value="1"/>
<Cov CovItemId="S20" Value="1"/>
<Cov CovItemId="S21" Value="1"/>
<Cov CovItemId="S22" Value="1"/>
<Cov CovItemId="S23" Value="1"/>
<Cov CovItemId="S24" Value="1"/>
<Cov CovItemId="S25" Value="1"/>
<Cov CovItemId="S26" Value="1"/>
<Cov CovItemId="S27" Value="1"/>
<Cov CovItemId="S28" Value="1"/>
<Cov CovItemId="S29" Value="1"/>
<Cov CovItemId="S3" Value="1"/>
<Cov CovItemId="S30" Value="1"/>
<Cov CovItemId="S31" Value="1"/>
<Cov CovItemId="S32" Value="1"/>
<Cov CovItemId="S33" Value="1"/>
<Cov CovItemId="S34" Value="1"/>
<Cov CovItemId="S35" Value="1"/>
<Cov CovItemId="S36" Value="1"/>
<Cov CovItemId="S37" Value="1"/>
<Cov CovItemId="S38" Value="1"/>
<Cov CovItemId="S39" Value="1"/>
<Cov CovItemId="S4" Value="1"/>
<Cov CovItemId="S40" Value="1"/>
<Cov CovItemId="S41" Value="1"/>
<Cov CovItemId="S42" Value="1"/>
<Cov CovItemId="S5" Value="1"/>
<Cov CovItemId="S6" Value="1"/>
<Cov CovItemId="S7" Value="1"/>
<Cov CovItemId="S8" Value="1"/>
<Cov CovItemId="S9" Value="1"/>
</CovPrefix>
<CovPrefix CovItemPrefix="group2.game.Menu.java">
<Cov CovItemId="S1" Value="2"/>
<Cov CovItemId="S2" Value="2"/>
<Cov CovItemId="S3" Value="2"/>
<Cov CovItemId="S4" Value="2"/>
<Cov CovItemId="S5" Value="2"/>
<Cov CovItemId="S6" Value="2"/>
<Cov CovItemId="S7" Value="2"/>
<Cov CovItemId="S8" Value="2"/>
<Cov CovItemId="S9" Value="2"/>
</CovPrefix>
<CovPrefix CovItemPrefix="group2.game.MenuObject.java">
<Cov CovItemId="S1" Value="2"/>
<Cov CovItemId="S2" Value="2"/>
<Cov CovItemId="S3" Value="2"/>
</CovPrefix>
<CovPrefix CovItemPrefix="group2.game.Oil.java">
<Cov CovItemId="S1" Value="1"/>
<Cov CovItemId="S12" Value="1"/>
<Cov CovItemId="S2" Value="1"/>
<Cov CovItemId="S3" Value="1"/>
<Cov CovItemId="S4" Value="1"/>
<Cov CovItemId="S5" Value="1"/>
</CovPrefix>
<CovPrefix CovItemPrefix="group2.game.Player.java">
<Cov CovItemId="S1" Value="1"/>
</CovPrefix>
<CovPrefix CovItemPrefix="group2.game.Position.java">
<Cov CovItemId="S1" Value="19"/>
<Cov CovItemId="S10" Value="1"/>
<Cov CovItemId="S2" Value="19"/>
<Cov CovItemId="S6" Value="1"/>
<Cov CovItemId="S7" Value="1"/>
<Cov CovItemId="S9" Value="1"/>
</CovPrefix>
<CovPrefix CovItemPrefix="group2.game.PowerUp.java">
<Cov CovItemId="S1" Value="2"/>
<Cov CovItemId="S2" Value="2"/>
<Cov CovItemId="S3" Value="2"/>
<Cov CovItemId="S4" Value="2"/>
<Cov CovItemId="S7" Value="2"/>
<Cov CovItemId="S8" Value="2"/>
<Cov CovItemId="S9" Value="2"/>
</CovPrefix>
<CovPrefix CovItemPrefix="group2.game.RapidRunoffGame.java">
<Cov CovItemId="S10" Value="1"/>
<Cov CovItemId="S11" Value="1"/>
<Cov CovItemId="S12" Value="1"/>
<Cov CovItemId="S13" Value="1"/>
<Cov CovItemId="S14" Value="1"/>
<Cov CovItemId="S15" Value="1"/>
<Cov CovItemId="S16" Value="1"/>
<Cov CovItemId="S17" Value="1"/>
<Cov CovItemId="S18" Value="1"/>
<Cov CovItemId="S19" Value="1"/>
<Cov CovItemId="S20" Value="1"/>
<Cov CovItemId="S21" Value="1"/>
<Cov CovItemId="S22" Value="1"/>
<Cov CovItemId="S23" Value="1"/>
<Cov CovItemId="S24" Value="1"/>
<Cov CovItemId="S25" Value="1"/>
<Cov CovItemId="S26" Value="1"/>
<Cov CovItemId="S27" Value="1"/>
<Cov CovItemId="S28" Value="1"/>
<Cov CovItemId="S29" Value="1"/>
<Cov CovItemId="S3" Value="1"/>
<Cov CovItemId="S30" Value="1"/>
<Cov CovItemId="S31" Value="1"/>
<Cov CovItemId="S32" Value="1"/>
<Cov CovItemId="S33" Value="1"/>
<Cov CovItemId="S34" Value="1"/>
<Cov CovItemId="S35" Value="1"/>
<Cov CovItemId="S36" Value="1"/>
<Cov CovItemId="S37" Value="1"/>
<Cov CovItemId="S38" Value="1"/>
<Cov CovItemId="S39" Value="1"/>
<Cov CovItemId="S4" Value="1"/>
<Cov CovItemId="S40" Value="1"/>
<Cov CovItemId="S41" Value="1"/>
<Cov CovItemId="S42" Value="1"/>
<Cov CovItemId="S43" Value="1"/>
<Cov CovItemId="S44" Value="1"/>
<Cov CovItemId="S45" Value="1"/>
<Cov CovItemId="S46" Value="1"/>
<Cov CovItemId="S47" Value="1"/>
<Cov CovItemId="S48" Value="1"/>
<Cov CovItemId="S49" Value="1"/>
<Cov CovItemId="S5" Value="1"/>
<Cov CovItemId="S50" Value="1"/>
<Cov CovItemId="S51" Value="1"/>
<Cov CovItemId="S52" Value="1"/>
<Cov CovItemId="S53" Value="1"/>
<Cov CovItemId="S54" Value="1"/>
<Cov CovItemId="S55" Value="1"/>
<Cov CovItemId="S56" Value="1"/>
<Cov CovItemId="S57" Value="1"/>
<Cov CovItemId="S58" Value="1"/>
<Cov CovItemId="S6" Value="1"/>
<Cov CovItemId="S7" Value="1"/>
<Cov CovItemId="S8" Value="1"/>
<Cov CovItemId="S9" Value="1"/>
</CovPrefix>
<CovPrefix CovItemPrefix="group2.game.River.java">
<Cov CovItemId="S1" Value="1"/>
<Cov CovItemId="S2" Value="1"/>
<Cov CovItemId="S3" Value="1"/>
</CovPrefix>
<CovPrefix CovItemPrefix="group2.game.RiverBank.java">
<Cov CovItemId="L1-1" Value="2"/>
<Cov CovItemId="L1-2" Value="2"/>
<Cov CovItemId="L2-2" Value="6"/>
<Cov CovItemId="S1" Value="4"/>
<Cov CovItemId="S10" Value="4"/>
<Cov CovItemId="S11" Value="4"/>
<Cov CovItemId="S2" Value="4"/>
<Cov CovItemId="S3" Value="4"/>
<Cov CovItemId="S4" Value="4"/>
<Cov CovItemId="S5" Value="4"/>
<Cov CovItemId="S6" Value="4"/>
<Cov CovItemId="S7" Value="4"/>
<Cov CovItemId="S8" Value="4"/>
<Cov CovItemId="S88" Value="4"/>
<Cov CovItemId="S89" Value="6"/>
<Cov CovItemId="S9" Value="4"/>
<Cov CovItemId="S90" Value="12"/>
<Cov CovItemId="S91" Value="12"/>
</CovPrefix>
<CovPrefix CovItemPrefix="group2.game.RunningWater.java">
<Cov CovItemId="S1" Value="4"/>
</CovPrefix>
<CovPrefix CovItemPrefix="group2.game.Score.java">
<Cov CovItemId="S1" Value="1"/>
<Cov CovItemId="S10" Value="1"/>
<Cov CovItemId="S2" Value="1"/>
<Cov CovItemId="S3" Value="1"/>
<Cov CovItemId="S4" Value="1"/>
<Cov CovItemId="S5" Value="1"/>
<Cov CovItemId="S6" Value="3"/>
<Cov CovItemId="S7" Value="3"/>
<Cov CovItemId="S8" Value="1"/>
</CovPrefix>
<CovPrefix CovItemPrefix="group2.game.ScoreData.java">
<Cov CovItemId="S1" Value="2590"/>
<Cov CovItemId="S2" Value="2590"/>
<Cov CovItemId="S3" Value="2590"/>
<Cov CovItemId="S4" Value="2590"/>
</CovPrefix>
<CovPrefix CovItemPrefix="group2.game.SplashScreen.java">
<Cov CovItemId="S2" Value="1"/>
<Cov CovItemId="S3" Value="2"/>
<Cov CovItemId="S4" Value="2"/>
<Cov CovItemId="S5" Value="2"/>
<Cov CovItemId="S6" Value="2"/>
</CovPrefix>
<CovPrefix CovItemPrefix="group2.game.Stream.java">
<Cov CovItemId="S1" Value="3"/>
<Cov CovItemId="S2" Value="3"/>
<Cov CovItemId="S3" Value="3"/>
<Cov CovItemId="S4" Value="3"/>
</CovPrefix>
<CovPrefix CovItemPrefix="group2.game.TestGame.java">
<Cov CovItemId="S64" Value="1"/>
<Cov CovItemId="S65" Value="1"/>
<Cov CovItemId="S66" Value="1"/>
<Cov CovItemId="S67" Value="1"/>
<Cov CovItemId="S68" Value="1"/>
<Cov CovItemId="S69" Value="1"/>
<Cov CovItemId="S70" Value="1"/>
<Cov CovItemId="S71" Value="1"/>
<Cov CovItemId="S72" Value="1"/>
<Cov CovItemId="S73" Value="1"/>
<Cov CovItemId="S74" Value="1"/>
<Cov CovItemId="S75" Value="1"/>
<Cov CovItemId="S76" Value="1"/>
<Cov CovItemId="S77" Value="1"/>
<Cov CovItemId="S78" Value="1"/>
<Cov CovItemId="S79" Value="1"/>
<Cov CovItemId="S80" Value="1"/>
<Cov CovItemId="S81" Value="1"/>
<Cov CovItemId="S82" Value="1"/>
<Cov CovItemId="S83" Value="1"/>
<Cov CovItemId="S84" Value="1"/>
<Cov CovItemId="S85" Value="1"/>
<Cov CovItemId="S86" Value="1"/>
<Cov CovItemId="S87" Value="1"/>
</CovPrefix>
<CovPrefix CovItemPrefix="group2.game.WaterObjects.java">
<Cov CovItemId="S1" Value="2"/>
<Cov CovItemId="S10" Value="2"/>
<Cov CovItemId="S11" Value="2"/>
<Cov CovItemId="S12" Value="2"/>
<Cov CovItemId="S13" Value="2"/>
<Cov CovItemId="S14" Value="2"/>
<Cov CovItemId="S15" Value="2"/>
<Cov CovItemId="S16" Value="5"/>
<Cov CovItemId="S17" Value="5"/>
<Cov CovItemId="S18" Value="5"/>
<Cov CovItemId="S19" Value="2"/>
<Cov CovItemId="S2" Value="2"/>
<Cov CovItemId="S20" Value="1"/>
<Cov CovItemId="S21" Value="1"/>
<Cov CovItemId="S22" Value="1"/>
<Cov CovItemId="S23" Value="3"/>
<Cov CovItemId="S24" Value="3"/>
<Cov CovItemId="S25" Value="3"/>
<Cov CovItemId="S3" Value="2"/>
<Cov CovItemId="S4" Value="2"/>
<Cov CovItemId="S5" Value="2"/>
<Cov CovItemId="S6" Value="2"/>
<Cov CovItemId="S7" Value="2"/>
<Cov CovItemId="S8" Value="2"/>
<Cov CovItemId="S9" Value="2"/>
</CovPrefix>
</CovList>
<AssgnmntList>
<AssgnmntPrefix RootTermCovItemPrefix="group2.game.DrawGame.java">
<AssgnmntListEntry Length="1" RootTermCovItemId="C1">
<MapEntry BoolAssgnmnt="0" Value="1"/>
<MapEntry BoolAssgnmnt="1" Value="10"/>
</AssgnmntListEntry>
<AssgnmntListEntry Length="1" RootTermCovItemId="C2">
<MapEntry BoolAssgnmnt="1" Value="3"/>
</AssgnmntListEntry>
</AssgnmntPrefix>
<AssgnmntPrefix RootTermCovItemPrefix="group2.game.HighScoreList.java">
<AssgnmntListEntry Length="1" RootTermCovItemId="C4">
<MapEntry BoolAssgnmnt="1" Value="10"/>
</AssgnmntListEntry>
</AssgnmntPrefix>
<AssgnmntPrefix RootTermCovItemPrefix="group2.game.Map.java">
<AssgnmntListEntry Length="1" RootTermCovItemId="C1">
<MapEntry BoolAssgnmnt="0" Value="1"/>
<MapEntry BoolAssgnmnt="1" Value="12"/>
</AssgnmntListEntry>
</AssgnmntPrefix>
<AssgnmntPrefix RootTermCovItemPrefix="group2.game.RiverBank.java">
<AssgnmntListEntry Length="1" RootTermCovItemId="C24">
<MapEntry BoolAssgnmnt="0" Value="4"/>
<MapEntry BoolAssgnmnt="1" Value="6"/>
</AssgnmntListEntry>
<AssgnmntListEntry Length="1" RootTermCovItemId="C25">
<MapEntry BoolAssgnmnt="0" Value="6"/>
<MapEntry BoolAssgnmnt="1" Value="12"/>
</AssgnmntListEntry>
</AssgnmntPrefix>
</AssgnmntList>
<ObjMetaDataList/>
<MetaDataList/>
</TestCase>
<TestCase Comment="" Date="1368311581389" Name="group2.game.TestGame:testQuiz">
<CovList>
<CovPrefix CovItemPrefix="group2.game.Quiz.java">
<Cov CovItemId="B1" Value="3"/>
<Cov CovItemId="B2" Value="1"/>
<Cov CovItemId="L1-2" Value="1"/>
<Cov CovItemId="S1" Value="1"/>
<Cov CovItemId="S10" Value="3"/>
<Cov CovItemId="S11" Value="1"/>
<Cov CovItemId="S12" Value="1"/>
<Cov CovItemId="S13" Value="1"/>
<Cov CovItemId="S2" Value="1"/>
<Cov CovItemId="S3" Value="1"/>
<Cov CovItemId="S4" Value="1"/>
<Cov CovItemId="S5" Value="4"/>
<Cov CovItemId="S6" Value="1"/>
<Cov CovItemId="S7" Value="1"/>
<Cov CovItemId="S8" Value="4"/>
<Cov CovItemId="S9" Value="3"/>
</CovPrefix>
<CovPrefix CovItemPrefix="group2.game.TestGame.java">
<Cov CovItemId="S10" Value="1"/>
<Cov CovItemId="S11" Value="1"/>
<Cov CovItemId="S12" Value="1"/>
<Cov CovItemId="S13" Value="1"/>
<Cov CovItemId="S14" Value="1"/>
<Cov CovItemId="S15" Value="1"/>
<Cov CovItemId="S6" Value="1"/>
<Cov CovItemId="S7" Value="1"/>
<Cov CovItemId="S8" Value="1"/>
<Cov CovItemId="S9" Value="1"/>
</CovPrefix>
</CovList>
<AssgnmntList>
<AssgnmntPrefix RootTermCovItemPrefix="group2.game.Quiz.java">
<AssgnmntListEntry Length="1" RootTermCovItemId="C1">
<MapEntry BoolAssgnmnt="0" Value="1"/>
<MapEntry BoolAssgnmnt="1" Value="4"/>
</AssgnmntListEntry>
<AssgnmntListEntry Length="1" RootTermCovItemId="C2">
<MapEntry BoolAssgnmnt="0" Value="1"/>
<MapEntry BoolAssgnmnt="1" Value="3"/>
</AssgnmntListEntry>
</AssgnmntPrefix>
</AssgnmntList>
<ObjMetaDataList/>
<MetaDataList/>
</TestCase>
<TestCase Comment="" Date="1368311581396" Name="group2.game.TestGame:testScore">
<CovList>
<CovPrefix CovItemPrefix="group2.game.Score.java">
<Cov CovItemId="S1" Value="1"/>
<Cov CovItemId="S10" Value="2"/>
<Cov CovItemId="S11" Value="1"/>
<Cov CovItemId="S2" Value="1"/>
<Cov CovItemId="S3" Value="1"/>
<Cov CovItemId="S4" Value="1"/>
<Cov CovItemId="S5" Value="1"/>
<Cov CovItemId="S6" Value="2"/>
<Cov CovItemId="S7" Value="2"/>
<Cov CovItemId="S8" Value="2"/>
<Cov CovItemId="S9" Value="1"/>
</CovPrefix>
<CovPrefix CovItemPrefix="group2.game.TestGame.java">
<Cov CovItemId="S45" Value="1"/>
<Cov CovItemId="S46" Value="1"/>
<Cov CovItemId="S47" Value="1"/>
<Cov CovItemId="S48" Value="1"/>
<Cov CovItemId="S49" Value="1"/>
<Cov CovItemId="S50" Value="1"/>
<Cov CovItemId="S51" Value="1"/>
<Cov CovItemId="S52" Value="1"/>
<Cov CovItemId="S53" Value="1"/>
<Cov CovItemId="S54" Value="1"/>
<Cov CovItemId="S55" Value="1"/>
<Cov CovItemId="S56" Value="1"/>
<Cov CovItemId="S57" Value="1"/>
<Cov CovItemId="S58" Value="1"/>
<Cov CovItemId="S59" Value="1"/>
</CovPrefix>
</CovList>
<AssgnmntList/>
<ObjMetaDataList/>
<MetaDataList/>
</TestCase>
<TestCase Comment="" Date="1368311581401" Name="group2.game.TestGame:testMap">
<CovList>
<CovPrefix CovItemPrefix="group2.game.Bin.java">
<Cov CovItemId="S1" Value="4"/>
<Cov CovItemId="S2" Value="4"/>
<Cov CovItemId="S3" Value="4"/>
<Cov CovItemId="S4" Value="4"/>
</CovPrefix>
<CovPrefix CovItemPrefix="group2.game.Broom.java">
<Cov CovItemId="S1" Value="2"/>
<Cov CovItemId="S2" Value="2"/>
<Cov CovItemId="S3" Value="2"/>
<Cov CovItemId="S4" Value="2"/>
<Cov CovItemId="S5" Value="2"/>
</CovPrefix>
<CovPrefix CovItemPrefix="group2.game.Buffer.java">
<Cov CovItemId="S1" Value="24"/>
<Cov CovItemId="S10" Value="24"/>
<Cov CovItemId="S11" Value="24"/>
<Cov CovItemId="S12" Value="24"/>
<Cov CovItemId="S13" Value="24"/>
<Cov CovItemId="S2" Value="24"/>
<Cov CovItemId="S3" Value="24"/>
<Cov CovItemId="S5" Value="24"/>
<Cov CovItemId="S6" Value="24"/>
<Cov CovItemId="S7" Value="24"/>
<Cov CovItemId="S8" Value="24"/>
<Cov CovItemId="S9" Value="24"/>
</CovPrefix>
<CovPrefix CovItemPrefix="group2.game.City.java">
<Cov CovItemId="S1" Value="2"/>
<Cov CovItemId="S10" Value="2"/>
<Cov CovItemId="S11" Value="2"/>
<Cov CovItemId="S12" Value="2"/>
<Cov CovItemId="S13" Value="2"/>
<Cov CovItemId="S2" Value="2"/>
<Cov CovItemId="S3" Value="2"/>
<Cov CovItemId="S4" Value="2"/>
<Cov CovItemId="S5" Value="2"/>
<Cov CovItemId="S6" Value="2"/>
<Cov CovItemId="S7" Value="2"/>
<Cov CovItemId="S8" Value="2"/>
<Cov CovItemId="S9" Value="2"/>
</CovPrefix>
<CovPrefix CovItemPrefix="group2.game.DrawGame.java">
<Cov CovItemId="B1" Value="1"/>
<Cov CovItemId="B3" Value="10"/>
<Cov CovItemId="B5" Value="9"/>
<Cov CovItemId="L1-2" Value="1"/>
<Cov CovItemId="S10" Value="1"/>
<Cov CovItemId="S15" Value="1"/>
<Cov CovItemId="S16" Value="1"/>
<Cov CovItemId="S17" Value="1"/>
<Cov CovItemId="S18" Value="1"/>
<Cov CovItemId="S19" Value="1"/>
<Cov CovItemId="S20" Value="1"/>
<Cov CovItemId="S21" Value="1"/>
<Cov CovItemId="S22" Value="1"/>
<Cov CovItemId="S23" Value="1"/>
<Cov CovItemId="S24" Value="1"/>
<Cov CovItemId="S25" Value="1"/>
<Cov CovItemId="S26" Value="1"/>
<Cov CovItemId="S27" Value="1"/>
<Cov CovItemId="S28" Value="1"/>
<Cov CovItemId="S29" Value="1"/>
<Cov CovItemId="S30" Value="1"/>
<Cov CovItemId="S31" Value="1"/>
<Cov CovItemId="S32" Value="1"/>
<Cov CovItemId="S33" Value="1"/>
<Cov CovItemId="S34" Value="1"/>
<Cov CovItemId="S35" Value="1"/>
<Cov CovItemId="S36" Value="1"/>
<Cov CovItemId="S37" Value="1"/>
<Cov CovItemId="S38" Value="1"/>
<Cov CovItemId="S39" Value="1"/>
<Cov CovItemId="S40" Value="1"/>
<Cov CovItemId="S41" Value="1"/>
<Cov CovItemId="S42" Value="1"/>
<Cov CovItemId="S43" Value="1"/>
<Cov CovItemId="S44" Value="1"/>
<Cov CovItemId="S45" Value="1"/>
<Cov CovItemId="S46" Value="1"/>
<Cov CovItemId="S47" Value="1"/>
<Cov CovItemId="S48" Value="1"/>
<Cov CovItemId="S49" Value="1"/>
<Cov CovItemId="S50" Value="1"/>
<Cov CovItemId="S51" Value="1"/>
<Cov CovItemId="S52" Value="1"/>
<Cov CovItemId="S53" Value="1"/>
<Cov CovItemId="S54" Value="1"/>
<Cov CovItemId="S55" Value="1"/>
<Cov CovItemId="S56" Value="1"/>
<Cov CovItemId="S57" Value="1"/>
<Cov CovItemId="S58" Value="1"/>
<Cov CovItemId="S59" Value="1"/>
<Cov CovItemId="S60" Value="1"/>
<Cov CovItemId="S62" Value="1"/>
<Cov CovItemId="S63" Value="10"/>
<Cov CovItemId="S64" Value="10"/>
<Cov CovItemId="S66" Value="1"/>
<Cov CovItemId="S67" Value="1"/>
<Cov CovItemId="S68" Value="1"/>
<Cov CovItemId="S69" Value="1"/>
<Cov CovItemId="S70" Value="9"/>
<Cov CovItemId="S71" Value="9"/>
<Cov CovItemId="S72" Value="9"/>
<Cov CovItemId="S73" Value="9"/>
<Cov CovItemId="S8" Value="1"/>
<Cov CovItemId="S9" Value="1"/>
</CovPrefix>
<CovPrefix CovItemPrefix="group2.game.Funnel.java">
<Cov CovItemId="S1" Value="2"/>
<Cov CovItemId="S2" Value="2"/>
<Cov CovItemId="S3" Value="2"/>
<Cov CovItemId="S4" Value="2"/>
<Cov CovItemId="S5" Value="2"/>
</CovPrefix>
<CovPrefix CovItemPrefix="group2.game.HighScoreList.java">
<Cov CovItemId="B5" Value="10"/>
<Cov CovItemId="B7" Value="10"/>
<Cov CovItemId="B8" Value="10"/>
<Cov CovItemId="L2-2" Value="10"/>
<Cov CovItemId="S18" Value="10"/>
<Cov CovItemId="S19" Value="10"/>
<Cov CovItemId="S20" Value="10"/>
<Cov CovItemId="S21" Value="10"/>
<Cov CovItemId="S22" Value="10"/>
<Cov CovItemId="S23" Value="10"/>
<Cov CovItemId="S24" Value="10"/>
<Cov CovItemId="S25" Value="10"/>
<Cov CovItemId="S26" Value="2590"/>
<Cov CovItemId="S27" Value="2590"/>
<Cov CovItemId="S28" Value="2590"/>
<Cov CovItemId="S29" Value="2590"/>
<Cov CovItemId="S30" Value="2590"/>
<Cov CovItemId="S32" Value="10"/>
<Cov CovItemId="S33" Value="10"/>
<Cov CovItemId="S34" Value="10"/>
<Cov CovItemId="S36" Value="10"/>
</CovPrefix>
<CovPrefix CovItemPrefix="group2.game.InputHandler.java">
<Cov CovItemId="S1" Value="1"/>
<Cov CovItemId="S2" Value="1"/>
<Cov CovItemId="S3" Value="1"/>
<Cov CovItemId="S4" Value="1"/>
</CovPrefix>
<CovPrefix CovItemPrefix="group2.game.Map.java">
<Cov CovItemId="L1-2" Value="2"/>
<Cov CovItemId="S1" Value="2"/>
<Cov CovItemId="S10" Value="2"/>
<Cov CovItemId="S11" Value="2"/>
<Cov CovItemId="S12" Value="2"/>
<Cov CovItemId="S13" Value="2"/>
<Cov CovItemId="S14" Value="2"/>
<Cov CovItemId="S15" Value="2"/>
<Cov CovItemId="S16" Value="2"/>
<Cov CovItemId="S17" Value="2"/>
<Cov CovItemId="S18" Value="2"/>
<Cov CovItemId="S19" Value="24"/>
<Cov CovItemId="S2" Value="2"/>
<Cov CovItemId="S20" Value="2"/>
<Cov CovItemId="S21" Value="2"/>
<Cov CovItemId="S22" Value="2"/>
<Cov CovItemId="S23" Value="2"/>
<Cov CovItemId="S24" Value="2"/>
<Cov CovItemId="S25" Value="2"/>
<Cov CovItemId="S26" Value="2"/>
<Cov CovItemId="S27" Value="2"/>
<Cov CovItemId="S28" Value="2"/>
<Cov CovItemId="S29" Value="2"/>
<Cov CovItemId="S3" Value="2"/>
<Cov CovItemId="S30" Value="2"/>
<Cov CovItemId="S31" Value="2"/>
<Cov CovItemId="S32" Value="2"/>
<Cov CovItemId="S33" Value="2"/>
<Cov CovItemId="S34" Value="2"/>
<Cov CovItemId="S35" Value="2"/>
<Cov CovItemId="S36" Value="2"/>
<Cov CovItemId="S37" Value="2"/>
<Cov CovItemId="S38" Value="2"/>
<Cov CovItemId="S39" Value="2"/>
<Cov CovItemId="S4" Value="2"/>
<Cov CovItemId="S40" Value="2"/>
<Cov CovItemId="S41" Value="2"/>
<Cov CovItemId="S42" Value="2"/>
<Cov CovItemId="S5" Value="2"/>
<Cov CovItemId="S6" Value="2"/>
<Cov CovItemId="S7" Value="2"/>
<Cov CovItemId="S71" Value="1"/>
<Cov CovItemId="S8" Value="2"/>
<Cov CovItemId="S9" Value="2"/>
</CovPrefix>
<CovPrefix CovItemPrefix="group2.game.Menu.java">
<Cov CovItemId="S1" Value="4"/>
<Cov CovItemId="S2" Value="4"/>
<Cov CovItemId="S3" Value="4"/>
<Cov CovItemId="S4" Value="4"/>
<Cov CovItemId="S5" Value="4"/>
<Cov CovItemId="S6" Value="4"/>
<Cov CovItemId="S7" Value="4"/>
<Cov CovItemId="S8" Value="4"/>
<Cov CovItemId="S9" Value="4"/>
</CovPrefix>
<CovPrefix CovItemPrefix="group2.game.MenuObject.java">
<Cov CovItemId="S1" Value="4"/>
<Cov CovItemId="S2" Value="4"/>
<Cov CovItemId="S3" Value="4"/>
</CovPrefix>
<CovPrefix CovItemPrefix="group2.game.Player.java">
<Cov CovItemId="S1" Value="1"/>
</CovPrefix>
<CovPrefix CovItemPrefix="group2.game.Position.java">
<Cov CovItemId="S1" Value="34"/>
<Cov CovItemId="S2" Value="34"/>
</CovPrefix>
<CovPrefix CovItemPrefix="group2.game.PowerUp.java">
<Cov CovItemId="S1" Value="4"/>
<Cov CovItemId="S2" Value="4"/>
<Cov CovItemId="S3" Value="4"/>
<Cov CovItemId="S4" Value="4"/>
<Cov CovItemId="S7" Value="4"/>
<Cov CovItemId="S8" Value="4"/>
<Cov CovItemId="S9" Value="4"/>
</CovPrefix>
<CovPrefix CovItemPrefix="group2.game.RapidRunoffGame.java">
<Cov CovItemId="S10" Value="1"/>
<Cov CovItemId="S11" Value="1"/>
<Cov CovItemId="S12" Value="1"/>
<Cov CovItemId="S13" Value="1"/>
<Cov CovItemId="S14" Value="1"/>
<Cov CovItemId="S15" Value="1"/>
<Cov CovItemId="S16" Value="1"/>
<Cov CovItemId="S17" Value="1"/>
<Cov CovItemId="S18" Value="1"/>
<Cov CovItemId="S19" Value="1"/>
<Cov CovItemId="S20" Value="1"/>
<Cov CovItemId="S21" Value="1"/>
<Cov CovItemId="S22" Value="1"/>
<Cov CovItemId="S23" Value="1"/>
<Cov CovItemId="S24" Value="1"/>
<Cov CovItemId="S25" Value="1"/>
<Cov CovItemId="S26" Value="1"/>
<Cov CovItemId="S27" Value="1"/>
<Cov CovItemId="S28" Value="1"/>
<Cov CovItemId="S29" Value="1"/>
<Cov CovItemId="S3" Value="1"/>
<Cov CovItemId="S30" Value="1"/>
<Cov CovItemId="S31" Value="1"/>
<Cov CovItemId="S32" Value="1"/>
<Cov CovItemId="S33" Value="1"/>
<Cov CovItemId="S34" Value="1"/>
<Cov CovItemId="S35" Value="1"/>
<Cov CovItemId="S36" Value="1"/>
<Cov CovItemId="S37" Value="1"/>
<Cov CovItemId="S38" Value="1"/>
<Cov CovItemId="S39" Value="1"/>
<Cov CovItemId="S4" Value="1"/>
<Cov CovItemId="S40" Value="1"/>
<Cov CovItemId="S41" Value="1"/>
<Cov CovItemId="S42" Value="1"/>
<Cov CovItemId="S43" Value="1"/>
<Cov CovItemId="S44" Value="1"/>
<Cov CovItemId="S45" Value="1"/>
<Cov CovItemId="S46" Value="1"/>
<Cov CovItemId="S47" Value="1"/>
<Cov CovItemId="S48" Value="1"/>
<Cov CovItemId="S49" Value="1"/>
<Cov CovItemId="S5" Value="1"/>
<Cov CovItemId="S50" Value="1"/>
<Cov CovItemId="S51" Value="1"/>
<Cov CovItemId="S52" Value="1"/>
<Cov CovItemId="S53" Value="1"/>
<Cov CovItemId="S54" Value="1"/>
<Cov CovItemId="S55" Value="1"/>
<Cov CovItemId="S56" Value="1"/>
<Cov CovItemId="S57" Value="1"/>
<Cov CovItemId="S58" Value="1"/>
<Cov CovItemId="S6" Value="1"/>
<Cov CovItemId="S7" Value="1"/>
<Cov CovItemId="S8" Value="1"/>
<Cov CovItemId="S9" Value="1"/>
</CovPrefix>
<CovPrefix CovItemPrefix="group2.game.River.java">
<Cov CovItemId="S1" Value="2"/>
<Cov CovItemId="S2" Value="2"/>
<Cov CovItemId="S3" Value="2"/>
</CovPrefix>
<CovPrefix CovItemPrefix="group2.game.RiverBank.java">
<Cov CovItemId="L1-1" Value="4"/>
<Cov CovItemId="L1-2" Value="4"/>
<Cov CovItemId="L2-2" Value="12"/>
<Cov CovItemId="S1" Value="8"/>
<Cov CovItemId="S10" Value="8"/>
<Cov CovItemId="S11" Value="8"/>
<Cov CovItemId="S2" Value="8"/>
<Cov CovItemId="S3" Value="8"/>
<Cov CovItemId="S4" Value="8"/>
<Cov CovItemId="S5" Value="8"/>
<Cov CovItemId="S6" Value="8"/>
<Cov CovItemId="S7" Value="8"/>
<Cov CovItemId="S8" Value="8"/>
<Cov CovItemId="S88" Value="8"/>
<Cov CovItemId="S89" Value="12"/>
<Cov CovItemId="S9" Value="8"/>
<Cov CovItemId="S90" Value="24"/>
<Cov CovItemId="S91" Value="24"/>
</CovPrefix>
<CovPrefix CovItemPrefix="group2.game.RunningWater.java">
<Cov CovItemId="S1" Value="8"/>
</CovPrefix>
<CovPrefix CovItemPrefix="group2.game.Score.java">
<Cov CovItemId="S1" Value="1"/>
<Cov CovItemId="S2" Value="1"/>
<Cov CovItemId="S3" Value="1"/>
<Cov CovItemId="S4" Value="1"/>
<Cov CovItemId="S5" Value="1"/>
</CovPrefix>
<CovPrefix CovItemPrefix="group2.game.ScoreData.java">
<Cov CovItemId="S1" Value="2590"/>
<Cov CovItemId="S2" Value="2590"/>
<Cov CovItemId="S3" Value="2590"/>
<Cov CovItemId="S4" Value="2590"/>
</CovPrefix>
<CovPrefix CovItemPrefix="group2.game.SplashScreen.java">
<Cov CovItemId="S2" Value="1"/>
<Cov CovItemId="S3" Value="2"/>
<Cov CovItemId="S4" Value="2"/>
<Cov CovItemId="S5" Value="2"/>
<Cov CovItemId="S6" Value="2"/>
</CovPrefix>
<CovPrefix CovItemPrefix="group2.game.Stream.java">
<Cov CovItemId="S1" Value="6"/>
<Cov CovItemId="S2" Value="6"/>
<Cov CovItemId="S3" Value="6"/>
<Cov CovItemId="S4" Value="6"/>
</CovPrefix>
<CovPrefix CovItemPrefix="group2.game.TestGame.java">
<Cov CovItemId="S60" Value="1"/>
<Cov CovItemId="S61" Value="1"/>
<Cov CovItemId="S62" Value="1"/>
<Cov CovItemId="S63" Value="1"/>
</CovPrefix>
</CovList>
<AssgnmntList>
<AssgnmntPrefix RootTermCovItemPrefix="group2.game.DrawGame.java">
<AssgnmntListEntry Length="1" RootTermCovItemId="C1">
<MapEntry BoolAssgnmnt="0" Value="1"/>
<MapEntry BoolAssgnmnt="1" Value="10"/>
</AssgnmntListEntry>
<AssgnmntListEntry Length="1" RootTermCovItemId="C2">
<MapEntry BoolAssgnmnt="1" Value="9"/>
</AssgnmntListEntry>
</AssgnmntPrefix>
<AssgnmntPrefix RootTermCovItemPrefix="group2.game.HighScoreList.java">
<AssgnmntListEntry Length="1" RootTermCovItemId="C4">
<MapEntry BoolAssgnmnt="1" Value="10"/>
</AssgnmntListEntry>
</AssgnmntPrefix>
<AssgnmntPrefix RootTermCovItemPrefix="group2.game.Map.java">
<AssgnmntListEntry Length="1" RootTermCovItemId="C1">
<MapEntry BoolAssgnmnt="0" Value="2"/>
<MapEntry BoolAssgnmnt="1" Value="24"/>
</AssgnmntListEntry>
</AssgnmntPrefix>
<AssgnmntPrefix RootTermCovItemPrefix="group2.game.RiverBank.java">
<AssgnmntListEntry Length="1" RootTermCovItemId="C24">
<MapEntry BoolAssgnmnt="0" Value="8"/>
<MapEntry BoolAssgnmnt="1" Value="12"/>
</AssgnmntListEntry>
<AssgnmntListEntry Length="1" RootTermCovItemId="C25">
<MapEntry BoolAssgnmnt="0" Value="12"/>
<MapEntry BoolAssgnmnt="1" Value="24"/>
</AssgnmntListEntry>
</AssgnmntPrefix>
</AssgnmntList>
<ObjMetaDataList/>
<MetaDataList/>
</TestCase>
<TestCase Comment="" Date="1368311582760" Name="group2.game.TestGame:testPosition">
<CovList>
<CovPrefix CovItemPrefix="group2.game.Position.java">
<Cov CovItemId="B1" Value="2"/>
<Cov CovItemId="B2" Value="2"/>
<Cov CovItemId="S1" Value="3"/>
<Cov CovItemId="S10" Value="1"/>
<Cov CovItemId="S2" Value="3"/>
<Cov CovItemId="S3" Value="4"/>
<Cov CovItemId="S4" Value="2"/>
<Cov CovItemId="S5" Value="2"/>
<Cov CovItemId="S6" Value="4"/>
<Cov CovItemId="S7" Value="4"/>
<Cov CovItemId="S8" Value="3"/>
<Cov CovItemId="S9" Value="1"/>
</CovPrefix>
<CovPrefix CovItemPrefix="group2.game.TestGame.java">
<Cov CovItemId="S100" Value="1"/>
<Cov CovItemId="S101" Value="1"/>
<Cov CovItemId="S102" Value="1"/>
<Cov CovItemId="S103" Value="1"/>
<Cov CovItemId="S104" Value="1"/>
<Cov CovItemId="S105" Value="1"/>
<Cov CovItemId="S106" Value="1"/>
<Cov CovItemId="S88" Value="1"/>
<Cov CovItemId="S89" Value="1"/>
<Cov CovItemId="S90" Value="1"/>
<Cov CovItemId="S91" Value="1"/>
<Cov CovItemId="S92" Value="1"/>
<Cov CovItemId="S93" Value="1"/>
<Cov CovItemId="S94" Value="1"/>
<Cov CovItemId="S95" Value="1"/>
<Cov CovItemId="S96" Value="1"/>
<Cov CovItemId="S97" Value="1"/>
<Cov CovItemId="S98" Value="1"/>
<Cov CovItemId="S99" Value="1"/>
</CovPrefix>
</CovList>
<AssgnmntList>
<AssgnmntPrefix RootTermCovItemPrefix="group2.game.Position.java">
<AssgnmntListEntry Length="2" RootTermCovItemId="C1">
<MapEntry BoolAssgnmnt="02" Value="2"/>
<MapEntry BoolAssgnmnt="11" Value="2"/>
</AssgnmntListEntry>
</AssgnmntPrefix>
</AssgnmntList>
<ObjMetaDataList/>
<MetaDataList/>
</TestCase>
<MetaDataList/>
</TestSession>
</TestSessionContainer>
