<?xml version="1.0" encoding="UTF-8"?><TestSessionContainer xmlns="http://www.codecover.org/xml/testsession-container" Date="1368747268303" TestSessionContainerId="34790211-f29f-4bed-9b86-7e35b262485d" version="1.0">
<SrcFileList>
<SrcFile Content="package group2.game;&#10;&#10;import java.awt.Color;&#10;import java.awt.Image;&#10;import java.util.Random;&#10;&#10;/**&#10; * Stefan 4/3/13&#10; */&#10;public abstract class WaterObjects {&#10;&#10;&#9;Position position;&#10;&#9;RapidRunoffGame game;&#10;&#9;public static int point_value = 10;&#10;&#9;Boolean is_alive = true;&#10;&#9;public boolean addedtocount = false;&#10;&#9;public int updates = 0;&#10;&#9;public boolean is_clicked = false;&#10;&#9;public Color color = null;&#10;&#9;String id = &quot;&quot;;&#10;&#9;public boolean removed = false;&#10;&#9;public int remove_time = 0;&#10;&#10;&#9;Bin bin;&#10;&#10;&#9;int time_num = 0;&#10;&#9;double shift;&#10;&#9;Random rand = new Random();&#10;&#9;int sin_num = (int) rand.nextDouble() * 300;&#10;&#10;&#9;double x_velocity = 0;&#10;&#9;double y_velocity = 0.005;&#10;&#10;&#9;public Image[] image;&#10;&#9;public int cur_image;&#10;&#9;int streamnumber;&#10;&#10;&#9;public WaterObjects(Position p, RapidRunoffGame g, int stream) {&#10;&#9;&#9;this.position = p;&#10;&#9;&#9;this.game = g;&#10;&#9;&#9;this.shift = rand.nextDouble() / (g.screen_height * .0114);&#10;&#9;&#9;this.streamnumber = stream;&#10;&#9;}&#10;&#10;&#9;/**&#10;&#9; * Joe checks to see if the mouse click is within the range of the image&#10;&#9; * representing the water object&#10;&#9; */&#10;&#9;public boolean checkClickRange(double x, double y) {&#10;&#9;&#9;double x_range = 0.02;&#10;&#9;&#9;double y_range = 0.02;&#10;&#10;&#9;&#9;return ((x &gt;= position.x - x_range &amp;&amp; x &lt;= position.x + 2 * x_range) &amp;&amp; (y &lt;= position.y&#10;&#9;&#9;&#9;&#9;+ 2 * y_range &amp;&amp; y &gt;= position.y - y_range));&#10;&#9;}&#10;&#10;&#9;/**&#10;&#9; * Joe Checks to see if the mouse click is within the range of the image&#10;&#9; * representing the bin for the water object.&#10;&#9; */&#10;&#9;public boolean checkIfInBin(double x, double y) {&#10;&#9;&#9;return x &gt;= bin.position.x &amp;&amp; x &lt;= bin.position.x + bin.position.width&#10;&#9;&#9;&#9;&#9;&amp;&amp; y &gt;= bin.position.y&#10;&#9;&#9;&#9;&#9;&amp;&amp; y &lt;= bin.position.y + bin.position.height+.03;&#10;&#9;}&#10;&#10;&#9;// ben&#10;&#9;// over ride in oil and fert&#10;&#9;public void increment() {&#10;&#10;&#9;}&#10;&#10;&#9;/**&#10;&#9; * Stefan moves the object according to its current velocity&#10;&#9; */&#10;&#9;public void moveWaterObject() {&#10;&#9;&#9;double x_new = position.getXPos() + x_velocity;&#10;&#9;&#9;double y_new = position.getYPos() + y_velocity;&#10;&#9;&#9;position.setPosition(x_new, y_new);&#10;&#9;}&#10;&#10;&#9;/**&#10;&#9; * Stefan Removes the object and adds or subtracts score The input controls&#10;&#9; * add(true) and subtract(false)&#10;&#9; */&#10;&#9;public void remove(boolean score) {&#10;&#9;&#9;removed = true;&#10;&#9;&#9;int points = score ? point_value : (-1 * point_value);&#10;&#9;&#9;game.player.player_score.addScore(points);&#10;&#10;&#9;}&#10;&#9;&#10;&#9;public void setPos(double x, double y){&#10;&#9;&#9;position.x = x;&#10;&#9;&#9;position.y = y;&#10;&#9;}&#10;&#9;&#10;&#9;public void destroy(){&#10;&#9;&#9;game.map.water_objects.remove(this);&#10;&#9;}&#10;&#10;&#9;/**&#10;&#9; * Mary checks if an object is in the river and if it's passing permanent&#10;&#9; * erosion&#10;&#9; */&#10;&#9;public boolean checkIfInRiver() {&#10;&#9;&#9;if (position.getYPos() &gt; game.map.river.position.y + 1.0 / 100 + shift) {&#10;&#9;&#9;&#9;x_velocity = 0.0033;&#10;&#9;&#9;&#9;y_velocity = 0;&#10;&#9;&#9;&#9;RiverBank midLeftBank = game.map.river_banks.get(1);&#10;&#9;&#9;&#9;RiverBank midRightBank = game.map.river_banks.get(2);&#10;&#9;&#9;&#9;RiverBank rightBank = game.map.river_banks.get(3);&#10;&#10;&#9;&#9;&#9;// if object is under lower middle left bank, left column&#10;&#9;&#9;&#9;if ((midLeftBank.position.getXPos() &lt;= position.getXPos())&#10;&#9;&#9;&#9;&#9;&#9;&amp;&amp; (position.getXPos() &lt; (midLeftBank.position.getXPos() + midLeftBank.width / 2))) {&#10;&#9;&#9;&#9;&#9;if (midLeftBank.permanent_erosion[0][1]) {&#10;&#9;&#9;&#9;&#9;&#9;x_velocity = 0.005;&#10;&#9;&#9;&#9;&#9;&#9;// System.out.println(&quot;passing erosion&quot;);&#10;&#10;&#9;&#9;&#9;&#9;}&#10;&#9;&#9;&#9;}&#10;&#10;&#9;&#9;&#9;// if object is under lower middle left bank, right column&#10;&#9;&#9;&#9;else if (((midLeftBank.position.getXPos() + midLeftBank.width / 2) &lt;= position&#10;&#9;&#9;&#9;&#9;&#9;.getXPos())&#10;&#9;&#9;&#9;&#9;&#9;&amp;&amp; (position.getXPos() &lt;= (midLeftBank.position.getXPos() + midLeftBank.width))) {&#10;&#9;&#9;&#9;&#9;if (midLeftBank.permanent_erosion[1][1]) {&#10;&#9;&#9;&#9;&#9;&#9;x_velocity = 0.005;&#10;&#9;&#9;&#9;&#9;&#9;// System.out.println(&quot;passing erosion&quot;);&#10;&#10;&#9;&#9;&#9;&#9;}&#10;&#9;&#9;&#9;}&#10;&#9;&#9;&#9;// if object is under lower middle right bank, left column&#10;&#9;&#9;&#9;else if ((midRightBank.position.getXPos() &lt;= position.getXPos())&#10;&#9;&#9;&#9;&#9;&#9;&amp;&amp; (position.getXPos() &lt; (midRightBank.position.getXPos() + midRightBank.width / 2))) {&#10;&#9;&#9;&#9;&#9;if (midRightBank.permanent_erosion[0][1]) {&#10;&#9;&#9;&#9;&#9;&#9;x_velocity = 0.005;&#10;&#9;&#9;&#9;&#9;&#9;// System.out.println(&quot;passing erosion&quot;);&#10;&#10;&#9;&#9;&#9;&#9;}&#10;&#9;&#9;&#9;}&#10;&#10;&#9;&#9;&#9;// if object is under lower middle right bank, right column&#10;&#9;&#9;&#9;else if (((midRightBank.position.getXPos() + midRightBank.width / 2) &lt;= position&#10;&#9;&#9;&#9;&#9;&#9;.getXPos())&#10;&#9;&#9;&#9;&#9;&#9;&amp;&amp; (position.getXPos() &lt;= (midRightBank.position.getXPos() + midRightBank.width))) {&#10;&#9;&#9;&#9;&#9;if (midRightBank.permanent_erosion[1][1]) {&#10;&#9;&#9;&#9;&#9;&#9;x_velocity = 0.005;&#10;&#9;&#9;&#9;&#9;&#9;// System.out.println(&quot;passing erosion&quot;);&#10;&#10;&#9;&#9;&#9;&#9;}&#10;&#9;&#9;&#9;}&#10;&#10;&#9;&#9;&#9;// if object is under lower right bank&#10;&#9;&#9;&#9;else if (((rightBank.position.getXPos()) &lt;= position.getXPos())&#10;&#9;&#9;&#9;&#9;&#9;&amp;&amp; (position.getXPos() &lt;= (rightBank.position.getXPos() + rightBank.width))) {&#10;&#9;&#9;&#9;&#9;if (rightBank.permanent_erosion[0][1]) {&#10;&#9;&#9;&#9;&#9;&#9;x_velocity = 0.005;&#10;&#9;&#9;&#9;&#9;&#9;// System.out.println(&quot;passing erosion&quot;);&#10;&#10;&#9;&#9;&#9;&#9;}&#10;&#9;&#9;&#9;}&#10;&#10;&#9;&#9;&#9;if (time_num % 20 == 0)&#10;&#9;&#9;&#9;&#9;if (sin_num &lt; 300)&#10;&#9;&#9;&#9;&#9;&#9;sin_num++;&#10;&#9;&#9;&#9;&#9;else {&#10;&#9;&#9;&#9;&#9;&#9;sin_num = 0;&#10;&#9;&#9;&#9;&#9;}&#10;&#9;&#9;&#9;position.setPosition(position.getXPos(), position.getYPos()&#10;&#9;&#9;&#9;&#9;&#9;+ 0.0005 * Math.sin(sin_num + (300 * shift)));&#10;&#9;&#9;&#9;return true;&#10;&#9;&#9;}&#10;&#9;&#9;return false;&#10;&#9;}&#10;&#10;&#9;public boolean checkIfInStream() {&#10;&#10;&#9;&#9;x_velocity = 0;&#10;&#9;&#9;y_velocity = 0.005;&#10;&#10;&#9;&#9;// go along with curvature of graphics&#10;&#9;&#9;if (streamnumber == 2)&#10;&#9;&#9;&#9;x_velocity = -.0008;&#10;&#9;&#9;if (streamnumber == 0)&#10;&#9;&#9;&#9;x_velocity = .0008;&#10;&#10;&#9;&#9;RiverBank leftBank = game.map.river_banks.get(0);&#10;&#9;&#9;RiverBank midLeftBank = game.map.river_banks.get(1);&#10;&#9;&#9;RiverBank midRightBank = game.map.river_banks.get(2);&#10;&#9;&#9;RiverBank rightBank = game.map.river_banks.get(3);&#10;&#10;&#9;&#9;// object is in stream 1&#10;&#9;&#9;if (streamnumber == 0) {&#10;&#10;&#9;&#9;&#9;// object is passing top row&#10;&#9;&#9;&#9;if ((leftBank.position.getYPos() &lt;= position.getYPos())&#10;&#9;&#9;&#9;&#9;&#9;&amp;&amp; (position.getYPos() &lt; (leftBank.position.getYPos() + leftBank.height / 2))) {&#10;&#9;&#9;&#9;&#9;if (leftBank.permanent_erosion[0][0]&#10;&#9;&#9;&#9;&#9;&#9;&#9;|| midLeftBank.permanent_erosion[0][0]) {&#10;&#9;&#9;&#9;&#9;&#9;y_velocity = 0.008;&#10;&#9;&#9;&#9;&#9;&#9;// System.out.println(&quot;in stream &quot;+ streamnumber&#10;&#9;&#9;&#9;&#9;&#9;// +&quot;passing erosion&quot;);&#10;&#9;&#9;&#9;&#9;}&#10;&#9;&#9;&#9;}&#10;&#10;&#9;&#9;&#9;// object is passing bottom row&#10;&#9;&#9;&#9;else if (((leftBank.position.getYPos() + leftBank.height / 2) &lt;= position&#10;&#9;&#9;&#9;&#9;&#9;.getYPos())&#10;&#9;&#9;&#9;&#9;&#9;&amp;&amp; (position.getYPos() &lt;= (leftBank.position.getYPos() + leftBank.height))) {&#10;&#9;&#9;&#9;&#9;if (leftBank.permanent_erosion[0][1]&#10;&#9;&#9;&#9;&#9;&#9;&#9;|| midLeftBank.permanent_erosion[0][1]) {&#10;&#9;&#9;&#9;&#9;&#9;y_velocity = 0.008;&#10;&#9;&#9;&#9;&#9;&#9;// System.out.println(&quot;in stream &quot;+ streamnumber&#10;&#9;&#9;&#9;&#9;&#9;// +&quot;passing erosion&quot;);&#10;&#9;&#9;&#9;&#9;}&#10;&#9;&#9;&#9;}&#10;&#9;&#9;}&#10;&#10;&#9;&#9;// object is in stream 2&#10;&#9;&#9;else if (streamnumber == 1) {&#10;&#10;&#9;&#9;&#9;// object passing top row&#10;&#9;&#9;&#9;if ((midLeftBank.position.getYPos() &lt;= position.getYPos())&#10;&#9;&#9;&#9;&#9;&#9;&amp;&amp; (position.getYPos() &lt; (midLeftBank.position.getYPos() + midLeftBank.height / 2))) {&#10;&#9;&#9;&#9;&#9;if (midLeftBank.permanent_erosion[1][0]&#10;&#9;&#9;&#9;&#9;&#9;&#9;|| midRightBank.permanent_erosion[0][0]) {&#10;&#9;&#9;&#9;&#9;&#9;y_velocity = 0.008;&#10;&#9;&#9;&#9;&#9;&#9;// System.out.println(&quot;in stream &quot;+ streamnumber&#10;&#9;&#9;&#9;&#9;&#9;// +&quot;passing erosion&quot;);&#10;&#9;&#9;&#9;&#9;}&#10;&#9;&#9;&#9;}&#10;&#10;&#9;&#9;&#9;// object passing bottom row&#10;&#9;&#9;&#9;else if (((midLeftBank.position.getYPos() + midLeftBank.height / 2) &lt;= position&#10;&#9;&#9;&#9;&#9;&#9;.getYPos())&#10;&#9;&#9;&#9;&#9;&#9;&amp;&amp; (position.getYPos() &lt;= (midLeftBank.position.getYPos() + midLeftBank.height))) {&#10;&#9;&#9;&#9;&#9;if (midLeftBank.permanent_erosion[1][1]&#10;&#9;&#9;&#9;&#9;&#9;&#9;|| midRightBank.permanent_erosion[0][1]) {&#10;&#9;&#9;&#9;&#9;&#9;y_velocity = 0.008;&#10;&#9;&#9;&#9;&#9;&#9;// System.out.println(&quot;in stream &quot;+ streamnumber&#10;&#9;&#9;&#9;&#9;&#9;// +&quot;passing erosion&quot;);&#10;&#10;&#9;&#9;&#9;&#9;}&#10;&#9;&#9;&#9;}&#10;&#9;&#9;}&#10;&#10;&#9;&#9;// object is in stream 3&#10;&#9;&#9;else if (streamnumber == 2) {&#10;&#10;&#9;&#9;&#9;// object passing top row&#10;&#9;&#9;&#9;if ((rightBank.position.getYPos() &lt;= position.getYPos())&#10;&#9;&#9;&#9;&#9;&#9;&amp;&amp; (position.getYPos() &lt; (rightBank.position.getYPos() + rightBank.height / 2))) {&#10;&#9;&#9;&#9;&#9;if (rightBank.permanent_erosion[0][0]&#10;&#9;&#9;&#9;&#9;&#9;&#9;|| midRightBank.permanent_erosion[1][0]) {&#10;&#9;&#9;&#9;&#9;&#9;y_velocity = 0.008;&#10;&#9;&#9;&#9;&#9;&#9;// System.out.println(&quot;in stream &quot;+ streamnumber&#10;&#9;&#9;&#9;&#9;&#9;// +&quot;passing erosion&quot;);&#10;&#9;&#9;&#9;&#9;}&#10;&#9;&#9;&#9;}&#10;&#10;&#9;&#9;&#9;// object passing bottom row&#10;&#9;&#9;&#9;else if (((rightBank.position.getYPos() + rightBank.height / 2) &lt;= position&#10;&#9;&#9;&#9;&#9;&#9;.getYPos())&#10;&#9;&#9;&#9;&#9;&#9;&amp;&amp; (position.getYPos() &lt;= (rightBank.position.getYPos() + rightBank.height))) {&#10;&#9;&#9;&#9;&#9;if (rightBank.permanent_erosion[0][1]&#10;&#9;&#9;&#9;&#9;&#9;&#9;|| midRightBank.permanent_erosion[1][1]) {&#10;&#9;&#9;&#9;&#9;&#9;y_velocity = 0.008;&#10;&#9;&#9;&#9;&#9;&#9;// System.out.println(&quot;in stream &quot;+ streamnumber&#10;&#9;&#9;&#9;&#9;&#9;// +&quot;passing erosion&quot;);&#10;&#9;&#9;&#9;&#9;}&#10;&#9;&#9;&#9;}&#10;&#9;&#9;}&#10;&#10;&#9;&#9;if (time_num % 20 == 0)&#10;&#9;&#9;&#9;if (sin_num &lt; 300)&#10;&#9;&#9;&#9;&#9;sin_num++;&#10;&#9;&#9;&#9;else {&#10;&#9;&#9;&#9;&#9;sin_num = 0;&#10;&#9;&#9;&#9;}&#10;&#9;&#9;position.setPosition(&#10;&#9;&#9;&#9;&#9;position.getXPos() + 0.0005 * Math.sin(sin_num + (300 * shift)),&#10;&#9;&#9;&#9;&#9;position.getYPos());&#10;&#9;&#9;return true;&#10;&#9;}&#10;&#10;&#9;/**&#10;&#9; * Ben gave objects a more curved path down streams and through river&#10;&#9; * &#10;&#9; * Mary 4/21 checks if passing permanent erosion, which increases speed&#10;&#9; */&#10;&#9;public void update() {&#10;&#9;&#9;if(!removed){&#10;&#9;&#9;&#9;if (game.player.player_score.fertilizer_count &gt;= 1) {&#10;&#9;&#9;&#9;&#9;DrawGame.first_fert = true;&#10;&#9;&#9;&#9;}&#10;&#9;&#9;&#9;if (game.player.player_score.oil_count &gt;= 1) {&#10;&#9;&#9;&#9;&#9;DrawGame.first_oil = true;&#10;&#9;&#9;&#9;}&#10;&#9;&#9;&#9;time_num++;&#10;&#9;&#9;&#9;time_num = (time_num % 300);&#10;&#9;&#9;&#9;updates++;&#10;&#9;&#10;&#9;&#9;&#9;// checks if object is in river&#10;&#9;&#9;&#9;if (checkIfInRiver()) {&#10;&#9;&#9;&#9;&#9;if (updates % 5 == 0)&#10;&#9;&#9;&#9;&#9;&#9;moveWaterObject();&#10;&#9;&#9;&#9;&#9;if (updates % 10 == 0)&#10;&#9;&#9;&#9;&#9;&#9;cur_image = (cur_image + 1) % 3;&#10;&#9;&#9;&#9;&#9;return;&#10;&#9;&#9;&#9;}&#10;&#9;&#10;&#9;&#9;&#9;// else object is in a stream&#10;&#9;&#9;&#9;else {&#10;&#9;&#9;&#9;&#9;checkIfInStream();&#10;&#9;&#9;&#9;&#9;if (updates % 5 == 0)&#10;&#9;&#9;&#9;&#9;&#9;moveWaterObject();&#10;&#9;&#9;&#9;&#9;if (updates % 10 == 0)&#10;&#9;&#9;&#9;&#9;&#9;cur_image = (cur_image + 1) % 3;&#10;&#9;&#9;&#9;&#9;return;&#10;&#9;&#9;&#9;}&#10;&#9;&#9;}else{&#10;&#9;&#9;&#9;position.y -= 0.001;&#10;&#9;&#9;&#9;remove_time++;&#10;&#9;&#9;&#9;if(remove_time &gt;= 60){&#10;&#9;&#9;&#9;&#9;destroy();&#10;&#9;&#9;&#9;}&#10;&#9;&#9;}&#10;&#9;}&#10;&#10;}&#10;" Filename="WaterObjects.java" Intrnl_Id="1"/>
<SrcFile Content="package group2.game;&#10;&#10;import static org.junit.Assert.assertEquals;&#10;import static org.junit.Assert.assertFalse;&#10;import static org.junit.Assert.assertTrue;&#10;&#10;import java.awt.event.ActionEvent;&#10;import java.awt.event.KeyEvent;&#10;import java.util.ArrayList;&#10;import java.util.Enumeration;&#10;&#10;import org.junit.Test;&#10;&#10;public class TestGame {&#10;&#10;&#9;// WHAT DO WE WANT TO TEST!!!?????&#10;&#10;&#9;// moving objects along river&#10;&#9;// objects increasing / decreasing players score&#10;&#9;// count number of objects collected&#10;&#9;// quiz answers&#10;&#9;// generate erosion&#10;&#9;// adding &amp; removing buffers&#10;&#9;// tracking player movement and clicks&#10;&#10;&#9;// Tests the creation of a new set of score data;&#10;&#9;@Test&#10;&#9;public void testNewScoreData() {&#10;&#9;&#9;ScoreData d = new ScoreData(&quot;Ben Gotthold&quot;, 54321, &quot;date&quot;);&#10;&#10;&#9;&#9;assertEquals(d.name, &quot;Ben Gotthold&quot;);&#10;&#9;&#9;assertEquals(d.score, 54321, 0);&#10;&#9;&#9;assertEquals(d.date, &quot;date&quot;);&#10;&#9;&#9;assertEquals(d.rank, 0);&#10;&#10;&#9;}&#10;&#9;&#10;&#9;@Test&#10;&#9;public void testGUIInput(){&#10;&#9;&#9;RapidRunoffGame g = new RapidRunoffGame();&#10;&#9;&#9;GUIInput gui = new GUIInput(g,true);&#10;&#9;&#9;&#10;&#9;&#9;assertEquals(gui.game,g);&#10;&#9;&#9;assertTrue(gui.createAndShowGUI());&#10;&#9;}&#10;&#10;&#9;@Test&#10;&#9;public void testQuiz() {&#10;&#9;&#9;String q = &quot;Question&quot;;&#10;&#9;&#9;String[] choices = { &quot;A&quot;, &quot;B&quot;, &quot;C&quot;, &quot;D&quot; };&#10;&#9;&#9;Quiz q1 = new Quiz(q, choices, 2);&#10;&#10;&#9;&#9;// Make sure constructor works properly&#10;&#9;&#9;assertEquals(q, q1.question);&#10;&#9;&#9;assertEquals(choices, q1.choices);&#10;&#9;&#9;assertEquals(2, q1.answer);&#10;&#10;&#9;&#9;// Make sure checkChoice() works as expected&#10;&#9;&#9;assertFalse(q1.checkChoice(0));&#10;&#9;&#9;assertFalse(q1.checkChoice(1));&#10;&#9;&#9;assertTrue(q1.checkChoice(2));&#10;&#9;&#9;assertFalse(q1.checkChoice(3));&#10;&#9;}&#10;&#10;&#9;// tests to make sure scores are saved in the correct order&#10;&#9;// tests getRank()&#10;&#9;@Test&#10;&#9;public void testRankOrder() {&#10;&#9;&#9;ScoreData d1 = new ScoreData(&quot;Ben&quot;, 50, &quot;&quot;);&#10;&#9;&#9;ScoreData d2 = new ScoreData(&quot;Dan&quot;, 20, &quot;&quot;);&#10;&#9;&#9;ScoreData d3 = new ScoreData(&quot;Forr&quot;, 80, &quot;&quot;);&#10;&#10;&#9;&#9;d1.addDataToList();&#10;&#9;&#9;d2.addDataToList();&#10;&#9;&#9;d3.addDataToList();&#10;&#10;&#9;&#9;// ArrayList&lt;ScoreData&gt; scores = HighScoreList.getScores();&#10;&#10;&#9;&#9;// lower rank means higher score&#10;&#9;&#9;assertTrue(d1.getRank() &lt; d2.getRank());&#10;&#9;&#9;assertTrue(d2.getRank() &gt; d3.getRank());&#10;&#9;&#9;&#10;&#10;&#9;}&#10;&#10;&#9;  @Test public void testRiverBank() throws InterruptedException{ &#10;&#9;  Position p0= new Position(.33,.67); &#10;&#9;  RiverBank testBank = new RiverBank(2, 2, p0, .12, .15, 1);&#10;&#10;&#9;  Buffer b1 = new Buffer(); &#10;&#9;  b1.bank = testBank;&#10;&#9;  &#10;&#9;  //testing addBuffer()&#10;&#9;  &#10;&#9;  //test that a buffer can be added on a bank of all true values&#10;&#9;  assertTrue(testBank.addBuffer(b1, 0,0));&#10;&#9;  &#10;&#9;  //test that when a bank is placed, corresponding element of&#10;&#9;  //can_place_buffer is made false&#10;&#9;  assertFalse(testBank.can_place_object[0][0]);&#10;&#9;  &#10;&#9;  //test that the buffer is added to river_bank_objs&#10;&#9;  assertEquals(testBank.objects[0][0], b1);&#10;&#9;  &#10;&#9;  //test that a buffer cannot be added where can_place_buffer is false&#10;&#9;  assertFalse(testBank.addBuffer(b1, 0,0));&#10;&#9;  &#10;&#9;  ((Buffer)(testBank.objects[0][0])).time = -1;&#10;&#9;  ((Buffer)(testBank.objects[0][0])).update();&#10;&#9;  testBank.update();&#10;&#9;  &#10;&#9;  //test buffer disappearing after 20 seconds&#10;&#9;  assertTrue(testBank.can_place_object[0][0]);&#10;&#9;  &#10;&#9;  testBank.erode(0,0);&#10;&#10;&#9;  //test buffer being put on non-permanent erosion&#10;&#9;  assertTrue(testBank.addBuffer(b1, 0,0));&#10;&#9;  &#10;&#9;  //test erosion being removed from objects when buffer placed&#10;&#9;  assertEquals(testBank.objects[0][0], b1);&#10;&#10;&#9;  &#10;&#9;  &#10;&#9;  //testing erode()&#10;&#9;  &#10;&#9;  testBank.erode(0,0);&#10;&#9;  &#10;&#9;  //test erosion being put in objects on erode()&#10;&#9;  assertEquals(testBank.objects[0][0].ID,&quot;Erosion&quot;);&#10;&#9;  assertEquals(testBank.objects[0][0].position, p0);&#10;&#9;  assertFalse(testBank.can_place_object[0][0]);&#10;&#10;&#9;  //test that erosion is not permanent&#10;&#9;  assertFalse(testBank.permanent_erosion[0][0]);&#10;&#9;  &#10;&#9;  ((Erosion)(testBank.objects[0][0])).time = -1;&#10;&#9;  ((Erosion)(testBank.objects[0][0])).update();&#10;&#9;  testBank.update();&#10;&#9;  &#10;&#9;  //test that erosion becomes permanent when time &lt;0&#10;&#9;  assertFalse(testBank.can_place_object[0][0]);&#10;&#9;  assertTrue(testBank.permanent_erosion[0][0]);&#10;&#9;  &#10;&#9;  //test that buffer cannot be placed on permanent erosion&#10;&#9;  assertFalse(testBank.addBuffer(b1, 0,0));&#10;&#9;  &#10;&#9;  &#10;&#9;  //testing checkCoordinates()&#10;&#9;  assertEquals(testBank.checkCoordinates(.33, .67), new Position(0,0));&#10;&#9;  assertEquals(testBank.checkCoordinates(.4, .67), new Position(1,0));&#10;&#9;  assertEquals(testBank.checkCoordinates(.33, .75), new Position(0,1));&#10;&#9;  assertEquals(testBank.checkCoordinates(.4, .75), new Position(1,1));&#10;&#9;  assertEquals(testBank.checkCoordinates(.45, .82), new Position(1,1));&#10;&#10;&#10;&#9;  //testing checkIfInBank&#10;&#9;  assertEquals(testBank.checkIfInBank(.33, .67), testBank.ID);&#10;&#9;  assertEquals(testBank.checkIfInBank(.34, .67), testBank.ID);&#10;&#9;  assertEquals(testBank.checkIfInBank(.33, .68), testBank.ID);&#10;&#9;  assertEquals(testBank.checkIfInBank(.35, .7), testBank.ID);&#10;&#9;  assertEquals(testBank.checkIfInBank(.45, .67), testBank.ID);&#10;&#9;  assertEquals(testBank.checkIfInBank(.33, .82), testBank.ID);&#10;&#9;  assertEquals(testBank.checkIfInBank(.45, .82), testBank.ID);&#10;&#9;  assertEquals(testBank.checkIfInBank(.46, .67), -1);&#10;&#9;  assertEquals(testBank.checkIfInBank(.33, .84), -1);&#10;&#10;&#9;  &#10;&#9;  &#10;&#9;  //testing findErode()&#10;&#9;  testBank.permanent_erosion[0][1]=true;&#10;&#9;  testBank.can_place_object[0][1]=false;&#10;&#9;  assertTrue(testBank.findErode());&#10;&#9;  assertEquals(testBank.objects[1][1].ID, &quot;Erosion&quot;);&#10;&#9;  &#10;&#9;  &#10;&#9;  //testing erosionFactor()&#10;&#9;  assertEquals(testBank.erosionFactor(0), 0);&#10;&#9;  assertEquals(testBank.erosionFactor(1), 1);&#10;&#10;&#10;&#9;  &#10;&#9;  }&#10;&#10;&#9;&#10;&#9;// tests to make sure scores read and write correctly&#10;&#9;// tests adddataToList()&#10;&#9;@Test&#10;&#9;public void testSaveScore() {&#10;&#9;&#9;ScoreData d1 = new ScoreData(&quot;Ben&quot;, 50.0, &quot;&quot;);&#10;&#9;&#9;ScoreData d2 = new ScoreData(&quot;Dan&quot;, 20, &quot;&quot;);&#10;&#9;&#9;ScoreData d3 = new ScoreData(&quot;Forr&quot;, 80, &quot;&quot;);&#10;&#10;&#9;&#9;d1.addDataToList();&#10;&#9;&#9;d2.addDataToList();&#10;&#9;&#9;d3.addDataToList();&#10;&#10;&#9;&#9;ArrayList&lt;ScoreData&gt; scores = HighScoreList.getScores();&#10;&#10;&#9;&#9;assertTrue(scores.contains(d1));&#10;&#9;&#9;assertTrue(scores.contains(d2));&#10;&#9;&#9;assertTrue(scores.contains(d3));&#10;&#10;&#9;}&#10;&#10;&#9;@Test&#10;&#9;public void testScore() {&#10;&#9;&#9;Score testScore = new Score(0, 0, 0, 0, 0);&#10;&#10;&#9;&#9;// test addScore()&#10;&#9;&#9;testScore.addScore(10);&#10;&#9;&#9;assertEquals(testScore.game_score, 10);&#10;&#10;&#9;&#9;testScore.addScore(-20);&#10;&#9;&#9;assertEquals(testScore.game_score, 0);&#10;&#9;&#9;&#10;&#9;&#9;testScore.incrementFertilizer();&#10;&#9;&#9;testScore.incrementFertilizer();&#10;&#9;&#9;assertEquals(testScore.fertilizer_count, 2);&#10;&#9;&#9;&#10;&#9;&#9;testScore.incrementOil();&#10;&#9;&#9;testScore.incrementOil();&#10;&#9;&#9;assertEquals(testScore.oil_count, 2);&#10;&#9;&#9;&#10;&#9;&#9;testScore.incrementFertilizerLost();&#10;&#9;&#9;assertEquals(testScore.fertilizer_lost, 1);&#10;&#9;&#9;&#10;&#9;&#9;testScore.incrementOilLost();&#10;&#9;&#9;assertEquals(testScore.oil_lost, 1);&#10;&#9;}&#10;&#10;&#9;// Stefan&#10;&#9;@Test&#10;&#9;public void testMap() {&#10;&#9;&#9;RapidRunoffGame g = new RapidRunoffGame();&#10;&#9;&#9;Map m = new Map(g);&#10;&#10;&#9;&#9;// Test updateSpeed&#10;&#9;&#9;m.updateSpeed(100);&#10;&#9;&#9;assertEquals(m.updates_per_water_object, 66);&#10;&#9;}&#10;&#10;&#9;// Stefan&#10;&#9;@Test&#10;&#9;public void testWaterObjects() {&#10;&#9;&#9;RapidRunoffGame g = new RapidRunoffGame();&#10;&#9;&#9;WaterObjects w = new Oil(new Position(0.1, 0.1), g, 0);&#10;&#9;&#9;double tolerance = 0.00001;&#10;&#10;&#9;&#9;// Test moveWaterObject&#10;&#9;&#9;w.moveWaterObject();&#10;&#9;&#9;assertTrue(w.position.y &lt;= 0.105 + tolerance &amp;&amp; w.position.y &gt;= 0.105 - tolerance );&#10;&#9;&#9;assertTrue(w.position.x == 0.1);&#10;&#10;&#9;&#9;// Test remove&#10;&#9;&#9;g.map.water_objects.add(w);&#10;&#9;&#9;w.remove(true);&#10;&#9;&#9;assertTrue(g.player.player_score.game_score == w.point_value);&#10;&#9;&#9;assertTrue(!g.map.water_objects.contains(w));&#10;&#9;&#9;&#10;&#9;&#9;//Test checkClickRange(x,y)&#10;&#9;&#9;assertTrue(w.checkClickRange(0.1, 0.1));&#10;&#9;&#9;assertTrue(w.checkClickRange(0.101,0.099));&#10;&#9;&#9;assertTrue(w.checkClickRange(0.102,0.098));&#10;&#9;&#9;assertFalse(w.checkClickRange(0.2,0.098));&#10;&#9;&#9;assertFalse(w.checkClickRange(0.102,0.95));&#10;&#9;&#9;&#10;&#9;&#9;//Test checkIfInBin()&#10;&#9;&#9;assertTrue(w.checkIfInBin(0.015, 0.5));&#10;&#9;&#9;assertFalse(w.checkIfInBin(0.15, 0.1));&#10;&#9;&#9;&#10;&#9;&#9;//Test increment()&#10;&#9;&#9;WaterObjects fert = new Fertilizer(new Position(0.2,0.2), g, 0);&#10;&#9;&#9;&#10;&#9;&#9;w.increment();&#10;&#9;&#9;fert.increment();&#10;&#9;&#9;&#10;&#9;&#9;assertEquals(g.player.player_score.oil_count, 1);&#10;&#9;&#9;assertEquals(g.player.player_score.fertilizer_count, 1);&#10;&#9;&#9;&#10;&#9;&#9;//Test checkIfInStream()&#10;&#9;&#9;assertTrue(w.checkIfInStream());&#10;&#9;&#9;&#10;&#9;&#9;//Test checkIfInRiver()&#10;&#9;&#9;assertFalse(w.checkIfInRiver());&#10;&#9;}&#10;&#9;&#10;&#9;&#10;&#9;&#10;&#9;@Test&#10;&#9;public void testPosition() {&#10;&#9;&#9;Position p1 = new Position(0.1,0.2);&#10;&#9;&#9;Position p2 = new Position(0.1,0.2);&#10;&#9;&#9;Position p3 = new Position(0.2,0.1);&#10;&#9;&#9;&#10;&#9;&#9;//Test equals()&#10;&#9;&#9;assertTrue(p1.equals(p2));&#10;&#9;&#9;assertTrue(p2.equals(p1));&#10;&#9;&#9;assertFalse(p1.equals(p3));&#10;&#9;&#9;assertFalse(p3.equals(p1));&#10;&#9;&#9;&#10;&#9;&#9;//Test getXPos()&#10;&#9;&#9;assertTrue(p1.getXPos() == 0.1);&#10;&#9;&#9;assertTrue(p2.getXPos() == 0.1);&#10;&#9;&#9;assertTrue(p3.getXPos() == 0.2);&#10;&#9;&#9;&#10;&#9;&#9;//Test getYPos()&#10;&#9;&#9;assertTrue(p1.getYPos() == 0.2);&#10;&#9;&#9;assertTrue(p2.getYPos() == 0.2);&#10;&#9;&#9;assertTrue(p3.getYPos() == 0.1);&#10;&#9;&#9;&#10;&#9;&#9;//Test hashCode()&#10;&#9;&#9;assertEquals(p1.hashCode(), 0);&#10;&#9;&#9;assertEquals(p2.hashCode(), 0);&#10;&#9;&#9;assertEquals(p3.hashCode(), 0);&#10;&#9;&#9;&#10;&#9;&#9;//Test setPosition(x_new,y_new)&#10;&#9;&#9;p1.setPosition(0.3, 0.4);&#10;&#9;&#9;assertTrue(p1.getXPos() == 0.3);&#10;&#9;&#9;assertTrue(p1.getYPos() == 0.4);&#10;&#9;}&#10;&#9;&#10;&#9;@Test&#10;&#9;public void testPlayer(){&#10;&#9;&#9;Player p = new Player();&#10;&#9;&#9;&#10;&#9;&#9;p.addScoreDataToList(&quot;Ben&quot;, &quot;May 5&quot;);&#10;&#9;&#9;assertEquals(p.player_data.name,&quot;Ben&quot;);&#10;&#9;&#9;assertEquals(p.player_data.date,&quot;May 5&quot;);&#10;&#9;&#9;assertEquals(p.get_players_rank(),p.players_rank);&#10;&#9;}&#10;&#9;&#10;&#9;&#10;}&#10;" Filename="TestGame.java" Intrnl_Id="2"/>
<SrcFile Content="package group2.game;&#10;&#10;public class Stream extends River {&#10;&#10;&#9;&#10;&#9;&#10;&#9;public Stream(int stream_number) {&#10;&#9;&#9;water_identifier = stream_number;&#10;&#9;&#9;position = new Position(&#10;&#9;&#9;&#9;&#9;(stream_number * 2.0 / 11 + (stream_number - 1) * 1.0 / 11),&#10;&#9;&#9;&#9;&#9;(1.0 / 5));&#10;&#9;&#9;position.width = (1.0 / 11);&#10;&#9;&#9;position.height = (6.0 / 10);&#10;&#9;}&#10;&#10;}&#10;" Filename="Stream.java" Intrnl_Id="3"/>
<SrcFile Content="package group2.game;&#10;&#10;public class StaticQuizes {&#10;&#9;&#10;&#9;&#10;&#9;public static String[] choices0 = new String[] {&#10;&#9;&#9;&#9;&quot;The water becomes choked with algae and other plant material killing the fish&quot;,&#10;&#9;&#9;&#9;&quot;The fish grow to huge sizes&quot;,&#10;&#9;&#9;&#9;&quot;It clogs the storm drain&quot;,&#10;&#9;&#9;&#9;&quot;The trees along the river become too big and block out the sun&quot; };&#10;&#9;public static Quiz quiz0 = new Quiz(&#10;&#9;&#9;&#9;&quot;What is the problem with fertilizer runoff entering rivers and lakes? &quot;,&#10;&#9;&#9;&#9;choices0, 0);&#10;&#10;&#9;public static String[] choices1 = new String[] { &quot;The fish become too slippery&quot;,&#10;&#9;&#9;&#9;&quot;The water can catch on fire&quot;, &quot;The oil is poisonous to marine life in the water&quot;,&#10;&#9;&#9;&#9;&quot;There is not enogh oil left for cars&quot; };&#10;&#9;public static Quiz quiz1 = new Quiz(&#10;&#9;&#9;&#9;&quot;What is the problem with too much oil entering rivers and lakes? &quot;,&#10;&#9;&#9;&#9;choices1, 2);&#10;&#10;&#9;public static String[] choices2 = new String[] {&#10;&#9;&#9;&#9;&quot;Roll the car onto the grass, so that the water running off the car will be absorbed&quot;,&#10;&#9;&#9;&#9;&quot;Put lots of towels down under the car&quot;,&#10;&#9;&#9;&#9;&quot;Roll onto the driveway, so that the water runningoff goes into the storm drain&quot;,&#10;&#9;&#9;&#9;&quot;Cover the storm drain with a garbage bag&quot; };&#10;&#9;public static Quiz quiz2 = new Quiz(&#10;&#9;&#9;&#9;&quot;When washing a car at home, remember to...&quot;,&#10;&#9;&#9;&#9;choices2, 0);&#10;&#10;&#9;public static String[] choices3 = new String[] { &quot;To the nearest sewage treatment plant&quot;,&#10;&#9;&#9;&#9;&quot;Deep underground&quot;, &quot;Into the sinks and showers in your house&quot;,&#10;&#9;&#9;&#9;&quot;Right back into the closest body of water&quot; };&#10;&#9;public static Quiz quiz3 = new Quiz(&#10;&#9;&#9;&#9;&quot;Where does the water go after it goes down a storm drain? &quot;,&#10;&#9;&#9;&#9;choices3, 3);&#10;&#10;&#9;public static String[] choices4 = new String[] {&#10;&#9;&#9;&#9;&quot;Fertilize your lawn with just enough fertilizer&quot;,&#10;&#9;&#9;&#9;&quot;Sweep up the fertilzer that gets on the driveway&quot;,&#10;&#9;&#9;&#9;&quot;Putting a garbage bag over the storm drain&quot;,&#10;&#9;&#9;&#9;&quot;Use fertilizers that minimize impact to the enviroment&quot; };&#10;&#9;public static Quiz quiz4 = new Quiz(&#10;&#9;&#9;&#9;&quot;Which is not a way to reduce the amount of fertilizer in runoff?&quot;,&#10;&#9;&#9;&#9;choices4, 2);&#10;&#9;&#10;&#9;public static String[] choices5 = new String[] {&#10;&#9;&#9;&quot;Fertilize your lawn with just enough fertilizer&quot;,&#10;&#9;&#9;&quot;Sweep up the fertilzer into the storm drain&quot;,&#10;&#9;&#9;&quot;Putting a garbage bag over the storm drain&quot;,&#10;&#9;&#9;&quot;Use the strongest fertilizer possible&quot; };&#10;&#9;public static Quiz quiz5 = new Quiz(&#10;&#9;&#9;&quot; Which of the following may reduce the amount of fertilizer runoff? &quot;,&#10;&#9;&#9;choices5, 0);&#10;&#9;&#10;&#9;public static String[] choices6 = new String[] {&#10;&#9;&#9;&quot;The river will get very small and will disappear&quot;,&#10;&#9;&#9;&quot;All of the trees will fall into the river&quot;,&#10;&#9;&#9;&quot;The river will slow down drastically&quot;,&#10;&#9;&#9;&quot;The river will speed up drastically&quot; };&#10;&#9;public static Quiz quiz6 = new Quiz(&#10;&#9;&#9;&quot; Which of the following is an effect of erosion on a river? &quot;,&#10;&#9;&#9;choices6, 3);&#10;&#9;&#10;&#9;public static String[] choices7 = new String[] {&#10;&#9;&#9;&quot;Duct-taping the river banks&quot;,&#10;&#9;&#9;&quot;By planting buffer plants, to anchor soil&quot;,&#10;&#9;&#9;&quot;Dam the river so that it won't flow&quot;,&#10;&#9;&#9;&quot;Put lots of rocks on the river banks&quot; };&#10;&#9;public static Quiz quiz7 = new Quiz(&#10;&#9;&#9;&quot; What is one responsible way we can prevent erosion in our local rivers? &quot;,&#10;&#9;&#9;choices7, 1);&#10;&#9;&#10;&#9;public static String[] choices8 = new String[] {&#10;&#9;&#9;&quot;A heavy rainstorm washes away the river banks&quot;,&#10;&#9;&#9;&quot;The water is too hot, and melts the river banks&quot;,&#10;&#9;&#9;&quot;The plants use all of the dirt along the river&quot;,&#10;&#9;&#9;&quot;People steal the dirt and use it for their own gardens&quot; };&#10;&#9;public static Quiz quiz8 = new Quiz(&#10;&#9;&#9;&quot; What is one cause of erosion in a river? &quot;,&#10;&#9;&#9;choices7, 1);&#10;&#9;&#10;&#9;&#10;&#10;}&#10;" Filename="StaticQuizes.java" Intrnl_Id="4"/>
<SrcFile Content="package group2.game;&#10;&#10;import java.awt.Font;&#10;import java.awt.Graphics;&#10;import javax.swing.JPanel;&#10;&#10;public class SplashScreen extends JPanel {&#10;&#9;/**&#10;&#9; * &#10;&#9; */&#10;&#9;private static final long serialVersionUID = 1L;&#10;&#9;RapidRunoffGame game;&#10;&#10;&#9;public SplashScreen(RapidRunoffGame g) {&#10;&#9;&#9;this.game = g;&#10;&#10;&#9;}&#10;&#10;&#9;public void paintComponent(Graphics g) {&#10;&#9;&#9;super.paintComponent(g);&#10;&#10;&#9;&#9;Font f1 = new Font(&quot;serif&quot;, Font.BOLD, (int) game.screen_height / 40&#10;&#9;&#9;&#9;&#9;+ (int) game.screen_width / 40);&#10;&#10;&#9;&#9;g.setFont(f1);&#10;&#9;&#9;g.drawString(&quot;LOADING...&quot;, (int) (.35 * game.screen_width),&#10;&#9;&#9;&#9;&#9;(int) (.5 * game.screen_height));&#10;&#10;&#9;}&#10;&#10;}&#10;" Filename="SplashScreen.java" Intrnl_Id="5"/>
<SrcFile Content="package group2.game;&#10;&#10;import java.util.ArrayList;&#10;&#10;public class ScoreData {&#10;&#10;&#9;String name;&#10;&#9;double score;&#10;&#9;String date;&#10;&#9;int rank;&#10;&#9;String[] printdata = new String[4];&#10;&#10;&#9;// constructor that takes in a name a score and a datetime&#10;&#9;// the datetime probably will not be of type double in future versions&#10;&#9;ScoreData(String name, double score, String date) {&#10;&#9;&#9;this.name = name;&#10;&#9;&#9;this.score = score;&#10;&#9;&#9;this.date = date;&#10;&#9;}&#10;&#10;&#9;// adds its self to the scorelist&#10;&#9;public void addDataToList() {&#10;&#9;&#9;HighScoreList.addScore(this);&#10;&#9;}&#10;&#10;&#9;// Joe - used when printing high scores in the game.&#10;&#9;public String[] display() {&#10;&#10;&#9;&#9;printdata[0] = Integer.toString(rank + 1) + &quot;.&quot;;&#10;&#9;&#9;printdata[1] = name;&#10;&#9;&#9;printdata[2] = Double.toString(score);&#10;&#9;&#9;printdata[3] = date;&#10;&#9;&#9;return printdata;&#10;&#9;}&#10;&#10;&#9;// override equals as to be able to use built in assrylist functions.&#10;&#9;@Override&#10;&#9;public boolean equals(Object other) {&#10;&#10;&#9;&#9;if (this.toString().equals(other.toString())) {&#10;&#9;&#9;&#9;return true;&#10;&#9;&#9;}&#10;&#10;&#9;&#9;return false;&#10;&#10;&#9;}&#10;&#10;&#9;public int getRank() {&#10;&#9;&#9;ArrayList&lt;ScoreData&gt; d = HighScoreList.getScores();&#10;&#9;&#9;if (d.contains(this)) {&#10;&#9;&#9;&#9;return d.indexOf(this);&#10;&#9;&#9;} else {&#10;&#9;&#9;&#9;addDataToList();&#10;&#9;&#9;&#9;getRank();&#10;&#9;&#9;}&#10;&#9;&#9;return -1;&#10;&#9;}&#10;&#10;&#9;// override toString so it is usefulll for equals&#10;&#9;@Override&#10;&#9;public String toString() {&#10;&#9;&#9;return name + &quot;,&quot; + String.valueOf(score) + &quot;,&quot; + String.valueOf(date);&#10;&#10;&#9;}&#10;&#10;}&#10;" Filename="ScoreData.java" Intrnl_Id="6"/>
<SrcFile Content="package group2.game;&#13;&#10;&#13;&#10;/**&#13;&#10; * Joe 4/2/13&#13;&#10; */&#13;&#10;public class Score {&#13;&#10;&#9;int game_score;&#13;&#10;&#13;&#10;&#9;// these may be better in a different class&#13;&#10;&#9;int oil_count;&#13;&#10;&#9;int fertilizer_count;&#13;&#10;&#9;int oil_lost;&#13;&#10;&#9;int fertilizer_lost;&#13;&#10;&#13;&#10;&#9;public Score(int game_score, int oil_count, int fertilizer_count,&#13;&#10;&#9;&#9;&#9;int oil_lost, int fertilizer_lost) {&#13;&#10;&#9;&#9;this.game_score = game_score;&#13;&#10;&#9;&#9;this.oil_count = oil_count;&#13;&#10;&#9;&#9;this.fertilizer_count = fertilizer_count;&#13;&#10;&#9;&#9;this.oil_lost = oil_lost;&#13;&#10;&#9;&#9;this.fertilizer_lost = fertilizer_lost;&#13;&#10;&#9;}&#13;&#10;&#13;&#10;&#9;public void addScore(int s) {&#13;&#10;&#9;&#9;game_score += s;&#13;&#10;&#9;&#9;game_score = game_score &lt; 0 ? 0 : game_score;&#13;&#10;&#9;}&#13;&#10;&#13;&#10;&#9;public void incrementFertilizer() {&#13;&#10;&#9;&#9;fertilizer_count++;&#13;&#10;&#9;}&#13;&#10;&#13;&#10;&#9;public void incrementFertilizerLost() {&#13;&#10;&#9;&#9;fertilizer_lost++;&#13;&#10;&#9;}&#13;&#10;&#13;&#10;&#9;public void incrementOil() {&#13;&#10;&#9;&#9;oil_count++;&#13;&#10;&#9;}&#13;&#10;&#13;&#10;&#9;public void incrementOilLost() {&#13;&#10;&#9;&#9;oil_lost++;&#13;&#10;&#9;}&#13;&#10;}" Filename="Score.java" Intrnl_Id="7"/>
<SrcFile Content="package group2.game;&#10;&#10;&#10;public abstract class RiverBankObjects {&#10;&#10;&#9;Position position;&#10;&#9;String ID;&#10;&#9;boolean is_alive;&#10;&#9;boolean is_permanent;&#10;&#9;RiverBank bank;&#10;&#9;&#10;&#9;public abstract void update();&#10;}&#10;" Filename="RiverBankObjects.java" Intrnl_Id="8"/>
<SrcFile Content="package group2.game;&#13;&#10;&#13;&#10;import java.util.Random;&#13;&#10;&#13;&#10;public class RiverBank {&#13;&#10;&#9;Boolean[][] can_place_object;&#13;&#10;&#9;public RiverBankObjects[][] objects;&#13;&#10;&#9;Boolean[][] permanent_erosion;&#13;&#10;&#9;Position position;&#13;&#10;&#9;Random rand = new Random();&#13;&#10;&#9;int colSize;&#13;&#10;&#9;int rowSize;&#13;&#10;&#9;double height;&#13;&#10;&#9;double width;&#13;&#10;&#9;int ID; // 0 = left bank, 1= middle left bank, 2=middle right bank, 3=right&#13;&#10;&#9;&#9;&#9;// bank&#13;&#10;&#9;boolean removePoints = false;&#13;&#10;&#9;&#13;&#10;&#9;public RiverBank(int colSize, int rowSize, Position position, double width,&#13;&#10;&#9;&#9;&#9;double height, int ID) {&#13;&#10;&#9;&#9;this.colSize = colSize;&#13;&#10;&#9;&#9;this.rowSize = rowSize;&#13;&#10;&#9;&#9;this.position = position;&#13;&#10;&#9;&#9;this.height = height;&#13;&#10;&#9;&#9;this.width = width;&#13;&#10;&#9;&#9;this.ID = ID;&#13;&#10;&#9;&#9;can_place_object = new Boolean[colSize][rowSize];&#13;&#10;&#9;&#9;permanent_erosion = new Boolean[colSize][rowSize];&#13;&#10;&#9;&#9;initializeBufferArray();&#13;&#10;&#9;&#9;objects = new RiverBankObjects[colSize][rowSize];&#13;&#10;&#9;}&#13;&#10;&#13;&#10;&#9;public boolean addBuffer(Buffer b, int x, int y) {&#13;&#10;&#9;&#9;if (objects[x][y] != null) {&#13;&#10;&#9;&#9;&#9;if (objects[x][y].ID == &quot;Erosion&quot;) {&#13;&#10;&#9;&#9;&#9;&#9;if(objects[x][y].is_permanent){&#13;&#10;&#9;&#9;&#9;&#9;&#9;return false;&#13;&#10;&#9;&#9;&#9;&#9;}&#13;&#10;&#9;&#9;&#9;} else {&#13;&#10;&#9;&#9;&#9;&#9;return false;&#13;&#10;&#9;&#9;&#9;}&#13;&#10;&#9;&#9;}&#13;&#10;&#9;&#9;objects[x][y] = b;&#13;&#10;&#9;&#9;double px = position.getXPos();&#13;&#10;&#9;&#9;double py = position.getYPos();&#13;&#10;&#9;&#9;px = x == 0 ? px : px + width / 2;&#13;&#10;&#9;&#9;py = y == 0 ? py : py + height / 2;&#13;&#10;&#9;&#9;b.position = new Position(px, py);&#13;&#10;&#9;&#9;b.deployBuffer();&#13;&#10;&#9;&#9;can_place_object[x][y] = false;&#13;&#10;&#9;&#9;return true;&#13;&#10;&#13;&#10;&#9;}&#13;&#10;&#13;&#10;&#9;/*&#13;&#10;&#9; * Mason re-did the coordinate mapping to positions (4/14)&#13;&#10;&#9; * &#13;&#10;&#9; * Mary added a check so the left and right most banks only have one column&#13;&#10;&#9; */&#13;&#10;&#9;public Position checkCoordinates(double x, double y) {&#13;&#10;&#9;&#9;double bankX = position.getXPos();&#13;&#10;&#9;&#9;double bankY = position.getYPos();&#13;&#10;&#9;&#9;int px = 0;&#13;&#10;&#9;&#9;int py = 0;&#13;&#10;&#9;&#9;if (ID == 1 || ID == 2) {&#13;&#10;&#9;&#9;&#9;if((x &gt;= bankX) &amp;&amp; (x &lt;= (bankX + (width / 2)))){&#13;&#10;&#9;&#9;&#9;&#9;px = 0;&#13;&#10;&#9;&#9;&#9;}&#13;&#10;&#9;&#9;&#9;if(x &gt;= (bankX + (width / 2)) &amp;&amp; (x &lt;= (bankX + width))){&#13;&#10;&#9;&#9;&#9;&#9;px = 1;&#13;&#10;&#9;&#9;&#9;}&#13;&#10;&#9;&#9;&#9;if((y &gt;= bankY-.04) &amp;&amp; (y &lt;= (bankY + (height / 2)-.04))){&#13;&#10;&#9;&#9;&#9;&#9;py = 0;&#13;&#10;&#9;&#9;&#9;}&#13;&#10;&#9;&#9;&#9;if((y &gt;= (bankY + (height / 2)-.04)) &amp;&amp; (y &lt;= (bankY + height))){&#13;&#10;&#9;&#9;&#9;&#9;py = 1;&#13;&#10;&#9;&#9;&#9;}&#13;&#10;&#9;&#9;&#9;return new Position(px, py);&#13;&#10;&#9;&#9;} else if (ID == 0 || ID == 3) {&#13;&#10;&#9;&#9;&#9;if((x &gt;= bankX) &amp;&amp; (x &lt;= (bankX + width))){&#13;&#10;&#9;&#9;&#9;&#9;px = 0;&#13;&#10;&#9;&#9;&#9;}&#13;&#10;&#9;&#9;&#9;if((y &gt;= bankY-.04) &amp;&amp; (y &lt;= (bankY + (height / 2)-.04))){&#13;&#10;&#9;&#9;&#9;&#9;py = 0;&#13;&#10;&#9;&#9;&#9;}&#13;&#10;&#9;&#9;&#9;if((y &gt;= (bankY + (height / 2)-.04)) &amp;&amp; (y &lt;= (bankY + height))){&#13;&#10;&#9;&#9;&#9;&#9;py = 1;&#13;&#10;&#9;&#9;&#9;}&#13;&#10;&#9;&#9;&#9;return new Position(px, py);&#13;&#10;&#9;&#9;}&#13;&#10;&#9;&#9;return null;&#13;&#10;&#13;&#10;&#9;}&#13;&#10;&#13;&#10;&#9;/*&#13;&#10;&#9; * Mary Checks if click was in range of Bank and which RiverBankObject was&#13;&#10;&#9; * clicked&#13;&#10;&#9; */&#13;&#10;&#9;public int checkIfInBank(double x, double y) {&#13;&#10;&#9;&#9;double bankX = position.getXPos();&#13;&#10;&#9;&#9;double bankY = position.getYPos();&#13;&#10;&#9;&#9;return (x &gt;= bankX &amp;&amp; x &lt;= (bankX + width) &amp;&amp; y &gt;= bankY-.04 &amp;&amp; y &lt;= (bankY + height)) ? ID : -1;&#13;&#10;&#9;}&#13;&#10;&#9;&#13;&#10;&#9;public void erode(int x, int y){&#13;&#10;&#9;&#9;double px = position.getXPos();&#13;&#10;&#9;&#9;double py = position.getYPos();&#13;&#10;&#9;&#9;px = x == 0 ? px : px + (width / 2);&#13;&#10;&#9;&#9;py = y == 0 ? py : py + (height / 2);&#13;&#10;&#9;&#9;objects[x][y] = new Erosion(this, new Position(px, py));&#13;&#10;&#9;&#9;can_place_object[x][y] = false;&#13;&#10;&#9;}&#13;&#10;&#13;&#10;&#9;public boolean findErode() {&#13;&#10;&#9;&#9;if (ID == 1 || ID == 2) {&#13;&#10;&#9;&#9;&#9;int x = rand.nextInt(2);&#13;&#10;&#9;&#9;&#9;if (can_place_object[x][0] || can_place_object[x][1]) {&#13;&#10;&#9;&#9;&#9;&#9;if(can_place_object[x][1]){&#13;&#10;&#9;&#9;&#9;&#9;&#9;erode(x, 1);&#13;&#10;&#9;&#9;&#9;&#9;&#9;return true;&#13;&#10;&#9;&#9;&#9;&#9;}else if(permanent_erosion[x][1]){&#13;&#10;&#9;&#9;&#9;&#9;&#9;erode(x, 0);&#13;&#10;&#9;&#9;&#9;&#9;&#9;return true;&#13;&#10;&#9;&#9;&#9;&#9;}&#13;&#10;&#9;&#9;&#9;}else if(can_place_object[(x + 1)%2][0] || can_place_object[(x + 1)%2][1]){&#13;&#10;&#9;&#9;&#9;&#9;x = (x + 1)%2;&#13;&#10;&#9;&#9;&#9;&#9;if(can_place_object[x][1]){&#13;&#10;&#9;&#9;&#9;&#9;&#9;erode(x, 1);&#13;&#10;&#9;&#9;&#9;&#9;&#9;return true;&#13;&#10;&#9;&#9;&#9;&#9;}else if(permanent_erosion[x][1]){&#13;&#10;&#9;&#9;&#9;&#9;&#9;erode(x, 0);&#13;&#10;&#9;&#9;&#9;&#9;&#9;return true;&#13;&#10;&#9;&#9;&#9;&#9;}&#13;&#10;&#9;&#9;&#9;}&#13;&#10;&#9;&#9;} else if (ID == 0 || ID == 3) {&#13;&#10;&#9;&#9;&#9;int x = 0;&#13;&#10;&#9;&#9;&#9;if (can_place_object[x][0] || can_place_object[x][1]) {&#13;&#10;&#9;&#9;&#9;&#9;if(can_place_object[x][1]){&#13;&#10;&#9;&#9;&#9;&#9;&#9;erode(x, 1);&#13;&#10;&#9;&#9;&#9;&#9;&#9;return true;&#13;&#10;&#9;&#9;&#9;&#9;}else if(permanent_erosion[x][1]){&#13;&#10;&#9;&#9;&#9;&#9;&#9;erode(x, 0);&#13;&#10;&#9;&#9;&#9;&#9;&#9;return true;&#13;&#10;&#9;&#9;&#9;&#9;}&#13;&#10;&#9;&#9;&#9;}&#13;&#10;&#9;&#9;}&#13;&#10;&#9;&#9;return false;&#13;&#10;&#9;}&#13;&#10;&#13;&#10;&#9;public int erosionFactor(int col) {&#13;&#10;&#9;&#9;int count = can_place_object[col][0] ? 1 : 0;&#13;&#10;&#9;&#9;count += can_place_object[col][1] ? 1 : 0;&#13;&#10;&#9;&#9;return count;&#13;&#10;&#9;}&#13;&#10;&#13;&#10;&#9;private void initializeBufferArray() {&#13;&#10;&#9;&#9;for (int i = 0; i &lt; colSize; i++) {&#13;&#10;&#9;&#9;&#9;for (int j = 0; j &lt; rowSize; j++) {&#13;&#10;&#9;&#9;&#9;&#9;can_place_object[i][j] = true;&#13;&#10;&#9;&#9;&#9;&#9;permanent_erosion[i][j] = false;&#13;&#10;&#9;&#9;&#9;}&#13;&#10;&#9;&#9;}&#13;&#10;&#9;}&#13;&#10;&#13;&#10;&#9;/*&#13;&#10;&#9; * Mary Each call there is a small chance a bank will erode, checks to see&#13;&#10;&#9; * if erosion has become permanent or if a buffer has died&#13;&#10;&#9; */&#13;&#10;&#9;public void update() {&#13;&#10;&#9;&#9;for(int i = 0; i &lt; objects.length ; i++){&#13;&#10;&#9;&#9;&#9;for(int j = 0; j &lt; objects[i].length; j++){&#13;&#10;&#9;&#9;&#9;&#9;if(objects[i][j] != null){&#13;&#10;&#9;&#9;&#9;&#9;&#9;objects[i][j].update();&#13;&#10;&#9;&#9;&#9;&#9;&#9;if(!objects[i][j].is_alive){&#13;&#10;&#9;&#9;&#9;&#9;&#9;&#9;objects[i][j] = null;&#13;&#10;&#9;&#9;&#9;&#9;&#9;&#9;can_place_object[i][j] = true;&#13;&#10;&#9;&#9;&#9;&#9;&#9;}&#13;&#10;&#9;&#9;&#9;&#9;&#9;if(objects[i][j] != null){&#13;&#10;&#9;&#9;&#9;&#9;&#9;&#9;if(objects[i][j].is_permanent){&#13;&#10;&#9;&#9;&#9;&#9;&#9;&#9;&#9;permanent_erosion[i][j] = true;&#13;&#10;&#9;&#9;&#9;&#9;&#9;&#9;&#9;if (((Erosion)objects[i][j]).removePoints){&#13;&#10;&#9;&#9;&#9;&#9;&#9;&#9;&#9;&#9;removePoints=true;&#13;&#10;&#9;&#9;&#9;&#9;&#9;&#9;&#9;&#9;((Erosion)objects[i][j]).removePoints=false;&#13;&#10;&#9;&#9;&#9;&#9;&#9;&#9;&#9;&#9;((Erosion)objects[i][j]).pointsRemoved=true;&#13;&#10;&#9;&#9;&#9;&#9;&#9;&#9;&#9;}&#13;&#10;&#9;&#9;&#9;&#9;&#9;&#9;}&#13;&#10;&#9;&#9;&#9;&#9;&#9;}&#13;&#10;&#9;&#9;&#9;&#9;}&#13;&#10;&#9;&#9;&#9;}&#13;&#10;&#9;&#9;}&#13;&#10;&#9;}&#13;&#10;}" Filename="RiverBank.java" Intrnl_Id="9"/>
<SrcFile Content="package group2.game;&#10;&#10;// Ben Gotthold&#10;// 4/3/13&#10;&#10;public class River {&#10;&#9;Position position;&#9;&#10;&#9;int water_speed;&#9;&#10;&#9;int water_identifier;&#10;&#10;&#10;&#9;public River() {&#10;&#9;&#9;position = new Position(0, 12.0 / 15);&#10;&#9;&#9;position.width = (1);&#10;&#9;&#9;position.height = (1.0 / 5);&#10;&#9;}&#10;}&#10;" Filename="River.java" Intrnl_Id="10"/>
<SrcFile Content="package group2.game;&#10;&#10;/**&#10; * Stefan&#10; * 4/3/13&#10; */&#10;&#10;import java.awt.Color;&#10;import java.awt.Cursor;&#10;import java.awt.Dimension;&#10;import java.awt.Frame;&#10;import java.util.Random;&#10;&#10;import javax.swing.JFrame;&#10;&#10;public class RapidRunoffGame implements Runnable {&#10;&#10;&#9;public static void main(String[] args) {&#10;&#10;&#9;&#9;RapidRunoffGame game = new RapidRunoffGame();&#10;&#9;&#9;game.start();&#10;&#10;&#9;}&#10;&#10;&#9;Map map;&#10;&#9;ScoreData score_data;&#10;&#9;Quiz[] quiz_bank = new Quiz[20];&#10;&#9;InputHandler input_handler;&#10;&#9;Random rand = new Random();&#10;&#9;Player player;&#10;&#9;JFrame frame = new JFrame();&#10;&#9;DrawGame draw_game;&#10;&#9;SplashScreen splash_screen;&#10;&#9;GUIInput gui;&#10;&#9;&#10;&#9;public String name = &quot;Rappid Runoff&quot;;&#10;&#9;&#10;&#9;long start_time;&#10;&#9;long last_draw = start_time;&#10;&#9;long time_gap;&#10;    long pause_time;&#10;&#9;long feedbackStartTime;&#10;&#9;&#10;    int update_count;&#10;&#9;int game_time;&#10;&#9;&#10;&#9;public double screen_height;&#10;&#9;public double screen_width;&#10;&#9;&#10;&#9;public boolean arcademode;&#10;&#9;public int abletomiss = 0;&#13;&#10;&#9;public boolean paused = false;&#10;&#9;public boolean pause = true;&#10;&#9;public boolean game_running = true;&#10;&#9;public boolean score_up = false;&#10;&#9;public boolean quizMode = false;&#10;&#9;public boolean updates = true;&#10;&#9;public boolean quizFeedbackMode = false;&#10;&#9;public boolean home_screen; // True if we want home screen to be visible&#10;&#9;public boolean game_screen; // True if we are playing the game&#10;&#9;public boolean high_score_screen;// True if we are playing the game&#10;&#9;public boolean intro_screen; //True right before game play starts&#10;&#9;public boolean code_screen; // when entering a code&#10;&#9;public Boolean valid_code; // player types in invalid code&#10;&#10;&#9;&#10;&#9;&#10;&#9;@SuppressWarnings(&quot;deprecation&quot;)&#10;&#9;public RapidRunoffGame() {&#10;&#10;&#9;&#9;this.splash_screen = new SplashScreen(this);&#10;&#9;&#9;&#10;&#9;&#9;frame.getContentPane().add(splash_screen);&#10;&#9;&#9;frame.setTitle(&quot;Rapid Runoff&quot;);&#10;&#9;&#9;frame.setIconImage(DrawGame.OilImage[0]);&#10;&#9;&#9;frame.setBackground(Color.WHITE);&#10;&#9;&#9;frame.setExtendedState(Frame.MAXIMIZED_BOTH);&#10;&#9;&#9;frame.setDefaultCloseOperation(JFrame.EXIT_ON_CLOSE);&#10;&#10;&#9;&#9;frame.setVisible(true);&#10;&#9;&#9;frame.setResizable(false);&#10;&#9;&#9;Dimension size = frame.getBounds().getSize();&#10;&#9;&#9;screen_width = size.getWidth();&#10;&#9;&#9;screen_height = size.getHeight();&#10;&#10;&#9;&#9;this.draw_game = new DrawGame(this);&#10;&#9;&#9;this.input_handler = new InputHandler(this);&#10;&#9;&#9;ReadCodes.loadCodes();&#10;&#10;&#9;&#9;frame.getContentPane().remove(splash_screen);&#10;&#9;&#9;frame.getContentPane().add(draw_game);&#10;&#9;&#9;frame.setTitle(&quot;Rapid Runoff&quot;);&#10;&#9;&#9;frame.setIconImage(DrawGame.OilImage[0]);&#10;&#9;&#9;frame.setCursor(Cursor.HAND_CURSOR);&#10;&#9;&#9;frame.setBackground(Color.WHITE);&#10;&#9;&#9;frame.setExtendedState(Frame.MAXIMIZED_BOTH);&#10;&#9;&#9;frame.setDefaultCloseOperation(JFrame.EXIT_ON_CLOSE);&#10;&#9;&#9;frame.getContentPane().addMouseListener(input_handler);&#10;&#10;&#9;&#9;frame.setVisible(true);&#10;&#9;&#9;frame.setResizable(false);&#10;&#10;&#9;}&#10;&#9;&#10;&#9;&#10;&#9;public void reset(){&#10;&#9;&#9;time_gap = 0;&#10;&#9;    pause_time = 0;&#10;&#9;&#9;feedbackStartTime = -1;&#10;&#9;    update_count = 0;&#10;&#9;&#9;game_time = 120000;&#10;&#9;&#9;&#10;&#9;&#9;this.home_screen = true; // We want to start at the home screen&#10;&#9;&#9;this.game_screen = false; // Only one of these 3 can be true at a time&#10;&#9;&#9;this.high_score_screen = false; // Only one of these 3 can be true at a // time&#10;&#9;&#9;this.code_screen = false;&#10;&#9;&#9;this.intro_screen=false;&#10;&#10;&#9;&#9;this.map = new Map(this);&#10;&#9;&#9;this.player = new Player();&#10;&#9;&#9;this.start_time = System.currentTimeMillis();&#10;&#9;&#9;addQuizzes();&#10;&#9;&#9;DrawGame.first_fert = false;&#10;&#9;&#9;DrawGame.first_oil = false;&#10;&#9;&#9;DrawGame.first_erosion_temp = false;&#10;&#9;&#9;DrawGame.first_erosion_per = false;&#10;&#9;&#9;DrawGame.first_powerup = false;&#10;&#9;&#9;DrawGame.first_quiz = false;&#10;&#9;&#9;&#10;&#9;&#9;arcademode = true;&#10;&#9;&#9;if(arcademode){ &#10;&#9;&#9;&#9;WaterObjects.point_value = 0;&#10;&#9;&#9;&#9;abletomiss = 10;&#10;&#9;&#9;}&#10;&#9;}&#10;&#10;&#9;private void addQuizzes() {&#10;&#9;&#9;&#10;&#9;&#9;quiz_bank[0] = StaticQuizes.quiz0;&#10;&#9;&#9;quiz_bank[1] = StaticQuizes.quiz1;&#10;&#9;&#9;quiz_bank[2] = StaticQuizes.quiz2;&#10;&#9;&#9;quiz_bank[3] = StaticQuizes.quiz3;&#10;&#9;&#9;quiz_bank[4] = StaticQuizes.quiz4;&#10;&#10;&#9;}&#10;&#10;&#9;public void highScoreGUI() {&#10;&#9;&#9;if (!score_up) {&#10;&#9;&#9;&#9;score_up = true;&#10;&#9;&#9;&#9;gui = new GUIInput(this,true);&#10;&#9;&#9;&#9;gui.createAndShowGUI();&#10;&#10;&#9;&#9;}&#10;&#9;}&#10;&#10;&#9;/**&#10;&#9; * Stefan pauses the game on next update(use this to pause and unpause)&#10;&#9; */&#10;&#9;public void pause_or_unpause() {&#10;&#9;&#9;pause = !pause;&#10;&#9;}&#10;&#10;&#9;/**&#10;&#9; * Stefan pauses the game&#10;&#9; */&#10;&#9;private void pauseGame() {&#10;&#9;&#9;paused = true;&#10;&#9;&#9;pause_time = System.nanoTime();&#10;&#9;&#9;while (pause) {&#10;&#9;&#9;&#9;System.gc();&#10;&#9;&#9;&#9;reDraw();&#10;&#9;&#9;&#9;try {&#10;&#9;&#9;&#9;&#9;Thread.sleep(1);&#10;&#9;&#9;&#9;} catch (InterruptedException e) {&#10;&#9;&#9;&#9;&#9;e.printStackTrace();&#10;&#9;&#9;&#9;}&#10;&#9;&#9;}&#10;&#9;&#9;pause_time = System.nanoTime() - pause_time;&#10;&#9;&#9;paused = false;&#10;&#9;}&#10;&#9;&#10;&#9;/**&#10;&#9; * Ben Gotthold re draws the game 30 times a seconds and after the timer&#10;&#9; * stopped&#10;&#9; */&#10;&#9;public void reDraw() {&#10;&#9;&#9;long now_time = System.currentTimeMillis();&#10;&#10;&#9;&#9;if (time_gap &gt; 33) { // this is the frequency of refresh&#10;&#9;&#9;&#9;last_draw = System.currentTimeMillis();&#10;&#9;&#9;&#9;draw_game.repaint();&#10;&#9;&#9;&#9;time_gap = 0;&#10;&#10;&#9;&#9;} else {&#10;&#9;&#9;&#9;time_gap = now_time - last_draw;&#10;&#10;&#9;&#9;}&#10;&#9;}&#10;&#10;&#9;/**&#10;&#9; * Stefan Contains the main loop of the game&#10;&#9; */&#10;&#9;@Override&#10;&#9;public void run() {&#10;&#9;&#9;reset();&#10;&#10;&#9;&#9;long last_time = System.nanoTime();&#10;&#9;&#9;double unprocessed = 0;&#10;&#9;&#9;double ns_per_update = 1000000000.0 / 60;&#10;&#9;&#9;long last_time1 = System.currentTimeMillis();&#10;&#10;&#9;&#9;while (game_running) {&#10;&#9;&#9;&#9;// System.out.println(game_time);&#10;&#9;&#9;&#9;long now = System.nanoTime();&#10;&#9;&#9;&#9;unprocessed += (now - last_time) / ns_per_update;&#10;&#9;&#9;&#9;last_time = now;&#10;&#9;&#9;&#9;reDraw(); // ben - calls  redraw function&#10;&#9;&#9;&#9;while (unprocessed &gt;= 1) {&#10;&#9;&#9;&#9;&#9;update();&#10;&#9;&#9;&#9;&#9;unprocessed -= (pause_time / ns_per_update) + 1;&#10;&#9;&#9;&#9;&#9;last_time1 += pause_time / 1000000;&#10;&#9;&#9;&#9;&#9;pause_time = 0;&#10;&#9;&#9;&#9;}&#10;&#9;&#9;&#9;//background &#10;&#9;&#9;&#9;long now1 = System.currentTimeMillis();&#10;&#9;&#9;&#9;if (now1 - last_time1 &gt; 500) {&#10;&#9;&#9;&#9;&#9;draw_game.bg_count = (draw_game.bg_count + 1) % 3; &#10;&#9;&#9;&#9;&#9;game_time -= (now1 - last_time1);&#10;&#9;&#9;&#9;&#9;&#10;&#9;&#9;&#9;&#9;last_time1 = now1;&#10;&#9;&#9;&#9;}&#10;&#10;&#9;&#9;&#9;if (game_time &lt; 0) // ben - stop the time from being negative // but keep the game running&#9;&#10;&#9;&#9;&#9;&#9;game_time = 0;&#10;&#9;&#9;}&#10;&#9;}&#10;&#10;&#9;public void start() {&#10;&#9;&#9;new Thread(this).start();&#10;&#9;}&#10;&#10;&#9;//dont use&#10;&#9;public void stop() {&#10;&#9;}&#10;&#10;&#9;/**&#10;&#9; * Stefan updates all elements of the game&#10;&#9; */&#10;&#9;public void update() {&#10;&#9;&#9;update_count++;&#10;&#9;&#9;if (pause) {&#10;&#9;&#9;&#9;pauseGame();&#10;&#9;&#9;}&#10;&#9;&#9;if (game_time &lt;= 0) {&#10;&#9;&#9;&#9;highScoreGUI();&#10;&#9;&#9;} else {&#10;&#9;&#9;&#9;if (update_count % 300 == 0) {&#10;&#9;&#9;&#9;&#9;map.updateSpeed(game_time);&#10;&#9;&#9;&#9;}&#10;&#9;&#9;&#9;map.update();&#10;&#9;&#9;}&#10;&#9;}&#10;}&#10;" Filename="RapidRunoffGame.java" Intrnl_Id="11"/>
<SrcFile Content="package group2.game;&#10;&#10;public class Quiz {&#10;&#9;String question; // The question&#10;&#9;String[] choices = new String[4]; // Choices A,B,C, and D&#10;&#9;int answer; // Index of the correct answer in choices (0 = A, 1 = B, 2 = C,&#10;&#9;&#9;&#9;&#9;// 3 = D)&#10;&#9;public String feedback_string;&#10;&#9;boolean asked;&#10;&#9;Boolean answered_correctly = false;&#10;&#10;&#9;Quiz(String question, String[] choices, int answer) {&#10;&#9;&#9;this.question = question;&#10;&#9;&#9;for (int i = 0; i &lt; 4; i++) {&#10;&#9;&#9;&#9;this.choices[i] = choices[i];&#10;&#9;&#9;}&#10;&#9;&#9;this.answer = answer;&#10;&#9;&#9;this.asked = false;&#10;&#9;}&#10;&#10;&#9;/**&#10;&#9; * Will check to see whether or not the answer the player choose was correct&#10;&#9; * or not. I imagine this will probably be called when the powerup is on the&#10;&#9; * screen and the player picks their choice. This method will then be called&#10;&#9; * from powerup to check if the player was right or not, and then perform&#10;&#9; * its actions based on the response.&#10;&#9; */&#10;&#9;public boolean checkChoice(int choice) {&#10;&#9;&#9;if (choice != this.answer){&#10;&#9;&#9;&#9;feedback_string = &quot;Im sorry! Collect more polutants to try again.&quot;;&#10;&#9;&#9;&#9;return false;&#10;&#9;&#9;}&#10;&#9;&#9;else{&#10;&#9;&#9;&#9;feedback_string = &quot;Correct! The city has now passed a new law&quot;;&#10;&#9;&#9;&#9;answered_correctly = true;&#10;&#9;&#9;&#9;return true;&#10;&#9;&#9;}&#10;&#9;}&#10;&#10;}&#10;" Filename="Quiz.java" Intrnl_Id="12"/>
<SrcFile Content="package group2.game;&#10;&#10;import java.awt.Image;&#10;import java.awt.event.ActionEvent;&#10;import java.awt.event.ActionListener;&#10;&#10;import javax.swing.Timer;&#10;&#10;/**&#10; * Mary 4/4/13&#10; */&#10;public abstract class PowerUp {&#10;&#10;&#9;String text;&#10;&#9;Quiz quiz;&#10;&#9;long time = 15 * 1000;&#10;&#9;boolean deployed = false;&#10;&#9;boolean ready = false;&#10;&#9;String effect_string1;&#10;&#9;String effect_string2;&#10;&#9;&#10;&#10;&#9;Position position;&#10;&#10;&#9;RapidRunoffGame game;&#10;&#9;Image image;&#10;&#10;&#9;Timer timer = new Timer((int) time, new ActionListener() {&#10;&#9;&#9;@Override&#10;&#9;&#9;public void actionPerformed(ActionEvent evt) {&#10;&#9;&#9;&#9;deployed = false;&#10;&#9;&#9;&#9;timer.stop();&#10;&#9;&#9;}&#10;&#9;});&#10;&#10;&#9;PowerUp(Position position) {&#10;&#9;&#9;this.position = position;&#10;&#9;&#9;position.width = .07;&#10;&#9;&#9;position.height = .13;&#10;&#9;&#10;&#10;&#9;}&#10;&#10;&#9;/**&#10;&#9; * Mary checks if click is in range of powerUp&#10;&#9; */&#10;&#9;public boolean checkIfInPowerUp(double x, double y) {&#10;&#9;&#9;return x &gt;= position.x &amp;&amp; x &lt;= position.x + position.width&#10;&#9;&#9;&#9;&#9;&amp;&amp; y &gt;= position.y &amp;&amp; y &lt;= position.y + position.height;&#10;&#9;}&#10;&#10;&#9;/**&#10;&#9; * Mary Keeps powerUp deployed for 10 seconds&#10;&#9; */&#10;&#9;public void deployPowerUp() {&#10;&#9;&#9;if (ready) {&#10;&#9;&#9;&#9;DrawGame.first_powerup = true;&#10;&#9;&#9;&#9;deployed = true;&#10;&#9;&#9;&#9;ready = false;&#10;&#9;&#9;&#9;timer.start();&#10;&#9;&#9;&#10;&#10;&#9;&#9;}&#10;&#9;}&#10;&#9;&#10;&#9;&#10;}&#10;" Filename="PowerUp.java" Intrnl_Id="13"/>
<SrcFile Content="package group2.game;&#10;&#10;/**&#10; * Stefan 4/2/13&#10; */&#10;public class Position {&#10;&#9;double x;&#10;&#9;double y;&#10;&#9;double width;&#10;&#9;double height;&#10;&#10;&#9;Position(double x, double y) {&#10;&#9;&#9;this.x = x;&#10;&#9;&#9;this.y = y;&#10;&#9;}&#10;&#10;&#9;@Override&#10;&#9;public boolean equals(Object other) {&#10;&#9;&#9;if (((Position) other).x == this.x &amp;&amp; ((Position) other).y == this.y)&#10;&#9;&#9;&#9;return true;&#10;&#9;&#9;else&#10;&#9;&#9;&#9;return false;&#10;&#9;}&#10;&#10;&#9;public double getXPos() {&#10;&#9;&#9;return x;&#10;&#9;}&#10;&#10;&#9;public double getYPos() {&#10;&#9;&#9;return y;&#10;&#9;}&#10;&#10;&#9;@Override&#10;&#9;public int hashCode() {&#10;&#9;&#9;return 0;&#10;&#10;&#9;}&#10;&#10;&#9;public void setPosition(double x_new, double y_new) {&#10;&#9;&#9;x = x_new;&#10;&#9;&#9;y = y_new;&#10;&#10;&#9;}&#10;}" Filename="Position.java" Intrnl_Id="14"/>
<SrcFile Content="package group2.game;&#10;&#10;/**&#10; * Stefan 4/2/13&#10; */&#10;public class Player {&#10;&#10;&#9;ScoreData player_data;&#10;&#9;int players_rank;&#10;&#9;Score player_score = new Score(0, 0, 0, 0, 0);&#10;&#10;&#9;public void addScoreDataToList(String name, String date) {&#10;&#9;&#9;player_data = new ScoreData(name, player_score.game_score, date);&#10;&#9;&#9;player_data.addDataToList();&#10;&#9;}&#10;&#10;&#9;public int get_players_rank() {&#10;&#9;&#9;players_rank = player_data.getRank();&#10;&#9;&#9;return players_rank;&#10;&#9;}&#10;&#10;}&#10;" Filename="Player.java" Intrnl_Id="15"/>
<SrcFile Content="package group2.game;&#10;&#10;import java.awt.Color;&#10;&#10;/**&#10; * Joe 4/2/13&#10; */&#10;public class Oil extends WaterObjects {&#10;&#10;&#9;public Oil(Position p, RapidRunoffGame g, int s) {&#10;&#9;&#9;super(p, g, s);&#10;&#9;&#9;this.color = Color.BLACK;&#10;&#9;&#9;this.bin = game.map.oil_menu.bin;&#10;&#9;&#9;image = DrawGame.OilImage;&#10;&#9;&#9;this.id = &quot;o&quot;;&#10;&#10;&#9;}&#10;&#10;&#9;@Override&#10;&#9;public void update() {&#10;&#9;&#9;super.update();&#10;&#10;&#9;&#9;if (position.getXPos() &gt; 1.0) {&#10;&#9;&#9;&#9;is_alive = false;&#10;&#9;&#9;&#9;remove(false);&#10;&#9;&#9;&#9;if(!addedtocount){&#10;&#9;&#9;&#9;&#9;game.player.player_score.incrementOilLost();&#10;&#9;&#9;&#9;&#9;System.out.println(game.player.player_score.oil_lost&#10;&#9;&#9;&#9;&#9;&#9;&#9;+ &quot; Oil lost so far.&quot;);&#10;&#9;&#9;&#9;&#9;addedtocount = true;&#10;&#9;&#9;&#9;}&#10;&#9;&#9;}&#10;&#9;}&#10;&#10;&#9;public void increment() {&#10;&#9;&#9;game.player.player_score.incrementOil();&#10;&#9;}&#10;&#10;}" Filename="Oil.java" Intrnl_Id="16"/>
<SrcFile Content="package group2.game;&#10;&#10;// ben Gotthold&#10;&#10;// this is the class that powerups will inherit from&#10;// soon to be abstract&#10;&#10;public class MenuObject {&#10;&#10;&#9;Position position;&#10;&#9;double width = 1.0 / 11;&#10;&#9;double height = 1.0 / 5;&#10;&#10;&#9;public MenuObject(Position p) {&#10;&#9;&#9;this.position = p;&#10;&#9;}&#10;&#10;}&#10;" Filename="MenuObject.java" Intrnl_Id="17"/>
<SrcFile Content="package group2.game;&#10;&#10;import java.awt.Image;&#10;import java.util.ArrayList;&#10;&#10;// Ben Gotthold&#10;//4/3&#10;//this defines the class for the side menus they have a &#10;// position and a height and width and a function to add a&#10;// bin&#10;&#10;public class Menu {&#10;&#10;&#9;ArrayList&lt;MenuObject&gt; menu_objects;&#10;&#10;&#9;Position position;&#10;&#9;Image bin_image;&#10;&#9;Bin bin;&#10;&#10;&#9;public Menu(Position p, Image image) {&#10;&#9;&#9;this.menu_objects = new ArrayList&lt;MenuObject&gt;();&#10;&#9;&#9;this.position = p;&#10;&#9;&#9;position.width = (1.0 / 11);&#10;&#9;&#9;position.height = (1.0 / 2);&#10;&#9;&#9;this.bin_image = image;&#10;&#9;&#9;addBin();&#10;&#10;&#9;}&#10;&#10;&#9;public void addBin() {&#10;&#9;&#9;menu_objects = new ArrayList&lt;MenuObject&gt;();&#10;&#9;&#9;bin = new Bin(new Position(position.x + 1.0 / 5000, position.y * 2.9));&#10;&#9;&#9;menu_objects.add(bin);&#10;&#10;&#9;}&#10;&#10;}&#10;" Filename="Menu.java" Intrnl_Id="18"/>
<SrcFile Content="package group2.game;&#10;&#10;/**&#10; * Stefan&#10; * 4/3/13&#10; */&#10;import java.util.ArrayList;&#10;import java.util.Random;&#10;&#10;public class Map {&#10;&#10;&#9;RapidRunoffGame game;&#10;&#9;Random rand = new Random();&#10;&#9;int update_count = 0;&#10;&#9;int updates_object = 0;&#10;&#9;int updates_per_water_object = 150;&#10;&#9;int nextErode = rand.nextInt(300) + 600;&#10;&#9;int items_removed = 0;&#10;&#9;Menu fert_menu;&#10;&#9;Menu oil_menu;&#10;&#10;&#9;double[] start_positions = { 0.18, 0.49, 0.78 };&#10;&#10;&#9;ArrayList&lt;RiverBank&gt; river_banks;&#10;&#9;ArrayList&lt;River&gt; running_water;&#10;&#9;ArrayList&lt;WaterObjects&gt; water_objects;&#10;&#9;ArrayList&lt;Menu&gt; menus;&#10;&#9;ArrayList&lt;Buffer&gt; buffers;&#10;&#9;River river;&#10;&#9;City city;&#10;&#10;&#9;ArrayList&lt;PowerUp&gt; power_ups;&#10;&#10;&#9;public Map(RapidRunoffGame g) {&#10;&#9;&#9;this.game = g;&#10;&#9;&#9;water_objects = new ArrayList&lt;WaterObjects&gt;();&#10;&#9;&#9;addRiverBanks();&#10;&#9;&#9;addMenus();&#10;&#9;&#9;addStreams();&#10;&#9;&#9;addPowerUps();&#10;&#9;&#9;addBuffers();&#10;&#9;&#9;city = new City(game);&#10;&#9;}&#10;&#10;&#9;/**&#10;&#9; * Mary adds Buffers to map&#10;&#9; */&#10;&#9;public void addBuffers() {&#10;&#9;&#9;buffers = new ArrayList&lt;Buffer&gt;();&#10;&#9;&#9;int number_of_buffers = 12;&#10;&#9;&#9;&#10;&#9;&#9;for(int i = 0; i &lt; number_of_buffers; i++){&#10;&#9;&#9;&#9;buffers.add(new Buffer());&#10;&#9;&#9;}&#10;&#9;&#9;&#10;&#9;}&#10;&#10;&#9;public void addMenus() {&#10;&#9;&#9;menus = new ArrayList&lt;Menu&gt;();&#10;&#9;&#9;oil_menu = new Menu(new Position(1.0 / 100, (1.0 / 6)), DrawGame.Oil_Box);&#10;&#9;&#9;fert_menu = new Menu(new Position(.899, (1.0 / 6)), DrawGame.Fert_Box);&#10;&#9;&#9;menus.add(oil_menu);&#10;&#9;&#9;menus.add(fert_menu);&#10;&#9;}&#10;&#10;&#9;/**&#10;&#9; * &#10;&#9; * Mary adds powerUps to maps, top rectangle is broom and bottom is funnel&#10;&#9; */&#10;&#9;public void addPowerUps() {&#10;&#9;&#9;power_ups = new ArrayList&lt;PowerUp&gt;();&#10;&#9;&#9;power_ups.add(new Broom(new Position(.9, .22)));&#10;&#9;&#9;power_ups.add(new Funnel(new Position(.0142, .22)));&#10;&#10;&#9;}&#10;&#10;&#9;/**&#10;&#9; * Mason add the three river banks to our map&#10;&#9; */&#10;&#9;public void addRiverBanks() {&#10;&#9;&#9;river_banks = new ArrayList&lt;RiverBank&gt;();&#10;&#9;&#9;Position bank0 = new Position(.14, .67);&#10;&#9;&#9;Position bank1 = new Position(.33, .67);&#10;&#9;&#9;Position bank2 = new Position(.54, .67);&#10;&#9;&#9;Position bank3 = new Position(.76, .66);&#10;&#9;&#9;river_banks.add(new RiverBank(1, 2, bank0, .06, .15, 0));&#10;&#9;&#9;river_banks.add(new RiverBank(2, 2, bank1, .12, .15, 1));&#10;&#9;&#9;river_banks.add(new RiverBank(2, 2, bank2, .10, .15, 2));&#10;&#9;&#9;river_banks.add(new RiverBank(1, 2, bank3, .06, .15, 3));&#10;&#10;&#9;}&#10;&#10;&#9;public void addStreams() {&#10;&#9;&#9;running_water = new ArrayList&lt;River&gt;();&#10;&#9;&#9;running_water.add(new Stream(1));&#10;&#9;&#9;running_water.add(new Stream(2));&#10;&#9;&#9;running_water.add(new Stream(3));&#10;&#10;&#9;&#9;river = new River();&#10;&#9;&#9;running_water.add(river);&#10;&#9;}&#10;&#10;&#9;/**&#10;&#9; * Mary added code to stop oil/fertilizer from being spawned if funnel/broom&#10;&#9; * powerUp deployed&#10;&#9; */&#10;&#9;public void update() {&#10;&#9;&#9;update_count++;&#10;&#9;&#9;updates_object++;&#10;&#9;&#9;if (items_removed &gt;= 10) {&#10;&#9;&#9;&#9;items_removed = 0;&#10;&#9;&#9;&#9;int i = rand.nextInt(2);&#10;&#9;&#9;&#9;if(power_ups.get(i).ready){&#10;&#9;&#9;&#9;&#9;power_ups.get((i + 1) % 2).ready = true;&#10;&#9;&#9;&#9;}else{&#10;&#9;&#9;&#9;&#9;power_ups.get(i).ready = true;&#10;&#9;&#9;&#9;}&#10;&#9;&#9;}&#10;&#9;&#9;if (updates_object &gt;= updates_per_water_object) {&#10;&#9;&#9;&#9;updates_object = 0;&#10;&#9;&#9;&#9;double shift[] = { // shift amount to account for graphic&#10;&#9;&#9;&#9;&#9;&#9;(rand.nextInt(2) == 0) ? (rand.nextDouble() / 100) : -(rand&#10;&#9;&#9;&#9;&#9;&#9;&#9;&#9;.nextDouble() / 50), // stream 1&#10;&#9;&#9;&#9;&#9;&#9;(rand.nextInt(2) == 0) ? (rand.nextDouble() / 70) : -(rand&#10;&#9;&#9;&#9;&#9;&#9;&#9;&#9;.nextDouble() / 70), // stream 2&#10;&#9;&#9;&#9;&#9;&#9;(rand.nextInt(2) == 0) ? (rand.nextDouble() / 100) : -(rand&#10;&#9;&#9;&#9;&#9;&#9;&#9;&#9;.nextDouble() / 70) }; // stream 3&#10;&#9;&#9;&#9;int streamnumber = rand.nextInt(3);&#10;&#9;&#9;&#9;if (rand.nextInt(2) == 0) {&#10;&#9;&#9;&#9;&#9;if (!(power_ups.get(1)).deployed) {&#10;&#9;&#9;&#9;&#9;&#9;water_objects.add(new Oil(&#10;&#9;&#9;&#9;&#9;&#9;&#9;&#9;new Position(start_positions[streamnumber]&#10;&#9;&#9;&#9;&#9;&#9;&#9;&#9;&#9;&#9;+ shift[streamnumber], 0.25), game,&#10;&#9;&#9;&#9;&#9;&#9;&#9;&#9;streamnumber));&#10;&#9;&#9;&#9;&#9;}&#10;&#9;&#9;&#9;} else {&#10;&#9;&#9;&#9;&#9;if (!(power_ups.get(0)).deployed) {&#10;&#9;&#9;&#9;&#9;&#9;water_objects.add(new Fertilizer(&#10;&#9;&#9;&#9;&#9;&#9;&#9;&#9;new Position(start_positions[streamnumber]&#10;&#9;&#9;&#9;&#9;&#9;&#9;&#9;&#9;&#9;+ shift[streamnumber], 0.25), game,&#10;&#9;&#9;&#9;&#9;&#9;&#9;&#9;streamnumber));&#10;&#9;&#9;&#9;&#9;}&#10;&#9;&#9;&#9;}&#10;&#9;&#9;}&#10;&#9;&#9;&#10;&#9;&#9;for (int i = 0; i &lt; water_objects.size(); i++) {&#10;&#9;&#9;&#9;water_objects.get(i).update();&#10;&#9;&#9;}&#10;&#9;&#9;nextErode--;&#10;&#9;&#9;if (nextErode &lt; 0){&#10;&#9;&#9;&#9;nextErode = rand.nextInt(300) + 600;&#10;&#9;&#9;&#9;int i = 0;&#10;&#9;&#9;&#9;while(!river_banks.get(rand.nextInt(river_banks.size())).findErode() &amp;&amp; i &lt; 10){&#10;&#9;&#9;&#9;&#9;i++;&#10;&#9;&#9;&#9;}&#10;&#9;&#9;}&#10;&#9;&#9;for (int i = 0; i &lt; river_banks.size(); i++) {&#10;&#9;&#9;&#9;river_banks.get(i).update();&#10;&#9;&#9;&#9;if (river_banks.get(i).removePoints){&#10;&#9;&#9;&#9;&#9;game.player.player_score.addScore(-50);&#10;&#9;&#9;&#9;&#9;river_banks.get(i).removePoints=false;&#10;&#9;&#9;&#9;&#9;&#10;&#9;&#9;&#9;}&#10;&#9;&#9;}&#10;&#10;&#9;&#9;city.update();&#10;&#10;&#9;&#9;&#10;&#10;&#9;}&#10;&#10;&#9;/**&#10;&#9; * Stefan updates the speed at which objects are added to the game.&#10;&#9; */&#10;&#9;public void updateSpeed(int t) {&#10;&#9;&#9;updates_per_water_object = (int) (60 / (-0.000003 * t + .9));&#10;&#9;}&#10;}&#10;" Filename="Map.java" Intrnl_Id="19"/>
<SrcFile Content="package group2.game;&#10;&#10;import java.awt.event.KeyEvent;&#10;import java.awt.event.KeyListener;&#10;import java.awt.event.MouseEvent;&#10;import java.awt.event.MouseListener;&#10;import java.awt.event.MouseMotionListener;&#10;&#10;import javax.swing.JFrame;&#10;&#10;/**&#10; * Joe 4/2/13&#10; */&#10;&#10;public class InputHandler implements KeyListener, MouseMotionListener,&#10;&#9;&#9;MouseListener {&#10;&#10;&#9;RapidRunoffGame game;&#10;&#9;JFrame frame;&#10;&#9;WaterObjects currently_clicked = null;&#10;&#9;int powerupclicked = 0;&#10;&#9;Buffer buffer_clicked = null;&#10;&#10;&#9;public InputHandler(RapidRunoffGame g) {&#10;&#9;&#9;this.game = g;&#10;&#10;&#9;}&#10;&#10;&#9;@Override&#10;&#9;public void keyPressed(KeyEvent e) {&#10;&#9;}&#10;&#10;&#9;@Override&#10;&#9;public void keyReleased(KeyEvent e) {&#10;&#9;}&#10;&#10;&#9;@Override&#10;&#9;public void keyTyped(KeyEvent e) {&#10;&#9;}&#10;&#10;&#9;@Override&#10;&#9;public void mouseClicked(MouseEvent e) {&#10;&#10;&#9;}&#10;&#10;&#9;@Override&#10;&#9;public void mouseDragged(MouseEvent arg0) {&#10;&#10;&#9;}&#10;&#10;&#9;@Override&#10;&#9;public void mouseEntered(MouseEvent e) {&#10;&#10;&#9;}&#10;&#10;&#9;@Override&#10;&#9;public void mouseExited(MouseEvent e) {&#10;&#10;&#9;}&#10;&#10;&#9;@Override&#10;&#9;public void mouseMoved(MouseEvent arg0) {&#10;&#10;&#9;}&#10;&#10;&#9;@Override&#10;&#9;/**&#10;&#9; * Joe&#10;&#9; * Checks to see if we clicked on a WaterObject, and if we did, it will change the value&#10;&#9; * of its is_clicked attribute to true.  When a WaterObject is placed in the correct bin, it is removed from &#10;&#9; * the screen, and the Player attribute player_score is updated accordingly.  If a WaterObject is clicked on &#10;&#9; * and the next click is not in the correct bin, then its is_clicked will become false and &#10;&#9; * currently_clicked will become null, allowing for the next WaterObject to be selected.&#10;&#9; * &#10;&#9; * Mason&#10;&#9; * Took out code relating to an object already being clicked and added it to the mouseRelease event below.&#10;&#9; * &#10;&#9; * Mary&#10;&#9; * added a portion to check if a powerUp was clicked/if riverBank was clicked&#10;&#9; * &#10;&#9; * Steve&#10;&#9; * checks if powerup is pressed, if so initiate quizMode. if in quizMode accept input for the quiz only.&#10;&#9; * Mason&#10;&#9; * reorganize and bug cleanup&#10;&#9; */&#10;&#9;public void mousePressed(MouseEvent e) {&#10;&#10;&#9;&#9;double x = e.getX() / game.screen_width;&#10;&#9;&#9;double y = e.getY() / game.screen_height;&#10;&#9;&#9;System.out.println(&quot;(&quot; + x + &quot;,&quot; + y + &quot;)&quot;);&#10;&#9;&#9;if (game.game_screen) {&#10;&#9;&#9;&#9;if (game.game_time &lt;= 0) {&#10;&#9;&#9;&#9;&#9;if (x &gt;= 0.25 &amp;&amp; x &lt;= 0.45 &amp;&amp; y &gt;= 0.55 &amp;&amp; y &lt;= 0.75) {&#10;&#9;&#9;&#9;&#9;&#9;game.frame.dispose();&#10;&#9;&#9;&#9;&#9;&#9;new RapidRunoffGame().start();&#10;&#9;&#9;&#9;&#9;&#9;System.gc();&#10;&#9;&#9;&#9;&#9;}&#10;&#9;&#9;&#9;}&#10;&#9;&#9;&#9;&#10;&#9;&#9;&#9;&#10;&#9;&#9;&#9;if (game.quizMode) {&#10;&#9;&#9;&#9;&#9;// CHOICE A&#10;&#9;&#9;&#9;&#9;if (x &gt; .29 &amp;&amp; x &lt; (.29 + 0.033) &amp;&amp; y &gt; .28&#10;&#9;&#9;&#9;&#9;&#9;&#9;&amp;&amp; y &lt; (.28 + 0.033)) {&#10;&#9;&#9;&#9;&#9;&#9;if (game.map.power_ups.get(powerupclicked).quiz&#10;&#9;&#9;&#9;&#9;&#9;&#9;&#9;.checkChoice(0)) {&#10;&#9;&#9;&#9;&#9;&#9;&#9;game.map.power_ups.get(powerupclicked).deployPowerUp();&#10;&#9;&#9;&#9;&#9;&#9;&#9;game.map.power_ups.get(powerupclicked).quiz.asked = true;&#10;&#9;&#9;&#9;&#9;&#9;&#9;game.quizMode = false;&#10;&#9;&#9;&#9;&#9;&#9;&#9;game.quizFeedbackMode = true;&#10;&#9;&#9;&#9;&#9;&#9;&#9;DrawGame.first_quiz=true;&#10;&#9;&#9;&#9;&#9;&#9;&#9;game.player.player_score.game_score += 100;&#10;&#9;&#9;&#9;&#9;&#9;} else {&#10;&#9;&#9;&#9;&#9;&#9;&#9;game.map.power_ups.get(powerupclicked).ready = false;&#10;&#9;&#9;&#9;&#9;&#9;&#9;game.map.power_ups.get(powerupclicked).quiz.asked = true;&#10;&#9;&#9;&#9;&#9;&#9;&#9;game.quizMode = false;&#10;&#9;&#9;&#9;&#9;&#9;&#9;game.quizFeedbackMode = true;&#10;&#9;&#9;&#9;&#9;&#9;&#9;DrawGame.first_quiz=true;&#10;&#9;&#9;&#9;&#9;&#9;}&#10;&#9;&#9;&#9;&#9;}&#10;&#9;&#9;&#9;&#9;// CHOICE B&#10;&#9;&#9;&#9;&#9;if (x &gt; .29 &amp;&amp; x &lt; (.29 + 0.033) &amp;&amp; y &gt; .4 &amp;&amp; y &lt; (.4 + 0.033)) {&#10;&#9;&#9;&#9;&#9;&#9;if (game.map.power_ups.get(powerupclicked).quiz&#10;&#9;&#9;&#9;&#9;&#9;&#9;&#9;.checkChoice(1)) {&#10;&#9;&#9;&#9;&#9;&#9;&#9;game.map.power_ups.get(powerupclicked).deployPowerUp();&#10;&#9;&#9;&#9;&#9;&#9;&#9;game.map.power_ups.get(powerupclicked).quiz.asked = true;&#10;&#9;&#9;&#9;&#9;&#9;&#9;game.quizMode = false;&#10;&#9;&#9;&#9;&#9;&#9;&#9;game.quizFeedbackMode = true;&#10;&#9;&#9;&#9;&#9;&#9;&#9;DrawGame.first_quiz=true;&#10;&#9;&#9;&#9;&#9;&#9;&#9;game.player.player_score.game_score += 100;&#10;&#9;&#9;&#9;&#9;&#9;} else {&#10;&#9;&#9;&#9;&#9;&#9;&#9;game.map.power_ups.get(powerupclicked).ready = false;&#10;&#9;&#9;&#9;&#9;&#9;&#9;game.map.power_ups.get(powerupclicked).quiz.asked = true;&#10;&#9;&#9;&#9;&#9;&#9;&#9;game.quizMode = false;&#10;&#9;&#9;&#9;&#9;&#9;&#9;game.quizFeedbackMode = true;&#10;&#9;&#9;&#9;&#9;&#9;&#9;DrawGame.first_quiz=true;&#10;&#9;&#9;&#9;&#9;&#9;}&#10;&#9;&#9;&#9;&#9;}&#10;&#9;&#9;&#9;&#9;// CHOICE C&#10;&#9;&#9;&#9;&#9;if (x &gt; .29 &amp;&amp; x &lt; (.29 + .033) &amp;&amp; y &gt; .52 &amp;&amp; y &lt; (.52 + .033)) {&#10;&#9;&#9;&#9;&#9;&#9;if (game.map.power_ups.get(powerupclicked).quiz&#10;&#9;&#9;&#9;&#9;&#9;&#9;&#9;.checkChoice(2)) {&#10;&#9;&#9;&#9;&#9;&#9;&#9;game.map.power_ups.get(powerupclicked).deployPowerUp();&#10;&#9;&#9;&#9;&#9;&#9;&#9;game.map.power_ups.get(powerupclicked).quiz.asked = true;&#10;&#9;&#9;&#9;&#9;&#9;&#9;game.quizMode = false;&#10;&#9;&#9;&#9;&#9;&#9;&#9;game.quizFeedbackMode = true;&#10;&#9;&#9;&#9;&#9;&#9;&#9;DrawGame.first_quiz=true;&#10;&#9;&#9;&#9;&#9;&#9;&#9;game.player.player_score.game_score += 100;&#10;&#9;&#9;&#9;&#9;&#9;} else {&#10;&#9;&#9;&#9;&#9;&#9;&#9;game.map.power_ups.get(powerupclicked).ready = false;&#10;&#9;&#9;&#9;&#9;&#9;&#9;game.map.power_ups.get(powerupclicked).quiz.asked = true;&#10;&#9;&#9;&#9;&#9;&#9;&#9;game.quizMode = false;&#10;&#9;&#9;&#9;&#9;&#9;&#9;game.quizFeedbackMode = true;&#10;&#9;&#9;&#9;&#9;&#9;&#9;DrawGame.first_quiz=true;&#10;&#9;&#9;&#9;&#9;&#9;}&#10;&#9;&#9;&#9;&#9;}&#10;&#9;&#9;&#9;&#9;// CHOICE D&#10;&#9;&#9;&#9;&#9;if (x &gt; .29 &amp;&amp; x &lt; (.29 + .033) &amp;&amp; y &gt; .64 &amp;&amp; y &lt; (.64 + .033)) {&#10;&#9;&#9;&#9;&#9;&#9;if (game.map.power_ups.get(powerupclicked).quiz&#10;&#9;&#9;&#9;&#9;&#9;&#9;&#9;.checkChoice(3)) {&#10;&#9;&#9;&#9;&#9;&#9;&#9;game.map.power_ups.get(powerupclicked).deployPowerUp();&#10;&#9;&#9;&#9;&#9;&#9;&#9;game.map.power_ups.get(powerupclicked).quiz.asked = true;&#10;&#9;&#9;&#9;&#9;&#9;&#9;game.quizMode = false;&#9;&#10;&#9;&#9;&#9;&#9;&#9;&#9;game.quizFeedbackMode = true;&#10;&#9;&#9;&#9;&#9;&#9;&#9;DrawGame.first_quiz=true;&#10;&#9;&#9;&#9;&#9;&#9;&#9;game.player.player_score.game_score += 100;&#10;&#9;&#9;&#9;&#9;&#9;} else {&#10;&#9;&#9;&#9;&#9;&#9;&#9;game.map.power_ups.get(powerupclicked).ready = false;&#10;&#9;&#9;&#9;&#9;&#9;&#9;game.map.power_ups.get(powerupclicked).quiz.asked = true;&#10;&#9;&#9;&#9;&#9;&#9;&#9;game.quizMode = false;&#10;&#9;&#9;&#9;&#9;&#9;&#9;game.quizFeedbackMode = true;&#10;&#9;&#9;&#9;&#9;&#9;&#9;DrawGame.first_quiz=true;&#10;&#9;&#9;&#9;&#9;&#9;}&#10;&#9;&#9;&#9;&#9;}&#10;&#9;&#9;&#9;} else if (x &gt;= 0.02 &amp;&amp; x &lt;= 0.04 &amp;&amp; y &gt;= 0.02 &amp;&amp; y &lt;= 0.053&#10;&#9;&#9;&#9;&#9;&#9;&amp;&amp; !game.quizMode) {&#10;&#9;&#9;&#9;&#9;game.pause_or_unpause();&#13;&#10;&#9;&#9;&#9;} else {&#10;&#9;&#9;&#9;&#9;if(!game.paused &amp;&amp; !game.score_up){&#10;&#9;&#9;&#9;&#9;&#9;if (currently_clicked == null) {&#10;&#9;&#9;&#9;&#9;&#9;&#9;for (int i = 0; i &lt; game.map.power_ups.size(); i++) {&#10;&#9;&#9;&#9;&#9;&#9;&#9;&#9;PowerUp clicked = game.map.power_ups.get(i);&#10;&#9;&#9;&#9;&#9;&#9;&#9;&#9;if (clicked.checkIfInPowerUp(x, y) &amp;&amp; clicked.ready) {&#10;&#9;&#9;&#9;&#9;&#9;&#9;&#9;&#9;powerupclicked = i;&#10;&#9;&#9;&#9;&#9;&#9;&#9;&#9;&#9;game.quizMode = true;&#10;&#9;&#9;&#9;&#9;&#9;&#9;&#9;&#9;game.feedbackStartTime = -1;&#10;&#9;&#9;&#9;&#9;&#9;&#9;&#9;&#9;if (!game.pause) {&#10;&#9;&#9;&#9;&#9;&#9;&#9;&#9;&#9;&#9;game.pause_or_unpause();&#10;&#9;&#9;&#9;&#9;&#9;&#9;&#9;&#9;}&#10;&#9;&#9;&#9;&#9;&#9;&#9;&#9;&#9;game.draw_game.repaint();&#10;&#9;&#9;&#9;&#9;&#9;&#9;&#9;&#9;break;&#10;&#9;&#9;&#9;&#9;&#9;&#9;&#9;}&#10;&#9;&#9;&#9;&#9;&#9;&#9;}&#10;&#9;&#9;&#9;&#9;&#9;&#9;for (WaterObjects o : game.map.water_objects) {&#10;&#9;&#9;&#9;&#9;&#9;&#9;&#9;if (o.checkClickRange(x, y)) {&#10;&#9;&#9;&#9;&#9;&#9;&#9;&#9;&#9;if (currently_clicked != null)&#10;&#9;&#9;&#9;&#9;&#9;&#9;&#9;&#9;&#9;currently_clicked.is_clicked = false;&#10;&#9;&#9;&#9;&#9;&#9;&#9;&#9;&#9;currently_clicked = o;&#10;&#9;&#9;&#9;&#9;&#9;&#9;&#9;&#9;o.is_clicked = true;&#10;&#9;&#9;&#9;&#9;&#9;&#9;&#9;&#9;break;&#10;&#9;&#9;&#9;&#9;&#9;&#9;&#9;}&#10;&#9;&#9;&#9;&#9;&#9;&#9;}&#10;&#9;&#9;&#9;&#9;&#9;&#9;for (Buffer b : game.map.buffers) {&#10;&#9;&#9;&#9;&#9;&#9;&#9;&#9;if (b.checkIfInBuffer(x, y)) {&#10;&#9;&#9;&#9;&#9;&#9;&#9;&#9;&#9;System.out.println(&quot;buffer&quot;);&#10;&#9;&#9;&#9;&#9;&#9;&#9;&#9;&#9;if (buffer_clicked != null)&#10;&#9;&#9;&#9;&#9;&#9;&#9;&#9;&#9;&#9;buffer_clicked.is_clicked = false;&#10;&#9;&#9;&#9;&#9;&#9;&#9;&#9;&#9;buffer_clicked = b;&#10;&#9;&#9;&#9;&#9;&#9;&#9;&#9;&#9;b.is_clicked = true;&#10;&#9;&#9;&#9;&#9;&#9;&#9;&#9;&#9;break;&#10;&#9;&#9;&#9;&#9;&#9;&#9;&#9;}&#10;&#9;&#9;&#9;&#9;&#9;&#9;}&#10;&#9;&#9;&#9;&#9;&#9;}&#10;&#9;&#9;&#9;&#9;}&#10;&#9;&#9;&#9;}&#10;&#9;&#9;} else if (game.home_screen) {&#10;&#9;&#9;&#9;if (x &gt;= 0.38 &amp;&amp; x &lt;= 0.54 &amp;&amp; y &gt;= 0.86 &amp;&amp; y &lt;= 0.91) {&#10;&#9;&#9;&#9;&#9;game.home_screen = false;&#10;&#9;&#9;&#9;&#9;game.intro_screen = true;&#10;&#9;&#9;&#9;} else if (x &gt;= 0.72 &amp;&amp; x &lt;= 0.95 &amp;&amp; y &gt;= 0.90 &amp;&amp; y &lt;= 0.96) {&#10;&#9;&#9;&#9;&#9;game.home_screen = false;&#10;&#9;&#9;&#9;&#9;game.high_score_screen = true;&#10;&#9;&#9;&#9;&#9;game.draw_game.repaint();&#10;&#9;&#9;&#9;}&#10;&#9;&#9;&#9;else if (x &gt;= 0.067 &amp;&amp; x &lt;= 0.279 &amp;&amp; y &gt;= 0.91 &amp;&amp; y &lt;= 0.96) {&#10;&#9;&#9;&#9;&#9;GUIInput gui = new GUIInput(game,false);&#10;&#9;&#9;&#9;&#9;gui.createAndShowGUI();&#10;&#9;&#9;&#9;&#9;game.draw_game.repaint();&#10;&#9;&#9;&#9;}&#10;&#9;&#9;} else if (game.high_score_screen) {&#10;&#9;&#9;&#9;if (x &gt;= 0.06 &amp;&amp; x &lt;= 0.19 &amp;&amp; y &gt;= 0.73 &amp;&amp; y &lt;= 0.82) {&#10;&#9;&#9;&#9;&#9;game.reset();&#10;&#9;&#9;&#9;&#9;game.draw_game.repaint();&#10;&#9;&#9;&#9;}&#10;&#9;&#9;}&#10;&#9;&#9;else if (game.intro_screen){&#10;&#9;&#9;&#9;if (x &gt;= 0.42 &amp;&amp; x &lt;= 0.57 &amp;&amp; y &gt;= 0.5 &amp;&amp; y &lt;= 0.65){&#10;&#9;&#9;&#9;&#9;game.code_screen =false;&#10;&#9;&#9;&#9;&#9;game.intro_screen=false;&#10;&#9;&#9;&#9;&#9;game.game_screen=true;&#10;&#9;&#9;&#9;&#9;game.pause_or_unpause();&#10;&#9;&#9;&#9;}&#10;&#9;&#9;}&#10;&#9;}&#10;&#10;&#9;@Override&#10;&#9;/**&#10;&#9; * Mason&#10;&#9; * This method is to allow the user to drag the water object to it's respective bin. If the&#10;&#9; * mouse is released over the correct bin, the user gains points and the object disappears.&#10;&#9; * If the mouse is released any place other than the right bin, the object will return to it's&#10;&#9; * previous position. Uses above method as framework.&#10;&#9; */&#10;&#9;public void mouseReleased(MouseEvent e) {&#10;&#9;&#9;double x = e.getX() / game.screen_width;&#10;&#9;&#9;double y = e.getY() / game.screen_height;&#10;&#9;&#9;if (currently_clicked != null) {&#10;&#9;&#9;&#9;if (currently_clicked.checkIfInBin(x, y)&#10;&#9;&#9;&#9;&#9;&#9;&amp;&amp; currently_clicked.is_alive) {&#10;&#9;&#9;&#9;&#9;currently_clicked.increment();&#10;&#9;&#9;&#9;&#9;game.map.items_removed++;&#10;&#9;&#9;&#9;&#9;currently_clicked.is_alive = false;&#10;&#9;&#9;&#9;&#9;currently_clicked.remove(true);&#10;&#9;&#9;&#9;&#9;currently_clicked.is_clicked = false;&#10;&#9;&#9;&#9;&#9;currently_clicked.setPos(x - 0.02, y - 0.02);&#10;&#9;&#9;&#9;&#9;currently_clicked = null;&#10;&#9;&#9;&#9;} else {&#10;&#9;&#9;&#9;&#9;currently_clicked.is_clicked = false;&#10;&#9;&#9;&#9;&#9;currently_clicked = null;&#10;&#9;&#9;&#9;}&#10;&#9;&#9;&#9;return;&#10;&#9;&#9;} else if (buffer_clicked != null) {&#10;&#9;&#9;&#9;for (RiverBank r : game.map.river_banks) {&#10;&#9;&#9;&#9;&#9;if (r.checkIfInBank(x, y) &gt; -1) {&#10;&#9;&#9;&#9;&#9;&#9;System.out.println(&quot;in bank&quot;);&#10;&#9;&#9;&#9;&#9;&#9;Position p = r.checkCoordinates(x, y);&#10;&#9;&#9;&#9;&#9;&#9;r.addBuffer(buffer_clicked, (int)p.getXPos(), (int)p.getYPos());&#10;&#9;&#9;&#9;&#9;&#9;buffer_clicked.bank = r;&#10;&#9;&#9;&#9;&#9;&#9;game.map.buffers.remove(0);&#10;&#9;&#9;&#9;&#9;&#9;buffer_clicked.is_clicked = false;&#10;&#9;&#9;&#9;&#9;&#9;buffer_clicked.deployBuffer();&#10;&#9;&#9;&#9;&#9;&#9;buffer_clicked = null;&#10;&#9;&#9;&#9;&#9;&#9;return;&#10;&#9;&#9;&#9;&#9;}&#10;&#10;&#9;&#9;&#9;}&#10;&#9;&#9;&#9;buffer_clicked.is_clicked = false;&#10;&#9;&#9;&#9;buffer_clicked = null;&#10;&#9;&#9;&#9;return;&#10;&#9;&#9;}&#10;&#10;&#9;}&#10;}&#10;" Filename="InputHandler.java" Intrnl_Id="20"/>
<SrcFile Content="package group2.game;&#10;&#10;import java.io.BufferedReader;&#10;import java.io.BufferedWriter;&#10;import java.io.File;&#10;import java.io.FileNotFoundException;&#10;import java.io.FileReader;&#10;import java.io.FileWriter;&#10;import java.io.IOException;&#10;import java.io.Writer;&#10;import java.util.ArrayList;&#10;&#10;public class HighScoreList {&#10;&#10;&#9;// where the game can find the score data&#10;&#9;static ArrayList&lt;ScoreData&gt; scores;&#10;&#10;&#9;// puts core into score list in order and then calls the write function to&#10;&#9;// save the scores.&#10;&#9;public static void addScore(ScoreData new_data) {&#10;&#9;&#9;int rank = 0;&#10;&#9;&#9;getScores();&#10;&#10;&#9;&#9;// no scores in list add to front&#10;&#9;&#9;if (scores.size() == 0) {&#10;&#9;&#9;&#9;new_data.rank = 0;&#10;&#9;&#9;&#9;scores.add(new_data);&#10;&#9;&#9;&#9;writeScore();&#10;&#9;&#9;&#9;return;&#10;&#10;&#9;&#9;}&#10;&#9;&#9;// else add to correct spot;&#10;&#9;&#9;else {&#10;&#9;&#9;&#9;for (ScoreData score : scores) {&#10;&#9;&#9;&#9;&#9;if (new_data.score &gt;= score.score) {&#10;&#9;&#9;&#9;&#9;&#9;score.rank = rank;&#10;&#9;&#9;&#9;&#9;&#9;scores.add(rank, new_data);&#10;&#9;&#9;&#9;&#9;&#9;writeScore();&#10;&#9;&#9;&#9;&#9;&#9;return;&#10;&#9;&#9;&#9;&#9;} else {&#10;&#9;&#9;&#9;&#9;&#9;rank++;&#10;&#9;&#9;&#9;&#9;}&#10;&#9;&#9;&#9;}&#10;&#10;&#9;&#9;&#9;// add to end if lowest score;&#10;&#9;&#9;&#9;new_data.rank = rank;&#10;&#9;&#9;&#9;scores.add(new_data);&#10;&#9;&#9;&#9;writeScore();&#10;&#9;&#9;}&#10;&#9;}&#10;&#10;&#9;public static ArrayList&lt;ScoreData&gt; getScores() {&#10;&#9;&#9;scores = new ArrayList&lt;ScoreData&gt;();&#10;&#9;&#9;File file = new File(&quot;src/group2/game/ScoreList.txt&quot;); // file name&#10;&#9;&#9;StringBuilder contents = new StringBuilder();&#10;&#9;&#9;BufferedReader reader = null;&#10;&#10;&#9;&#9;try {&#10;&#9;&#9;&#9;reader = new BufferedReader(new FileReader(file));&#10;&#9;&#9;&#9;String text = null;&#10;&#10;&#9;&#9;&#9;// make a new score data from each line and insert it into&#10;&#9;&#9;&#9;// the arrylist, repeat until all lines all lines are read&#10;&#9;&#9;&#9;while ((text = reader.readLine()) != null) {&#10;&#9;&#9;&#9;&#9;String str[] = text.split(&quot;,&quot;);&#10;&#9;&#9;&#9;&#9;ScoreData d = new ScoreData(str[0], Double.parseDouble(str[1]),&#10;&#9;&#9;&#9;&#9;&#9;&#9;str[2]);&#10;&#9;&#9;&#9;&#9;d.rank = Integer.parseInt(str[3]);&#10;&#9;&#9;&#9;&#9;scores.add(d);&#10;&#9;&#9;&#9;&#9;contents.append(text).append(&#10;&#9;&#9;&#9;&#9;&#9;&#9;System.getProperty(&quot;line.separator&quot;));&#10;&#10;&#9;&#9;&#9;}&#10;&#9;&#9;} catch (IOException e) {&#10;&#9;&#9;&#9;e.printStackTrace();&#10;&#9;&#9;} finally {&#10;&#9;&#9;&#9;try {&#10;&#9;&#9;&#9;&#9;if (reader != null) {&#10;&#9;&#9;&#9;&#9;&#9;reader.close();&#10;&#9;&#9;&#9;&#9;}&#10;&#9;&#9;&#9;} catch (IOException e) {&#10;&#9;&#9;&#9;&#9;e.printStackTrace();&#10;&#9;&#9;&#9;}&#10;&#9;&#9;}&#10;&#10;&#9;&#9;return scores;&#10;&#9;}&#10;&#10;&#9;private static void writeScore() {&#10;&#10;&#9;&#9;Writer writer = null;&#10;&#10;&#9;&#9;try {&#10;&#9;&#9;&#9;// clears list for rewrite&#10;&#9;&#9;&#9;File file_old = new File(&quot;src/group2/game/ScoreList.txt&quot;);&#10;&#9;&#9;&#9;file_old.delete();&#10;&#10;&#9;&#9;&#9;File file = new File(&quot;src/group2/game/ScoreList.txt&quot;);&#10;&#9;&#9;&#9;writer = new BufferedWriter(new FileWriter(file));&#10;&#10;&#9;&#9;&#9;// for all the scores in the high score list&#10;&#9;&#9;&#9;int rank = 0;&#10;&#9;&#9;&#9;for (ScoreData score : scores) {&#10;&#9;&#9;&#9;&#9;String text = score.toString() + &quot;,&quot; + rank;&#10;&#9;&#9;&#9;&#9;; // append the rank&#10;&#9;&#9;&#9;&#9;writer.write(text); // write the scoredata separated by commas&#10;&#9;&#9;&#9;&#9;writer.write(&quot;\r\n&quot;); // new line&#10;&#9;&#9;&#9;&#9;rank++;&#10;&#9;&#9;&#9;}&#10;&#10;&#9;&#9;} catch (FileNotFoundException e) {&#10;&#9;&#9;&#9;e.printStackTrace();&#10;&#9;&#9;} catch (IOException e) {&#10;&#9;&#9;&#9;e.printStackTrace();&#10;&#9;&#9;} finally {&#10;&#9;&#9;&#9;try {&#10;&#9;&#9;&#9;&#9;if (writer != null) {&#10;&#9;&#9;&#9;&#9;&#9;writer.close();&#10;&#9;&#9;&#9;&#9;}&#10;&#9;&#9;&#9;} catch (IOException e) {&#10;&#9;&#9;&#9;&#9;e.printStackTrace();&#10;&#9;&#9;&#9;}&#10;&#9;&#9;}&#10;&#9;}&#10;&#10;}&#10;" Filename="HighScoreList.java" Intrnl_Id="21"/>
<SrcFile Content="package group2.game;&#10;&#10;import java.awt.Color;&#10;import java.awt.GridBagConstraints;&#10;import java.awt.event.ActionEvent;&#10;import java.awt.event.ActionListener;&#10;import java.util.Date;&#10;&#10;import javax.swing.JFrame;&#10;import javax.swing.JPanel;&#10;import javax.swing.JTextField;&#10;import javax.swing.WindowConstants;&#10;&#10;public class GUIInput extends JPanel implements ActionListener {&#10;&#9;/**&#10;&#9; * &#10;&#9; */&#10;&#9;private static final long serialVersionUID = 1L;&#10;&#9;JTextField textField;&#10;&#9;public static JFrame frame;&#10;&#9;Boolean score;&#10;&#10;&#9;RapidRunoffGame game;&#10;&#10;&#9;public GUIInput(RapidRunoffGame g, Boolean score) {&#10;&#9;&#9;super();&#10;&#9;&#9;this.game = g;&#10;&#9;&#9;this.score = score;&#10;&#9;&#9;frame = new JFrame(determineTitle(score));&#10;&#9;&#9;textField = new JTextField(20);&#10;&#9;&#9;textField.addActionListener(this);&#10;&#10;&#9;&#9;// Add Components to this panel.&#10;&#9;&#9;GridBagConstraints c = new GridBagConstraints();&#10;&#9;&#9;c.gridwidth = GridBagConstraints.REMAINDER;&#10;&#10;&#9;&#9;c.fill = GridBagConstraints.HORIZONTAL;&#10;&#9;&#9;add(textField, c);&#10;&#10;&#9;&#9;c.fill = GridBagConstraints.BOTH;&#10;&#9;&#9;c.weightx = 1.0;&#10;&#9;&#9;c.weighty = 1.0;&#10;&#10;&#9;}&#10;&#10;&#9;@Override&#10;&#9;public void actionPerformed(ActionEvent evt) {&#10;&#10;&#9;&#9;String text = textField.getText();&#10;&#9;&#9;// textArea.append(text + newline);&#10;&#9;&#9;if(score){&#10;&#9;&#9;ScoreData pd = new ScoreData(text, game.player.player_score.game_score,&#10;&#9;&#9;&#9;&#9;new Date().toString().substring(4, 11));&#10;&#9;&#9;game.player.player_data = pd;&#10;&#9;&#9;pd.addDataToList();&#10;&#9;&#9;}&#10;&#9;&#9;else{&#10;&#9;&#9;&#9;//call stefans function if true mason&#10;&#9;&#9;&#9;if(ReadCodes.checkCode(text)){&#10;&#9;&#9;&#9;&#9;game.arcademode = true;&#10;&#9;&#9;&#9;&#9;&#10;&#9;&#9;&#9;&#9; game.valid_code = true;&#10;&#9;&#9;&#9;&#9; game.draw_game.repaint();&#10;&#9;&#9;&#9;&#9;&#10;&#9;&#9;&#9;}&#10;&#9;&#9;&#9;else{&#10;&#9;&#9;&#9;&#9;game.valid_code = false;&#10;&#9;&#9;&#9;&#9;game.draw_game.repaint();&#10;&#9;&#9;&#9;&#9;&#10;&#9;&#9;&#9;}&#10;&#9;&#9;&#9; game.code_screen = true;&#10;&#9;&#9;&#9; game.draw_game.repaint();&#10;&#9;&#9;&#9;&#10;&#9;&#9;&#9;&#10;&#9;&#9;}&#10;&#10;&#9;&#9;frame.dispose();&#10;&#10;&#9;}&#10;&#10;&#9;/**&#10;&#9; * Create the GUI and show it. For thread safety, this method should be&#10;&#9; * invoked from the event dispatch thread.&#10;&#9; */&#10;&#9;public Boolean createAndShowGUI() {&#10;&#9;&#9;// Create and set up the window.&#10;&#10;&#9;&#9;frame.setBackground(Color.GRAY);&#10;&#9;&#9;// frame.setLocation((int)(game.screen_width*.25),(int)(game.screen_height*.25));&#10;&#9;&#9;frame.setDefaultCloseOperation(WindowConstants.DISPOSE_ON_CLOSE);&#10;&#9;&#9;frame.setAlwaysOnTop(true);&#10;&#10;&#9;&#9;if(score){&#10;&#9;&#9;frame.setBounds((int) (game.screen_width * .55),&#10;&#9;&#9;&#9;&#9;(int) (game.screen_height * .4),&#10;&#9;&#9;&#9;&#9;(int) (game.screen_width * .5), (int) (game.screen_height * .5));&#10;&#9;&#9;}&#10;&#9;&#9;else{&#10;&#9;&#9;&#9;frame.setBounds((int) (game.screen_width * .4),&#10;&#9;&#9;&#9;&#9;&#9;(int) (game.screen_height * .5),&#10;&#9;&#9;&#9;&#9;&#9;(int) (game.screen_width * .5), (int) (game.screen_height * .5));&#10;&#9;&#9;}&#10;&#10;&#9;&#9;// Add contents to the window.&#10;&#9;&#9;frame.add(this);&#10;&#10;&#9;&#9;// Display the window.&#10;&#9;&#9;frame.pack();&#10;&#9;&#9;frame.setAlwaysOnTop(true);&#10;&#9;&#9;frame.setVisible(true);&#10;&#9;&#9;return true;&#10;&#9;}&#10;&#9;&#10;&#9;public String determineTitle(Boolean score){&#10;&#9;&#9;if(score)&#10;&#9;&#9;&#9;return &quot;High Score! Enter Name&quot;;&#10;&#9;&#9;return &quot;Please Enter Unlock Code!&quot;;&#10;&#9;}&#10;&#10;}&#10;" Filename="GUIInput.java" Intrnl_Id="22"/>
<SrcFile Content="package group2.game;&#10;&#10;/**&#10; * Mary 4/4/13&#10; */&#10;public class Funnel extends PowerUp {&#10;&#10;&#9;Funnel(Position position) {&#10;&#9;&#9;super(position);&#10;&#10;&#9;&#9;text = &quot;FUNNEL&quot;;&#10;&#9;&#9;image = DrawGame.Funnel;&#10;&#9;&#9;effect_string1 = &quot;requiring citizens to crorectly despose of oil!&quot;;&#10;&#9;&#9;effect_string2 = &quot;Runoff should be free of oil for 10 seconds.&quot;;&#10;&#9;}&#10;&#10;}&#10;" Filename="Funnel.java" Intrnl_Id="23"/>
<SrcFile Content="package group2.game;&#10;&#10;import java.awt.Color;&#10;&#10;/**&#10; * Joe 4/2/13&#10; */&#10;public class Fertilizer extends WaterObjects {&#10;&#10;&#9;public Fertilizer(Position p, RapidRunoffGame g, int s) {&#10;&#9;&#9;super(p, g, s);&#10;&#9;&#9;this.color = Color.GREEN;&#10;&#9;&#9;this.bin = game.map.fert_menu.bin;&#10;&#9;&#9;image = DrawGame.FertImage;&#10;&#9;&#9;this.id = &quot;f&quot;;&#10;&#10;&#9;}&#10;&#10;&#9;@Override&#10;&#9;public void update() {&#10;&#9;&#9;super.update();&#10;&#10;&#9;&#9;if (position.getXPos() &gt; 1.0) {&#10;&#9;&#9;&#9;is_alive = false;&#10;&#9;&#9;&#9;remove(false);&#10;&#9;&#9;&#9;if(!addedtocount){&#10;&#9;&#9;&#9;&#9;game.player.player_score.incrementFertilizerLost();&#10;&#9;&#9;&#9;&#9;System.out.println(game.player.player_score.fertilizer_lost&#10;&#9;&#9;&#9;&#9;&#9;&#9;+ &quot; Fertilizer lost so far.&quot;);&#10;&#9;&#9;&#9;&#9;addedtocount = true;&#10;&#9;&#9;&#9;}&#10;&#9;&#9;}&#10;&#9;}&#10;&#10;&#9;public void increment() {&#10;&#9;&#9;game.player.player_score.incrementFertilizer();&#10;&#9;}&#10;}" Filename="Fertilizer.java" Intrnl_Id="24"/>
<SrcFile Content="package group2.game;&#10;&#10;public class Erosion extends RiverBankObjects{&#10;&#10;&#9;&#10;&#9;boolean eroding = true;&#10;&#9;long time = 10 * 60;&#10;&#9;int cur_image;&#10;&#9;int updates;&#10;&#9;boolean removePoints = false;&#10;&#9;boolean pointsRemoved = false;&#10;&#9;int erosion_feedback_updates=0;&#10;&#10;&#10;&#10;&#9;Erosion(RiverBank inputBank, Position inputPosition) {&#10;&#9;&#9;this.is_permanent = false;&#10;&#9;&#9;this.is_alive = true;&#10;&#9;&#9;this.ID = &quot;Erosion&quot;;&#10;&#9;&#9;this.bank = inputBank;&#10;&#9;&#9;this.position = inputPosition;&#10;&#9;&#9;System.out.println(&quot;erode at &quot; + position.getXPos() + &quot;,&quot; + position.getYPos());&#10;&#9;&#9;&#9;position.width = .06;&#10;&#9;&#9;&#9;position.height = .1;&#10;&#10;&#9;}&#10;&#9;&#10;&#9;public void update(){&#10;&#9;&#9;if(eroding){&#10;&#9;&#9;&#9;time--;&#10;&#9;&#9;}&#10;&#9;&#9;if(time &lt; 0 &amp;&amp; !pointsRemoved){&#10;&#9;&#9;&#9;is_permanent = true;&#10;&#9;&#9;&#9;removePoints=true;&#10;&#9;&#9;}&#10;&#9;&#9;updates++;&#10;&#9;&#9;if (updates%10==0)&#10;&#9;&#9;&#9;cur_image=(cur_image+1)%7;&#10;&#9;}&#10;&#9;&#10;&#10;}&#10;" Filename="Erosion.java" Intrnl_Id="25"/>
<SrcFile Content="package group2.game;&#10;&#10;/**&#10; * Joe&#10; * 4/3/13&#10; */&#10;&#10;import java.awt.BasicStroke;&#10;import java.awt.Color;&#10;import java.awt.Font;&#10;import java.awt.Graphics;&#10;import java.awt.Graphics2D;&#10;import java.awt.Image;&#10;import java.io.IOException;&#10;import java.util.ArrayList;&#10;&#10;import javax.imageio.ImageIO;&#10;import javax.swing.JPanel;&#10;&#10;public class DrawGame extends JPanel {&#10;&#10;&#9;private static final long serialVersionUID = 1L;&#10;&#10;&#9;RapidRunoffGame game;&#10;&#9;Quiz currQuiz;&#10;&#10;&#9;static public boolean first_fert = false;&#10;&#9;static public boolean first_oil = false;&#10;&#9;static public boolean first_erosion_temp = false;&#10;&#9;static public boolean first_erosion_per = false;&#10;&#9;static public boolean first_powerup = false;&#10;&#9;static public boolean first_quiz = false;&#10;&#9;&#10;&#9;public int erosion_updates=0;&#10;&#10;&#10;&#9;int bg_count = 0;&#10;&#9;ArrayList&lt;ScoreData&gt; Score_data = new ArrayList&lt;ScoreData&gt;();&#10;&#10;&#9;static Image[] background = new Image[3];&#10;&#9;static Image[] OilImage = new Image[3];&#10;&#9;static Image[] FertImage = new Image[3];&#10;&#9;static Image[] permanentErosion = new Image[7];&#10;&#10;&#10;&#9;static public Image background_start;&#10;&#9;static public Image high_score_screen;&#10;&#9;static public Image grass;&#10;&#9;static public Image skyline;&#10;&#9;static public Image Oil_Box;&#10;&#9;static public Image Fert_Box;&#10;&#9;static public Image Broom;&#10;&#9;static public Image Funnel;&#10;&#9;static public Image erosion;&#10;&#9;static public Image back_to_menu;&#10;&#9;static public Image cloudL;&#10;&#9;static public Image cloudCL;&#10;&#9;static public Image cloudCR;&#10;&#9;static public Image cloudCLS;&#10;&#9;static public Image cloudCRS;&#10;&#9;static public Image cloudR;&#10;&#9;static public Image city1;&#10;&#9;static public Image city2;&#10;&#9;static public Image raindrop;&#10;&#9;static public Image play;&#10;&#10;&#9;Font f1;&#10;&#9;Font f2;&#10;&#9;Font f3;&#10;&#9;Font f4;&#10;&#10;&#9;BasicStroke bs8 = new BasicStroke(8);&#10;&#9;BasicStroke bs6 = new BasicStroke(6);&#10;&#9;BasicStroke bs4 = new BasicStroke(4);&#10;&#9;BasicStroke bs3 = new BasicStroke(3);&#10;&#10;&#9;Color trans_grey = new Color(128, 128, 128, 200);&#10;&#9;Color clear = new Color(128, 128, 128, 0);&#10;&#10;&#9;DrawGame(RapidRunoffGame g) {&#10;&#9;&#9;this.game = g;&#10;&#10;&#9;&#9;try {&#10;&#9;&#9;&#9;OilImage[0] = ImageIO.read(Oil.class&#10;&#9;&#9;&#9;&#9;&#9;.getResourceAsStream(&quot;Oil_Blob.png&quot;));&#10;&#9;&#9;&#9;OilImage[1] = ImageIO.read(Oil.class&#10;&#9;&#9;&#9;&#9;&#9;.getResourceAsStream(&quot;Oil_Blob_02.png&quot;));&#10;&#9;&#9;&#9;OilImage[2] = ImageIO.read(Oil.class&#10;&#9;&#9;&#9;&#9;&#9;.getResourceAsStream(&quot;Oil_Blob_03.png&quot;));&#10;&#9;&#9;&#9;FertImage[0] = ImageIO.read(Fertilizer.class&#10;&#9;&#9;&#9;&#9;&#9;.getResourceAsStream(&quot;Fertilizer_01.png&quot;));&#10;&#9;&#9;&#9;FertImage[2] = ImageIO.read(Fertilizer.class&#10;&#9;&#9;&#9;&#9;&#9;.getResourceAsStream(&quot;Fertilizer_02.png&quot;));&#10;&#9;&#9;&#9;FertImage[1] = ImageIO.read(Fertilizer.class&#10;&#9;&#9;&#9;&#9;&#9;.getResourceAsStream(&quot;Fertilizer_03.png&quot;));&#10;&#9;&#9;&#9;background[2] = ImageIO.read(DrawGame.class&#10;&#9;&#9;&#9;&#9;&#9;.getResourceAsStream(&quot;Background_01.png&quot;));&#10;&#9;&#9;&#9;background[1] = ImageIO.read(DrawGame.class&#10;&#9;&#9;&#9;&#9;&#9;.getResourceAsStream(&quot;Background_03.png&quot;));&#10;&#9;&#9;&#9;background[0] = ImageIO.read(DrawGame.class&#10;&#9;&#9;&#9;&#9;&#9;.getResourceAsStream(&quot;Background_05.png&quot;));&#10;&#9;&#9;&#9;background_start = ImageIO.read(DrawGame.class&#10;&#9;&#9;&#9;&#9;&#9;.getResourceAsStream(&quot;home_screen.png&quot;));&#10;&#9;&#9;&#9;permanentErosion[0] = ImageIO.read(DrawGame.class&#10;&#9;&#9;&#9;&#9;&#9;.getResourceAsStream(&quot;Wave0001.png&quot;));&#10;&#9;&#9;&#9;permanentErosion[1] = ImageIO.read(DrawGame.class&#10;&#9;&#9;&#9;&#9;&#9;.getResourceAsStream(&quot;Wave0002.png&quot;));&#10;&#9;&#9;&#9;permanentErosion[2] = ImageIO.read(DrawGame.class&#10;&#9;&#9;&#9;&#9;&#9;.getResourceAsStream(&quot;Wave0003.png&quot;));&#10;&#9;&#9;&#9;permanentErosion[3] = ImageIO.read(DrawGame.class&#10;&#9;&#9;&#9;&#9;&#9;.getResourceAsStream(&quot;Wave0004.png&quot;));&#10;&#9;&#9;&#9;permanentErosion[4] = ImageIO.read(DrawGame.class&#10;&#9;&#9;&#9;&#9;&#9;.getResourceAsStream(&quot;Wave0005.png&quot;));&#10;&#9;&#9;&#9;permanentErosion[5] = ImageIO.read(DrawGame.class&#10;&#9;&#9;&#9;&#9;&#9;.getResourceAsStream(&quot;Wave0006.png&quot;));&#10;&#9;&#9;&#9;permanentErosion[6] = ImageIO.read(DrawGame.class&#10;&#9;&#9;&#9;&#9;&#9;.getResourceAsStream(&quot;Wave0007.png&quot;));&#10;&#9;&#9;&#9;high_score_screen = ImageIO.read(DrawGame.class&#10;&#9;&#9;&#9;&#9;&#9;.getResourceAsStream(&quot;high_score_screen.png&quot;));&#10;&#9;&#9;&#9;grass = ImageIO.read(DrawGame.class&#10;&#9;&#9;&#9;&#9;&#9;.getResourceAsStream(&quot;Switchgrass.png&quot;));&#10;&#9;&#9;&#9;skyline = ImageIO.read(DrawGame.class&#10;&#9;&#9;&#9;&#9;&#9;.getResourceAsStream(&quot;skyline.png&quot;));&#10;&#9;&#9;&#9;Fert_Box = ImageIO.read(Oil.class&#10;&#9;&#9;&#9;&#9;&#9;.getResourceAsStream(&quot;Fertilizer Box.png&quot;));&#10;&#9;&#9;&#9;Oil_Box = ImageIO&#10;&#9;&#9;&#9;&#9;&#9;.read(Oil.class.getResourceAsStream(&quot;Oil_Box.png&quot;));&#10;&#9;&#9;&#9;Broom = ImageIO.read(Oil.class.getResourceAsStream(&quot;Broom.png&quot;));&#10;&#9;&#9;&#9;Funnel = ImageIO.read(Oil.class.getResourceAsStream(&quot;Funnel.png&quot;));&#10;&#9;&#9;&#9;//permanentErosion = ImageIO.read(DrawGame.class&#10;&#9;&#9;&#9;//&#9;&#9;.getResourceAsStream(&quot;water.png&quot;));&#10;&#9;&#9;&#9;erosion = ImageIO.read(DrawGame.class&#10;&#9;&#9;&#9;&#9;&#9;.getResourceAsStream(&quot;compost.png&quot;));&#10;&#9;&#9;&#9;back_to_menu = ImageIO.read(DrawGame.class&#10;&#9;&#9;&#9;&#9;&#9;.getResourceAsStream(&quot;BacktoMenu.png&quot;));&#10;&#9;&#9;&#9;city1 = ImageIO.read(City.class&#10;&#9;&#9;&#9;&#9;&#9;.getResourceAsStream(&quot;CityScape_02.png&quot;));&#10;&#9;&#9;&#9;city2 = ImageIO.read(City.class&#10;&#9;&#9;&#9;&#9;&#9;.getResourceAsStream(&quot;CityScape.png&quot;));&#10;&#9;&#9;&#9;cloudL = ImageIO.read(Oil.class&#10;&#9;&#9;&#9;&#9;&#9;.getResourceAsStream(&quot;Storm_Cloud_02.png&quot;));&#10;&#9;&#9;&#9;;&#10;&#9;&#9;&#9;cloudR = ImageIO.read(Oil.class&#10;&#9;&#9;&#9;&#9;&#9;.getResourceAsStream(&quot;Storm_Cloud_01.png&quot;));&#10;&#9;&#9;&#9;;&#10;&#9;&#9;&#9;cloudCL = ImageIO.read(City.class&#10;&#9;&#9;&#9;&#9;&#9;.getResourceAsStream(&quot;Storm_Cloud_Lightning_02_S.png&quot;));&#10;&#9;&#9;&#9;cloudCR = ImageIO.read(City.class&#10;&#9;&#9;&#9;&#9;&#9;.getResourceAsStream(&quot;Storm_Cloud_Lightning_S.png&quot;));&#10;&#9;&#9;&#9;cloudCLS = ImageIO.read(City.class&#10;&#9;&#9;&#9;&#9;&#9;.getResourceAsStream(&quot;Storm_Cloud_Lightning_02.png&quot;));&#10;&#9;&#9;&#9;cloudCRS = ImageIO.read(City.class&#10;&#9;&#9;&#9;&#9;&#9;.getResourceAsStream(&quot;Storm_Cloud_Lightning.png&quot;));&#10;&#9;&#9;&#9;raindrop = ImageIO.read(City.class&#10;&#9;&#9;&#9;&#9;&#9;.getResourceAsStream(&quot;Raindrop_cartoon1.png&quot;));&#10;&#9;&#9;&#9;play = ImageIO.read(DrawGame.class&#10;&#9;&#9;&#9;&#9;&#9;.getResourceAsStream(&quot;play.png&quot;));&#10;&#10;&#9;&#9;} catch (IOException e) {&#10;&#9;&#9;&#9;e.printStackTrace();&#10;&#9;&#9;}&#10;&#10;&#9;&#9;// load some score data&#10;&#9;&#9;for (int i = 0; i &lt; 10; i++) {&#10;&#9;&#9;&#9;try {&#10;&#9;&#9;&#9;&#9;this.Score_data.add(HighScoreList.getScores().get(i));&#10;&#9;&#9;&#9;} catch (Exception e) {&#10;&#9;&#9;&#9;&#9;System.out.println(&quot;not 10 scores&quot;);&#10;&#9;&#9;&#9;}&#10;&#9;&#9;}&#10;&#10;&#9;&#9;f1 = new Font(&quot;serif&quot;, Font.BOLD, (int) game.screen_height / 60&#10;&#9;&#9;&#9;&#9;+ (int) game.screen_width / 75);&#10;&#9;&#9;f2 = new Font(&quot;serif&quot;, Font.BOLD, (int) game.screen_height / 125&#10;&#9;&#9;&#9;&#9;+ (int) game.screen_width / 125);&#10;&#9;&#9;f3 = new Font(&quot;serif&quot;, Font.BOLD, (int) game.screen_height / 80&#10;&#9;&#9;&#9;&#9;+ (int) game.screen_width / 125);&#10;&#9;&#9;f4 = new Font(&quot;serif&quot;, Font.BOLD, (int) game.screen_height / 65&#10;&#9;&#9;&#9;&#9;+ (int) game.screen_width / 125);&#10;&#10;&#9;}&#10;&#10;&#9;// the paint component where objects are drawn&#10;&#9;@Override&#10;&#9;public void paintComponent(Graphics g) {&#10;&#9;&#9;super.paintComponent(g);&#10;&#10;&#9;&#9;Graphics2D g2d = (Graphics2D) g;&#10;&#9;&#9;&#10;&#9;&#9;// if arcade mode is unlocked!&#10;&#9;&#9;&#10;&#10;&#9;&#9;if (game.home_screen) { // True if we haven't started playing the game&#10;&#9;&#9;&#9;g.drawImage(background_start, 0, 0, (int) game.screen_width,&#10;&#9;&#9;&#9;&#9;&#9;(int) (.98 * game.screen_height), null);&#10;&#9;&#9;&#9;if(game.code_screen){&#10;&#9;&#9;&#9;&#9;g.setColor(Color.BLACK);&#10;&#9;&#9;&#9;&#9;g.setFont(f1);&#10;&#9;&#9;&#9;&#9;if(game.valid_code){&#10;&#9;&#9;&#9;&#9;&#9;g.drawString(&quot;Arcade Mode Unlocked!&quot;, (int)(.37*game.screen_width), (int)(.95*game.screen_height));&#10;&#9;&#9;&#9;&#9;}&#10;&#9;&#9;&#9;&#9;else{&#10;&#9;&#9;&#9;&#9;&#9;g.drawString(&quot;Invalid Code!&quot;, (int)(.42*game.screen_width), (int)(.95*game.screen_height));&#10;&#9;&#9;&#9;&#9;}&#10;&#9;&#9;&#9;&#9;&#10;&#9;&#9;&#9;}&#10;&#9;&#9;}&#10;&#10;&#9;&#9;else if (game.high_score_screen) {&#10;&#9;&#9;&#9;g.drawImage(high_score_screen, 0, 0, (int) game.screen_width,&#10;&#9;&#9;&#9;&#9;&#9;(int) (.98 * game.screen_height), null);&#10;&#9;&#9;&#9;g.setColor(trans_grey);&#10;&#9;&#9;&#9;g.fillRect((int) (0.35 * game.screen_width),&#10;&#9;&#9;&#9;&#9;&#9;(int) (0.15 * game.screen_height),&#10;&#9;&#9;&#9;&#9;&#9;(int) (0.3 * game.screen_width),&#10;&#9;&#9;&#9;&#9;&#9;(int) (0.7 * game.screen_height));&#10;&#10;&#9;&#9;&#9;g.setColor(Color.BLACK);&#10;&#9;&#9;&#9;g2d.setStroke(bs6);&#10;&#9;&#9;&#9;g.setFont(f1);&#10;&#10;&#9;&#9;&#9;g.drawString(&quot;HighScores&quot;, (int) (0.45 * game.screen_width),&#10;&#9;&#9;&#9;&#9;&#9;(int) (0.20 * game.screen_height));&#10;&#10;&#9;&#9;&#9;g.setFont(f4);&#10;&#10;&#9;&#9;&#9;// rank&#10;&#9;&#9;&#9;double h = 0.25;&#10;&#9;&#9;&#9;for (int i = 0; i &lt; Score_data.size(); i++) {&#10;&#9;&#9;&#9;&#9;g.drawString(Score_data.get(i).display()[0],&#10;&#9;&#9;&#9;&#9;&#9;&#9;(int) (0.36 * game.screen_width),&#10;&#9;&#9;&#9;&#9;&#9;&#9;(int) (h * game.screen_height));&#10;&#9;&#9;&#9;&#9;h = h + 0.05;&#10;&#9;&#9;&#9;}&#10;&#10;&#9;&#9;&#9;// name&#10;&#9;&#9;&#9;h = 0.25;&#10;&#9;&#9;&#9;for (int i = 0; i &lt; Score_data.size(); i++) {&#10;&#9;&#9;&#9;&#9;g.drawString(Score_data.get(i).display()[1],&#10;&#9;&#9;&#9;&#9;&#9;&#9;(int) (0.39 * game.screen_width),&#10;&#9;&#9;&#9;&#9;&#9;&#9;(int) (h * game.screen_height));&#10;&#9;&#9;&#9;&#9;h = h + 0.05;&#10;&#9;&#9;&#9;}&#10;&#10;&#9;&#9;&#9;// score&#10;&#9;&#9;&#9;h = 0.25;&#10;&#9;&#9;&#9;for (int i = 0; i &lt; Score_data.size(); i++) {&#10;&#9;&#9;&#9;&#9;g.drawString(Score_data.get(i).display()[2],&#10;&#9;&#9;&#9;&#9;&#9;&#9;(int) (0.47 * game.screen_width),&#10;&#9;&#9;&#9;&#9;&#9;&#9;(int) (h * game.screen_height));&#10;&#9;&#9;&#9;&#9;h = h + 0.05;&#10;&#9;&#9;&#9;}&#10;&#10;&#9;&#9;&#9;// date&#10;&#9;&#9;&#9;h = 0.25;&#10;&#9;&#9;&#9;for (int i = 0; i &lt; Score_data.size(); i++) {&#10;&#9;&#9;&#9;&#9;g.drawString(Score_data.get(i).display()[3],&#10;&#9;&#9;&#9;&#9;&#9;&#9;(int) (0.55 * game.screen_width),&#10;&#9;&#9;&#9;&#9;&#9;&#9;(int) (h * game.screen_height));&#10;&#9;&#9;&#9;&#9;h = h + 0.05;&#10;&#9;&#9;&#9;}&#10;&#10;&#9;&#9;}&#10;&#9;&#9;else if (game.intro_screen){&#10;&#9;&#9;&#9;// set some color thickness and fonts&#10;&#9;&#9;&#9;g.setColor(Color.BLUE);&#10;&#9;&#9;&#9;g2d.setStroke(bs6);&#10;&#9;&#9;&#9;g.setFont(f1);&#10;&#10;&#9;&#9;&#9;// draw skyline&#10;&#9;&#9;&#9;g.drawImage(skyline, 0, 0, (int) game.screen_width,&#10;&#9;&#9;&#9;&#9;&#9;(int) (0.25 * game.screen_height), null);&#10;&#10;&#10;&#9;&#9;&#9;// DRAW CITY -B&#10;&#9;&#9;&#9;g.drawImage(city1,&#10;&#9;&#9;&#9;&#9;&#9;&#9;&#9;&#9;(int) (.4 * game.screen_width),&#10;&#9;&#9;&#9;&#9;&#9;&#9;&#9;&#9;(int) (.05 * game.screen_height),&#10;&#9;&#9;&#9;&#9;&#9;&#9;&#9;&#9;(int) (0.17 * game.screen_width),&#10;&#9;&#9;&#9;&#9;&#9;&#9;&#9;&#9;(int) (0.2 * game.screen_height), null);&#10;&#9;&#10;&#10;&#9;&#9;&#9;// draw background -B&#10;&#9;&#9;&#9;g.drawImage(background[bg_count], 0, 0, (int) game.screen_width,&#10;&#9;&#9;&#9;&#9;&#9;(int) game.screen_height, null);&#10;&#9;&#9;&#9;&#10;&#9;&#9;&#9;//draw screen&#10;&#9;&#9;&#9;g.setColor(Color.CYAN);&#10;&#9;&#9;&#9;g.drawRect((int) (game.screen_width * .17),&#10;&#9;&#9;&#9;&#9;&#9;(int) (game.screen_height * .2),&#10;&#9;&#9;&#9;&#9;&#9;(int) (game.screen_width * .65),&#10;&#9;&#9;&#9;&#9;&#9;(int) (game.screen_height * .5));&#10;&#9;&#9;&#9;Color myColor = new Color(0, 0, 0, 200);&#10;&#9;&#9;&#9;g.setColor(myColor);&#10;&#9;&#9;&#9;g.fillRect((int) (game.screen_width * .17),&#10;&#9;&#9;&#9;&#9;&#9;(int) (game.screen_height * .2),&#10;&#9;&#9;&#9;&#9;&#9;(int) (game.screen_width * .65),&#10;&#9;&#9;&#9;&#9;&#9;(int) (game.screen_height * .5));&#10;&#9;&#9;&#9;g.setColor(Color.GREEN);&#10;&#9;&#9;&#9;g.setFont(f3);&#10;&#9;&#9;&#9;g.drawString((&quot;A storm is about to hit the city!&quot;),&#10;&#9;&#9;&#9;&#9;&#9;(int) (.4 * game.screen_width),&#10;&#9;&#9;&#9;&#9;&#9;(int) (.24 * game.screen_height));&#10;&#9;&#9;&#9;g.drawString((&quot;Remove pollutants from the streams of runoff coming down the hill towards the river&quot;),&#10;&#9;&#9;&#9;&#9;&#9;(int) (.25 * game.screen_width),&#10;&#9;&#9;&#9;&#9;&#9;(int) (.3 * game.screen_height));&#10;&#9;&#9;&#9;g.drawImage(play, (int)(game.screen_width*.42), &#10;&#9;&#9;&#9;&#9;&#9;(int) (game.screen_height * .5),&#10;&#9;&#9;&#9;&#9;&#9;(int) (game.screen_width * .15),&#10;&#9;&#9;&#9;&#9;&#9;(int) (game.screen_height * .15), null);&#10;&#9;&#9;}&#10;&#9;&#9;else if (game.game_screen) { // True if we are currently playing the&#10;&#10;&#9;&#9;&#9;// set some color thickness and fonts&#10;&#9;&#9;&#9;g.setColor(Color.BLUE);&#10;&#9;&#9;&#9;g2d.setStroke(bs6);&#10;&#9;&#9;&#9;g.setFont(f1);&#10;&#10;&#9;&#9;&#9;// draw skyline&#10;&#9;&#9;&#9;g.drawImage(skyline, 0, 0, (int) game.screen_width,&#10;&#9;&#9;&#9;&#9;&#9;(int) (0.25 * game.screen_height), null);&#10;&#10;&#9;&#9;&#9;// draw Clouds -B&#10;&#9;&#9;&#9;for (int i = 0; i &lt; game.map.city.clouds[0].length; i++) {&#10;&#9;&#9;&#9;&#9;if (game.game_time &gt; 0) {&#10;&#9;&#9;&#9;&#9;&#9;if (game.map.city.clouds[0][i] != null) {&#10;&#9;&#9;&#9;&#9;&#9;&#9;g.drawImage(game.map.city.clouds[0][i],&#10;&#9;&#9;&#9;&#9;&#9;&#9;&#9;&#9;(int) ((i * 0.05 + 0.22) * game.screen_width),&#10;&#9;&#9;&#9;&#9;&#9;&#9;&#9;&#9;0, (int) (0.12 * game.screen_width),&#10;&#9;&#9;&#9;&#9;&#9;&#9;&#9;&#9;(int) (0.12 * game.screen_height), null);&#10;&#9;&#9;&#9;&#9;&#9;}&#10;&#9;&#9;&#9;&#9;}&#10;&#9;&#9;&#9;}&#10;&#10;&#9;&#9;&#9;// DRAW CITY -B&#10;&#9;&#9;&#9;for (int i = 0; i &lt; game.map.city.buildings.length; i++) {&#10;&#9;&#9;&#9;&#9;if (game.game_time &gt; 0) {&#10;&#9;&#9;&#9;&#9;&#9;if (game.map.city.buildings[i] != null) {&#10;&#9;&#9;&#9;&#9;&#9;&#9;g.drawImage(game.map.city.buildings[i],&#10;&#9;&#9;&#9;&#9;&#9;&#9;&#9;&#9;(int) ((i * 0.07 + 0.21) * game.screen_width),&#10;&#9;&#9;&#9;&#9;&#9;&#9;&#9;&#9;(int) (.05 * game.screen_height),&#10;&#9;&#9;&#9;&#9;&#9;&#9;&#9;&#9;(int) (0.17 * game.screen_width),&#10;&#9;&#9;&#9;&#9;&#9;&#9;&#9;&#9;(int) (0.2 * game.screen_height), null);&#10;&#9;&#9;&#9;&#9;&#9;}&#10;&#9;&#9;&#9;&#9;}&#10;&#9;&#9;&#9;}&#10;&#10;&#9;&#9;&#9;// draw background -B&#10;&#9;&#9;&#9;g.drawImage(background[bg_count], 0, 0, (int) game.screen_width,&#10;&#9;&#9;&#9;&#9;&#9;(int) game.screen_height, null);&#10;&#10;&#9;&#9;&#9;// draw menu which menu iterator&#10;&#9;&#9;&#9;for (Menu m : game.map.menus) {&#10;&#10;&#9;&#9;&#9;&#9;g.setColor(trans_grey);&#10;&#10;&#9;&#9;&#9;&#9;g.fillRect((int) (m.position.x * game.screen_width),&#10;&#9;&#9;&#9;&#9;&#9;&#9;(int) (m.position.y * game.screen_height),&#10;&#9;&#9;&#9;&#9;&#9;&#9;(int) (m.position.width * game.screen_width),&#10;&#9;&#9;&#9;&#9;&#9;&#9;(int) (m.position.height * game.screen_height));&#10;&#10;&#9;&#9;&#9;&#9;// draw bins&#10;&#9;&#9;&#9;&#9;for (MenuObject o : m.menu_objects) {&#10;&#9;&#9;&#9;&#9;&#9;g.setColor(Color.BLACK);&#10;&#9;&#9;&#9;&#9;&#9;g.drawImage(m.bin_image,&#10;&#9;&#9;&#9;&#9;&#9;&#9;&#9;(int) (o.position.x * game.screen_width),&#10;&#9;&#9;&#9;&#9;&#9;&#9;&#9;(int) (o.position.y * game.screen_height),&#10;&#9;&#9;&#9;&#9;&#9;&#9;&#9;(int) (o.width * game.screen_width),&#10;&#9;&#9;&#9;&#9;&#9;&#9;&#9;(int) (o.height * game.screen_height), null);&#10;&#10;&#9;&#9;&#9;&#9;}&#10;&#9;&#9;&#9;}&#10;&#10;&#9;&#9;&#9;// draw score&#10;&#9;&#9;&#9;if(!game.arcademode){&#10;&#9;&#9;&#9;&#9;g.setFont(f1);&#10;&#9;&#9;&#9;&#9;g.setColor(Color.GREEN);&#10;&#9;&#9;&#9;&#9;g.drawString(&quot;Score: &quot; + Integer.toString(game.player.player_score.game_score),&#10;&#9;&#9;&#9;&#9;&#9;&#9;(int) (.85 * game.screen_width),&#10;&#9;&#9;&#9;&#9;&#9;&#9;(int) (.045 * game.screen_height));&#10;&#9;&#9;&#9;} else{&#10;&#9;&#9;&#9;&#9;g.setFont(f1);&#10;&#9;&#9;&#9;&#9;g.setColor(Color.GREEN);&#10;&#9;&#9;&#9;&#9;g.drawString(&quot;Pollutants Missed: &quot; + Integer.toString(game.player.player_score.fertilizer_lost+&#10;&#9;&#9;&#9;&#9;&#9;&#9;&#9;&#9;&#9;&#9;&#9;&#9;&#9;&#9;&#9;&#9;&#9;  game.player.player_score.oil_lost),&#10;&#9;&#9;&#9;&#9;&#9;&#9;(int) (.75 * game.screen_width),&#10;&#9;&#9;&#9;&#9;&#9;&#9;(int) (.045 * game.screen_height));&#10;&#9;&#9;&#9;}&#10;&#10;&#9;&#9;&#9;// draw time in bar format&#10;&#9;&#9;&#9;if(!game.arcademode){&#10;&#9;&#9;&#9;&#9;g.drawString(&quot;Time:&quot;, (int) (game.screen_width * 0.05),&#10;&#9;&#9;&#9;&#9;&#9;&#9;(int) (game.screen_height * 0.045));&#10;&#9;&#9;&#9;&#9;g.setColor(Color.BLACK);&#10;&#9;&#9;&#9;&#9;g.fillRect((int) (game.screen_width * 0.11),&#10;&#9;&#9;&#9;&#9;&#9;&#9;(int) (game.screen_height * 0.02),&#10;&#9;&#9;&#9;&#9;&#9;&#9;(int) (game.screen_width * 0.126),&#10;&#9;&#9;&#9;&#9;&#9;&#9;(int) (game.screen_height * 0.033));&#10;&#9;&#9;&#9;&#9;g.setColor(Color.YELLOW);&#10;&#9;&#9;&#9;&#9;g.fillRect((int) (game.screen_width * 0.113),&#10;&#9;&#9;&#9;&#9;&#9;&#9;(int) (game.screen_height * 0.024),&#10;&#9;&#9;&#9;&#9;&#9;&#9;(int) (game.screen_width * (game.game_time * 0.000001)),&#10;&#9;&#9;&#9;&#9;&#9;&#9;(int) (game.screen_height * 0.025));&#10;&#9;&#9;&#9;&#9;g.setColor(Color.BLACK);&#10;&#9;&#9;&#9;} else{&#10;&#9;&#9;&#9;&#9;g.drawString(&quot;Remaining:&quot;, (int) (game.screen_width * 0.05),&#10;&#9;&#9;&#9;&#9;&#9;&#9;(int) (game.screen_height * 0.045));&#10;&#9;&#9;&#9;&#9;g.setColor(Color.BLACK);&#10;&#9;&#9;&#9;&#9;g.fillRect((int) (game.screen_width * 0.16),&#10;&#9;&#9;&#9;&#9;&#9;&#9;(int) (game.screen_height * 0.02),&#10;&#9;&#9;&#9;&#9;&#9;&#9;(int) (game.screen_width * 0.126),&#10;&#9;&#9;&#9;&#9;&#9;&#9;(int) (game.screen_height * 0.033));&#10;&#9;&#9;&#9;&#9;g.setColor(Color.YELLOW);&#10;&#9;&#9;&#9;&#9;g.fillRect((int) (game.screen_width * 0.163),&#10;&#9;&#9;&#9;&#9;&#9;&#9;(int) (game.screen_height * 0.024),&#10;&#9;&#9;&#9;&#9;&#9;&#9;(int) (game.screen_width * (0.12/(double)game.abletomiss)*((double)game.abletomiss-&#10;&#9;&#9;&#9;&#9;&#9;&#9;&#9;&#9;((double)game.player.player_score.fertilizer_lost+(double)game.player.player_score.oil_lost))),&#10;&#9;&#9;&#9;&#9;&#9;&#9;(int) (game.screen_height * 0.025));&#10;&#9;&#9;&#9;&#9;&#10;&#9;&#9;&#9;&#9;g.setColor(Color.BLACK);&#10;&#9;&#9;&#9;}&#10;&#9;&#9;&#9;&#10;&#9;&#9;&#9;g2d.setStroke(bs3);&#10;&#9;&#9;&#9;// draw pause button&#10;&#9;&#9;&#9;g.drawRect((int) (game.screen_width * 0.02),&#10;&#9;&#9;&#9;&#9;&#9;(int) (game.screen_height * 0.02),&#10;&#9;&#9;&#9;&#9;&#9;(int) (game.screen_width * 0.02),&#10;&#9;&#9;&#9;&#9;&#9;(int) (game.screen_height * 0.033));&#10;&#9;&#9;&#9;g.drawLine((int) (game.screen_width * 0.026),&#10;&#9;&#9;&#9;&#9;&#9;(int) (game.screen_height * 0.029),&#10;&#9;&#9;&#9;&#9;&#9;(int) (game.screen_width * 0.026),&#10;&#9;&#9;&#9;&#9;&#9;(int) (game.screen_height * 0.043));&#10;&#9;&#9;&#9;g.drawLine((int) (game.screen_width * 0.033),&#10;&#9;&#9;&#9;&#9;&#9;(int) (game.screen_height * 0.029),&#10;&#9;&#9;&#9;&#9;&#9;(int) (game.screen_width * 0.033),&#10;&#9;&#9;&#9;&#9;&#9;(int) (game.screen_height * 0.043));&#10;&#10;&#9;&#9;&#9;&#10;&#10;&#9;&#9;&#9;// draw powerup objects&#10;&#9;&#9;&#9;for (PowerUp p : game.map.power_ups) {&#10;&#9;&#9;&#9;&#9;g.setColor(Color.BLACK);&#10;&#9;&#9;&#9;&#9;if (p.ready){&#10;&#9;&#9;&#9;&#9;&#9;if(!first_powerup){&#10;&#9;&#9;&#9;&#9;&#9;&#9;g.setColor(Color.BLACK);&#10;&#9;&#9;&#9;&#9;&#9;&#9;g.drawString(&quot;Use a Power-Up!&quot;,&#10;&#9;&#9;&#9;&#9;&#9;&#9;&#9;&#9;(int) (game.screen_width * .33),&#10;&#9;&#9;&#9;&#9;&#9;&#9;&#9;&#9;(int) ((game.map.river.position.y + .1) * game.screen_height));&#10;&#9;&#9;&#9;&#9;&#9;&#9;&#10;&#9;&#9;&#9;&#9;&#9;&#9;g.drawLine((int) (game.screen_width * .4),&#10;&#9;&#9;&#9;&#9;&#9;&#9;&#9;&#9;(int) ((game.map.river.position.y + .05) * game.screen_height),&#10;&#9;&#9;&#9;&#9;&#9;&#9;&#9;&#9;(int) ((p.position.x + .5*p.position.width) * game.screen_width),&#10;&#9;&#9;&#9;&#9;&#9;&#9;&#9;&#9;(int) ((p.position.y + p.position.height) * game.screen_height));&#10;&#9;&#9;&#9;&#9;&#9;&#9;&#10;&#9;&#9;&#9;&#9;&#9;&#9;g.setColor(Color.RED);&#10;&#9;&#9;&#9;&#9;&#9;&#9;g.drawRect(&#10;&#9;&#9;&#9;&#9;&#9;&#9;&#9;&#9;(int) (p.position.x * game.screen_width),&#10;&#9;&#9;&#9;&#9;&#9;&#9;&#9;&#9;(int) (p.position.y * game.screen_height),&#10;&#9;&#9;&#9;&#9;&#9;&#9;&#9;&#9;(int) (p.position.width * game.screen_width),&#10;&#9;&#9;&#9;&#9;&#9;&#9;&#9;&#9;(int) (p.position.height * game.screen_height));&#10;&#9;&#9;&#9;&#9;&#9;&#9;&#10;&#9;&#9;&#9;&#9;&#9;}&#10;&#9;&#9;&#9;&#9;g.drawImage(p.image,&#10;&#9;&#9;&#9;&#9;&#9;&#9;(int) (p.position.x * game.screen_width),&#10;&#9;&#9;&#9;&#9;&#9;&#9;(int) (p.position.y * game.screen_height),&#10;&#9;&#9;&#9;&#9;&#9;&#9;(int) (p.position.width * game.screen_width),&#10;&#9;&#9;&#9;&#9;&#9;&#9;(int) (p.position.height * game.screen_height),&#10;&#9;&#9;&#9;&#9;&#9;&#9;null);&#10;&#9;&#9;&#9;&#9;}&#10;&#9;&#9;&#9;}&#10;&#10;&#9;&#9;&#9;// draw buffer zones and buffers&#10;&#9;&#9;&#9;for (int i = 0; i &lt; game.map.river_banks.size(); i++) {&#10;&#9;&#9;&#9;&#9;RiverBank curBank = game.map.river_banks.get(i);&#10;&#9;&#9;&#9;&#9;for (int col = 0; col &lt; curBank.objects.length; col++) {&#10;&#9;&#9;&#9;&#9;&#9;for (int row = 0; row &lt; curBank.objects[col].length; row++) {&#10;&#9;&#9;&#9;&#9;&#9;&#9;if (curBank.objects[col][row] != null) {&#10;&#9;&#9;&#9;&#9;&#9;&#9;&#9;if ((curBank.objects[col][row]).ID == &quot;Buffer&quot;) {&#10;&#9;&#9;&#9;&#9;&#9;&#9;&#9;&#9;Buffer b = (Buffer) curBank.objects[col][row];&#10;&#9;&#9;&#9;&#9;&#9;&#9;&#9;&#9;g.drawImage(&#10;&#9;&#9;&#9;&#9;&#9;&#9;&#9;&#9;&#9;&#9;grass,&#10;&#9;&#9;&#9;&#9;&#9;&#9;&#9;&#9;&#9;&#9;(int) ((b.position.x) * game.screen_width),&#10;&#9;&#9;&#9;&#9;&#9;&#9;&#9;&#9;&#9;&#9;(int) ((b.position.y - .02) * game.screen_height),&#10;&#9;&#9;&#9;&#9;&#9;&#9;&#9;&#9;&#9;&#9;(int) (.8 * b.menu_width * game.screen_width),&#10;&#9;&#9;&#9;&#9;&#9;&#9;&#9;&#9;&#9;&#9;(int) (.8 * b.menu_height * game.screen_height),&#10;&#9;&#9;&#9;&#9;&#9;&#9;&#9;&#9;&#9;&#9;null);&#10;&#9;&#9;&#9;&#9;&#9;&#9;&#9;&#9;&#9;&#9;first_erosion_temp = true;&#10;&#9;&#9;&#9;&#9;&#9;&#9;&#9;} else if ((curBank.objects[col][row]).ID == &quot;Erosion&quot;) {&#10;&#9;&#9;&#9;&#9;&#9;&#9;&#9;&#9;Erosion e = (Erosion) curBank.objects[col][row];&#10;&#9;&#9;&#9;&#9;&#9;&#9;&#9;&#9;if (e.is_permanent) {&#10;&#10;&#9;&#9;&#9;&#9;&#9;&#9;&#9;&#9;&#9;if (curBank.ID==0){&#10;&#9;&#9;&#9;&#9;&#9;&#9;&#9;&#9;&#9;&#9;if (row==1){&#10;&#9;&#9;&#9;&#9;&#9;&#9;&#9;&#9;&#9;&#9;&#9;g.drawImage(&#10;&#9;&#9;&#9;&#9;&#9;&#9;&#9;&#9;&#9;&#9;&#9;&#9;&#9;permanentErosion[e.cur_image],&#10;&#9;&#9;&#9;&#9;&#9;&#9;&#9;&#9;&#9;&#9;&#9;&#9;&#9;(int) ((e.position.x) * game.screen_width),&#10;&#9;&#9;&#9;&#9;&#9;&#9;&#9;&#9;&#9;&#9;&#9;&#9;&#9;(int) ((e.position.y ) * game.screen_height),&#10;&#9;&#9;&#9;&#9;&#9;&#9;&#9;&#9;&#9;&#9;&#9;&#9;&#9;(int) (1.2*e.position.width * game.screen_width),&#10;&#9;&#9;&#9;&#9;&#9;&#9;&#9;&#9;&#9;&#9;&#9;&#9;&#9;(int) (e.position.height * game.screen_height),&#10;&#9;&#9;&#9;&#9;&#9;&#9;&#9;&#9;&#9;&#9;&#9;&#9;&#9;null);&#10;&#9;&#9;&#9;&#9;&#9;&#9;&#9;&#9;&#9;&#9;}&#10;&#9;&#9;&#9;&#9;&#9;&#9;&#9;&#9;&#9;&#9;else{&#10;&#9;&#9;&#9;&#9;&#9;&#9;&#9;&#9;&#9;&#9;&#9;g.drawImage(&#10;&#9;&#9;&#9;&#9;&#9;&#9;&#9;&#9;&#9;&#9;&#9;&#9;&#9;permanentErosion[e.cur_image],&#10;&#9;&#9;&#9;&#9;&#9;&#9;&#9;&#9;&#9;&#9;&#9;&#9;&#9;(int) ((e.position.x) * game.screen_width),&#10;&#9;&#9;&#9;&#9;&#9;&#9;&#9;&#9;&#9;&#9;&#9;&#9;&#9;(int) ((e.position.y ) * game.screen_height),&#10;&#9;&#9;&#9;&#9;&#9;&#9;&#9;&#9;&#9;&#9;&#9;&#9;&#9;(int) (1.2*e.position.width * game.screen_width),&#10;&#9;&#9;&#9;&#9;&#9;&#9;&#9;&#9;&#9;&#9;&#9;&#9;&#9;(int) (1.2*e.position.height * game.screen_height),&#10;&#9;&#9;&#9;&#9;&#9;&#9;&#9;&#9;&#9;&#9;&#9;&#9;&#9;null);&#10;&#9;&#9;&#9;&#9;&#9;&#9;&#9;&#9;&#9;&#9;}&#10;&#9;&#9;&#9;&#9;&#9;&#9;&#9;&#9;&#9;}&#10;&#9;&#9;&#9;&#9;&#9;&#9;&#9;&#9;&#9;if (curBank.ID==1){&#10;&#9;&#9;&#9;&#9;&#9;&#9;&#9;&#9;&#9;&#9;if (row==1){&#10;&#9;&#9;&#9;&#9;&#9;&#9;&#9;&#9;&#9;&#9;&#9;g.drawImage(&#10;&#9;&#9;&#9;&#9;&#9;&#9;&#9;&#9;&#9;&#9;&#9;&#9;&#9;permanentErosion[e.cur_image],&#10;&#9;&#9;&#9;&#9;&#9;&#9;&#9;&#9;&#9;&#9;&#9;&#9;&#9;(int) ((e.position.x-.006) * game.screen_width),&#10;&#9;&#9;&#9;&#9;&#9;&#9;&#9;&#9;&#9;&#9;&#9;&#9;&#9;(int) ((e.position.y ) * game.screen_height),&#10;&#9;&#9;&#9;&#9;&#9;&#9;&#9;&#9;&#9;&#9;&#9;&#9;&#9;(int) ((1.2*e.position.width * game.screen_width)),&#10;&#9;&#9;&#9;&#9;&#9;&#9;&#9;&#9;&#9;&#9;&#9;&#9;&#9;(int) (e.position.height * game.screen_height),&#10;&#9;&#9;&#9;&#9;&#9;&#9;&#9;&#9;&#9;&#9;&#9;&#9;&#9;null);&#10;&#9;&#9;&#9;&#9;&#9;&#9;&#9;&#9;&#9;&#9;}&#10;&#9;&#9;&#9;&#9;&#9;&#9;&#9;&#9;&#9;&#9;else{&#10;&#9;&#9;&#9;&#9;&#9;&#9;&#9;&#9;&#9;&#9;&#9;g.drawImage(&#10;&#9;&#9;&#9;&#9;&#9;&#9;&#9;&#9;&#9;&#9;&#9;&#9;&#9;permanentErosion[e.cur_image],&#10;&#9;&#9;&#9;&#9;&#9;&#9;&#9;&#9;&#9;&#9;&#9;&#9;&#9;(int) ((e.position.x-.02) * game.screen_width),&#10;&#9;&#9;&#9;&#9;&#9;&#9;&#9;&#9;&#9;&#9;&#9;&#9;&#9;(int) ((e.position.y ) * game.screen_height),&#10;&#9;&#9;&#9;&#9;&#9;&#9;&#9;&#9;&#9;&#9;&#9;&#9;&#9;(int) ((1.2*e.position.width * game.screen_width+ (.014*game.screen_width))),&#10;&#9;&#9;&#9;&#9;&#9;&#9;&#9;&#9;&#9;&#9;&#9;&#9;&#9;(int) (1.2*e.position.height * game.screen_height),&#10;&#9;&#9;&#9;&#9;&#9;&#9;&#9;&#9;&#9;&#9;&#9;&#9;&#9;null);&#10;&#9;&#9;&#9;&#9;&#9;&#9;&#9;&#9;&#9;&#9;}&#10;&#9;&#9;&#9;&#9;&#9;&#9;&#9;&#9;&#9;}&#10;&#9;&#9;&#9;&#9;&#9;&#9;&#9;&#9;&#9;if (curBank.ID==2){&#10;&#9;&#9;&#9;&#9;&#9;&#9;&#9;&#9;&#9;&#9;if (row==1){&#10;&#9;&#9;&#9;&#9;&#9;&#9;&#9;&#9;&#9;&#9;&#9;g.drawImage(&#10;&#9;&#9;&#9;&#9;&#9;&#9;&#9;&#9;&#9;&#9;&#9;&#9;&#9;permanentErosion[e.cur_image],&#10;&#9;&#9;&#9;&#9;&#9;&#9;&#9;&#9;&#9;&#9;&#9;&#9;&#9;(int) ((e.position.x-.002) * game.screen_width),&#10;&#9;&#9;&#9;&#9;&#9;&#9;&#9;&#9;&#9;&#9;&#9;&#9;&#9;(int) ((e.position.y ) * game.screen_height),&#10;&#9;&#9;&#9;&#9;&#9;&#9;&#9;&#9;&#9;&#9;&#9;&#9;&#9;(int) (e.position.width * game.screen_width+(.002*game.screen_width)),&#10;&#9;&#9;&#9;&#9;&#9;&#9;&#9;&#9;&#9;&#9;&#9;&#9;&#9;(int) (e.position.height * game.screen_height),&#10;&#9;&#9;&#9;&#9;&#9;&#9;&#9;&#9;&#9;&#9;&#9;&#9;&#9;null);&#10;&#9;&#9;&#9;&#9;&#9;&#9;&#9;&#9;&#9;&#9;}&#10;&#9;&#9;&#9;&#9;&#9;&#9;&#9;&#9;&#9;&#9;else{&#10;&#9;&#9;&#9;&#9;&#9;&#9;&#9;&#9;&#9;&#9;&#9;g.drawImage(&#10;&#9;&#9;&#9;&#9;&#9;&#9;&#9;&#9;&#9;&#9;&#9;&#9;&#9;permanentErosion[e.cur_image],&#10;&#9;&#9;&#9;&#9;&#9;&#9;&#9;&#9;&#9;&#9;&#9;&#9;&#9;(int) ((e.position.x-.002) * game.screen_width),&#10;&#9;&#9;&#9;&#9;&#9;&#9;&#9;&#9;&#9;&#9;&#9;&#9;&#9;(int) ((e.position.y ) * game.screen_height),&#10;&#9;&#9;&#9;&#9;&#9;&#9;&#9;&#9;&#9;&#9;&#9;&#9;&#9;(int) (e.position.width * game.screen_width+(.002*game.screen_width)),&#10;&#9;&#9;&#9;&#9;&#9;&#9;&#9;&#9;&#9;&#9;&#9;&#9;&#9;(int) (1.2*e.position.height * game.screen_height),&#10;&#9;&#9;&#9;&#9;&#9;&#9;&#9;&#9;&#9;&#9;&#9;&#9;&#9;null);&#10;&#9;&#9;&#9;&#9;&#9;&#9;&#9;&#9;&#9;&#9;}&#10;&#9;&#9;&#9;&#9;&#9;&#9;&#9;&#9;&#9;}&#10;&#9;&#9;&#9;&#9;&#9;&#9;&#9;&#9;&#9;if (curBank.ID==3){&#10;&#9;&#9;&#9;&#9;&#9;&#9;&#9;&#9;&#9;&#9;if (row==1){&#10;&#9;&#9;&#9;&#9;&#9;&#9;&#9;&#9;&#9;&#9;&#9;g.drawImage(&#10;&#9;&#9;&#9;&#9;&#9;&#9;&#9;&#9;&#9;&#9;&#9;&#9;&#9;permanentErosion[e.cur_image],&#10;&#9;&#9;&#9;&#9;&#9;&#9;&#9;&#9;&#9;&#9;&#9;&#9;&#9;(int) ((e.position.x) * game.screen_width),&#10;&#9;&#9;&#9;&#9;&#9;&#9;&#9;&#9;&#9;&#9;&#9;&#9;&#9;(int) ((e.position.y ) * game.screen_height),&#10;&#9;&#9;&#9;&#9;&#9;&#9;&#9;&#9;&#9;&#9;&#9;&#9;&#9;(int) (1.2*e.position.width * game.screen_width),&#10;&#9;&#9;&#9;&#9;&#9;&#9;&#9;&#9;&#9;&#9;&#9;&#9;&#9;(int) (e.position.height * game.screen_height),&#10;&#9;&#9;&#9;&#9;&#9;&#9;&#9;&#9;&#9;&#9;&#9;&#9;&#9;null);&#10;&#9;&#9;&#9;&#9;&#9;&#9;&#9;&#9;&#9;&#9;}&#10;&#9;&#9;&#9;&#9;&#9;&#9;&#9;&#9;&#9;&#9;else{&#10;&#9;&#9;&#9;&#9;&#9;&#9;&#9;&#9;&#9;&#9;&#9;g.drawImage(&#10;&#9;&#9;&#9;&#9;&#9;&#9;&#9;&#9;&#9;&#9;&#9;&#9;&#9;permanentErosion[e.cur_image],&#10;&#9;&#9;&#9;&#9;&#9;&#9;&#9;&#9;&#9;&#9;&#9;&#9;&#9;(int) ((e.position.x+.002) * game.screen_width),&#10;&#9;&#9;&#9;&#9;&#9;&#9;&#9;&#9;&#9;&#9;&#9;&#9;&#9;(int) ((e.position.y ) * game.screen_height),&#10;&#9;&#9;&#9;&#9;&#9;&#9;&#9;&#9;&#9;&#9;&#9;&#9;&#9;(int) (1.2*e.position.width * game.screen_width-(.002*game.screen_width)),&#10;&#9;&#9;&#9;&#9;&#9;&#9;&#9;&#9;&#9;&#9;&#9;&#9;&#9;(int) (1.2*e.position.height * game.screen_height),&#10;&#9;&#9;&#9;&#9;&#9;&#9;&#9;&#9;&#9;&#9;&#9;&#9;&#9;null);&#10;&#9;&#9;&#9;&#9;&#9;&#9;&#9;&#9;&#9;&#9;}&#10;&#9;&#9;&#9;&#9;&#9;&#9;&#9;&#9;&#9;}&#10;&#9;&#9;&#9;&#9;&#9;&#9;&#9;&#9;&#9;&#9;&#10;&#9;&#9;&#9;&#9;&#9;&#9;&#9;&#9;&#9;if(!first_erosion_per || erosion_updates&lt; 100){&#10;&#9;&#9;&#9;&#9;&#9;&#9;&#9;&#9;&#9;&#9;g.setColor(Color.BLACK);&#10;&#9;&#9;&#9;&#9;&#9;&#9;&#9;&#9;&#9;&#9;g.drawString(&quot;The erosion is permanent!&quot;,(int) ((e.position.x) * game.screen_width),&#10;&#9;&#9;&#9;&#9;&#9;&#9;&#9;&#9;&#9;&#9;&#9;(int) ((e.position.y + .02) * game.screen_height));&#10;&#9;&#9;&#9;&#9;&#9;&#9;&#9;&#9;&#9;&#9;first_erosion_per=true;&#10;&#9;&#9;&#9;&#9;&#9;&#9;&#9;&#9;&#9;&#9;erosion_updates++;&#10;&#9;&#9;&#9;&#9;&#9;&#9;&#9;&#9;&#9;}&#10;&#9;&#9;&#9;&#9;&#9;&#9;&#9;&#9;&#9;if (e.erosion_feedback_updates &lt; 100){&#10;&#9;&#9;&#9;&#9;&#9;&#9;&#9;&#9;&#9;g.setColor(Color.RED);&#10;&#10;&#9;&#9;&#9;&#9;&#9;&#9;&#9;&#9;&#9;g.drawOval((int) (e.position.x * game.screen_width),&#10;&#9;&#9;&#9;&#9;&#9;&#9;&#9;&#9;&#9;&#9;&#9;(int) ((e.position.y +.03)* game.screen_height ),&#10;&#9;&#9;&#9;&#9;&#9;&#9;&#9;&#9;&#9;&#9;&#9;(int) game.screen_width / 30,&#10;&#9;&#9;&#9;&#9;&#9;&#9;&#9;&#9;&#9;&#9;&#9;(int) game.screen_width / 30);&#10;&#9;&#9;&#9;&#9;&#9;&#9;&#9;&#9;&#9;g.setFont(f3);&#10;&#9;&#9;&#9;&#9;&#9;&#9;&#9;&#9;&#9;g.drawString(&quot;-50&quot;, (int) ((e.position.x + .005) * game.screen_width),&#10;&#9;&#9;&#9;&#9;&#9;&#9;&#9;&#9;&#9;&#9;&#9;(int) (((e.position.y +.03)+ .035) * game.screen_height));&#10;&#9;&#9;&#9;&#9;&#9;&#9;&#9;&#9;&#9;e.erosion_feedback_updates++;&#10;&#9;&#9;&#9;&#9;&#9;&#9;&#9;&#9;&#9;}&#10;&#9;&#9;&#9;&#9;&#9;&#9;&#9;&#9;} else {&#10;&#9;&#9;&#9;&#9;&#9;&#9;&#9;&#9;&#9;if(!first_erosion_temp){&#10;&#9;&#9;&#9;&#9;&#9;&#9;&#9;&#9;&#9;&#9;g.drawString(&quot;Fix the Erosion!&quot;,(int) ((e.position.x) * game.screen_width),&#10;&#9;&#9;&#9;&#9;&#9;&#9;&#9;&#9;&#9;&#9;&#9;(int) ((e.position.y + .02) * game.screen_height));&#10;&#9;&#9;&#9;&#9;&#9;&#9;&#9;&#9;&#9;&#9;g.setColor(Color.BLACK);&#10;&#9;&#9;&#9;&#9;&#9;&#9;&#9;&#9;&#9;&#9;g2d.setStroke(bs4);&#10;&#9;&#9;&#9;&#9;&#9;&#9;&#9;&#9;&#9;g.drawRect((int)(Buffer.menu_position.x * game.screen_width),&#10;&#9;&#9;&#9;&#9;&#9;&#9;&#9;&#9;&#9;&#9;&#9;(int)(Buffer.menu_position.y * game.screen_height),&#10;&#9;&#9;&#9;&#9;&#9;&#9;&#9;&#9;&#9;&#9;&#9;(int)(Buffer.menu_position.width * game.screen_width),&#10;&#9;&#9;&#9;&#9;&#9;&#9;&#9;&#9;&#9;&#9;&#9;(int)(Buffer.menu_position.height * game.screen_height));&#10;&#9;&#9;&#9;&#9;&#9;&#9;&#9;&#9;&#9;g.drawLine((int)((Buffer.menu_position.x + .08)* game.screen_width),&#10;&#9;&#9;&#9;&#9;&#9;&#9;&#9;&#9;&#9;&#9;&#9;(int)((Buffer.menu_position.y + .12) * game.screen_height),&#10;&#9;&#9;&#9;&#9;&#9;&#9;&#9;&#9;&#9;&#9;&#9;(int) ((e.position.x) * game.screen_width),&#10;&#9;&#9;&#9;&#9;&#9;&#9;&#9;&#9;&#9;&#9;&#9;(int) ((e.position.y + .02) * game.screen_height));&#10;&#9;&#9;&#9;&#9;&#9;&#9;&#9;&#9;&#9;}&#10;&#9;&#9;&#9;&#9;&#9;&#9;&#9;&#9;&#9;g.drawImage(&#10;&#9;&#9;&#9;&#9;&#9;&#9;&#9;&#9;&#9;&#9;&#9;erosion,&#10;&#9;&#9;&#9;&#9;&#9;&#9;&#9;&#9;&#9;&#9;&#9;(int) ((e.position.x) * game.screen_width),&#10;&#9;&#9;&#9;&#9;&#9;&#9;&#9;&#9;&#9;&#9;&#9;(int) ((e.position.y) * game.screen_height),&#10;&#9;&#9;&#9;&#9;&#9;&#9;&#9;&#9;&#9;&#9;&#9;(int) (e.position.width * game.screen_width),&#10;&#9;&#9;&#9;&#9;&#9;&#9;&#9;&#9;&#9;&#9;&#9;(int) (e.position.height * game.screen_height),&#10;&#9;&#9;&#9;&#9;&#9;&#9;&#9;&#9;&#9;&#9;&#9;null);&#10;&#9;&#9;&#9;&#9;&#9;&#9;&#9;&#9;&#9;&#9;&#9;&#10;&#9;&#9;&#9;&#9;&#9;&#9;&#9;&#9;}&#10;&#9;&#9;&#9;&#9;&#9;&#9;&#9;}&#10;&#9;&#9;&#9;&#9;&#9;&#9;}&#10;&#9;&#9;&#9;&#9;&#9;}&#10;&#9;&#9;&#9;&#9;}&#10;&#9;&#9;&#9;}&#10;&#10;&#9;&#9;&#9;for (int i = 0; i &lt; game.map.buffers.size(); i++) {&#10;&#9;&#9;&#9;&#9;g.setColor(Color.RED);&#10;&#9;&#9;&#9;&#9;g.setFont(f2);&#10;&#9;&#9;&#9;&#9;Buffer b = game.map.buffers.get(i);&#10;&#9;&#9;&#9;&#9;&#10;&#9;&#9;&#9;&#9;g.setColor(Color.BLACK);&#10;&#9;&#9;&#9;&#9;if (b.ready) {&#10;&#9;&#9;&#9;&#9;&#9;g.drawImage(grass,&#10;&#9;&#9;&#9;&#9;&#9;&#9;&#9;(int) ((b.position.x) * game.screen_width),&#10;&#9;&#9;&#9;&#9;&#9;&#9;&#9;(int) ((b.position.y) * game.screen_height),&#10;&#9;&#9;&#9;&#9;&#9;&#9;&#9;(int) (b.menu_width * game.screen_width),&#10;&#9;&#9;&#9;&#9;&#9;&#9;&#9;(int) (b.menu_height * game.screen_height), null);&#10;&#10;&#9;&#9;&#9;&#9;&#9;if(b.is_clicked){&#10;&#9;&#9;&#9;&#9;&#9;&#9;g.drawImage(grass,&#10;&#9;&#9;&#9;&#9;&#9;&#9;&#9;&#9;(int) game.frame.getContentPane()&#10;&#9;&#9;&#9;&#9;&#9;&#9;&#9;&#9;.getMousePosition().getX()&#10;&#9;&#9;&#9;&#9;&#9;&#9;&#9;&#9;- (int) game.screen_width / 30,&#10;&#9;&#9;&#9;&#9;&#9;&#9;&#9;&#9;(int) game.frame.getContentPane()&#10;&#9;&#9;&#9;&#9;&#9;&#9;&#9;&#9;.getMousePosition().getY()&#10;&#9;&#9;&#9;&#9;&#9;&#9;&#9;&#9;- (int) game.screen_width / 30,&#10;&#9;&#9;&#9;&#9;&#9;&#9;&#9;&#9;(int) (b.position.width * game.screen_width),&#10;&#9;&#9;&#9;&#9;&#9;&#9;&#9;&#9;(int) (b.position.height * game.screen_height), null);&#10;&#9;&#9;&#9;&#9;&#9;&#9;g.drawString(&quot;Sediment Efficiency: 56%&quot;, (int) game.frame.getContentPane()&#10;&#9;&#9;&#9;&#9;&#9;&#9;&#9;&#9;.getMousePosition().getX()&#10;&#9;&#9;&#9;&#9;&#9;&#9;&#9;&#9;- (int) game.screen_width / 30,&#10;&#9;&#9;&#9;&#9;&#9;&#9;&#9;&#9;(int) game.frame.getContentPane()&#10;&#9;&#9;&#9;&#9;&#9;&#9;&#9;&#9;.getMousePosition().getY()&#10;&#9;&#9;&#9;&#9;&#9;&#9;&#9;&#9;- (int) game.screen_width / 30);&#10;&#9;&#9;&#9;&#9;&#9;&#9;&#10;&#9;&#9;&#9;&#9;&#9;}&#10;&#9;&#9;&#9;&#9;}&#10;&#9;&#9;&#9;}&#10;&#9;&#9;&#9;&#10;&#9;&#9;&#9;// draws pollutants&#10;&#9;&#9;&#9;&#9;&#9;&#9;for (int i = 0; i &lt; game.map.water_objects.size(); i++) {&#10;&#9;&#9;&#9;&#9;&#9;&#9;&#9;WaterObjects w = game.map.water_objects.get(i);&#10;&#9;&#9;&#9;&#9;&#9;&#9;&#9;g.setFont(f1);&#10;&#9;&#9;&#9;&#9;&#9;&#9;&#9;if (w.is_clicked) {&#10;&#9;&#9;&#9;&#9;&#9;&#9;&#9;&#9;g.setColor(Color.BLACK);&#10;&#10;&#9;&#9;&#9;&#9;&#9;&#9;&#9;&#9;// when the first fertilizer is clicked&#10;&#9;&#9;&#9;&#9;&#9;&#9;&#9;&#9;if (!first_fert &amp;&amp; w.id == &quot;f&quot;) {&#10;&#10;&#9;&#9;&#9;&#9;&#9;&#9;&#9;&#9;&#9;g.drawLine(&#10;&#9;&#9;&#9;&#9;&#9;&#9;&#9;&#9;&#9;&#9;&#9;(int) game.frame.getContentPane()&#10;&#9;&#9;&#9;&#9;&#9;&#9;&#9;&#9;&#9;&#9;&#9;&#9;&#9;.getMousePosition().getX(),&#10;&#9;&#9;&#9;&#9;&#9;&#9;&#9;&#9;&#9;&#9;&#9;&#10;&#9;&#9;&#9;&#9;&#9;&#9;&#9;&#9;&#9;&#9;&#9;(int) game.frame.getContentPane()&#10;&#9;&#9;&#9;&#9;&#9;&#9;&#9;&#9;&#9;&#9;&#9;&#9;&#9;.getMousePosition().getY(),&#10;&#9;&#9;&#9;&#9;&#9;&#9;&#9;&#10;&#9;&#9;&#9;&#9;&#9;&#9;&#9;&#9;&#9;&#9;&#9;(int) ((w.bin.position.x + .5 * w.bin.position.width) * game.screen_width),&#10;&#9;&#9;&#9;&#9;&#9;&#9;&#9;&#9;&#9;&#9;&#9;(int) ((w.bin.position.y + .5 * w.bin.position.height) * game.screen_height));&#10;&#10;&#9;&#9;&#9;&#9;&#9;&#9;&#9;&#9;&#9;g.drawOval(&#10;&#9;&#9;&#9;&#9;&#9;&#9;&#9;&#9;&#9;&#9;&#9;(int) ((w.bin.position.x + .4 * w.bin.position.width) * game.screen_width),&#10;&#9;&#9;&#9;&#9;&#9;&#9;&#9;&#9;&#9;&#9;&#9;(int) ((w.bin.position.y + .4 * w.bin.position.height) * game.screen_height),&#10;&#9;&#9;&#9;&#9;&#9;&#9;&#9;&#9;&#9;&#9;&#9;(int) (.2 * w.bin.position.width * game.screen_width),&#10;&#9;&#9;&#9;&#9;&#9;&#9;&#9;&#9;&#9;&#9;&#9;(int) (.2 * w.bin.position.height * game.screen_height));&#10;&#10;&#9;&#9;&#9;&#9;&#9;&#9;&#9;&#9;&#9;g.drawString(&#10;&#9;&#9;&#9;&#9;&#9;&#9;&#9;&#9;&#9;&#9;&#9;&quot;Fertilizer doesn't belong in the stream!&quot;,&#10;&#9;&#9;&#9;&#9;&#9;&#9;&#9;&#9;&#9;&#9;&#9;(int) (game.screen_width * .30),&#10;&#9;&#9;&#9;&#9;&#9;&#9;&#9;&#9;&#9;&#9;&#9;(int) ((game.map.river.position.y + .1) * game.screen_height));&#10;&#9;&#9;&#9;&#9;&#9;&#9;&#9;&#9;}&#10;&#9;&#9;&#9;&#9;&#9;&#9;&#9;&#9;// when the first oil is clicked&#10;&#9;&#9;&#9;&#9;&#9;&#9;&#9;&#9;if (!first_oil &amp;&amp; w.id != &quot;f&quot;) {&#10;&#9;&#9;&#9;&#9;&#9;&#9;&#9;&#9;&#9;g.drawLine(&#10;&#9;&#9;&#9;&#9;&#9;&#9;&#9;&#9;&#9;&#9;&#9;(int) game.frame.getContentPane().getMousePosition().getX(),&#9;&#9;&#10;&#9;&#9;&#9;&#9;&#9;&#9;&#9;&#9;&#9;&#9;&#9;(int) game.frame.getContentPane().getMousePosition().getY(),&#10;&#9;&#9;&#9;&#9;&#9;&#9;&#9;&#9;&#9;&#9;&#9;(int) ((w.bin.position.x + .5 * w.bin.position.width) * game.screen_width),&#10;&#9;&#9;&#9;&#9;&#9;&#9;&#9;&#9;&#9;&#9;&#9;(int) ((w.bin.position.y + .5 * w.bin.position.height) * game.screen_height));&#10;&#10;&#9;&#9;&#9;&#9;&#9;&#9;&#9;&#9;&#9;g.drawOval(&#10;&#9;&#9;&#9;&#9;&#9;&#9;&#9;&#9;&#9;&#9;&#9;(int) ((w.bin.position.x + .4 * w.bin.position.width) * game.screen_width),&#10;&#9;&#9;&#9;&#9;&#9;&#9;&#9;&#9;&#9;&#9;&#9;(int) ((w.bin.position.y + .4 * w.bin.position.height) * game.screen_height),&#10;&#9;&#9;&#9;&#9;&#9;&#9;&#9;&#9;&#9;&#9;&#9;(int) (.2 * w.bin.position.width * game.screen_width),&#10;&#9;&#9;&#9;&#9;&#9;&#9;&#9;&#9;&#9;&#9;&#9;(int) (.2 * w.bin.position.height * game.screen_height));&#10;&#10;&#9;&#9;&#9;&#9;&#9;&#9;&#9;&#9;&#9;g.drawString(&#10;&#9;&#9;&#9;&#9;&#9;&#9;&#9;&#9;&#9;&#9;&#9;&quot;Oil doesn't belong in the stream!&quot;,&#10;&#9;&#9;&#9;&#9;&#9;&#9;&#9;&#9;&#9;&#9;&#9;(int) (game.screen_width * .33),&#10;&#9;&#9;&#9;&#9;&#9;&#9;&#9;&#9;&#9;&#9;&#9;(int) ((game.map.river.position.y + .1) * game.screen_height));&#10;&#10;&#9;&#9;&#9;&#9;&#9;&#9;&#9;&#9;}&#10;&#10;&#9;&#9;&#9;&#9;&#9;&#9;&#9;&#9;g.setColor(w.color);&#10;&#9;&#9;&#9;&#9;&#9;&#9;&#9;&#9;g2d.setStroke(bs8);&#10;&#10;&#9;&#9;&#9;&#9;&#9;&#9;&#9;&#9;g.drawImage(w.image[w.cur_image], (int) game.frame&#10;&#9;&#9;&#9;&#9;&#9;&#9;&#9;&#9;&#9;&#9;.getContentPane().getMousePosition().getX()&#10;&#9;&#9;&#9;&#9;&#9;&#9;&#9;&#9;&#9;&#9;- (int) game.screen_width / 50, (int) game.frame&#10;&#9;&#9;&#9;&#9;&#9;&#9;&#9;&#9;&#9;&#9;.getContentPane().getMousePosition().getY()&#10;&#9;&#9;&#9;&#9;&#9;&#9;&#9;&#9;&#9;&#9;- (int) game.screen_width / 50,&#10;&#9;&#9;&#9;&#9;&#9;&#9;&#9;&#9;&#9;&#9;(int) game.screen_width / 25,&#10;&#9;&#9;&#9;&#9;&#9;&#9;&#9;&#9;&#9;&#9;(int) game.screen_width / 25, null);&#10;&#10;&#9;&#9;&#9;&#9;&#9;&#9;&#9;&#9;g2d.setStroke(bs4);&#10;&#9;&#9;&#9;&#9;&#9;&#9;&#9;&#9;// Draws where dragged WaterObject SHOULD be on screen&#10;&#9;&#9;&#9;&#9;&#9;&#9;&#9;&#9;g.setColor(Color.GRAY);&#10;&#9;&#9;&#9;&#9;&#9;&#9;&#9;&#9;g.drawOval((int) (w.position.x * game.screen_width),&#10;&#9;&#9;&#9;&#9;&#9;&#9;&#9;&#9;&#9;&#9;(int) (w.position.y * game.screen_height),&#10;&#9;&#9;&#9;&#9;&#9;&#9;&#9;&#9;&#9;&#9;(int) game.screen_width / 50,&#10;&#9;&#9;&#9;&#9;&#9;&#9;&#9;&#9;&#9;&#9;(int) game.screen_width / 50);&#10;&#10;&#9;&#9;&#9;&#9;&#9;&#9;&#9;} else if (w.position.x &gt; .99) {&#10;&#9;&#9;&#9;&#9;&#9;&#9;&#9;&#9;if(!game.arcademode){&#10;&#9;&#9;&#9;&#9;&#9;&#9;&#9;&#9;&#9;g.setColor(Color.RED);&#10;&#9;&#10;&#9;&#9;&#9;&#9;&#9;&#9;&#9;&#9;&#9;g.drawOval((int) ((.965) * game.screen_width),&#10;&#9;&#9;&#9;&#9;&#9;&#9;&#9;&#9;&#9;&#9;&#9;(int) (w.position.y * game.screen_height),&#10;&#9;&#9;&#9;&#9;&#9;&#9;&#9;&#9;&#9;&#9;&#9;(int) game.screen_width / 30,&#10;&#9;&#9;&#9;&#9;&#9;&#9;&#9;&#9;&#9;&#9;&#9;(int) game.screen_width / 30);&#10;&#9;&#9;&#9;&#9;&#9;&#9;&#9;&#9;&#9;g.setFont(f3);&#10;&#9;&#9;&#9;&#9;&#9;&#9;&#9;&#9;&#9;g.drawString(&quot;-10&quot;, (int) ((.97) * game.screen_width),&#10;&#9;&#9;&#9;&#9;&#9;&#9;&#9;&#9;&#9;&#9;&#9;(int) ((w.position.y + .035) * game.screen_height));&#10;&#9;&#9;&#9;&#9;&#9;&#9;&#9;&#9;}&#10;&#9;&#9;&#9;&#9;&#9;&#9;&#9;} else if (w.removed) {&#10;&#9;&#9;&#9;&#9;&#9;&#9;&#9;&#9;if(!game.arcademode){&#10;&#9;&#9;&#9;&#9;&#9;&#9;&#9;&#9;&#9;if(w.id == &quot;f&quot;)&#10;&#9;&#9;&#9;&#9;&#9;&#9;&#9;&#9;&#9;&#9;g.setColor(Color.GREEN);&#10;&#9;&#9;&#9;&#9;&#9;&#9;&#9;&#9;&#9;else&#10;&#9;&#9;&#9;&#9;&#9;&#9;&#9;&#9;&#9;&#9;g.setColor(Color.BLACK);&#10;&#9;&#10;&#9;&#9;&#9;&#9;&#9;&#9;&#9;&#9;&#9;g.drawOval((int) (w.position.x * game.screen_width),&#10;&#9;&#9;&#9;&#9;&#9;&#9;&#9;&#9;&#9;&#9;&#9;(int) (w.position.y * game.screen_height),&#10;&#9;&#9;&#9;&#9;&#9;&#9;&#9;&#9;&#9;&#9;&#9;(int) game.screen_width / 30,&#10;&#9;&#9;&#9;&#9;&#9;&#9;&#9;&#9;&#9;&#9;&#9;(int) game.screen_width / 30);&#10;&#9;&#9;&#9;&#9;&#9;&#9;&#9;&#9;&#9;g.setFont(f3);&#10;&#9;&#9;&#9;&#9;&#9;&#9;&#9;&#9;&#9;g.drawString(&quot;+10&quot;, (int) ((w.position.x + .005) * game.screen_width),&#10;&#9;&#9;&#9;&#9;&#9;&#9;&#9;&#9;&#9;&#9;&#9;(int) ((w.position.y + .035) * game.screen_height));&#10;&#9;&#9;&#9;&#9;&#9;&#9;&#9;&#9;}&#10;&#9;&#9;&#9;&#9;&#9;&#9;&#9;} else {&#10;&#9;&#9;&#9;&#9;&#9;&#9;&#9;&#9;g.setColor(w.color);&#10;&#9;&#9;&#9;&#9;&#9;&#9;&#9;&#9;g.drawImage(w.image[w.cur_image],&#10;&#9;&#9;&#9;&#9;&#9;&#9;&#9;&#9;&#9;&#9;(int) (w.position.x * game.screen_width),&#10;&#9;&#9;&#9;&#9;&#9;&#9;&#9;&#9;&#9;&#9;(int) (w.position.y * game.screen_height),&#10;&#9;&#9;&#9;&#9;&#9;&#9;&#9;&#9;&#9;&#9;(int) game.screen_width / 40,&#10;&#9;&#9;&#9;&#9;&#9;&#9;&#9;&#9;&#9;&#9;(int) game.screen_width / 40, null);&#10;&#10;&#9;&#9;&#9;&#9;&#9;&#9;&#9;&#9;if (!first_oil &amp;&amp; w.id != &quot;f&quot;) {&#10;&#9;&#9;&#9;&#9;&#9;&#9;&#9;&#9;&#9;g.drawString(&quot;Click Me!&quot;,&#10;&#9;&#9;&#9;&#9;&#9;&#9;&#9;&#9;&#9;&#9;&#9;(int) (w.position.x * game.screen_width),&#10;&#9;&#9;&#9;&#9;&#9;&#9;&#9;&#9;&#9;&#9;&#9;(int) (w.position.y * game.screen_height));&#10;&#9;&#9;&#9;&#9;&#9;&#9;&#9;&#9;}&#10;&#9;&#9;&#9;&#9;&#9;&#9;&#9;&#9;if (!first_fert &amp;&amp; w.id == &quot;f&quot;) {&#10;&#9;&#9;&#9;&#9;&#9;&#9;&#9;&#9;&#9;g.drawString(&quot;Click Me!&quot;,&#10;&#9;&#9;&#9;&#9;&#9;&#9;&#9;&#9;&#9;&#9;&#9;(int) (w.position.x * game.screen_width),&#10;&#9;&#9;&#9;&#9;&#9;&#9;&#9;&#9;&#9;&#9;&#9;(int) (w.position.y * game.screen_height));&#10;&#9;&#9;&#9;&#9;&#9;&#9;&#9;&#9;}&#10;&#9;&#9;&#9;&#9;&#9;&#9;&#9;}&#10;&#10;&#9;&#9;&#9;&#9;&#9;&#9;}&#10;&#10;&#9;&#9;&#9;&#9;&#9;&#9;&#10;&#9;&#9;&#9;/**&#10;&#9;&#9;&#9; * Mason&#10;&#9;&#9;&#9; * &#10;&#9;&#9;&#9; * Greys out the game if either the quiz/feedback or the end game screen is up&#10;&#9;&#9;&#9; */&#10;&#9;&#9;&#9;if(game.quizMode || game.quizFeedbackMode || game.score_up){&#10;&#9;&#9;&#9;&#9;Color myColor = new Color(192,192,192,200);&#10;&#9;&#9;&#9;&#9;g.setColor(myColor);&#10;&#9;&#9;&#9;&#9;g.fillRect(1,1,(int)game.screen_width,(int)game.screen_height);&#10;&#9;&#9;&#9;}&#10;&#9;&#9;&#9;&#10;&#9;&#9;&#9;&#9;&#9;&#9;&#10;&#9;&#9;&#9;/**&#10;&#9;&#9;&#9; * Steve Pauses game &amp; draws the quiz window&#10;&#9;&#9;&#9; */&#10;&#9;&#9;&#9;// Draws the quiz window&#10;&#10;&#9;&#9;&#9;if (game.quizMode) {&#10;&#9;&#9;&#9;&#9;int clicked = game.input_handler.powerupclicked;&#10;&#9;&#9;&#9;&#9;if(game.updates){&#10;&#9;&#9;&#9;&#9;&#9; currQuiz = game.quiz_bank[game.rand.nextInt(8)];&#10;&#9;&#9;&#9;&#9;&#9;while (true) {&#10;&#9;&#9;&#9;&#9;&#9;&#9;if (currQuiz.asked == false) {&#10;&#9;&#9;&#9;&#9;&#9;&#9;&#9;game.map.power_ups.get(clicked).quiz = currQuiz;&#10;&#9;&#9;&#9;&#9;&#9;&#9;&#9;break;&#10;&#9;&#9;&#9;&#9;&#9;&#9;} else {&#10;&#9;&#9;&#9;&#9;&#9;&#9;&#9;currQuiz = game.quiz_bank[game.rand.nextInt(8)];&#10;&#9;&#9;&#9;&#9;&#9;&#9;}&#10;&#9;&#9;&#9;&#9;&#9;}&#10;&#9;&#9;&#9;&#9;&#9;game.updates = false;&#10;&#9;&#9;&#9;&#9;}&#10;&#9;&#9;&#9;&#9;g.setColor(Color.CYAN);&#10;&#9;&#9;&#9;&#9;g.drawRect((int) (game.screen_width * .2),&#10;&#9;&#9;&#9;&#9;&#9;&#9;(int) (game.screen_height * .2),&#10;&#9;&#9;&#9;&#9;&#9;&#9;(int) (game.screen_width * .6),&#10;&#9;&#9;&#9;&#9;&#9;&#9;(int) (game.screen_height * .6));&#10;&#9;&#9;&#9;&#9;Color myColor = new Color(0, 0, 0, 200);&#10;&#9;&#9;&#9;&#9;g.setColor(myColor);&#10;&#9;&#9;&#9;&#9;g.fillRect((int) (game.screen_width * .2),&#10;&#9;&#9;&#9;&#9;&#9;&#9;(int) (game.screen_height * .2),&#10;&#9;&#9;&#9;&#9;&#9;&#9;(int) (game.screen_width * .6),&#10;&#9;&#9;&#9;&#9;&#9;&#9;(int) (game.screen_height * .6));&#10;&#9;&#9;&#9;&#9;g.setColor(Color.GREEN);&#10;&#9;&#9;&#9;&#9;g.setFont(f3);&#10;&#9;&#9;&#9;&#9;g.drawString(currQuiz.question,&#10;&#9;&#9;&#9;&#9;&#9;&#9;(int) (.31 * game.screen_width),&#10;&#9;&#9;&#9;&#9;&#9;&#9;(int) (.24 * game.screen_height));&#10;&#9;&#9;&#9;&#9;g.setColor(Color.GREEN);&#10;&#9;&#9;&#9;&#9;g.drawImage(raindrop, (int) (.29 * game.screen_width),&#10;&#9;&#9;&#9;&#9;&#9;&#9;(int) (.28 * game.screen_height),&#10;&#9;&#9;&#9;&#9;&#9;&#9;(int) (game.screen_width / 30),&#10;&#9;&#9;&#9;&#9;&#9;&#9;(int) (game.screen_width / 30), null);&#10;&#9;&#9;&#9;&#9;g.drawImage(raindrop, (int) (.29 * game.screen_width),&#10;&#9;&#9;&#9;&#9;&#9;&#9;(int) (.40 * game.screen_height),&#10;&#9;&#9;&#9;&#9;&#9;&#9;(int) (game.screen_width / 30),&#10;&#9;&#9;&#9;&#9;&#9;&#9;(int) (game.screen_width / 30), null);&#10;&#9;&#9;&#9;&#9;g.drawImage(raindrop, (int) (.29 * game.screen_width),&#10;&#9;&#9;&#9;&#9;&#9;&#9;(int) (.52 * game.screen_height),&#10;&#9;&#9;&#9;&#9;&#9;&#9;(int) (game.screen_width / 30),&#10;&#9;&#9;&#9;&#9;&#9;&#9;(int) (game.screen_width / 30), null);&#10;&#9;&#9;&#9;&#9;g.drawImage(raindrop, (int) (.29 * game.screen_width),&#10;&#9;&#9;&#9;&#9;&#9;&#9;(int) (.64 * game.screen_height),&#10;&#9;&#9;&#9;&#9;&#9;&#9;(int) (game.screen_width / 30),&#10;&#9;&#9;&#9;&#9;&#9;&#9;(int) (game.screen_width / 30), null);&#10;&#9;&#9;&#9;&#9;g.drawRect((int) (.29 * game.screen_width),&#10;&#9;&#9;&#9;&#9;&#9;&#9;(int) (.28 * game.screen_height),&#10;&#9;&#9;&#9;&#9;&#9;&#9;(int) (game.screen_width / 30),&#10;&#9;&#9;&#9;&#9;&#9;&#9;(int) (game.screen_width / 30));&#10;&#9;&#9;&#9;&#9;g.drawRect((int) (.29 * game.screen_width),&#10;&#9;&#9;&#9;&#9;&#9;&#9;(int) (.40 * game.screen_height),&#10;&#9;&#9;&#9;&#9;&#9;&#9;(int) (game.screen_width / 30),&#10;&#9;&#9;&#9;&#9;&#9;&#9;(int) (game.screen_width / 30));&#10;&#9;&#9;&#9;&#9;g.drawRect((int) (.29 * game.screen_width),&#10;&#9;&#9;&#9;&#9;&#9;&#9;(int) (.52 * game.screen_height),&#10;&#9;&#9;&#9;&#9;&#9;&#9;(int) (game.screen_width / 30),&#10;&#9;&#9;&#9;&#9;&#9;&#9;(int) (game.screen_width / 30));&#10;&#9;&#9;&#9;&#9;g.drawRect((int) (.29 * game.screen_width),&#10;&#9;&#9;&#9;&#9;&#9;&#9;(int) (.64 * game.screen_height),&#10;&#9;&#9;&#9;&#9;&#9;&#9;(int) (game.screen_width / 30),&#10;&#9;&#9;&#9;&#9;&#9;&#9;(int) (game.screen_width / 30));&#10;&#9;&#9;&#9;&#9;g.setFont(f2);&#10;&#9;&#9;&#9;&#9;g.drawString(currQuiz.choices[0],&#10;&#9;&#9;&#9;&#9;&#9;&#9;(int) (game.screen_width * .36),&#10;&#9;&#9;&#9;&#9;&#9;&#9;(int) (game.screen_height * .32));&#10;&#9;&#9;&#9;&#9;g.drawString(currQuiz.choices[1],&#10;&#9;&#9;&#9;&#9;&#9;&#9;(int) (game.screen_width * .36),&#10;&#9;&#9;&#9;&#9;&#9;&#9;(int) (game.screen_height * .44));&#10;&#9;&#9;&#9;&#9;g.drawString(currQuiz.choices[2],&#10;&#9;&#9;&#9;&#9;&#9;&#9;(int) (game.screen_width * .36),&#10;&#9;&#9;&#9;&#9;&#9;&#9;(int) (game.screen_height * .56));&#10;&#9;&#9;&#9;&#9;g.drawString(currQuiz.choices[3],&#10;&#9;&#9;&#9;&#9;&#9;&#9;(int) (game.screen_width * .36),&#10;&#9;&#9;&#9;&#9;&#9;&#9;(int) (game.screen_height * .68));&#10;&#9;&#10;&#9;&#9;&#9;&#9;// Mason&#10;&#9;&#9;&#9;&#9;// when the first quiz is displayed&#10;&#9;&#9;&#9;&#9;if (!first_quiz) {&#10;&#9;&#9;&#9;&#9;&#9;g.setColor(Color.YELLOW);&#10;&#9;&#9;&#9;&#9;&#9;g.drawLine(&#10;&#9;&#9;&#9;&#9;&#9;&#9;&#9;(int) (game.screen_width * .11),&#9;&#9;&#10;&#9;&#9;&#9;&#9;&#9;&#9;&#9;(int) (game.screen_height * .16),&#10;&#9;&#9;&#9;&#9;&#9;&#9;&#9;(int) (.29 * game.screen_width),&#10;&#9;&#9;&#9;&#9;&#9;&#9;&#9;(int) (.28 * (game.screen_height+game.screen_width/15)));&#10;&#9;&#9;&#9;&#9;&#9;g.drawLine(&#10;&#9;&#9;&#9;&#9;&#9;&#9;&#9;(int) (game.screen_width * .11),&#9;&#9;&#10;&#9;&#9;&#9;&#9;&#9;&#9;&#9;(int) (game.screen_height * .16),&#10;&#9;&#9;&#9;&#9;&#9;&#9;&#9;(int) (.29 * game.screen_width),&#10;&#9;&#9;&#9;&#9;&#9;&#9;&#9;(int) (.38 * (game.screen_height+game.screen_width/15)));&#10;&#9;&#9;&#9;&#9;&#9;g.drawLine(&#10;&#9;&#9;&#9;&#9;&#9;&#9;&#9;(int) (game.screen_width * .11),&#9;&#9;&#10;&#9;&#9;&#9;&#9;&#9;&#9;&#9;(int) (game.screen_height * .16),&#10;&#9;&#9;&#9;&#9;&#9;&#9;&#9;(int) (.29 * game.screen_width),&#10;&#9;&#9;&#9;&#9;&#9;&#9;&#9;(int) (.49 * (game.screen_height+game.screen_width/15)));&#10;&#9;&#9;&#9;&#9;&#9;g.drawLine(&#10;&#9;&#9;&#9;&#9;&#9;&#9;&#9;(int) (game.screen_width * .11),&#9;&#9;&#10;&#9;&#9;&#9;&#9;&#9;&#9;&#9;(int) (game.screen_height * .16),&#10;&#9;&#9;&#9;&#9;&#9;&#9;&#9;(int) (.29 * game.screen_width),&#10;&#9;&#9;&#9;&#9;&#9;&#9;&#9;(int) (.60 * (game.screen_height+game.screen_width/15)));&#10;&#9;&#9;&#9;&#9;&#9;g.drawOval(&#10;&#9;&#9;&#9;&#9;&#9;&#9;&#9;(int) (.29 * game.screen_width),&#10;&#9;&#9;&#9;&#9;&#9;&#9;&#9;(int) (.28 * game.screen_height),&#10;&#9;&#9;&#9;&#9;&#9;&#9;&#9;(int) (game.screen_width / 30),&#10;&#9;&#9;&#9;&#9;&#9;&#9;&#9;(int) (game.screen_width / 30));&#10;&#9;&#9;&#9;&#9;&#9;g.drawOval(&#10;&#9;&#9;&#9;&#9;&#9;&#9;&#9;(int) (.29 * game.screen_width),&#10;&#9;&#9;&#9;&#9;&#9;&#9;&#9;(int) (.40 * game.screen_height),&#10;&#9;&#9;&#9;&#9;&#9;&#9;&#9;(int) (game.screen_width / 30),&#10;&#9;&#9;&#9;&#9;&#9;&#9;&#9;(int) (game.screen_width / 30));&#10;&#9;&#9;&#9;&#9;&#9;g.drawOval(&#10;&#9;&#9;&#9;&#9;&#9;&#9;&#9;(int) (.29 * game.screen_width),&#10;&#9;&#9;&#9;&#9;&#9;&#9;&#9;(int) (.52 * game.screen_height),&#10;&#9;&#9;&#9;&#9;&#9;&#9;&#9;(int) (game.screen_width / 30),&#10;&#9;&#9;&#9;&#9;&#9;&#9;&#9;(int) (game.screen_width / 30));&#10;&#9;&#9;&#9;&#9;&#9;g.drawOval(&#10;&#9;&#9;&#9;&#9;&#9;&#9;&#9;(int) (.29 * game.screen_width),&#10;&#9;&#9;&#9;&#9;&#9;&#9;&#9;(int) (.64 * game.screen_height),&#10;&#9;&#9;&#9;&#9;&#9;&#9;&#9;(int) (game.screen_width / 30),&#10;&#9;&#9;&#9;&#9;&#9;&#9;&#9;(int) (game.screen_width / 30));&#10;&#9;&#9;&#9;&#9;&#9;g.setColor(Color.RED);&#10;&#9;&#9;&#9;&#9;&#9;g.setFont(f1);&#10;&#9;&#9;&#9;&#9;&#9;g.drawString(&#10;&#9;&#9;&#9;&#9;&#9;&#9;&#9;&quot;Read the question and&quot;,&#10;&#9;&#9;&#9;&#9;&#9;&#9;&#9;(int) (game.screen_width * .025),&#10;&#9;&#9;&#9;&#9;&#9;&#9;&#9;(int) (game.screen_height*.1));&#10;&#9;&#9;&#9;&#9;&#9;g.drawString(&#10;&#9;&#9;&#9;&#9;&#9;&#9;&#9;&quot;choose the best answer!&quot;,&#10;&#9;&#9;&#9;&#9;&#9;&#9;&#9;(int) (game.screen_width * .025),&#10;&#9;&#9;&#9;&#9;&#9;&#9;&#9;(int) (game.screen_height*.14));&#10;&#9;&#9;&#9;&#9;}&#10;&#9;&#9;&#9;}&#10;&#9;&#9;&#9;&#10;&#9;&#9;&#9;if (game.quizFeedbackMode) {&#10;&#9;&#9;&#9;&#9;int clicked = game.input_handler.powerupclicked;&#10;&#9;&#9;&#9;&#9;game.updates = true;&#10;&#9;&#9;&#9;&#9;g.setColor(trans_grey);&#10;&#9;&#9;&#9;&#9;g.fillRect((int) (game.screen_width * .2),&#10;&#9;&#9;&#9;&#9;&#9;&#9;(int) (game.screen_height * .2),&#10;&#9;&#9;&#9;&#9;&#9;&#9;(int) (game.screen_width * .6),&#10;&#9;&#9;&#9;&#9;&#9;&#9;(int) (game.screen_height * .6));&#10;&#9;&#9;&#9;&#9;g.setColor(Color.BLACK);&#10;&#9;&#9;&#9;&#9;g.setFont(f1);&#10;&#9;&#9;&#9;&#9;g.drawString(currQuiz.feedback_string,&#10;&#9;&#9;&#9;&#9;&#9;&#9;(int) (.29 * game.screen_width),&#10;&#9;&#9;&#9;&#9;&#9;&#9;(int) (.24 * game.screen_height));&#10;&#9;&#9;&#9;&#9;if(currQuiz.answered_correctly){&#10;&#9;&#9;&#9;&#9;&#9;g.drawString(game.map.power_ups.get(clicked).effect_string1,&#10;&#9;&#9;&#9;&#9;&#9;&#9;&#9;(int) (.29 * game.screen_width),&#10;&#9;&#9;&#9;&#9;&#9;&#9;&#9;(int) (.30 * game.screen_height));&#10;&#9;&#9;&#9;&#9;&#9;g.drawString(game.map.power_ups.get(clicked).effect_string2,&#10;&#9;&#9;&#9;&#9;&#9;&#9;&#9;(int) (.29 * game.screen_width),&#10;&#9;&#9;&#9;&#9;&#9;&#9;&#9;(int) (.38 * game.screen_height));&#10;&#9;&#9;&#9;&#9;}&#10;&#9;&#9;&#9;&#9;g.drawImage(city1,&#10;&#9;&#9;&#9;&#9;&#9;&#9;(int) (.25 * game.screen_width),&#10;&#9;&#9;&#9;&#9;&#9;&#9;(int) (.45 * game.screen_height),&#10;&#9;&#9;&#9;&#9;&#9;&#9;(int) (.5 * game.screen_width),&#10;&#9;&#9;&#9;&#9;&#9;&#9;(int) (.3 * game.screen_height), null);&#10;&#9;&#9;&#9;&#9;if(game.feedbackStartTime &lt; 0){&#10;&#9;&#9;&#9;&#9;&#9;game.feedbackStartTime = System.currentTimeMillis();&#10;&#9;&#9;&#9;&#9;}&#10;&#9;&#9;&#9;&#10;&#9;&#9;&#9;&#9;else if((System.currentTimeMillis() - game.feedbackStartTime)&gt;6000){&#10;&#9;&#9;&#9;&#9;&#9;game.quizFeedbackMode = false;&#10;&#9;&#9;&#9;&#9;&#9;game.pause_or_unpause();&#10;&#9;&#9;&#9;&#9;}&#10;&#9;&#9;&#9;}&#10;&#10;&#10;&#9;&#9;&#9;// draws all necessary game over information&#10;&#9;&#9;&#9;if (game.game_time &lt;= 0) {&#10;&#10;&#9;&#9;&#9;&#9;g.setColor(Color.GRAY);&#10;&#9;&#9;&#9;&#9;g.fillRect((int) (game.screen_width * .25),&#10;&#9;&#9;&#9;&#9;&#9;&#9;(int) (game.screen_height * .25),&#10;&#9;&#9;&#9;&#9;&#9;&#9;(int) (game.screen_width * .5),&#10;&#9;&#9;&#9;&#9;&#9;&#9;(int) (game.screen_height * .5));&#10;&#9;&#9;&#9;&#9;g.setColor(Color.BLACK);&#10;&#9;&#9;&#9;&#9;g.setFont(f1);&#10;&#9;&#9;&#9;&#9;g.drawString(&quot;The Storm Has Passed!&quot;,&#10;&#9;&#9;&#9;&#9;&#9;&#9;(int) (game.screen_width * .39),&#10;&#9;&#9;&#9;&#9;&#9;&#9;(int) (game.screen_height * .33));&#10;&#10;&#9;&#9;&#9;&#9;g.drawImage(back_to_menu, (int) (0.25 * game.screen_width),&#10;&#9;&#9;&#9;&#9;&#9;&#9;(int) (0.55 * game.screen_height),&#10;&#9;&#9;&#9;&#9;&#9;&#9;(int) (0.2 * game.screen_width),&#10;&#9;&#9;&#9;&#9;&#9;&#9;(int) (0.2 * game.screen_height), null);&#10;&#10;&#9;&#9;&#9;&#9;g.setFont(f3);&#10;&#9;&#9;&#9;&#9;g.setColor(Color.BLUE);&#10;&#10;&#9;&#9;&#9;&#9;g.drawString(&quot;Oil:&quot;, (int) (game.screen_width * .33),&#10;&#9;&#9;&#9;&#9;&#9;&#9;(int) (game.screen_height * .43));&#10;&#9;&#9;&#9;&#9;g.drawString(&#10;&#9;&#9;&#9;&#9;&#9;&#9;Integer.toString(game.player.player_score.oil_count)&#10;&#9;&#9;&#9;&#9;&#9;&#9;&#9;&#9;+ &quot; x 10  = &quot;&#10;&#9;&#9;&#9;&#9;&#9;&#9;&#9;&#9;+ Integer&#10;&#9;&#9;&#9;&#9;&#9;&#9;&#9;&#9;&#9;&#9;.toString(game.player.player_score.oil_count * 10),&#10;&#9;&#9;&#9;&#9;&#9;&#9;(int) (game.screen_width * .46),&#10;&#9;&#9;&#9;&#9;&#9;&#9;(int) (game.screen_height * .43));&#10;&#10;&#9;&#9;&#9;&#9;g.drawString(&quot;Fertilizer:&quot;, (int) (game.screen_width * .33),&#10;&#9;&#9;&#9;&#9;&#9;&#9;(int) (game.screen_height * .46));&#10;&#9;&#9;&#9;&#9;g.drawString(&#10;&#9;&#9;&#9;&#9;&#9;&#9;Integer.toString(game.player.player_score.fertilizer_count)&#10;&#9;&#9;&#9;&#9;&#9;&#9;&#9;&#9;+ &quot; x 10  = &quot;&#10;&#9;&#9;&#9;&#9;&#9;&#9;&#9;&#9;+ Integer&#10;&#9;&#9;&#9;&#9;&#9;&#9;&#9;&#9;&#9;&#9;.toString(game.player.player_score.fertilizer_count * 10),&#10;&#9;&#9;&#9;&#9;&#9;&#9;(int) (game.screen_width * .46),&#10;&#9;&#9;&#9;&#9;&#9;&#9;(int) (game.screen_height * .46));&#10;&#10;&#9;&#9;&#9;&#9;g.setColor(Color.RED);&#10;&#9;&#9;&#9;&#9;g.drawString(&quot;Oil:&quot;, (int) (game.screen_width * .33),&#10;&#9;&#9;&#9;&#9;&#9;&#9;(int) (game.screen_height * .49));&#10;&#9;&#9;&#9;&#9;g.drawString(&#10;&#9;&#9;&#9;&#9;&#9;&#9;Integer.toString(game.player.player_score.oil_lost)&#10;&#9;&#9;&#9;&#9;&#9;&#9;&#9;&#9;+ &quot; x 10  = &quot;&#10;&#9;&#9;&#9;&#9;&#9;&#9;&#9;&#9;+ Integer&#10;&#9;&#9;&#9;&#9;&#9;&#9;&#9;&#9;&#9;&#9;.toString(-1&#10;&#9;&#9;&#9;&#9;&#9;&#9;&#9;&#9;&#9;&#9;&#9;&#9;* (game.player.player_score.oil_lost * 10)),&#10;&#9;&#9;&#9;&#9;&#9;&#9;(int) (game.screen_width * .46),&#10;&#9;&#9;&#9;&#9;&#9;&#9;(int) (game.screen_height * .49));&#10;&#9;&#9;&#9;&#9;g.drawString(&quot;Fertilizer:&quot;, (int) (game.screen_width * .33),&#10;&#9;&#9;&#9;&#9;&#9;&#9;(int) (game.screen_height * .52));&#10;&#9;&#9;&#9;&#9;g.drawString(&#10;&#9;&#9;&#9;&#9;&#9;&#9;Integer.toString(game.player.player_score.fertilizer_lost)&#10;&#9;&#9;&#9;&#9;&#9;&#9;&#9;&#9;+ &quot; x 10  = &quot;&#10;&#9;&#9;&#9;&#9;&#9;&#9;&#9;&#9;+ Integer&#10;&#9;&#9;&#9;&#9;&#9;&#9;&#9;&#9;&#9;&#9;.toString(-1&#10;&#9;&#9;&#9;&#9;&#9;&#9;&#9;&#9;&#9;&#9;&#9;&#9;* (game.player.player_score.fertilizer_lost * 10)),&#10;&#9;&#9;&#9;&#9;&#9;&#9;(int) (game.screen_width * .46),&#10;&#9;&#9;&#9;&#9;&#9;&#9;(int) (game.screen_height * .52));&#10;&#10;&#9;&#9;&#9;&#9;g.setFont(f1);&#10;&#10;&#9;&#9;&#9;&#9;g.setColor(Color.BLACK);&#10;&#9;&#9;&#9;&#9;g.drawString(&#10;&#9;&#9;&#9;&#9;&#9;&#9;&quot;Total &quot;&#10;&#9;&#9;&#9;&#9;&#9;&#9;&#9;&#9;+ Integer&#10;&#9;&#9;&#9;&#9;&#9;&#9;&#9;&#9;&#9;&#9;.toString(game.player.player_score.game_score),&#10;&#9;&#9;&#9;&#9;&#9;&#9;(int) (game.screen_width * .57),&#10;&#9;&#9;&#9;&#9;&#9;&#9;(int) (game.screen_height * .52));&#10;&#10;&#9;&#9;&#9;&#9;g.setColor(Color.BLACK);&#10;&#9;&#9;&#9;&#9;g.setFont(f4);&#10;&#9;&#9;&#9;&#9;g.drawString(&quot;High Score List&quot;,&#10;&#9;&#9;&#9;&#9;&#9;&#9;(int) (game.screen_width * .45),&#10;&#9;&#9;&#9;&#9;&#9;&#9;(int) (game.screen_height * .58));&#10;&#9;&#9;&#9;&#9;&#10;&#9;&#9;&#9;&#9;Score_data.clear();&#10;&#9;&#9;&#9;&#9;for (int i = 0; i &lt; 10; i++) {&#10;&#9;&#9;&#9;&#9;&#9;try {&#10;&#9;&#9;&#9;&#9;&#9;&#9;this.Score_data.add(i,HighScoreList.getScores().get(i));&#10;&#9;&#9;&#9;&#9;&#9;} catch (Exception e) {&#10;&#9;&#9;&#9;&#9;&#9;&#9;System.out.println(&quot;not 10 scores&quot;);&#10;&#9;&#9;&#9;&#9;&#9;}&#10;&#9;&#9;&#9;&#9;}&#10;&#10;&#9;&#9;&#9;&#9;double h = 0.63;&#10;&#9;&#9;&#9;&#9;// rank&#10;&#9;&#9;&#9;&#9;for (int i = 0; i &lt; 3; i++) {&#10;&#9;&#9;&#9;&#9;&#9;g.drawString(Score_data.get(i).display()[0],&#10;&#9;&#9;&#9;&#9;&#9;&#9;&#9;(int) (0.43 * game.screen_width),&#10;&#9;&#9;&#9;&#9;&#9;&#9;&#9;(int) (h * game.screen_height));&#10;&#9;&#9;&#9;&#9;&#9;h = h + 0.03;&#10;&#9;&#9;&#9;&#9;}&#10;&#10;&#9;&#9;&#9;&#9;// name&#10;&#9;&#9;&#9;&#9;h = 0.63;&#10;&#9;&#9;&#9;&#9;for (int i = 0; i &lt; 3; i++) {&#10;&#9;&#9;&#9;&#9;&#9;g.drawString(Score_data.get(i).display()[1],&#10;&#9;&#9;&#9;&#9;&#9;&#9;&#9;(int) (0.46 * game.screen_width),&#10;&#9;&#9;&#9;&#9;&#9;&#9;&#9;(int) (h * game.screen_height));&#10;&#9;&#9;&#9;&#9;&#9;h = h + 0.03;&#10;&#9;&#9;&#9;&#9;}&#10;&#10;&#9;&#9;&#9;&#9;// score&#10;&#9;&#9;&#9;&#9;h = 0.63;&#10;&#9;&#9;&#9;&#9;for (int i = 0; i &lt; 3; i++) {&#10;&#9;&#9;&#9;&#9;&#9;g.drawString(Score_data.get(i).display()[2],&#10;&#9;&#9;&#9;&#9;&#9;&#9;&#9;(int) (0.52 * game.screen_width),&#10;&#9;&#9;&#9;&#9;&#9;&#9;&#9;(int) (h * game.screen_height));&#10;&#9;&#9;&#9;&#9;&#9;h = h + 0.03;&#10;&#9;&#9;&#9;&#9;}&#10;&#10;&#9;&#9;&#9;&#9;// date&#10;&#9;&#9;&#9;&#9;h = 0.63;&#10;&#9;&#9;&#9;&#9;for (int i = 0; i &lt; 3; i++) {&#10;&#9;&#9;&#9;&#9;&#9;g.drawString(Score_data.get(i).display()[3],&#10;&#9;&#9;&#9;&#9;&#9;&#9;&#9;(int) (0.58 * game.screen_width),&#10;&#9;&#9;&#9;&#9;&#9;&#9;&#9;(int) (h * game.screen_height));&#10;&#9;&#9;&#9;&#9;&#9;h = h + 0.03;&#10;&#9;&#9;&#9;&#9;}&#10;&#9;&#9;&#9;&#9;&#10;&#9;&#9;&#9;&#9;&#10;&#10;&#9;&#9;&#9;&#9;// to show where current players score lies&#10;&#9;&#9;&#9;&#9;try {&#10;&#9;&#9;&#9;&#9;&#9;ScoreData d4 = HighScoreList.getScores().get(&#10;&#9;&#9;&#9;&#9;&#9;&#9;&#9;game.player.get_players_rank());&#10;&#9;&#9;&#9;&#9;&#9;g.drawString(&#10;&#9;&#9;&#9;&#9;&#9;&#9;&#9;Integer.toString(game.player.get_players_rank() + 1)&#10;&#9;&#9;&#9;&#9;&#9;&#9;&#9;&#9;&#9;+ &quot;. &quot;, (int) (game.screen_width * .43),&#10;&#9;&#9;&#9;&#9;&#9;&#9;&#9;(int) (game.screen_height * .72));&#10;&#9;&#9;&#9;&#9;&#9;g.drawString(d4.name, (int) (game.screen_width * .46),&#10;&#9;&#9;&#9;&#9;&#9;&#9;&#9;(int) (game.screen_height * .72));&#10;&#9;&#9;&#9;&#9;&#9;g.drawString(Double.toString(d4.score),&#10;&#9;&#9;&#9;&#9;&#9;&#9;&#9;(int) (game.screen_width * .52),&#10;&#9;&#9;&#9;&#9;&#9;&#9;&#9;(int) (game.screen_height * .72));&#10;&#9;&#9;&#9;&#9;&#9;g.drawString(d4.date, (int) (game.screen_width * .58),&#10;&#9;&#9;&#9;&#9;&#9;&#9;&#9;(int) (game.screen_height * .72));&#10;&#9;&#9;&#9;&#9;&#9;g.setColor(Color.CYAN);&#10;&#10;&#9;&#9;&#9;&#9;&#9;g.drawRect((int) (game.screen_width * .42),&#10;&#9;&#9;&#9;&#9;&#9;&#9;&#9;(int) (game.screen_height * .695),&#10;&#9;&#9;&#9;&#9;&#9;&#9;&#9;(int) (.23 * game.screen_width),&#10;&#9;&#9;&#9;&#9;&#9;&#9;&#9;(int) (.035 * game.screen_height));&#10;&#9;&#9;&#9;&#9;} catch (NullPointerException e) {&#10;&#9;&#9;&#9;&#9;}&#10;&#10;&#9;&#9;&#9;}&#10;&#9;&#9;&#9;&#10;&#9;&#9;&#9;&#10;&#10;&#9;&#9;}&#10;&#9;}&#10;&#10;}" Filename="DrawGame.java" Intrnl_Id="26"/>
<SrcFile Content="package group2.game;&#13;&#10;&#13;&#10;import java.awt.Image;&#13;&#10;import java.util.Random;&#13;&#10;&#13;&#10;//Ben Gotthold&#13;&#10;// 5/1&#13;&#10;&#13;&#10;public class City {&#13;&#10;&#9;RapidRunoffGame game;&#13;&#10;&#13;&#10;&#9;Random generator = new Random();&#13;&#10;&#9;int update_count = 0;&#13;&#10;&#9;public Image[] buildings = { null, null, null, null, null, null, null };&#13;&#10;&#9;public Image[][] clouds = {&#13;&#10;&#9;&#9;&#9;{ null, null, null, null, null, null, null, null, null, null },&#13;&#10;&#9;&#9;&#9;{ null, null, null, null, null, null, null, null, null, null } };&#13;&#10;&#13;&#10;&#9;public Image cloudL;&#13;&#10;&#9;public Image cloudCL;&#13;&#10;&#9;public Image cloudCR;&#13;&#10;&#9;public Image cloudCLS;&#13;&#10;&#9;public Image cloudCRS;&#13;&#10;&#9;public Image cloudR;&#13;&#10;&#9;public Image city1;&#13;&#10;&#9;public Image city2;&#13;&#10;&#13;&#10;&#9;public City(RapidRunoffGame game) {&#13;&#10;&#9;&#9;this.game = game;&#13;&#10;&#13;&#10;&#9;&#9;this.cloudL = DrawGame.cloudL;&#13;&#10;&#9;&#9;this.cloudCL = DrawGame.cloudCL;&#13;&#10;&#9;&#9;this.cloudCR = DrawGame.cloudCR;&#13;&#10;&#9;&#9;this.cloudCLS = DrawGame.cloudCLS;&#13;&#10;&#9;&#9;this.cloudCRS = DrawGame.cloudCRS;&#13;&#10;&#9;&#9;this.cloudR = DrawGame.cloudR;&#13;&#10;&#9;&#9;this.city1 = DrawGame.city1;&#13;&#10;&#9;&#9;this.city2 = DrawGame.city2;&#13;&#10;&#13;&#10;&#9;}&#13;&#10;&#13;&#10;&#9;public void update() {&#13;&#10;&#9;&#9;update_count++;&#13;&#10;&#13;&#10;&#9;&#9;if (update_count &gt; 10) {&#13;&#10;&#9;&#9;&#9;update_count = 0;&#13;&#10;&#9;&#9;&#9;// increase in strike results in less lightning strikes&#13;&#10;&#9;&#9;&#9;int strike = generator.nextInt(15) + 1;&#13;&#10;&#9;&#9;&#9;int random_index = generator.nextInt(9) + 1;&#13;&#10;&#13;&#10;&#9;&#9;&#9;if (game.game_time % (strike) == 0) {&#13;&#10;&#9;&#9;&#9;&#9;if (clouds[0][random_index] != null) {&#13;&#10;&#9;&#9;&#9;&#9;&#9;clouds[0][random_index] = clouds[1][random_index];&#13;&#10;&#9;&#9;&#9;&#9;&#9;updateClouds();&#13;&#10;&#9;&#9;&#9;&#9;&#9;clouds[0][random_index] = clouds[1][random_index];&#13;&#10;&#13;&#10;&#9;&#9;&#9;&#9;}&#13;&#10;&#9;&#9;&#9;}&#13;&#10;&#13;&#10;&#9;&#9;&#9;else {&#13;&#10;&#9;&#9;&#9;&#9;updateClouds();&#13;&#10;&#13;&#10;&#9;&#9;&#9;}&#13;&#10;&#9;&#9;}&#13;&#10;&#13;&#10;&#9;}&#13;&#10;&#13;&#10;&#9;public void updateClouds() {&#13;&#10;&#9;&#9;if (game.game_time &lt; 120000) {&#13;&#10;&#13;&#10;&#9;&#9;&#9;clouds[0][3] = cloudL;&#13;&#10;&#9;&#9;&#9;clouds[0][4] = cloudCL;&#13;&#10;&#9;&#9;&#9;clouds[0][5] = cloudCR;&#13;&#10;&#9;&#9;&#9;clouds[0][6] = cloudR;&#13;&#10;&#13;&#10;&#9;&#9;&#9;clouds[1][3] = cloudL;&#13;&#10;&#9;&#9;&#9;clouds[1][4] = cloudCLS;&#13;&#10;&#9;&#9;&#9;clouds[1][5] = cloudCRS;&#13;&#10;&#9;&#9;&#9;clouds[1][6] = cloudR;&#13;&#10;&#13;&#10;&#9;&#9;&#9;buildings[3] = city1;&#13;&#10;&#13;&#10;&#9;&#9;}&#13;&#10;&#13;&#10;&#9;&#9;if (game.game_time &lt; 90000) {&#13;&#10;&#13;&#10;&#9;&#9;&#9;clouds[0][2] = cloudL;&#13;&#10;&#9;&#9;&#9;clouds[0][3] = cloudCL;&#13;&#10;&#9;&#9;&#9;clouds[0][6] = cloudCR;&#13;&#10;&#9;&#9;&#9;clouds[0][7] = cloudR;&#13;&#10;&#13;&#10;&#9;&#9;&#9;clouds[1][2] = cloudL;&#13;&#10;&#9;&#9;&#9;clouds[1][3] = cloudCLS;&#13;&#10;&#9;&#9;&#9;clouds[1][6] = cloudCRS;&#13;&#10;&#9;&#9;&#9;clouds[1][7] = cloudR;&#13;&#10;&#13;&#10;&#9;&#9;&#9;buildings[2] = city2;&#13;&#10;&#9;&#9;&#9;buildings[4] = city2;&#13;&#10;&#9;&#9;}&#13;&#10;&#13;&#10;&#9;&#9;if (game.game_time &lt; 60000) {&#13;&#10;&#13;&#10;&#9;&#9;&#9;clouds[0][1] = cloudL;&#13;&#10;&#9;&#9;&#9;clouds[0][2] = cloudCL;&#13;&#10;&#9;&#9;&#9;clouds[0][7] = cloudCR;&#13;&#10;&#9;&#9;&#9;clouds[0][8] = cloudR;&#13;&#10;&#13;&#10;&#9;&#9;&#9;clouds[1][1] = cloudL;&#13;&#10;&#9;&#9;&#9;clouds[1][2] = cloudCLS;&#13;&#10;&#9;&#9;&#9;clouds[1][7] = cloudCRS;&#13;&#10;&#9;&#9;&#9;clouds[1][8] = cloudR;&#13;&#10;&#13;&#10;&#9;&#9;&#9;buildings[1] = city1;&#13;&#10;&#9;&#9;&#9;buildings[5] = city1;&#13;&#10;&#13;&#10;&#9;&#9;}&#13;&#10;&#13;&#10;&#9;&#9;if (game.game_time &lt; 30000) {&#13;&#10;&#13;&#10;&#9;&#9;&#9;clouds[0][0] = cloudL;&#13;&#10;&#9;&#9;&#9;clouds[0][1] = cloudCL;&#13;&#10;&#9;&#9;&#9;clouds[0][8] = cloudCR;&#13;&#10;&#9;&#9;&#9;clouds[0][9] = cloudR;&#13;&#10;&#13;&#10;&#9;&#9;&#9;clouds[1][0] = cloudL;&#13;&#10;&#9;&#9;&#9;clouds[1][1] = cloudCLS;&#13;&#10;&#9;&#9;&#9;clouds[1][8] = cloudCRS;&#13;&#10;&#9;&#9;&#9;clouds[1][9] = cloudR;&#13;&#10;&#13;&#10;&#9;&#9;&#9;buildings[0] = city2;&#13;&#10;&#9;&#9;&#9;buildings[6] = city2;&#13;&#10;&#9;&#9;}&#13;&#10;&#9;}&#13;&#10;}&#13;&#10;" Filename="City.java" Intrnl_Id="27"/>
<SrcFile Content="package group2.game;&#10;&#10;public class Buffer extends RiverBankObjects {&#10;&#10;&#9;Boolean currently_clicked;&#10;&#9;Boolean is_clicked = false;&#10;&#9;Boolean ready = true;&#10;&#9;String text = &quot;Buffer&quot;;&#10;&#9;Position position;&#10;&#9;static public Position menu_position = new Position((1.0 / 60), (11.0 / 30));&#10;&#9;double menu_width = .08;&#10;&#9;double menu_height=.12;&#10;&#9;long time = 20 * 60;&#10;&#10;&#9;Buffer() {&#10;&#9;&#9;this.position = menu_position;&#10;&#9;&#9;this.position.width = menu_width;&#10;&#9;&#9;this.position.height = menu_height;&#10;&#9;&#9;this.ID = &quot;Buffer&quot;;&#10;&#9;&#9;this.is_alive = false;&#10;&#9;&#9;this.is_permanent = false;&#10;&#9;}&#10;&#10;&#9;public boolean checkIfInBuffer(double x, double y) {&#10;&#9;&#9;return x &gt;= position.x &amp;&amp; x &lt;= position.x + this.position.width &amp;&amp; y &gt;= position.y&#10;&#9;&#9;&#9;&#9;&amp;&amp; y &lt;= position.y + this.position.height;&#10;&#10;&#9;}&#10;&#10;&#9;public void deployBuffer() {&#10;&#9;&#9;is_alive = true;&#10;&#9;&#9;ready = false;&#10;&#9;}&#10;&#9;&#10;&#9;public void update(){&#10;&#9;&#9;if(is_alive){&#10;&#9;&#9;&#9;time--;&#10;&#9;&#9;}&#10;&#9;&#9;if(time &lt; 0){&#10;&#9;&#9;&#9;is_alive = false;&#10;&#9;&#9;}&#10;&#9;}&#10;}&#10;" Filename="Buffer.java" Intrnl_Id="28"/>
<SrcFile Content="package group2.game;&#10;&#10;/**&#10; * Mary 4/4/13&#10; */&#10;public class Broom extends PowerUp {&#10;&#10;&#9;Broom(Position position) {&#10;&#9;&#9;super(position);&#10;&#10;&#9;&#9;text = &quot;BROOM&quot;;&#10;&#9;&#9;image = DrawGame.Broom;&#10;&#9;&#9;effect_string1 = &quot;requiring citizens to properly fertilize thir lawns!&quot;;&#10;&#9;&#9;effect_string2 = &quot;Runoff should be free of fertilizer for 10 seconds.&quot;;&#10;&#9;}&#10;&#10;}&#10;" Filename="Broom.java" Intrnl_Id="29"/>
<SrcFile Content="package group2.game;&#10;&#10;import java.awt.Image;&#10;&#10;public class Bin extends MenuObject {&#10;&#10;&#9;Image bin_image;&#10;&#9;Position position;&#10;&#10;&#9;public Bin(Position p) {&#10;&#9;&#9;super(p);&#10;&#9;&#9;this.position = p;&#10;&#9;&#9;p.height = .125;&#10;&#9;&#9;p.width = .125;&#10;&#9;}&#10;&#10;&#9;public boolean checkIfInBin(double x, double y) {&#10;&#9;&#9;return x &gt;= position.x &amp;&amp; x &lt;= position.x + position.width&#10;&#9;&#9;&#9;&#9;&amp;&amp; y &gt;= position.y &amp;&amp; y &lt;= position.y + position.height;&#10;&#9;}&#10;}&#10;" Filename="Bin.java" Intrnl_Id="30"/>
</SrcFileList>
<CritList>
<CritListEntry Name="org.codecover.model.utils.criteria.LoopCoverage" PluginName="org.codecover"/>
<CritListEntry Name="org.codecover.model.utils.criteria.BranchCoverage" PluginName="org.codecover"/>
<CritListEntry Name="org.codecover.model.utils.criteria.ConditionCoverage" PluginName="org.codecover"/>
<CritListEntry Name="org.codecover.model.utils.criteria.StatementCoverage" PluginName="org.codecover"/>
</CritList>
<BoolOpList>
<BoolOp Arity="1" Intrnl_Id="31" Name="not (!)">
<BoolAssgnmntBoolMapList>
<MapEntry BoolAssgnmnt="0" Value="true"/>
<MapEntry BoolAssgnmnt="1" Value="false"/>
</BoolAssgnmntBoolMapList>
</BoolOp>
<BoolOp Arity="2" Intrnl_Id="32" Name="conditional and (&amp;&amp;)">
<BoolAssgnmntBoolMapList>
<MapEntry BoolAssgnmnt="10" Value="false"/>
<MapEntry BoolAssgnmnt="02" Value="false"/>
<MapEntry BoolAssgnmnt="11" Value="true"/>
</BoolAssgnmntBoolMapList>
</BoolOp>
<BoolOp Arity="2" Intrnl_Id="33" Name="conditional or (||)">
<BoolAssgnmntBoolMapList>
<MapEntry BoolAssgnmnt="01" Value="true"/>
<MapEntry BoolAssgnmnt="00" Value="false"/>
<MapEntry BoolAssgnmnt="12" Value="true"/>
</BoolAssgnmntBoolMapList>
</BoolOp>
</BoolOpList>
<HierarchyLvlTypeList>
<HierarchyLvlType EnglishName="package" IntrnlName="package" Intrnl_Id="34"/>
<HierarchyLvlType EnglishName="class" IntrnlName="class" Intrnl_Id="35"/>
<HierarchyLvlType EnglishName="method" IntrnlName="method" Intrnl_Id="36"/>
<HierarchyLvlType EnglishName="default package" IntrnlName="default package" Intrnl_Id="37"/>
<HierarchyLvlType EnglishName="anonymous class" IntrnlName="class" Intrnl_Id="38"/>
</HierarchyLvlTypeList>
<MASTRoot>
<HierarchyLvl HierarchyLvlId="158" HierarchyLvlTypeId="37" Intrnl_Id="39" Name="default package">
<Header/>
<LocList/>
<HierarchyLvl HierarchyLvlId="157" HierarchyLvlTypeId="34" Intrnl_Id="40" Name="group2">
<Header/>
<LocList/>
<HierarchyLvl HierarchyLvlId="156" HierarchyLvlTypeId="34" Intrnl_Id="41" Name="game">
<Header/>
<LocList/>
<HierarchyLvl HierarchyLvlId="12" HierarchyLvlTypeId="35" Intrnl_Id="42" Name="WaterObjects">
<Header>
<Loc EndOffset="153" SrcFileId="1" StartOffset="119"/>
</Header>
<LocList>
<Loc EndOffset="9080" SrcFileId="1" StartOffset="119"/>
</LocList>
<StmntSeq Intrnl_Id="43">
<LocList>
<Loc EndOffset="236" SrcFileId="1" StartOffset="201"/>
<Loc EndOffset="262" SrcFileId="1" StartOffset="238"/>
<Loc EndOffset="300" SrcFileId="1" StartOffset="264"/>
<Loc EndOffset="325" SrcFileId="1" StartOffset="302"/>
<Loc EndOffset="361" SrcFileId="1" StartOffset="327"/>
<Loc EndOffset="389" SrcFileId="1" StartOffset="363"/>
<Loc EndOffset="406" SrcFileId="1" StartOffset="391"/>
<Loc EndOffset="439" SrcFileId="1" StartOffset="408"/>
<Loc EndOffset="468" SrcFileId="1" StartOffset="441"/>
<Loc EndOffset="499" SrcFileId="1" StartOffset="482"/>
<Loc EndOffset="543" SrcFileId="1" StartOffset="516"/>
<Loc EndOffset="589" SrcFileId="1" StartOffset="545"/>
<Loc EndOffset="614" SrcFileId="1" StartOffset="592"/>
<Loc EndOffset="642" SrcFileId="1" StartOffset="616"/>
</LocList>
<BasicStmnt CovItemId="S1" CovItemPrefix="group2.game.WaterObjects.java" Intrnl_Id="44">
<LocList>
<Loc EndOffset="236" SrcFileId="1" StartOffset="201"/>
</LocList>
</BasicStmnt>
<BasicStmnt CovItemId="S2" CovItemPrefix="group2.game.WaterObjects.java" Intrnl_Id="45">
<LocList>
<Loc EndOffset="262" SrcFileId="1" StartOffset="238"/>
</LocList>
</BasicStmnt>
<BasicStmnt CovItemId="S3" CovItemPrefix="group2.game.WaterObjects.java" Intrnl_Id="46">
<LocList>
<Loc EndOffset="300" SrcFileId="1" StartOffset="264"/>
</LocList>
</BasicStmnt>
<BasicStmnt CovItemId="S4" CovItemPrefix="group2.game.WaterObjects.java" Intrnl_Id="47">
<LocList>
<Loc EndOffset="325" SrcFileId="1" StartOffset="302"/>
</LocList>
</BasicStmnt>
<BasicStmnt CovItemId="S5" CovItemPrefix="group2.game.WaterObjects.java" Intrnl_Id="48">
<LocList>
<Loc EndOffset="361" SrcFileId="1" StartOffset="327"/>
</LocList>
</BasicStmnt>
<BasicStmnt CovItemId="S6" CovItemPrefix="group2.game.WaterObjects.java" Intrnl_Id="49">
<LocList>
<Loc EndOffset="389" SrcFileId="1" StartOffset="363"/>
</LocList>
</BasicStmnt>
<BasicStmnt CovItemId="S7" CovItemPrefix="group2.game.WaterObjects.java" Intrnl_Id="50">
<LocList>
<Loc EndOffset="406" SrcFileId="1" StartOffset="391"/>
</LocList>
</BasicStmnt>
<BasicStmnt CovItemId="S8" CovItemPrefix="group2.game.WaterObjects.java" Intrnl_Id="51">
<LocList>
<Loc EndOffset="439" SrcFileId="1" StartOffset="408"/>
</LocList>
</BasicStmnt>
<BasicStmnt CovItemId="S9" CovItemPrefix="group2.game.WaterObjects.java" Intrnl_Id="52">
<LocList>
<Loc EndOffset="468" SrcFileId="1" StartOffset="441"/>
</LocList>
</BasicStmnt>
<BasicStmnt CovItemId="S10" CovItemPrefix="group2.game.WaterObjects.java" Intrnl_Id="53">
<LocList>
<Loc EndOffset="499" SrcFileId="1" StartOffset="482"/>
</LocList>
</BasicStmnt>
<BasicStmnt CovItemId="S11" CovItemPrefix="group2.game.WaterObjects.java" Intrnl_Id="54">
<LocList>
<Loc EndOffset="543" SrcFileId="1" StartOffset="516"/>
</LocList>
</BasicStmnt>
<BasicStmnt CovItemId="S12" CovItemPrefix="group2.game.WaterObjects.java" Intrnl_Id="55">
<LocList>
<Loc EndOffset="589" SrcFileId="1" StartOffset="545"/>
</LocList>
</BasicStmnt>
<BasicStmnt CovItemId="S13" CovItemPrefix="group2.game.WaterObjects.java" Intrnl_Id="56">
<LocList>
<Loc EndOffset="614" SrcFileId="1" StartOffset="592"/>
</LocList>
</BasicStmnt>
<BasicStmnt CovItemId="S14" CovItemPrefix="group2.game.WaterObjects.java" Intrnl_Id="57">
<LocList>
<Loc EndOffset="642" SrcFileId="1" StartOffset="616"/>
</LocList>
</BasicStmnt>
</StmntSeq>
<HierarchyLvl HierarchyLvlId="1" HierarchyLvlTypeId="36" Intrnl_Id="58" Name="WaterObjects">
<Header>
<Loc EndOffset="773" SrcFileId="1" StartOffset="711"/>
</Header>
<LocList>
<Loc EndOffset="908" SrcFileId="1" StartOffset="711"/>
</LocList>
<StmntSeq Intrnl_Id="59">
<LocList>
<Loc EndOffset="796" SrcFileId="1" StartOffset="778"/>
<Loc EndOffset="813" SrcFileId="1" StartOffset="799"/>
<Loc EndOffset="875" SrcFileId="1" StartOffset="816"/>
<Loc EndOffset="905" SrcFileId="1" StartOffset="878"/>
</LocList>
<BasicStmnt CovItemId="S15" CovItemPrefix="group2.game.WaterObjects.java" Intrnl_Id="60">
<LocList>
<Loc EndOffset="796" SrcFileId="1" StartOffset="778"/>
</LocList>
</BasicStmnt>
<BasicStmnt CovItemId="S16" CovItemPrefix="group2.game.WaterObjects.java" Intrnl_Id="61">
<LocList>
<Loc EndOffset="813" SrcFileId="1" StartOffset="799"/>
</LocList>
</BasicStmnt>
<BasicStmnt CovItemId="S17" CovItemPrefix="group2.game.WaterObjects.java" Intrnl_Id="62">
<LocList>
<Loc EndOffset="875" SrcFileId="1" StartOffset="816"/>
</LocList>
</BasicStmnt>
<BasicStmnt CovItemId="S18" CovItemPrefix="group2.game.WaterObjects.java" Intrnl_Id="63">
<LocList>
<Loc EndOffset="905" SrcFileId="1" StartOffset="878"/>
</LocList>
</BasicStmnt>
</StmntSeq>
</HierarchyLvl>
<HierarchyLvl HierarchyLvlId="2" HierarchyLvlTypeId="36" Intrnl_Id="64" Name="checkClickRange">
<Header>
<Loc EndOffset="1079" SrcFileId="1" StartOffset="1029"/>
</Header>
<LocList>
<Loc EndOffset="1276" SrcFileId="1" StartOffset="1029"/>
</LocList>
<StmntSeq Intrnl_Id="65">
<LocList>
<Loc EndOffset="1106" SrcFileId="1" StartOffset="1084"/>
<Loc EndOffset="1131" SrcFileId="1" StartOffset="1109"/>
<Loc EndOffset="1273" SrcFileId="1" StartOffset="1135"/>
</LocList>
<BasicStmnt CovItemId="S19" CovItemPrefix="group2.game.WaterObjects.java" Intrnl_Id="66">
<LocList>
<Loc EndOffset="1106" SrcFileId="1" StartOffset="1084"/>
</LocList>
</BasicStmnt>
<BasicStmnt CovItemId="S20" CovItemPrefix="group2.game.WaterObjects.java" Intrnl_Id="67">
<LocList>
<Loc EndOffset="1131" SrcFileId="1" StartOffset="1109"/>
</LocList>
</BasicStmnt>
<BasicStmnt CovItemId="S21" CovItemPrefix="group2.game.WaterObjects.java" Intrnl_Id="68">
<LocList>
<Loc EndOffset="1273" SrcFileId="1" StartOffset="1135"/>
</LocList>
</BasicStmnt>
</StmntSeq>
</HierarchyLvl>
<HierarchyLvl HierarchyLvlId="3" HierarchyLvlTypeId="36" Intrnl_Id="69" Name="checkIfInBin">
<Header>
<Loc EndOffset="1457" SrcFileId="1" StartOffset="1410"/>
</Header>
<LocList>
<Loc EndOffset="1616" SrcFileId="1" StartOffset="1410"/>
</LocList>
<StmntSeq Intrnl_Id="70">
<LocList>
<Loc EndOffset="1613" SrcFileId="1" StartOffset="1462"/>
</LocList>
<BasicStmnt CovItemId="S22" CovItemPrefix="group2.game.WaterObjects.java" Intrnl_Id="71">
<LocList>
<Loc EndOffset="1613" SrcFileId="1" StartOffset="1462"/>
</LocList>
</BasicStmnt>
</StmntSeq>
</HierarchyLvl>
<HierarchyLvl HierarchyLvlId="4" HierarchyLvlTypeId="36" Intrnl_Id="72" Name="increment">
<Header>
<Loc EndOffset="1680" SrcFileId="1" StartOffset="1657"/>
</Header>
<LocList>
<Loc EndOffset="1686" SrcFileId="1" StartOffset="1657"/>
</LocList>
</HierarchyLvl>
<HierarchyLvl HierarchyLvlId="5" HierarchyLvlTypeId="36" Intrnl_Id="73" Name="moveWaterObject">
<Header>
<Loc EndOffset="1790" SrcFileId="1" StartOffset="1761"/>
</Header>
<LocList>
<Loc EndOffset="1933" SrcFileId="1" StartOffset="1761"/>
</LocList>
<StmntSeq Intrnl_Id="74">
<LocList>
<Loc EndOffset="1842" SrcFileId="1" StartOffset="1795"/>
<Loc EndOffset="1892" SrcFileId="1" StartOffset="1845"/>
<Loc EndOffset="1930" SrcFileId="1" StartOffset="1895"/>
</LocList>
<BasicStmnt CovItemId="S23" CovItemPrefix="group2.game.WaterObjects.java" Intrnl_Id="75">
<LocList>
<Loc EndOffset="1842" SrcFileId="1" StartOffset="1795"/>
</LocList>
</BasicStmnt>
<BasicStmnt CovItemId="S24" CovItemPrefix="group2.game.WaterObjects.java" Intrnl_Id="76">
<LocList>
<Loc EndOffset="1892" SrcFileId="1" StartOffset="1845"/>
</LocList>
</BasicStmnt>
<BasicStmnt CovItemId="S25" CovItemPrefix="group2.game.WaterObjects.java" Intrnl_Id="77">
<LocList>
<Loc EndOffset="1930" SrcFileId="1" StartOffset="1895"/>
</LocList>
</BasicStmnt>
</StmntSeq>
</HierarchyLvl>
<HierarchyLvl HierarchyLvlId="6" HierarchyLvlTypeId="36" Intrnl_Id="78" Name="remove">
<Header>
<Loc EndOffset="2090" SrcFileId="1" StartOffset="2057"/>
</Header>
<LocList>
<Loc EndOffset="2216" SrcFileId="1" StartOffset="2057"/>
</LocList>
<StmntSeq Intrnl_Id="79">
<LocList>
<Loc EndOffset="2110" SrcFileId="1" StartOffset="2095"/>
<Loc EndOffset="2167" SrcFileId="1" StartOffset="2113"/>
<Loc EndOffset="2212" SrcFileId="1" StartOffset="2170"/>
</LocList>
<BasicStmnt CovItemId="S26" CovItemPrefix="group2.game.WaterObjects.java" Intrnl_Id="80">
<LocList>
<Loc EndOffset="2110" SrcFileId="1" StartOffset="2095"/>
</LocList>
</BasicStmnt>
<BasicStmnt CovItemId="S27" CovItemPrefix="group2.game.WaterObjects.java" Intrnl_Id="81">
<LocList>
<Loc EndOffset="2167" SrcFileId="1" StartOffset="2113"/>
</LocList>
<QMO CovItemId="Q0" CovItemPrefix="group2.game.WaterObjects.java" Intrnl_Id="82">
<LocList>
<Loc EndOffset="2131" SrcFileId="1" StartOffset="2126"/>
</LocList>
<QMO_E CovItemId="Q0-0" CovItemPrefix="group2.game.WaterObjects.java" Intrnl_Id="83">
<LocList>
<Loc EndOffset="2145" SrcFileId="1" StartOffset="2134"/>
</LocList>
</QMO_E>
<QMO_E CovItemId="Q0-1" CovItemPrefix="group2.game.WaterObjects.java" Intrnl_Id="84">
<LocList>
<Loc EndOffset="2166" SrcFileId="1" StartOffset="2148"/>
</LocList>
</QMO_E>
</QMO>
</BasicStmnt>
<BasicStmnt CovItemId="S28" CovItemPrefix="group2.game.WaterObjects.java" Intrnl_Id="85">
<LocList>
<Loc EndOffset="2212" SrcFileId="1" StartOffset="2170"/>
</LocList>
</BasicStmnt>
</StmntSeq>
</HierarchyLvl>
<HierarchyLvl HierarchyLvlId="7" HierarchyLvlTypeId="36" Intrnl_Id="86" Name="setPos">
<Header>
<Loc EndOffset="2258" SrcFileId="1" StartOffset="2220"/>
</Header>
<LocList>
<Loc EndOffset="2298" SrcFileId="1" StartOffset="2220"/>
</LocList>
<StmntSeq Intrnl_Id="87">
<LocList>
<Loc EndOffset="2277" SrcFileId="1" StartOffset="2262"/>
<Loc EndOffset="2295" SrcFileId="1" StartOffset="2280"/>
</LocList>
<BasicStmnt CovItemId="S29" CovItemPrefix="group2.game.WaterObjects.java" Intrnl_Id="88">
<LocList>
<Loc EndOffset="2277" SrcFileId="1" StartOffset="2262"/>
</LocList>
</BasicStmnt>
<BasicStmnt CovItemId="S30" CovItemPrefix="group2.game.WaterObjects.java" Intrnl_Id="89">
<LocList>
<Loc EndOffset="2295" SrcFileId="1" StartOffset="2280"/>
</LocList>
</BasicStmnt>
</StmntSeq>
</HierarchyLvl>
<HierarchyLvl HierarchyLvlId="8" HierarchyLvlTypeId="36" Intrnl_Id="90" Name="destroy">
<Header>
<Loc EndOffset="2323" SrcFileId="1" StartOffset="2302"/>
</Header>
<LocList>
<Loc EndOffset="2366" SrcFileId="1" StartOffset="2302"/>
</LocList>
<StmntSeq Intrnl_Id="91">
<LocList>
<Loc EndOffset="2363" SrcFileId="1" StartOffset="2327"/>
</LocList>
<BasicStmnt CovItemId="S31" CovItemPrefix="group2.game.WaterObjects.java" Intrnl_Id="92">
<LocList>
<Loc EndOffset="2363" SrcFileId="1" StartOffset="2327"/>
</LocList>
</BasicStmnt>
</StmntSeq>
</HierarchyLvl>
<HierarchyLvl HierarchyLvlId="9" HierarchyLvlTypeId="36" Intrnl_Id="93" Name="checkIfInRiver">
<Header>
<Loc EndOffset="2497" SrcFileId="1" StartOffset="2466"/>
</Header>
<LocList>
<Loc EndOffset="4833" SrcFileId="1" StartOffset="2466"/>
</LocList>
<StmntSeq Intrnl_Id="94">
<LocList>
<Loc EndOffset="4814" SrcFileId="1" StartOffset="2502"/>
<Loc EndOffset="4830" SrcFileId="1" StartOffset="4817"/>
</LocList>
<CondStmnt CovItemId="S32" CovItemPrefix="group2.game.WaterObjects.java" Intrnl_Id="95">
<Branch CovItemId="B1" CovItemPrefix="group2.game.WaterObjects.java" Implct="false" Intrnl_Id="96">
<Cond/>
<LocList>
<Loc EndOffset="4814" SrcFileId="1" StartOffset="2574"/>
</LocList>
<StmntSeq Intrnl_Id="97">
<LocList>
<Loc EndOffset="2599" SrcFileId="1" StartOffset="2579"/>
<Loc EndOffset="2618" SrcFileId="1" StartOffset="2603"/>
<Loc EndOffset="2674" SrcFileId="1" StartOffset="2622"/>
<Loc EndOffset="2731" SrcFileId="1" StartOffset="2678"/>
<Loc EndOffset="2785" SrcFileId="1" StartOffset="2735"/>
<Loc EndOffset="4577" SrcFileId="1" StartOffset="2851"/>
<Loc EndOffset="4679" SrcFileId="1" StartOffset="4582"/>
<Loc EndOffset="4794" SrcFileId="1" StartOffset="4683"/>
<Loc EndOffset="4810" SrcFileId="1" StartOffset="4798"/>
</LocList>
<BasicStmnt CovItemId="S33" CovItemPrefix="group2.game.WaterObjects.java" Intrnl_Id="98">
<LocList>
<Loc EndOffset="2599" SrcFileId="1" StartOffset="2579"/>
</LocList>
</BasicStmnt>
<BasicStmnt CovItemId="S34" CovItemPrefix="group2.game.WaterObjects.java" Intrnl_Id="99">
<LocList>
<Loc EndOffset="2618" SrcFileId="1" StartOffset="2603"/>
</LocList>
</BasicStmnt>
<BasicStmnt CovItemId="S35" CovItemPrefix="group2.game.WaterObjects.java" Intrnl_Id="100">
<LocList>
<Loc EndOffset="2674" SrcFileId="1" StartOffset="2622"/>
</LocList>
</BasicStmnt>
<BasicStmnt CovItemId="S36" CovItemPrefix="group2.game.WaterObjects.java" Intrnl_Id="101">
<LocList>
<Loc EndOffset="2731" SrcFileId="1" StartOffset="2678"/>
</LocList>
</BasicStmnt>
<BasicStmnt CovItemId="S37" CovItemPrefix="group2.game.WaterObjects.java" Intrnl_Id="102">
<LocList>
<Loc EndOffset="2785" SrcFileId="1" StartOffset="2735"/>
</LocList>
</BasicStmnt>
<CondStmnt CovItemId="S38" CovItemPrefix="group2.game.WaterObjects.java" Intrnl_Id="103">
<Branch CovItemId="B3" CovItemPrefix="group2.game.WaterObjects.java" Implct="false" Intrnl_Id="104">
<Cond/>
<LocList>
<Loc EndOffset="3131" SrcFileId="1" StartOffset="2999"/>
</LocList>
<StmntSeq Intrnl_Id="105">
<LocList>
<Loc EndOffset="3126" SrcFileId="1" StartOffset="3005"/>
</LocList>
<CondStmnt CovItemId="S39" CovItemPrefix="group2.game.WaterObjects.java" Intrnl_Id="106">
<Branch CovItemId="B5" CovItemPrefix="group2.game.WaterObjects.java" Implct="false" Intrnl_Id="107">
<Cond/>
<LocList>
<Loc EndOffset="3126" SrcFileId="1" StartOffset="3046"/>
</LocList>
<StmntSeq Intrnl_Id="108">
<LocList>
<Loc EndOffset="3072" SrcFileId="1" StartOffset="3053"/>
</LocList>
<BasicStmnt CovItemId="S40" CovItemPrefix="group2.game.WaterObjects.java" Intrnl_Id="109">
<LocList>
<Loc EndOffset="3072" SrcFileId="1" StartOffset="3053"/>
</LocList>
</BasicStmnt>
</StmntSeq>
</Branch>
<Branch CovItemId="B6" CovItemPrefix="group2.game.WaterObjects.java" Implct="true" Intrnl_Id="110">
<Cond/>
<LocList/>
<StmntSeq Intrnl_Id="111">
<LocList/>
</StmntSeq>
</Branch>
<Keyword EndOffset="3007" SrcFileId="1" StartOffset="3005"/>
<LocList>
<Loc EndOffset="3126" SrcFileId="1" StartOffset="3005"/>
</LocList>
<RootTerm CovItemId="C3" CovItemPrefix="group2.game.WaterObjects.java" Intrnl_Id="112">
<BasicBoolTerm Intrnl_Id="113">
<LocList>
<Loc EndOffset="3044" SrcFileId="1" StartOffset="3009"/>
</LocList>
</BasicBoolTerm>
</RootTerm>
</CondStmnt>
</StmntSeq>
</Branch>
<Branch CovItemId="B4" CovItemPrefix="group2.game.WaterObjects.java" Implct="false" Intrnl_Id="114">
<Cond>
<Loc EndOffset="3202" SrcFileId="1" StartOffset="3198"/>
</Cond>
<LocList>
<Loc EndOffset="4577" SrcFileId="1" StartOffset="3203"/>
</LocList>
<StmntSeq Intrnl_Id="115">
<LocList>
<Loc EndOffset="4577" SrcFileId="1" StartOffset="3203"/>
</LocList>
<CondStmnt CovItemId="S41" CovItemPrefix="group2.game.WaterObjects.java" Intrnl_Id="116">
<Branch CovItemId="B7" CovItemPrefix="group2.game.WaterObjects.java" Implct="false" Intrnl_Id="117">
<Cond/>
<LocList>
<Loc EndOffset="3512" SrcFileId="1" StartOffset="3380"/>
</LocList>
<StmntSeq Intrnl_Id="118">
<LocList>
<Loc EndOffset="3507" SrcFileId="1" StartOffset="3386"/>
</LocList>
<CondStmnt CovItemId="S42" CovItemPrefix="group2.game.WaterObjects.java" Intrnl_Id="119">
<Branch CovItemId="B9" CovItemPrefix="group2.game.WaterObjects.java" Implct="false" Intrnl_Id="120">
<Cond/>
<LocList>
<Loc EndOffset="3507" SrcFileId="1" StartOffset="3427"/>
</LocList>
<StmntSeq Intrnl_Id="121">
<LocList>
<Loc EndOffset="3453" SrcFileId="1" StartOffset="3434"/>
</LocList>
<BasicStmnt CovItemId="S43" CovItemPrefix="group2.game.WaterObjects.java" Intrnl_Id="122">
<LocList>
<Loc EndOffset="3453" SrcFileId="1" StartOffset="3434"/>
</LocList>
</BasicStmnt>
</StmntSeq>
</Branch>
<Branch CovItemId="B10" CovItemPrefix="group2.game.WaterObjects.java" Implct="true" Intrnl_Id="123">
<Cond/>
<LocList/>
<StmntSeq Intrnl_Id="124">
<LocList/>
</StmntSeq>
</Branch>
<Keyword EndOffset="3388" SrcFileId="1" StartOffset="3386"/>
<LocList>
<Loc EndOffset="3507" SrcFileId="1" StartOffset="3386"/>
</LocList>
<RootTerm CovItemId="C5" CovItemPrefix="group2.game.WaterObjects.java" Intrnl_Id="125">
<BasicBoolTerm Intrnl_Id="126">
<LocList>
<Loc EndOffset="3425" SrcFileId="1" StartOffset="3390"/>
</LocList>
</BasicBoolTerm>
</RootTerm>
</CondStmnt>
</StmntSeq>
</Branch>
<Branch CovItemId="B8" CovItemPrefix="group2.game.WaterObjects.java" Implct="false" Intrnl_Id="127">
<Cond>
<Loc EndOffset="3582" SrcFileId="1" StartOffset="3578"/>
</Cond>
<LocList>
<Loc EndOffset="4577" SrcFileId="1" StartOffset="3583"/>
</LocList>
<StmntSeq Intrnl_Id="128">
<LocList>
<Loc EndOffset="4577" SrcFileId="1" StartOffset="3583"/>
</LocList>
<CondStmnt CovItemId="S44" CovItemPrefix="group2.game.WaterObjects.java" Intrnl_Id="129">
<Branch CovItemId="B11" CovItemPrefix="group2.game.WaterObjects.java" Implct="false" Intrnl_Id="130">
<Cond/>
<LocList>
<Loc EndOffset="3867" SrcFileId="1" StartOffset="3734"/>
</LocList>
<StmntSeq Intrnl_Id="131">
<LocList>
<Loc EndOffset="3862" SrcFileId="1" StartOffset="3740"/>
</LocList>
<CondStmnt CovItemId="S45" CovItemPrefix="group2.game.WaterObjects.java" Intrnl_Id="132">
<Branch CovItemId="B13" CovItemPrefix="group2.game.WaterObjects.java" Implct="false" Intrnl_Id="133">
<Cond/>
<LocList>
<Loc EndOffset="3862" SrcFileId="1" StartOffset="3782"/>
</LocList>
<StmntSeq Intrnl_Id="134">
<LocList>
<Loc EndOffset="3808" SrcFileId="1" StartOffset="3789"/>
</LocList>
<BasicStmnt CovItemId="S46" CovItemPrefix="group2.game.WaterObjects.java" Intrnl_Id="135">
<LocList>
<Loc EndOffset="3808" SrcFileId="1" StartOffset="3789"/>
</LocList>
</BasicStmnt>
</StmntSeq>
</Branch>
<Branch CovItemId="B14" CovItemPrefix="group2.game.WaterObjects.java" Implct="true" Intrnl_Id="136">
<Cond/>
<LocList/>
<StmntSeq Intrnl_Id="137">
<LocList/>
</StmntSeq>
</Branch>
<Keyword EndOffset="3742" SrcFileId="1" StartOffset="3740"/>
<LocList>
<Loc EndOffset="3862" SrcFileId="1" StartOffset="3740"/>
</LocList>
<RootTerm CovItemId="C7" CovItemPrefix="group2.game.WaterObjects.java" Intrnl_Id="138">
<BasicBoolTerm Intrnl_Id="139">
<LocList>
<Loc EndOffset="3780" SrcFileId="1" StartOffset="3744"/>
</LocList>
</BasicBoolTerm>
</RootTerm>
</CondStmnt>
</StmntSeq>
</Branch>
<Branch CovItemId="B12" CovItemPrefix="group2.game.WaterObjects.java" Implct="false" Intrnl_Id="140">
<Cond>
<Loc EndOffset="3939" SrcFileId="1" StartOffset="3935"/>
</Cond>
<LocList>
<Loc EndOffset="4577" SrcFileId="1" StartOffset="3940"/>
</LocList>
<StmntSeq Intrnl_Id="141">
<LocList>
<Loc EndOffset="4577" SrcFileId="1" StartOffset="3940"/>
</LocList>
<CondStmnt CovItemId="S47" CovItemPrefix="group2.game.WaterObjects.java" Intrnl_Id="142">
<Branch CovItemId="B15" CovItemPrefix="group2.game.WaterObjects.java" Implct="false" Intrnl_Id="143">
<Cond/>
<LocList>
<Loc EndOffset="4254" SrcFileId="1" StartOffset="4121"/>
</LocList>
<StmntSeq Intrnl_Id="144">
<LocList>
<Loc EndOffset="4249" SrcFileId="1" StartOffset="4127"/>
</LocList>
<CondStmnt CovItemId="S48" CovItemPrefix="group2.game.WaterObjects.java" Intrnl_Id="145">
<Branch CovItemId="B17" CovItemPrefix="group2.game.WaterObjects.java" Implct="false" Intrnl_Id="146">
<Cond/>
<LocList>
<Loc EndOffset="4249" SrcFileId="1" StartOffset="4169"/>
</LocList>
<StmntSeq Intrnl_Id="147">
<LocList>
<Loc EndOffset="4195" SrcFileId="1" StartOffset="4176"/>
</LocList>
<BasicStmnt CovItemId="S49" CovItemPrefix="group2.game.WaterObjects.java" Intrnl_Id="148">
<LocList>
<Loc EndOffset="4195" SrcFileId="1" StartOffset="4176"/>
</LocList>
</BasicStmnt>
</StmntSeq>
</Branch>
<Branch CovItemId="B18" CovItemPrefix="group2.game.WaterObjects.java" Implct="true" Intrnl_Id="149">
<Cond/>
<LocList/>
<StmntSeq Intrnl_Id="150">
<LocList/>
</StmntSeq>
</Branch>
<Keyword EndOffset="4129" SrcFileId="1" StartOffset="4127"/>
<LocList>
<Loc EndOffset="4249" SrcFileId="1" StartOffset="4127"/>
</LocList>
<RootTerm CovItemId="C9" CovItemPrefix="group2.game.WaterObjects.java" Intrnl_Id="151">
<BasicBoolTerm Intrnl_Id="152">
<LocList>
<Loc EndOffset="4167" SrcFileId="1" StartOffset="4131"/>
</LocList>
</BasicBoolTerm>
</RootTerm>
</CondStmnt>
</StmntSeq>
</Branch>
<Branch CovItemId="B16" CovItemPrefix="group2.game.WaterObjects.java" Implct="false" Intrnl_Id="153">
<Cond>
<Loc EndOffset="4305" SrcFileId="1" StartOffset="4301"/>
</Cond>
<LocList>
<Loc EndOffset="4577" SrcFileId="1" StartOffset="4306"/>
</LocList>
<StmntSeq Intrnl_Id="154">
<LocList>
<Loc EndOffset="4577" SrcFileId="1" StartOffset="4306"/>
</LocList>
<CondStmnt CovItemId="S50" CovItemPrefix="group2.game.WaterObjects.java" Intrnl_Id="155">
<Branch CovItemId="B19" CovItemPrefix="group2.game.WaterObjects.java" Implct="false" Intrnl_Id="156">
<Cond/>
<LocList>
<Loc EndOffset="4577" SrcFileId="1" StartOffset="4447"/>
</LocList>
<StmntSeq Intrnl_Id="157">
<LocList>
<Loc EndOffset="4572" SrcFileId="1" StartOffset="4453"/>
</LocList>
<CondStmnt CovItemId="S51" CovItemPrefix="group2.game.WaterObjects.java" Intrnl_Id="158">
<Branch CovItemId="B21" CovItemPrefix="group2.game.WaterObjects.java" Implct="false" Intrnl_Id="159">
<Cond/>
<LocList>
<Loc EndOffset="4572" SrcFileId="1" StartOffset="4492"/>
</LocList>
<StmntSeq Intrnl_Id="160">
<LocList>
<Loc EndOffset="4518" SrcFileId="1" StartOffset="4499"/>
</LocList>
<BasicStmnt CovItemId="S52" CovItemPrefix="group2.game.WaterObjects.java" Intrnl_Id="161">
<LocList>
<Loc EndOffset="4518" SrcFileId="1" StartOffset="4499"/>
</LocList>
</BasicStmnt>
</StmntSeq>
</Branch>
<Branch CovItemId="B22" CovItemPrefix="group2.game.WaterObjects.java" Implct="true" Intrnl_Id="162">
<Cond/>
<LocList/>
<StmntSeq Intrnl_Id="163">
<LocList/>
</StmntSeq>
</Branch>
<Keyword EndOffset="4455" SrcFileId="1" StartOffset="4453"/>
<LocList>
<Loc EndOffset="4572" SrcFileId="1" StartOffset="4453"/>
</LocList>
<RootTerm CovItemId="C11" CovItemPrefix="group2.game.WaterObjects.java" Intrnl_Id="164">
<BasicBoolTerm Intrnl_Id="165">
<LocList>
<Loc EndOffset="4490" SrcFileId="1" StartOffset="4457"/>
</LocList>
</BasicBoolTerm>
</RootTerm>
</CondStmnt>
</StmntSeq>
</Branch>
<Branch CovItemId="B20" CovItemPrefix="group2.game.WaterObjects.java" Implct="true" Intrnl_Id="166">
<Cond/>
<LocList/>
<StmntSeq Intrnl_Id="167">
<LocList/>
</StmntSeq>
</Branch>
<Keyword EndOffset="4308" SrcFileId="1" StartOffset="4306"/>
<LocList>
<Loc EndOffset="4577" SrcFileId="1" StartOffset="4306"/>
</LocList>
<RootTerm CovItemId="C10" CovItemPrefix="group2.game.WaterObjects.java" Intrnl_Id="168">
<OpTerm BooleanOpId="32" Intrnl_Id="169">
<BasicBoolTerm Intrnl_Id="170">
<LocList>
<Loc EndOffset="4363" SrcFileId="1" StartOffset="4311"/>
</LocList>
</BasicBoolTerm>
<BasicBoolTerm Intrnl_Id="171">
<LocList>
<Loc EndOffset="4444" SrcFileId="1" StartOffset="4374"/>
</LocList>
</BasicBoolTerm>
<LocList>
<Loc EndOffset="4372" SrcFileId="1" StartOffset="4370"/>
</LocList>
</OpTerm>
</RootTerm>
</CondStmnt>
</StmntSeq>
</Branch>
<Keyword EndOffset="3942" SrcFileId="1" StartOffset="3940"/>
<LocList>
<Loc EndOffset="4577" SrcFileId="1" StartOffset="3940"/>
</LocList>
<RootTerm CovItemId="C8" CovItemPrefix="group2.game.WaterObjects.java" Intrnl_Id="172">
<OpTerm BooleanOpId="32" Intrnl_Id="173">
<BasicBoolTerm Intrnl_Id="174">
<LocList>
<Loc EndOffset="4031" SrcFileId="1" StartOffset="3945"/>
</LocList>
</BasicBoolTerm>
<BasicBoolTerm Intrnl_Id="175">
<LocList>
<Loc EndOffset="4118" SrcFileId="1" StartOffset="4042"/>
</LocList>
</BasicBoolTerm>
<LocList>
<Loc EndOffset="4040" SrcFileId="1" StartOffset="4038"/>
</LocList>
</OpTerm>
</RootTerm>
</CondStmnt>
</StmntSeq>
</Branch>
<Keyword EndOffset="3585" SrcFileId="1" StartOffset="3583"/>
<LocList>
<Loc EndOffset="4577" SrcFileId="1" StartOffset="3583"/>
</LocList>
<RootTerm CovItemId="C6" CovItemPrefix="group2.game.WaterObjects.java" Intrnl_Id="176">
<OpTerm BooleanOpId="32" Intrnl_Id="177">
<BasicBoolTerm Intrnl_Id="178">
<LocList>
<Loc EndOffset="3641" SrcFileId="1" StartOffset="3588"/>
</LocList>
</BasicBoolTerm>
<BasicBoolTerm Intrnl_Id="179">
<LocList>
<Loc EndOffset="3731" SrcFileId="1" StartOffset="3652"/>
</LocList>
</BasicBoolTerm>
<LocList>
<Loc EndOffset="3650" SrcFileId="1" StartOffset="3648"/>
</LocList>
</OpTerm>
</RootTerm>
</CondStmnt>
</StmntSeq>
</Branch>
<Keyword EndOffset="3205" SrcFileId="1" StartOffset="3203"/>
<LocList>
<Loc EndOffset="4577" SrcFileId="1" StartOffset="3203"/>
</LocList>
<RootTerm CovItemId="C4" CovItemPrefix="group2.game.WaterObjects.java" Intrnl_Id="180">
<OpTerm BooleanOpId="32" Intrnl_Id="181">
<BasicBoolTerm Intrnl_Id="182">
<LocList>
<Loc EndOffset="3292" SrcFileId="1" StartOffset="3208"/>
</LocList>
</BasicBoolTerm>
<BasicBoolTerm Intrnl_Id="183">
<LocList>
<Loc EndOffset="3377" SrcFileId="1" StartOffset="3303"/>
</LocList>
</BasicBoolTerm>
<LocList>
<Loc EndOffset="3301" SrcFileId="1" StartOffset="3299"/>
</LocList>
</OpTerm>
</RootTerm>
</CondStmnt>
</StmntSeq>
</Branch>
<Keyword EndOffset="2853" SrcFileId="1" StartOffset="2851"/>
<LocList>
<Loc EndOffset="4577" SrcFileId="1" StartOffset="2851"/>
</LocList>
<RootTerm CovItemId="C2" CovItemPrefix="group2.game.WaterObjects.java" Intrnl_Id="184">
<OpTerm BooleanOpId="32" Intrnl_Id="185">
<BasicBoolTerm Intrnl_Id="186">
<LocList>
<Loc EndOffset="2908" SrcFileId="1" StartOffset="2856"/>
</LocList>
</BasicBoolTerm>
<BasicBoolTerm Intrnl_Id="187">
<LocList>
<Loc EndOffset="2996" SrcFileId="1" StartOffset="2919"/>
</LocList>
</BasicBoolTerm>
<LocList>
<Loc EndOffset="2917" SrcFileId="1" StartOffset="2915"/>
</LocList>
</OpTerm>
</RootTerm>
</CondStmnt>
<CondStmnt CovItemId="S53" CovItemPrefix="group2.game.WaterObjects.java" Intrnl_Id="188">
<Branch CovItemId="B23" CovItemPrefix="group2.game.WaterObjects.java" Implct="false" Intrnl_Id="189">
<Cond/>
<LocList>
<Loc EndOffset="4679" SrcFileId="1" StartOffset="4610"/>
</LocList>
<StmntSeq Intrnl_Id="190">
<LocList>
<Loc EndOffset="4679" SrcFileId="1" StartOffset="4610"/>
</LocList>
<CondStmnt CovItemId="S54" CovItemPrefix="group2.game.WaterObjects.java" Intrnl_Id="191">
<Branch CovItemId="B25" CovItemPrefix="group2.game.WaterObjects.java" Implct="false" Intrnl_Id="192">
<Cond/>
<LocList>
<Loc EndOffset="4644" SrcFileId="1" StartOffset="4634"/>
</LocList>
<StmntSeq Intrnl_Id="193">
<LocList>
<Loc EndOffset="4644" SrcFileId="1" StartOffset="4634"/>
</LocList>
<BasicStmnt CovItemId="S55" CovItemPrefix="group2.game.WaterObjects.java" Intrnl_Id="194">
<LocList>
<Loc EndOffset="4644" SrcFileId="1" StartOffset="4634"/>
</LocList>
</BasicStmnt>
</StmntSeq>
</Branch>
<Branch CovItemId="B26" CovItemPrefix="group2.game.WaterObjects.java" Implct="false" Intrnl_Id="195">
<Cond>
<Loc EndOffset="4653" SrcFileId="1" StartOffset="4649"/>
</Cond>
<LocList>
<Loc EndOffset="4679" SrcFileId="1" StartOffset="4654"/>
</LocList>
<StmntSeq Intrnl_Id="196">
<LocList>
<Loc EndOffset="4673" SrcFileId="1" StartOffset="4661"/>
</LocList>
<BasicStmnt CovItemId="S56" CovItemPrefix="group2.game.WaterObjects.java" Intrnl_Id="197">
<LocList>
<Loc EndOffset="4673" SrcFileId="1" StartOffset="4661"/>
</LocList>
</BasicStmnt>
</StmntSeq>
</Branch>
<Keyword EndOffset="4612" SrcFileId="1" StartOffset="4610"/>
<LocList>
<Loc EndOffset="4679" SrcFileId="1" StartOffset="4610"/>
</LocList>
<RootTerm CovItemId="C13" CovItemPrefix="group2.game.WaterObjects.java" Intrnl_Id="198">
<BasicBoolTerm Intrnl_Id="199">
<LocList>
<Loc EndOffset="4627" SrcFileId="1" StartOffset="4614"/>
</LocList>
</BasicBoolTerm>
</RootTerm>
</CondStmnt>
</StmntSeq>
</Branch>
<Branch CovItemId="B24" CovItemPrefix="group2.game.WaterObjects.java" Implct="true" Intrnl_Id="200">
<Cond/>
<LocList/>
<StmntSeq Intrnl_Id="201">
<LocList/>
</StmntSeq>
</Branch>
<Keyword EndOffset="4584" SrcFileId="1" StartOffset="4582"/>
<LocList>
<Loc EndOffset="4679" SrcFileId="1" StartOffset="4582"/>
</LocList>
<RootTerm CovItemId="C12" CovItemPrefix="group2.game.WaterObjects.java" Intrnl_Id="202">
<BasicBoolTerm Intrnl_Id="203">
<LocList>
<Loc EndOffset="4604" SrcFileId="1" StartOffset="4586"/>
</LocList>
</BasicBoolTerm>
</RootTerm>
</CondStmnt>
<BasicStmnt CovItemId="S57" CovItemPrefix="group2.game.WaterObjects.java" Intrnl_Id="204">
<LocList>
<Loc EndOffset="4794" SrcFileId="1" StartOffset="4683"/>
</LocList>
</BasicStmnt>
<BasicStmnt CovItemId="S58" CovItemPrefix="group2.game.WaterObjects.java" Intrnl_Id="205">
<LocList>
<Loc EndOffset="4810" SrcFileId="1" StartOffset="4798"/>
</LocList>
</BasicStmnt>
</StmntSeq>
</Branch>
<Branch CovItemId="B2" CovItemPrefix="group2.game.WaterObjects.java" Implct="true" Intrnl_Id="206">
<Cond/>
<LocList/>
<StmntSeq Intrnl_Id="207">
<LocList/>
</StmntSeq>
</Branch>
<Keyword EndOffset="2504" SrcFileId="1" StartOffset="2502"/>
<LocList>
<Loc EndOffset="4814" SrcFileId="1" StartOffset="2502"/>
</LocList>
<RootTerm CovItemId="C1" CovItemPrefix="group2.game.WaterObjects.java" Intrnl_Id="208">
<BasicBoolTerm Intrnl_Id="209">
<LocList>
<Loc EndOffset="2572" SrcFileId="1" StartOffset="2506"/>
</LocList>
</BasicBoolTerm>
</RootTerm>
</CondStmnt>
<BasicStmnt CovItemId="S59" CovItemPrefix="group2.game.WaterObjects.java" Intrnl_Id="210">
<LocList>
<Loc EndOffset="4830" SrcFileId="1" StartOffset="4817"/>
</LocList>
</BasicStmnt>
</StmntSeq>
</HierarchyLvl>
<HierarchyLvl HierarchyLvlId="10" HierarchyLvlTypeId="36" Intrnl_Id="211" Name="checkIfInStream">
<Header>
<Loc EndOffset="4868" SrcFileId="1" StartOffset="4836"/>
</Header>
<LocList>
<Loc EndOffset="8136" SrcFileId="1" StartOffset="4836"/>
</LocList>
<StmntSeq Intrnl_Id="212">
<LocList>
<Loc EndOffset="4889" SrcFileId="1" StartOffset="4874"/>
<Loc EndOffset="4911" SrcFileId="1" StartOffset="4892"/>
<Loc EndOffset="5002" SrcFileId="1" StartOffset="4956"/>
<Loc EndOffset="5050" SrcFileId="1" StartOffset="5005"/>
<Loc EndOffset="5103" SrcFileId="1" StartOffset="5054"/>
<Loc EndOffset="5158" SrcFileId="1" StartOffset="5106"/>
<Loc EndOffset="5214" SrcFileId="1" StartOffset="5161"/>
<Loc EndOffset="5267" SrcFileId="1" StartOffset="5217"/>
<Loc EndOffset="7904" SrcFileId="1" StartOffset="5298"/>
<Loc EndOffset="8000" SrcFileId="1" StartOffset="7908"/>
<Loc EndOffset="8118" SrcFileId="1" StartOffset="8003"/>
<Loc EndOffset="8133" SrcFileId="1" StartOffset="8121"/>
</LocList>
<BasicStmnt CovItemId="S60" CovItemPrefix="group2.game.WaterObjects.java" Intrnl_Id="213">
<LocList>
<Loc EndOffset="4889" SrcFileId="1" StartOffset="4874"/>
</LocList>
</BasicStmnt>
<BasicStmnt CovItemId="S61" CovItemPrefix="group2.game.WaterObjects.java" Intrnl_Id="214">
<LocList>
<Loc EndOffset="4911" SrcFileId="1" StartOffset="4892"/>
</LocList>
</BasicStmnt>
<CondStmnt CovItemId="S62" CovItemPrefix="group2.game.WaterObjects.java" Intrnl_Id="215">
<Branch CovItemId="B27" CovItemPrefix="group2.game.WaterObjects.java" Implct="false" Intrnl_Id="216">
<Cond/>
<LocList>
<Loc EndOffset="5002" SrcFileId="1" StartOffset="4982"/>
</LocList>
<StmntSeq Intrnl_Id="217">
<LocList>
<Loc EndOffset="5002" SrcFileId="1" StartOffset="4982"/>
</LocList>
<BasicStmnt CovItemId="S63" CovItemPrefix="group2.game.WaterObjects.java" Intrnl_Id="218">
<LocList>
<Loc EndOffset="5002" SrcFileId="1" StartOffset="4982"/>
</LocList>
</BasicStmnt>
</StmntSeq>
</Branch>
<Branch CovItemId="B28" CovItemPrefix="group2.game.WaterObjects.java" Implct="true" Intrnl_Id="219">
<Cond/>
<LocList/>
<StmntSeq Intrnl_Id="220">
<LocList/>
</StmntSeq>
</Branch>
<Keyword EndOffset="4958" SrcFileId="1" StartOffset="4956"/>
<LocList>
<Loc EndOffset="5002" SrcFileId="1" StartOffset="4956"/>
</LocList>
<RootTerm CovItemId="C14" CovItemPrefix="group2.game.WaterObjects.java" Intrnl_Id="221">
<BasicBoolTerm Intrnl_Id="222">
<LocList>
<Loc EndOffset="4977" SrcFileId="1" StartOffset="4960"/>
</LocList>
</BasicBoolTerm>
</RootTerm>
</CondStmnt>
<CondStmnt CovItemId="S64" CovItemPrefix="group2.game.WaterObjects.java" Intrnl_Id="223">
<Branch CovItemId="B29" CovItemPrefix="group2.game.WaterObjects.java" Implct="false" Intrnl_Id="224">
<Cond/>
<LocList>
<Loc EndOffset="5050" SrcFileId="1" StartOffset="5031"/>
</LocList>
<StmntSeq Intrnl_Id="225">
<LocList>
<Loc EndOffset="5050" SrcFileId="1" StartOffset="5031"/>
</LocList>
<BasicStmnt CovItemId="S65" CovItemPrefix="group2.game.WaterObjects.java" Intrnl_Id="226">
<LocList>
<Loc EndOffset="5050" SrcFileId="1" StartOffset="5031"/>
</LocList>
</BasicStmnt>
</StmntSeq>
</Branch>
<Branch CovItemId="B30" CovItemPrefix="group2.game.WaterObjects.java" Implct="true" Intrnl_Id="227">
<Cond/>
<LocList/>
<StmntSeq Intrnl_Id="228">
<LocList/>
</StmntSeq>
</Branch>
<Keyword EndOffset="5007" SrcFileId="1" StartOffset="5005"/>
<LocList>
<Loc EndOffset="5050" SrcFileId="1" StartOffset="5005"/>
</LocList>
<RootTerm CovItemId="C15" CovItemPrefix="group2.game.WaterObjects.java" Intrnl_Id="229">
<BasicBoolTerm Intrnl_Id="230">
<LocList>
<Loc EndOffset="5026" SrcFileId="1" StartOffset="5009"/>
</LocList>
</BasicBoolTerm>
</RootTerm>
</CondStmnt>
<BasicStmnt CovItemId="S66" CovItemPrefix="group2.game.WaterObjects.java" Intrnl_Id="231">
<LocList>
<Loc EndOffset="5103" SrcFileId="1" StartOffset="5054"/>
</LocList>
</BasicStmnt>
<BasicStmnt CovItemId="S67" CovItemPrefix="group2.game.WaterObjects.java" Intrnl_Id="232">
<LocList>
<Loc EndOffset="5158" SrcFileId="1" StartOffset="5106"/>
</LocList>
</BasicStmnt>
<BasicStmnt CovItemId="S68" CovItemPrefix="group2.game.WaterObjects.java" Intrnl_Id="233">
<LocList>
<Loc EndOffset="5214" SrcFileId="1" StartOffset="5161"/>
</LocList>
</BasicStmnt>
<BasicStmnt CovItemId="S69" CovItemPrefix="group2.game.WaterObjects.java" Intrnl_Id="234">
<LocList>
<Loc EndOffset="5267" SrcFileId="1" StartOffset="5217"/>
</LocList>
</BasicStmnt>
<CondStmnt CovItemId="S70" CovItemPrefix="group2.game.WaterObjects.java" Intrnl_Id="235">
<Branch CovItemId="B31" CovItemPrefix="group2.game.WaterObjects.java" Implct="false" Intrnl_Id="236">
<Cond/>
<LocList>
<Loc EndOffset="6133" SrcFileId="1" StartOffset="5321"/>
</LocList>
<StmntSeq Intrnl_Id="237">
<LocList>
<Loc EndOffset="6129" SrcFileId="1" StartOffset="5359"/>
</LocList>
<CondStmnt CovItemId="S71" CovItemPrefix="group2.game.WaterObjects.java" Intrnl_Id="238">
<Branch CovItemId="B33" CovItemPrefix="group2.game.WaterObjects.java" Implct="false" Intrnl_Id="239">
<Cond/>
<LocList>
<Loc EndOffset="5708" SrcFileId="1" StartOffset="5499"/>
</LocList>
<StmntSeq Intrnl_Id="240">
<LocList>
<Loc EndOffset="5703" SrcFileId="1" StartOffset="5505"/>
</LocList>
<CondStmnt CovItemId="S72" CovItemPrefix="group2.game.WaterObjects.java" Intrnl_Id="241">
<Branch CovItemId="B35" CovItemPrefix="group2.game.WaterObjects.java" Implct="false" Intrnl_Id="242">
<Cond/>
<LocList>
<Loc EndOffset="5703" SrcFileId="1" StartOffset="5588"/>
</LocList>
<StmntSeq Intrnl_Id="243">
<LocList>
<Loc EndOffset="5614" SrcFileId="1" StartOffset="5595"/>
</LocList>
<BasicStmnt CovItemId="S73" CovItemPrefix="group2.game.WaterObjects.java" Intrnl_Id="244">
<LocList>
<Loc EndOffset="5614" SrcFileId="1" StartOffset="5595"/>
</LocList>
</BasicStmnt>
</StmntSeq>
</Branch>
<Branch CovItemId="B36" CovItemPrefix="group2.game.WaterObjects.java" Implct="true" Intrnl_Id="245">
<Cond/>
<LocList/>
<StmntSeq Intrnl_Id="246">
<LocList/>
</StmntSeq>
</Branch>
<Keyword EndOffset="5507" SrcFileId="1" StartOffset="5505"/>
<LocList>
<Loc EndOffset="5703" SrcFileId="1" StartOffset="5505"/>
</LocList>
<RootTerm CovItemId="C18" CovItemPrefix="group2.game.WaterObjects.java" Intrnl_Id="247">
<OpTerm BooleanOpId="33" Intrnl_Id="248">
<BasicBoolTerm Intrnl_Id="249">
<LocList>
<Loc EndOffset="5541" SrcFileId="1" StartOffset="5509"/>
</LocList>
</BasicBoolTerm>
<BasicBoolTerm Intrnl_Id="250">
<LocList>
<Loc EndOffset="5586" SrcFileId="1" StartOffset="5551"/>
</LocList>
</BasicBoolTerm>
<LocList>
<Loc EndOffset="5550" SrcFileId="1" StartOffset="5548"/>
</LocList>
</OpTerm>
</RootTerm>
</CondStmnt>
</StmntSeq>
</Branch>
<Branch CovItemId="B34" CovItemPrefix="group2.game.WaterObjects.java" Implct="false" Intrnl_Id="251">
<Cond>
<Loc EndOffset="5752" SrcFileId="1" StartOffset="5748"/>
</Cond>
<LocList>
<Loc EndOffset="6129" SrcFileId="1" StartOffset="5753"/>
</LocList>
<StmntSeq Intrnl_Id="252">
<LocList>
<Loc EndOffset="6129" SrcFileId="1" StartOffset="5753"/>
</LocList>
<CondStmnt CovItemId="S74" CovItemPrefix="group2.game.WaterObjects.java" Intrnl_Id="253">
<Branch CovItemId="B37" CovItemPrefix="group2.game.WaterObjects.java" Implct="false" Intrnl_Id="254">
<Cond/>
<LocList>
<Loc EndOffset="6129" SrcFileId="1" StartOffset="5920"/>
</LocList>
<StmntSeq Intrnl_Id="255">
<LocList>
<Loc EndOffset="6124" SrcFileId="1" StartOffset="5926"/>
</LocList>
<CondStmnt CovItemId="S75" CovItemPrefix="group2.game.WaterObjects.java" Intrnl_Id="256">
<Branch CovItemId="B39" CovItemPrefix="group2.game.WaterObjects.java" Implct="false" Intrnl_Id="257">
<Cond/>
<LocList>
<Loc EndOffset="6124" SrcFileId="1" StartOffset="6009"/>
</LocList>
<StmntSeq Intrnl_Id="258">
<LocList>
<Loc EndOffset="6035" SrcFileId="1" StartOffset="6016"/>
</LocList>
<BasicStmnt CovItemId="S76" CovItemPrefix="group2.game.WaterObjects.java" Intrnl_Id="259">
<LocList>
<Loc EndOffset="6035" SrcFileId="1" StartOffset="6016"/>
</LocList>
</BasicStmnt>
</StmntSeq>
</Branch>
<Branch CovItemId="B40" CovItemPrefix="group2.game.WaterObjects.java" Implct="true" Intrnl_Id="260">
<Cond/>
<LocList/>
<StmntSeq Intrnl_Id="261">
<LocList/>
</StmntSeq>
</Branch>
<Keyword EndOffset="5928" SrcFileId="1" StartOffset="5926"/>
<LocList>
<Loc EndOffset="6124" SrcFileId="1" StartOffset="5926"/>
</LocList>
<RootTerm CovItemId="C20" CovItemPrefix="group2.game.WaterObjects.java" Intrnl_Id="262">
<OpTerm BooleanOpId="33" Intrnl_Id="263">
<BasicBoolTerm Intrnl_Id="264">
<LocList>
<Loc EndOffset="5962" SrcFileId="1" StartOffset="5930"/>
</LocList>
</BasicBoolTerm>
<BasicBoolTerm Intrnl_Id="265">
<LocList>
<Loc EndOffset="6007" SrcFileId="1" StartOffset="5972"/>
</LocList>
</BasicBoolTerm>
<LocList>
<Loc EndOffset="5971" SrcFileId="1" StartOffset="5969"/>
</LocList>
</OpTerm>
</RootTerm>
</CondStmnt>
</StmntSeq>
</Branch>
<Branch CovItemId="B38" CovItemPrefix="group2.game.WaterObjects.java" Implct="true" Intrnl_Id="266">
<Cond/>
<LocList/>
<StmntSeq Intrnl_Id="267">
<LocList/>
</StmntSeq>
</Branch>
<Keyword EndOffset="5755" SrcFileId="1" StartOffset="5753"/>
<LocList>
<Loc EndOffset="6129" SrcFileId="1" StartOffset="5753"/>
</LocList>
<RootTerm CovItemId="C19" CovItemPrefix="group2.game.WaterObjects.java" Intrnl_Id="268">
<OpTerm BooleanOpId="32" Intrnl_Id="269">
<BasicBoolTerm Intrnl_Id="270">
<LocList>
<Loc EndOffset="5837" SrcFileId="1" StartOffset="5758"/>
</LocList>
</BasicBoolTerm>
<BasicBoolTerm Intrnl_Id="271">
<LocList>
<Loc EndOffset="5917" SrcFileId="1" StartOffset="5848"/>
</LocList>
</BasicBoolTerm>
<LocList>
<Loc EndOffset="5846" SrcFileId="1" StartOffset="5844"/>
</LocList>
</OpTerm>
</RootTerm>
</CondStmnt>
</StmntSeq>
</Branch>
<Keyword EndOffset="5361" SrcFileId="1" StartOffset="5359"/>
<LocList>
<Loc EndOffset="6129" SrcFileId="1" StartOffset="5359"/>
</LocList>
<RootTerm CovItemId="C17" CovItemPrefix="group2.game.WaterObjects.java" Intrnl_Id="272">
<OpTerm BooleanOpId="32" Intrnl_Id="273">
<BasicBoolTerm Intrnl_Id="274">
<LocList>
<Loc EndOffset="5413" SrcFileId="1" StartOffset="5364"/>
</LocList>
</BasicBoolTerm>
<BasicBoolTerm Intrnl_Id="275">
<LocList>
<Loc EndOffset="5496" SrcFileId="1" StartOffset="5424"/>
</LocList>
</BasicBoolTerm>
<LocList>
<Loc EndOffset="5422" SrcFileId="1" StartOffset="5420"/>
</LocList>
</OpTerm>
</RootTerm>
</CondStmnt>
</StmntSeq>
</Branch>
<Branch CovItemId="B32" CovItemPrefix="group2.game.WaterObjects.java" Implct="false" Intrnl_Id="276">
<Cond>
<Loc EndOffset="6168" SrcFileId="1" StartOffset="6164"/>
</Cond>
<LocList>
<Loc EndOffset="7904" SrcFileId="1" StartOffset="6169"/>
</LocList>
<StmntSeq Intrnl_Id="277">
<LocList>
<Loc EndOffset="7904" SrcFileId="1" StartOffset="6169"/>
</LocList>
<CondStmnt CovItemId="S77" CovItemPrefix="group2.game.WaterObjects.java" Intrnl_Id="278">
<Branch CovItemId="B41" CovItemPrefix="group2.game.WaterObjects.java" Implct="false" Intrnl_Id="279">
<Cond/>
<LocList>
<Loc EndOffset="7028" SrcFileId="1" StartOffset="6192"/>
</LocList>
<StmntSeq Intrnl_Id="280">
<LocList>
<Loc EndOffset="7024" SrcFileId="1" StartOffset="6227"/>
</LocList>
<CondStmnt CovItemId="S78" CovItemPrefix="group2.game.WaterObjects.java" Intrnl_Id="281">
<Branch CovItemId="B43" CovItemPrefix="group2.game.WaterObjects.java" Implct="false" Intrnl_Id="282">
<Cond/>
<LocList>
<Loc EndOffset="6589" SrcFileId="1" StartOffset="6376"/>
</LocList>
<StmntSeq Intrnl_Id="283">
<LocList>
<Loc EndOffset="6584" SrcFileId="1" StartOffset="6382"/>
</LocList>
<CondStmnt CovItemId="S79" CovItemPrefix="group2.game.WaterObjects.java" Intrnl_Id="284">
<Branch CovItemId="B45" CovItemPrefix="group2.game.WaterObjects.java" Implct="false" Intrnl_Id="285">
<Cond/>
<LocList>
<Loc EndOffset="6584" SrcFileId="1" StartOffset="6469"/>
</LocList>
<StmntSeq Intrnl_Id="286">
<LocList>
<Loc EndOffset="6495" SrcFileId="1" StartOffset="6476"/>
</LocList>
<BasicStmnt CovItemId="S80" CovItemPrefix="group2.game.WaterObjects.java" Intrnl_Id="287">
<LocList>
<Loc EndOffset="6495" SrcFileId="1" StartOffset="6476"/>
</LocList>
</BasicStmnt>
</StmntSeq>
</Branch>
<Branch CovItemId="B46" CovItemPrefix="group2.game.WaterObjects.java" Implct="true" Intrnl_Id="288">
<Cond/>
<LocList/>
<StmntSeq Intrnl_Id="289">
<LocList/>
</StmntSeq>
</Branch>
<Keyword EndOffset="6384" SrcFileId="1" StartOffset="6382"/>
<LocList>
<Loc EndOffset="6584" SrcFileId="1" StartOffset="6382"/>
</LocList>
<RootTerm CovItemId="C23" CovItemPrefix="group2.game.WaterObjects.java" Intrnl_Id="290">
<OpTerm BooleanOpId="33" Intrnl_Id="291">
<BasicBoolTerm Intrnl_Id="292">
<LocList>
<Loc EndOffset="6421" SrcFileId="1" StartOffset="6386"/>
</LocList>
</BasicBoolTerm>
<BasicBoolTerm Intrnl_Id="293">
<LocList>
<Loc EndOffset="6467" SrcFileId="1" StartOffset="6431"/>
</LocList>
</BasicBoolTerm>
<LocList>
<Loc EndOffset="6430" SrcFileId="1" StartOffset="6428"/>
</LocList>
</OpTerm>
</RootTerm>
</CondStmnt>
</StmntSeq>
</Branch>
<Branch CovItemId="B44" CovItemPrefix="group2.game.WaterObjects.java" Implct="false" Intrnl_Id="294">
<Cond>
<Loc EndOffset="6630" SrcFileId="1" StartOffset="6626"/>
</Cond>
<LocList>
<Loc EndOffset="7024" SrcFileId="1" StartOffset="6631"/>
</LocList>
<StmntSeq Intrnl_Id="295">
<LocList>
<Loc EndOffset="7024" SrcFileId="1" StartOffset="6631"/>
</LocList>
<CondStmnt CovItemId="S81" CovItemPrefix="group2.game.WaterObjects.java" Intrnl_Id="296">
<Branch CovItemId="B47" CovItemPrefix="group2.game.WaterObjects.java" Implct="false" Intrnl_Id="297">
<Cond/>
<LocList>
<Loc EndOffset="7024" SrcFileId="1" StartOffset="6810"/>
</LocList>
<StmntSeq Intrnl_Id="298">
<LocList>
<Loc EndOffset="7019" SrcFileId="1" StartOffset="6816"/>
</LocList>
<CondStmnt CovItemId="S82" CovItemPrefix="group2.game.WaterObjects.java" Intrnl_Id="299">
<Branch CovItemId="B49" CovItemPrefix="group2.game.WaterObjects.java" Implct="false" Intrnl_Id="300">
<Cond/>
<LocList>
<Loc EndOffset="7019" SrcFileId="1" StartOffset="6903"/>
</LocList>
<StmntSeq Intrnl_Id="301">
<LocList>
<Loc EndOffset="6929" SrcFileId="1" StartOffset="6910"/>
</LocList>
<BasicStmnt CovItemId="S83" CovItemPrefix="group2.game.WaterObjects.java" Intrnl_Id="302">
<LocList>
<Loc EndOffset="6929" SrcFileId="1" StartOffset="6910"/>
</LocList>
</BasicStmnt>
</StmntSeq>
</Branch>
<Branch CovItemId="B50" CovItemPrefix="group2.game.WaterObjects.java" Implct="true" Intrnl_Id="303">
<Cond/>
<LocList/>
<StmntSeq Intrnl_Id="304">
<LocList/>
</StmntSeq>
</Branch>
<Keyword EndOffset="6818" SrcFileId="1" StartOffset="6816"/>
<LocList>
<Loc EndOffset="7019" SrcFileId="1" StartOffset="6816"/>
</LocList>
<RootTerm CovItemId="C25" CovItemPrefix="group2.game.WaterObjects.java" Intrnl_Id="305">
<OpTerm BooleanOpId="33" Intrnl_Id="306">
<BasicBoolTerm Intrnl_Id="307">
<LocList>
<Loc EndOffset="6855" SrcFileId="1" StartOffset="6820"/>
</LocList>
</BasicBoolTerm>
<BasicBoolTerm Intrnl_Id="308">
<LocList>
<Loc EndOffset="6901" SrcFileId="1" StartOffset="6865"/>
</LocList>
</BasicBoolTerm>
<LocList>
<Loc EndOffset="6864" SrcFileId="1" StartOffset="6862"/>
</LocList>
</OpTerm>
</RootTerm>
</CondStmnt>
</StmntSeq>
</Branch>
<Branch CovItemId="B48" CovItemPrefix="group2.game.WaterObjects.java" Implct="true" Intrnl_Id="309">
<Cond/>
<LocList/>
<StmntSeq Intrnl_Id="310">
<LocList/>
</StmntSeq>
</Branch>
<Keyword EndOffset="6633" SrcFileId="1" StartOffset="6631"/>
<LocList>
<Loc EndOffset="7024" SrcFileId="1" StartOffset="6631"/>
</LocList>
<RootTerm CovItemId="C24" CovItemPrefix="group2.game.WaterObjects.java" Intrnl_Id="311">
<OpTerm BooleanOpId="32" Intrnl_Id="312">
<BasicBoolTerm Intrnl_Id="313">
<LocList>
<Loc EndOffset="6721" SrcFileId="1" StartOffset="6636"/>
</LocList>
</BasicBoolTerm>
<BasicBoolTerm Intrnl_Id="314">
<LocList>
<Loc EndOffset="6807" SrcFileId="1" StartOffset="6732"/>
</LocList>
</BasicBoolTerm>
<LocList>
<Loc EndOffset="6730" SrcFileId="1" StartOffset="6728"/>
</LocList>
</OpTerm>
</RootTerm>
</CondStmnt>
</StmntSeq>
</Branch>
<Keyword EndOffset="6229" SrcFileId="1" StartOffset="6227"/>
<LocList>
<Loc EndOffset="7024" SrcFileId="1" StartOffset="6227"/>
</LocList>
<RootTerm CovItemId="C22" CovItemPrefix="group2.game.WaterObjects.java" Intrnl_Id="315">
<OpTerm BooleanOpId="32" Intrnl_Id="316">
<BasicBoolTerm Intrnl_Id="317">
<LocList>
<Loc EndOffset="6284" SrcFileId="1" StartOffset="6232"/>
</LocList>
</BasicBoolTerm>
<BasicBoolTerm Intrnl_Id="318">
<LocList>
<Loc EndOffset="6373" SrcFileId="1" StartOffset="6295"/>
</LocList>
</BasicBoolTerm>
<LocList>
<Loc EndOffset="6293" SrcFileId="1" StartOffset="6291"/>
</LocList>
</OpTerm>
</RootTerm>
</CondStmnt>
</StmntSeq>
</Branch>
<Branch CovItemId="B42" CovItemPrefix="group2.game.WaterObjects.java" Implct="false" Intrnl_Id="319">
<Cond>
<Loc EndOffset="7063" SrcFileId="1" StartOffset="7059"/>
</Cond>
<LocList>
<Loc EndOffset="7904" SrcFileId="1" StartOffset="7064"/>
</LocList>
<StmntSeq Intrnl_Id="320">
<LocList>
<Loc EndOffset="7904" SrcFileId="1" StartOffset="7064"/>
</LocList>
<CondStmnt CovItemId="S84" CovItemPrefix="group2.game.WaterObjects.java" Intrnl_Id="321">
<Branch CovItemId="B51" CovItemPrefix="group2.game.WaterObjects.java" Implct="false" Intrnl_Id="322">
<Cond/>
<LocList>
<Loc EndOffset="7904" SrcFileId="1" StartOffset="7087"/>
</LocList>
<StmntSeq Intrnl_Id="323">
<LocList>
<Loc EndOffset="7900" SrcFileId="1" StartOffset="7122"/>
</LocList>
<CondStmnt CovItemId="S85" CovItemPrefix="group2.game.WaterObjects.java" Intrnl_Id="324">
<Branch CovItemId="B53" CovItemPrefix="group2.game.WaterObjects.java" Implct="false" Intrnl_Id="325">
<Cond/>
<LocList>
<Loc EndOffset="7476" SrcFileId="1" StartOffset="7265"/>
</LocList>
<StmntSeq Intrnl_Id="326">
<LocList>
<Loc EndOffset="7471" SrcFileId="1" StartOffset="7271"/>
</LocList>
<CondStmnt CovItemId="S86" CovItemPrefix="group2.game.WaterObjects.java" Intrnl_Id="327">
<Branch CovItemId="B55" CovItemPrefix="group2.game.WaterObjects.java" Implct="false" Intrnl_Id="328">
<Cond/>
<LocList>
<Loc EndOffset="7471" SrcFileId="1" StartOffset="7356"/>
</LocList>
<StmntSeq Intrnl_Id="329">
<LocList>
<Loc EndOffset="7382" SrcFileId="1" StartOffset="7363"/>
</LocList>
<BasicStmnt CovItemId="S87" CovItemPrefix="group2.game.WaterObjects.java" Intrnl_Id="330">
<LocList>
<Loc EndOffset="7382" SrcFileId="1" StartOffset="7363"/>
</LocList>
</BasicStmnt>
</StmntSeq>
</Branch>
<Branch CovItemId="B56" CovItemPrefix="group2.game.WaterObjects.java" Implct="true" Intrnl_Id="331">
<Cond/>
<LocList/>
<StmntSeq Intrnl_Id="332">
<LocList/>
</StmntSeq>
</Branch>
<Keyword EndOffset="7273" SrcFileId="1" StartOffset="7271"/>
<LocList>
<Loc EndOffset="7471" SrcFileId="1" StartOffset="7271"/>
</LocList>
<RootTerm CovItemId="C28" CovItemPrefix="group2.game.WaterObjects.java" Intrnl_Id="333">
<OpTerm BooleanOpId="33" Intrnl_Id="334">
<BasicBoolTerm Intrnl_Id="335">
<LocList>
<Loc EndOffset="7308" SrcFileId="1" StartOffset="7275"/>
</LocList>
</BasicBoolTerm>
<BasicBoolTerm Intrnl_Id="336">
<LocList>
<Loc EndOffset="7354" SrcFileId="1" StartOffset="7318"/>
</LocList>
</BasicBoolTerm>
<LocList>
<Loc EndOffset="7317" SrcFileId="1" StartOffset="7315"/>
</LocList>
</OpTerm>
</RootTerm>
</CondStmnt>
</StmntSeq>
</Branch>
<Branch CovItemId="B54" CovItemPrefix="group2.game.WaterObjects.java" Implct="false" Intrnl_Id="337">
<Cond>
<Loc EndOffset="7517" SrcFileId="1" StartOffset="7513"/>
</Cond>
<LocList>
<Loc EndOffset="7900" SrcFileId="1" StartOffset="7518"/>
</LocList>
<StmntSeq Intrnl_Id="338">
<LocList>
<Loc EndOffset="7900" SrcFileId="1" StartOffset="7518"/>
</LocList>
<CondStmnt CovItemId="S88" CovItemPrefix="group2.game.WaterObjects.java" Intrnl_Id="339">
<Branch CovItemId="B57" CovItemPrefix="group2.game.WaterObjects.java" Implct="false" Intrnl_Id="340">
<Cond/>
<LocList>
<Loc EndOffset="7900" SrcFileId="1" StartOffset="7689"/>
</LocList>
<StmntSeq Intrnl_Id="341">
<LocList>
<Loc EndOffset="7895" SrcFileId="1" StartOffset="7695"/>
</LocList>
<CondStmnt CovItemId="S89" CovItemPrefix="group2.game.WaterObjects.java" Intrnl_Id="342">
<Branch CovItemId="B59" CovItemPrefix="group2.game.WaterObjects.java" Implct="false" Intrnl_Id="343">
<Cond/>
<LocList>
<Loc EndOffset="7895" SrcFileId="1" StartOffset="7780"/>
</LocList>
<StmntSeq Intrnl_Id="344">
<LocList>
<Loc EndOffset="7806" SrcFileId="1" StartOffset="7787"/>
</LocList>
<BasicStmnt CovItemId="S90" CovItemPrefix="group2.game.WaterObjects.java" Intrnl_Id="345">
<LocList>
<Loc EndOffset="7806" SrcFileId="1" StartOffset="7787"/>
</LocList>
</BasicStmnt>
</StmntSeq>
</Branch>
<Branch CovItemId="B60" CovItemPrefix="group2.game.WaterObjects.java" Implct="true" Intrnl_Id="346">
<Cond/>
<LocList/>
<StmntSeq Intrnl_Id="347">
<LocList/>
</StmntSeq>
</Branch>
<Keyword EndOffset="7697" SrcFileId="1" StartOffset="7695"/>
<LocList>
<Loc EndOffset="7895" SrcFileId="1" StartOffset="7695"/>
</LocList>
<RootTerm CovItemId="C30" CovItemPrefix="group2.game.WaterObjects.java" Intrnl_Id="348">
<OpTerm BooleanOpId="33" Intrnl_Id="349">
<BasicBoolTerm Intrnl_Id="350">
<LocList>
<Loc EndOffset="7732" SrcFileId="1" StartOffset="7699"/>
</LocList>
</BasicBoolTerm>
<BasicBoolTerm Intrnl_Id="351">
<LocList>
<Loc EndOffset="7778" SrcFileId="1" StartOffset="7742"/>
</LocList>
</BasicBoolTerm>
<LocList>
<Loc EndOffset="7741" SrcFileId="1" StartOffset="7739"/>
</LocList>
</OpTerm>
</RootTerm>
</CondStmnt>
</StmntSeq>
</Branch>
<Branch CovItemId="B58" CovItemPrefix="group2.game.WaterObjects.java" Implct="true" Intrnl_Id="352">
<Cond/>
<LocList/>
<StmntSeq Intrnl_Id="353">
<LocList/>
</StmntSeq>
</Branch>
<Keyword EndOffset="7520" SrcFileId="1" StartOffset="7518"/>
<LocList>
<Loc EndOffset="7900" SrcFileId="1" StartOffset="7518"/>
</LocList>
<RootTerm CovItemId="C29" CovItemPrefix="group2.game.WaterObjects.java" Intrnl_Id="354">
<OpTerm BooleanOpId="32" Intrnl_Id="355">
<BasicBoolTerm Intrnl_Id="356">
<LocList>
<Loc EndOffset="7604" SrcFileId="1" StartOffset="7523"/>
</LocList>
</BasicBoolTerm>
<BasicBoolTerm Intrnl_Id="357">
<LocList>
<Loc EndOffset="7686" SrcFileId="1" StartOffset="7615"/>
</LocList>
</BasicBoolTerm>
<LocList>
<Loc EndOffset="7613" SrcFileId="1" StartOffset="7611"/>
</LocList>
</OpTerm>
</RootTerm>
</CondStmnt>
</StmntSeq>
</Branch>
<Keyword EndOffset="7124" SrcFileId="1" StartOffset="7122"/>
<LocList>
<Loc EndOffset="7900" SrcFileId="1" StartOffset="7122"/>
</LocList>
<RootTerm CovItemId="C27" CovItemPrefix="group2.game.WaterObjects.java" Intrnl_Id="358">
<OpTerm BooleanOpId="32" Intrnl_Id="359">
<BasicBoolTerm Intrnl_Id="360">
<LocList>
<Loc EndOffset="7177" SrcFileId="1" StartOffset="7127"/>
</LocList>
</BasicBoolTerm>
<BasicBoolTerm Intrnl_Id="361">
<LocList>
<Loc EndOffset="7262" SrcFileId="1" StartOffset="7188"/>
</LocList>
</BasicBoolTerm>
<LocList>
<Loc EndOffset="7186" SrcFileId="1" StartOffset="7184"/>
</LocList>
</OpTerm>
</RootTerm>
</CondStmnt>
</StmntSeq>
</Branch>
<Branch CovItemId="B52" CovItemPrefix="group2.game.WaterObjects.java" Implct="true" Intrnl_Id="362">
<Cond/>
<LocList/>
<StmntSeq Intrnl_Id="363">
<LocList/>
</StmntSeq>
</Branch>
<Keyword EndOffset="7066" SrcFileId="1" StartOffset="7064"/>
<LocList>
<Loc EndOffset="7904" SrcFileId="1" StartOffset="7064"/>
</LocList>
<RootTerm CovItemId="C26" CovItemPrefix="group2.game.WaterObjects.java" Intrnl_Id="364">
<BasicBoolTerm Intrnl_Id="365">
<LocList>
<Loc EndOffset="7085" SrcFileId="1" StartOffset="7068"/>
</LocList>
</BasicBoolTerm>
</RootTerm>
</CondStmnt>
</StmntSeq>
</Branch>
<Keyword EndOffset="6171" SrcFileId="1" StartOffset="6169"/>
<LocList>
<Loc EndOffset="7904" SrcFileId="1" StartOffset="6169"/>
</LocList>
<RootTerm CovItemId="C21" CovItemPrefix="group2.game.WaterObjects.java" Intrnl_Id="366">
<BasicBoolTerm Intrnl_Id="367">
<LocList>
<Loc EndOffset="6190" SrcFileId="1" StartOffset="6173"/>
</LocList>
</BasicBoolTerm>
</RootTerm>
</CondStmnt>
</StmntSeq>
</Branch>
<Keyword EndOffset="5300" SrcFileId="1" StartOffset="5298"/>
<LocList>
<Loc EndOffset="7904" SrcFileId="1" StartOffset="5298"/>
</LocList>
<RootTerm CovItemId="C16" CovItemPrefix="group2.game.WaterObjects.java" Intrnl_Id="368">
<BasicBoolTerm Intrnl_Id="369">
<LocList>
<Loc EndOffset="5319" SrcFileId="1" StartOffset="5302"/>
</LocList>
</BasicBoolTerm>
</RootTerm>
</CondStmnt>
<CondStmnt CovItemId="S91" CovItemPrefix="group2.game.WaterObjects.java" Intrnl_Id="370">
<Branch CovItemId="B61" CovItemPrefix="group2.game.WaterObjects.java" Implct="false" Intrnl_Id="371">
<Cond/>
<LocList>
<Loc EndOffset="8000" SrcFileId="1" StartOffset="7935"/>
</LocList>
<StmntSeq Intrnl_Id="372">
<LocList>
<Loc EndOffset="8000" SrcFileId="1" StartOffset="7935"/>
</LocList>
<CondStmnt CovItemId="S92" CovItemPrefix="group2.game.WaterObjects.java" Intrnl_Id="373">
<Branch CovItemId="B63" CovItemPrefix="group2.game.WaterObjects.java" Implct="false" Intrnl_Id="374">
<Cond/>
<LocList>
<Loc EndOffset="7968" SrcFileId="1" StartOffset="7958"/>
</LocList>
<StmntSeq Intrnl_Id="375">
<LocList>
<Loc EndOffset="7968" SrcFileId="1" StartOffset="7958"/>
</LocList>
<BasicStmnt CovItemId="S93" CovItemPrefix="group2.game.WaterObjects.java" Intrnl_Id="376">
<LocList>
<Loc EndOffset="7968" SrcFileId="1" StartOffset="7958"/>
</LocList>
</BasicStmnt>
</StmntSeq>
</Branch>
<Branch CovItemId="B64" CovItemPrefix="group2.game.WaterObjects.java" Implct="false" Intrnl_Id="377">
<Cond>
<Loc EndOffset="7976" SrcFileId="1" StartOffset="7972"/>
</Cond>
<LocList>
<Loc EndOffset="8000" SrcFileId="1" StartOffset="7977"/>
</LocList>
<StmntSeq Intrnl_Id="378">
<LocList>
<Loc EndOffset="7995" SrcFileId="1" StartOffset="7983"/>
</LocList>
<BasicStmnt CovItemId="S94" CovItemPrefix="group2.game.WaterObjects.java" Intrnl_Id="379">
<LocList>
<Loc EndOffset="7995" SrcFileId="1" StartOffset="7983"/>
</LocList>
</BasicStmnt>
</StmntSeq>
</Branch>
<Keyword EndOffset="7937" SrcFileId="1" StartOffset="7935"/>
<LocList>
<Loc EndOffset="8000" SrcFileId="1" StartOffset="7935"/>
</LocList>
<RootTerm CovItemId="C32" CovItemPrefix="group2.game.WaterObjects.java" Intrnl_Id="380">
<BasicBoolTerm Intrnl_Id="381">
<LocList>
<Loc EndOffset="7952" SrcFileId="1" StartOffset="7939"/>
</LocList>
</BasicBoolTerm>
</RootTerm>
</CondStmnt>
</StmntSeq>
</Branch>
<Branch CovItemId="B62" CovItemPrefix="group2.game.WaterObjects.java" Implct="true" Intrnl_Id="382">
<Cond/>
<LocList/>
<StmntSeq Intrnl_Id="383">
<LocList/>
</StmntSeq>
</Branch>
<Keyword EndOffset="7910" SrcFileId="1" StartOffset="7908"/>
<LocList>
<Loc EndOffset="8000" SrcFileId="1" StartOffset="7908"/>
</LocList>
<RootTerm CovItemId="C31" CovItemPrefix="group2.game.WaterObjects.java" Intrnl_Id="384">
<BasicBoolTerm Intrnl_Id="385">
<LocList>
<Loc EndOffset="7930" SrcFileId="1" StartOffset="7912"/>
</LocList>
</BasicBoolTerm>
</RootTerm>
</CondStmnt>
<BasicStmnt CovItemId="S95" CovItemPrefix="group2.game.WaterObjects.java" Intrnl_Id="386">
<LocList>
<Loc EndOffset="8118" SrcFileId="1" StartOffset="8003"/>
</LocList>
</BasicStmnt>
<BasicStmnt CovItemId="S96" CovItemPrefix="group2.game.WaterObjects.java" Intrnl_Id="387">
<LocList>
<Loc EndOffset="8133" SrcFileId="1" StartOffset="8121"/>
</LocList>
</BasicStmnt>
</StmntSeq>
</HierarchyLvl>
<HierarchyLvl HierarchyLvlId="11" HierarchyLvlTypeId="36" Intrnl_Id="388" Name="update">
<Header>
<Loc EndOffset="8318" SrcFileId="1" StartOffset="8298"/>
</Header>
<LocList>
<Loc EndOffset="9077" SrcFileId="1" StartOffset="8298"/>
</LocList>
<StmntSeq Intrnl_Id="389">
<LocList>
<Loc EndOffset="9074" SrcFileId="1" StartOffset="8323"/>
</LocList>
<CondStmnt CovItemId="S97" CovItemPrefix="group2.game.WaterObjects.java" Intrnl_Id="390">
<Branch CovItemId="B65" CovItemPrefix="group2.game.WaterObjects.java" Implct="false" Intrnl_Id="391">
<Cond/>
<LocList>
<Loc EndOffset="8977" SrcFileId="1" StartOffset="8335"/>
</LocList>
<StmntSeq Intrnl_Id="392">
<LocList>
<Loc EndOffset="8430" SrcFileId="1" StartOffset="8340"/>
<Loc EndOffset="8516" SrcFileId="1" StartOffset="8434"/>
<Loc EndOffset="8531" SrcFileId="1" StartOffset="8520"/>
<Loc EndOffset="8563" SrcFileId="1" StartOffset="8535"/>
<Loc EndOffset="8577" SrcFileId="1" StartOffset="8567"/>
<Loc EndOffset="8973" SrcFileId="1" StartOffset="8618"/>
</LocList>
<CondStmnt CovItemId="S98" CovItemPrefix="group2.game.WaterObjects.java" Intrnl_Id="393">
<Branch CovItemId="B67" CovItemPrefix="group2.game.WaterObjects.java" Implct="false" Intrnl_Id="394">
<Cond/>
<LocList>
<Loc EndOffset="8430" SrcFileId="1" StartOffset="8392"/>
</LocList>
<StmntSeq Intrnl_Id="395">
<LocList>
<Loc EndOffset="8425" SrcFileId="1" StartOffset="8398"/>
</LocList>
<BasicStmnt CovItemId="S99" CovItemPrefix="group2.game.WaterObjects.java" Intrnl_Id="396">
<LocList>
<Loc EndOffset="8425" SrcFileId="1" StartOffset="8398"/>
</LocList>
</BasicStmnt>
</StmntSeq>
</Branch>
<Branch CovItemId="B68" CovItemPrefix="group2.game.WaterObjects.java" Implct="true" Intrnl_Id="397">
<Cond/>
<LocList/>
<StmntSeq Intrnl_Id="398">
<LocList/>
</StmntSeq>
</Branch>
<Keyword EndOffset="8342" SrcFileId="1" StartOffset="8340"/>
<LocList>
<Loc EndOffset="8430" SrcFileId="1" StartOffset="8340"/>
</LocList>
<RootTerm CovItemId="C34" CovItemPrefix="group2.game.WaterObjects.java" Intrnl_Id="399">
<BasicBoolTerm Intrnl_Id="400">
<LocList>
<Loc EndOffset="8390" SrcFileId="1" StartOffset="8344"/>
</LocList>
</BasicBoolTerm>
</RootTerm>
</CondStmnt>
<CondStmnt CovItemId="S100" CovItemPrefix="group2.game.WaterObjects.java" Intrnl_Id="401">
<Branch CovItemId="B69" CovItemPrefix="group2.game.WaterObjects.java" Implct="false" Intrnl_Id="402">
<Cond/>
<LocList>
<Loc EndOffset="8516" SrcFileId="1" StartOffset="8479"/>
</LocList>
<StmntSeq Intrnl_Id="403">
<LocList>
<Loc EndOffset="8511" SrcFileId="1" StartOffset="8485"/>
</LocList>
<BasicStmnt CovItemId="S101" CovItemPrefix="group2.game.WaterObjects.java" Intrnl_Id="404">
<LocList>
<Loc EndOffset="8511" SrcFileId="1" StartOffset="8485"/>
</LocList>
</BasicStmnt>
</StmntSeq>
</Branch>
<Branch CovItemId="B70" CovItemPrefix="group2.game.WaterObjects.java" Implct="true" Intrnl_Id="405">
<Cond/>
<LocList/>
<StmntSeq Intrnl_Id="406">
<LocList/>
</StmntSeq>
</Branch>
<Keyword EndOffset="8436" SrcFileId="1" StartOffset="8434"/>
<LocList>
<Loc EndOffset="8516" SrcFileId="1" StartOffset="8434"/>
</LocList>
<RootTerm CovItemId="C35" CovItemPrefix="group2.game.WaterObjects.java" Intrnl_Id="407">
<BasicBoolTerm Intrnl_Id="408">
<LocList>
<Loc EndOffset="8477" SrcFileId="1" StartOffset="8438"/>
</LocList>
</BasicBoolTerm>
</RootTerm>
</CondStmnt>
<BasicStmnt CovItemId="S102" CovItemPrefix="group2.game.WaterObjects.java" Intrnl_Id="409">
<LocList>
<Loc EndOffset="8531" SrcFileId="1" StartOffset="8520"/>
</LocList>
</BasicStmnt>
<BasicStmnt CovItemId="S103" CovItemPrefix="group2.game.WaterObjects.java" Intrnl_Id="410">
<LocList>
<Loc EndOffset="8563" SrcFileId="1" StartOffset="8535"/>
</LocList>
</BasicStmnt>
<BasicStmnt CovItemId="S104" CovItemPrefix="group2.game.WaterObjects.java" Intrnl_Id="411">
<LocList>
<Loc EndOffset="8577" SrcFileId="1" StartOffset="8567"/>
</LocList>
</BasicStmnt>
<CondStmnt CovItemId="S105" CovItemPrefix="group2.game.WaterObjects.java" Intrnl_Id="412">
<Branch CovItemId="B71" CovItemPrefix="group2.game.WaterObjects.java" Implct="false" Intrnl_Id="413">
<Cond/>
<LocList>
<Loc EndOffset="8773" SrcFileId="1" StartOffset="8640"/>
</LocList>
<StmntSeq Intrnl_Id="414">
<LocList>
<Loc EndOffset="8691" SrcFileId="1" StartOffset="8646"/>
<Loc EndOffset="8756" SrcFileId="1" StartOffset="8696"/>
<Loc EndOffset="8768" SrcFileId="1" StartOffset="8761"/>
</LocList>
<CondStmnt CovItemId="S106" CovItemPrefix="group2.game.WaterObjects.java" Intrnl_Id="415">
<Branch CovItemId="B73" CovItemPrefix="group2.game.WaterObjects.java" Implct="false" Intrnl_Id="416">
<Cond/>
<LocList>
<Loc EndOffset="8691" SrcFileId="1" StartOffset="8673"/>
</LocList>
<StmntSeq Intrnl_Id="417">
<LocList>
<Loc EndOffset="8691" SrcFileId="1" StartOffset="8673"/>
</LocList>
<BasicStmnt CovItemId="S107" CovItemPrefix="group2.game.WaterObjects.java" Intrnl_Id="418">
<LocList>
<Loc EndOffset="8691" SrcFileId="1" StartOffset="8673"/>
</LocList>
</BasicStmnt>
</StmntSeq>
</Branch>
<Branch CovItemId="B74" CovItemPrefix="group2.game.WaterObjects.java" Implct="true" Intrnl_Id="419">
<Cond/>
<LocList/>
<StmntSeq Intrnl_Id="420">
<LocList/>
</StmntSeq>
</Branch>
<Keyword EndOffset="8648" SrcFileId="1" StartOffset="8646"/>
<LocList>
<Loc EndOffset="8691" SrcFileId="1" StartOffset="8646"/>
</LocList>
<RootTerm CovItemId="C37" CovItemPrefix="group2.game.WaterObjects.java" Intrnl_Id="421">
<BasicBoolTerm Intrnl_Id="422">
<LocList>
<Loc EndOffset="8666" SrcFileId="1" StartOffset="8650"/>
</LocList>
</BasicBoolTerm>
</RootTerm>
</CondStmnt>
<CondStmnt CovItemId="S108" CovItemPrefix="group2.game.WaterObjects.java" Intrnl_Id="423">
<Branch CovItemId="B75" CovItemPrefix="group2.game.WaterObjects.java" Implct="false" Intrnl_Id="424">
<Cond/>
<LocList>
<Loc EndOffset="8756" SrcFileId="1" StartOffset="8724"/>
</LocList>
<StmntSeq Intrnl_Id="425">
<LocList>
<Loc EndOffset="8756" SrcFileId="1" StartOffset="8724"/>
</LocList>
<BasicStmnt CovItemId="S109" CovItemPrefix="group2.game.WaterObjects.java" Intrnl_Id="426">
<LocList>
<Loc EndOffset="8756" SrcFileId="1" StartOffset="8724"/>
</LocList>
</BasicStmnt>
</StmntSeq>
</Branch>
<Branch CovItemId="B76" CovItemPrefix="group2.game.WaterObjects.java" Implct="true" Intrnl_Id="427">
<Cond/>
<LocList/>
<StmntSeq Intrnl_Id="428">
<LocList/>
</StmntSeq>
</Branch>
<Keyword EndOffset="8698" SrcFileId="1" StartOffset="8696"/>
<LocList>
<Loc EndOffset="8756" SrcFileId="1" StartOffset="8696"/>
</LocList>
<RootTerm CovItemId="C38" CovItemPrefix="group2.game.WaterObjects.java" Intrnl_Id="429">
<BasicBoolTerm Intrnl_Id="430">
<LocList>
<Loc EndOffset="8717" SrcFileId="1" StartOffset="8700"/>
</LocList>
</BasicBoolTerm>
</RootTerm>
</CondStmnt>
<BasicStmnt CovItemId="S110" CovItemPrefix="group2.game.WaterObjects.java" Intrnl_Id="431">
<LocList>
<Loc EndOffset="8768" SrcFileId="1" StartOffset="8761"/>
</LocList>
</BasicStmnt>
</StmntSeq>
</Branch>
<Branch CovItemId="B72" CovItemPrefix="group2.game.WaterObjects.java" Implct="false" Intrnl_Id="432">
<Cond>
<Loc EndOffset="8816" SrcFileId="1" StartOffset="8812"/>
</Cond>
<LocList>
<Loc EndOffset="8973" SrcFileId="1" StartOffset="8817"/>
</LocList>
<StmntSeq Intrnl_Id="433">
<LocList>
<Loc EndOffset="8841" SrcFileId="1" StartOffset="8823"/>
<Loc EndOffset="8891" SrcFileId="1" StartOffset="8846"/>
<Loc EndOffset="8956" SrcFileId="1" StartOffset="8896"/>
<Loc EndOffset="8968" SrcFileId="1" StartOffset="8961"/>
</LocList>
<BasicStmnt CovItemId="S111" CovItemPrefix="group2.game.WaterObjects.java" Intrnl_Id="434">
<LocList>
<Loc EndOffset="8841" SrcFileId="1" StartOffset="8823"/>
</LocList>
</BasicStmnt>
<CondStmnt CovItemId="S112" CovItemPrefix="group2.game.WaterObjects.java" Intrnl_Id="435">
<Branch CovItemId="B77" CovItemPrefix="group2.game.WaterObjects.java" Implct="false" Intrnl_Id="436">
<Cond/>
<LocList>
<Loc EndOffset="8891" SrcFileId="1" StartOffset="8873"/>
</LocList>
<StmntSeq Intrnl_Id="437">
<LocList>
<Loc EndOffset="8891" SrcFileId="1" StartOffset="8873"/>
</LocList>
<BasicStmnt CovItemId="S113" CovItemPrefix="group2.game.WaterObjects.java" Intrnl_Id="438">
<LocList>
<Loc EndOffset="8891" SrcFileId="1" StartOffset="8873"/>
</LocList>
</BasicStmnt>
</StmntSeq>
</Branch>
<Branch CovItemId="B78" CovItemPrefix="group2.game.WaterObjects.java" Implct="true" Intrnl_Id="439">
<Cond/>
<LocList/>
<StmntSeq Intrnl_Id="440">
<LocList/>
</StmntSeq>
</Branch>
<Keyword EndOffset="8848" SrcFileId="1" StartOffset="8846"/>
<LocList>
<Loc EndOffset="8891" SrcFileId="1" StartOffset="8846"/>
</LocList>
<RootTerm CovItemId="C39" CovItemPrefix="group2.game.WaterObjects.java" Intrnl_Id="441">
<BasicBoolTerm Intrnl_Id="442">
<LocList>
<Loc EndOffset="8866" SrcFileId="1" StartOffset="8850"/>
</LocList>
</BasicBoolTerm>
</RootTerm>
</CondStmnt>
<CondStmnt CovItemId="S114" CovItemPrefix="group2.game.WaterObjects.java" Intrnl_Id="443">
<Branch CovItemId="B79" CovItemPrefix="group2.game.WaterObjects.java" Implct="false" Intrnl_Id="444">
<Cond/>
<LocList>
<Loc EndOffset="8956" SrcFileId="1" StartOffset="8924"/>
</LocList>
<StmntSeq Intrnl_Id="445">
<LocList>
<Loc EndOffset="8956" SrcFileId="1" StartOffset="8924"/>
</LocList>
<BasicStmnt CovItemId="S115" CovItemPrefix="group2.game.WaterObjects.java" Intrnl_Id="446">
<LocList>
<Loc EndOffset="8956" SrcFileId="1" StartOffset="8924"/>
</LocList>
</BasicStmnt>
</StmntSeq>
</Branch>
<Branch CovItemId="B80" CovItemPrefix="group2.game.WaterObjects.java" Implct="true" Intrnl_Id="447">
<Cond/>
<LocList/>
<StmntSeq Intrnl_Id="448">
<LocList/>
</StmntSeq>
</Branch>
<Keyword EndOffset="8898" SrcFileId="1" StartOffset="8896"/>
<LocList>
<Loc EndOffset="8956" SrcFileId="1" StartOffset="8896"/>
</LocList>
<RootTerm CovItemId="C40" CovItemPrefix="group2.game.WaterObjects.java" Intrnl_Id="449">
<BasicBoolTerm Intrnl_Id="450">
<LocList>
<Loc EndOffset="8917" SrcFileId="1" StartOffset="8900"/>
</LocList>
</BasicBoolTerm>
</RootTerm>
</CondStmnt>
<BasicStmnt CovItemId="S116" CovItemPrefix="group2.game.WaterObjects.java" Intrnl_Id="451">
<LocList>
<Loc EndOffset="8968" SrcFileId="1" StartOffset="8961"/>
</LocList>
</BasicStmnt>
</StmntSeq>
</Branch>
<Keyword EndOffset="8620" SrcFileId="1" StartOffset="8618"/>
<LocList>
<Loc EndOffset="8973" SrcFileId="1" StartOffset="8618"/>
</LocList>
<RootTerm CovItemId="C36" CovItemPrefix="group2.game.WaterObjects.java" Intrnl_Id="452">
<BasicBoolTerm Intrnl_Id="453">
<LocList>
<Loc EndOffset="8638" SrcFileId="1" StartOffset="8622"/>
</LocList>
</BasicBoolTerm>
</RootTerm>
</CondStmnt>
</StmntSeq>
</Branch>
<Branch CovItemId="B66" CovItemPrefix="group2.game.WaterObjects.java" Implct="false" Intrnl_Id="454">
<Cond>
<Loc EndOffset="8981" SrcFileId="1" StartOffset="8977"/>
</Cond>
<LocList>
<Loc EndOffset="9074" SrcFileId="1" StartOffset="8981"/>
</LocList>
<StmntSeq Intrnl_Id="455">
<LocList>
<Loc EndOffset="9006" SrcFileId="1" StartOffset="8986"/>
<Loc EndOffset="9024" SrcFileId="1" StartOffset="9010"/>
<Loc EndOffset="9070" SrcFileId="1" StartOffset="9028"/>
</LocList>
<BasicStmnt CovItemId="S117" CovItemPrefix="group2.game.WaterObjects.java" Intrnl_Id="456">
<LocList>
<Loc EndOffset="9006" SrcFileId="1" StartOffset="8986"/>
</LocList>
</BasicStmnt>
<BasicStmnt CovItemId="S118" CovItemPrefix="group2.game.WaterObjects.java" Intrnl_Id="457">
<LocList>
<Loc EndOffset="9024" SrcFileId="1" StartOffset="9010"/>
</LocList>
</BasicStmnt>
<CondStmnt CovItemId="S119" CovItemPrefix="group2.game.WaterObjects.java" Intrnl_Id="458">
<Branch CovItemId="B81" CovItemPrefix="group2.game.WaterObjects.java" Implct="false" Intrnl_Id="459">
<Cond/>
<LocList>
<Loc EndOffset="9070" SrcFileId="1" StartOffset="9049"/>
</LocList>
<StmntSeq Intrnl_Id="460">
<LocList>
<Loc EndOffset="9065" SrcFileId="1" StartOffset="9055"/>
</LocList>
<BasicStmnt CovItemId="S120" CovItemPrefix="group2.game.WaterObjects.java" Intrnl_Id="461">
<LocList>
<Loc EndOffset="9065" SrcFileId="1" StartOffset="9055"/>
</LocList>
</BasicStmnt>
</StmntSeq>
</Branch>
<Branch CovItemId="B82" CovItemPrefix="group2.game.WaterObjects.java" Implct="true" Intrnl_Id="462">
<Cond/>
<LocList/>
<StmntSeq Intrnl_Id="463">
<LocList/>
</StmntSeq>
</Branch>
<Keyword EndOffset="9030" SrcFileId="1" StartOffset="9028"/>
<LocList>
<Loc EndOffset="9070" SrcFileId="1" StartOffset="9028"/>
</LocList>
<RootTerm CovItemId="C41" CovItemPrefix="group2.game.WaterObjects.java" Intrnl_Id="464">
<BasicBoolTerm Intrnl_Id="465">
<LocList>
<Loc EndOffset="9048" SrcFileId="1" StartOffset="9031"/>
</LocList>
</BasicBoolTerm>
</RootTerm>
</CondStmnt>
</StmntSeq>
</Branch>
<Keyword EndOffset="8325" SrcFileId="1" StartOffset="8323"/>
<LocList>
<Loc EndOffset="9074" SrcFileId="1" StartOffset="8323"/>
</LocList>
<RootTerm CovItemId="C33" CovItemPrefix="group2.game.WaterObjects.java" Intrnl_Id="466">
<OpTerm BooleanOpId="31" Intrnl_Id="467">
<BasicBoolTerm Intrnl_Id="468">
<LocList>
<Loc EndOffset="8334" SrcFileId="1" StartOffset="8327"/>
</LocList>
</BasicBoolTerm>
<LocList>
<Loc EndOffset="8327" SrcFileId="1" StartOffset="8326"/>
</LocList>
</OpTerm>
</RootTerm>
</CondStmnt>
</StmntSeq>
</HierarchyLvl>
</HierarchyLvl>
<HierarchyLvl HierarchyLvlId="24" HierarchyLvlTypeId="35" Intrnl_Id="469" Name="TestGame">
<Header>
<Loc EndOffset="326" SrcFileId="2" StartOffset="305"/>
</Header>
<LocList>
<Loc EndOffset="9053" SrcFileId="2" StartOffset="305"/>
</LocList>
<HierarchyLvl HierarchyLvlId="13" HierarchyLvlTypeId="36" Intrnl_Id="470" Name="testNewScoreData">
<Header>
<Loc EndOffset="684" SrcFileId="2" StartOffset="647"/>
</Header>
<LocList>
<Loc EndOffset="887" SrcFileId="2" StartOffset="647"/>
</LocList>
<StmntSeq Intrnl_Id="471">
<LocList>
<Loc EndOffset="748" SrcFileId="2" StartOffset="689"/>
<Loc EndOffset="789" SrcFileId="2" StartOffset="752"/>
<Loc EndOffset="824" SrcFileId="2" StartOffset="792"/>
<Loc EndOffset="856" SrcFileId="2" StartOffset="827"/>
<Loc EndOffset="883" SrcFileId="2" StartOffset="859"/>
</LocList>
<BasicStmnt CovItemId="S1" CovItemPrefix="group2.game.TestGame.java" Intrnl_Id="472">
<LocList>
<Loc EndOffset="748" SrcFileId="2" StartOffset="689"/>
</LocList>
</BasicStmnt>
<BasicStmnt CovItemId="S2" CovItemPrefix="group2.game.TestGame.java" Intrnl_Id="473">
<LocList>
<Loc EndOffset="789" SrcFileId="2" StartOffset="752"/>
</LocList>
</BasicStmnt>
<BasicStmnt CovItemId="S3" CovItemPrefix="group2.game.TestGame.java" Intrnl_Id="474">
<LocList>
<Loc EndOffset="824" SrcFileId="2" StartOffset="792"/>
</LocList>
</BasicStmnt>
<BasicStmnt CovItemId="S4" CovItemPrefix="group2.game.TestGame.java" Intrnl_Id="475">
<LocList>
<Loc EndOffset="856" SrcFileId="2" StartOffset="827"/>
</LocList>
</BasicStmnt>
<BasicStmnt CovItemId="S5" CovItemPrefix="group2.game.TestGame.java" Intrnl_Id="476">
<LocList>
<Loc EndOffset="883" SrcFileId="2" StartOffset="859"/>
</LocList>
</BasicStmnt>
</StmntSeq>
</HierarchyLvl>
<HierarchyLvl HierarchyLvlId="14" HierarchyLvlTypeId="36" Intrnl_Id="477" Name="testGUIInput">
<Header>
<Loc EndOffset="924" SrcFileId="2" StartOffset="891"/>
</Header>
<LocList>
<Loc EndOffset="1081" SrcFileId="2" StartOffset="891"/>
</LocList>
<StmntSeq Intrnl_Id="478">
<LocList>
<Loc EndOffset="970" SrcFileId="2" StartOffset="928"/>
<Loc EndOffset="1009" SrcFileId="2" StartOffset="973"/>
<Loc EndOffset="1040" SrcFileId="2" StartOffset="1015"/>
<Loc EndOffset="1078" SrcFileId="2" StartOffset="1043"/>
</LocList>
<BasicStmnt CovItemId="S6" CovItemPrefix="group2.game.TestGame.java" Intrnl_Id="479">
<LocList>
<Loc EndOffset="970" SrcFileId="2" StartOffset="928"/>
</LocList>
</BasicStmnt>
<BasicStmnt CovItemId="S7" CovItemPrefix="group2.game.TestGame.java" Intrnl_Id="480">
<LocList>
<Loc EndOffset="1009" SrcFileId="2" StartOffset="973"/>
</LocList>
</BasicStmnt>
<BasicStmnt CovItemId="S8" CovItemPrefix="group2.game.TestGame.java" Intrnl_Id="481">
<LocList>
<Loc EndOffset="1040" SrcFileId="2" StartOffset="1015"/>
</LocList>
</BasicStmnt>
<BasicStmnt CovItemId="S9" CovItemPrefix="group2.game.TestGame.java" Intrnl_Id="482">
<LocList>
<Loc EndOffset="1078" SrcFileId="2" StartOffset="1043"/>
</LocList>
</BasicStmnt>
</StmntSeq>
</HierarchyLvl>
<HierarchyLvl HierarchyLvlId="15" HierarchyLvlTypeId="36" Intrnl_Id="483" Name="testQuiz">
<Header>
<Loc EndOffset="1113" SrcFileId="2" StartOffset="1084"/>
</Header>
<LocList>
<Loc EndOffset="1550" SrcFileId="2" StartOffset="1084"/>
</LocList>
<StmntSeq Intrnl_Id="484">
<LocList>
<Loc EndOffset="1140" SrcFileId="2" StartOffset="1118"/>
<Loc EndOffset="1185" SrcFileId="2" StartOffset="1143"/>
<Loc EndOffset="1222" SrcFileId="2" StartOffset="1188"/>
<Loc EndOffset="1297" SrcFileId="2" StartOffset="1268"/>
<Loc EndOffset="1334" SrcFileId="2" StartOffset="1300"/>
<Loc EndOffset="1364" SrcFileId="2" StartOffset="1337"/>
<Loc EndOffset="1446" SrcFileId="2" StartOffset="1415"/>
<Loc EndOffset="1480" SrcFileId="2" StartOffset="1449"/>
<Loc EndOffset="1513" SrcFileId="2" StartOffset="1483"/>
<Loc EndOffset="1547" SrcFileId="2" StartOffset="1516"/>
</LocList>
<BasicStmnt CovItemId="S10" CovItemPrefix="group2.game.TestGame.java" Intrnl_Id="485">
<LocList>
<Loc EndOffset="1140" SrcFileId="2" StartOffset="1118"/>
</LocList>
</BasicStmnt>
<BasicStmnt CovItemId="S11" CovItemPrefix="group2.game.TestGame.java" Intrnl_Id="486">
<LocList>
<Loc EndOffset="1185" SrcFileId="2" StartOffset="1143"/>
</LocList>
</BasicStmnt>
<BasicStmnt CovItemId="S12" CovItemPrefix="group2.game.TestGame.java" Intrnl_Id="487">
<LocList>
<Loc EndOffset="1222" SrcFileId="2" StartOffset="1188"/>
</LocList>
</BasicStmnt>
<BasicStmnt CovItemId="S13" CovItemPrefix="group2.game.TestGame.java" Intrnl_Id="488">
<LocList>
<Loc EndOffset="1297" SrcFileId="2" StartOffset="1268"/>
</LocList>
</BasicStmnt>
<BasicStmnt CovItemId="S14" CovItemPrefix="group2.game.TestGame.java" Intrnl_Id="489">
<LocList>
<Loc EndOffset="1334" SrcFileId="2" StartOffset="1300"/>
</LocList>
</BasicStmnt>
<BasicStmnt CovItemId="S15" CovItemPrefix="group2.game.TestGame.java" Intrnl_Id="490">
<LocList>
<Loc EndOffset="1364" SrcFileId="2" StartOffset="1337"/>
</LocList>
</BasicStmnt>
<BasicStmnt CovItemId="S16" CovItemPrefix="group2.game.TestGame.java" Intrnl_Id="491">
<LocList>
<Loc EndOffset="1446" SrcFileId="2" StartOffset="1415"/>
</LocList>
</BasicStmnt>
<BasicStmnt CovItemId="S17" CovItemPrefix="group2.game.TestGame.java" Intrnl_Id="492">
<LocList>
<Loc EndOffset="1480" SrcFileId="2" StartOffset="1449"/>
</LocList>
</BasicStmnt>
<BasicStmnt CovItemId="S18" CovItemPrefix="group2.game.TestGame.java" Intrnl_Id="493">
<LocList>
<Loc EndOffset="1513" SrcFileId="2" StartOffset="1483"/>
</LocList>
</BasicStmnt>
<BasicStmnt CovItemId="S19" CovItemPrefix="group2.game.TestGame.java" Intrnl_Id="494">
<LocList>
<Loc EndOffset="1547" SrcFileId="2" StartOffset="1516"/>
</LocList>
</BasicStmnt>
</StmntSeq>
</HierarchyLvl>
<HierarchyLvl HierarchyLvlId="16" HierarchyLvlTypeId="36" Intrnl_Id="495" Name="testRankOrder">
<Header>
<Loc EndOffset="1668" SrcFileId="2" StartOffset="1634"/>
</Header>
<LocList>
<Loc EndOffset="2071" SrcFileId="2" StartOffset="1634"/>
</LocList>
<StmntSeq Intrnl_Id="496">
<LocList>
<Loc EndOffset="1717" SrcFileId="2" StartOffset="1673"/>
<Loc EndOffset="1764" SrcFileId="2" StartOffset="1720"/>
<Loc EndOffset="1812" SrcFileId="2" StartOffset="1767"/>
<Loc EndOffset="1835" SrcFileId="2" StartOffset="1816"/>
<Loc EndOffset="1857" SrcFileId="2" StartOffset="1838"/>
<Loc EndOffset="1879" SrcFileId="2" StartOffset="1860"/>
<Loc EndOffset="2021" SrcFileId="2" StartOffset="1981"/>
<Loc EndOffset="2064" SrcFileId="2" StartOffset="2024"/>
</LocList>
<BasicStmnt CovItemId="S20" CovItemPrefix="group2.game.TestGame.java" Intrnl_Id="497">
<LocList>
<Loc EndOffset="1717" SrcFileId="2" StartOffset="1673"/>
</LocList>
</BasicStmnt>
<BasicStmnt CovItemId="S21" CovItemPrefix="group2.game.TestGame.java" Intrnl_Id="498">
<LocList>
<Loc EndOffset="1764" SrcFileId="2" StartOffset="1720"/>
</LocList>
</BasicStmnt>
<BasicStmnt CovItemId="S22" CovItemPrefix="group2.game.TestGame.java" Intrnl_Id="499">
<LocList>
<Loc EndOffset="1812" SrcFileId="2" StartOffset="1767"/>
</LocList>
</BasicStmnt>
<BasicStmnt CovItemId="S23" CovItemPrefix="group2.game.TestGame.java" Intrnl_Id="500">
<LocList>
<Loc EndOffset="1835" SrcFileId="2" StartOffset="1816"/>
</LocList>
</BasicStmnt>
<BasicStmnt CovItemId="S24" CovItemPrefix="group2.game.TestGame.java" Intrnl_Id="501">
<LocList>
<Loc EndOffset="1857" SrcFileId="2" StartOffset="1838"/>
</LocList>
</BasicStmnt>
<BasicStmnt CovItemId="S25" CovItemPrefix="group2.game.TestGame.java" Intrnl_Id="502">
<LocList>
<Loc EndOffset="1879" SrcFileId="2" StartOffset="1860"/>
</LocList>
</BasicStmnt>
<BasicStmnt CovItemId="S26" CovItemPrefix="group2.game.TestGame.java" Intrnl_Id="503">
<LocList>
<Loc EndOffset="2021" SrcFileId="2" StartOffset="1981"/>
</LocList>
</BasicStmnt>
<BasicStmnt CovItemId="S27" CovItemPrefix="group2.game.TestGame.java" Intrnl_Id="504">
<LocList>
<Loc EndOffset="2064" SrcFileId="2" StartOffset="2024"/>
</LocList>
</BasicStmnt>
</StmntSeq>
</HierarchyLvl>
<HierarchyLvl HierarchyLvlId="17" HierarchyLvlTypeId="36" Intrnl_Id="505" Name="testRiverBank">
<Header>
<Loc EndOffset="2137" SrcFileId="2" StartOffset="2076"/>
</Header>
<LocList>
<Loc EndOffset="5365" SrcFileId="2" StartOffset="2076"/>
</LocList>
<StmntSeq Intrnl_Id="506">
<LocList>
<Loc EndOffset="2178" SrcFileId="2" StartOffset="2143"/>
<Loc EndOffset="2241" SrcFileId="2" StartOffset="2183"/>
<Loc EndOffset="2271" SrcFileId="2" StartOffset="2246"/>
<Loc EndOffset="2295" SrcFileId="2" StartOffset="2276"/>
<Loc EndOffset="2438" SrcFileId="2" StartOffset="2398"/>
<Loc EndOffset="2590" SrcFileId="2" StartOffset="2545"/>
<Loc EndOffset="2693" SrcFileId="2" StartOffset="2652"/>
<Loc EndOffset="2814" SrcFileId="2" StartOffset="2773"/>
<Loc EndOffset="2867" SrcFileId="2" StartOffset="2822"/>
<Loc EndOffset="2915" SrcFileId="2" StartOffset="2871"/>
<Loc EndOffset="2937" SrcFileId="2" StartOffset="2919"/>
<Loc EndOffset="3036" SrcFileId="2" StartOffset="2992"/>
<Loc EndOffset="3064" SrcFileId="2" StartOffset="3044"/>
<Loc EndOffset="3161" SrcFileId="2" StartOffset="3121"/>
<Loc EndOffset="3274" SrcFileId="2" StartOffset="3233"/>
<Loc EndOffset="3332" SrcFileId="2" StartOffset="3312"/>
<Loc EndOffset="3440" SrcFileId="2" StartOffset="3390"/>
<Loc EndOffset="3494" SrcFileId="2" StartOffset="3444"/>
<Loc EndOffset="3543" SrcFileId="2" StartOffset="3498"/>
<Loc EndOffset="3634" SrcFileId="2" StartOffset="3588"/>
<Loc EndOffset="3688" SrcFileId="2" StartOffset="3642"/>
<Loc EndOffset="3737" SrcFileId="2" StartOffset="3692"/>
<Loc EndOffset="3759" SrcFileId="2" StartOffset="3741"/>
<Loc EndOffset="3866" SrcFileId="2" StartOffset="3821"/>
<Loc EndOffset="3915" SrcFileId="2" StartOffset="3870"/>
<Loc EndOffset="4024" SrcFileId="2" StartOffset="3983"/>
<Loc EndOffset="4137" SrcFileId="2" StartOffset="4068"/>
<Loc EndOffset="4209" SrcFileId="2" StartOffset="4141"/>
<Loc EndOffset="4282" SrcFileId="2" StartOffset="4213"/>
<Loc EndOffset="4354" SrcFileId="2" StartOffset="4286"/>
<Loc EndOffset="4427" SrcFileId="2" StartOffset="4358"/>
<Loc EndOffset="4520" SrcFileId="2" StartOffset="4460"/>
<Loc EndOffset="4584" SrcFileId="2" StartOffset="4524"/>
<Loc EndOffset="4648" SrcFileId="2" StartOffset="4588"/>
<Loc EndOffset="4711" SrcFileId="2" StartOffset="4652"/>
<Loc EndOffset="4775" SrcFileId="2" StartOffset="4715"/>
<Loc EndOffset="4839" SrcFileId="2" StartOffset="4779"/>
<Loc EndOffset="4903" SrcFileId="2" StartOffset="4843"/>
<Loc EndOffset="4958" SrcFileId="2" StartOffset="4907"/>
<Loc EndOffset="5013" SrcFileId="2" StartOffset="4962"/>
<Loc EndOffset="5089" SrcFileId="2" StartOffset="5051"/>
<Loc EndOffset="5131" SrcFileId="2" StartOffset="5093"/>
<Loc EndOffset="5168" SrcFileId="2" StartOffset="5135"/>
<Loc EndOffset="5223" SrcFileId="2" StartOffset="5172"/>
<Loc EndOffset="5307" SrcFileId="2" StartOffset="5264"/>
<Loc EndOffset="5354" SrcFileId="2" StartOffset="5311"/>
</LocList>
<BasicStmnt CovItemId="S28" CovItemPrefix="group2.game.TestGame.java" Intrnl_Id="507">
<LocList>
<Loc EndOffset="2178" SrcFileId="2" StartOffset="2143"/>
</LocList>
</BasicStmnt>
<BasicStmnt CovItemId="S29" CovItemPrefix="group2.game.TestGame.java" Intrnl_Id="508">
<LocList>
<Loc EndOffset="2241" SrcFileId="2" StartOffset="2183"/>
</LocList>
</BasicStmnt>
<BasicStmnt CovItemId="S30" CovItemPrefix="group2.game.TestGame.java" Intrnl_Id="509">
<LocList>
<Loc EndOffset="2271" SrcFileId="2" StartOffset="2246"/>
</LocList>
</BasicStmnt>
<BasicStmnt CovItemId="S31" CovItemPrefix="group2.game.TestGame.java" Intrnl_Id="510">
<LocList>
<Loc EndOffset="2295" SrcFileId="2" StartOffset="2276"/>
</LocList>
</BasicStmnt>
<BasicStmnt CovItemId="S32" CovItemPrefix="group2.game.TestGame.java" Intrnl_Id="511">
<LocList>
<Loc EndOffset="2438" SrcFileId="2" StartOffset="2398"/>
</LocList>
</BasicStmnt>
<BasicStmnt CovItemId="S33" CovItemPrefix="group2.game.TestGame.java" Intrnl_Id="512">
<LocList>
<Loc EndOffset="2590" SrcFileId="2" StartOffset="2545"/>
</LocList>
</BasicStmnt>
<BasicStmnt CovItemId="S34" CovItemPrefix="group2.game.TestGame.java" Intrnl_Id="513">
<LocList>
<Loc EndOffset="2693" SrcFileId="2" StartOffset="2652"/>
</LocList>
</BasicStmnt>
<BasicStmnt CovItemId="S35" CovItemPrefix="group2.game.TestGame.java" Intrnl_Id="514">
<LocList>
<Loc EndOffset="2814" SrcFileId="2" StartOffset="2773"/>
</LocList>
</BasicStmnt>
<BasicStmnt CovItemId="S36" CovItemPrefix="group2.game.TestGame.java" Intrnl_Id="515">
<LocList>
<Loc EndOffset="2867" SrcFileId="2" StartOffset="2822"/>
</LocList>
</BasicStmnt>
<BasicStmnt CovItemId="S37" CovItemPrefix="group2.game.TestGame.java" Intrnl_Id="516">
<LocList>
<Loc EndOffset="2915" SrcFileId="2" StartOffset="2871"/>
</LocList>
</BasicStmnt>
<BasicStmnt CovItemId="S38" CovItemPrefix="group2.game.TestGame.java" Intrnl_Id="517">
<LocList>
<Loc EndOffset="2937" SrcFileId="2" StartOffset="2919"/>
</LocList>
</BasicStmnt>
<BasicStmnt CovItemId="S39" CovItemPrefix="group2.game.TestGame.java" Intrnl_Id="518">
<LocList>
<Loc EndOffset="3036" SrcFileId="2" StartOffset="2992"/>
</LocList>
</BasicStmnt>
<BasicStmnt CovItemId="S40" CovItemPrefix="group2.game.TestGame.java" Intrnl_Id="519">
<LocList>
<Loc EndOffset="3064" SrcFileId="2" StartOffset="3044"/>
</LocList>
</BasicStmnt>
<BasicStmnt CovItemId="S41" CovItemPrefix="group2.game.TestGame.java" Intrnl_Id="520">
<LocList>
<Loc EndOffset="3161" SrcFileId="2" StartOffset="3121"/>
</LocList>
</BasicStmnt>
<BasicStmnt CovItemId="S42" CovItemPrefix="group2.game.TestGame.java" Intrnl_Id="521">
<LocList>
<Loc EndOffset="3274" SrcFileId="2" StartOffset="3233"/>
</LocList>
</BasicStmnt>
<BasicStmnt CovItemId="S43" CovItemPrefix="group2.game.TestGame.java" Intrnl_Id="522">
<LocList>
<Loc EndOffset="3332" SrcFileId="2" StartOffset="3312"/>
</LocList>
</BasicStmnt>
<BasicStmnt CovItemId="S44" CovItemPrefix="group2.game.TestGame.java" Intrnl_Id="523">
<LocList>
<Loc EndOffset="3440" SrcFileId="2" StartOffset="3390"/>
</LocList>
</BasicStmnt>
<BasicStmnt CovItemId="S45" CovItemPrefix="group2.game.TestGame.java" Intrnl_Id="524">
<LocList>
<Loc EndOffset="3494" SrcFileId="2" StartOffset="3444"/>
</LocList>
</BasicStmnt>
<BasicStmnt CovItemId="S46" CovItemPrefix="group2.game.TestGame.java" Intrnl_Id="525">
<LocList>
<Loc EndOffset="3543" SrcFileId="2" StartOffset="3498"/>
</LocList>
</BasicStmnt>
<BasicStmnt CovItemId="S47" CovItemPrefix="group2.game.TestGame.java" Intrnl_Id="526">
<LocList>
<Loc EndOffset="3634" SrcFileId="2" StartOffset="3588"/>
</LocList>
</BasicStmnt>
<BasicStmnt CovItemId="S48" CovItemPrefix="group2.game.TestGame.java" Intrnl_Id="527">
<LocList>
<Loc EndOffset="3688" SrcFileId="2" StartOffset="3642"/>
</LocList>
</BasicStmnt>
<BasicStmnt CovItemId="S49" CovItemPrefix="group2.game.TestGame.java" Intrnl_Id="528">
<LocList>
<Loc EndOffset="3737" SrcFileId="2" StartOffset="3692"/>
</LocList>
</BasicStmnt>
<BasicStmnt CovItemId="S50" CovItemPrefix="group2.game.TestGame.java" Intrnl_Id="529">
<LocList>
<Loc EndOffset="3759" SrcFileId="2" StartOffset="3741"/>
</LocList>
</BasicStmnt>
<BasicStmnt CovItemId="S51" CovItemPrefix="group2.game.TestGame.java" Intrnl_Id="530">
<LocList>
<Loc EndOffset="3866" SrcFileId="2" StartOffset="3821"/>
</LocList>
</BasicStmnt>
<BasicStmnt CovItemId="S52" CovItemPrefix="group2.game.TestGame.java" Intrnl_Id="531">
<LocList>
<Loc EndOffset="3915" SrcFileId="2" StartOffset="3870"/>
</LocList>
</BasicStmnt>
<BasicStmnt CovItemId="S53" CovItemPrefix="group2.game.TestGame.java" Intrnl_Id="532">
<LocList>
<Loc EndOffset="4024" SrcFileId="2" StartOffset="3983"/>
</LocList>
</BasicStmnt>
<BasicStmnt CovItemId="S54" CovItemPrefix="group2.game.TestGame.java" Intrnl_Id="533">
<LocList>
<Loc EndOffset="4137" SrcFileId="2" StartOffset="4068"/>
</LocList>
</BasicStmnt>
<BasicStmnt CovItemId="S55" CovItemPrefix="group2.game.TestGame.java" Intrnl_Id="534">
<LocList>
<Loc EndOffset="4209" SrcFileId="2" StartOffset="4141"/>
</LocList>
</BasicStmnt>
<BasicStmnt CovItemId="S56" CovItemPrefix="group2.game.TestGame.java" Intrnl_Id="535">
<LocList>
<Loc EndOffset="4282" SrcFileId="2" StartOffset="4213"/>
</LocList>
</BasicStmnt>
<BasicStmnt CovItemId="S57" CovItemPrefix="group2.game.TestGame.java" Intrnl_Id="536">
<LocList>
<Loc EndOffset="4354" SrcFileId="2" StartOffset="4286"/>
</LocList>
</BasicStmnt>
<BasicStmnt CovItemId="S58" CovItemPrefix="group2.game.TestGame.java" Intrnl_Id="537">
<LocList>
<Loc EndOffset="4427" SrcFileId="2" StartOffset="4358"/>
</LocList>
</BasicStmnt>
<BasicStmnt CovItemId="S59" CovItemPrefix="group2.game.TestGame.java" Intrnl_Id="538">
<LocList>
<Loc EndOffset="4520" SrcFileId="2" StartOffset="4460"/>
</LocList>
</BasicStmnt>
<BasicStmnt CovItemId="S60" CovItemPrefix="group2.game.TestGame.java" Intrnl_Id="539">
<LocList>
<Loc EndOffset="4584" SrcFileId="2" StartOffset="4524"/>
</LocList>
</BasicStmnt>
<BasicStmnt CovItemId="S61" CovItemPrefix="group2.game.TestGame.java" Intrnl_Id="540">
<LocList>
<Loc EndOffset="4648" SrcFileId="2" StartOffset="4588"/>
</LocList>
</BasicStmnt>
<BasicStmnt CovItemId="S62" CovItemPrefix="group2.game.TestGame.java" Intrnl_Id="541">
<LocList>
<Loc EndOffset="4711" SrcFileId="2" StartOffset="4652"/>
</LocList>
</BasicStmnt>
<BasicStmnt CovItemId="S63" CovItemPrefix="group2.game.TestGame.java" Intrnl_Id="542">
<LocList>
<Loc EndOffset="4775" SrcFileId="2" StartOffset="4715"/>
</LocList>
</BasicStmnt>
<BasicStmnt CovItemId="S64" CovItemPrefix="group2.game.TestGame.java" Intrnl_Id="543">
<LocList>
<Loc EndOffset="4839" SrcFileId="2" StartOffset="4779"/>
</LocList>
</BasicStmnt>
<BasicStmnt CovItemId="S65" CovItemPrefix="group2.game.TestGame.java" Intrnl_Id="544">
<LocList>
<Loc EndOffset="4903" SrcFileId="2" StartOffset="4843"/>
</LocList>
</BasicStmnt>
<BasicStmnt CovItemId="S66" CovItemPrefix="group2.game.TestGame.java" Intrnl_Id="545">
<LocList>
<Loc EndOffset="4958" SrcFileId="2" StartOffset="4907"/>
</LocList>
</BasicStmnt>
<BasicStmnt CovItemId="S67" CovItemPrefix="group2.game.TestGame.java" Intrnl_Id="546">
<LocList>
<Loc EndOffset="5013" SrcFileId="2" StartOffset="4962"/>
</LocList>
</BasicStmnt>
<BasicStmnt CovItemId="S68" CovItemPrefix="group2.game.TestGame.java" Intrnl_Id="547">
<LocList>
<Loc EndOffset="5089" SrcFileId="2" StartOffset="5051"/>
</LocList>
</BasicStmnt>
<BasicStmnt CovItemId="S69" CovItemPrefix="group2.game.TestGame.java" Intrnl_Id="548">
<LocList>
<Loc EndOffset="5131" SrcFileId="2" StartOffset="5093"/>
</LocList>
</BasicStmnt>
<BasicStmnt CovItemId="S70" CovItemPrefix="group2.game.TestGame.java" Intrnl_Id="549">
<LocList>
<Loc EndOffset="5168" SrcFileId="2" StartOffset="5135"/>
</LocList>
</BasicStmnt>
<BasicStmnt CovItemId="S71" CovItemPrefix="group2.game.TestGame.java" Intrnl_Id="550">
<LocList>
<Loc EndOffset="5223" SrcFileId="2" StartOffset="5172"/>
</LocList>
</BasicStmnt>
<BasicStmnt CovItemId="S72" CovItemPrefix="group2.game.TestGame.java" Intrnl_Id="551">
<LocList>
<Loc EndOffset="5307" SrcFileId="2" StartOffset="5264"/>
</LocList>
</BasicStmnt>
<BasicStmnt CovItemId="S73" CovItemPrefix="group2.game.TestGame.java" Intrnl_Id="552">
<LocList>
<Loc EndOffset="5354" SrcFileId="2" StartOffset="5311"/>
</LocList>
</BasicStmnt>
</StmntSeq>
</HierarchyLvl>
<HierarchyLvl HierarchyLvlId="18" HierarchyLvlTypeId="36" Intrnl_Id="553" Name="testSaveScore">
<Header>
<Loc EndOffset="5485" SrcFileId="2" StartOffset="5451"/>
</Header>
<LocList>
<Loc EndOffset="5868" SrcFileId="2" StartOffset="5451"/>
</LocList>
<StmntSeq Intrnl_Id="554">
<LocList>
<Loc EndOffset="5536" SrcFileId="2" StartOffset="5490"/>
<Loc EndOffset="5583" SrcFileId="2" StartOffset="5539"/>
<Loc EndOffset="5631" SrcFileId="2" StartOffset="5586"/>
<Loc EndOffset="5654" SrcFileId="2" StartOffset="5635"/>
<Loc EndOffset="5676" SrcFileId="2" StartOffset="5657"/>
<Loc EndOffset="5698" SrcFileId="2" StartOffset="5679"/>
<Loc EndOffset="5758" SrcFileId="2" StartOffset="5702"/>
<Loc EndOffset="5794" SrcFileId="2" StartOffset="5762"/>
<Loc EndOffset="5829" SrcFileId="2" StartOffset="5797"/>
<Loc EndOffset="5864" SrcFileId="2" StartOffset="5832"/>
</LocList>
<BasicStmnt CovItemId="S74" CovItemPrefix="group2.game.TestGame.java" Intrnl_Id="555">
<LocList>
<Loc EndOffset="5536" SrcFileId="2" StartOffset="5490"/>
</LocList>
</BasicStmnt>
<BasicStmnt CovItemId="S75" CovItemPrefix="group2.game.TestGame.java" Intrnl_Id="556">
<LocList>
<Loc EndOffset="5583" SrcFileId="2" StartOffset="5539"/>
</LocList>
</BasicStmnt>
<BasicStmnt CovItemId="S76" CovItemPrefix="group2.game.TestGame.java" Intrnl_Id="557">
<LocList>
<Loc EndOffset="5631" SrcFileId="2" StartOffset="5586"/>
</LocList>
</BasicStmnt>
<BasicStmnt CovItemId="S77" CovItemPrefix="group2.game.TestGame.java" Intrnl_Id="558">
<LocList>
<Loc EndOffset="5654" SrcFileId="2" StartOffset="5635"/>
</LocList>
</BasicStmnt>
<BasicStmnt CovItemId="S78" CovItemPrefix="group2.game.TestGame.java" Intrnl_Id="559">
<LocList>
<Loc EndOffset="5676" SrcFileId="2" StartOffset="5657"/>
</LocList>
</BasicStmnt>
<BasicStmnt CovItemId="S79" CovItemPrefix="group2.game.TestGame.java" Intrnl_Id="560">
<LocList>
<Loc EndOffset="5698" SrcFileId="2" StartOffset="5679"/>
</LocList>
</BasicStmnt>
<BasicStmnt CovItemId="S80" CovItemPrefix="group2.game.TestGame.java" Intrnl_Id="561">
<LocList>
<Loc EndOffset="5758" SrcFileId="2" StartOffset="5702"/>
</LocList>
</BasicStmnt>
<BasicStmnt CovItemId="S81" CovItemPrefix="group2.game.TestGame.java" Intrnl_Id="562">
<LocList>
<Loc EndOffset="5794" SrcFileId="2" StartOffset="5762"/>
</LocList>
</BasicStmnt>
<BasicStmnt CovItemId="S82" CovItemPrefix="group2.game.TestGame.java" Intrnl_Id="563">
<LocList>
<Loc EndOffset="5829" SrcFileId="2" StartOffset="5797"/>
</LocList>
</BasicStmnt>
<BasicStmnt CovItemId="S83" CovItemPrefix="group2.game.TestGame.java" Intrnl_Id="564">
<LocList>
<Loc EndOffset="5864" SrcFileId="2" StartOffset="5832"/>
</LocList>
</BasicStmnt>
</StmntSeq>
</HierarchyLvl>
<HierarchyLvl HierarchyLvlId="19" HierarchyLvlTypeId="36" Intrnl_Id="565" Name="testScore">
<Header>
<Loc EndOffset="5901" SrcFileId="2" StartOffset="5871"/>
</Header>
<LocList>
<Loc EndOffset="6492" SrcFileId="2" StartOffset="5871"/>
</LocList>
<StmntSeq Intrnl_Id="566">
<LocList>
<Loc EndOffset="5949" SrcFileId="2" StartOffset="5906"/>
<Loc EndOffset="5997" SrcFileId="2" StartOffset="5974"/>
<Loc EndOffset="6039" SrcFileId="2" StartOffset="6000"/>
<Loc EndOffset="6067" SrcFileId="2" StartOffset="6043"/>
<Loc EndOffset="6108" SrcFileId="2" StartOffset="6070"/>
<Loc EndOffset="6146" SrcFileId="2" StartOffset="6114"/>
<Loc EndOffset="6181" SrcFileId="2" StartOffset="6149"/>
<Loc EndOffset="6228" SrcFileId="2" StartOffset="6184"/>
<Loc EndOffset="6259" SrcFileId="2" StartOffset="6234"/>
<Loc EndOffset="6287" SrcFileId="2" StartOffset="6262"/>
<Loc EndOffset="6327" SrcFileId="2" StartOffset="6290"/>
<Loc EndOffset="6369" SrcFileId="2" StartOffset="6333"/>
<Loc EndOffset="6415" SrcFileId="2" StartOffset="6372"/>
<Loc EndOffset="6450" SrcFileId="2" StartOffset="6421"/>
<Loc EndOffset="6489" SrcFileId="2" StartOffset="6453"/>
</LocList>
<BasicStmnt CovItemId="S84" CovItemPrefix="group2.game.TestGame.java" Intrnl_Id="567">
<LocList>
<Loc EndOffset="5949" SrcFileId="2" StartOffset="5906"/>
</LocList>
</BasicStmnt>
<BasicStmnt CovItemId="S85" CovItemPrefix="group2.game.TestGame.java" Intrnl_Id="568">
<LocList>
<Loc EndOffset="5997" SrcFileId="2" StartOffset="5974"/>
</LocList>
</BasicStmnt>
<BasicStmnt CovItemId="S86" CovItemPrefix="group2.game.TestGame.java" Intrnl_Id="569">
<LocList>
<Loc EndOffset="6039" SrcFileId="2" StartOffset="6000"/>
</LocList>
</BasicStmnt>
<BasicStmnt CovItemId="S87" CovItemPrefix="group2.game.TestGame.java" Intrnl_Id="570">
<LocList>
<Loc EndOffset="6067" SrcFileId="2" StartOffset="6043"/>
</LocList>
</BasicStmnt>
<BasicStmnt CovItemId="S88" CovItemPrefix="group2.game.TestGame.java" Intrnl_Id="571">
<LocList>
<Loc EndOffset="6108" SrcFileId="2" StartOffset="6070"/>
</LocList>
</BasicStmnt>
<BasicStmnt CovItemId="S89" CovItemPrefix="group2.game.TestGame.java" Intrnl_Id="572">
<LocList>
<Loc EndOffset="6146" SrcFileId="2" StartOffset="6114"/>
</LocList>
</BasicStmnt>
<BasicStmnt CovItemId="S90" CovItemPrefix="group2.game.TestGame.java" Intrnl_Id="573">
<LocList>
<Loc EndOffset="6181" SrcFileId="2" StartOffset="6149"/>
</LocList>
</BasicStmnt>
<BasicStmnt CovItemId="S91" CovItemPrefix="group2.game.TestGame.java" Intrnl_Id="574">
<LocList>
<Loc EndOffset="6228" SrcFileId="2" StartOffset="6184"/>
</LocList>
</BasicStmnt>
<BasicStmnt CovItemId="S92" CovItemPrefix="group2.game.TestGame.java" Intrnl_Id="575">
<LocList>
<Loc EndOffset="6259" SrcFileId="2" StartOffset="6234"/>
</LocList>
</BasicStmnt>
<BasicStmnt CovItemId="S93" CovItemPrefix="group2.game.TestGame.java" Intrnl_Id="576">
<LocList>
<Loc EndOffset="6287" SrcFileId="2" StartOffset="6262"/>
</LocList>
</BasicStmnt>
<BasicStmnt CovItemId="S94" CovItemPrefix="group2.game.TestGame.java" Intrnl_Id="577">
<LocList>
<Loc EndOffset="6327" SrcFileId="2" StartOffset="6290"/>
</LocList>
</BasicStmnt>
<BasicStmnt CovItemId="S95" CovItemPrefix="group2.game.TestGame.java" Intrnl_Id="578">
<LocList>
<Loc EndOffset="6369" SrcFileId="2" StartOffset="6333"/>
</LocList>
</BasicStmnt>
<BasicStmnt CovItemId="S96" CovItemPrefix="group2.game.TestGame.java" Intrnl_Id="579">
<LocList>
<Loc EndOffset="6415" SrcFileId="2" StartOffset="6372"/>
</LocList>
</BasicStmnt>
<BasicStmnt CovItemId="S97" CovItemPrefix="group2.game.TestGame.java" Intrnl_Id="580">
<LocList>
<Loc EndOffset="6450" SrcFileId="2" StartOffset="6421"/>
</LocList>
</BasicStmnt>
<BasicStmnt CovItemId="S98" CovItemPrefix="group2.game.TestGame.java" Intrnl_Id="581">
<LocList>
<Loc EndOffset="6489" SrcFileId="2" StartOffset="6453"/>
</LocList>
</BasicStmnt>
</StmntSeq>
</HierarchyLvl>
<HierarchyLvl HierarchyLvlId="20" HierarchyLvlTypeId="36" Intrnl_Id="582" Name="testMap">
<Header>
<Loc EndOffset="6534" SrcFileId="2" StartOffset="6506"/>
</Header>
<LocList>
<Loc EndOffset="6699" SrcFileId="2" StartOffset="6506"/>
</LocList>
<StmntSeq Intrnl_Id="583">
<LocList>
<Loc EndOffset="6581" SrcFileId="2" StartOffset="6539"/>
<Loc EndOffset="6603" SrcFileId="2" StartOffset="6584"/>
<Loc EndOffset="6648" SrcFileId="2" StartOffset="6629"/>
<Loc EndOffset="6696" SrcFileId="2" StartOffset="6651"/>
</LocList>
<BasicStmnt CovItemId="S99" CovItemPrefix="group2.game.TestGame.java" Intrnl_Id="584">
<LocList>
<Loc EndOffset="6581" SrcFileId="2" StartOffset="6539"/>
</LocList>
</BasicStmnt>
<BasicStmnt CovItemId="S100" CovItemPrefix="group2.game.TestGame.java" Intrnl_Id="585">
<LocList>
<Loc EndOffset="6603" SrcFileId="2" StartOffset="6584"/>
</LocList>
</BasicStmnt>
<BasicStmnt CovItemId="S101" CovItemPrefix="group2.game.TestGame.java" Intrnl_Id="586">
<LocList>
<Loc EndOffset="6648" SrcFileId="2" StartOffset="6629"/>
</LocList>
</BasicStmnt>
<BasicStmnt CovItemId="S102" CovItemPrefix="group2.game.TestGame.java" Intrnl_Id="587">
<LocList>
<Loc EndOffset="6696" SrcFileId="2" StartOffset="6651"/>
</LocList>
</BasicStmnt>
</StmntSeq>
</HierarchyLvl>
<HierarchyLvl HierarchyLvlId="21" HierarchyLvlTypeId="36" Intrnl_Id="588" Name="testWaterObjects">
<Header>
<Loc EndOffset="6750" SrcFileId="2" StartOffset="6713"/>
</Header>
<LocList>
<Loc EndOffset="7983" SrcFileId="2" StartOffset="6713"/>
</LocList>
<StmntSeq Intrnl_Id="589">
<LocList>
<Loc EndOffset="6797" SrcFileId="2" StartOffset="6755"/>
<Loc EndOffset="6855" SrcFileId="2" StartOffset="6800"/>
<Loc EndOffset="6885" SrcFileId="2" StartOffset="6858"/>
<Loc EndOffset="6935" SrcFileId="2" StartOffset="6915"/>
<Loc EndOffset="7022" SrcFileId="2" StartOffset="6938"/>
<Loc EndOffset="7057" SrcFileId="2" StartOffset="7025"/>
<Loc EndOffset="7105" SrcFileId="2" StartOffset="7078"/>
<Loc EndOffset="7123" SrcFileId="2" StartOffset="7108"/>
<Loc EndOffset="7188" SrcFileId="2" StartOffset="7126"/>
<Loc EndOffset="7236" SrcFileId="2" StartOffset="7191"/>
<Loc EndOffset="7312" SrcFileId="2" StartOffset="7272"/>
<Loc EndOffset="7358" SrcFileId="2" StartOffset="7315"/>
<Loc EndOffset="7404" SrcFileId="2" StartOffset="7361"/>
<Loc EndOffset="7449" SrcFileId="2" StartOffset="7407"/>
<Loc EndOffset="7495" SrcFileId="2" StartOffset="7452"/>
<Loc EndOffset="7564" SrcFileId="2" StartOffset="7525"/>
<Loc EndOffset="7606" SrcFileId="2" StartOffset="7567"/>
<Loc EndOffset="7697" SrcFileId="2" StartOffset="7633"/>
<Loc EndOffset="7717" SrcFileId="2" StartOffset="7703"/>
<Loc EndOffset="7737" SrcFileId="2" StartOffset="7720"/>
<Loc EndOffset="7792" SrcFileId="2" StartOffset="7743"/>
<Loc EndOffset="7851" SrcFileId="2" StartOffset="7795"/>
<Loc EndOffset="7916" SrcFileId="2" StartOffset="7884"/>
<Loc EndOffset="7980" SrcFileId="2" StartOffset="7948"/>
</LocList>
<BasicStmnt CovItemId="S103" CovItemPrefix="group2.game.TestGame.java" Intrnl_Id="590">
<LocList>
<Loc EndOffset="6797" SrcFileId="2" StartOffset="6755"/>
</LocList>
</BasicStmnt>
<BasicStmnt CovItemId="S104" CovItemPrefix="group2.game.TestGame.java" Intrnl_Id="591">
<LocList>
<Loc EndOffset="6855" SrcFileId="2" StartOffset="6800"/>
</LocList>
</BasicStmnt>
<BasicStmnt CovItemId="S105" CovItemPrefix="group2.game.TestGame.java" Intrnl_Id="592">
<LocList>
<Loc EndOffset="6885" SrcFileId="2" StartOffset="6858"/>
</LocList>
</BasicStmnt>
<BasicStmnt CovItemId="S106" CovItemPrefix="group2.game.TestGame.java" Intrnl_Id="593">
<LocList>
<Loc EndOffset="6935" SrcFileId="2" StartOffset="6915"/>
</LocList>
</BasicStmnt>
<BasicStmnt CovItemId="S107" CovItemPrefix="group2.game.TestGame.java" Intrnl_Id="594">
<LocList>
<Loc EndOffset="7022" SrcFileId="2" StartOffset="6938"/>
</LocList>
</BasicStmnt>
<BasicStmnt CovItemId="S108" CovItemPrefix="group2.game.TestGame.java" Intrnl_Id="595">
<LocList>
<Loc EndOffset="7057" SrcFileId="2" StartOffset="7025"/>
</LocList>
</BasicStmnt>
<BasicStmnt CovItemId="S109" CovItemPrefix="group2.game.TestGame.java" Intrnl_Id="596">
<LocList>
<Loc EndOffset="7105" SrcFileId="2" StartOffset="7078"/>
</LocList>
</BasicStmnt>
<BasicStmnt CovItemId="S110" CovItemPrefix="group2.game.TestGame.java" Intrnl_Id="597">
<LocList>
<Loc EndOffset="7123" SrcFileId="2" StartOffset="7108"/>
</LocList>
</BasicStmnt>
<BasicStmnt CovItemId="S111" CovItemPrefix="group2.game.TestGame.java" Intrnl_Id="598">
<LocList>
<Loc EndOffset="7188" SrcFileId="2" StartOffset="7126"/>
</LocList>
</BasicStmnt>
<BasicStmnt CovItemId="S112" CovItemPrefix="group2.game.TestGame.java" Intrnl_Id="599">
<LocList>
<Loc EndOffset="7236" SrcFileId="2" StartOffset="7191"/>
</LocList>
</BasicStmnt>
<BasicStmnt CovItemId="S113" CovItemPrefix="group2.game.TestGame.java" Intrnl_Id="600">
<LocList>
<Loc EndOffset="7312" SrcFileId="2" StartOffset="7272"/>
</LocList>
</BasicStmnt>
<BasicStmnt CovItemId="S114" CovItemPrefix="group2.game.TestGame.java" Intrnl_Id="601">
<LocList>
<Loc EndOffset="7358" SrcFileId="2" StartOffset="7315"/>
</LocList>
</BasicStmnt>
<BasicStmnt CovItemId="S115" CovItemPrefix="group2.game.TestGame.java" Intrnl_Id="602">
<LocList>
<Loc EndOffset="7404" SrcFileId="2" StartOffset="7361"/>
</LocList>
</BasicStmnt>
<BasicStmnt CovItemId="S116" CovItemPrefix="group2.game.TestGame.java" Intrnl_Id="603">
<LocList>
<Loc EndOffset="7449" SrcFileId="2" StartOffset="7407"/>
</LocList>
</BasicStmnt>
<BasicStmnt CovItemId="S117" CovItemPrefix="group2.game.TestGame.java" Intrnl_Id="604">
<LocList>
<Loc EndOffset="7495" SrcFileId="2" StartOffset="7452"/>
</LocList>
</BasicStmnt>
<BasicStmnt CovItemId="S118" CovItemPrefix="group2.game.TestGame.java" Intrnl_Id="605">
<LocList>
<Loc EndOffset="7564" SrcFileId="2" StartOffset="7525"/>
</LocList>
</BasicStmnt>
<BasicStmnt CovItemId="S119" CovItemPrefix="group2.game.TestGame.java" Intrnl_Id="606">
<LocList>
<Loc EndOffset="7606" SrcFileId="2" StartOffset="7567"/>
</LocList>
</BasicStmnt>
<BasicStmnt CovItemId="S120" CovItemPrefix="group2.game.TestGame.java" Intrnl_Id="607">
<LocList>
<Loc EndOffset="7697" SrcFileId="2" StartOffset="7633"/>
</LocList>
</BasicStmnt>
<BasicStmnt CovItemId="S121" CovItemPrefix="group2.game.TestGame.java" Intrnl_Id="608">
<LocList>
<Loc EndOffset="7717" SrcFileId="2" StartOffset="7703"/>
</LocList>
</BasicStmnt>
<BasicStmnt CovItemId="S122" CovItemPrefix="group2.game.TestGame.java" Intrnl_Id="609">
<LocList>
<Loc EndOffset="7737" SrcFileId="2" StartOffset="7720"/>
</LocList>
</BasicStmnt>
<BasicStmnt CovItemId="S123" CovItemPrefix="group2.game.TestGame.java" Intrnl_Id="610">
<LocList>
<Loc EndOffset="7792" SrcFileId="2" StartOffset="7743"/>
</LocList>
</BasicStmnt>
<BasicStmnt CovItemId="S124" CovItemPrefix="group2.game.TestGame.java" Intrnl_Id="611">
<LocList>
<Loc EndOffset="7851" SrcFileId="2" StartOffset="7795"/>
</LocList>
</BasicStmnt>
<BasicStmnt CovItemId="S125" CovItemPrefix="group2.game.TestGame.java" Intrnl_Id="612">
<LocList>
<Loc EndOffset="7916" SrcFileId="2" StartOffset="7884"/>
</LocList>
</BasicStmnt>
<BasicStmnt CovItemId="S126" CovItemPrefix="group2.game.TestGame.java" Intrnl_Id="613">
<LocList>
<Loc EndOffset="7980" SrcFileId="2" StartOffset="7948"/>
</LocList>
</BasicStmnt>
</StmntSeq>
</HierarchyLvl>
<HierarchyLvl HierarchyLvlId="22" HierarchyLvlTypeId="36" Intrnl_Id="614" Name="testPosition">
<Header>
<Loc EndOffset="8024" SrcFileId="2" StartOffset="7991"/>
</Header>
<LocList>
<Loc EndOffset="8799" SrcFileId="2" StartOffset="7991"/>
</LocList>
<StmntSeq Intrnl_Id="615">
<LocList>
<Loc EndOffset="8065" SrcFileId="2" StartOffset="8029"/>
<Loc EndOffset="8104" SrcFileId="2" StartOffset="8068"/>
<Loc EndOffset="8143" SrcFileId="2" StartOffset="8107"/>
<Loc EndOffset="8193" SrcFileId="2" StartOffset="8167"/>
<Loc EndOffset="8222" SrcFileId="2" StartOffset="8196"/>
<Loc EndOffset="8252" SrcFileId="2" StartOffset="8225"/>
<Loc EndOffset="8282" SrcFileId="2" StartOffset="8255"/>
<Loc EndOffset="8339" SrcFileId="2" StartOffset="8307"/>
<Loc EndOffset="8374" SrcFileId="2" StartOffset="8342"/>
<Loc EndOffset="8409" SrcFileId="2" StartOffset="8377"/>
<Loc EndOffset="8466" SrcFileId="2" StartOffset="8434"/>
<Loc EndOffset="8501" SrcFileId="2" StartOffset="8469"/>
<Loc EndOffset="8536" SrcFileId="2" StartOffset="8504"/>
<Loc EndOffset="8593" SrcFileId="2" StartOffset="8562"/>
<Loc EndOffset="8627" SrcFileId="2" StartOffset="8596"/>
<Loc EndOffset="8661" SrcFileId="2" StartOffset="8630"/>
<Loc EndOffset="8726" SrcFileId="2" StartOffset="8701"/>
<Loc EndOffset="8761" SrcFileId="2" StartOffset="8729"/>
<Loc EndOffset="8796" SrcFileId="2" StartOffset="8764"/>
</LocList>
<BasicStmnt CovItemId="S127" CovItemPrefix="group2.game.TestGame.java" Intrnl_Id="616">
<LocList>
<Loc EndOffset="8065" SrcFileId="2" StartOffset="8029"/>
</LocList>
</BasicStmnt>
<BasicStmnt CovItemId="S128" CovItemPrefix="group2.game.TestGame.java" Intrnl_Id="617">
<LocList>
<Loc EndOffset="8104" SrcFileId="2" StartOffset="8068"/>
</LocList>
</BasicStmnt>
<BasicStmnt CovItemId="S129" CovItemPrefix="group2.game.TestGame.java" Intrnl_Id="618">
<LocList>
<Loc EndOffset="8143" SrcFileId="2" StartOffset="8107"/>
</LocList>
</BasicStmnt>
<BasicStmnt CovItemId="S130" CovItemPrefix="group2.game.TestGame.java" Intrnl_Id="619">
<LocList>
<Loc EndOffset="8193" SrcFileId="2" StartOffset="8167"/>
</LocList>
</BasicStmnt>
<BasicStmnt CovItemId="S131" CovItemPrefix="group2.game.TestGame.java" Intrnl_Id="620">
<LocList>
<Loc EndOffset="8222" SrcFileId="2" StartOffset="8196"/>
</LocList>
</BasicStmnt>
<BasicStmnt CovItemId="S132" CovItemPrefix="group2.game.TestGame.java" Intrnl_Id="621">
<LocList>
<Loc EndOffset="8252" SrcFileId="2" StartOffset="8225"/>
</LocList>
</BasicStmnt>
<BasicStmnt CovItemId="S133" CovItemPrefix="group2.game.TestGame.java" Intrnl_Id="622">
<LocList>
<Loc EndOffset="8282" SrcFileId="2" StartOffset="8255"/>
</LocList>
</BasicStmnt>
<BasicStmnt CovItemId="S134" CovItemPrefix="group2.game.TestGame.java" Intrnl_Id="623">
<LocList>
<Loc EndOffset="8339" SrcFileId="2" StartOffset="8307"/>
</LocList>
</BasicStmnt>
<BasicStmnt CovItemId="S135" CovItemPrefix="group2.game.TestGame.java" Intrnl_Id="624">
<LocList>
<Loc EndOffset="8374" SrcFileId="2" StartOffset="8342"/>
</LocList>
</BasicStmnt>
<BasicStmnt CovItemId="S136" CovItemPrefix="group2.game.TestGame.java" Intrnl_Id="625">
<LocList>
<Loc EndOffset="8409" SrcFileId="2" StartOffset="8377"/>
</LocList>
</BasicStmnt>
<BasicStmnt CovItemId="S137" CovItemPrefix="group2.game.TestGame.java" Intrnl_Id="626">
<LocList>
<Loc EndOffset="8466" SrcFileId="2" StartOffset="8434"/>
</LocList>
</BasicStmnt>
<BasicStmnt CovItemId="S138" CovItemPrefix="group2.game.TestGame.java" Intrnl_Id="627">
<LocList>
<Loc EndOffset="8501" SrcFileId="2" StartOffset="8469"/>
</LocList>
</BasicStmnt>
<BasicStmnt CovItemId="S139" CovItemPrefix="group2.game.TestGame.java" Intrnl_Id="628">
<LocList>
<Loc EndOffset="8536" SrcFileId="2" StartOffset="8504"/>
</LocList>
</BasicStmnt>
<BasicStmnt CovItemId="S140" CovItemPrefix="group2.game.TestGame.java" Intrnl_Id="629">
<LocList>
<Loc EndOffset="8593" SrcFileId="2" StartOffset="8562"/>
</LocList>
</BasicStmnt>
<BasicStmnt CovItemId="S141" CovItemPrefix="group2.game.TestGame.java" Intrnl_Id="630">
<LocList>
<Loc EndOffset="8627" SrcFileId="2" StartOffset="8596"/>
</LocList>
</BasicStmnt>
<BasicStmnt CovItemId="S142" CovItemPrefix="group2.game.TestGame.java" Intrnl_Id="631">
<LocList>
<Loc EndOffset="8661" SrcFileId="2" StartOffset="8630"/>
</LocList>
</BasicStmnt>
<BasicStmnt CovItemId="S143" CovItemPrefix="group2.game.TestGame.java" Intrnl_Id="632">
<LocList>
<Loc EndOffset="8726" SrcFileId="2" StartOffset="8701"/>
</LocList>
</BasicStmnt>
<BasicStmnt CovItemId="S144" CovItemPrefix="group2.game.TestGame.java" Intrnl_Id="633">
<LocList>
<Loc EndOffset="8761" SrcFileId="2" StartOffset="8729"/>
</LocList>
</BasicStmnt>
<BasicStmnt CovItemId="S145" CovItemPrefix="group2.game.TestGame.java" Intrnl_Id="634">
<LocList>
<Loc EndOffset="8796" SrcFileId="2" StartOffset="8764"/>
</LocList>
</BasicStmnt>
</StmntSeq>
</HierarchyLvl>
<HierarchyLvl HierarchyLvlId="23" HierarchyLvlTypeId="36" Intrnl_Id="635" Name="testPlayer">
<Header>
<Loc EndOffset="8834" SrcFileId="2" StartOffset="8803"/>
</Header>
<LocList>
<Loc EndOffset="9047" SrcFileId="2" StartOffset="8803"/>
</LocList>
<StmntSeq Intrnl_Id="636">
<LocList>
<Loc EndOffset="8862" SrcFileId="2" StartOffset="8838"/>
<Loc EndOffset="8905" SrcFileId="2" StartOffset="8868"/>
<Loc EndOffset="8947" SrcFileId="2" StartOffset="8908"/>
<Loc EndOffset="8991" SrcFileId="2" StartOffset="8950"/>
<Loc EndOffset="9044" SrcFileId="2" StartOffset="8994"/>
</LocList>
<BasicStmnt CovItemId="S146" CovItemPrefix="group2.game.TestGame.java" Intrnl_Id="637">
<LocList>
<Loc EndOffset="8862" SrcFileId="2" StartOffset="8838"/>
</LocList>
</BasicStmnt>
<BasicStmnt CovItemId="S147" CovItemPrefix="group2.game.TestGame.java" Intrnl_Id="638">
<LocList>
<Loc EndOffset="8905" SrcFileId="2" StartOffset="8868"/>
</LocList>
</BasicStmnt>
<BasicStmnt CovItemId="S148" CovItemPrefix="group2.game.TestGame.java" Intrnl_Id="639">
<LocList>
<Loc EndOffset="8947" SrcFileId="2" StartOffset="8908"/>
</LocList>
</BasicStmnt>
<BasicStmnt CovItemId="S149" CovItemPrefix="group2.game.TestGame.java" Intrnl_Id="640">
<LocList>
<Loc EndOffset="8991" SrcFileId="2" StartOffset="8950"/>
</LocList>
</BasicStmnt>
<BasicStmnt CovItemId="S150" CovItemPrefix="group2.game.TestGame.java" Intrnl_Id="641">
<LocList>
<Loc EndOffset="9044" SrcFileId="2" StartOffset="8994"/>
</LocList>
</BasicStmnt>
</StmntSeq>
</HierarchyLvl>
</HierarchyLvl>
<HierarchyLvl HierarchyLvlId="26" HierarchyLvlTypeId="35" Intrnl_Id="642" Name="Stream">
<Header>
<Loc EndOffset="55" SrcFileId="3" StartOffset="22"/>
</Header>
<LocList>
<Loc EndOffset="311" SrcFileId="3" StartOffset="22"/>
</LocList>
<HierarchyLvl HierarchyLvlId="25" HierarchyLvlTypeId="36" Intrnl_Id="643" Name="Stream">
<Header>
<Loc EndOffset="96" SrcFileId="3" StartOffset="64"/>
</Header>
<LocList>
<Loc EndOffset="308" SrcFileId="3" StartOffset="64"/>
</LocList>
<StmntSeq Intrnl_Id="644">
<LocList>
<Loc EndOffset="134" SrcFileId="3" StartOffset="101"/>
<Loc EndOffset="242" SrcFileId="3" StartOffset="137"/>
<Loc EndOffset="273" SrcFileId="3" StartOffset="245"/>
<Loc EndOffset="305" SrcFileId="3" StartOffset="276"/>
</LocList>
<BasicStmnt CovItemId="S1" CovItemPrefix="group2.game.Stream.java" Intrnl_Id="645">
<LocList>
<Loc EndOffset="134" SrcFileId="3" StartOffset="101"/>
</LocList>
</BasicStmnt>
<BasicStmnt CovItemId="S2" CovItemPrefix="group2.game.Stream.java" Intrnl_Id="646">
<LocList>
<Loc EndOffset="242" SrcFileId="3" StartOffset="137"/>
</LocList>
</BasicStmnt>
<BasicStmnt CovItemId="S3" CovItemPrefix="group2.game.Stream.java" Intrnl_Id="647">
<LocList>
<Loc EndOffset="273" SrcFileId="3" StartOffset="245"/>
</LocList>
</BasicStmnt>
<BasicStmnt CovItemId="S4" CovItemPrefix="group2.game.Stream.java" Intrnl_Id="648">
<LocList>
<Loc EndOffset="305" SrcFileId="3" StartOffset="276"/>
</LocList>
</BasicStmnt>
</StmntSeq>
</HierarchyLvl>
</HierarchyLvl>
<HierarchyLvl HierarchyLvlId="27" HierarchyLvlTypeId="35" Intrnl_Id="649" Name="StaticQuizes">
<Header>
<Loc EndOffset="47" SrcFileId="4" StartOffset="22"/>
</Header>
<LocList>
<Loc EndOffset="3408" SrcFileId="4" StartOffset="22"/>
</LocList>
<StmntSeq Intrnl_Id="650">
<LocList>
<Loc EndOffset="323" SrcFileId="4" StartOffset="55"/>
<Loc EndOffset="455" SrcFileId="4" StartOffset="325"/>
<Loc EndOffset="669" SrcFileId="4" StartOffset="458"/>
<Loc EndOffset="796" SrcFileId="4" StartOffset="671"/>
<Loc EndOffset="1115" SrcFileId="4" StartOffset="799"/>
<Loc EndOffset="1219" SrcFileId="4" StartOffset="1117"/>
<Loc EndOffset="1428" SrcFileId="4" StartOffset="1222"/>
<Loc EndOffset="1548" SrcFileId="4" StartOffset="1430"/>
<Loc EndOffset="1820" SrcFileId="4" StartOffset="1551"/>
<Loc EndOffset="1946" SrcFileId="4" StartOffset="1822"/>
<Loc EndOffset="2193" SrcFileId="4" StartOffset="1950"/>
<Loc EndOffset="2321" SrcFileId="4" StartOffset="2195"/>
<Loc EndOffset="2559" SrcFileId="4" StartOffset="2325"/>
<Loc EndOffset="2679" SrcFileId="4" StartOffset="2561"/>
<Loc EndOffset="2896" SrcFileId="4" StartOffset="2683"/>
<Loc EndOffset="3029" SrcFileId="4" StartOffset="2898"/>
<Loc EndOffset="3299" SrcFileId="4" StartOffset="3033"/>
<Loc EndOffset="3401" SrcFileId="4" StartOffset="3301"/>
</LocList>
<BasicStmnt CovItemId="S1" CovItemPrefix="group2.game.StaticQuizes.java" Intrnl_Id="651">
<LocList>
<Loc EndOffset="323" SrcFileId="4" StartOffset="55"/>
</LocList>
</BasicStmnt>
<BasicStmnt CovItemId="S2" CovItemPrefix="group2.game.StaticQuizes.java" Intrnl_Id="652">
<LocList>
<Loc EndOffset="455" SrcFileId="4" StartOffset="325"/>
</LocList>
</BasicStmnt>
<BasicStmnt CovItemId="S3" CovItemPrefix="group2.game.StaticQuizes.java" Intrnl_Id="653">
<LocList>
<Loc EndOffset="669" SrcFileId="4" StartOffset="458"/>
</LocList>
</BasicStmnt>
<BasicStmnt CovItemId="S4" CovItemPrefix="group2.game.StaticQuizes.java" Intrnl_Id="654">
<LocList>
<Loc EndOffset="796" SrcFileId="4" StartOffset="671"/>
</LocList>
</BasicStmnt>
<BasicStmnt CovItemId="S5" CovItemPrefix="group2.game.StaticQuizes.java" Intrnl_Id="655">
<LocList>
<Loc EndOffset="1115" SrcFileId="4" StartOffset="799"/>
</LocList>
</BasicStmnt>
<BasicStmnt CovItemId="S6" CovItemPrefix="group2.game.StaticQuizes.java" Intrnl_Id="656">
<LocList>
<Loc EndOffset="1219" SrcFileId="4" StartOffset="1117"/>
</LocList>
</BasicStmnt>
<BasicStmnt CovItemId="S7" CovItemPrefix="group2.game.StaticQuizes.java" Intrnl_Id="657">
<LocList>
<Loc EndOffset="1428" SrcFileId="4" StartOffset="1222"/>
</LocList>
</BasicStmnt>
<BasicStmnt CovItemId="S8" CovItemPrefix="group2.game.StaticQuizes.java" Intrnl_Id="658">
<LocList>
<Loc EndOffset="1548" SrcFileId="4" StartOffset="1430"/>
</LocList>
</BasicStmnt>
<BasicStmnt CovItemId="S9" CovItemPrefix="group2.game.StaticQuizes.java" Intrnl_Id="659">
<LocList>
<Loc EndOffset="1820" SrcFileId="4" StartOffset="1551"/>
</LocList>
</BasicStmnt>
<BasicStmnt CovItemId="S10" CovItemPrefix="group2.game.StaticQuizes.java" Intrnl_Id="660">
<LocList>
<Loc EndOffset="1946" SrcFileId="4" StartOffset="1822"/>
</LocList>
</BasicStmnt>
<BasicStmnt CovItemId="S11" CovItemPrefix="group2.game.StaticQuizes.java" Intrnl_Id="661">
<LocList>
<Loc EndOffset="2193" SrcFileId="4" StartOffset="1950"/>
</LocList>
</BasicStmnt>
<BasicStmnt CovItemId="S12" CovItemPrefix="group2.game.StaticQuizes.java" Intrnl_Id="662">
<LocList>
<Loc EndOffset="2321" SrcFileId="4" StartOffset="2195"/>
</LocList>
</BasicStmnt>
<BasicStmnt CovItemId="S13" CovItemPrefix="group2.game.StaticQuizes.java" Intrnl_Id="663">
<LocList>
<Loc EndOffset="2559" SrcFileId="4" StartOffset="2325"/>
</LocList>
</BasicStmnt>
<BasicStmnt CovItemId="S14" CovItemPrefix="group2.game.StaticQuizes.java" Intrnl_Id="664">
<LocList>
<Loc EndOffset="2679" SrcFileId="4" StartOffset="2561"/>
</LocList>
</BasicStmnt>
<BasicStmnt CovItemId="S15" CovItemPrefix="group2.game.StaticQuizes.java" Intrnl_Id="665">
<LocList>
<Loc EndOffset="2896" SrcFileId="4" StartOffset="2683"/>
</LocList>
</BasicStmnt>
<BasicStmnt CovItemId="S16" CovItemPrefix="group2.game.StaticQuizes.java" Intrnl_Id="666">
<LocList>
<Loc EndOffset="3029" SrcFileId="4" StartOffset="2898"/>
</LocList>
</BasicStmnt>
<BasicStmnt CovItemId="S17" CovItemPrefix="group2.game.StaticQuizes.java" Intrnl_Id="667">
<LocList>
<Loc EndOffset="3299" SrcFileId="4" StartOffset="3033"/>
</LocList>
</BasicStmnt>
<BasicStmnt CovItemId="S18" CovItemPrefix="group2.game.StaticQuizes.java" Intrnl_Id="668">
<LocList>
<Loc EndOffset="3401" SrcFileId="4" StartOffset="3301"/>
</LocList>
</BasicStmnt>
</StmntSeq>
</HierarchyLvl>
<HierarchyLvl HierarchyLvlId="30" HierarchyLvlTypeId="35" Intrnl_Id="669" Name="SplashScreen">
<Header>
<Loc EndOffset="138" SrcFileId="5" StartOffset="98"/>
</Header>
<LocList>
<Loc EndOffset="596" SrcFileId="5" StartOffset="98"/>
</LocList>
<StmntSeq Intrnl_Id="670">
<LocList>
<Loc EndOffset="205" SrcFileId="5" StartOffset="157"/>
</LocList>
<BasicStmnt CovItemId="S1" CovItemPrefix="group2.game.SplashScreen.java" Intrnl_Id="671">
<LocList>
<Loc EndOffset="205" SrcFileId="5" StartOffset="157"/>
</LocList>
</BasicStmnt>
</StmntSeq>
<HierarchyLvl HierarchyLvlId="28" HierarchyLvlTypeId="36" Intrnl_Id="672" Name="SplashScreen">
<Header>
<Loc EndOffset="269" SrcFileId="5" StartOffset="231"/>
</Header>
<LocList>
<Loc EndOffset="292" SrcFileId="5" StartOffset="231"/>
</LocList>
<StmntSeq Intrnl_Id="673">
<LocList>
<Loc EndOffset="288" SrcFileId="5" StartOffset="274"/>
</LocList>
<BasicStmnt CovItemId="S2" CovItemPrefix="group2.game.SplashScreen.java" Intrnl_Id="674">
<LocList>
<Loc EndOffset="288" SrcFileId="5" StartOffset="274"/>
</LocList>
</BasicStmnt>
</StmntSeq>
</HierarchyLvl>
<HierarchyLvl HierarchyLvlId="29" HierarchyLvlTypeId="36" Intrnl_Id="675" Name="paintComponent">
<Header>
<Loc EndOffset="333" SrcFileId="5" StartOffset="295"/>
</Header>
<LocList>
<Loc EndOffset="593" SrcFileId="5" StartOffset="295"/>
</LocList>
<StmntSeq Intrnl_Id="676">
<LocList>
<Loc EndOffset="362" SrcFileId="5" StartOffset="338"/>
<Loc EndOffset="471" SrcFileId="5" StartOffset="366"/>
<Loc EndOffset="489" SrcFileId="5" StartOffset="475"/>
<Loc EndOffset="589" SrcFileId="5" StartOffset="492"/>
</LocList>
<BasicStmnt CovItemId="S3" CovItemPrefix="group2.game.SplashScreen.java" Intrnl_Id="677">
<LocList>
<Loc EndOffset="362" SrcFileId="5" StartOffset="338"/>
</LocList>
</BasicStmnt>
<BasicStmnt CovItemId="S4" CovItemPrefix="group2.game.SplashScreen.java" Intrnl_Id="678">
<LocList>
<Loc EndOffset="471" SrcFileId="5" StartOffset="366"/>
</LocList>
</BasicStmnt>
<BasicStmnt CovItemId="S5" CovItemPrefix="group2.game.SplashScreen.java" Intrnl_Id="679">
<LocList>
<Loc EndOffset="489" SrcFileId="5" StartOffset="475"/>
</LocList>
</BasicStmnt>
<BasicStmnt CovItemId="S6" CovItemPrefix="group2.game.SplashScreen.java" Intrnl_Id="680">
<LocList>
<Loc EndOffset="589" SrcFileId="5" StartOffset="492"/>
</LocList>
</BasicStmnt>
</StmntSeq>
</HierarchyLvl>
</HierarchyLvl>
<HierarchyLvl HierarchyLvlId="37" HierarchyLvlTypeId="35" Intrnl_Id="681" Name="ScoreData">
<Header>
<Loc EndOffset="73" SrcFileId="6" StartOffset="51"/>
</Header>
<LocList>
<Loc EndOffset="1349" SrcFileId="6" StartOffset="51"/>
</LocList>
<StmntSeq Intrnl_Id="682">
<LocList>
<Loc EndOffset="167" SrcFileId="6" StartOffset="132"/>
</LocList>
<BasicStmnt CovItemId="S1" CovItemPrefix="group2.game.ScoreData.java" Intrnl_Id="683">
<LocList>
<Loc EndOffset="167" SrcFileId="6" StartOffset="132"/>
</LocList>
</BasicStmnt>
</StmntSeq>
<HierarchyLvl HierarchyLvlId="31" HierarchyLvlTypeId="36" Intrnl_Id="684" Name="ScoreData">
<Header>
<Loc EndOffset="351" SrcFileId="6" StartOffset="302"/>
</Header>
<LocList>
<Loc EndOffset="418" SrcFileId="6" StartOffset="302"/>
</LocList>
<StmntSeq Intrnl_Id="685">
<LocList>
<Loc EndOffset="373" SrcFileId="6" StartOffset="356"/>
<Loc EndOffset="395" SrcFileId="6" StartOffset="376"/>
<Loc EndOffset="415" SrcFileId="6" StartOffset="398"/>
</LocList>
<BasicStmnt CovItemId="S2" CovItemPrefix="group2.game.ScoreData.java" Intrnl_Id="686">
<LocList>
<Loc EndOffset="373" SrcFileId="6" StartOffset="356"/>
</LocList>
</BasicStmnt>
<BasicStmnt CovItemId="S3" CovItemPrefix="group2.game.ScoreData.java" Intrnl_Id="687">
<LocList>
<Loc EndOffset="395" SrcFileId="6" StartOffset="376"/>
</LocList>
</BasicStmnt>
<BasicStmnt CovItemId="S4" CovItemPrefix="group2.game.ScoreData.java" Intrnl_Id="688">
<LocList>
<Loc EndOffset="415" SrcFileId="6" StartOffset="398"/>
</LocList>
</BasicStmnt>
</StmntSeq>
</HierarchyLvl>
<HierarchyLvl HierarchyLvlId="32" HierarchyLvlTypeId="36" Intrnl_Id="689" Name="addDataToList">
<Header>
<Loc EndOffset="483" SrcFileId="6" StartOffset="456"/>
</Header>
<LocList>
<Loc EndOffset="520" SrcFileId="6" StartOffset="456"/>
</LocList>
<StmntSeq Intrnl_Id="690">
<LocList>
<Loc EndOffset="517" SrcFileId="6" StartOffset="488"/>
</LocList>
<BasicStmnt CovItemId="S5" CovItemPrefix="group2.game.ScoreData.java" Intrnl_Id="691">
<LocList>
<Loc EndOffset="517" SrcFileId="6" StartOffset="488"/>
</LocList>
</BasicStmnt>
</StmntSeq>
</HierarchyLvl>
<HierarchyLvl HierarchyLvlId="33" HierarchyLvlTypeId="36" Intrnl_Id="692" Name="display">
<Header>
<Loc EndOffset="602" SrcFileId="6" StartOffset="577"/>
</Header>
<LocList>
<Loc EndOffset="766" SrcFileId="6" StartOffset="577"/>
</LocList>
<StmntSeq Intrnl_Id="693">
<LocList>
<Loc EndOffset="656" SrcFileId="6" StartOffset="608"/>
<Loc EndOffset="679" SrcFileId="6" StartOffset="659"/>
<Loc EndOffset="720" SrcFileId="6" StartOffset="682"/>
<Loc EndOffset="743" SrcFileId="6" StartOffset="723"/>
<Loc EndOffset="763" SrcFileId="6" StartOffset="746"/>
</LocList>
<BasicStmnt CovItemId="S6" CovItemPrefix="group2.game.ScoreData.java" Intrnl_Id="694">
<LocList>
<Loc EndOffset="656" SrcFileId="6" StartOffset="608"/>
</LocList>
</BasicStmnt>
<BasicStmnt CovItemId="S7" CovItemPrefix="group2.game.ScoreData.java" Intrnl_Id="695">
<LocList>
<Loc EndOffset="679" SrcFileId="6" StartOffset="659"/>
</LocList>
</BasicStmnt>
<BasicStmnt CovItemId="S8" CovItemPrefix="group2.game.ScoreData.java" Intrnl_Id="696">
<LocList>
<Loc EndOffset="720" SrcFileId="6" StartOffset="682"/>
</LocList>
</BasicStmnt>
<BasicStmnt CovItemId="S9" CovItemPrefix="group2.game.ScoreData.java" Intrnl_Id="697">
<LocList>
<Loc EndOffset="743" SrcFileId="6" StartOffset="723"/>
</LocList>
</BasicStmnt>
<BasicStmnt CovItemId="S10" CovItemPrefix="group2.game.ScoreData.java" Intrnl_Id="698">
<LocList>
<Loc EndOffset="763" SrcFileId="6" StartOffset="746"/>
</LocList>
</BasicStmnt>
</StmntSeq>
</HierarchyLvl>
<HierarchyLvl HierarchyLvlId="34" HierarchyLvlTypeId="36" Intrnl_Id="699" Name="equals">
<Header>
<Loc EndOffset="886" SrcFileId="6" StartOffset="840"/>
</Header>
<LocList>
<Loc EndOffset="980" SrcFileId="6" StartOffset="840"/>
</LocList>
<StmntSeq Intrnl_Id="700">
<LocList>
<Loc EndOffset="959" SrcFileId="6" StartOffset="892"/>
<Loc EndOffset="976" SrcFileId="6" StartOffset="963"/>
</LocList>
<CondStmnt CovItemId="S11" CovItemPrefix="group2.game.ScoreData.java" Intrnl_Id="701">
<Branch CovItemId="B1" CovItemPrefix="group2.game.ScoreData.java" Implct="false" Intrnl_Id="702">
<Cond/>
<LocList>
<Loc EndOffset="959" SrcFileId="6" StartOffset="938"/>
</LocList>
<StmntSeq Intrnl_Id="703">
<LocList>
<Loc EndOffset="955" SrcFileId="6" StartOffset="943"/>
</LocList>
<BasicStmnt CovItemId="S12" CovItemPrefix="group2.game.ScoreData.java" Intrnl_Id="704">
<LocList>
<Loc EndOffset="955" SrcFileId="6" StartOffset="943"/>
</LocList>
</BasicStmnt>
</StmntSeq>
</Branch>
<Branch CovItemId="B2" CovItemPrefix="group2.game.ScoreData.java" Implct="true" Intrnl_Id="705">
<Cond/>
<LocList/>
<StmntSeq Intrnl_Id="706">
<LocList/>
</StmntSeq>
</Branch>
<Keyword EndOffset="894" SrcFileId="6" StartOffset="892"/>
<LocList>
<Loc EndOffset="959" SrcFileId="6" StartOffset="892"/>
</LocList>
<RootTerm CovItemId="C1" CovItemPrefix="group2.game.ScoreData.java" Intrnl_Id="707">
<BasicBoolTerm Intrnl_Id="708">
<LocList>
<Loc EndOffset="936" SrcFileId="6" StartOffset="896"/>
</LocList>
</BasicBoolTerm>
</RootTerm>
</CondStmnt>
<BasicStmnt CovItemId="S13" CovItemPrefix="group2.game.ScoreData.java" Intrnl_Id="709">
<LocList>
<Loc EndOffset="976" SrcFileId="6" StartOffset="963"/>
</LocList>
</BasicStmnt>
</StmntSeq>
</HierarchyLvl>
<HierarchyLvl HierarchyLvlId="35" HierarchyLvlTypeId="36" Intrnl_Id="710" Name="getRank">
<Header>
<Loc EndOffset="1003" SrcFileId="6" StartOffset="983"/>
</Header>
<LocList>
<Loc EndOffset="1177" SrcFileId="6" StartOffset="983"/>
</LocList>
<StmntSeq Intrnl_Id="711">
<LocList>
<Loc EndOffset="1059" SrcFileId="6" StartOffset="1008"/>
<Loc EndOffset="1161" SrcFileId="6" StartOffset="1062"/>
<Loc EndOffset="1174" SrcFileId="6" StartOffset="1164"/>
</LocList>
<BasicStmnt CovItemId="S14" CovItemPrefix="group2.game.ScoreData.java" Intrnl_Id="712">
<LocList>
<Loc EndOffset="1059" SrcFileId="6" StartOffset="1008"/>
</LocList>
</BasicStmnt>
<CondStmnt CovItemId="S15" CovItemPrefix="group2.game.ScoreData.java" Intrnl_Id="713">
<Branch CovItemId="B3" CovItemPrefix="group2.game.ScoreData.java" Implct="false" Intrnl_Id="714">
<Cond/>
<LocList>
<Loc EndOffset="1116" SrcFileId="6" StartOffset="1084"/>
</LocList>
<StmntSeq Intrnl_Id="715">
<LocList>
<Loc EndOffset="1112" SrcFileId="6" StartOffset="1089"/>
</LocList>
<BasicStmnt CovItemId="S16" CovItemPrefix="group2.game.ScoreData.java" Intrnl_Id="716">
<LocList>
<Loc EndOffset="1112" SrcFileId="6" StartOffset="1089"/>
</LocList>
</BasicStmnt>
</StmntSeq>
</Branch>
<Branch CovItemId="B4" CovItemPrefix="group2.game.ScoreData.java" Implct="false" Intrnl_Id="717">
<Cond>
<Loc EndOffset="1121" SrcFileId="6" StartOffset="1117"/>
</Cond>
<LocList>
<Loc EndOffset="1161" SrcFileId="6" StartOffset="1122"/>
</LocList>
<StmntSeq Intrnl_Id="718">
<LocList>
<Loc EndOffset="1143" SrcFileId="6" StartOffset="1127"/>
<Loc EndOffset="1157" SrcFileId="6" StartOffset="1147"/>
</LocList>
<BasicStmnt CovItemId="S17" CovItemPrefix="group2.game.ScoreData.java" Intrnl_Id="719">
<LocList>
<Loc EndOffset="1143" SrcFileId="6" StartOffset="1127"/>
</LocList>
</BasicStmnt>
<BasicStmnt CovItemId="S18" CovItemPrefix="group2.game.ScoreData.java" Intrnl_Id="720">
<LocList>
<Loc EndOffset="1157" SrcFileId="6" StartOffset="1147"/>
</LocList>
</BasicStmnt>
</StmntSeq>
</Branch>
<Keyword EndOffset="1064" SrcFileId="6" StartOffset="1062"/>
<LocList>
<Loc EndOffset="1161" SrcFileId="6" StartOffset="1062"/>
</LocList>
<RootTerm CovItemId="C2" CovItemPrefix="group2.game.ScoreData.java" Intrnl_Id="721">
<BasicBoolTerm Intrnl_Id="722">
<LocList>
<Loc EndOffset="1082" SrcFileId="6" StartOffset="1066"/>
</LocList>
</BasicBoolTerm>
</RootTerm>
</CondStmnt>
<BasicStmnt CovItemId="S19" CovItemPrefix="group2.game.ScoreData.java" Intrnl_Id="723">
<LocList>
<Loc EndOffset="1174" SrcFileId="6" StartOffset="1164"/>
</LocList>
</BasicStmnt>
</StmntSeq>
</HierarchyLvl>
<HierarchyLvl HierarchyLvlId="36" HierarchyLvlTypeId="36" Intrnl_Id="724" Name="toString">
<Header>
<Loc EndOffset="1266" SrcFileId="6" StartOffset="1231"/>
</Header>
<LocList>
<Loc EndOffset="1346" SrcFileId="6" StartOffset="1231"/>
</LocList>
<StmntSeq Intrnl_Id="725">
<LocList>
<Loc EndOffset="1342" SrcFileId="6" StartOffset="1271"/>
</LocList>
<BasicStmnt CovItemId="S20" CovItemPrefix="group2.game.ScoreData.java" Intrnl_Id="726">
<LocList>
<Loc EndOffset="1342" SrcFileId="6" StartOffset="1271"/>
</LocList>
</BasicStmnt>
</StmntSeq>
</HierarchyLvl>
</HierarchyLvl>
<HierarchyLvl HierarchyLvlId="44" HierarchyLvlTypeId="35" Intrnl_Id="727" Name="Score">
<Header>
<Loc EndOffset="67" SrcFileId="7" StartOffset="49"/>
</Header>
<LocList>
<Loc EndOffset="867" SrcFileId="7" StartOffset="49"/>
</LocList>
<HierarchyLvl HierarchyLvlId="38" HierarchyLvlTypeId="36" Intrnl_Id="728" Name="Score">
<Header>
<Loc EndOffset="324" SrcFileId="7" StartOffset="220"/>
</Header>
<LocList>
<Loc EndOffset="511" SrcFileId="7" StartOffset="220"/>
</LocList>
<StmntSeq Intrnl_Id="729">
<LocList>
<Loc EndOffset="359" SrcFileId="7" StartOffset="330"/>
<Loc EndOffset="390" SrcFileId="7" StartOffset="363"/>
<Loc EndOffset="435" SrcFileId="7" StartOffset="394"/>
<Loc EndOffset="464" SrcFileId="7" StartOffset="439"/>
<Loc EndOffset="507" SrcFileId="7" StartOffset="468"/>
</LocList>
<BasicStmnt CovItemId="S1" CovItemPrefix="group2.game.Score.java" Intrnl_Id="730">
<LocList>
<Loc EndOffset="359" SrcFileId="7" StartOffset="330"/>
</LocList>
</BasicStmnt>
<BasicStmnt CovItemId="S2" CovItemPrefix="group2.game.Score.java" Intrnl_Id="731">
<LocList>
<Loc EndOffset="390" SrcFileId="7" StartOffset="363"/>
</LocList>
</BasicStmnt>
<BasicStmnt CovItemId="S3" CovItemPrefix="group2.game.Score.java" Intrnl_Id="732">
<LocList>
<Loc EndOffset="435" SrcFileId="7" StartOffset="394"/>
</LocList>
</BasicStmnt>
<BasicStmnt CovItemId="S4" CovItemPrefix="group2.game.Score.java" Intrnl_Id="733">
<LocList>
<Loc EndOffset="464" SrcFileId="7" StartOffset="439"/>
</LocList>
</BasicStmnt>
<BasicStmnt CovItemId="S5" CovItemPrefix="group2.game.Score.java" Intrnl_Id="734">
<LocList>
<Loc EndOffset="507" SrcFileId="7" StartOffset="468"/>
</LocList>
</BasicStmnt>
</StmntSeq>
</HierarchyLvl>
<HierarchyLvl HierarchyLvlId="39" HierarchyLvlTypeId="36" Intrnl_Id="735" Name="addScore">
<Header>
<Loc EndOffset="543" SrcFileId="7" StartOffset="516"/>
</Header>
<LocList>
<Loc EndOffset="618" SrcFileId="7" StartOffset="516"/>
</LocList>
<StmntSeq Intrnl_Id="736">
<LocList>
<Loc EndOffset="565" SrcFileId="7" StartOffset="549"/>
<Loc EndOffset="614" SrcFileId="7" StartOffset="569"/>
</LocList>
<BasicStmnt CovItemId="S6" CovItemPrefix="group2.game.Score.java" Intrnl_Id="737">
<LocList>
<Loc EndOffset="565" SrcFileId="7" StartOffset="549"/>
</LocList>
</BasicStmnt>
<BasicStmnt CovItemId="S7" CovItemPrefix="group2.game.Score.java" Intrnl_Id="738">
<LocList>
<Loc EndOffset="614" SrcFileId="7" StartOffset="569"/>
</LocList>
<QMO CovItemId="Q0" CovItemPrefix="group2.game.Score.java" Intrnl_Id="739">
<LocList>
<Loc EndOffset="596" SrcFileId="7" StartOffset="582"/>
</LocList>
<QMO_E CovItemId="Q0-0" CovItemPrefix="group2.game.Score.java" Intrnl_Id="740">
<LocList>
<Loc EndOffset="600" SrcFileId="7" StartOffset="599"/>
</LocList>
</QMO_E>
<QMO_E CovItemId="Q0-1" CovItemPrefix="group2.game.Score.java" Intrnl_Id="741">
<LocList>
<Loc EndOffset="613" SrcFileId="7" StartOffset="603"/>
</LocList>
</QMO_E>
</QMO>
</BasicStmnt>
</StmntSeq>
</HierarchyLvl>
<HierarchyLvl HierarchyLvlId="40" HierarchyLvlTypeId="36" Intrnl_Id="742" Name="incrementFertilizer">
<Header>
<Loc EndOffset="656" SrcFileId="7" StartOffset="623"/>
</Header>
<LocList>
<Loc EndOffset="685" SrcFileId="7" StartOffset="623"/>
</LocList>
<StmntSeq Intrnl_Id="743">
<LocList>
<Loc EndOffset="681" SrcFileId="7" StartOffset="662"/>
</LocList>
<BasicStmnt CovItemId="S8" CovItemPrefix="group2.game.Score.java" Intrnl_Id="744">
<LocList>
<Loc EndOffset="681" SrcFileId="7" StartOffset="662"/>
</LocList>
</BasicStmnt>
</StmntSeq>
</HierarchyLvl>
<HierarchyLvl HierarchyLvlId="41" HierarchyLvlTypeId="36" Intrnl_Id="745" Name="incrementFertilizerLost">
<Header>
<Loc EndOffset="727" SrcFileId="7" StartOffset="690"/>
</Header>
<LocList>
<Loc EndOffset="755" SrcFileId="7" StartOffset="690"/>
</LocList>
<StmntSeq Intrnl_Id="746">
<LocList>
<Loc EndOffset="751" SrcFileId="7" StartOffset="733"/>
</LocList>
<BasicStmnt CovItemId="S9" CovItemPrefix="group2.game.Score.java" Intrnl_Id="747">
<LocList>
<Loc EndOffset="751" SrcFileId="7" StartOffset="733"/>
</LocList>
</BasicStmnt>
</StmntSeq>
</HierarchyLvl>
<HierarchyLvl HierarchyLvlId="42" HierarchyLvlTypeId="36" Intrnl_Id="748" Name="incrementOil">
<Header>
<Loc EndOffset="786" SrcFileId="7" StartOffset="760"/>
</Header>
<LocList>
<Loc EndOffset="808" SrcFileId="7" StartOffset="760"/>
</LocList>
<StmntSeq Intrnl_Id="749">
<LocList>
<Loc EndOffset="804" SrcFileId="7" StartOffset="792"/>
</LocList>
<BasicStmnt CovItemId="S10" CovItemPrefix="group2.game.Score.java" Intrnl_Id="750">
<LocList>
<Loc EndOffset="804" SrcFileId="7" StartOffset="792"/>
</LocList>
</BasicStmnt>
</StmntSeq>
</HierarchyLvl>
<HierarchyLvl HierarchyLvlId="43" HierarchyLvlTypeId="36" Intrnl_Id="751" Name="incrementOilLost">
<Header>
<Loc EndOffset="843" SrcFileId="7" StartOffset="813"/>
</Header>
<LocList>
<Loc EndOffset="864" SrcFileId="7" StartOffset="813"/>
</LocList>
<StmntSeq Intrnl_Id="752">
<LocList>
<Loc EndOffset="860" SrcFileId="7" StartOffset="849"/>
</LocList>
<BasicStmnt CovItemId="S11" CovItemPrefix="group2.game.Score.java" Intrnl_Id="753">
<LocList>
<Loc EndOffset="860" SrcFileId="7" StartOffset="849"/>
</LocList>
</BasicStmnt>
</StmntSeq>
</HierarchyLvl>
</HierarchyLvl>
<HierarchyLvl HierarchyLvlId="46" HierarchyLvlTypeId="35" Intrnl_Id="754" Name="RiverBankObjects">
<Header>
<Loc EndOffset="61" SrcFileId="8" StartOffset="23"/>
</Header>
<LocList>
<Loc EndOffset="191" SrcFileId="8" StartOffset="23"/>
</LocList>
<HierarchyLvl HierarchyLvlId="45" HierarchyLvlTypeId="36" Intrnl_Id="755" Name="update">
<Header>
<Loc EndOffset="188" SrcFileId="8" StartOffset="159"/>
</Header>
<LocList>
<Loc EndOffset="189" SrcFileId="8" StartOffset="159"/>
</LocList>
</HierarchyLvl>
</HierarchyLvl>
<HierarchyLvl HierarchyLvlId="56" HierarchyLvlTypeId="35" Intrnl_Id="756" Name="RiverBank">
<Header>
<Loc EndOffset="74" SrcFileId="9" StartOffset="52"/>
</Header>
<LocList>
<Loc EndOffset="5077" SrcFileId="9" StartOffset="52"/>
</LocList>
<StmntSeq Intrnl_Id="757">
<LocList>
<Loc EndOffset="231" SrcFileId="9" StartOffset="204"/>
<Loc EndOffset="416" SrcFileId="9" StartOffset="387"/>
</LocList>
<BasicStmnt CovItemId="S1" CovItemPrefix="group2.game.RiverBank.java" Intrnl_Id="758">
<LocList>
<Loc EndOffset="231" SrcFileId="9" StartOffset="204"/>
</LocList>
</BasicStmnt>
<BasicStmnt CovItemId="S2" CovItemPrefix="group2.game.RiverBank.java" Intrnl_Id="759">
<LocList>
<Loc EndOffset="416" SrcFileId="9" StartOffset="387"/>
</LocList>
</BasicStmnt>
</StmntSeq>
<HierarchyLvl HierarchyLvlId="47" HierarchyLvlTypeId="36" Intrnl_Id="760" Name="RiverBank">
<Header>
<Loc EndOffset="524" SrcFileId="9" StartOffset="422"/>
</Header>
<LocList>
<Loc EndOffset="866" SrcFileId="9" StartOffset="422"/>
</LocList>
<StmntSeq Intrnl_Id="761">
<LocList>
<Loc EndOffset="553" SrcFileId="9" StartOffset="530"/>
<Loc EndOffset="580" SrcFileId="9" StartOffset="557"/>
<Loc EndOffset="609" SrcFileId="9" StartOffset="584"/>
<Loc EndOffset="634" SrcFileId="9" StartOffset="613"/>
<Loc EndOffset="657" SrcFileId="9" StartOffset="638"/>
<Loc EndOffset="674" SrcFileId="9" StartOffset="661"/>
<Loc EndOffset="727" SrcFileId="9" StartOffset="678"/>
<Loc EndOffset="781" SrcFileId="9" StartOffset="731"/>
<Loc EndOffset="809" SrcFileId="9" StartOffset="785"/>
<Loc EndOffset="862" SrcFileId="9" StartOffset="813"/>
</LocList>
<BasicStmnt CovItemId="S3" CovItemPrefix="group2.game.RiverBank.java" Intrnl_Id="762">
<LocList>
<Loc EndOffset="553" SrcFileId="9" StartOffset="530"/>
</LocList>
</BasicStmnt>
<BasicStmnt CovItemId="S4" CovItemPrefix="group2.game.RiverBank.java" Intrnl_Id="763">
<LocList>
<Loc EndOffset="580" SrcFileId="9" StartOffset="557"/>
</LocList>
</BasicStmnt>
<BasicStmnt CovItemId="S5" CovItemPrefix="group2.game.RiverBank.java" Intrnl_Id="764">
<LocList>
<Loc EndOffset="609" SrcFileId="9" StartOffset="584"/>
</LocList>
</BasicStmnt>
<BasicStmnt CovItemId="S6" CovItemPrefix="group2.game.RiverBank.java" Intrnl_Id="765">
<LocList>
<Loc EndOffset="634" SrcFileId="9" StartOffset="613"/>
</LocList>
</BasicStmnt>
<BasicStmnt CovItemId="S7" CovItemPrefix="group2.game.RiverBank.java" Intrnl_Id="766">
<LocList>
<Loc EndOffset="657" SrcFileId="9" StartOffset="638"/>
</LocList>
</BasicStmnt>
<BasicStmnt CovItemId="S8" CovItemPrefix="group2.game.RiverBank.java" Intrnl_Id="767">
<LocList>
<Loc EndOffset="674" SrcFileId="9" StartOffset="661"/>
</LocList>
</BasicStmnt>
<BasicStmnt CovItemId="S9" CovItemPrefix="group2.game.RiverBank.java" Intrnl_Id="768">
<LocList>
<Loc EndOffset="727" SrcFileId="9" StartOffset="678"/>
</LocList>
</BasicStmnt>
<BasicStmnt CovItemId="S10" CovItemPrefix="group2.game.RiverBank.java" Intrnl_Id="769">
<LocList>
<Loc EndOffset="781" SrcFileId="9" StartOffset="731"/>
</LocList>
</BasicStmnt>
<BasicStmnt CovItemId="S11" CovItemPrefix="group2.game.RiverBank.java" Intrnl_Id="770">
<LocList>
<Loc EndOffset="809" SrcFileId="9" StartOffset="785"/>
</LocList>
</BasicStmnt>
<BasicStmnt CovItemId="S12" CovItemPrefix="group2.game.RiverBank.java" Intrnl_Id="771">
<LocList>
<Loc EndOffset="862" SrcFileId="9" StartOffset="813"/>
</LocList>
</BasicStmnt>
</StmntSeq>
</HierarchyLvl>
<HierarchyLvl HierarchyLvlId="48" HierarchyLvlTypeId="36" Intrnl_Id="772" Name="addBuffer">
<Header>
<Loc EndOffset="919" SrcFileId="9" StartOffset="871"/>
</Header>
<LocList>
<Loc EndOffset="1386" SrcFileId="9" StartOffset="871"/>
</LocList>
<StmntSeq Intrnl_Id="773">
<LocList>
<Loc EndOffset="1101" SrcFileId="9" StartOffset="925"/>
<Loc EndOffset="1123" SrcFileId="9" StartOffset="1105"/>
<Loc EndOffset="1158" SrcFileId="9" StartOffset="1127"/>
<Loc EndOffset="1193" SrcFileId="9" StartOffset="1162"/>
<Loc EndOffset="1231" SrcFileId="9" StartOffset="1197"/>
<Loc EndOffset="1270" SrcFileId="9" StartOffset="1235"/>
<Loc EndOffset="1308" SrcFileId="9" StartOffset="1274"/>
<Loc EndOffset="1329" SrcFileId="9" StartOffset="1312"/>
<Loc EndOffset="1364" SrcFileId="9" StartOffset="1333"/>
<Loc EndOffset="1380" SrcFileId="9" StartOffset="1368"/>
</LocList>
<CondStmnt CovItemId="S13" CovItemPrefix="group2.game.RiverBank.java" Intrnl_Id="774">
<Branch CovItemId="B1" CovItemPrefix="group2.game.RiverBank.java" Implct="false" Intrnl_Id="775">
<Cond/>
<LocList>
<Loc EndOffset="1101" SrcFileId="9" StartOffset="952"/>
</LocList>
<StmntSeq Intrnl_Id="776">
<LocList>
<Loc EndOffset="1096" SrcFileId="9" StartOffset="958"/>
</LocList>
<CondStmnt CovItemId="S14" CovItemPrefix="group2.game.RiverBank.java" Intrnl_Id="777">
<Branch CovItemId="B3" CovItemPrefix="group2.game.RiverBank.java" Implct="false" Intrnl_Id="778">
<Cond/>
<LocList>
<Loc EndOffset="1064" SrcFileId="9" StartOffset="993"/>
</LocList>
<StmntSeq Intrnl_Id="779">
<LocList>
<Loc EndOffset="1058" SrcFileId="9" StartOffset="1000"/>
</LocList>
<CondStmnt CovItemId="S15" CovItemPrefix="group2.game.RiverBank.java" Intrnl_Id="780">
<Branch CovItemId="B5" CovItemPrefix="group2.game.RiverBank.java" Implct="false" Intrnl_Id="781">
<Cond/>
<LocList>
<Loc EndOffset="1058" SrcFileId="9" StartOffset="1030"/>
</LocList>
<StmntSeq Intrnl_Id="782">
<LocList>
<Loc EndOffset="1051" SrcFileId="9" StartOffset="1038"/>
</LocList>
<BasicStmnt CovItemId="S16" CovItemPrefix="group2.game.RiverBank.java" Intrnl_Id="783">
<LocList>
<Loc EndOffset="1051" SrcFileId="9" StartOffset="1038"/>
</LocList>
</BasicStmnt>
</StmntSeq>
</Branch>
<Branch CovItemId="B6" CovItemPrefix="group2.game.RiverBank.java" Implct="true" Intrnl_Id="784">
<Cond/>
<LocList/>
<StmntSeq Intrnl_Id="785">
<LocList/>
</StmntSeq>
</Branch>
<Keyword EndOffset="1002" SrcFileId="9" StartOffset="1000"/>
<LocList>
<Loc EndOffset="1058" SrcFileId="9" StartOffset="1000"/>
</LocList>
<RootTerm CovItemId="C3" CovItemPrefix="group2.game.RiverBank.java" Intrnl_Id="786">
<BasicBoolTerm Intrnl_Id="787">
<LocList>
<Loc EndOffset="1029" SrcFileId="9" StartOffset="1003"/>
</LocList>
</BasicBoolTerm>
</RootTerm>
</CondStmnt>
</StmntSeq>
</Branch>
<Branch CovItemId="B4" CovItemPrefix="group2.game.RiverBank.java" Implct="false" Intrnl_Id="788">
<Cond>
<Loc EndOffset="1069" SrcFileId="9" StartOffset="1065"/>
</Cond>
<LocList>
<Loc EndOffset="1096" SrcFileId="9" StartOffset="1070"/>
</LocList>
<StmntSeq Intrnl_Id="789">
<LocList>
<Loc EndOffset="1090" SrcFileId="9" StartOffset="1077"/>
</LocList>
<BasicStmnt CovItemId="S17" CovItemPrefix="group2.game.RiverBank.java" Intrnl_Id="790">
<LocList>
<Loc EndOffset="1090" SrcFileId="9" StartOffset="1077"/>
</LocList>
</BasicStmnt>
</StmntSeq>
</Branch>
<Keyword EndOffset="960" SrcFileId="9" StartOffset="958"/>
<LocList>
<Loc EndOffset="1096" SrcFileId="9" StartOffset="958"/>
</LocList>
<RootTerm CovItemId="C2" CovItemPrefix="group2.game.RiverBank.java" Intrnl_Id="791">
<BasicBoolTerm Intrnl_Id="792">
<LocList>
<Loc EndOffset="991" SrcFileId="9" StartOffset="962"/>
</LocList>
</BasicBoolTerm>
</RootTerm>
</CondStmnt>
</StmntSeq>
</Branch>
<Branch CovItemId="B2" CovItemPrefix="group2.game.RiverBank.java" Implct="true" Intrnl_Id="793">
<Cond/>
<LocList/>
<StmntSeq Intrnl_Id="794">
<LocList/>
</StmntSeq>
</Branch>
<Keyword EndOffset="927" SrcFileId="9" StartOffset="925"/>
<LocList>
<Loc EndOffset="1101" SrcFileId="9" StartOffset="925"/>
</LocList>
<RootTerm CovItemId="C1" CovItemPrefix="group2.game.RiverBank.java" Intrnl_Id="795">
<BasicBoolTerm Intrnl_Id="796">
<LocList>
<Loc EndOffset="950" SrcFileId="9" StartOffset="929"/>
</LocList>
</BasicBoolTerm>
</RootTerm>
</CondStmnt>
<BasicStmnt CovItemId="S18" CovItemPrefix="group2.game.RiverBank.java" Intrnl_Id="797">
<LocList>
<Loc EndOffset="1123" SrcFileId="9" StartOffset="1105"/>
</LocList>
</BasicStmnt>
<BasicStmnt CovItemId="S19" CovItemPrefix="group2.game.RiverBank.java" Intrnl_Id="798">
<LocList>
<Loc EndOffset="1158" SrcFileId="9" StartOffset="1127"/>
</LocList>
</BasicStmnt>
<BasicStmnt CovItemId="S20" CovItemPrefix="group2.game.RiverBank.java" Intrnl_Id="799">
<LocList>
<Loc EndOffset="1193" SrcFileId="9" StartOffset="1162"/>
</LocList>
</BasicStmnt>
<BasicStmnt CovItemId="S21" CovItemPrefix="group2.game.RiverBank.java" Intrnl_Id="800">
<LocList>
<Loc EndOffset="1231" SrcFileId="9" StartOffset="1197"/>
</LocList>
<QMO CovItemId="Q0" CovItemPrefix="group2.game.RiverBank.java" Intrnl_Id="801">
<LocList>
<Loc EndOffset="1208" SrcFileId="9" StartOffset="1202"/>
</LocList>
<QMO_E CovItemId="Q0-0" CovItemPrefix="group2.game.RiverBank.java" Intrnl_Id="802">
<LocList>
<Loc EndOffset="1213" SrcFileId="9" StartOffset="1211"/>
</LocList>
</QMO_E>
<QMO_E CovItemId="Q0-1" CovItemPrefix="group2.game.RiverBank.java" Intrnl_Id="803">
<LocList>
<Loc EndOffset="1230" SrcFileId="9" StartOffset="1216"/>
</LocList>
</QMO_E>
</QMO>
</BasicStmnt>
<BasicStmnt CovItemId="S22" CovItemPrefix="group2.game.RiverBank.java" Intrnl_Id="804">
<LocList>
<Loc EndOffset="1270" SrcFileId="9" StartOffset="1235"/>
</LocList>
<QMO CovItemId="Q1" CovItemPrefix="group2.game.RiverBank.java" Intrnl_Id="805">
<LocList>
<Loc EndOffset="1246" SrcFileId="9" StartOffset="1240"/>
</LocList>
<QMO_E CovItemId="Q1-0" CovItemPrefix="group2.game.RiverBank.java" Intrnl_Id="806">
<LocList>
<Loc EndOffset="1251" SrcFileId="9" StartOffset="1249"/>
</LocList>
</QMO_E>
<QMO_E CovItemId="Q1-1" CovItemPrefix="group2.game.RiverBank.java" Intrnl_Id="807">
<LocList>
<Loc EndOffset="1269" SrcFileId="9" StartOffset="1254"/>
</LocList>
</QMO_E>
</QMO>
</BasicStmnt>
<BasicStmnt CovItemId="S23" CovItemPrefix="group2.game.RiverBank.java" Intrnl_Id="808">
<LocList>
<Loc EndOffset="1308" SrcFileId="9" StartOffset="1274"/>
</LocList>
</BasicStmnt>
<BasicStmnt CovItemId="S24" CovItemPrefix="group2.game.RiverBank.java" Intrnl_Id="809">
<LocList>
<Loc EndOffset="1329" SrcFileId="9" StartOffset="1312"/>
</LocList>
</BasicStmnt>
<BasicStmnt CovItemId="S25" CovItemPrefix="group2.game.RiverBank.java" Intrnl_Id="810">
<LocList>
<Loc EndOffset="1364" SrcFileId="9" StartOffset="1333"/>
</LocList>
</BasicStmnt>
<BasicStmnt CovItemId="S26" CovItemPrefix="group2.game.RiverBank.java" Intrnl_Id="811">
<LocList>
<Loc EndOffset="1380" SrcFileId="9" StartOffset="1368"/>
</LocList>
</BasicStmnt>
</StmntSeq>
</HierarchyLvl>
<HierarchyLvl HierarchyLvlId="49" HierarchyLvlTypeId="36" Intrnl_Id="812" Name="checkCoordinates">
<Header>
<Loc EndOffset="1599" SrcFileId="9" StartOffset="1547"/>
</Header>
<LocList>
<Loc EndOffset="2428" SrcFileId="9" StartOffset="1547"/>
</LocList>
<StmntSeq Intrnl_Id="813">
<LocList>
<Loc EndOffset="1639" SrcFileId="9" StartOffset="1605"/>
<Loc EndOffset="1677" SrcFileId="9" StartOffset="1643"/>
<Loc EndOffset="1692" SrcFileId="9" StartOffset="1681"/>
<Loc EndOffset="1707" SrcFileId="9" StartOffset="1696"/>
<Loc EndOffset="2406" SrcFileId="9" StartOffset="1711"/>
<Loc EndOffset="2422" SrcFileId="9" StartOffset="2410"/>
</LocList>
<BasicStmnt CovItemId="S27" CovItemPrefix="group2.game.RiverBank.java" Intrnl_Id="814">
<LocList>
<Loc EndOffset="1639" SrcFileId="9" StartOffset="1605"/>
</LocList>
</BasicStmnt>
<BasicStmnt CovItemId="S28" CovItemPrefix="group2.game.RiverBank.java" Intrnl_Id="815">
<LocList>
<Loc EndOffset="1677" SrcFileId="9" StartOffset="1643"/>
</LocList>
</BasicStmnt>
<BasicStmnt CovItemId="S29" CovItemPrefix="group2.game.RiverBank.java" Intrnl_Id="816">
<LocList>
<Loc EndOffset="1692" SrcFileId="9" StartOffset="1681"/>
</LocList>
</BasicStmnt>
<BasicStmnt CovItemId="S30" CovItemPrefix="group2.game.RiverBank.java" Intrnl_Id="817">
<LocList>
<Loc EndOffset="1707" SrcFileId="9" StartOffset="1696"/>
</LocList>
</BasicStmnt>
<CondStmnt CovItemId="S31" CovItemPrefix="group2.game.RiverBank.java" Intrnl_Id="818">
<Branch CovItemId="B7" CovItemPrefix="group2.game.RiverBank.java" Implct="false" Intrnl_Id="819">
<Cond/>
<LocList>
<Loc EndOffset="2099" SrcFileId="9" StartOffset="1735"/>
</LocList>
<StmntSeq Intrnl_Id="820">
<LocList>
<Loc EndOffset="1809" SrcFileId="9" StartOffset="1741"/>
<Loc EndOffset="1890" SrcFileId="9" StartOffset="1814"/>
<Loc EndOffset="1972" SrcFileId="9" StartOffset="1895"/>
<Loc EndOffset="2061" SrcFileId="9" StartOffset="1977"/>
<Loc EndOffset="2094" SrcFileId="9" StartOffset="2066"/>
</LocList>
<CondStmnt CovItemId="S32" CovItemPrefix="group2.game.RiverBank.java" Intrnl_Id="821">
<Branch CovItemId="B9" CovItemPrefix="group2.game.RiverBank.java" Implct="false" Intrnl_Id="822">
<Cond/>
<LocList>
<Loc EndOffset="1809" SrcFileId="9" StartOffset="1789"/>
</LocList>
<StmntSeq Intrnl_Id="823">
<LocList>
<Loc EndOffset="1803" SrcFileId="9" StartOffset="1796"/>
</LocList>
<BasicStmnt CovItemId="S33" CovItemPrefix="group2.game.RiverBank.java" Intrnl_Id="824">
<LocList>
<Loc EndOffset="1803" SrcFileId="9" StartOffset="1796"/>
</LocList>
</BasicStmnt>
</StmntSeq>
</Branch>
<Branch CovItemId="B10" CovItemPrefix="group2.game.RiverBank.java" Implct="true" Intrnl_Id="825">
<Cond/>
<LocList/>
<StmntSeq Intrnl_Id="826">
<LocList/>
</StmntSeq>
</Branch>
<Keyword EndOffset="1743" SrcFileId="9" StartOffset="1741"/>
<LocList>
<Loc EndOffset="1809" SrcFileId="9" StartOffset="1741"/>
</LocList>
<RootTerm CovItemId="C5" CovItemPrefix="group2.game.RiverBank.java" Intrnl_Id="827">
<OpTerm BooleanOpId="32" Intrnl_Id="828">
<BasicBoolTerm Intrnl_Id="829">
<LocList>
<Loc EndOffset="1755" SrcFileId="9" StartOffset="1745"/>
</LocList>
</BasicBoolTerm>
<BasicBoolTerm Intrnl_Id="830">
<LocList>
<Loc EndOffset="1787" SrcFileId="9" StartOffset="1761"/>
</LocList>
</BasicBoolTerm>
<LocList>
<Loc EndOffset="1759" SrcFileId="9" StartOffset="1757"/>
</LocList>
</OpTerm>
</RootTerm>
</CondStmnt>
<CondStmnt CovItemId="S34" CovItemPrefix="group2.game.RiverBank.java" Intrnl_Id="831">
<Branch CovItemId="B11" CovItemPrefix="group2.game.RiverBank.java" Implct="false" Intrnl_Id="832">
<Cond/>
<LocList>
<Loc EndOffset="1890" SrcFileId="9" StartOffset="1870"/>
</LocList>
<StmntSeq Intrnl_Id="833">
<LocList>
<Loc EndOffset="1884" SrcFileId="9" StartOffset="1877"/>
</LocList>
<BasicStmnt CovItemId="S35" CovItemPrefix="group2.game.RiverBank.java" Intrnl_Id="834">
<LocList>
<Loc EndOffset="1884" SrcFileId="9" StartOffset="1877"/>
</LocList>
</BasicStmnt>
</StmntSeq>
</Branch>
<Branch CovItemId="B12" CovItemPrefix="group2.game.RiverBank.java" Implct="true" Intrnl_Id="835">
<Cond/>
<LocList/>
<StmntSeq Intrnl_Id="836">
<LocList/>
</StmntSeq>
</Branch>
<Keyword EndOffset="1816" SrcFileId="9" StartOffset="1814"/>
<LocList>
<Loc EndOffset="1890" SrcFileId="9" StartOffset="1814"/>
</LocList>
<RootTerm CovItemId="C6" CovItemPrefix="group2.game.RiverBank.java" Intrnl_Id="837">
<OpTerm BooleanOpId="32" Intrnl_Id="838">
<BasicBoolTerm Intrnl_Id="839">
<LocList>
<Loc EndOffset="1843" SrcFileId="9" StartOffset="1817"/>
</LocList>
</BasicBoolTerm>
<BasicBoolTerm Intrnl_Id="840">
<LocList>
<Loc EndOffset="1868" SrcFileId="9" StartOffset="1848"/>
</LocList>
</BasicBoolTerm>
<LocList>
<Loc EndOffset="1846" SrcFileId="9" StartOffset="1844"/>
</LocList>
</OpTerm>
</RootTerm>
</CondStmnt>
<CondStmnt CovItemId="S36" CovItemPrefix="group2.game.RiverBank.java" Intrnl_Id="841">
<Branch CovItemId="B13" CovItemPrefix="group2.game.RiverBank.java" Implct="false" Intrnl_Id="842">
<Cond/>
<LocList>
<Loc EndOffset="1972" SrcFileId="9" StartOffset="1952"/>
</LocList>
<StmntSeq Intrnl_Id="843">
<LocList>
<Loc EndOffset="1966" SrcFileId="9" StartOffset="1959"/>
</LocList>
<BasicStmnt CovItemId="S37" CovItemPrefix="group2.game.RiverBank.java" Intrnl_Id="844">
<LocList>
<Loc EndOffset="1966" SrcFileId="9" StartOffset="1959"/>
</LocList>
</BasicStmnt>
</StmntSeq>
</Branch>
<Branch CovItemId="B14" CovItemPrefix="group2.game.RiverBank.java" Implct="true" Intrnl_Id="845">
<Cond/>
<LocList/>
<StmntSeq Intrnl_Id="846">
<LocList/>
</StmntSeq>
</Branch>
<Keyword EndOffset="1897" SrcFileId="9" StartOffset="1895"/>
<LocList>
<Loc EndOffset="1972" SrcFileId="9" StartOffset="1895"/>
</LocList>
<RootTerm CovItemId="C7" CovItemPrefix="group2.game.RiverBank.java" Intrnl_Id="847">
<OpTerm BooleanOpId="32" Intrnl_Id="848">
<BasicBoolTerm Intrnl_Id="849">
<LocList>
<Loc EndOffset="1913" SrcFileId="9" StartOffset="1899"/>
</LocList>
</BasicBoolTerm>
<BasicBoolTerm Intrnl_Id="850">
<LocList>
<Loc EndOffset="1950" SrcFileId="9" StartOffset="1919"/>
</LocList>
</BasicBoolTerm>
<LocList>
<Loc EndOffset="1917" SrcFileId="9" StartOffset="1915"/>
</LocList>
</OpTerm>
</RootTerm>
</CondStmnt>
<CondStmnt CovItemId="S38" CovItemPrefix="group2.game.RiverBank.java" Intrnl_Id="851">
<Branch CovItemId="B15" CovItemPrefix="group2.game.RiverBank.java" Implct="false" Intrnl_Id="852">
<Cond/>
<LocList>
<Loc EndOffset="2061" SrcFileId="9" StartOffset="2041"/>
</LocList>
<StmntSeq Intrnl_Id="853">
<LocList>
<Loc EndOffset="2055" SrcFileId="9" StartOffset="2048"/>
</LocList>
<BasicStmnt CovItemId="S39" CovItemPrefix="group2.game.RiverBank.java" Intrnl_Id="854">
<LocList>
<Loc EndOffset="2055" SrcFileId="9" StartOffset="2048"/>
</LocList>
</BasicStmnt>
</StmntSeq>
</Branch>
<Branch CovItemId="B16" CovItemPrefix="group2.game.RiverBank.java" Implct="true" Intrnl_Id="855">
<Cond/>
<LocList/>
<StmntSeq Intrnl_Id="856">
<LocList/>
</StmntSeq>
</Branch>
<Keyword EndOffset="1979" SrcFileId="9" StartOffset="1977"/>
<LocList>
<Loc EndOffset="2061" SrcFileId="9" StartOffset="1977"/>
</LocList>
<RootTerm CovItemId="C8" CovItemPrefix="group2.game.RiverBank.java" Intrnl_Id="857">
<OpTerm BooleanOpId="32" Intrnl_Id="858">
<BasicBoolTerm Intrnl_Id="859">
<LocList>
<Loc EndOffset="2012" SrcFileId="9" StartOffset="1981"/>
</LocList>
</BasicBoolTerm>
<BasicBoolTerm Intrnl_Id="860">
<LocList>
<Loc EndOffset="2039" SrcFileId="9" StartOffset="2018"/>
</LocList>
</BasicBoolTerm>
<LocList>
<Loc EndOffset="2016" SrcFileId="9" StartOffset="2014"/>
</LocList>
</OpTerm>
</RootTerm>
</CondStmnt>
<BasicStmnt CovItemId="S40" CovItemPrefix="group2.game.RiverBank.java" Intrnl_Id="861">
<LocList>
<Loc EndOffset="2094" SrcFileId="9" StartOffset="2066"/>
</LocList>
</BasicStmnt>
</StmntSeq>
</Branch>
<Branch CovItemId="B8" CovItemPrefix="group2.game.RiverBank.java" Implct="false" Intrnl_Id="862">
<Cond>
<Loc EndOffset="2104" SrcFileId="9" StartOffset="2100"/>
</Cond>
<LocList>
<Loc EndOffset="2406" SrcFileId="9" StartOffset="2105"/>
</LocList>
<StmntSeq Intrnl_Id="863">
<LocList>
<Loc EndOffset="2406" SrcFileId="9" StartOffset="2105"/>
</LocList>
<CondStmnt CovItemId="S41" CovItemPrefix="group2.game.RiverBank.java" Intrnl_Id="864">
<Branch CovItemId="B17" CovItemPrefix="group2.game.RiverBank.java" Implct="false" Intrnl_Id="865">
<Cond/>
<LocList>
<Loc EndOffset="2406" SrcFileId="9" StartOffset="2129"/>
</LocList>
<StmntSeq Intrnl_Id="866">
<LocList>
<Loc EndOffset="2197" SrcFileId="9" StartOffset="2135"/>
<Loc EndOffset="2279" SrcFileId="9" StartOffset="2202"/>
<Loc EndOffset="2368" SrcFileId="9" StartOffset="2284"/>
<Loc EndOffset="2401" SrcFileId="9" StartOffset="2373"/>
</LocList>
<CondStmnt CovItemId="S42" CovItemPrefix="group2.game.RiverBank.java" Intrnl_Id="867">
<Branch CovItemId="B19" CovItemPrefix="group2.game.RiverBank.java" Implct="false" Intrnl_Id="868">
<Cond/>
<LocList>
<Loc EndOffset="2197" SrcFileId="9" StartOffset="2177"/>
</LocList>
<StmntSeq Intrnl_Id="869">
<LocList>
<Loc EndOffset="2191" SrcFileId="9" StartOffset="2184"/>
</LocList>
<BasicStmnt CovItemId="S43" CovItemPrefix="group2.game.RiverBank.java" Intrnl_Id="870">
<LocList>
<Loc EndOffset="2191" SrcFileId="9" StartOffset="2184"/>
</LocList>
</BasicStmnt>
</StmntSeq>
</Branch>
<Branch CovItemId="B20" CovItemPrefix="group2.game.RiverBank.java" Implct="true" Intrnl_Id="871">
<Cond/>
<LocList/>
<StmntSeq Intrnl_Id="872">
<LocList/>
</StmntSeq>
</Branch>
<Keyword EndOffset="2137" SrcFileId="9" StartOffset="2135"/>
<LocList>
<Loc EndOffset="2197" SrcFileId="9" StartOffset="2135"/>
</LocList>
<RootTerm CovItemId="C10" CovItemPrefix="group2.game.RiverBank.java" Intrnl_Id="873">
<OpTerm BooleanOpId="32" Intrnl_Id="874">
<BasicBoolTerm Intrnl_Id="875">
<LocList>
<Loc EndOffset="2149" SrcFileId="9" StartOffset="2139"/>
</LocList>
</BasicBoolTerm>
<BasicBoolTerm Intrnl_Id="876">
<LocList>
<Loc EndOffset="2175" SrcFileId="9" StartOffset="2155"/>
</LocList>
</BasicBoolTerm>
<LocList>
<Loc EndOffset="2153" SrcFileId="9" StartOffset="2151"/>
</LocList>
</OpTerm>
</RootTerm>
</CondStmnt>
<CondStmnt CovItemId="S44" CovItemPrefix="group2.game.RiverBank.java" Intrnl_Id="877">
<Branch CovItemId="B21" CovItemPrefix="group2.game.RiverBank.java" Implct="false" Intrnl_Id="878">
<Cond/>
<LocList>
<Loc EndOffset="2279" SrcFileId="9" StartOffset="2259"/>
</LocList>
<StmntSeq Intrnl_Id="879">
<LocList>
<Loc EndOffset="2273" SrcFileId="9" StartOffset="2266"/>
</LocList>
<BasicStmnt CovItemId="S45" CovItemPrefix="group2.game.RiverBank.java" Intrnl_Id="880">
<LocList>
<Loc EndOffset="2273" SrcFileId="9" StartOffset="2266"/>
</LocList>
</BasicStmnt>
</StmntSeq>
</Branch>
<Branch CovItemId="B22" CovItemPrefix="group2.game.RiverBank.java" Implct="true" Intrnl_Id="881">
<Cond/>
<LocList/>
<StmntSeq Intrnl_Id="882">
<LocList/>
</StmntSeq>
</Branch>
<Keyword EndOffset="2204" SrcFileId="9" StartOffset="2202"/>
<LocList>
<Loc EndOffset="2279" SrcFileId="9" StartOffset="2202"/>
</LocList>
<RootTerm CovItemId="C11" CovItemPrefix="group2.game.RiverBank.java" Intrnl_Id="883">
<OpTerm BooleanOpId="32" Intrnl_Id="884">
<BasicBoolTerm Intrnl_Id="885">
<LocList>
<Loc EndOffset="2220" SrcFileId="9" StartOffset="2206"/>
</LocList>
</BasicBoolTerm>
<BasicBoolTerm Intrnl_Id="886">
<LocList>
<Loc EndOffset="2257" SrcFileId="9" StartOffset="2226"/>
</LocList>
</BasicBoolTerm>
<LocList>
<Loc EndOffset="2224" SrcFileId="9" StartOffset="2222"/>
</LocList>
</OpTerm>
</RootTerm>
</CondStmnt>
<CondStmnt CovItemId="S46" CovItemPrefix="group2.game.RiverBank.java" Intrnl_Id="887">
<Branch CovItemId="B23" CovItemPrefix="group2.game.RiverBank.java" Implct="false" Intrnl_Id="888">
<Cond/>
<LocList>
<Loc EndOffset="2368" SrcFileId="9" StartOffset="2348"/>
</LocList>
<StmntSeq Intrnl_Id="889">
<LocList>
<Loc EndOffset="2362" SrcFileId="9" StartOffset="2355"/>
</LocList>
<BasicStmnt CovItemId="S47" CovItemPrefix="group2.game.RiverBank.java" Intrnl_Id="890">
<LocList>
<Loc EndOffset="2362" SrcFileId="9" StartOffset="2355"/>
</LocList>
</BasicStmnt>
</StmntSeq>
</Branch>
<Branch CovItemId="B24" CovItemPrefix="group2.game.RiverBank.java" Implct="true" Intrnl_Id="891">
<Cond/>
<LocList/>
<StmntSeq Intrnl_Id="892">
<LocList/>
</StmntSeq>
</Branch>
<Keyword EndOffset="2286" SrcFileId="9" StartOffset="2284"/>
<LocList>
<Loc EndOffset="2368" SrcFileId="9" StartOffset="2284"/>
</LocList>
<RootTerm CovItemId="C12" CovItemPrefix="group2.game.RiverBank.java" Intrnl_Id="893">
<OpTerm BooleanOpId="32" Intrnl_Id="894">
<BasicBoolTerm Intrnl_Id="895">
<LocList>
<Loc EndOffset="2319" SrcFileId="9" StartOffset="2288"/>
</LocList>
</BasicBoolTerm>
<BasicBoolTerm Intrnl_Id="896">
<LocList>
<Loc EndOffset="2346" SrcFileId="9" StartOffset="2325"/>
</LocList>
</BasicBoolTerm>
<LocList>
<Loc EndOffset="2323" SrcFileId="9" StartOffset="2321"/>
</LocList>
</OpTerm>
</RootTerm>
</CondStmnt>
<BasicStmnt CovItemId="S48" CovItemPrefix="group2.game.RiverBank.java" Intrnl_Id="897">
<LocList>
<Loc EndOffset="2401" SrcFileId="9" StartOffset="2373"/>
</LocList>
</BasicStmnt>
</StmntSeq>
</Branch>
<Branch CovItemId="B18" CovItemPrefix="group2.game.RiverBank.java" Implct="true" Intrnl_Id="898">
<Cond/>
<LocList/>
<StmntSeq Intrnl_Id="899">
<LocList/>
</StmntSeq>
</Branch>
<Keyword EndOffset="2107" SrcFileId="9" StartOffset="2105"/>
<LocList>
<Loc EndOffset="2406" SrcFileId="9" StartOffset="2105"/>
</LocList>
<RootTerm CovItemId="C9" CovItemPrefix="group2.game.RiverBank.java" Intrnl_Id="900">
<OpTerm BooleanOpId="33" Intrnl_Id="901">
<BasicBoolTerm Intrnl_Id="902">
<LocList>
<Loc EndOffset="2116" SrcFileId="9" StartOffset="2109"/>
</LocList>
</BasicBoolTerm>
<BasicBoolTerm Intrnl_Id="903">
<LocList>
<Loc EndOffset="2127" SrcFileId="9" StartOffset="2120"/>
</LocList>
</BasicBoolTerm>
<LocList>
<Loc EndOffset="2119" SrcFileId="9" StartOffset="2117"/>
</LocList>
</OpTerm>
</RootTerm>
</CondStmnt>
</StmntSeq>
</Branch>
<Keyword EndOffset="1713" SrcFileId="9" StartOffset="1711"/>
<LocList>
<Loc EndOffset="2406" SrcFileId="9" StartOffset="1711"/>
</LocList>
<RootTerm CovItemId="C4" CovItemPrefix="group2.game.RiverBank.java" Intrnl_Id="904">
<OpTerm BooleanOpId="33" Intrnl_Id="905">
<BasicBoolTerm Intrnl_Id="906">
<LocList>
<Loc EndOffset="1722" SrcFileId="9" StartOffset="1715"/>
</LocList>
</BasicBoolTerm>
<BasicBoolTerm Intrnl_Id="907">
<LocList>
<Loc EndOffset="1733" SrcFileId="9" StartOffset="1726"/>
</LocList>
</BasicBoolTerm>
<LocList>
<Loc EndOffset="1725" SrcFileId="9" StartOffset="1723"/>
</LocList>
</OpTerm>
</RootTerm>
</CondStmnt>
<BasicStmnt CovItemId="S49" CovItemPrefix="group2.game.RiverBank.java" Intrnl_Id="908">
<LocList>
<Loc EndOffset="2422" SrcFileId="9" StartOffset="2410"/>
</LocList>
</BasicStmnt>
</StmntSeq>
</HierarchyLvl>
<HierarchyLvl HierarchyLvlId="50" HierarchyLvlTypeId="36" Intrnl_Id="909" Name="checkIfInBank">
<Header>
<Loc EndOffset="2578" SrcFileId="9" StartOffset="2534"/>
</Header>
<LocList>
<Loc EndOffset="2761" SrcFileId="9" StartOffset="2534"/>
</LocList>
<StmntSeq Intrnl_Id="910">
<LocList>
<Loc EndOffset="2618" SrcFileId="9" StartOffset="2584"/>
<Loc EndOffset="2656" SrcFileId="9" StartOffset="2622"/>
<Loc EndOffset="2757" SrcFileId="9" StartOffset="2660"/>
</LocList>
<BasicStmnt CovItemId="S50" CovItemPrefix="group2.game.RiverBank.java" Intrnl_Id="911">
<LocList>
<Loc EndOffset="2618" SrcFileId="9" StartOffset="2584"/>
</LocList>
</BasicStmnt>
<BasicStmnt CovItemId="S51" CovItemPrefix="group2.game.RiverBank.java" Intrnl_Id="912">
<LocList>
<Loc EndOffset="2656" SrcFileId="9" StartOffset="2622"/>
</LocList>
</BasicStmnt>
<BasicStmnt CovItemId="S52" CovItemPrefix="group2.game.RiverBank.java" Intrnl_Id="913">
<LocList>
<Loc EndOffset="2757" SrcFileId="9" StartOffset="2660"/>
</LocList>
<QMO CovItemId="Q2" CovItemPrefix="group2.game.RiverBank.java" Intrnl_Id="914">
<LocList>
<Loc EndOffset="2746" SrcFileId="9" StartOffset="2667"/>
</LocList>
<QMO_E CovItemId="Q2-0" CovItemPrefix="group2.game.RiverBank.java" Intrnl_Id="915">
<LocList>
<Loc EndOffset="2751" SrcFileId="9" StartOffset="2749"/>
</LocList>
</QMO_E>
<QMO_E CovItemId="Q2-1" CovItemPrefix="group2.game.RiverBank.java" Intrnl_Id="916">
<LocList>
<Loc EndOffset="2756" SrcFileId="9" StartOffset="2754"/>
</LocList>
</QMO_E>
</QMO>
</BasicStmnt>
</StmntSeq>
</HierarchyLvl>
<HierarchyLvl HierarchyLvlId="51" HierarchyLvlTypeId="36" Intrnl_Id="917" Name="erode">
<Header>
<Loc EndOffset="2798" SrcFileId="9" StartOffset="2767"/>
</Header>
<LocList>
<Loc EndOffset="3049" SrcFileId="9" StartOffset="2767"/>
</LocList>
<StmntSeq Intrnl_Id="918">
<LocList>
<Loc EndOffset="2834" SrcFileId="9" StartOffset="2803"/>
<Loc EndOffset="2869" SrcFileId="9" StartOffset="2838"/>
<Loc EndOffset="2909" SrcFileId="9" StartOffset="2873"/>
<Loc EndOffset="2950" SrcFileId="9" StartOffset="2913"/>
<Loc EndOffset="3010" SrcFileId="9" StartOffset="2954"/>
<Loc EndOffset="3045" SrcFileId="9" StartOffset="3014"/>
</LocList>
<BasicStmnt CovItemId="S53" CovItemPrefix="group2.game.RiverBank.java" Intrnl_Id="919">
<LocList>
<Loc EndOffset="2834" SrcFileId="9" StartOffset="2803"/>
</LocList>
</BasicStmnt>
<BasicStmnt CovItemId="S54" CovItemPrefix="group2.game.RiverBank.java" Intrnl_Id="920">
<LocList>
<Loc EndOffset="2869" SrcFileId="9" StartOffset="2838"/>
</LocList>
</BasicStmnt>
<BasicStmnt CovItemId="S55" CovItemPrefix="group2.game.RiverBank.java" Intrnl_Id="921">
<LocList>
<Loc EndOffset="2909" SrcFileId="9" StartOffset="2873"/>
</LocList>
<QMO CovItemId="Q3" CovItemPrefix="group2.game.RiverBank.java" Intrnl_Id="922">
<LocList>
<Loc EndOffset="2884" SrcFileId="9" StartOffset="2878"/>
</LocList>
<QMO_E CovItemId="Q3-0" CovItemPrefix="group2.game.RiverBank.java" Intrnl_Id="923">
<LocList>
<Loc EndOffset="2889" SrcFileId="9" StartOffset="2887"/>
</LocList>
</QMO_E>
<QMO_E CovItemId="Q3-1" CovItemPrefix="group2.game.RiverBank.java" Intrnl_Id="924">
<LocList>
<Loc EndOffset="2908" SrcFileId="9" StartOffset="2892"/>
</LocList>
</QMO_E>
</QMO>
</BasicStmnt>
<BasicStmnt CovItemId="S56" CovItemPrefix="group2.game.RiverBank.java" Intrnl_Id="925">
<LocList>
<Loc EndOffset="2950" SrcFileId="9" StartOffset="2913"/>
</LocList>
<QMO CovItemId="Q4" CovItemPrefix="group2.game.RiverBank.java" Intrnl_Id="926">
<LocList>
<Loc EndOffset="2924" SrcFileId="9" StartOffset="2918"/>
</LocList>
<QMO_E CovItemId="Q4-0" CovItemPrefix="group2.game.RiverBank.java" Intrnl_Id="927">
<LocList>
<Loc EndOffset="2929" SrcFileId="9" StartOffset="2927"/>
</LocList>
</QMO_E>
<QMO_E CovItemId="Q4-1" CovItemPrefix="group2.game.RiverBank.java" Intrnl_Id="928">
<LocList>
<Loc EndOffset="2949" SrcFileId="9" StartOffset="2932"/>
</LocList>
</QMO_E>
</QMO>
</BasicStmnt>
<BasicStmnt CovItemId="S57" CovItemPrefix="group2.game.RiverBank.java" Intrnl_Id="929">
<LocList>
<Loc EndOffset="3010" SrcFileId="9" StartOffset="2954"/>
</LocList>
</BasicStmnt>
<BasicStmnt CovItemId="S58" CovItemPrefix="group2.game.RiverBank.java" Intrnl_Id="930">
<LocList>
<Loc EndOffset="3045" SrcFileId="9" StartOffset="3014"/>
</LocList>
</BasicStmnt>
</StmntSeq>
</HierarchyLvl>
<HierarchyLvl HierarchyLvlId="52" HierarchyLvlTypeId="36" Intrnl_Id="931" Name="findErode">
<Header>
<Loc EndOffset="3080" SrcFileId="9" StartOffset="3054"/>
</Header>
<LocList>
<Loc EndOffset="3917" SrcFileId="9" StartOffset="3054"/>
</LocList>
<StmntSeq Intrnl_Id="932">
<LocList>
<Loc EndOffset="3896" SrcFileId="9" StartOffset="3086"/>
<Loc EndOffset="3913" SrcFileId="9" StartOffset="3900"/>
</LocList>
<CondStmnt CovItemId="S59" CovItemPrefix="group2.game.RiverBank.java" Intrnl_Id="933">
<Branch CovItemId="B25" CovItemPrefix="group2.game.RiverBank.java" Implct="false" Intrnl_Id="934">
<Cond/>
<LocList>
<Loc EndOffset="3623" SrcFileId="9" StartOffset="3110"/>
</LocList>
<StmntSeq Intrnl_Id="935">
<LocList>
<Loc EndOffset="3140" SrcFileId="9" StartOffset="3116"/>
<Loc EndOffset="3618" SrcFileId="9" StartOffset="3145"/>
</LocList>
<BasicStmnt CovItemId="S60" CovItemPrefix="group2.game.RiverBank.java" Intrnl_Id="936">
<LocList>
<Loc EndOffset="3140" SrcFileId="9" StartOffset="3116"/>
</LocList>
</BasicStmnt>
<CondStmnt CovItemId="S61" CovItemPrefix="group2.game.RiverBank.java" Intrnl_Id="937">
<Branch CovItemId="B27" CovItemPrefix="group2.game.RiverBank.java" Implct="false" Intrnl_Id="938">
<Cond/>
<LocList>
<Loc EndOffset="3362" SrcFileId="9" StartOffset="3199"/>
</LocList>
<StmntSeq Intrnl_Id="939">
<LocList>
<Loc EndOffset="3356" SrcFileId="9" StartOffset="3206"/>
</LocList>
<CondStmnt CovItemId="S62" CovItemPrefix="group2.game.RiverBank.java" Intrnl_Id="940">
<Branch CovItemId="B29" CovItemPrefix="group2.game.RiverBank.java" Implct="false" Intrnl_Id="941">
<Cond/>
<LocList>
<Loc EndOffset="3278" SrcFileId="9" StartOffset="3232"/>
</LocList>
<StmntSeq Intrnl_Id="942">
<LocList>
<Loc EndOffset="3252" SrcFileId="9" StartOffset="3240"/>
<Loc EndOffset="3271" SrcFileId="9" StartOffset="3259"/>
</LocList>
<BasicStmnt CovItemId="S63" CovItemPrefix="group2.game.RiverBank.java" Intrnl_Id="943">
<LocList>
<Loc EndOffset="3252" SrcFileId="9" StartOffset="3240"/>
</LocList>
</BasicStmnt>
<BasicStmnt CovItemId="S64" CovItemPrefix="group2.game.RiverBank.java" Intrnl_Id="944">
<LocList>
<Loc EndOffset="3271" SrcFileId="9" StartOffset="3259"/>
</LocList>
</BasicStmnt>
</StmntSeq>
</Branch>
<Branch CovItemId="B30" CovItemPrefix="group2.game.RiverBank.java" Implct="false" Intrnl_Id="945">
<Cond>
<Loc EndOffset="3282" SrcFileId="9" StartOffset="3278"/>
</Cond>
<LocList>
<Loc EndOffset="3356" SrcFileId="9" StartOffset="3283"/>
</LocList>
<StmntSeq Intrnl_Id="946">
<LocList>
<Loc EndOffset="3356" SrcFileId="9" StartOffset="3283"/>
</LocList>
<CondStmnt CovItemId="S65" CovItemPrefix="group2.game.RiverBank.java" Intrnl_Id="947">
<Branch CovItemId="B31" CovItemPrefix="group2.game.RiverBank.java" Implct="false" Intrnl_Id="948">
<Cond/>
<LocList>
<Loc EndOffset="3356" SrcFileId="9" StartOffset="3310"/>
</LocList>
<StmntSeq Intrnl_Id="949">
<LocList>
<Loc EndOffset="3330" SrcFileId="9" StartOffset="3318"/>
<Loc EndOffset="3349" SrcFileId="9" StartOffset="3337"/>
</LocList>
<BasicStmnt CovItemId="S66" CovItemPrefix="group2.game.RiverBank.java" Intrnl_Id="950">
<LocList>
<Loc EndOffset="3330" SrcFileId="9" StartOffset="3318"/>
</LocList>
</BasicStmnt>
<BasicStmnt CovItemId="S67" CovItemPrefix="group2.game.RiverBank.java" Intrnl_Id="951">
<LocList>
<Loc EndOffset="3349" SrcFileId="9" StartOffset="3337"/>
</LocList>
</BasicStmnt>
</StmntSeq>
</Branch>
<Branch CovItemId="B32" CovItemPrefix="group2.game.RiverBank.java" Implct="true" Intrnl_Id="952">
<Cond/>
<LocList/>
<StmntSeq Intrnl_Id="953">
<LocList/>
</StmntSeq>
</Branch>
<Keyword EndOffset="3285" SrcFileId="9" StartOffset="3283"/>
<LocList>
<Loc EndOffset="3356" SrcFileId="9" StartOffset="3283"/>
</LocList>
<RootTerm CovItemId="C16" CovItemPrefix="group2.game.RiverBank.java" Intrnl_Id="954">
<BasicBoolTerm Intrnl_Id="955">
<LocList>
<Loc EndOffset="3309" SrcFileId="9" StartOffset="3286"/>
</LocList>
</BasicBoolTerm>
</RootTerm>
</CondStmnt>
</StmntSeq>
</Branch>
<Keyword EndOffset="3208" SrcFileId="9" StartOffset="3206"/>
<LocList>
<Loc EndOffset="3356" SrcFileId="9" StartOffset="3206"/>
</LocList>
<RootTerm CovItemId="C15" CovItemPrefix="group2.game.RiverBank.java" Intrnl_Id="956">
<BasicBoolTerm Intrnl_Id="957">
<LocList>
<Loc EndOffset="3231" SrcFileId="9" StartOffset="3209"/>
</LocList>
</BasicBoolTerm>
</RootTerm>
</CondStmnt>
</StmntSeq>
</Branch>
<Branch CovItemId="B28" CovItemPrefix="group2.game.RiverBank.java" Implct="false" Intrnl_Id="958">
<Cond>
<Loc EndOffset="3366" SrcFileId="9" StartOffset="3362"/>
</Cond>
<LocList>
<Loc EndOffset="3618" SrcFileId="9" StartOffset="3367"/>
</LocList>
<StmntSeq Intrnl_Id="959">
<LocList>
<Loc EndOffset="3618" SrcFileId="9" StartOffset="3367"/>
</LocList>
<CondStmnt CovItemId="S68" CovItemPrefix="group2.game.RiverBank.java" Intrnl_Id="960">
<Branch CovItemId="B33" CovItemPrefix="group2.game.RiverBank.java" Implct="false" Intrnl_Id="961">
<Cond/>
<LocList>
<Loc EndOffset="3618" SrcFileId="9" StartOffset="3435"/>
</LocList>
<StmntSeq Intrnl_Id="962">
<LocList>
<Loc EndOffset="3456" SrcFileId="9" StartOffset="3442"/>
<Loc EndOffset="3612" SrcFileId="9" StartOffset="3462"/>
</LocList>
<BasicStmnt CovItemId="S69" CovItemPrefix="group2.game.RiverBank.java" Intrnl_Id="963">
<LocList>
<Loc EndOffset="3456" SrcFileId="9" StartOffset="3442"/>
</LocList>
</BasicStmnt>
<CondStmnt CovItemId="S70" CovItemPrefix="group2.game.RiverBank.java" Intrnl_Id="964">
<Branch CovItemId="B35" CovItemPrefix="group2.game.RiverBank.java" Implct="false" Intrnl_Id="965">
<Cond/>
<LocList>
<Loc EndOffset="3534" SrcFileId="9" StartOffset="3488"/>
</LocList>
<StmntSeq Intrnl_Id="966">
<LocList>
<Loc EndOffset="3508" SrcFileId="9" StartOffset="3496"/>
<Loc EndOffset="3527" SrcFileId="9" StartOffset="3515"/>
</LocList>
<BasicStmnt CovItemId="S71" CovItemPrefix="group2.game.RiverBank.java" Intrnl_Id="967">
<LocList>
<Loc EndOffset="3508" SrcFileId="9" StartOffset="3496"/>
</LocList>
</BasicStmnt>
<BasicStmnt CovItemId="S72" CovItemPrefix="group2.game.RiverBank.java" Intrnl_Id="968">
<LocList>
<Loc EndOffset="3527" SrcFileId="9" StartOffset="3515"/>
</LocList>
</BasicStmnt>
</StmntSeq>
</Branch>
<Branch CovItemId="B36" CovItemPrefix="group2.game.RiverBank.java" Implct="false" Intrnl_Id="969">
<Cond>
<Loc EndOffset="3538" SrcFileId="9" StartOffset="3534"/>
</Cond>
<LocList>
<Loc EndOffset="3612" SrcFileId="9" StartOffset="3539"/>
</LocList>
<StmntSeq Intrnl_Id="970">
<LocList>
<Loc EndOffset="3612" SrcFileId="9" StartOffset="3539"/>
</LocList>
<CondStmnt CovItemId="S73" CovItemPrefix="group2.game.RiverBank.java" Intrnl_Id="971">
<Branch CovItemId="B37" CovItemPrefix="group2.game.RiverBank.java" Implct="false" Intrnl_Id="972">
<Cond/>
<LocList>
<Loc EndOffset="3612" SrcFileId="9" StartOffset="3566"/>
</LocList>
<StmntSeq Intrnl_Id="973">
<LocList>
<Loc EndOffset="3586" SrcFileId="9" StartOffset="3574"/>
<Loc EndOffset="3605" SrcFileId="9" StartOffset="3593"/>
</LocList>
<BasicStmnt CovItemId="S74" CovItemPrefix="group2.game.RiverBank.java" Intrnl_Id="974">
<LocList>
<Loc EndOffset="3586" SrcFileId="9" StartOffset="3574"/>
</LocList>
</BasicStmnt>
<BasicStmnt CovItemId="S75" CovItemPrefix="group2.game.RiverBank.java" Intrnl_Id="975">
<LocList>
<Loc EndOffset="3605" SrcFileId="9" StartOffset="3593"/>
</LocList>
</BasicStmnt>
</StmntSeq>
</Branch>
<Branch CovItemId="B38" CovItemPrefix="group2.game.RiverBank.java" Implct="true" Intrnl_Id="976">
<Cond/>
<LocList/>
<StmntSeq Intrnl_Id="977">
<LocList/>
</StmntSeq>
</Branch>
<Keyword EndOffset="3541" SrcFileId="9" StartOffset="3539"/>
<LocList>
<Loc EndOffset="3612" SrcFileId="9" StartOffset="3539"/>
</LocList>
<RootTerm CovItemId="C19" CovItemPrefix="group2.game.RiverBank.java" Intrnl_Id="978">
<BasicBoolTerm Intrnl_Id="979">
<LocList>
<Loc EndOffset="3565" SrcFileId="9" StartOffset="3542"/>
</LocList>
</BasicBoolTerm>
</RootTerm>
</CondStmnt>
</StmntSeq>
</Branch>
<Keyword EndOffset="3464" SrcFileId="9" StartOffset="3462"/>
<LocList>
<Loc EndOffset="3612" SrcFileId="9" StartOffset="3462"/>
</LocList>
<RootTerm CovItemId="C18" CovItemPrefix="group2.game.RiverBank.java" Intrnl_Id="980">
<BasicBoolTerm Intrnl_Id="981">
<LocList>
<Loc EndOffset="3487" SrcFileId="9" StartOffset="3465"/>
</LocList>
</BasicBoolTerm>
</RootTerm>
</CondStmnt>
</StmntSeq>
</Branch>
<Branch CovItemId="B34" CovItemPrefix="group2.game.RiverBank.java" Implct="true" Intrnl_Id="982">
<Cond/>
<LocList/>
<StmntSeq Intrnl_Id="983">
<LocList/>
</StmntSeq>
</Branch>
<Keyword EndOffset="3369" SrcFileId="9" StartOffset="3367"/>
<LocList>
<Loc EndOffset="3618" SrcFileId="9" StartOffset="3367"/>
</LocList>
<RootTerm CovItemId="C17" CovItemPrefix="group2.game.RiverBank.java" Intrnl_Id="984">
<OpTerm BooleanOpId="33" Intrnl_Id="985">
<BasicBoolTerm Intrnl_Id="986">
<LocList>
<Loc EndOffset="3400" SrcFileId="9" StartOffset="3370"/>
</LocList>
</BasicBoolTerm>
<BasicBoolTerm Intrnl_Id="987">
<LocList>
<Loc EndOffset="3434" SrcFileId="9" StartOffset="3404"/>
</LocList>
</BasicBoolTerm>
<LocList>
<Loc EndOffset="3403" SrcFileId="9" StartOffset="3401"/>
</LocList>
</OpTerm>
</RootTerm>
</CondStmnt>
</StmntSeq>
</Branch>
<Keyword EndOffset="3147" SrcFileId="9" StartOffset="3145"/>
<LocList>
<Loc EndOffset="3618" SrcFileId="9" StartOffset="3145"/>
</LocList>
<RootTerm CovItemId="C14" CovItemPrefix="group2.game.RiverBank.java" Intrnl_Id="988">
<OpTerm BooleanOpId="33" Intrnl_Id="989">
<BasicBoolTerm Intrnl_Id="990">
<LocList>
<Loc EndOffset="3171" SrcFileId="9" StartOffset="3149"/>
</LocList>
</BasicBoolTerm>
<BasicBoolTerm Intrnl_Id="991">
<LocList>
<Loc EndOffset="3197" SrcFileId="9" StartOffset="3175"/>
</LocList>
</BasicBoolTerm>
<LocList>
<Loc EndOffset="3174" SrcFileId="9" StartOffset="3172"/>
</LocList>
</OpTerm>
</RootTerm>
</CondStmnt>
</StmntSeq>
</Branch>
<Branch CovItemId="B26" CovItemPrefix="group2.game.RiverBank.java" Implct="false" Intrnl_Id="992">
<Cond>
<Loc EndOffset="3628" SrcFileId="9" StartOffset="3624"/>
</Cond>
<LocList>
<Loc EndOffset="3896" SrcFileId="9" StartOffset="3629"/>
</LocList>
<StmntSeq Intrnl_Id="993">
<LocList>
<Loc EndOffset="3896" SrcFileId="9" StartOffset="3629"/>
</LocList>
<CondStmnt CovItemId="S76" CovItemPrefix="group2.game.RiverBank.java" Intrnl_Id="994">
<Branch CovItemId="B39" CovItemPrefix="group2.game.RiverBank.java" Implct="false" Intrnl_Id="995">
<Cond/>
<LocList>
<Loc EndOffset="3896" SrcFileId="9" StartOffset="3653"/>
</LocList>
<StmntSeq Intrnl_Id="996">
<LocList>
<Loc EndOffset="3669" SrcFileId="9" StartOffset="3659"/>
<Loc EndOffset="3891" SrcFileId="9" StartOffset="3674"/>
</LocList>
<BasicStmnt CovItemId="S77" CovItemPrefix="group2.game.RiverBank.java" Intrnl_Id="997">
<LocList>
<Loc EndOffset="3669" SrcFileId="9" StartOffset="3659"/>
</LocList>
</BasicStmnt>
<CondStmnt CovItemId="S78" CovItemPrefix="group2.game.RiverBank.java" Intrnl_Id="998">
<Branch CovItemId="B41" CovItemPrefix="group2.game.RiverBank.java" Implct="false" Intrnl_Id="999">
<Cond/>
<LocList>
<Loc EndOffset="3891" SrcFileId="9" StartOffset="3728"/>
</LocList>
<StmntSeq Intrnl_Id="1000">
<LocList>
<Loc EndOffset="3885" SrcFileId="9" StartOffset="3735"/>
</LocList>
<CondStmnt CovItemId="S79" CovItemPrefix="group2.game.RiverBank.java" Intrnl_Id="1001">
<Branch CovItemId="B43" CovItemPrefix="group2.game.RiverBank.java" Implct="false" Intrnl_Id="1002">
<Cond/>
<LocList>
<Loc EndOffset="3807" SrcFileId="9" StartOffset="3761"/>
</LocList>
<StmntSeq Intrnl_Id="1003">
<LocList>
<Loc EndOffset="3781" SrcFileId="9" StartOffset="3769"/>
<Loc EndOffset="3800" SrcFileId="9" StartOffset="3788"/>
</LocList>
<BasicStmnt CovItemId="S80" CovItemPrefix="group2.game.RiverBank.java" Intrnl_Id="1004">
<LocList>
<Loc EndOffset="3781" SrcFileId="9" StartOffset="3769"/>
</LocList>
</BasicStmnt>
<BasicStmnt CovItemId="S81" CovItemPrefix="group2.game.RiverBank.java" Intrnl_Id="1005">
<LocList>
<Loc EndOffset="3800" SrcFileId="9" StartOffset="3788"/>
</LocList>
</BasicStmnt>
</StmntSeq>
</Branch>
<Branch CovItemId="B44" CovItemPrefix="group2.game.RiverBank.java" Implct="false" Intrnl_Id="1006">
<Cond>
<Loc EndOffset="3811" SrcFileId="9" StartOffset="3807"/>
</Cond>
<LocList>
<Loc EndOffset="3885" SrcFileId="9" StartOffset="3812"/>
</LocList>
<StmntSeq Intrnl_Id="1007">
<LocList>
<Loc EndOffset="3885" SrcFileId="9" StartOffset="3812"/>
</LocList>
<CondStmnt CovItemId="S82" CovItemPrefix="group2.game.RiverBank.java" Intrnl_Id="1008">
<Branch CovItemId="B45" CovItemPrefix="group2.game.RiverBank.java" Implct="false" Intrnl_Id="1009">
<Cond/>
<LocList>
<Loc EndOffset="3885" SrcFileId="9" StartOffset="3839"/>
</LocList>
<StmntSeq Intrnl_Id="1010">
<LocList>
<Loc EndOffset="3859" SrcFileId="9" StartOffset="3847"/>
<Loc EndOffset="3878" SrcFileId="9" StartOffset="3866"/>
</LocList>
<BasicStmnt CovItemId="S83" CovItemPrefix="group2.game.RiverBank.java" Intrnl_Id="1011">
<LocList>
<Loc EndOffset="3859" SrcFileId="9" StartOffset="3847"/>
</LocList>
</BasicStmnt>
<BasicStmnt CovItemId="S84" CovItemPrefix="group2.game.RiverBank.java" Intrnl_Id="1012">
<LocList>
<Loc EndOffset="3878" SrcFileId="9" StartOffset="3866"/>
</LocList>
</BasicStmnt>
</StmntSeq>
</Branch>
<Branch CovItemId="B46" CovItemPrefix="group2.game.RiverBank.java" Implct="true" Intrnl_Id="1013">
<Cond/>
<LocList/>
<StmntSeq Intrnl_Id="1014">
<LocList/>
</StmntSeq>
</Branch>
<Keyword EndOffset="3814" SrcFileId="9" StartOffset="3812"/>
<LocList>
<Loc EndOffset="3885" SrcFileId="9" StartOffset="3812"/>
</LocList>
<RootTerm CovItemId="C23" CovItemPrefix="group2.game.RiverBank.java" Intrnl_Id="1015">
<BasicBoolTerm Intrnl_Id="1016">
<LocList>
<Loc EndOffset="3838" SrcFileId="9" StartOffset="3815"/>
</LocList>
</BasicBoolTerm>
</RootTerm>
</CondStmnt>
</StmntSeq>
</Branch>
<Keyword EndOffset="3737" SrcFileId="9" StartOffset="3735"/>
<LocList>
<Loc EndOffset="3885" SrcFileId="9" StartOffset="3735"/>
</LocList>
<RootTerm CovItemId="C22" CovItemPrefix="group2.game.RiverBank.java" Intrnl_Id="1017">
<BasicBoolTerm Intrnl_Id="1018">
<LocList>
<Loc EndOffset="3760" SrcFileId="9" StartOffset="3738"/>
</LocList>
</BasicBoolTerm>
</RootTerm>
</CondStmnt>
</StmntSeq>
</Branch>
<Branch CovItemId="B42" CovItemPrefix="group2.game.RiverBank.java" Implct="true" Intrnl_Id="1019">
<Cond/>
<LocList/>
<StmntSeq Intrnl_Id="1020">
<LocList/>
</StmntSeq>
</Branch>
<Keyword EndOffset="3676" SrcFileId="9" StartOffset="3674"/>
<LocList>
<Loc EndOffset="3891" SrcFileId="9" StartOffset="3674"/>
</LocList>
<RootTerm CovItemId="C21" CovItemPrefix="group2.game.RiverBank.java" Intrnl_Id="1021">
<OpTerm BooleanOpId="33" Intrnl_Id="1022">
<BasicBoolTerm Intrnl_Id="1023">
<LocList>
<Loc EndOffset="3700" SrcFileId="9" StartOffset="3678"/>
</LocList>
</BasicBoolTerm>
<BasicBoolTerm Intrnl_Id="1024">
<LocList>
<Loc EndOffset="3726" SrcFileId="9" StartOffset="3704"/>
</LocList>
</BasicBoolTerm>
<LocList>
<Loc EndOffset="3703" SrcFileId="9" StartOffset="3701"/>
</LocList>
</OpTerm>
</RootTerm>
</CondStmnt>
</StmntSeq>
</Branch>
<Branch CovItemId="B40" CovItemPrefix="group2.game.RiverBank.java" Implct="true" Intrnl_Id="1025">
<Cond/>
<LocList/>
<StmntSeq Intrnl_Id="1026">
<LocList/>
</StmntSeq>
</Branch>
<Keyword EndOffset="3631" SrcFileId="9" StartOffset="3629"/>
<LocList>
<Loc EndOffset="3896" SrcFileId="9" StartOffset="3629"/>
</LocList>
<RootTerm CovItemId="C20" CovItemPrefix="group2.game.RiverBank.java" Intrnl_Id="1027">
<OpTerm BooleanOpId="33" Intrnl_Id="1028">
<BasicBoolTerm Intrnl_Id="1029">
<LocList>
<Loc EndOffset="3640" SrcFileId="9" StartOffset="3633"/>
</LocList>
</BasicBoolTerm>
<BasicBoolTerm Intrnl_Id="1030">
<LocList>
<Loc EndOffset="3651" SrcFileId="9" StartOffset="3644"/>
</LocList>
</BasicBoolTerm>
<LocList>
<Loc EndOffset="3643" SrcFileId="9" StartOffset="3641"/>
</LocList>
</OpTerm>
</RootTerm>
</CondStmnt>
</StmntSeq>
</Branch>
<Keyword EndOffset="3088" SrcFileId="9" StartOffset="3086"/>
<LocList>
<Loc EndOffset="3896" SrcFileId="9" StartOffset="3086"/>
</LocList>
<RootTerm CovItemId="C13" CovItemPrefix="group2.game.RiverBank.java" Intrnl_Id="1031">
<OpTerm BooleanOpId="33" Intrnl_Id="1032">
<BasicBoolTerm Intrnl_Id="1033">
<LocList>
<Loc EndOffset="3097" SrcFileId="9" StartOffset="3090"/>
</LocList>
</BasicBoolTerm>
<BasicBoolTerm Intrnl_Id="1034">
<LocList>
<Loc EndOffset="3108" SrcFileId="9" StartOffset="3101"/>
</LocList>
</BasicBoolTerm>
<LocList>
<Loc EndOffset="3100" SrcFileId="9" StartOffset="3098"/>
</LocList>
</OpTerm>
</RootTerm>
</CondStmnt>
<BasicStmnt CovItemId="S85" CovItemPrefix="group2.game.RiverBank.java" Intrnl_Id="1035">
<LocList>
<Loc EndOffset="3913" SrcFileId="9" StartOffset="3900"/>
</LocList>
</BasicStmnt>
</StmntSeq>
</HierarchyLvl>
<HierarchyLvl HierarchyLvlId="53" HierarchyLvlTypeId="36" Intrnl_Id="1036" Name="erosionFactor">
<Header>
<Loc EndOffset="3955" SrcFileId="9" StartOffset="3922"/>
</Header>
<LocList>
<Loc EndOffset="4073" SrcFileId="9" StartOffset="3922"/>
</LocList>
<StmntSeq Intrnl_Id="1037">
<LocList>
<Loc EndOffset="4006" SrcFileId="9" StartOffset="3961"/>
<Loc EndOffset="4052" SrcFileId="9" StartOffset="4010"/>
<Loc EndOffset="4069" SrcFileId="9" StartOffset="4056"/>
</LocList>
<BasicStmnt CovItemId="S86" CovItemPrefix="group2.game.RiverBank.java" Intrnl_Id="1038">
<LocList>
<Loc EndOffset="4006" SrcFileId="9" StartOffset="3961"/>
</LocList>
<QMO CovItemId="Q5" CovItemPrefix="group2.game.RiverBank.java" Intrnl_Id="1039">
<LocList>
<Loc EndOffset="3997" SrcFileId="9" StartOffset="3973"/>
</LocList>
<QMO_E CovItemId="Q5-0" CovItemPrefix="group2.game.RiverBank.java" Intrnl_Id="1040">
<LocList>
<Loc EndOffset="4001" SrcFileId="9" StartOffset="4000"/>
</LocList>
</QMO_E>
<QMO_E CovItemId="Q5-1" CovItemPrefix="group2.game.RiverBank.java" Intrnl_Id="1041">
<LocList>
<Loc EndOffset="4005" SrcFileId="9" StartOffset="4004"/>
</LocList>
</QMO_E>
</QMO>
</BasicStmnt>
<BasicStmnt CovItemId="S87" CovItemPrefix="group2.game.RiverBank.java" Intrnl_Id="1042">
<LocList>
<Loc EndOffset="4052" SrcFileId="9" StartOffset="4010"/>
</LocList>
<QMO CovItemId="Q6" CovItemPrefix="group2.game.RiverBank.java" Intrnl_Id="1043">
<LocList>
<Loc EndOffset="4043" SrcFileId="9" StartOffset="4019"/>
</LocList>
<QMO_E CovItemId="Q6-0" CovItemPrefix="group2.game.RiverBank.java" Intrnl_Id="1044">
<LocList>
<Loc EndOffset="4047" SrcFileId="9" StartOffset="4046"/>
</LocList>
</QMO_E>
<QMO_E CovItemId="Q6-1" CovItemPrefix="group2.game.RiverBank.java" Intrnl_Id="1045">
<LocList>
<Loc EndOffset="4051" SrcFileId="9" StartOffset="4050"/>
</LocList>
</QMO_E>
</QMO>
</BasicStmnt>
<BasicStmnt CovItemId="S88" CovItemPrefix="group2.game.RiverBank.java" Intrnl_Id="1046">
<LocList>
<Loc EndOffset="4069" SrcFileId="9" StartOffset="4056"/>
</LocList>
</BasicStmnt>
</StmntSeq>
</HierarchyLvl>
<HierarchyLvl HierarchyLvlId="54" HierarchyLvlTypeId="36" Intrnl_Id="1047" Name="initializeBufferArray">
<Header>
<Loc EndOffset="4114" SrcFileId="9" StartOffset="4078"/>
</Header>
<LocList>
<Loc EndOffset="4284" SrcFileId="9" StartOffset="4078"/>
</LocList>
<StmntSeq Intrnl_Id="1048">
<LocList>
<Loc EndOffset="4280" SrcFileId="9" StartOffset="4120"/>
</LocList>
<LoopStmnt CovItemId="S89" CovItemPrefix="group2.game.RiverBank.java" Intrnl_Id="1049" MltplExecId="L1-2" MltplExecPrefix="group2.game.RiverBank.java" NvrExecId="L1-0" NvrExecPrefix="group2.game.RiverBank.java" OnceExecutedId="L1-1" OnceExecutedPrefix="group2.game.RiverBank.java" OptBodyExec="true">
<StmntSeq Intrnl_Id="1050">
<LocList>
<Loc EndOffset="4275" SrcFileId="9" StartOffset="4160"/>
</LocList>
<LoopStmnt CovItemId="S90" CovItemPrefix="group2.game.RiverBank.java" Intrnl_Id="1051" MltplExecId="L2-2" MltplExecPrefix="group2.game.RiverBank.java" NvrExecId="L2-0" NvrExecPrefix="group2.game.RiverBank.java" OnceExecutedId="L2-1" OnceExecutedPrefix="group2.game.RiverBank.java" OptBodyExec="true">
<StmntSeq Intrnl_Id="1052">
<LocList>
<Loc EndOffset="4231" SrcFileId="9" StartOffset="4201"/>
<Loc EndOffset="4269" SrcFileId="9" StartOffset="4237"/>
</LocList>
<BasicStmnt CovItemId="S91" CovItemPrefix="group2.game.RiverBank.java" Intrnl_Id="1053">
<LocList>
<Loc EndOffset="4231" SrcFileId="9" StartOffset="4201"/>
</LocList>
</BasicStmnt>
<BasicStmnt CovItemId="S92" CovItemPrefix="group2.game.RiverBank.java" Intrnl_Id="1054">
<LocList>
<Loc EndOffset="4269" SrcFileId="9" StartOffset="4237"/>
</LocList>
</BasicStmnt>
</StmntSeq>
<Keyword EndOffset="4163" SrcFileId="9" StartOffset="4160"/>
<LocList>
<Loc EndOffset="4275" SrcFileId="9" StartOffset="4160"/>
</LocList>
<RootTerm CovItemId="C25" CovItemPrefix="group2.game.RiverBank.java" Intrnl_Id="1055">
<BasicBoolTerm Intrnl_Id="1056">
<LocList>
<Loc EndOffset="4187" SrcFileId="9" StartOffset="4176"/>
</LocList>
</BasicBoolTerm>
</RootTerm>
</LoopStmnt>
</StmntSeq>
<Keyword EndOffset="4123" SrcFileId="9" StartOffset="4120"/>
<LocList>
<Loc EndOffset="4280" SrcFileId="9" StartOffset="4120"/>
</LocList>
<RootTerm CovItemId="C24" CovItemPrefix="group2.game.RiverBank.java" Intrnl_Id="1057">
<BasicBoolTerm Intrnl_Id="1058">
<LocList>
<Loc EndOffset="4147" SrcFileId="9" StartOffset="4136"/>
</LocList>
</BasicBoolTerm>
</RootTerm>
</LoopStmnt>
</StmntSeq>
</HierarchyLvl>
<HierarchyLvl HierarchyLvlId="55" HierarchyLvlTypeId="36" Intrnl_Id="1059" Name="update">
<Header>
<Loc EndOffset="4458" SrcFileId="9" StartOffset="4438"/>
</Header>
<LocList>
<Loc EndOffset="5074" SrcFileId="9" StartOffset="4438"/>
</LocList>
<StmntSeq Intrnl_Id="1060">
<LocList>
<Loc EndOffset="5070" SrcFileId="9" StartOffset="4464"/>
</LocList>
<LoopStmnt CovItemId="S93" CovItemPrefix="group2.game.RiverBank.java" Intrnl_Id="1061" MltplExecId="L3-2" MltplExecPrefix="group2.game.RiverBank.java" NvrExecId="L3-0" NvrExecPrefix="group2.game.RiverBank.java" OnceExecutedId="L3-1" OnceExecutedPrefix="group2.game.RiverBank.java" OptBodyExec="true">
<StmntSeq Intrnl_Id="1062">
<LocList>
<Loc EndOffset="5065" SrcFileId="9" StartOffset="4510"/>
</LocList>
<LoopStmnt CovItemId="S94" CovItemPrefix="group2.game.RiverBank.java" Intrnl_Id="1063" MltplExecId="L4-2" MltplExecPrefix="group2.game.RiverBank.java" NvrExecId="L4-0" NvrExecPrefix="group2.game.RiverBank.java" OnceExecutedId="L4-1" OnceExecutedPrefix="group2.game.RiverBank.java" OptBodyExec="true">
<StmntSeq Intrnl_Id="1064">
<LocList>
<Loc EndOffset="5059" SrcFileId="9" StartOffset="4559"/>
</LocList>
<CondStmnt CovItemId="S95" CovItemPrefix="group2.game.RiverBank.java" Intrnl_Id="1065">
<Branch CovItemId="B47" CovItemPrefix="group2.game.RiverBank.java" Implct="false" Intrnl_Id="1066">
<Cond/>
<LocList>
<Loc EndOffset="5059" SrcFileId="9" StartOffset="4584"/>
</LocList>
<StmntSeq Intrnl_Id="1067">
<LocList>
<Loc EndOffset="4615" SrcFileId="9" StartOffset="4592"/>
<Loc EndOffset="4725" SrcFileId="9" StartOffset="4622"/>
<Loc EndOffset="5052" SrcFileId="9" StartOffset="4732"/>
</LocList>
<BasicStmnt CovItemId="S96" CovItemPrefix="group2.game.RiverBank.java" Intrnl_Id="1068">
<LocList>
<Loc EndOffset="4615" SrcFileId="9" StartOffset="4592"/>
</LocList>
</BasicStmnt>
<CondStmnt CovItemId="S97" CovItemPrefix="group2.game.RiverBank.java" Intrnl_Id="1069">
<Branch CovItemId="B49" CovItemPrefix="group2.game.RiverBank.java" Implct="false" Intrnl_Id="1070">
<Cond/>
<LocList>
<Loc EndOffset="4725" SrcFileId="9" StartOffset="4649"/>
</LocList>
<StmntSeq Intrnl_Id="1071">
<LocList>
<Loc EndOffset="4679" SrcFileId="9" StartOffset="4658"/>
<Loc EndOffset="4717" SrcFileId="9" StartOffset="4687"/>
</LocList>
<BasicStmnt CovItemId="S98" CovItemPrefix="group2.game.RiverBank.java" Intrnl_Id="1072">
<LocList>
<Loc EndOffset="4679" SrcFileId="9" StartOffset="4658"/>
</LocList>
</BasicStmnt>
<BasicStmnt CovItemId="S99" CovItemPrefix="group2.game.RiverBank.java" Intrnl_Id="1073">
<LocList>
<Loc EndOffset="4717" SrcFileId="9" StartOffset="4687"/>
</LocList>
</BasicStmnt>
</StmntSeq>
</Branch>
<Branch CovItemId="B50" CovItemPrefix="group2.game.RiverBank.java" Implct="true" Intrnl_Id="1074">
<Cond/>
<LocList/>
<StmntSeq Intrnl_Id="1075">
<LocList/>
</StmntSeq>
</Branch>
<Keyword EndOffset="4624" SrcFileId="9" StartOffset="4622"/>
<LocList>
<Loc EndOffset="4725" SrcFileId="9" StartOffset="4622"/>
</LocList>
<RootTerm CovItemId="C29" CovItemPrefix="group2.game.RiverBank.java" Intrnl_Id="1076">
<OpTerm BooleanOpId="31" Intrnl_Id="1077">
<BasicBoolTerm Intrnl_Id="1078">
<LocList>
<Loc EndOffset="4648" SrcFileId="9" StartOffset="4626"/>
</LocList>
</BasicBoolTerm>
<LocList>
<Loc EndOffset="4626" SrcFileId="9" StartOffset="4625"/>
</LocList>
</OpTerm>
</RootTerm>
</CondStmnt>
<CondStmnt CovItemId="S100" CovItemPrefix="group2.game.RiverBank.java" Intrnl_Id="1079">
<Branch CovItemId="B51" CovItemPrefix="group2.game.RiverBank.java" Implct="false" Intrnl_Id="1080">
<Cond/>
<LocList>
<Loc EndOffset="5052" SrcFileId="9" StartOffset="4757"/>
</LocList>
<StmntSeq Intrnl_Id="1081">
<LocList>
<Loc EndOffset="5044" SrcFileId="9" StartOffset="4766"/>
</LocList>
<CondStmnt CovItemId="S101" CovItemPrefix="group2.game.RiverBank.java" Intrnl_Id="1082">
<Branch CovItemId="B53" CovItemPrefix="group2.game.RiverBank.java" Implct="false" Intrnl_Id="1083">
<Cond/>
<LocList>
<Loc EndOffset="5044" SrcFileId="9" StartOffset="4796"/>
</LocList>
<StmntSeq Intrnl_Id="1084">
<LocList>
<Loc EndOffset="4837" SrcFileId="9" StartOffset="4806"/>
<Loc EndOffset="5035" SrcFileId="9" StartOffset="4846"/>
</LocList>
<BasicStmnt CovItemId="S102" CovItemPrefix="group2.game.RiverBank.java" Intrnl_Id="1085">
<LocList>
<Loc EndOffset="4837" SrcFileId="9" StartOffset="4806"/>
</LocList>
</BasicStmnt>
<CondStmnt CovItemId="S103" CovItemPrefix="group2.game.RiverBank.java" Intrnl_Id="1086">
<Branch CovItemId="B55" CovItemPrefix="group2.game.RiverBank.java" Implct="false" Intrnl_Id="1087">
<Cond/>
<LocList>
<Loc EndOffset="5035" SrcFileId="9" StartOffset="4888"/>
</LocList>
<StmntSeq Intrnl_Id="1088">
<LocList>
<Loc EndOffset="4917" SrcFileId="9" StartOffset="4899"/>
<Loc EndOffset="4971" SrcFileId="9" StartOffset="4927"/>
<Loc EndOffset="5025" SrcFileId="9" StartOffset="4981"/>
</LocList>
<BasicStmnt CovItemId="S104" CovItemPrefix="group2.game.RiverBank.java" Intrnl_Id="1089">
<LocList>
<Loc EndOffset="4917" SrcFileId="9" StartOffset="4899"/>
</LocList>
</BasicStmnt>
<BasicStmnt CovItemId="S105" CovItemPrefix="group2.game.RiverBank.java" Intrnl_Id="1090">
<LocList>
<Loc EndOffset="4971" SrcFileId="9" StartOffset="4927"/>
</LocList>
</BasicStmnt>
<BasicStmnt CovItemId="S106" CovItemPrefix="group2.game.RiverBank.java" Intrnl_Id="1091">
<LocList>
<Loc EndOffset="5025" SrcFileId="9" StartOffset="4981"/>
</LocList>
</BasicStmnt>
</StmntSeq>
</Branch>
<Branch CovItemId="B56" CovItemPrefix="group2.game.RiverBank.java" Implct="true" Intrnl_Id="1092">
<Cond/>
<LocList/>
<StmntSeq Intrnl_Id="1093">
<LocList/>
</StmntSeq>
</Branch>
<Keyword EndOffset="4848" SrcFileId="9" StartOffset="4846"/>
<LocList>
<Loc EndOffset="5035" SrcFileId="9" StartOffset="4846"/>
</LocList>
<RootTerm CovItemId="C32" CovItemPrefix="group2.game.RiverBank.java" Intrnl_Id="1094">
<BasicBoolTerm Intrnl_Id="1095">
<LocList>
<Loc EndOffset="4887" SrcFileId="9" StartOffset="4850"/>
</LocList>
</BasicBoolTerm>
</RootTerm>
</CondStmnt>
</StmntSeq>
</Branch>
<Branch CovItemId="B54" CovItemPrefix="group2.game.RiverBank.java" Implct="true" Intrnl_Id="1096">
<Cond/>
<LocList/>
<StmntSeq Intrnl_Id="1097">
<LocList/>
</StmntSeq>
</Branch>
<Keyword EndOffset="4768" SrcFileId="9" StartOffset="4766"/>
<LocList>
<Loc EndOffset="5044" SrcFileId="9" StartOffset="4766"/>
</LocList>
<RootTerm CovItemId="C31" CovItemPrefix="group2.game.RiverBank.java" Intrnl_Id="1098">
<BasicBoolTerm Intrnl_Id="1099">
<LocList>
<Loc EndOffset="4795" SrcFileId="9" StartOffset="4769"/>
</LocList>
</BasicBoolTerm>
</RootTerm>
</CondStmnt>
</StmntSeq>
</Branch>
<Branch CovItemId="B52" CovItemPrefix="group2.game.RiverBank.java" Implct="true" Intrnl_Id="1100">
<Cond/>
<LocList/>
<StmntSeq Intrnl_Id="1101">
<LocList/>
</StmntSeq>
</Branch>
<Keyword EndOffset="4734" SrcFileId="9" StartOffset="4732"/>
<LocList>
<Loc EndOffset="5052" SrcFileId="9" StartOffset="4732"/>
</LocList>
<RootTerm CovItemId="C30" CovItemPrefix="group2.game.RiverBank.java" Intrnl_Id="1102">
<BasicBoolTerm Intrnl_Id="1103">
<LocList>
<Loc EndOffset="4756" SrcFileId="9" StartOffset="4735"/>
</LocList>
</BasicBoolTerm>
</RootTerm>
</CondStmnt>
</StmntSeq>
</Branch>
<Branch CovItemId="B48" CovItemPrefix="group2.game.RiverBank.java" Implct="true" Intrnl_Id="1104">
<Cond/>
<LocList/>
<StmntSeq Intrnl_Id="1105">
<LocList/>
</StmntSeq>
</Branch>
<Keyword EndOffset="4561" SrcFileId="9" StartOffset="4559"/>
<LocList>
<Loc EndOffset="5059" SrcFileId="9" StartOffset="4559"/>
</LocList>
<RootTerm CovItemId="C28" CovItemPrefix="group2.game.RiverBank.java" Intrnl_Id="1106">
<BasicBoolTerm Intrnl_Id="1107">
<LocList>
<Loc EndOffset="4583" SrcFileId="9" StartOffset="4562"/>
</LocList>
</BasicBoolTerm>
</RootTerm>
</CondStmnt>
</StmntSeq>
<Keyword EndOffset="4513" SrcFileId="9" StartOffset="4510"/>
<LocList>
<Loc EndOffset="5065" SrcFileId="9" StartOffset="4510"/>
</LocList>
<RootTerm CovItemId="C27" CovItemPrefix="group2.game.RiverBank.java" Intrnl_Id="1108">
<BasicBoolTerm Intrnl_Id="1109">
<LocList>
<Loc EndOffset="4546" SrcFileId="9" StartOffset="4525"/>
</LocList>
</BasicBoolTerm>
</RootTerm>
</LoopStmnt>
</StmntSeq>
<Keyword EndOffset="4467" SrcFileId="9" StartOffset="4464"/>
<LocList>
<Loc EndOffset="5070" SrcFileId="9" StartOffset="4464"/>
</LocList>
<RootTerm CovItemId="C26" CovItemPrefix="group2.game.RiverBank.java" Intrnl_Id="1110">
<BasicBoolTerm Intrnl_Id="1111">
<LocList>
<Loc EndOffset="4497" SrcFileId="9" StartOffset="4479"/>
</LocList>
</BasicBoolTerm>
</RootTerm>
</LoopStmnt>
</StmntSeq>
</HierarchyLvl>
</HierarchyLvl>
<HierarchyLvl HierarchyLvlId="58" HierarchyLvlTypeId="35" Intrnl_Id="1112" Name="River">
<Header>
<Loc EndOffset="67" SrcFileId="10" StartOffset="49"/>
</Header>
<LocList>
<Loc EndOffset="253" SrcFileId="10" StartOffset="49"/>
</LocList>
<HierarchyLvl HierarchyLvlId="57" HierarchyLvlTypeId="36" Intrnl_Id="1113" Name="River">
<Header>
<Loc EndOffset="150" SrcFileId="10" StartOffset="136"/>
</Header>
<LocList>
<Loc EndOffset="251" SrcFileId="10" StartOffset="136"/>
</LocList>
<StmntSeq Intrnl_Id="1114">
<LocList>
<Loc EndOffset="193" SrcFileId="10" StartOffset="155"/>
<Loc EndOffset="217" SrcFileId="10" StartOffset="196"/>
<Loc EndOffset="248" SrcFileId="10" StartOffset="220"/>
</LocList>
<BasicStmnt CovItemId="S1" CovItemPrefix="group2.game.River.java" Intrnl_Id="1115">
<LocList>
<Loc EndOffset="193" SrcFileId="10" StartOffset="155"/>
</LocList>
</BasicStmnt>
<BasicStmnt CovItemId="S2" CovItemPrefix="group2.game.River.java" Intrnl_Id="1116">
<LocList>
<Loc EndOffset="217" SrcFileId="10" StartOffset="196"/>
</LocList>
</BasicStmnt>
<BasicStmnt CovItemId="S3" CovItemPrefix="group2.game.River.java" Intrnl_Id="1117">
<LocList>
<Loc EndOffset="248" SrcFileId="10" StartOffset="220"/>
</LocList>
</BasicStmnt>
</StmntSeq>
</HierarchyLvl>
</HierarchyLvl>
<HierarchyLvl HierarchyLvlId="71" HierarchyLvlTypeId="35" Intrnl_Id="1118" Name="RapidRunoffGame">
<Header>
<Loc EndOffset="250" SrcFileId="11" StartOffset="202"/>
</Header>
<LocList>
<Loc EndOffset="6070" SrcFileId="11" StartOffset="202"/>
</LocList>
<StmntSeq Intrnl_Id="1119">
<LocList>
<Loc EndOffset="432" SrcFileId="11" StartOffset="400"/>
<Loc EndOffset="490" SrcFileId="11" StartOffset="463"/>
<Loc EndOffset="536" SrcFileId="11" StartOffset="508"/>
<Loc EndOffset="642" SrcFileId="11" StartOffset="605"/>
<Loc EndOffset="692" SrcFileId="11" StartOffset="664"/>
<Loc EndOffset="913" SrcFileId="11" StartOffset="887"/>
<Loc EndOffset="946" SrcFileId="11" StartOffset="916"/>
<Loc EndOffset="976" SrcFileId="11" StartOffset="948"/>
<Loc EndOffset="1013" SrcFileId="11" StartOffset="978"/>
<Loc EndOffset="1047" SrcFileId="11" StartOffset="1015"/>
<Loc EndOffset="1081" SrcFileId="11" StartOffset="1049"/>
<Loc EndOffset="1113" SrcFileId="11" StartOffset="1083"/>
<Loc EndOffset="1155" SrcFileId="11" StartOffset="1115"/>
</LocList>
<BasicStmnt CovItemId="S3" CovItemPrefix="group2.game.RapidRunoffGame.java" Intrnl_Id="1120">
<LocList>
<Loc EndOffset="432" SrcFileId="11" StartOffset="400"/>
</LocList>
</BasicStmnt>
<BasicStmnt CovItemId="S4" CovItemPrefix="group2.game.RapidRunoffGame.java" Intrnl_Id="1121">
<LocList>
<Loc EndOffset="490" SrcFileId="11" StartOffset="463"/>
</LocList>
</BasicStmnt>
<BasicStmnt CovItemId="S5" CovItemPrefix="group2.game.RapidRunoffGame.java" Intrnl_Id="1122">
<LocList>
<Loc EndOffset="536" SrcFileId="11" StartOffset="508"/>
</LocList>
</BasicStmnt>
<BasicStmnt CovItemId="S6" CovItemPrefix="group2.game.RapidRunoffGame.java" Intrnl_Id="1123">
<LocList>
<Loc EndOffset="642" SrcFileId="11" StartOffset="605"/>
</LocList>
</BasicStmnt>
<BasicStmnt CovItemId="S7" CovItemPrefix="group2.game.RapidRunoffGame.java" Intrnl_Id="1124">
<LocList>
<Loc EndOffset="692" SrcFileId="11" StartOffset="664"/>
</LocList>
</BasicStmnt>
<BasicStmnt CovItemId="S8" CovItemPrefix="group2.game.RapidRunoffGame.java" Intrnl_Id="1125">
<LocList>
<Loc EndOffset="913" SrcFileId="11" StartOffset="887"/>
</LocList>
</BasicStmnt>
<BasicStmnt CovItemId="S9" CovItemPrefix="group2.game.RapidRunoffGame.java" Intrnl_Id="1126">
<LocList>
<Loc EndOffset="946" SrcFileId="11" StartOffset="916"/>
</LocList>
</BasicStmnt>
<BasicStmnt CovItemId="S10" CovItemPrefix="group2.game.RapidRunoffGame.java" Intrnl_Id="1127">
<LocList>
<Loc EndOffset="976" SrcFileId="11" StartOffset="948"/>
</LocList>
</BasicStmnt>
<BasicStmnt CovItemId="S11" CovItemPrefix="group2.game.RapidRunoffGame.java" Intrnl_Id="1128">
<LocList>
<Loc EndOffset="1013" SrcFileId="11" StartOffset="978"/>
</LocList>
</BasicStmnt>
<BasicStmnt CovItemId="S12" CovItemPrefix="group2.game.RapidRunoffGame.java" Intrnl_Id="1129">
<LocList>
<Loc EndOffset="1047" SrcFileId="11" StartOffset="1015"/>
</LocList>
</BasicStmnt>
<BasicStmnt CovItemId="S13" CovItemPrefix="group2.game.RapidRunoffGame.java" Intrnl_Id="1130">
<LocList>
<Loc EndOffset="1081" SrcFileId="11" StartOffset="1049"/>
</LocList>
</BasicStmnt>
<BasicStmnt CovItemId="S14" CovItemPrefix="group2.game.RapidRunoffGame.java" Intrnl_Id="1131">
<LocList>
<Loc EndOffset="1113" SrcFileId="11" StartOffset="1083"/>
</LocList>
</BasicStmnt>
<BasicStmnt CovItemId="S15" CovItemPrefix="group2.game.RapidRunoffGame.java" Intrnl_Id="1132">
<LocList>
<Loc EndOffset="1155" SrcFileId="11" StartOffset="1115"/>
</LocList>
</BasicStmnt>
</StmntSeq>
<HierarchyLvl HierarchyLvlId="59" HierarchyLvlTypeId="36" Intrnl_Id="1133" Name="main">
<Header>
<Loc EndOffset="293" SrcFileId="11" StartOffset="255"/>
</Header>
<LocList>
<Loc EndOffset="364" SrcFileId="11" StartOffset="255"/>
</LocList>
<StmntSeq Intrnl_Id="1134">
<LocList>
<Loc EndOffset="344" SrcFileId="11" StartOffset="299"/>
<Loc EndOffset="360" SrcFileId="11" StartOffset="347"/>
</LocList>
<BasicStmnt CovItemId="S1" CovItemPrefix="group2.game.RapidRunoffGame.java" Intrnl_Id="1135">
<LocList>
<Loc EndOffset="344" SrcFileId="11" StartOffset="299"/>
</LocList>
</BasicStmnt>
<BasicStmnt CovItemId="S2" CovItemPrefix="group2.game.RapidRunoffGame.java" Intrnl_Id="1136">
<LocList>
<Loc EndOffset="360" SrcFileId="11" StartOffset="347"/>
</LocList>
</BasicStmnt>
</StmntSeq>
</HierarchyLvl>
<HierarchyLvl HierarchyLvlId="60" HierarchyLvlTypeId="36" Intrnl_Id="1137" Name="RapidRunoffGame">
<Header>
<Loc EndOffset="1607" SrcFileId="11" StartOffset="1549"/>
</Header>
<LocList>
<Loc EndOffset="2674" SrcFileId="11" StartOffset="1549"/>
</LocList>
<StmntSeq Intrnl_Id="1138">
<LocList>
<Loc EndOffset="1657" SrcFileId="11" StartOffset="1613"/>
<Loc EndOffset="1705" SrcFileId="11" StartOffset="1663"/>
<Loc EndOffset="1739" SrcFileId="11" StartOffset="1708"/>
<Loc EndOffset="1783" SrcFileId="11" StartOffset="1742"/>
<Loc EndOffset="1819" SrcFileId="11" StartOffset="1786"/>
<Loc EndOffset="1867" SrcFileId="11" StartOffset="1822"/>
<Loc EndOffset="1923" SrcFileId="11" StartOffset="1870"/>
<Loc EndOffset="1950" SrcFileId="11" StartOffset="1927"/>
<Loc EndOffset="1979" SrcFileId="11" StartOffset="1953"/>
<Loc EndOffset="2027" SrcFileId="11" StartOffset="1982"/>
<Loc EndOffset="2061" SrcFileId="11" StartOffset="2030"/>
<Loc EndOffset="2097" SrcFileId="11" StartOffset="2064"/>
<Loc EndOffset="2137" SrcFileId="11" StartOffset="2101"/>
<Loc EndOffset="2184" SrcFileId="11" StartOffset="2140"/>
<Loc EndOffset="2209" SrcFileId="11" StartOffset="2187"/>
<Loc EndOffset="2258" SrcFileId="11" StartOffset="2213"/>
<Loc EndOffset="2299" SrcFileId="11" StartOffset="2261"/>
<Loc EndOffset="2333" SrcFileId="11" StartOffset="2302"/>
<Loc EndOffset="2377" SrcFileId="11" StartOffset="2336"/>
<Loc EndOffset="2416" SrcFileId="11" StartOffset="2380"/>
<Loc EndOffset="2452" SrcFileId="11" StartOffset="2419"/>
<Loc EndOffset="2500" SrcFileId="11" StartOffset="2455"/>
<Loc EndOffset="2556" SrcFileId="11" StartOffset="2503"/>
<Loc EndOffset="2614" SrcFileId="11" StartOffset="2559"/>
<Loc EndOffset="2641" SrcFileId="11" StartOffset="2618"/>
<Loc EndOffset="2670" SrcFileId="11" StartOffset="2644"/>
</LocList>
<BasicStmnt CovItemId="S16" CovItemPrefix="group2.game.RapidRunoffGame.java" Intrnl_Id="1139">
<LocList>
<Loc EndOffset="1657" SrcFileId="11" StartOffset="1613"/>
</LocList>
</BasicStmnt>
<BasicStmnt CovItemId="S17" CovItemPrefix="group2.game.RapidRunoffGame.java" Intrnl_Id="1140">
<LocList>
<Loc EndOffset="1705" SrcFileId="11" StartOffset="1663"/>
</LocList>
</BasicStmnt>
<BasicStmnt CovItemId="S18" CovItemPrefix="group2.game.RapidRunoffGame.java" Intrnl_Id="1141">
<LocList>
<Loc EndOffset="1739" SrcFileId="11" StartOffset="1708"/>
</LocList>
</BasicStmnt>
<BasicStmnt CovItemId="S19" CovItemPrefix="group2.game.RapidRunoffGame.java" Intrnl_Id="1142">
<LocList>
<Loc EndOffset="1783" SrcFileId="11" StartOffset="1742"/>
</LocList>
</BasicStmnt>
<BasicStmnt CovItemId="S20" CovItemPrefix="group2.game.RapidRunoffGame.java" Intrnl_Id="1143">
<LocList>
<Loc EndOffset="1819" SrcFileId="11" StartOffset="1786"/>
</LocList>
</BasicStmnt>
<BasicStmnt CovItemId="S21" CovItemPrefix="group2.game.RapidRunoffGame.java" Intrnl_Id="1144">
<LocList>
<Loc EndOffset="1867" SrcFileId="11" StartOffset="1822"/>
</LocList>
</BasicStmnt>
<BasicStmnt CovItemId="S22" CovItemPrefix="group2.game.RapidRunoffGame.java" Intrnl_Id="1145">
<LocList>
<Loc EndOffset="1923" SrcFileId="11" StartOffset="1870"/>
</LocList>
</BasicStmnt>
<BasicStmnt CovItemId="S23" CovItemPrefix="group2.game.RapidRunoffGame.java" Intrnl_Id="1146">
<LocList>
<Loc EndOffset="1950" SrcFileId="11" StartOffset="1927"/>
</LocList>
</BasicStmnt>
<BasicStmnt CovItemId="S24" CovItemPrefix="group2.game.RapidRunoffGame.java" Intrnl_Id="1147">
<LocList>
<Loc EndOffset="1979" SrcFileId="11" StartOffset="1953"/>
</LocList>
</BasicStmnt>
<BasicStmnt CovItemId="S25" CovItemPrefix="group2.game.RapidRunoffGame.java" Intrnl_Id="1148">
<LocList>
<Loc EndOffset="2027" SrcFileId="11" StartOffset="1982"/>
</LocList>
</BasicStmnt>
<BasicStmnt CovItemId="S26" CovItemPrefix="group2.game.RapidRunoffGame.java" Intrnl_Id="1149">
<LocList>
<Loc EndOffset="2061" SrcFileId="11" StartOffset="2030"/>
</LocList>
</BasicStmnt>
<BasicStmnt CovItemId="S27" CovItemPrefix="group2.game.RapidRunoffGame.java" Intrnl_Id="1150">
<LocList>
<Loc EndOffset="2097" SrcFileId="11" StartOffset="2064"/>
</LocList>
</BasicStmnt>
<BasicStmnt CovItemId="S28" CovItemPrefix="group2.game.RapidRunoffGame.java" Intrnl_Id="1151">
<LocList>
<Loc EndOffset="2137" SrcFileId="11" StartOffset="2101"/>
</LocList>
</BasicStmnt>
<BasicStmnt CovItemId="S29" CovItemPrefix="group2.game.RapidRunoffGame.java" Intrnl_Id="1152">
<LocList>
<Loc EndOffset="2184" SrcFileId="11" StartOffset="2140"/>
</LocList>
</BasicStmnt>
<BasicStmnt CovItemId="S30" CovItemPrefix="group2.game.RapidRunoffGame.java" Intrnl_Id="1153">
<LocList>
<Loc EndOffset="2209" SrcFileId="11" StartOffset="2187"/>
</LocList>
</BasicStmnt>
<BasicStmnt CovItemId="S31" CovItemPrefix="group2.game.RapidRunoffGame.java" Intrnl_Id="1154">
<LocList>
<Loc EndOffset="2258" SrcFileId="11" StartOffset="2213"/>
</LocList>
</BasicStmnt>
<BasicStmnt CovItemId="S32" CovItemPrefix="group2.game.RapidRunoffGame.java" Intrnl_Id="1155">
<LocList>
<Loc EndOffset="2299" SrcFileId="11" StartOffset="2261"/>
</LocList>
</BasicStmnt>
<BasicStmnt CovItemId="S33" CovItemPrefix="group2.game.RapidRunoffGame.java" Intrnl_Id="1156">
<LocList>
<Loc EndOffset="2333" SrcFileId="11" StartOffset="2302"/>
</LocList>
</BasicStmnt>
<BasicStmnt CovItemId="S34" CovItemPrefix="group2.game.RapidRunoffGame.java" Intrnl_Id="1157">
<LocList>
<Loc EndOffset="2377" SrcFileId="11" StartOffset="2336"/>
</LocList>
</BasicStmnt>
<BasicStmnt CovItemId="S35" CovItemPrefix="group2.game.RapidRunoffGame.java" Intrnl_Id="1158">
<LocList>
<Loc EndOffset="2416" SrcFileId="11" StartOffset="2380"/>
</LocList>
</BasicStmnt>
<BasicStmnt CovItemId="S36" CovItemPrefix="group2.game.RapidRunoffGame.java" Intrnl_Id="1159">
<LocList>
<Loc EndOffset="2452" SrcFileId="11" StartOffset="2419"/>
</LocList>
</BasicStmnt>
<BasicStmnt CovItemId="S37" CovItemPrefix="group2.game.RapidRunoffGame.java" Intrnl_Id="1160">
<LocList>
<Loc EndOffset="2500" SrcFileId="11" StartOffset="2455"/>
</LocList>
</BasicStmnt>
<BasicStmnt CovItemId="S38" CovItemPrefix="group2.game.RapidRunoffGame.java" Intrnl_Id="1161">
<LocList>
<Loc EndOffset="2556" SrcFileId="11" StartOffset="2503"/>
</LocList>
</BasicStmnt>
<BasicStmnt CovItemId="S39" CovItemPrefix="group2.game.RapidRunoffGame.java" Intrnl_Id="1162">
<LocList>
<Loc EndOffset="2614" SrcFileId="11" StartOffset="2559"/>
</LocList>
</BasicStmnt>
<BasicStmnt CovItemId="S40" CovItemPrefix="group2.game.RapidRunoffGame.java" Intrnl_Id="1163">
<LocList>
<Loc EndOffset="2641" SrcFileId="11" StartOffset="2618"/>
</LocList>
</BasicStmnt>
<BasicStmnt CovItemId="S41" CovItemPrefix="group2.game.RapidRunoffGame.java" Intrnl_Id="1164">
<LocList>
<Loc EndOffset="2670" SrcFileId="11" StartOffset="2644"/>
</LocList>
</BasicStmnt>
</StmntSeq>
</HierarchyLvl>
<HierarchyLvl HierarchyLvlId="61" HierarchyLvlTypeId="36" Intrnl_Id="1165" Name="reset">
<Header>
<Loc EndOffset="2699" SrcFileId="11" StartOffset="2680"/>
</Header>
<LocList>
<Loc EndOffset="3516" SrcFileId="11" StartOffset="2680"/>
</LocList>
<StmntSeq Intrnl_Id="1166">
<LocList>
<Loc EndOffset="2716" SrcFileId="11" StartOffset="2703"/>
<Loc EndOffset="2737" SrcFileId="11" StartOffset="2722"/>
<Loc EndOffset="2763" SrcFileId="11" StartOffset="2740"/>
<Loc EndOffset="2786" SrcFileId="11" StartOffset="2769"/>
<Loc EndOffset="2808" SrcFileId="11" StartOffset="2789"/>
<Loc EndOffset="2838" SrcFileId="11" StartOffset="2814"/>
<Loc EndOffset="2905" SrcFileId="11" StartOffset="2880"/>
<Loc EndOffset="2984" SrcFileId="11" StartOffset="2953"/>
<Loc EndOffset="3060" SrcFileId="11" StartOffset="3035"/>
<Loc EndOffset="3087" SrcFileId="11" StartOffset="3063"/>
<Loc EndOffset="3116" SrcFileId="11" StartOffset="3091"/>
<Loc EndOffset="3146" SrcFileId="11" StartOffset="3119"/>
<Loc EndOffset="3194" SrcFileId="11" StartOffset="3149"/>
<Loc EndOffset="3210" SrcFileId="11" StartOffset="3197"/>
<Loc EndOffset="3241" SrcFileId="11" StartOffset="3213"/>
<Loc EndOffset="3271" SrcFileId="11" StartOffset="3244"/>
<Loc EndOffset="3310" SrcFileId="11" StartOffset="3274"/>
<Loc EndOffset="3348" SrcFileId="11" StartOffset="3313"/>
<Loc EndOffset="3382" SrcFileId="11" StartOffset="3351"/>
<Loc EndOffset="3413" SrcFileId="11" StartOffset="3385"/>
<Loc EndOffset="3437" SrcFileId="11" StartOffset="3419"/>
<Loc EndOffset="3513" SrcFileId="11" StartOffset="3440"/>
</LocList>
<BasicStmnt CovItemId="S42" CovItemPrefix="group2.game.RapidRunoffGame.java" Intrnl_Id="1167">
<LocList>
<Loc EndOffset="2716" SrcFileId="11" StartOffset="2703"/>
</LocList>
</BasicStmnt>
<BasicStmnt CovItemId="S43" CovItemPrefix="group2.game.RapidRunoffGame.java" Intrnl_Id="1168">
<LocList>
<Loc EndOffset="2737" SrcFileId="11" StartOffset="2722"/>
</LocList>
</BasicStmnt>
<BasicStmnt CovItemId="S44" CovItemPrefix="group2.game.RapidRunoffGame.java" Intrnl_Id="1169">
<LocList>
<Loc EndOffset="2763" SrcFileId="11" StartOffset="2740"/>
</LocList>
</BasicStmnt>
<BasicStmnt CovItemId="S45" CovItemPrefix="group2.game.RapidRunoffGame.java" Intrnl_Id="1170">
<LocList>
<Loc EndOffset="2786" SrcFileId="11" StartOffset="2769"/>
</LocList>
</BasicStmnt>
<BasicStmnt CovItemId="S46" CovItemPrefix="group2.game.RapidRunoffGame.java" Intrnl_Id="1171">
<LocList>
<Loc EndOffset="2808" SrcFileId="11" StartOffset="2789"/>
</LocList>
</BasicStmnt>
<BasicStmnt CovItemId="S47" CovItemPrefix="group2.game.RapidRunoffGame.java" Intrnl_Id="1172">
<LocList>
<Loc EndOffset="2838" SrcFileId="11" StartOffset="2814"/>
</LocList>
</BasicStmnt>
<BasicStmnt CovItemId="S48" CovItemPrefix="group2.game.RapidRunoffGame.java" Intrnl_Id="1173">
<LocList>
<Loc EndOffset="2905" SrcFileId="11" StartOffset="2880"/>
</LocList>
</BasicStmnt>
<BasicStmnt CovItemId="S49" CovItemPrefix="group2.game.RapidRunoffGame.java" Intrnl_Id="1174">
<LocList>
<Loc EndOffset="2984" SrcFileId="11" StartOffset="2953"/>
</LocList>
</BasicStmnt>
<BasicStmnt CovItemId="S50" CovItemPrefix="group2.game.RapidRunoffGame.java" Intrnl_Id="1175">
<LocList>
<Loc EndOffset="3060" SrcFileId="11" StartOffset="3035"/>
</LocList>
</BasicStmnt>
<BasicStmnt CovItemId="S51" CovItemPrefix="group2.game.RapidRunoffGame.java" Intrnl_Id="1176">
<LocList>
<Loc EndOffset="3087" SrcFileId="11" StartOffset="3063"/>
</LocList>
</BasicStmnt>
<BasicStmnt CovItemId="S52" CovItemPrefix="group2.game.RapidRunoffGame.java" Intrnl_Id="1177">
<LocList>
<Loc EndOffset="3116" SrcFileId="11" StartOffset="3091"/>
</LocList>
</BasicStmnt>
<BasicStmnt CovItemId="S53" CovItemPrefix="group2.game.RapidRunoffGame.java" Intrnl_Id="1178">
<LocList>
<Loc EndOffset="3146" SrcFileId="11" StartOffset="3119"/>
</LocList>
</BasicStmnt>
<BasicStmnt CovItemId="S54" CovItemPrefix="group2.game.RapidRunoffGame.java" Intrnl_Id="1179">
<LocList>
<Loc EndOffset="3194" SrcFileId="11" StartOffset="3149"/>
</LocList>
</BasicStmnt>
<BasicStmnt CovItemId="S55" CovItemPrefix="group2.game.RapidRunoffGame.java" Intrnl_Id="1180">
<LocList>
<Loc EndOffset="3210" SrcFileId="11" StartOffset="3197"/>
</LocList>
</BasicStmnt>
<BasicStmnt CovItemId="S56" CovItemPrefix="group2.game.RapidRunoffGame.java" Intrnl_Id="1181">
<LocList>
<Loc EndOffset="3241" SrcFileId="11" StartOffset="3213"/>
</LocList>
</BasicStmnt>
<BasicStmnt CovItemId="S57" CovItemPrefix="group2.game.RapidRunoffGame.java" Intrnl_Id="1182">
<LocList>
<Loc EndOffset="3271" SrcFileId="11" StartOffset="3244"/>
</LocList>
</BasicStmnt>
<BasicStmnt CovItemId="S58" CovItemPrefix="group2.game.RapidRunoffGame.java" Intrnl_Id="1183">
<LocList>
<Loc EndOffset="3310" SrcFileId="11" StartOffset="3274"/>
</LocList>
</BasicStmnt>
<BasicStmnt CovItemId="S59" CovItemPrefix="group2.game.RapidRunoffGame.java" Intrnl_Id="1184">
<LocList>
<Loc EndOffset="3348" SrcFileId="11" StartOffset="3313"/>
</LocList>
</BasicStmnt>
<BasicStmnt CovItemId="S60" CovItemPrefix="group2.game.RapidRunoffGame.java" Intrnl_Id="1185">
<LocList>
<Loc EndOffset="3382" SrcFileId="11" StartOffset="3351"/>
</LocList>
</BasicStmnt>
<BasicStmnt CovItemId="S61" CovItemPrefix="group2.game.RapidRunoffGame.java" Intrnl_Id="1186">
<LocList>
<Loc EndOffset="3413" SrcFileId="11" StartOffset="3385"/>
</LocList>
</BasicStmnt>
<BasicStmnt CovItemId="S62" CovItemPrefix="group2.game.RapidRunoffGame.java" Intrnl_Id="1187">
<LocList>
<Loc EndOffset="3437" SrcFileId="11" StartOffset="3419"/>
</LocList>
</BasicStmnt>
<CondStmnt CovItemId="S63" CovItemPrefix="group2.game.RapidRunoffGame.java" Intrnl_Id="1188">
<Branch CovItemId="B1" CovItemPrefix="group2.game.RapidRunoffGame.java" Implct="false" Intrnl_Id="1189">
<Cond/>
<LocList>
<Loc EndOffset="3513" SrcFileId="11" StartOffset="3454"/>
</LocList>
<StmntSeq Intrnl_Id="1190">
<LocList>
<Loc EndOffset="3489" SrcFileId="11" StartOffset="3460"/>
<Loc EndOffset="3509" SrcFileId="11" StartOffset="3493"/>
</LocList>
<BasicStmnt CovItemId="S64" CovItemPrefix="group2.game.RapidRunoffGame.java" Intrnl_Id="1191">
<LocList>
<Loc EndOffset="3489" SrcFileId="11" StartOffset="3460"/>
</LocList>
</BasicStmnt>
<BasicStmnt CovItemId="S65" CovItemPrefix="group2.game.RapidRunoffGame.java" Intrnl_Id="1192">
<LocList>
<Loc EndOffset="3509" SrcFileId="11" StartOffset="3493"/>
</LocList>
</BasicStmnt>
</StmntSeq>
</Branch>
<Branch CovItemId="B2" CovItemPrefix="group2.game.RapidRunoffGame.java" Implct="true" Intrnl_Id="1193">
<Cond/>
<LocList/>
<StmntSeq Intrnl_Id="1194">
<LocList/>
</StmntSeq>
</Branch>
<Keyword EndOffset="3442" SrcFileId="11" StartOffset="3440"/>
<LocList>
<Loc EndOffset="3513" SrcFileId="11" StartOffset="3440"/>
</LocList>
<RootTerm CovItemId="C1" CovItemPrefix="group2.game.RapidRunoffGame.java" Intrnl_Id="1195">
<BasicBoolTerm Intrnl_Id="1196">
<LocList>
<Loc EndOffset="3453" SrcFileId="11" StartOffset="3443"/>
</LocList>
</BasicBoolTerm>
</RootTerm>
</CondStmnt>
</StmntSeq>
</HierarchyLvl>
<HierarchyLvl HierarchyLvlId="62" HierarchyLvlTypeId="36" Intrnl_Id="1197" Name="addQuizzes">
<Header>
<Loc EndOffset="3544" SrcFileId="11" StartOffset="3519"/>
</Header>
<LocList>
<Loc EndOffset="3738" SrcFileId="11" StartOffset="3519"/>
</LocList>
<StmntSeq Intrnl_Id="1198">
<LocList>
<Loc EndOffset="3586" SrcFileId="11" StartOffset="3552"/>
<Loc EndOffset="3623" SrcFileId="11" StartOffset="3589"/>
<Loc EndOffset="3660" SrcFileId="11" StartOffset="3626"/>
<Loc EndOffset="3697" SrcFileId="11" StartOffset="3663"/>
<Loc EndOffset="3734" SrcFileId="11" StartOffset="3700"/>
</LocList>
<BasicStmnt CovItemId="S66" CovItemPrefix="group2.game.RapidRunoffGame.java" Intrnl_Id="1199">
<LocList>
<Loc EndOffset="3586" SrcFileId="11" StartOffset="3552"/>
</LocList>
</BasicStmnt>
<BasicStmnt CovItemId="S67" CovItemPrefix="group2.game.RapidRunoffGame.java" Intrnl_Id="1200">
<LocList>
<Loc EndOffset="3623" SrcFileId="11" StartOffset="3589"/>
</LocList>
</BasicStmnt>
<BasicStmnt CovItemId="S68" CovItemPrefix="group2.game.RapidRunoffGame.java" Intrnl_Id="1201">
<LocList>
<Loc EndOffset="3660" SrcFileId="11" StartOffset="3626"/>
</LocList>
</BasicStmnt>
<BasicStmnt CovItemId="S69" CovItemPrefix="group2.game.RapidRunoffGame.java" Intrnl_Id="1202">
<LocList>
<Loc EndOffset="3697" SrcFileId="11" StartOffset="3663"/>
</LocList>
</BasicStmnt>
<BasicStmnt CovItemId="S70" CovItemPrefix="group2.game.RapidRunoffGame.java" Intrnl_Id="1203">
<LocList>
<Loc EndOffset="3734" SrcFileId="11" StartOffset="3700"/>
</LocList>
</BasicStmnt>
</StmntSeq>
</HierarchyLvl>
<HierarchyLvl HierarchyLvlId="63" HierarchyLvlTypeId="36" Intrnl_Id="1204" Name="highScoreGUI">
<Header>
<Loc EndOffset="3767" SrcFileId="11" StartOffset="3741"/>
</Header>
<LocList>
<Loc EndOffset="3877" SrcFileId="11" StartOffset="3741"/>
</LocList>
<StmntSeq Intrnl_Id="1205">
<LocList>
<Loc EndOffset="3874" SrcFileId="11" StartOffset="3772"/>
</LocList>
<CondStmnt CovItemId="S71" CovItemPrefix="group2.game.RapidRunoffGame.java" Intrnl_Id="1206">
<Branch CovItemId="B3" CovItemPrefix="group2.game.RapidRunoffGame.java" Implct="false" Intrnl_Id="1207">
<Cond/>
<LocList>
<Loc EndOffset="3874" SrcFileId="11" StartOffset="3787"/>
</LocList>
<StmntSeq Intrnl_Id="1208">
<LocList>
<Loc EndOffset="3808" SrcFileId="11" StartOffset="3792"/>
<Loc EndOffset="3842" SrcFileId="11" StartOffset="3812"/>
<Loc EndOffset="3869" SrcFileId="11" StartOffset="3846"/>
</LocList>
<BasicStmnt CovItemId="S72" CovItemPrefix="group2.game.RapidRunoffGame.java" Intrnl_Id="1209">
<LocList>
<Loc EndOffset="3808" SrcFileId="11" StartOffset="3792"/>
</LocList>
</BasicStmnt>
<BasicStmnt CovItemId="S73" CovItemPrefix="group2.game.RapidRunoffGame.java" Intrnl_Id="1210">
<LocList>
<Loc EndOffset="3842" SrcFileId="11" StartOffset="3812"/>
</LocList>
</BasicStmnt>
<BasicStmnt CovItemId="S74" CovItemPrefix="group2.game.RapidRunoffGame.java" Intrnl_Id="1211">
<LocList>
<Loc EndOffset="3869" SrcFileId="11" StartOffset="3846"/>
</LocList>
</BasicStmnt>
</StmntSeq>
</Branch>
<Branch CovItemId="B4" CovItemPrefix="group2.game.RapidRunoffGame.java" Implct="true" Intrnl_Id="1212">
<Cond/>
<LocList/>
<StmntSeq Intrnl_Id="1213">
<LocList/>
</StmntSeq>
</Branch>
<Keyword EndOffset="3774" SrcFileId="11" StartOffset="3772"/>
<LocList>
<Loc EndOffset="3874" SrcFileId="11" StartOffset="3772"/>
</LocList>
<RootTerm CovItemId="C2" CovItemPrefix="group2.game.RapidRunoffGame.java" Intrnl_Id="1214">
<OpTerm BooleanOpId="31" Intrnl_Id="1215">
<BasicBoolTerm Intrnl_Id="1216">
<LocList>
<Loc EndOffset="3785" SrcFileId="11" StartOffset="3777"/>
</LocList>
</BasicBoolTerm>
<LocList>
<Loc EndOffset="3777" SrcFileId="11" StartOffset="3776"/>
</LocList>
</OpTerm>
</RootTerm>
</CondStmnt>
</StmntSeq>
</HierarchyLvl>
<HierarchyLvl HierarchyLvlId="64" HierarchyLvlTypeId="36" Intrnl_Id="1217" Name="pause_or_unpause">
<Header>
<Loc EndOffset="3993" SrcFileId="11" StartOffset="3963"/>
</Header>
<LocList>
<Loc EndOffset="4016" SrcFileId="11" StartOffset="3963"/>
</LocList>
<StmntSeq Intrnl_Id="1218">
<LocList>
<Loc EndOffset="4013" SrcFileId="11" StartOffset="3998"/>
</LocList>
<BasicStmnt CovItemId="S75" CovItemPrefix="group2.game.RapidRunoffGame.java" Intrnl_Id="1219">
<LocList>
<Loc EndOffset="4013" SrcFileId="11" StartOffset="3998"/>
</LocList>
</BasicStmnt>
</StmntSeq>
</HierarchyLvl>
<HierarchyLvl HierarchyLvlId="65" HierarchyLvlTypeId="36" Intrnl_Id="1220" Name="pauseGame">
<Header>
<Loc EndOffset="4080" SrcFileId="11" StartOffset="4056"/>
</Header>
<LocList>
<Loc EndOffset="4350" SrcFileId="11" StartOffset="4056"/>
</LocList>
<StmntSeq Intrnl_Id="1221">
<LocList>
<Loc EndOffset="4099" SrcFileId="11" StartOffset="4085"/>
<Loc EndOffset="4133" SrcFileId="11" StartOffset="4102"/>
<Loc EndOffset="4282" SrcFileId="11" StartOffset="4136"/>
<Loc EndOffset="4329" SrcFileId="11" StartOffset="4285"/>
<Loc EndOffset="4347" SrcFileId="11" StartOffset="4332"/>
</LocList>
<BasicStmnt CovItemId="S76" CovItemPrefix="group2.game.RapidRunoffGame.java" Intrnl_Id="1222">
<LocList>
<Loc EndOffset="4099" SrcFileId="11" StartOffset="4085"/>
</LocList>
</BasicStmnt>
<BasicStmnt CovItemId="S77" CovItemPrefix="group2.game.RapidRunoffGame.java" Intrnl_Id="1223">
<LocList>
<Loc EndOffset="4133" SrcFileId="11" StartOffset="4102"/>
</LocList>
</BasicStmnt>
<LoopStmnt CovItemId="S78" CovItemPrefix="group2.game.RapidRunoffGame.java" Intrnl_Id="1224" MltplExecId="L1-2" MltplExecPrefix="group2.game.RapidRunoffGame.java" NvrExecId="L1-0" NvrExecPrefix="group2.game.RapidRunoffGame.java" OnceExecutedId="L1-1" OnceExecutedPrefix="group2.game.RapidRunoffGame.java" OptBodyExec="true">
<StmntSeq Intrnl_Id="1225">
<LocList>
<Loc EndOffset="4167" SrcFileId="11" StartOffset="4155"/>
<Loc EndOffset="4180" SrcFileId="11" StartOffset="4171"/>
<Loc EndOffset="4210" SrcFileId="11" StartOffset="4194"/>
<Loc EndOffset="4278" SrcFileId="11" StartOffset="4184"/>
</LocList>
<BasicStmnt CovItemId="S79" CovItemPrefix="group2.game.RapidRunoffGame.java" Intrnl_Id="1226">
<LocList>
<Loc EndOffset="4167" SrcFileId="11" StartOffset="4155"/>
</LocList>
</BasicStmnt>
<BasicStmnt CovItemId="S80" CovItemPrefix="group2.game.RapidRunoffGame.java" Intrnl_Id="1227">
<LocList>
<Loc EndOffset="4180" SrcFileId="11" StartOffset="4171"/>
</LocList>
</BasicStmnt>
<BasicStmnt CovItemId="S82" CovItemPrefix="group2.game.RapidRunoffGame.java" Intrnl_Id="1228">
<LocList>
<Loc EndOffset="4210" SrcFileId="11" StartOffset="4194"/>
</LocList>
</BasicStmnt>
<CondStmnt CovItemId="S81" CovItemPrefix="group2.game.RapidRunoffGame.java" Intrnl_Id="1229">
<Branch CovItemId="B5" CovItemPrefix="group2.game.RapidRunoffGame.java" Implct="true" Intrnl_Id="1230">
<Cond/>
<LocList/>
<StmntSeq Intrnl_Id="1231">
<LocList/>
</StmntSeq>
</Branch>
<Branch CovItemId="B6" CovItemPrefix="group2.game.RapidRunoffGame.java" Implct="false" Intrnl_Id="1232">
<Cond>
<Loc EndOffset="4246" SrcFileId="11" StartOffset="4216"/>
</Cond>
<LocList>
<Loc EndOffset="4278" SrcFileId="11" StartOffset="4247"/>
</LocList>
<StmntSeq Intrnl_Id="1233">
<LocList>
<Loc EndOffset="4273" SrcFileId="11" StartOffset="4253"/>
</LocList>
<BasicStmnt CovItemId="S83" CovItemPrefix="group2.game.RapidRunoffGame.java" Intrnl_Id="1234">
<LocList>
<Loc EndOffset="4273" SrcFileId="11" StartOffset="4253"/>
</LocList>
</BasicStmnt>
</StmntSeq>
</Branch>
<Keyword EndOffset="4187" SrcFileId="11" StartOffset="4184"/>
<LocList>
<Loc EndOffset="4278" SrcFileId="11" StartOffset="4184"/>
</LocList>
</CondStmnt>
</StmntSeq>
<Keyword EndOffset="4141" SrcFileId="11" StartOffset="4136"/>
<LocList>
<Loc EndOffset="4282" SrcFileId="11" StartOffset="4136"/>
</LocList>
<RootTerm CovItemId="C3" CovItemPrefix="group2.game.RapidRunoffGame.java" Intrnl_Id="1235">
<BasicBoolTerm Intrnl_Id="1236">
<LocList>
<Loc EndOffset="4148" SrcFileId="11" StartOffset="4143"/>
</LocList>
</BasicBoolTerm>
</RootTerm>
</LoopStmnt>
<BasicStmnt CovItemId="S84" CovItemPrefix="group2.game.RapidRunoffGame.java" Intrnl_Id="1237">
<LocList>
<Loc EndOffset="4329" SrcFileId="11" StartOffset="4285"/>
</LocList>
</BasicStmnt>
<BasicStmnt CovItemId="S85" CovItemPrefix="group2.game.RapidRunoffGame.java" Intrnl_Id="1238">
<LocList>
<Loc EndOffset="4347" SrcFileId="11" StartOffset="4332"/>
</LocList>
</BasicStmnt>
</StmntSeq>
</HierarchyLvl>
<HierarchyLvl HierarchyLvlId="66" HierarchyLvlTypeId="36" Intrnl_Id="1239" Name="reDraw">
<Header>
<Loc EndOffset="4470" SrcFileId="11" StartOffset="4450"/>
</Header>
<LocList>
<Loc EndOffset="4718" SrcFileId="11" StartOffset="4450"/>
</LocList>
<StmntSeq Intrnl_Id="1240">
<LocList>
<Loc EndOffset="4518" SrcFileId="11" StartOffset="4475"/>
<Loc EndOffset="4715" SrcFileId="11" StartOffset="4522"/>
</LocList>
<BasicStmnt CovItemId="S86" CovItemPrefix="group2.game.RapidRunoffGame.java" Intrnl_Id="1241">
<LocList>
<Loc EndOffset="4518" SrcFileId="11" StartOffset="4475"/>
</LocList>
</BasicStmnt>
<CondStmnt CovItemId="S87" CovItemPrefix="group2.game.RapidRunoffGame.java" Intrnl_Id="1242">
<Branch CovItemId="B7" CovItemPrefix="group2.game.RapidRunoffGame.java" Implct="false" Intrnl_Id="1243">
<Cond/>
<LocList>
<Loc EndOffset="4667" SrcFileId="11" StartOffset="4541"/>
</LocList>
<StmntSeq Intrnl_Id="1244">
<LocList>
<Loc EndOffset="4621" SrcFileId="11" StartOffset="4582"/>
<Loc EndOffset="4645" SrcFileId="11" StartOffset="4625"/>
<Loc EndOffset="4662" SrcFileId="11" StartOffset="4649"/>
</LocList>
<BasicStmnt CovItemId="S88" CovItemPrefix="group2.game.RapidRunoffGame.java" Intrnl_Id="1245">
<LocList>
<Loc EndOffset="4621" SrcFileId="11" StartOffset="4582"/>
</LocList>
</BasicStmnt>
<BasicStmnt CovItemId="S89" CovItemPrefix="group2.game.RapidRunoffGame.java" Intrnl_Id="1246">
<LocList>
<Loc EndOffset="4645" SrcFileId="11" StartOffset="4625"/>
</LocList>
</BasicStmnt>
<BasicStmnt CovItemId="S90" CovItemPrefix="group2.game.RapidRunoffGame.java" Intrnl_Id="1247">
<LocList>
<Loc EndOffset="4662" SrcFileId="11" StartOffset="4649"/>
</LocList>
</BasicStmnt>
</StmntSeq>
</Branch>
<Branch CovItemId="B8" CovItemPrefix="group2.game.RapidRunoffGame.java" Implct="false" Intrnl_Id="1248">
<Cond>
<Loc EndOffset="4672" SrcFileId="11" StartOffset="4668"/>
</Cond>
<LocList>
<Loc EndOffset="4715" SrcFileId="11" StartOffset="4673"/>
</LocList>
<StmntSeq Intrnl_Id="1249">
<LocList>
<Loc EndOffset="4710" SrcFileId="11" StartOffset="4678"/>
</LocList>
<BasicStmnt CovItemId="S91" CovItemPrefix="group2.game.RapidRunoffGame.java" Intrnl_Id="1250">
<LocList>
<Loc EndOffset="4710" SrcFileId="11" StartOffset="4678"/>
</LocList>
</BasicStmnt>
</StmntSeq>
</Branch>
<Keyword EndOffset="4524" SrcFileId="11" StartOffset="4522"/>
<LocList>
<Loc EndOffset="4715" SrcFileId="11" StartOffset="4522"/>
</LocList>
<RootTerm CovItemId="C4" CovItemPrefix="group2.game.RapidRunoffGame.java" Intrnl_Id="1251">
<BasicBoolTerm Intrnl_Id="1252">
<LocList>
<Loc EndOffset="4539" SrcFileId="11" StartOffset="4526"/>
</LocList>
</BasicBoolTerm>
</RootTerm>
</CondStmnt>
</StmntSeq>
</HierarchyLvl>
<HierarchyLvl HierarchyLvlId="67" HierarchyLvlTypeId="36" Intrnl_Id="1253" Name="run">
<Header>
<Loc EndOffset="4805" SrcFileId="11" StartOffset="4777"/>
</Header>
<LocList>
<Loc EndOffset="5694" SrcFileId="11" StartOffset="4777"/>
</LocList>
<StmntSeq Intrnl_Id="1254">
<LocList>
<Loc EndOffset="4818" SrcFileId="11" StartOffset="4810"/>
<Loc EndOffset="4857" SrcFileId="11" StartOffset="4822"/>
<Loc EndOffset="4883" SrcFileId="11" StartOffset="4860"/>
<Loc EndOffset="4927" SrcFileId="11" StartOffset="4886"/>
<Loc EndOffset="4975" SrcFileId="11" StartOffset="4930"/>
<Loc EndOffset="5691" SrcFileId="11" StartOffset="4979"/>
</LocList>
<BasicStmnt CovItemId="S92" CovItemPrefix="group2.game.RapidRunoffGame.java" Intrnl_Id="1255">
<LocList>
<Loc EndOffset="4818" SrcFileId="11" StartOffset="4810"/>
</LocList>
</BasicStmnt>
<BasicStmnt CovItemId="S93" CovItemPrefix="group2.game.RapidRunoffGame.java" Intrnl_Id="1256">
<LocList>
<Loc EndOffset="4857" SrcFileId="11" StartOffset="4822"/>
</LocList>
</BasicStmnt>
<BasicStmnt CovItemId="S94" CovItemPrefix="group2.game.RapidRunoffGame.java" Intrnl_Id="1257">
<LocList>
<Loc EndOffset="4883" SrcFileId="11" StartOffset="4860"/>
</LocList>
</BasicStmnt>
<BasicStmnt CovItemId="S95" CovItemPrefix="group2.game.RapidRunoffGame.java" Intrnl_Id="1258">
<LocList>
<Loc EndOffset="4927" SrcFileId="11" StartOffset="4886"/>
</LocList>
</BasicStmnt>
<BasicStmnt CovItemId="S96" CovItemPrefix="group2.game.RapidRunoffGame.java" Intrnl_Id="1259">
<LocList>
<Loc EndOffset="4975" SrcFileId="11" StartOffset="4930"/>
</LocList>
</BasicStmnt>
<LoopStmnt CovItemId="S97" CovItemPrefix="group2.game.RapidRunoffGame.java" Intrnl_Id="1260" MltplExecId="L2-2" MltplExecPrefix="group2.game.RapidRunoffGame.java" NvrExecId="L2-0" NvrExecPrefix="group2.game.RapidRunoffGame.java" OnceExecutedId="L2-1" OnceExecutedPrefix="group2.game.RapidRunoffGame.java" OptBodyExec="true">
<StmntSeq Intrnl_Id="1261">
<LocList>
<Loc EndOffset="5071" SrcFileId="11" StartOffset="5042"/>
<Loc EndOffset="5124" SrcFileId="11" StartOffset="5075"/>
<Loc EndOffset="5144" SrcFileId="11" StartOffset="5128"/>
<Loc EndOffset="5157" SrcFileId="11" StartOffset="5148"/>
<Loc EndOffset="5351" SrcFileId="11" StartOffset="5193"/>
<Loc EndOffset="5411" SrcFileId="11" StartOffset="5372"/>
<Loc EndOffset="5572" SrcFileId="11" StartOffset="5415"/>
<Loc EndOffset="5687" SrcFileId="11" StartOffset="5577"/>
</LocList>
<BasicStmnt CovItemId="S98" CovItemPrefix="group2.game.RapidRunoffGame.java" Intrnl_Id="1262">
<LocList>
<Loc EndOffset="5071" SrcFileId="11" StartOffset="5042"/>
</LocList>
</BasicStmnt>
<BasicStmnt CovItemId="S99" CovItemPrefix="group2.game.RapidRunoffGame.java" Intrnl_Id="1263">
<LocList>
<Loc EndOffset="5124" SrcFileId="11" StartOffset="5075"/>
</LocList>
</BasicStmnt>
<BasicStmnt CovItemId="S100" CovItemPrefix="group2.game.RapidRunoffGame.java" Intrnl_Id="1264">
<LocList>
<Loc EndOffset="5144" SrcFileId="11" StartOffset="5128"/>
</LocList>
</BasicStmnt>
<BasicStmnt CovItemId="S101" CovItemPrefix="group2.game.RapidRunoffGame.java" Intrnl_Id="1265">
<LocList>
<Loc EndOffset="5157" SrcFileId="11" StartOffset="5148"/>
</LocList>
</BasicStmnt>
<LoopStmnt CovItemId="S102" CovItemPrefix="group2.game.RapidRunoffGame.java" Intrnl_Id="1266" MltplExecId="L3-2" MltplExecPrefix="group2.game.RapidRunoffGame.java" NvrExecId="L3-0" NvrExecPrefix="group2.game.RapidRunoffGame.java" OnceExecutedId="L3-1" OnceExecutedPrefix="group2.game.RapidRunoffGame.java" OptBodyExec="true">
<StmntSeq Intrnl_Id="1267">
<LocList>
<Loc EndOffset="5233" SrcFileId="11" StartOffset="5224"/>
<Loc EndOffset="5286" SrcFileId="11" StartOffset="5238"/>
<Loc EndOffset="5326" SrcFileId="11" StartOffset="5291"/>
<Loc EndOffset="5346" SrcFileId="11" StartOffset="5331"/>
</LocList>
<BasicStmnt CovItemId="S103" CovItemPrefix="group2.game.RapidRunoffGame.java" Intrnl_Id="1268">
<LocList>
<Loc EndOffset="5233" SrcFileId="11" StartOffset="5224"/>
</LocList>
</BasicStmnt>
<BasicStmnt CovItemId="S104" CovItemPrefix="group2.game.RapidRunoffGame.java" Intrnl_Id="1269">
<LocList>
<Loc EndOffset="5286" SrcFileId="11" StartOffset="5238"/>
</LocList>
</BasicStmnt>
<BasicStmnt CovItemId="S105" CovItemPrefix="group2.game.RapidRunoffGame.java" Intrnl_Id="1270">
<LocList>
<Loc EndOffset="5326" SrcFileId="11" StartOffset="5291"/>
</LocList>
</BasicStmnt>
<BasicStmnt CovItemId="S106" CovItemPrefix="group2.game.RapidRunoffGame.java" Intrnl_Id="1271">
<LocList>
<Loc EndOffset="5346" SrcFileId="11" StartOffset="5331"/>
</LocList>
</BasicStmnt>
</StmntSeq>
<Keyword EndOffset="5198" SrcFileId="11" StartOffset="5193"/>
<LocList>
<Loc EndOffset="5351" SrcFileId="11" StartOffset="5193"/>
</LocList>
<RootTerm CovItemId="C6" CovItemPrefix="group2.game.RapidRunoffGame.java" Intrnl_Id="1272">
<BasicBoolTerm Intrnl_Id="1273">
<LocList>
<Loc EndOffset="5216" SrcFileId="11" StartOffset="5200"/>
</LocList>
</BasicBoolTerm>
</RootTerm>
</LoopStmnt>
<BasicStmnt CovItemId="S107" CovItemPrefix="group2.game.RapidRunoffGame.java" Intrnl_Id="1274">
<LocList>
<Loc EndOffset="5411" SrcFileId="11" StartOffset="5372"/>
</LocList>
</BasicStmnt>
<CondStmnt CovItemId="S108" CovItemPrefix="group2.game.RapidRunoffGame.java" Intrnl_Id="1275">
<Branch CovItemId="B9" CovItemPrefix="group2.game.RapidRunoffGame.java" Implct="false" Intrnl_Id="1276">
<Cond/>
<LocList>
<Loc EndOffset="5572" SrcFileId="11" StartOffset="5444"/>
</LocList>
<StmntSeq Intrnl_Id="1277">
<LocList>
<Loc EndOffset="5500" SrcFileId="11" StartOffset="5450"/>
<Loc EndOffset="5539" SrcFileId="11" StartOffset="5506"/>
<Loc EndOffset="5567" SrcFileId="11" StartOffset="5549"/>
</LocList>
<BasicStmnt CovItemId="S109" CovItemPrefix="group2.game.RapidRunoffGame.java" Intrnl_Id="1278">
<LocList>
<Loc EndOffset="5500" SrcFileId="11" StartOffset="5450"/>
</LocList>
</BasicStmnt>
<BasicStmnt CovItemId="S110" CovItemPrefix="group2.game.RapidRunoffGame.java" Intrnl_Id="1279">
<LocList>
<Loc EndOffset="5539" SrcFileId="11" StartOffset="5506"/>
</LocList>
</BasicStmnt>
<BasicStmnt CovItemId="S111" CovItemPrefix="group2.game.RapidRunoffGame.java" Intrnl_Id="1280">
<LocList>
<Loc EndOffset="5567" SrcFileId="11" StartOffset="5549"/>
</LocList>
</BasicStmnt>
</StmntSeq>
</Branch>
<Branch CovItemId="B10" CovItemPrefix="group2.game.RapidRunoffGame.java" Implct="true" Intrnl_Id="1281">
<Cond/>
<LocList/>
<StmntSeq Intrnl_Id="1282">
<LocList/>
</StmntSeq>
</Branch>
<Keyword EndOffset="5417" SrcFileId="11" StartOffset="5415"/>
<LocList>
<Loc EndOffset="5572" SrcFileId="11" StartOffset="5415"/>
</LocList>
<RootTerm CovItemId="C7" CovItemPrefix="group2.game.RapidRunoffGame.java" Intrnl_Id="1283">
<BasicBoolTerm Intrnl_Id="1284">
<LocList>
<Loc EndOffset="5442" SrcFileId="11" StartOffset="5419"/>
</LocList>
</BasicBoolTerm>
</RootTerm>
</CondStmnt>
<CondStmnt CovItemId="S112" CovItemPrefix="group2.game.RapidRunoffGame.java" Intrnl_Id="1285">
<Branch CovItemId="B11" CovItemPrefix="group2.game.RapidRunoffGame.java" Implct="false" Intrnl_Id="1286">
<Cond/>
<LocList>
<Loc EndOffset="5687" SrcFileId="11" StartOffset="5673"/>
</LocList>
<StmntSeq Intrnl_Id="1287">
<LocList>
<Loc EndOffset="5687" SrcFileId="11" StartOffset="5673"/>
</LocList>
<BasicStmnt CovItemId="S113" CovItemPrefix="group2.game.RapidRunoffGame.java" Intrnl_Id="1288">
<LocList>
<Loc EndOffset="5687" SrcFileId="11" StartOffset="5673"/>
</LocList>
</BasicStmnt>
</StmntSeq>
</Branch>
<Branch CovItemId="B12" CovItemPrefix="group2.game.RapidRunoffGame.java" Implct="true" Intrnl_Id="1289">
<Cond/>
<LocList/>
<StmntSeq Intrnl_Id="1290">
<LocList/>
</StmntSeq>
</Branch>
<Keyword EndOffset="5579" SrcFileId="11" StartOffset="5577"/>
<LocList>
<Loc EndOffset="5687" SrcFileId="11" StartOffset="5577"/>
</LocList>
<RootTerm CovItemId="C8" CovItemPrefix="group2.game.RapidRunoffGame.java" Intrnl_Id="1291">
<BasicBoolTerm Intrnl_Id="1292">
<LocList>
<Loc EndOffset="5594" SrcFileId="11" StartOffset="5581"/>
</LocList>
</BasicBoolTerm>
</RootTerm>
</CondStmnt>
</StmntSeq>
<Keyword EndOffset="4984" SrcFileId="11" StartOffset="4979"/>
<LocList>
<Loc EndOffset="5691" SrcFileId="11" StartOffset="4979"/>
</LocList>
<RootTerm CovItemId="C5" CovItemPrefix="group2.game.RapidRunoffGame.java" Intrnl_Id="1293">
<BasicBoolTerm Intrnl_Id="1294">
<LocList>
<Loc EndOffset="4998" SrcFileId="11" StartOffset="4986"/>
</LocList>
</BasicBoolTerm>
</RootTerm>
</LoopStmnt>
</StmntSeq>
</HierarchyLvl>
<HierarchyLvl HierarchyLvlId="68" HierarchyLvlTypeId="36" Intrnl_Id="1295" Name="start">
<Header>
<Loc EndOffset="5716" SrcFileId="11" StartOffset="5697"/>
</Header>
<LocList>
<Loc EndOffset="5749" SrcFileId="11" StartOffset="5697"/>
</LocList>
<StmntSeq Intrnl_Id="1296">
<LocList>
<Loc EndOffset="5746" SrcFileId="11" StartOffset="5721"/>
</LocList>
<BasicStmnt CovItemId="S114" CovItemPrefix="group2.game.RapidRunoffGame.java" Intrnl_Id="1297">
<LocList>
<Loc EndOffset="5746" SrcFileId="11" StartOffset="5721"/>
</LocList>
</BasicStmnt>
</StmntSeq>
</HierarchyLvl>
<HierarchyLvl HierarchyLvlId="69" HierarchyLvlTypeId="36" Intrnl_Id="1298" Name="stop">
<Header>
<Loc EndOffset="5782" SrcFileId="11" StartOffset="5764"/>
</Header>
<LocList>
<Loc EndOffset="5787" SrcFileId="11" StartOffset="5764"/>
</LocList>
</HierarchyLvl>
<HierarchyLvl HierarchyLvlId="70" HierarchyLvlTypeId="36" Intrnl_Id="1299" Name="update">
<Header>
<Loc EndOffset="5864" SrcFileId="11" StartOffset="5844"/>
</Header>
<LocList>
<Loc EndOffset="6068" SrcFileId="11" StartOffset="5844"/>
</LocList>
<StmntSeq Intrnl_Id="1300">
<LocList>
<Loc EndOffset="5884" SrcFileId="11" StartOffset="5869"/>
<Loc EndOffset="5919" SrcFileId="11" StartOffset="5887"/>
<Loc EndOffset="6065" SrcFileId="11" StartOffset="5922"/>
</LocList>
<BasicStmnt CovItemId="S115" CovItemPrefix="group2.game.RapidRunoffGame.java" Intrnl_Id="1301">
<LocList>
<Loc EndOffset="5884" SrcFileId="11" StartOffset="5869"/>
</LocList>
</BasicStmnt>
<CondStmnt CovItemId="S116" CovItemPrefix="group2.game.RapidRunoffGame.java" Intrnl_Id="1302">
<Branch CovItemId="B13" CovItemPrefix="group2.game.RapidRunoffGame.java" Implct="false" Intrnl_Id="1303">
<Cond/>
<LocList>
<Loc EndOffset="5919" SrcFileId="11" StartOffset="5898"/>
</LocList>
<StmntSeq Intrnl_Id="1304">
<LocList>
<Loc EndOffset="5915" SrcFileId="11" StartOffset="5903"/>
</LocList>
<BasicStmnt CovItemId="S117" CovItemPrefix="group2.game.RapidRunoffGame.java" Intrnl_Id="1305">
<LocList>
<Loc EndOffset="5915" SrcFileId="11" StartOffset="5903"/>
</LocList>
</BasicStmnt>
</StmntSeq>
</Branch>
<Branch CovItemId="B14" CovItemPrefix="group2.game.RapidRunoffGame.java" Implct="true" Intrnl_Id="1306">
<Cond/>
<LocList/>
<StmntSeq Intrnl_Id="1307">
<LocList/>
</StmntSeq>
</Branch>
<Keyword EndOffset="5889" SrcFileId="11" StartOffset="5887"/>
<LocList>
<Loc EndOffset="5919" SrcFileId="11" StartOffset="5887"/>
</LocList>
<RootTerm CovItemId="C9" CovItemPrefix="group2.game.RapidRunoffGame.java" Intrnl_Id="1308">
<BasicBoolTerm Intrnl_Id="1309">
<LocList>
<Loc EndOffset="5896" SrcFileId="11" StartOffset="5891"/>
</LocList>
</BasicBoolTerm>
</RootTerm>
</CondStmnt>
<CondStmnt CovItemId="S118" CovItemPrefix="group2.game.RapidRunoffGame.java" Intrnl_Id="1310">
<Branch CovItemId="B15" CovItemPrefix="group2.game.RapidRunoffGame.java" Implct="false" Intrnl_Id="1311">
<Cond/>
<LocList>
<Loc EndOffset="5966" SrcFileId="11" StartOffset="5942"/>
</LocList>
<StmntSeq Intrnl_Id="1312">
<LocList>
<Loc EndOffset="5962" SrcFileId="11" StartOffset="5947"/>
</LocList>
<BasicStmnt CovItemId="S119" CovItemPrefix="group2.game.RapidRunoffGame.java" Intrnl_Id="1313">
<LocList>
<Loc EndOffset="5962" SrcFileId="11" StartOffset="5947"/>
</LocList>
</BasicStmnt>
</StmntSeq>
</Branch>
<Branch CovItemId="B16" CovItemPrefix="group2.game.RapidRunoffGame.java" Implct="false" Intrnl_Id="1314">
<Cond>
<Loc EndOffset="5971" SrcFileId="11" StartOffset="5967"/>
</Cond>
<LocList>
<Loc EndOffset="6065" SrcFileId="11" StartOffset="5972"/>
</LocList>
<StmntSeq Intrnl_Id="1315">
<LocList>
<Loc EndOffset="6044" SrcFileId="11" StartOffset="5977"/>
<Loc EndOffset="6061" SrcFileId="11" StartOffset="6048"/>
</LocList>
<CondStmnt CovItemId="S120" CovItemPrefix="group2.game.RapidRunoffGame.java" Intrnl_Id="1316">
<Branch CovItemId="B17" CovItemPrefix="group2.game.RapidRunoffGame.java" Implct="false" Intrnl_Id="1317">
<Cond/>
<LocList>
<Loc EndOffset="6044" SrcFileId="11" StartOffset="6006"/>
</LocList>
<StmntSeq Intrnl_Id="1318">
<LocList>
<Loc EndOffset="6039" SrcFileId="11" StartOffset="6012"/>
</LocList>
<BasicStmnt CovItemId="S121" CovItemPrefix="group2.game.RapidRunoffGame.java" Intrnl_Id="1319">
<LocList>
<Loc EndOffset="6039" SrcFileId="11" StartOffset="6012"/>
</LocList>
</BasicStmnt>
</StmntSeq>
</Branch>
<Branch CovItemId="B18" CovItemPrefix="group2.game.RapidRunoffGame.java" Implct="true" Intrnl_Id="1320">
<Cond/>
<LocList/>
<StmntSeq Intrnl_Id="1321">
<LocList/>
</StmntSeq>
</Branch>
<Keyword EndOffset="5979" SrcFileId="11" StartOffset="5977"/>
<LocList>
<Loc EndOffset="6044" SrcFileId="11" StartOffset="5977"/>
</LocList>
<RootTerm CovItemId="C11" CovItemPrefix="group2.game.RapidRunoffGame.java" Intrnl_Id="1322">
<BasicBoolTerm Intrnl_Id="1323">
<LocList>
<Loc EndOffset="6004" SrcFileId="11" StartOffset="5981"/>
</LocList>
</BasicBoolTerm>
</RootTerm>
</CondStmnt>
<BasicStmnt CovItemId="S122" CovItemPrefix="group2.game.RapidRunoffGame.java" Intrnl_Id="1324">
<LocList>
<Loc EndOffset="6061" SrcFileId="11" StartOffset="6048"/>
</LocList>
</BasicStmnt>
</StmntSeq>
</Branch>
<Keyword EndOffset="5924" SrcFileId="11" StartOffset="5922"/>
<LocList>
<Loc EndOffset="6065" SrcFileId="11" StartOffset="5922"/>
</LocList>
<RootTerm CovItemId="C10" CovItemPrefix="group2.game.RapidRunoffGame.java" Intrnl_Id="1325">
<BasicBoolTerm Intrnl_Id="1326">
<LocList>
<Loc EndOffset="5940" SrcFileId="11" StartOffset="5926"/>
</LocList>
</BasicBoolTerm>
</RootTerm>
</CondStmnt>
</StmntSeq>
</HierarchyLvl>
</HierarchyLvl>
<HierarchyLvl HierarchyLvlId="74" HierarchyLvlTypeId="35" Intrnl_Id="1327" Name="Quiz">
<Header>
<Loc EndOffset="39" SrcFileId="12" StartOffset="22"/>
</Header>
<LocList>
<Loc EndOffset="1166" SrcFileId="12" StartOffset="22"/>
</LocList>
<StmntSeq Intrnl_Id="1328">
<LocList>
<Loc EndOffset="110" SrcFileId="12" StartOffset="77"/>
<Loc EndOffset="310" SrcFileId="12" StartOffset="275"/>
</LocList>
<BasicStmnt CovItemId="S1" CovItemPrefix="group2.game.Quiz.java" Intrnl_Id="1329">
<LocList>
<Loc EndOffset="110" SrcFileId="12" StartOffset="77"/>
</LocList>
</BasicStmnt>
<BasicStmnt CovItemId="S2" CovItemPrefix="group2.game.Quiz.java" Intrnl_Id="1330">
<LocList>
<Loc EndOffset="310" SrcFileId="12" StartOffset="275"/>
</LocList>
</BasicStmnt>
</StmntSeq>
<HierarchyLvl HierarchyLvlId="72" HierarchyLvlTypeId="36" Intrnl_Id="1331" Name="Quiz">
<Header>
<Loc EndOffset="364" SrcFileId="12" StartOffset="313"/>
</Header>
<LocList>
<Loc EndOffset="512" SrcFileId="12" StartOffset="313"/>
</LocList>
<StmntSeq Intrnl_Id="1332">
<LocList>
<Loc EndOffset="394" SrcFileId="12" StartOffset="369"/>
<Loc EndOffset="463" SrcFileId="12" StartOffset="397"/>
<Loc EndOffset="487" SrcFileId="12" StartOffset="466"/>
<Loc EndOffset="509" SrcFileId="12" StartOffset="490"/>
</LocList>
<BasicStmnt CovItemId="S3" CovItemPrefix="group2.game.Quiz.java" Intrnl_Id="1333">
<LocList>
<Loc EndOffset="394" SrcFileId="12" StartOffset="369"/>
</LocList>
</BasicStmnt>
<LoopStmnt CovItemId="S4" CovItemPrefix="group2.game.Quiz.java" Intrnl_Id="1334" MltplExecId="L1-2" MltplExecPrefix="group2.game.Quiz.java" NvrExecId="L1-0" NvrExecPrefix="group2.game.Quiz.java" OnceExecutedId="L1-1" OnceExecutedPrefix="group2.game.Quiz.java" OptBodyExec="true">
<StmntSeq Intrnl_Id="1335">
<LocList>
<Loc EndOffset="459" SrcFileId="12" StartOffset="430"/>
</LocList>
<BasicStmnt CovItemId="S5" CovItemPrefix="group2.game.Quiz.java" Intrnl_Id="1336">
<LocList>
<Loc EndOffset="459" SrcFileId="12" StartOffset="430"/>
</LocList>
</BasicStmnt>
</StmntSeq>
<Keyword EndOffset="400" SrcFileId="12" StartOffset="397"/>
<LocList>
<Loc EndOffset="463" SrcFileId="12" StartOffset="397"/>
</LocList>
<RootTerm CovItemId="C1" CovItemPrefix="group2.game.Quiz.java" Intrnl_Id="1337">
<BasicBoolTerm Intrnl_Id="1338">
<LocList>
<Loc EndOffset="418" SrcFileId="12" StartOffset="413"/>
</LocList>
</BasicBoolTerm>
</RootTerm>
</LoopStmnt>
<BasicStmnt CovItemId="S6" CovItemPrefix="group2.game.Quiz.java" Intrnl_Id="1339">
<LocList>
<Loc EndOffset="487" SrcFileId="12" StartOffset="466"/>
</LocList>
</BasicStmnt>
<BasicStmnt CovItemId="S7" CovItemPrefix="group2.game.Quiz.java" Intrnl_Id="1340">
<LocList>
<Loc EndOffset="509" SrcFileId="12" StartOffset="490"/>
</LocList>
</BasicStmnt>
</StmntSeq>
</HierarchyLvl>
<HierarchyLvl HierarchyLvlId="73" HierarchyLvlTypeId="36" Intrnl_Id="1341" Name="checkChoice">
<Header>
<Loc EndOffset="911" SrcFileId="12" StartOffset="873"/>
</Header>
<LocList>
<Loc EndOffset="1163" SrcFileId="12" StartOffset="873"/>
</LocList>
<StmntSeq Intrnl_Id="1342">
<LocList>
<Loc EndOffset="1160" SrcFileId="12" StartOffset="916"/>
</LocList>
<CondStmnt CovItemId="S8" CovItemPrefix="group2.game.Quiz.java" Intrnl_Id="1343">
<Branch CovItemId="B1" CovItemPrefix="group2.game.Quiz.java" Implct="false" Intrnl_Id="1344">
<Cond/>
<LocList>
<Loc EndOffset="1035" SrcFileId="12" StartOffset="942"/>
</LocList>
<StmntSeq Intrnl_Id="1345">
<LocList>
<Loc EndOffset="1014" SrcFileId="12" StartOffset="947"/>
<Loc EndOffset="1031" SrcFileId="12" StartOffset="1018"/>
</LocList>
<BasicStmnt CovItemId="S9" CovItemPrefix="group2.game.Quiz.java" Intrnl_Id="1346">
<LocList>
<Loc EndOffset="1014" SrcFileId="12" StartOffset="947"/>
</LocList>
</BasicStmnt>
<BasicStmnt CovItemId="S10" CovItemPrefix="group2.game.Quiz.java" Intrnl_Id="1347">
<LocList>
<Loc EndOffset="1031" SrcFileId="12" StartOffset="1018"/>
</LocList>
</BasicStmnt>
</StmntSeq>
</Branch>
<Branch CovItemId="B2" CovItemPrefix="group2.game.Quiz.java" Implct="false" Intrnl_Id="1348">
<Cond>
<Loc EndOffset="1042" SrcFileId="12" StartOffset="1038"/>
</Cond>
<LocList>
<Loc EndOffset="1160" SrcFileId="12" StartOffset="1042"/>
</LocList>
<StmntSeq Intrnl_Id="1349">
<LocList>
<Loc EndOffset="1110" SrcFileId="12" StartOffset="1047"/>
<Loc EndOffset="1140" SrcFileId="12" StartOffset="1114"/>
<Loc EndOffset="1156" SrcFileId="12" StartOffset="1144"/>
</LocList>
<BasicStmnt CovItemId="S11" CovItemPrefix="group2.game.Quiz.java" Intrnl_Id="1350">
<LocList>
<Loc EndOffset="1110" SrcFileId="12" StartOffset="1047"/>
</LocList>
</BasicStmnt>
<BasicStmnt CovItemId="S12" CovItemPrefix="group2.game.Quiz.java" Intrnl_Id="1351">
<LocList>
<Loc EndOffset="1140" SrcFileId="12" StartOffset="1114"/>
</LocList>
</BasicStmnt>
<BasicStmnt CovItemId="S13" CovItemPrefix="group2.game.Quiz.java" Intrnl_Id="1352">
<LocList>
<Loc EndOffset="1156" SrcFileId="12" StartOffset="1144"/>
</LocList>
</BasicStmnt>
</StmntSeq>
</Branch>
<Keyword EndOffset="918" SrcFileId="12" StartOffset="916"/>
<LocList>
<Loc EndOffset="1160" SrcFileId="12" StartOffset="916"/>
</LocList>
<RootTerm CovItemId="C2" CovItemPrefix="group2.game.Quiz.java" Intrnl_Id="1353">
<BasicBoolTerm Intrnl_Id="1354">
<LocList>
<Loc EndOffset="941" SrcFileId="12" StartOffset="920"/>
</LocList>
</BasicBoolTerm>
</RootTerm>
</CondStmnt>
</StmntSeq>
</HierarchyLvl>
</HierarchyLvl>
<HierarchyLvl HierarchyLvlId="80" HierarchyLvlTypeId="35" Intrnl_Id="1355" Name="PowerUp">
<Header>
<Loc EndOffset="198" SrcFileId="13" StartOffset="169"/>
</Header>
<LocList>
<Loc EndOffset="1144" SrcFileId="13" StartOffset="169"/>
</LocList>
<StmntSeq Intrnl_Id="1356">
<LocList>
<Loc EndOffset="251" SrcFileId="13" StartOffset="229"/>
<Loc EndOffset="278" SrcFileId="13" StartOffset="253"/>
<Loc EndOffset="302" SrcFileId="13" StartOffset="280"/>
<Loc EndOffset="450" SrcFileId="13" StartOffset="414"/>
<Loc EndOffset="580" SrcFileId="13" StartOffset="578"/>
</LocList>
<BasicStmnt CovItemId="S1" CovItemPrefix="group2.game.PowerUp.java" Intrnl_Id="1357">
<LocList>
<Loc EndOffset="251" SrcFileId="13" StartOffset="229"/>
</LocList>
</BasicStmnt>
<BasicStmnt CovItemId="S2" CovItemPrefix="group2.game.PowerUp.java" Intrnl_Id="1358">
<LocList>
<Loc EndOffset="278" SrcFileId="13" StartOffset="253"/>
</LocList>
</BasicStmnt>
<BasicStmnt CovItemId="S3" CovItemPrefix="group2.game.PowerUp.java" Intrnl_Id="1359">
<LocList>
<Loc EndOffset="302" SrcFileId="13" StartOffset="280"/>
</LocList>
</BasicStmnt>
<BasicStmnt CovItemId="S4" CovItemPrefix="group2.game.PowerUp.java" Intrnl_Id="1360">
<LocList>
<Loc EndOffset="450" SrcFileId="13" StartOffset="414"/>
<Loc EndOffset="580" SrcFileId="13" StartOffset="578"/>
</LocList>
</BasicStmnt>
</StmntSeq>
<HierarchyLvl HierarchyLvlId="76" HierarchyLvlTypeId="38" Intrnl_Id="1361" Name="ActionListener">
<Header>
<Loc EndOffset="470" SrcFileId="13" StartOffset="454"/>
</Header>
<LocList>
<Loc EndOffset="578" SrcFileId="13" StartOffset="450"/>
</LocList>
<HierarchyLvl HierarchyLvlId="75" HierarchyLvlTypeId="36" Intrnl_Id="1362" Name="actionPerformed">
<Header>
<Loc EndOffset="531" SrcFileId="13" StartOffset="475"/>
</Header>
<LocList>
<Loc EndOffset="575" SrcFileId="13" StartOffset="475"/>
</LocList>
<StmntSeq Intrnl_Id="1363">
<LocList>
<Loc EndOffset="554" SrcFileId="13" StartOffset="537"/>
<Loc EndOffset="571" SrcFileId="13" StartOffset="558"/>
</LocList>
<BasicStmnt CovItemId="S5" CovItemPrefix="group2.game.PowerUp.java" Intrnl_Id="1364">
<LocList>
<Loc EndOffset="554" SrcFileId="13" StartOffset="537"/>
</LocList>
</BasicStmnt>
<BasicStmnt CovItemId="S6" CovItemPrefix="group2.game.PowerUp.java" Intrnl_Id="1365">
<LocList>
<Loc EndOffset="571" SrcFileId="13" StartOffset="558"/>
</LocList>
</BasicStmnt>
</StmntSeq>
</HierarchyLvl>
</HierarchyLvl>
<HierarchyLvl HierarchyLvlId="77" HierarchyLvlTypeId="36" Intrnl_Id="1366" Name="PowerUp">
<Header>
<Loc EndOffset="609" SrcFileId="13" StartOffset="583"/>
</Header>
<LocList>
<Loc EndOffset="694" SrcFileId="13" StartOffset="583"/>
</LocList>
<StmntSeq Intrnl_Id="1367">
<LocList>
<Loc EndOffset="639" SrcFileId="13" StartOffset="614"/>
<Loc EndOffset="663" SrcFileId="13" StartOffset="642"/>
<Loc EndOffset="688" SrcFileId="13" StartOffset="666"/>
</LocList>
<BasicStmnt CovItemId="S7" CovItemPrefix="group2.game.PowerUp.java" Intrnl_Id="1368">
<LocList>
<Loc EndOffset="639" SrcFileId="13" StartOffset="614"/>
</LocList>
</BasicStmnt>
<BasicStmnt CovItemId="S8" CovItemPrefix="group2.game.PowerUp.java" Intrnl_Id="1369">
<LocList>
<Loc EndOffset="663" SrcFileId="13" StartOffset="642"/>
</LocList>
</BasicStmnt>
<BasicStmnt CovItemId="S9" CovItemPrefix="group2.game.PowerUp.java" Intrnl_Id="1370">
<LocList>
<Loc EndOffset="688" SrcFileId="13" StartOffset="666"/>
</LocList>
</BasicStmnt>
</StmntSeq>
</HierarchyLvl>
<HierarchyLvl HierarchyLvlId="78" HierarchyLvlTypeId="36" Intrnl_Id="1371" Name="checkIfInPowerUp">
<Header>
<Loc EndOffset="806" SrcFileId="13" StartOffset="755"/>
</Header>
<LocList>
<Loc EndOffset="933" SrcFileId="13" StartOffset="755"/>
</LocList>
<StmntSeq Intrnl_Id="1372">
<LocList>
<Loc EndOffset="930" SrcFileId="13" StartOffset="811"/>
</LocList>
<BasicStmnt CovItemId="S10" CovItemPrefix="group2.game.PowerUp.java" Intrnl_Id="1373">
<LocList>
<Loc EndOffset="930" SrcFileId="13" StartOffset="811"/>
</LocList>
</BasicStmnt>
</StmntSeq>
</HierarchyLvl>
<HierarchyLvl HierarchyLvlId="79" HierarchyLvlTypeId="36" Intrnl_Id="1374" Name="deployPowerUp">
<Header>
<Loc EndOffset="1020" SrcFileId="13" StartOffset="993"/>
</Header>
<LocList>
<Loc EndOffset="1138" SrcFileId="13" StartOffset="993"/>
</LocList>
<StmntSeq Intrnl_Id="1375">
<LocList>
<Loc EndOffset="1135" SrcFileId="13" StartOffset="1025"/>
</LocList>
<CondStmnt CovItemId="S11" CovItemPrefix="group2.game.PowerUp.java" Intrnl_Id="1376">
<Branch CovItemId="B1" CovItemPrefix="group2.game.PowerUp.java" Implct="false" Intrnl_Id="1377">
<Cond/>
<LocList>
<Loc EndOffset="1135" SrcFileId="13" StartOffset="1036"/>
</LocList>
<StmntSeq Intrnl_Id="1378">
<LocList>
<Loc EndOffset="1071" SrcFileId="13" StartOffset="1041"/>
<Loc EndOffset="1091" SrcFileId="13" StartOffset="1075"/>
<Loc EndOffset="1109" SrcFileId="13" StartOffset="1095"/>
<Loc EndOffset="1127" SrcFileId="13" StartOffset="1113"/>
</LocList>
<BasicStmnt CovItemId="S12" CovItemPrefix="group2.game.PowerUp.java" Intrnl_Id="1379">
<LocList>
<Loc EndOffset="1071" SrcFileId="13" StartOffset="1041"/>
</LocList>
</BasicStmnt>
<BasicStmnt CovItemId="S13" CovItemPrefix="group2.game.PowerUp.java" Intrnl_Id="1380">
<LocList>
<Loc EndOffset="1091" SrcFileId="13" StartOffset="1075"/>
</LocList>
</BasicStmnt>
<BasicStmnt CovItemId="S14" CovItemPrefix="group2.game.PowerUp.java" Intrnl_Id="1381">
<LocList>
<Loc EndOffset="1109" SrcFileId="13" StartOffset="1095"/>
</LocList>
</BasicStmnt>
<BasicStmnt CovItemId="S15" CovItemPrefix="group2.game.PowerUp.java" Intrnl_Id="1382">
<LocList>
<Loc EndOffset="1127" SrcFileId="13" StartOffset="1113"/>
</LocList>
</BasicStmnt>
</StmntSeq>
</Branch>
<Branch CovItemId="B2" CovItemPrefix="group2.game.PowerUp.java" Implct="true" Intrnl_Id="1383">
<Cond/>
<LocList/>
<StmntSeq Intrnl_Id="1384">
<LocList/>
</StmntSeq>
</Branch>
<Keyword EndOffset="1027" SrcFileId="13" StartOffset="1025"/>
<LocList>
<Loc EndOffset="1135" SrcFileId="13" StartOffset="1025"/>
</LocList>
<RootTerm CovItemId="C1" CovItemPrefix="group2.game.PowerUp.java" Intrnl_Id="1385">
<BasicBoolTerm Intrnl_Id="1386">
<LocList>
<Loc EndOffset="1034" SrcFileId="13" StartOffset="1029"/>
</LocList>
</BasicBoolTerm>
</RootTerm>
</CondStmnt>
</StmntSeq>
</HierarchyLvl>
</HierarchyLvl>
<HierarchyLvl HierarchyLvlId="87" HierarchyLvlTypeId="35" Intrnl_Id="1387" Name="Position">
<Header>
<Loc EndOffset="68" SrcFileId="14" StartOffset="47"/>
</Header>
<LocList>
<Loc EndOffset="580" SrcFileId="14" StartOffset="47"/>
</LocList>
<HierarchyLvl HierarchyLvlId="81" HierarchyLvlTypeId="36" Intrnl_Id="1388" Name="Position">
<Header>
<Loc EndOffset="154" SrcFileId="14" StartOffset="126"/>
</Header>
<LocList>
<Loc EndOffset="187" SrcFileId="14" StartOffset="126"/>
</LocList>
<StmntSeq Intrnl_Id="1389">
<LocList>
<Loc EndOffset="170" SrcFileId="14" StartOffset="159"/>
<Loc EndOffset="184" SrcFileId="14" StartOffset="173"/>
</LocList>
<BasicStmnt CovItemId="S1" CovItemPrefix="group2.game.Position.java" Intrnl_Id="1390">
<LocList>
<Loc EndOffset="170" SrcFileId="14" StartOffset="159"/>
</LocList>
</BasicStmnt>
<BasicStmnt CovItemId="S2" CovItemPrefix="group2.game.Position.java" Intrnl_Id="1391">
<LocList>
<Loc EndOffset="184" SrcFileId="14" StartOffset="173"/>
</LocList>
</BasicStmnt>
</StmntSeq>
</HierarchyLvl>
<HierarchyLvl HierarchyLvlId="82" HierarchyLvlTypeId="36" Intrnl_Id="1392" Name="equals">
<Header>
<Loc EndOffset="236" SrcFileId="14" StartOffset="190"/>
</Header>
<LocList>
<Loc EndOffset="353" SrcFileId="14" StartOffset="190"/>
</LocList>
<StmntSeq Intrnl_Id="1393">
<LocList>
<Loc EndOffset="350" SrcFileId="14" StartOffset="241"/>
</LocList>
<CondStmnt CovItemId="S3" CovItemPrefix="group2.game.Position.java" Intrnl_Id="1394">
<Branch CovItemId="B1" CovItemPrefix="group2.game.Position.java" Implct="false" Intrnl_Id="1395">
<Cond/>
<LocList>
<Loc EndOffset="326" SrcFileId="14" StartOffset="314"/>
</LocList>
<StmntSeq Intrnl_Id="1396">
<LocList>
<Loc EndOffset="326" SrcFileId="14" StartOffset="314"/>
</LocList>
<BasicStmnt CovItemId="S4" CovItemPrefix="group2.game.Position.java" Intrnl_Id="1397">
<LocList>
<Loc EndOffset="326" SrcFileId="14" StartOffset="314"/>
</LocList>
</BasicStmnt>
</StmntSeq>
</Branch>
<Branch CovItemId="B2" CovItemPrefix="group2.game.Position.java" Implct="false" Intrnl_Id="1398">
<Cond>
<Loc EndOffset="333" SrcFileId="14" StartOffset="329"/>
</Cond>
<LocList>
<Loc EndOffset="350" SrcFileId="14" StartOffset="337"/>
</LocList>
<StmntSeq Intrnl_Id="1399">
<LocList>
<Loc EndOffset="350" SrcFileId="14" StartOffset="337"/>
</LocList>
<BasicStmnt CovItemId="S5" CovItemPrefix="group2.game.Position.java" Intrnl_Id="1400">
<LocList>
<Loc EndOffset="350" SrcFileId="14" StartOffset="337"/>
</LocList>
</BasicStmnt>
</StmntSeq>
</Branch>
<Keyword EndOffset="243" SrcFileId="14" StartOffset="241"/>
<LocList>
<Loc EndOffset="350" SrcFileId="14" StartOffset="241"/>
</LocList>
<RootTerm CovItemId="C1" CovItemPrefix="group2.game.Position.java" Intrnl_Id="1401">
<OpTerm BooleanOpId="32" Intrnl_Id="1402">
<BasicBoolTerm Intrnl_Id="1403">
<LocList>
<Loc EndOffset="275" SrcFileId="14" StartOffset="245"/>
</LocList>
</BasicBoolTerm>
<BasicBoolTerm Intrnl_Id="1404">
<LocList>
<Loc EndOffset="309" SrcFileId="14" StartOffset="279"/>
</LocList>
</BasicBoolTerm>
<LocList>
<Loc EndOffset="278" SrcFileId="14" StartOffset="276"/>
</LocList>
</OpTerm>
</RootTerm>
</CondStmnt>
</StmntSeq>
</HierarchyLvl>
<HierarchyLvl HierarchyLvlId="83" HierarchyLvlTypeId="36" Intrnl_Id="1405" Name="getXPos">
<Header>
<Loc EndOffset="379" SrcFileId="14" StartOffset="356"/>
</Header>
<LocList>
<Loc EndOffset="396" SrcFileId="14" StartOffset="356"/>
</LocList>
<StmntSeq Intrnl_Id="1406">
<LocList>
<Loc EndOffset="393" SrcFileId="14" StartOffset="384"/>
</LocList>
<BasicStmnt CovItemId="S6" CovItemPrefix="group2.game.Position.java" Intrnl_Id="1407">
<LocList>
<Loc EndOffset="393" SrcFileId="14" StartOffset="384"/>
</LocList>
</BasicStmnt>
</StmntSeq>
</HierarchyLvl>
<HierarchyLvl HierarchyLvlId="84" HierarchyLvlTypeId="36" Intrnl_Id="1408" Name="getYPos">
<Header>
<Loc EndOffset="422" SrcFileId="14" StartOffset="399"/>
</Header>
<LocList>
<Loc EndOffset="439" SrcFileId="14" StartOffset="399"/>
</LocList>
<StmntSeq Intrnl_Id="1409">
<LocList>
<Loc EndOffset="436" SrcFileId="14" StartOffset="427"/>
</LocList>
<BasicStmnt CovItemId="S7" CovItemPrefix="group2.game.Position.java" Intrnl_Id="1410">
<LocList>
<Loc EndOffset="436" SrcFileId="14" StartOffset="427"/>
</LocList>
</BasicStmnt>
</StmntSeq>
</HierarchyLvl>
<HierarchyLvl HierarchyLvlId="85" HierarchyLvlTypeId="36" Intrnl_Id="1411" Name="hashCode">
<Header>
<Loc EndOffset="474" SrcFileId="14" StartOffset="442"/>
</Header>
<LocList>
<Loc EndOffset="492" SrcFileId="14" StartOffset="442"/>
</LocList>
<StmntSeq Intrnl_Id="1412">
<LocList>
<Loc EndOffset="488" SrcFileId="14" StartOffset="479"/>
</LocList>
<BasicStmnt CovItemId="S8" CovItemPrefix="group2.game.Position.java" Intrnl_Id="1413">
<LocList>
<Loc EndOffset="488" SrcFileId="14" StartOffset="479"/>
</LocList>
</BasicStmnt>
</StmntSeq>
</HierarchyLvl>
<HierarchyLvl HierarchyLvlId="86" HierarchyLvlTypeId="36" Intrnl_Id="1414" Name="setPosition">
<Header>
<Loc EndOffset="546" SrcFileId="14" StartOffset="495"/>
</Header>
<LocList>
<Loc EndOffset="578" SrcFileId="14" StartOffset="495"/>
</LocList>
<StmntSeq Intrnl_Id="1415">
<LocList>
<Loc EndOffset="561" SrcFileId="14" StartOffset="551"/>
<Loc EndOffset="574" SrcFileId="14" StartOffset="564"/>
</LocList>
<BasicStmnt CovItemId="S9" CovItemPrefix="group2.game.Position.java" Intrnl_Id="1416">
<LocList>
<Loc EndOffset="561" SrcFileId="14" StartOffset="551"/>
</LocList>
</BasicStmnt>
<BasicStmnt CovItemId="S10" CovItemPrefix="group2.game.Position.java" Intrnl_Id="1417">
<LocList>
<Loc EndOffset="574" SrcFileId="14" StartOffset="564"/>
</LocList>
</BasicStmnt>
</StmntSeq>
</HierarchyLvl>
</HierarchyLvl>
<HierarchyLvl HierarchyLvlId="90" HierarchyLvlTypeId="35" Intrnl_Id="1418" Name="Player">
<Header>
<Loc EndOffset="66" SrcFileId="15" StartOffset="47"/>
</Header>
<LocList>
<Loc EndOffset="426" SrcFileId="15" StartOffset="47"/>
</LocList>
<StmntSeq Intrnl_Id="1419">
<LocList>
<Loc EndOffset="160" SrcFileId="15" StartOffset="114"/>
</LocList>
<BasicStmnt CovItemId="S1" CovItemPrefix="group2.game.Player.java" Intrnl_Id="1420">
<LocList>
<Loc EndOffset="160" SrcFileId="15" StartOffset="114"/>
</LocList>
</BasicStmnt>
</StmntSeq>
<HierarchyLvl HierarchyLvlId="88" HierarchyLvlTypeId="36" Intrnl_Id="1421" Name="addScoreDataToList">
<Header>
<Loc EndOffset="219" SrcFileId="15" StartOffset="163"/>
</Header>
<LocList>
<Loc EndOffset="323" SrcFileId="15" StartOffset="163"/>
</LocList>
<StmntSeq Intrnl_Id="1422">
<LocList>
<Loc EndOffset="289" SrcFileId="15" StartOffset="224"/>
<Loc EndOffset="320" SrcFileId="15" StartOffset="292"/>
</LocList>
<BasicStmnt CovItemId="S2" CovItemPrefix="group2.game.Player.java" Intrnl_Id="1423">
<LocList>
<Loc EndOffset="289" SrcFileId="15" StartOffset="224"/>
</LocList>
</BasicStmnt>
<BasicStmnt CovItemId="S3" CovItemPrefix="group2.game.Player.java" Intrnl_Id="1424">
<LocList>
<Loc EndOffset="320" SrcFileId="15" StartOffset="292"/>
</LocList>
</BasicStmnt>
</StmntSeq>
</HierarchyLvl>
<HierarchyLvl HierarchyLvlId="89" HierarchyLvlTypeId="36" Intrnl_Id="1425" Name="get_players_rank">
<Header>
<Loc EndOffset="355" SrcFileId="15" StartOffset="326"/>
</Header>
<LocList>
<Loc EndOffset="423" SrcFileId="15" StartOffset="326"/>
</LocList>
<StmntSeq Intrnl_Id="1426">
<LocList>
<Loc EndOffset="397" SrcFileId="15" StartOffset="360"/>
<Loc EndOffset="420" SrcFileId="15" StartOffset="400"/>
</LocList>
<BasicStmnt CovItemId="S4" CovItemPrefix="group2.game.Player.java" Intrnl_Id="1427">
<LocList>
<Loc EndOffset="397" SrcFileId="15" StartOffset="360"/>
</LocList>
</BasicStmnt>
<BasicStmnt CovItemId="S5" CovItemPrefix="group2.game.Player.java" Intrnl_Id="1428">
<LocList>
<Loc EndOffset="420" SrcFileId="15" StartOffset="400"/>
</LocList>
</BasicStmnt>
</StmntSeq>
</HierarchyLvl>
</HierarchyLvl>
<HierarchyLvl HierarchyLvlId="94" HierarchyLvlTypeId="35" Intrnl_Id="1429" Name="Oil">
<Header>
<Loc EndOffset="105" SrcFileId="16" StartOffset="68"/>
</Header>
<LocList>
<Loc EndOffset="692" SrcFileId="16" StartOffset="68"/>
</LocList>
<HierarchyLvl HierarchyLvlId="91" HierarchyLvlTypeId="36" Intrnl_Id="1430" Name="Oil">
<Header>
<Loc EndOffset="158" SrcFileId="16" StartOffset="110"/>
</Header>
<LocList>
<Loc EndOffset="292" SrcFileId="16" StartOffset="110"/>
</LocList>
<StmntSeq Intrnl_Id="1431">
<LocList>
<Loc EndOffset="178" SrcFileId="16" StartOffset="163"/>
<Loc EndOffset="206" SrcFileId="16" StartOffset="181"/>
<Loc EndOffset="242" SrcFileId="16" StartOffset="209"/>
<Loc EndOffset="271" SrcFileId="16" StartOffset="245"/>
<Loc EndOffset="288" SrcFileId="16" StartOffset="274"/>
</LocList>
<BasicStmnt CovItemId="S1" CovItemPrefix="group2.game.Oil.java" Intrnl_Id="1432">
<LocList>
<Loc EndOffset="178" SrcFileId="16" StartOffset="163"/>
</LocList>
</BasicStmnt>
<BasicStmnt CovItemId="S2" CovItemPrefix="group2.game.Oil.java" Intrnl_Id="1433">
<LocList>
<Loc EndOffset="206" SrcFileId="16" StartOffset="181"/>
</LocList>
</BasicStmnt>
<BasicStmnt CovItemId="S3" CovItemPrefix="group2.game.Oil.java" Intrnl_Id="1434">
<LocList>
<Loc EndOffset="242" SrcFileId="16" StartOffset="209"/>
</LocList>
</BasicStmnt>
<BasicStmnt CovItemId="S4" CovItemPrefix="group2.game.Oil.java" Intrnl_Id="1435">
<LocList>
<Loc EndOffset="271" SrcFileId="16" StartOffset="245"/>
</LocList>
</BasicStmnt>
<BasicStmnt CovItemId="S5" CovItemPrefix="group2.game.Oil.java" Intrnl_Id="1436">
<LocList>
<Loc EndOffset="288" SrcFileId="16" StartOffset="274"/>
</LocList>
</BasicStmnt>
</StmntSeq>
</HierarchyLvl>
<HierarchyLvl HierarchyLvlId="92" HierarchyLvlTypeId="36" Intrnl_Id="1437" Name="update">
<Header>
<Loc EndOffset="326" SrcFileId="16" StartOffset="295"/>
</Header>
<LocList>
<Loc EndOffset="615" SrcFileId="16" StartOffset="295"/>
</LocList>
<StmntSeq Intrnl_Id="1438">
<LocList>
<Loc EndOffset="346" SrcFileId="16" StartOffset="331"/>
<Loc EndOffset="612" SrcFileId="16" StartOffset="350"/>
</LocList>
<BasicStmnt CovItemId="S6" CovItemPrefix="group2.game.Oil.java" Intrnl_Id="1439">
<LocList>
<Loc EndOffset="346" SrcFileId="16" StartOffset="331"/>
</LocList>
</BasicStmnt>
<CondStmnt CovItemId="S7" CovItemPrefix="group2.game.Oil.java" Intrnl_Id="1440">
<Branch CovItemId="B1" CovItemPrefix="group2.game.Oil.java" Implct="false" Intrnl_Id="1441">
<Cond/>
<LocList>
<Loc EndOffset="612" SrcFileId="16" StartOffset="380"/>
</LocList>
<StmntSeq Intrnl_Id="1442">
<LocList>
<Loc EndOffset="402" SrcFileId="16" StartOffset="385"/>
<Loc EndOffset="420" SrcFileId="16" StartOffset="406"/>
<Loc EndOffset="608" SrcFileId="16" StartOffset="424"/>
</LocList>
<BasicStmnt CovItemId="S8" CovItemPrefix="group2.game.Oil.java" Intrnl_Id="1443">
<LocList>
<Loc EndOffset="402" SrcFileId="16" StartOffset="385"/>
</LocList>
</BasicStmnt>
<BasicStmnt CovItemId="S9" CovItemPrefix="group2.game.Oil.java" Intrnl_Id="1444">
<LocList>
<Loc EndOffset="420" SrcFileId="16" StartOffset="406"/>
</LocList>
</BasicStmnt>
<CondStmnt CovItemId="S10" CovItemPrefix="group2.game.Oil.java" Intrnl_Id="1445">
<Branch CovItemId="B3" CovItemPrefix="group2.game.Oil.java" Implct="false" Intrnl_Id="1446">
<Cond/>
<LocList>
<Loc EndOffset="608" SrcFileId="16" StartOffset="441"/>
</LocList>
<StmntSeq Intrnl_Id="1447">
<LocList>
<Loc EndOffset="491" SrcFileId="16" StartOffset="447"/>
<Loc EndOffset="578" SrcFileId="16" StartOffset="496"/>
<Loc EndOffset="603" SrcFileId="16" StartOffset="583"/>
</LocList>
<BasicStmnt CovItemId="S11" CovItemPrefix="group2.game.Oil.java" Intrnl_Id="1448">
<LocList>
<Loc EndOffset="491" SrcFileId="16" StartOffset="447"/>
</LocList>
</BasicStmnt>
<BasicStmnt CovItemId="S12" CovItemPrefix="group2.game.Oil.java" Intrnl_Id="1449">
<LocList>
<Loc EndOffset="578" SrcFileId="16" StartOffset="496"/>
</LocList>
</BasicStmnt>
<BasicStmnt CovItemId="S13" CovItemPrefix="group2.game.Oil.java" Intrnl_Id="1450">
<LocList>
<Loc EndOffset="603" SrcFileId="16" StartOffset="583"/>
</LocList>
</BasicStmnt>
</StmntSeq>
</Branch>
<Branch CovItemId="B4" CovItemPrefix="group2.game.Oil.java" Implct="true" Intrnl_Id="1451">
<Cond/>
<LocList/>
<StmntSeq Intrnl_Id="1452">
<LocList/>
</StmntSeq>
</Branch>
<Keyword EndOffset="426" SrcFileId="16" StartOffset="424"/>
<LocList>
<Loc EndOffset="608" SrcFileId="16" StartOffset="424"/>
</LocList>
<RootTerm CovItemId="C2" CovItemPrefix="group2.game.Oil.java" Intrnl_Id="1453">
<OpTerm BooleanOpId="31" Intrnl_Id="1454">
<BasicBoolTerm Intrnl_Id="1455">
<LocList>
<Loc EndOffset="440" SrcFileId="16" StartOffset="428"/>
</LocList>
</BasicBoolTerm>
<LocList>
<Loc EndOffset="428" SrcFileId="16" StartOffset="427"/>
</LocList>
</OpTerm>
</RootTerm>
</CondStmnt>
</StmntSeq>
</Branch>
<Branch CovItemId="B2" CovItemPrefix="group2.game.Oil.java" Implct="true" Intrnl_Id="1456">
<Cond/>
<LocList/>
<StmntSeq Intrnl_Id="1457">
<LocList/>
</StmntSeq>
</Branch>
<Keyword EndOffset="352" SrcFileId="16" StartOffset="350"/>
<LocList>
<Loc EndOffset="612" SrcFileId="16" StartOffset="350"/>
</LocList>
<RootTerm CovItemId="C1" CovItemPrefix="group2.game.Oil.java" Intrnl_Id="1458">
<BasicBoolTerm Intrnl_Id="1459">
<LocList>
<Loc EndOffset="378" SrcFileId="16" StartOffset="354"/>
</LocList>
</BasicBoolTerm>
</RootTerm>
</CondStmnt>
</StmntSeq>
</HierarchyLvl>
<HierarchyLvl HierarchyLvlId="93" HierarchyLvlTypeId="36" Intrnl_Id="1460" Name="increment">
<Header>
<Loc EndOffset="641" SrcFileId="16" StartOffset="618"/>
</Header>
<LocList>
<Loc EndOffset="689" SrcFileId="16" StartOffset="618"/>
</LocList>
<StmntSeq Intrnl_Id="1461">
<LocList>
<Loc EndOffset="686" SrcFileId="16" StartOffset="646"/>
</LocList>
<BasicStmnt CovItemId="S14" CovItemPrefix="group2.game.Oil.java" Intrnl_Id="1462">
<LocList>
<Loc EndOffset="686" SrcFileId="16" StartOffset="646"/>
</LocList>
</BasicStmnt>
</StmntSeq>
</HierarchyLvl>
</HierarchyLvl>
<HierarchyLvl HierarchyLvlId="96" HierarchyLvlTypeId="35" Intrnl_Id="1463" Name="MenuObject">
<Header>
<Loc EndOffset="139" SrcFileId="17" StartOffset="116"/>
</Header>
<LocList>
<Loc EndOffset="275" SrcFileId="17" StartOffset="116"/>
</LocList>
<StmntSeq Intrnl_Id="1464">
<LocList>
<Loc EndOffset="188" SrcFileId="17" StartOffset="164"/>
<Loc EndOffset="214" SrcFileId="17" StartOffset="190"/>
</LocList>
<BasicStmnt CovItemId="S1" CovItemPrefix="group2.game.MenuObject.java" Intrnl_Id="1465">
<LocList>
<Loc EndOffset="188" SrcFileId="17" StartOffset="164"/>
</LocList>
</BasicStmnt>
<BasicStmnt CovItemId="S2" CovItemPrefix="group2.game.MenuObject.java" Intrnl_Id="1466">
<LocList>
<Loc EndOffset="214" SrcFileId="17" StartOffset="190"/>
</LocList>
</BasicStmnt>
</StmntSeq>
<HierarchyLvl HierarchyLvlId="95" HierarchyLvlTypeId="36" Intrnl_Id="1467" Name="MenuObject">
<Header>
<Loc EndOffset="246" SrcFileId="17" StartOffset="217"/>
</Header>
<LocList>
<Loc EndOffset="272" SrcFileId="17" StartOffset="217"/>
</LocList>
<StmntSeq Intrnl_Id="1468">
<LocList>
<Loc EndOffset="269" SrcFileId="17" StartOffset="251"/>
</LocList>
<BasicStmnt CovItemId="S3" CovItemPrefix="group2.game.MenuObject.java" Intrnl_Id="1469">
<LocList>
<Loc EndOffset="269" SrcFileId="17" StartOffset="251"/>
</LocList>
</BasicStmnt>
</StmntSeq>
</HierarchyLvl>
</HierarchyLvl>
<HierarchyLvl HierarchyLvlId="99" HierarchyLvlTypeId="35" Intrnl_Id="1470" Name="Menu">
<Header>
<Loc EndOffset="237" SrcFileId="18" StartOffset="220"/>
</Header>
<LocList>
<Loc EndOffset="720" SrcFileId="18" StartOffset="220"/>
</LocList>
<HierarchyLvl HierarchyLvlId="97" HierarchyLvlTypeId="36" Intrnl_Id="1471" Name="Menu">
<Header>
<Loc EndOffset="365" SrcFileId="18" StartOffset="329"/>
</Header>
<LocList>
<Loc EndOffset="543" SrcFileId="18" StartOffset="329"/>
</LocList>
<StmntSeq Intrnl_Id="1472">
<LocList>
<Loc EndOffset="418" SrcFileId="18" StartOffset="370"/>
<Loc EndOffset="439" SrcFileId="18" StartOffset="421"/>
<Loc EndOffset="470" SrcFileId="18" StartOffset="442"/>
<Loc EndOffset="501" SrcFileId="18" StartOffset="473"/>
<Loc EndOffset="527" SrcFileId="18" StartOffset="504"/>
<Loc EndOffset="539" SrcFileId="18" StartOffset="530"/>
</LocList>
<BasicStmnt CovItemId="S1" CovItemPrefix="group2.game.Menu.java" Intrnl_Id="1473">
<LocList>
<Loc EndOffset="418" SrcFileId="18" StartOffset="370"/>
</LocList>
</BasicStmnt>
<BasicStmnt CovItemId="S2" CovItemPrefix="group2.game.Menu.java" Intrnl_Id="1474">
<LocList>
<Loc EndOffset="439" SrcFileId="18" StartOffset="421"/>
</LocList>
</BasicStmnt>
<BasicStmnt CovItemId="S3" CovItemPrefix="group2.game.Menu.java" Intrnl_Id="1475">
<LocList>
<Loc EndOffset="470" SrcFileId="18" StartOffset="442"/>
</LocList>
</BasicStmnt>
<BasicStmnt CovItemId="S4" CovItemPrefix="group2.game.Menu.java" Intrnl_Id="1476">
<LocList>
<Loc EndOffset="501" SrcFileId="18" StartOffset="473"/>
</LocList>
</BasicStmnt>
<BasicStmnt CovItemId="S5" CovItemPrefix="group2.game.Menu.java" Intrnl_Id="1477">
<LocList>
<Loc EndOffset="527" SrcFileId="18" StartOffset="504"/>
</LocList>
</BasicStmnt>
<BasicStmnt CovItemId="S6" CovItemPrefix="group2.game.Menu.java" Intrnl_Id="1478">
<LocList>
<Loc EndOffset="539" SrcFileId="18" StartOffset="530"/>
</LocList>
</BasicStmnt>
</StmntSeq>
</HierarchyLvl>
<HierarchyLvl HierarchyLvlId="98" HierarchyLvlTypeId="36" Intrnl_Id="1479" Name="addBin">
<Header>
<Loc EndOffset="566" SrcFileId="18" StartOffset="546"/>
</Header>
<LocList>
<Loc EndOffset="717" SrcFileId="18" StartOffset="546"/>
</LocList>
<StmntSeq Intrnl_Id="1480">
<LocList>
<Loc EndOffset="614" SrcFileId="18" StartOffset="571"/>
<Loc EndOffset="688" SrcFileId="18" StartOffset="617"/>
<Loc EndOffset="713" SrcFileId="18" StartOffset="691"/>
</LocList>
<BasicStmnt CovItemId="S7" CovItemPrefix="group2.game.Menu.java" Intrnl_Id="1481">
<LocList>
<Loc EndOffset="614" SrcFileId="18" StartOffset="571"/>
</LocList>
</BasicStmnt>
<BasicStmnt CovItemId="S8" CovItemPrefix="group2.game.Menu.java" Intrnl_Id="1482">
<LocList>
<Loc EndOffset="688" SrcFileId="18" StartOffset="617"/>
</LocList>
</BasicStmnt>
<BasicStmnt CovItemId="S9" CovItemPrefix="group2.game.Menu.java" Intrnl_Id="1483">
<LocList>
<Loc EndOffset="713" SrcFileId="18" StartOffset="691"/>
</LocList>
</BasicStmnt>
</StmntSeq>
</HierarchyLvl>
</HierarchyLvl>
<HierarchyLvl HierarchyLvlId="108" HierarchyLvlTypeId="35" Intrnl_Id="1484" Name="Map">
<Header>
<Loc EndOffset="120" SrcFileId="19" StartOffset="104"/>
</Header>
<LocList>
<Loc EndOffset="4418" SrcFileId="19" StartOffset="104"/>
</LocList>
<StmntSeq Intrnl_Id="1485">
<LocList>
<Loc EndOffset="175" SrcFileId="19" StartOffset="148"/>
<Loc EndOffset="198" SrcFileId="19" StartOffset="177"/>
<Loc EndOffset="223" SrcFileId="19" StartOffset="200"/>
<Loc EndOffset="260" SrcFileId="19" StartOffset="225"/>
<Loc EndOffset="302" SrcFileId="19" StartOffset="262"/>
<Loc EndOffset="326" SrcFileId="19" StartOffset="304"/>
<Loc EndOffset="410" SrcFileId="19" StartOffset="362"/>
</LocList>
<BasicStmnt CovItemId="S1" CovItemPrefix="group2.game.Map.java" Intrnl_Id="1486">
<LocList>
<Loc EndOffset="175" SrcFileId="19" StartOffset="148"/>
</LocList>
</BasicStmnt>
<BasicStmnt CovItemId="S2" CovItemPrefix="group2.game.Map.java" Intrnl_Id="1487">
<LocList>
<Loc EndOffset="198" SrcFileId="19" StartOffset="177"/>
</LocList>
</BasicStmnt>
<BasicStmnt CovItemId="S3" CovItemPrefix="group2.game.Map.java" Intrnl_Id="1488">
<LocList>
<Loc EndOffset="223" SrcFileId="19" StartOffset="200"/>
</LocList>
</BasicStmnt>
<BasicStmnt CovItemId="S4" CovItemPrefix="group2.game.Map.java" Intrnl_Id="1489">
<LocList>
<Loc EndOffset="260" SrcFileId="19" StartOffset="225"/>
</LocList>
</BasicStmnt>
<BasicStmnt CovItemId="S5" CovItemPrefix="group2.game.Map.java" Intrnl_Id="1490">
<LocList>
<Loc EndOffset="302" SrcFileId="19" StartOffset="262"/>
</LocList>
</BasicStmnt>
<BasicStmnt CovItemId="S6" CovItemPrefix="group2.game.Map.java" Intrnl_Id="1491">
<LocList>
<Loc EndOffset="326" SrcFileId="19" StartOffset="304"/>
</LocList>
</BasicStmnt>
<BasicStmnt CovItemId="S7" CovItemPrefix="group2.game.Map.java" Intrnl_Id="1492">
<LocList>
<Loc EndOffset="410" SrcFileId="19" StartOffset="362"/>
</LocList>
</BasicStmnt>
</StmntSeq>
<HierarchyLvl HierarchyLvlId="100" HierarchyLvlTypeId="36" Intrnl_Id="1493" Name="Map">
<Header>
<Loc EndOffset="661" SrcFileId="19" StartOffset="632"/>
</Header>
<LocList>
<Loc EndOffset="839" SrcFileId="19" StartOffset="632"/>
</LocList>
<StmntSeq Intrnl_Id="1494">
<LocList>
<Loc EndOffset="680" SrcFileId="19" StartOffset="666"/>
<Loc EndOffset="729" SrcFileId="19" StartOffset="683"/>
<Loc EndOffset="748" SrcFileId="19" StartOffset="732"/>
<Loc EndOffset="762" SrcFileId="19" StartOffset="751"/>
<Loc EndOffset="778" SrcFileId="19" StartOffset="765"/>
<Loc EndOffset="795" SrcFileId="19" StartOffset="781"/>
<Loc EndOffset="811" SrcFileId="19" StartOffset="798"/>
<Loc EndOffset="836" SrcFileId="19" StartOffset="814"/>
</LocList>
<BasicStmnt CovItemId="S8" CovItemPrefix="group2.game.Map.java" Intrnl_Id="1495">
<LocList>
<Loc EndOffset="680" SrcFileId="19" StartOffset="666"/>
</LocList>
</BasicStmnt>
<BasicStmnt CovItemId="S9" CovItemPrefix="group2.game.Map.java" Intrnl_Id="1496">
<LocList>
<Loc EndOffset="729" SrcFileId="19" StartOffset="683"/>
</LocList>
</BasicStmnt>
<BasicStmnt CovItemId="S10" CovItemPrefix="group2.game.Map.java" Intrnl_Id="1497">
<LocList>
<Loc EndOffset="748" SrcFileId="19" StartOffset="732"/>
</LocList>
</BasicStmnt>
<BasicStmnt CovItemId="S11" CovItemPrefix="group2.game.Map.java" Intrnl_Id="1498">
<LocList>
<Loc EndOffset="762" SrcFileId="19" StartOffset="751"/>
</LocList>
</BasicStmnt>
<BasicStmnt CovItemId="S12" CovItemPrefix="group2.game.Map.java" Intrnl_Id="1499">
<LocList>
<Loc EndOffset="778" SrcFileId="19" StartOffset="765"/>
</LocList>
</BasicStmnt>
<BasicStmnt CovItemId="S13" CovItemPrefix="group2.game.Map.java" Intrnl_Id="1500">
<LocList>
<Loc EndOffset="795" SrcFileId="19" StartOffset="781"/>
</LocList>
</BasicStmnt>
<BasicStmnt CovItemId="S14" CovItemPrefix="group2.game.Map.java" Intrnl_Id="1501">
<LocList>
<Loc EndOffset="811" SrcFileId="19" StartOffset="798"/>
</LocList>
</BasicStmnt>
<BasicStmnt CovItemId="S15" CovItemPrefix="group2.game.Map.java" Intrnl_Id="1502">
<LocList>
<Loc EndOffset="836" SrcFileId="19" StartOffset="814"/>
</LocList>
</BasicStmnt>
</StmntSeq>
</HierarchyLvl>
<HierarchyLvl HierarchyLvlId="101" HierarchyLvlTypeId="36" Intrnl_Id="1503" Name="addBuffers">
<Header>
<Loc EndOffset="905" SrcFileId="19" StartOffset="881"/>
</Header>
<LocList>
<Loc EndOffset="1063" SrcFileId="19" StartOffset="881"/>
</LocList>
<StmntSeq Intrnl_Id="1504">
<LocList>
<Loc EndOffset="944" SrcFileId="19" StartOffset="910"/>
<Loc EndOffset="974" SrcFileId="19" StartOffset="947"/>
<Loc EndOffset="1057" SrcFileId="19" StartOffset="980"/>
</LocList>
<BasicStmnt CovItemId="S16" CovItemPrefix="group2.game.Map.java" Intrnl_Id="1505">
<LocList>
<Loc EndOffset="944" SrcFileId="19" StartOffset="910"/>
</LocList>
</BasicStmnt>
<BasicStmnt CovItemId="S17" CovItemPrefix="group2.game.Map.java" Intrnl_Id="1506">
<LocList>
<Loc EndOffset="974" SrcFileId="19" StartOffset="947"/>
</LocList>
</BasicStmnt>
<LoopStmnt CovItemId="S18" CovItemPrefix="group2.game.Map.java" Intrnl_Id="1507" MltplExecId="L1-2" MltplExecPrefix="group2.game.Map.java" NvrExecId="L1-0" NvrExecPrefix="group2.game.Map.java" OnceExecutedId="L1-1" OnceExecutedPrefix="group2.game.Map.java" OptBodyExec="true">
<StmntSeq Intrnl_Id="1508">
<LocList>
<Loc EndOffset="1053" SrcFileId="19" StartOffset="1027"/>
</LocList>
<BasicStmnt CovItemId="S19" CovItemPrefix="group2.game.Map.java" Intrnl_Id="1509">
<LocList>
<Loc EndOffset="1053" SrcFileId="19" StartOffset="1027"/>
</LocList>
</BasicStmnt>
</StmntSeq>
<Keyword EndOffset="983" SrcFileId="19" StartOffset="980"/>
<LocList>
<Loc EndOffset="1057" SrcFileId="19" StartOffset="980"/>
</LocList>
<RootTerm CovItemId="C1" CovItemPrefix="group2.game.Map.java" Intrnl_Id="1510">
<BasicBoolTerm Intrnl_Id="1511">
<LocList>
<Loc EndOffset="1016" SrcFileId="19" StartOffset="995"/>
</LocList>
</BasicBoolTerm>
</RootTerm>
</LoopStmnt>
</StmntSeq>
</HierarchyLvl>
<HierarchyLvl HierarchyLvlId="102" HierarchyLvlTypeId="36" Intrnl_Id="1512" Name="addMenus">
<Header>
<Loc EndOffset="1088" SrcFileId="19" StartOffset="1066"/>
</Header>
<LocList>
<Loc EndOffset="1324" SrcFileId="19" StartOffset="1066"/>
</LocList>
<StmntSeq Intrnl_Id="1513">
<LocList>
<Loc EndOffset="1123" SrcFileId="19" StartOffset="1093"/>
<Loc EndOffset="1200" SrcFileId="19" StartOffset="1126"/>
<Loc EndOffset="1274" SrcFileId="19" StartOffset="1203"/>
<Loc EndOffset="1297" SrcFileId="19" StartOffset="1277"/>
<Loc EndOffset="1321" SrcFileId="19" StartOffset="1300"/>
</LocList>
<BasicStmnt CovItemId="S20" CovItemPrefix="group2.game.Map.java" Intrnl_Id="1514">
<LocList>
<Loc EndOffset="1123" SrcFileId="19" StartOffset="1093"/>
</LocList>
</BasicStmnt>
<BasicStmnt CovItemId="S21" CovItemPrefix="group2.game.Map.java" Intrnl_Id="1515">
<LocList>
<Loc EndOffset="1200" SrcFileId="19" StartOffset="1126"/>
</LocList>
</BasicStmnt>
<BasicStmnt CovItemId="S22" CovItemPrefix="group2.game.Map.java" Intrnl_Id="1516">
<LocList>
<Loc EndOffset="1274" SrcFileId="19" StartOffset="1203"/>
</LocList>
</BasicStmnt>
<BasicStmnt CovItemId="S23" CovItemPrefix="group2.game.Map.java" Intrnl_Id="1517">
<LocList>
<Loc EndOffset="1297" SrcFileId="19" StartOffset="1277"/>
</LocList>
</BasicStmnt>
<BasicStmnt CovItemId="S24" CovItemPrefix="group2.game.Map.java" Intrnl_Id="1518">
<LocList>
<Loc EndOffset="1321" SrcFileId="19" StartOffset="1300"/>
</LocList>
</BasicStmnt>
</StmntSeq>
</HierarchyLvl>
<HierarchyLvl HierarchyLvlId="103" HierarchyLvlTypeId="36" Intrnl_Id="1519" Name="addPowerUps">
<Header>
<Loc EndOffset="1443" SrcFileId="19" StartOffset="1418"/>
</Header>
<LocList>
<Loc EndOffset="1595" SrcFileId="19" StartOffset="1418"/>
</LocList>
<StmntSeq Intrnl_Id="1520">
<LocList>
<Loc EndOffset="1485" SrcFileId="19" StartOffset="1448"/>
<Loc EndOffset="1536" SrcFileId="19" StartOffset="1488"/>
<Loc EndOffset="1591" SrcFileId="19" StartOffset="1539"/>
</LocList>
<BasicStmnt CovItemId="S25" CovItemPrefix="group2.game.Map.java" Intrnl_Id="1521">
<LocList>
<Loc EndOffset="1485" SrcFileId="19" StartOffset="1448"/>
</LocList>
</BasicStmnt>
<BasicStmnt CovItemId="S26" CovItemPrefix="group2.game.Map.java" Intrnl_Id="1522">
<LocList>
<Loc EndOffset="1536" SrcFileId="19" StartOffset="1488"/>
</LocList>
</BasicStmnt>
<BasicStmnt CovItemId="S27" CovItemPrefix="group2.game.Map.java" Intrnl_Id="1523">
<LocList>
<Loc EndOffset="1591" SrcFileId="19" StartOffset="1539"/>
</LocList>
</BasicStmnt>
</StmntSeq>
</HierarchyLvl>
<HierarchyLvl HierarchyLvlId="104" HierarchyLvlTypeId="36" Intrnl_Id="1524" Name="addRiverBanks">
<Header>
<Loc EndOffset="1682" SrcFileId="19" StartOffset="1655"/>
</Header>
<LocList>
<Loc EndOffset="2144" SrcFileId="19" StartOffset="1655"/>
</LocList>
<StmntSeq Intrnl_Id="1525">
<LocList>
<Loc EndOffset="1728" SrcFileId="19" StartOffset="1687"/>
<Loc EndOffset="1771" SrcFileId="19" StartOffset="1731"/>
<Loc EndOffset="1814" SrcFileId="19" StartOffset="1774"/>
<Loc EndOffset="1857" SrcFileId="19" StartOffset="1817"/>
<Loc EndOffset="1900" SrcFileId="19" StartOffset="1860"/>
<Loc EndOffset="1960" SrcFileId="19" StartOffset="1903"/>
<Loc EndOffset="2020" SrcFileId="19" StartOffset="1963"/>
<Loc EndOffset="2080" SrcFileId="19" StartOffset="2023"/>
<Loc EndOffset="2140" SrcFileId="19" StartOffset="2083"/>
</LocList>
<BasicStmnt CovItemId="S28" CovItemPrefix="group2.game.Map.java" Intrnl_Id="1526">
<LocList>
<Loc EndOffset="1728" SrcFileId="19" StartOffset="1687"/>
</LocList>
</BasicStmnt>
<BasicStmnt CovItemId="S29" CovItemPrefix="group2.game.Map.java" Intrnl_Id="1527">
<LocList>
<Loc EndOffset="1771" SrcFileId="19" StartOffset="1731"/>
</LocList>
</BasicStmnt>
<BasicStmnt CovItemId="S30" CovItemPrefix="group2.game.Map.java" Intrnl_Id="1528">
<LocList>
<Loc EndOffset="1814" SrcFileId="19" StartOffset="1774"/>
</LocList>
</BasicStmnt>
<BasicStmnt CovItemId="S31" CovItemPrefix="group2.game.Map.java" Intrnl_Id="1529">
<LocList>
<Loc EndOffset="1857" SrcFileId="19" StartOffset="1817"/>
</LocList>
</BasicStmnt>
<BasicStmnt CovItemId="S32" CovItemPrefix="group2.game.Map.java" Intrnl_Id="1530">
<LocList>
<Loc EndOffset="1900" SrcFileId="19" StartOffset="1860"/>
</LocList>
</BasicStmnt>
<BasicStmnt CovItemId="S33" CovItemPrefix="group2.game.Map.java" Intrnl_Id="1531">
<LocList>
<Loc EndOffset="1960" SrcFileId="19" StartOffset="1903"/>
</LocList>
</BasicStmnt>
<BasicStmnt CovItemId="S34" CovItemPrefix="group2.game.Map.java" Intrnl_Id="1532">
<LocList>
<Loc EndOffset="2020" SrcFileId="19" StartOffset="1963"/>
</LocList>
</BasicStmnt>
<BasicStmnt CovItemId="S35" CovItemPrefix="group2.game.Map.java" Intrnl_Id="1533">
<LocList>
<Loc EndOffset="2080" SrcFileId="19" StartOffset="2023"/>
</LocList>
</BasicStmnt>
<BasicStmnt CovItemId="S36" CovItemPrefix="group2.game.Map.java" Intrnl_Id="1534">
<LocList>
<Loc EndOffset="2140" SrcFileId="19" StartOffset="2083"/>
</LocList>
</BasicStmnt>
</StmntSeq>
</HierarchyLvl>
<HierarchyLvl HierarchyLvlId="105" HierarchyLvlTypeId="36" Intrnl_Id="1535" Name="addStreams">
<Header>
<Loc EndOffset="2171" SrcFileId="19" StartOffset="2147"/>
</Header>
<LocList>
<Loc EndOffset="2378" SrcFileId="19" StartOffset="2147"/>
</LocList>
<StmntSeq Intrnl_Id="1536">
<LocList>
<Loc EndOffset="2215" SrcFileId="19" StartOffset="2176"/>
<Loc EndOffset="2251" SrcFileId="19" StartOffset="2218"/>
<Loc EndOffset="2287" SrcFileId="19" StartOffset="2254"/>
<Loc EndOffset="2323" SrcFileId="19" StartOffset="2290"/>
<Loc EndOffset="2347" SrcFileId="19" StartOffset="2327"/>
<Loc EndOffset="2375" SrcFileId="19" StartOffset="2350"/>
</LocList>
<BasicStmnt CovItemId="S37" CovItemPrefix="group2.game.Map.java" Intrnl_Id="1537">
<LocList>
<Loc EndOffset="2215" SrcFileId="19" StartOffset="2176"/>
</LocList>
</BasicStmnt>
<BasicStmnt CovItemId="S38" CovItemPrefix="group2.game.Map.java" Intrnl_Id="1538">
<LocList>
<Loc EndOffset="2251" SrcFileId="19" StartOffset="2218"/>
</LocList>
</BasicStmnt>
<BasicStmnt CovItemId="S39" CovItemPrefix="group2.game.Map.java" Intrnl_Id="1539">
<LocList>
<Loc EndOffset="2287" SrcFileId="19" StartOffset="2254"/>
</LocList>
</BasicStmnt>
<BasicStmnt CovItemId="S40" CovItemPrefix="group2.game.Map.java" Intrnl_Id="1540">
<LocList>
<Loc EndOffset="2323" SrcFileId="19" StartOffset="2290"/>
</LocList>
</BasicStmnt>
<BasicStmnt CovItemId="S41" CovItemPrefix="group2.game.Map.java" Intrnl_Id="1541">
<LocList>
<Loc EndOffset="2347" SrcFileId="19" StartOffset="2327"/>
</LocList>
</BasicStmnt>
<BasicStmnt CovItemId="S42" CovItemPrefix="group2.game.Map.java" Intrnl_Id="1542">
<LocList>
<Loc EndOffset="2375" SrcFileId="19" StartOffset="2350"/>
</LocList>
</BasicStmnt>
</StmntSeq>
</HierarchyLvl>
<HierarchyLvl HierarchyLvlId="106" HierarchyLvlTypeId="36" Intrnl_Id="1543" Name="update">
<Header>
<Loc EndOffset="2510" SrcFileId="19" StartOffset="2490"/>
</Header>
<LocList>
<Loc EndOffset="4235" SrcFileId="19" StartOffset="2490"/>
</LocList>
<StmntSeq Intrnl_Id="1544">
<LocList>
<Loc EndOffset="2530" SrcFileId="19" StartOffset="2515"/>
<Loc EndOffset="2550" SrcFileId="19" StartOffset="2533"/>
<Loc EndOffset="2759" SrcFileId="19" StartOffset="2553"/>
<Loc EndOffset="3701" SrcFileId="19" StartOffset="2762"/>
<Loc EndOffset="3793" SrcFileId="19" StartOffset="3707"/>
<Loc EndOffset="3808" SrcFileId="19" StartOffset="3796"/>
<Loc EndOffset="3986" SrcFileId="19" StartOffset="3811"/>
<Loc EndOffset="4209" SrcFileId="19" StartOffset="3989"/>
<Loc EndOffset="4227" SrcFileId="19" StartOffset="4213"/>
</LocList>
<BasicStmnt CovItemId="S43" CovItemPrefix="group2.game.Map.java" Intrnl_Id="1545">
<LocList>
<Loc EndOffset="2530" SrcFileId="19" StartOffset="2515"/>
</LocList>
</BasicStmnt>
<BasicStmnt CovItemId="S44" CovItemPrefix="group2.game.Map.java" Intrnl_Id="1546">
<LocList>
<Loc EndOffset="2550" SrcFileId="19" StartOffset="2533"/>
</LocList>
</BasicStmnt>
<CondStmnt CovItemId="S45" CovItemPrefix="group2.game.Map.java" Intrnl_Id="1547">
<Branch CovItemId="B1" CovItemPrefix="group2.game.Map.java" Implct="false" Intrnl_Id="1548">
<Cond/>
<LocList>
<Loc EndOffset="2759" SrcFileId="19" StartOffset="2578"/>
</LocList>
<StmntSeq Intrnl_Id="1549">
<LocList>
<Loc EndOffset="2601" SrcFileId="19" StartOffset="2583"/>
<Loc EndOffset="2629" SrcFileId="19" StartOffset="2605"/>
<Loc EndOffset="2755" SrcFileId="19" StartOffset="2633"/>
</LocList>
<BasicStmnt CovItemId="S46" CovItemPrefix="group2.game.Map.java" Intrnl_Id="1550">
<LocList>
<Loc EndOffset="2601" SrcFileId="19" StartOffset="2583"/>
</LocList>
</BasicStmnt>
<BasicStmnt CovItemId="S47" CovItemPrefix="group2.game.Map.java" Intrnl_Id="1551">
<LocList>
<Loc EndOffset="2629" SrcFileId="19" StartOffset="2605"/>
</LocList>
</BasicStmnt>
<CondStmnt CovItemId="S48" CovItemPrefix="group2.game.Map.java" Intrnl_Id="1552">
<Branch CovItemId="B3" CovItemPrefix="group2.game.Map.java" Implct="false" Intrnl_Id="1553">
<Cond/>
<LocList>
<Loc EndOffset="2710" SrcFileId="19" StartOffset="2659"/>
</LocList>
<StmntSeq Intrnl_Id="1554">
<LocList>
<Loc EndOffset="2705" SrcFileId="19" StartOffset="2665"/>
</LocList>
<BasicStmnt CovItemId="S49" CovItemPrefix="group2.game.Map.java" Intrnl_Id="1555">
<LocList>
<Loc EndOffset="2705" SrcFileId="19" StartOffset="2665"/>
</LocList>
</BasicStmnt>
</StmntSeq>
</Branch>
<Branch CovItemId="B4" CovItemPrefix="group2.game.Map.java" Implct="false" Intrnl_Id="1556">
<Cond>
<Loc EndOffset="2714" SrcFileId="19" StartOffset="2710"/>
</Cond>
<LocList>
<Loc EndOffset="2755" SrcFileId="19" StartOffset="2714"/>
</LocList>
<StmntSeq Intrnl_Id="1557">
<LocList>
<Loc EndOffset="2750" SrcFileId="19" StartOffset="2720"/>
</LocList>
<BasicStmnt CovItemId="S50" CovItemPrefix="group2.game.Map.java" Intrnl_Id="1558">
<LocList>
<Loc EndOffset="2750" SrcFileId="19" StartOffset="2720"/>
</LocList>
</BasicStmnt>
</StmntSeq>
</Branch>
<Keyword EndOffset="2635" SrcFileId="19" StartOffset="2633"/>
<LocList>
<Loc EndOffset="2755" SrcFileId="19" StartOffset="2633"/>
</LocList>
<RootTerm CovItemId="C3" CovItemPrefix="group2.game.Map.java" Intrnl_Id="1559">
<BasicBoolTerm Intrnl_Id="1560">
<LocList>
<Loc EndOffset="2658" SrcFileId="19" StartOffset="2636"/>
</LocList>
</BasicBoolTerm>
</RootTerm>
</CondStmnt>
</StmntSeq>
</Branch>
<Branch CovItemId="B2" CovItemPrefix="group2.game.Map.java" Implct="true" Intrnl_Id="1561">
<Cond/>
<LocList/>
<StmntSeq Intrnl_Id="1562">
<LocList/>
</StmntSeq>
</Branch>
<Keyword EndOffset="2555" SrcFileId="19" StartOffset="2553"/>
<LocList>
<Loc EndOffset="2759" SrcFileId="19" StartOffset="2553"/>
</LocList>
<RootTerm CovItemId="C2" CovItemPrefix="group2.game.Map.java" Intrnl_Id="1563">
<BasicBoolTerm Intrnl_Id="1564">
<LocList>
<Loc EndOffset="2576" SrcFileId="19" StartOffset="2557"/>
</LocList>
</BasicBoolTerm>
</RootTerm>
</CondStmnt>
<CondStmnt CovItemId="S51" CovItemPrefix="group2.game.Map.java" Intrnl_Id="1565">
<Branch CovItemId="B5" CovItemPrefix="group2.game.Map.java" Implct="false" Intrnl_Id="1566">
<Cond/>
<LocList>
<Loc EndOffset="3701" SrcFileId="19" StartOffset="2810"/>
</LocList>
<StmntSeq Intrnl_Id="1567">
<LocList>
<Loc EndOffset="2834" SrcFileId="19" StartOffset="2815"/>
<Loc EndOffset="3199" SrcFileId="19" StartOffset="2838"/>
<Loc EndOffset="3250" SrcFileId="19" StartOffset="3215"/>
<Loc EndOffset="3697" SrcFileId="19" StartOffset="3254"/>
</LocList>
<BasicStmnt CovItemId="S52" CovItemPrefix="group2.game.Map.java" Intrnl_Id="1568">
<LocList>
<Loc EndOffset="2834" SrcFileId="19" StartOffset="2815"/>
</LocList>
</BasicStmnt>
<BasicStmnt CovItemId="S53" CovItemPrefix="group2.game.Map.java" Intrnl_Id="1569">
<LocList>
<Loc EndOffset="3199" SrcFileId="19" StartOffset="2838"/>
</LocList>
<QMO CovItemId="Q2" CovItemPrefix="group2.game.Map.java" Intrnl_Id="1570">
<LocList>
<Loc EndOffset="3132" SrcFileId="19" StartOffset="3110"/>
</LocList>
<QMO_E CovItemId="Q2-0" CovItemPrefix="group2.game.Map.java" Intrnl_Id="1571">
<LocList>
<Loc EndOffset="3160" SrcFileId="19" StartOffset="3135"/>
</LocList>
</QMO_E>
<QMO_E CovItemId="Q2-1" CovItemPrefix="group2.game.Map.java" Intrnl_Id="1572">
<LocList>
<Loc EndOffset="3196" SrcFileId="19" StartOffset="3163"/>
</LocList>
</QMO_E>
</QMO>
<QMO CovItemId="Q1" CovItemPrefix="group2.game.Map.java" Intrnl_Id="1573">
<LocList>
<Loc EndOffset="3028" SrcFileId="19" StartOffset="3006"/>
</LocList>
<QMO_E CovItemId="Q1-0" CovItemPrefix="group2.game.Map.java" Intrnl_Id="1574">
<LocList>
<Loc EndOffset="3055" SrcFileId="19" StartOffset="3031"/>
</LocList>
</QMO_E>
<QMO_E CovItemId="Q1-1" CovItemPrefix="group2.game.Map.java" Intrnl_Id="1575">
<LocList>
<Loc EndOffset="3091" SrcFileId="19" StartOffset="3058"/>
</LocList>
</QMO_E>
</QMO>
<QMO CovItemId="Q0" CovItemPrefix="group2.game.Map.java" Intrnl_Id="1576">
<LocList>
<Loc EndOffset="2923" SrcFileId="19" StartOffset="2901"/>
</LocList>
<QMO_E CovItemId="Q0-0" CovItemPrefix="group2.game.Map.java" Intrnl_Id="1577">
<LocList>
<Loc EndOffset="2951" SrcFileId="19" StartOffset="2926"/>
</LocList>
</QMO_E>
<QMO_E CovItemId="Q0-1" CovItemPrefix="group2.game.Map.java" Intrnl_Id="1578">
<LocList>
<Loc EndOffset="2987" SrcFileId="19" StartOffset="2954"/>
</LocList>
</QMO_E>
</QMO>
</BasicStmnt>
<BasicStmnt CovItemId="S54" CovItemPrefix="group2.game.Map.java" Intrnl_Id="1579">
<LocList>
<Loc EndOffset="3250" SrcFileId="19" StartOffset="3215"/>
</LocList>
</BasicStmnt>
<CondStmnt CovItemId="S55" CovItemPrefix="group2.game.Map.java" Intrnl_Id="1580">
<Branch CovItemId="B7" CovItemPrefix="group2.game.Map.java" Implct="false" Intrnl_Id="1581">
<Cond/>
<LocList>
<Loc EndOffset="3482" SrcFileId="19" StartOffset="3280"/>
</LocList>
<StmntSeq Intrnl_Id="1582">
<LocList>
<Loc EndOffset="3477" SrcFileId="19" StartOffset="3286"/>
</LocList>
<CondStmnt CovItemId="S56" CovItemPrefix="group2.game.Map.java" Intrnl_Id="1583">
<Branch CovItemId="B9" CovItemPrefix="group2.game.Map.java" Implct="false" Intrnl_Id="1584">
<Cond/>
<LocList>
<Loc EndOffset="3477" SrcFileId="19" StartOffset="3320"/>
</LocList>
<StmntSeq Intrnl_Id="1585">
<LocList>
<Loc EndOffset="3471" SrcFileId="19" StartOffset="3327"/>
</LocList>
<BasicStmnt CovItemId="S57" CovItemPrefix="group2.game.Map.java" Intrnl_Id="1586">
<LocList>
<Loc EndOffset="3471" SrcFileId="19" StartOffset="3327"/>
</LocList>
</BasicStmnt>
</StmntSeq>
</Branch>
<Branch CovItemId="B10" CovItemPrefix="group2.game.Map.java" Implct="true" Intrnl_Id="1587">
<Cond/>
<LocList/>
<StmntSeq Intrnl_Id="1588">
<LocList/>
</StmntSeq>
</Branch>
<Keyword EndOffset="3288" SrcFileId="19" StartOffset="3286"/>
<LocList>
<Loc EndOffset="3477" SrcFileId="19" StartOffset="3286"/>
</LocList>
<RootTerm CovItemId="C6" CovItemPrefix="group2.game.Map.java" Intrnl_Id="1589">
<OpTerm BooleanOpId="31" Intrnl_Id="1590">
<BasicBoolTerm Intrnl_Id="1591">
<LocList>
<Loc EndOffset="3318" SrcFileId="19" StartOffset="3291"/>
</LocList>
</BasicBoolTerm>
<LocList>
<Loc EndOffset="3291" SrcFileId="19" StartOffset="3290"/>
</LocList>
</OpTerm>
</RootTerm>
</CondStmnt>
</StmntSeq>
</Branch>
<Branch CovItemId="B8" CovItemPrefix="group2.game.Map.java" Implct="false" Intrnl_Id="1592">
<Cond>
<Loc EndOffset="3487" SrcFileId="19" StartOffset="3483"/>
</Cond>
<LocList>
<Loc EndOffset="3697" SrcFileId="19" StartOffset="3488"/>
</LocList>
<StmntSeq Intrnl_Id="1593">
<LocList>
<Loc EndOffset="3692" SrcFileId="19" StartOffset="3494"/>
</LocList>
<CondStmnt CovItemId="S58" CovItemPrefix="group2.game.Map.java" Intrnl_Id="1594">
<Branch CovItemId="B11" CovItemPrefix="group2.game.Map.java" Implct="false" Intrnl_Id="1595">
<Cond/>
<LocList>
<Loc EndOffset="3692" SrcFileId="19" StartOffset="3528"/>
</LocList>
<StmntSeq Intrnl_Id="1596">
<LocList>
<Loc EndOffset="3686" SrcFileId="19" StartOffset="3535"/>
</LocList>
<BasicStmnt CovItemId="S59" CovItemPrefix="group2.game.Map.java" Intrnl_Id="1597">
<LocList>
<Loc EndOffset="3686" SrcFileId="19" StartOffset="3535"/>
</LocList>
</BasicStmnt>
</StmntSeq>
</Branch>
<Branch CovItemId="B12" CovItemPrefix="group2.game.Map.java" Implct="true" Intrnl_Id="1598">
<Cond/>
<LocList/>
<StmntSeq Intrnl_Id="1599">
<LocList/>
</StmntSeq>
</Branch>
<Keyword EndOffset="3496" SrcFileId="19" StartOffset="3494"/>
<LocList>
<Loc EndOffset="3692" SrcFileId="19" StartOffset="3494"/>
</LocList>
<RootTerm CovItemId="C7" CovItemPrefix="group2.game.Map.java" Intrnl_Id="1600">
<OpTerm BooleanOpId="31" Intrnl_Id="1601">
<BasicBoolTerm Intrnl_Id="1602">
<LocList>
<Loc EndOffset="3526" SrcFileId="19" StartOffset="3499"/>
</LocList>
</BasicBoolTerm>
<LocList>
<Loc EndOffset="3499" SrcFileId="19" StartOffset="3498"/>
</LocList>
</OpTerm>
</RootTerm>
</CondStmnt>
</StmntSeq>
</Branch>
<Keyword EndOffset="3256" SrcFileId="19" StartOffset="3254"/>
<LocList>
<Loc EndOffset="3697" SrcFileId="19" StartOffset="3254"/>
</LocList>
<RootTerm CovItemId="C5" CovItemPrefix="group2.game.Map.java" Intrnl_Id="1603">
<BasicBoolTerm Intrnl_Id="1604">
<LocList>
<Loc EndOffset="3278" SrcFileId="19" StartOffset="3258"/>
</LocList>
</BasicBoolTerm>
</RootTerm>
</CondStmnt>
</StmntSeq>
</Branch>
<Branch CovItemId="B6" CovItemPrefix="group2.game.Map.java" Implct="true" Intrnl_Id="1605">
<Cond/>
<LocList/>
<StmntSeq Intrnl_Id="1606">
<LocList/>
</StmntSeq>
</Branch>
<Keyword EndOffset="2764" SrcFileId="19" StartOffset="2762"/>
<LocList>
<Loc EndOffset="3701" SrcFileId="19" StartOffset="2762"/>
</LocList>
<RootTerm CovItemId="C4" CovItemPrefix="group2.game.Map.java" Intrnl_Id="1607">
<BasicBoolTerm Intrnl_Id="1608">
<LocList>
<Loc EndOffset="2808" SrcFileId="19" StartOffset="2766"/>
</LocList>
</BasicBoolTerm>
</RootTerm>
</CondStmnt>
<LoopStmnt CovItemId="S60" CovItemPrefix="group2.game.Map.java" Intrnl_Id="1609" MltplExecId="L2-2" MltplExecPrefix="group2.game.Map.java" NvrExecId="L2-0" NvrExecPrefix="group2.game.Map.java" OnceExecutedId="L2-1" OnceExecutedPrefix="group2.game.Map.java" OptBodyExec="true">
<StmntSeq Intrnl_Id="1610">
<LocList>
<Loc EndOffset="3789" SrcFileId="19" StartOffset="3759"/>
</LocList>
<BasicStmnt CovItemId="S61" CovItemPrefix="group2.game.Map.java" Intrnl_Id="1611">
<LocList>
<Loc EndOffset="3789" SrcFileId="19" StartOffset="3759"/>
</LocList>
</BasicStmnt>
</StmntSeq>
<Keyword EndOffset="3710" SrcFileId="19" StartOffset="3707"/>
<LocList>
<Loc EndOffset="3793" SrcFileId="19" StartOffset="3707"/>
</LocList>
<RootTerm CovItemId="C8" CovItemPrefix="group2.game.Map.java" Intrnl_Id="1612">
<BasicBoolTerm Intrnl_Id="1613">
<LocList>
<Loc EndOffset="3747" SrcFileId="19" StartOffset="3723"/>
</LocList>
</BasicBoolTerm>
</RootTerm>
</LoopStmnt>
<BasicStmnt CovItemId="S62" CovItemPrefix="group2.game.Map.java" Intrnl_Id="1614">
<LocList>
<Loc EndOffset="3808" SrcFileId="19" StartOffset="3796"/>
</LocList>
</BasicStmnt>
<CondStmnt CovItemId="S63" CovItemPrefix="group2.game.Map.java" Intrnl_Id="1615">
<Branch CovItemId="B13" CovItemPrefix="group2.game.Map.java" Implct="false" Intrnl_Id="1616">
<Cond/>
<LocList>
<Loc EndOffset="3986" SrcFileId="19" StartOffset="3829"/>
</LocList>
<StmntSeq Intrnl_Id="1617">
<LocList>
<Loc EndOffset="3870" SrcFileId="19" StartOffset="3834"/>
<Loc EndOffset="3884" SrcFileId="19" StartOffset="3874"/>
<Loc EndOffset="3982" SrcFileId="19" StartOffset="3888"/>
</LocList>
<BasicStmnt CovItemId="S64" CovItemPrefix="group2.game.Map.java" Intrnl_Id="1618">
<LocList>
<Loc EndOffset="3870" SrcFileId="19" StartOffset="3834"/>
</LocList>
</BasicStmnt>
<BasicStmnt CovItemId="S65" CovItemPrefix="group2.game.Map.java" Intrnl_Id="1619">
<LocList>
<Loc EndOffset="3884" SrcFileId="19" StartOffset="3874"/>
</LocList>
</BasicStmnt>
<LoopStmnt CovItemId="S66" CovItemPrefix="group2.game.Map.java" Intrnl_Id="1620" MltplExecId="L3-2" MltplExecPrefix="group2.game.Map.java" NvrExecId="L3-0" NvrExecPrefix="group2.game.Map.java" OnceExecutedId="L3-1" OnceExecutedPrefix="group2.game.Map.java" OptBodyExec="true">
<StmntSeq Intrnl_Id="1621">
<LocList>
<Loc EndOffset="3977" SrcFileId="19" StartOffset="3973"/>
</LocList>
<BasicStmnt CovItemId="S67" CovItemPrefix="group2.game.Map.java" Intrnl_Id="1622">
<LocList>
<Loc EndOffset="3977" SrcFileId="19" StartOffset="3973"/>
</LocList>
</BasicStmnt>
</StmntSeq>
<Keyword EndOffset="3893" SrcFileId="19" StartOffset="3888"/>
<LocList>
<Loc EndOffset="3982" SrcFileId="19" StartOffset="3888"/>
</LocList>
<RootTerm CovItemId="C10" CovItemPrefix="group2.game.Map.java" Intrnl_Id="1623">
<OpTerm BooleanOpId="32" Intrnl_Id="1624">
<OpTerm BooleanOpId="31" Intrnl_Id="1625">
<BasicBoolTerm Intrnl_Id="1626">
<LocList>
<Loc EndOffset="3956" SrcFileId="19" StartOffset="3895"/>
</LocList>
</BasicBoolTerm>
<LocList>
<Loc EndOffset="3895" SrcFileId="19" StartOffset="3894"/>
</LocList>
</OpTerm>
<BasicBoolTerm Intrnl_Id="1627">
<LocList>
<Loc EndOffset="3966" SrcFileId="19" StartOffset="3960"/>
</LocList>
</BasicBoolTerm>
<LocList>
<Loc EndOffset="3959" SrcFileId="19" StartOffset="3957"/>
</LocList>
</OpTerm>
</RootTerm>
</LoopStmnt>
</StmntSeq>
</Branch>
<Branch CovItemId="B14" CovItemPrefix="group2.game.Map.java" Implct="true" Intrnl_Id="1628">
<Cond/>
<LocList/>
<StmntSeq Intrnl_Id="1629">
<LocList/>
</StmntSeq>
</Branch>
<Keyword EndOffset="3813" SrcFileId="19" StartOffset="3811"/>
<LocList>
<Loc EndOffset="3986" SrcFileId="19" StartOffset="3811"/>
</LocList>
<RootTerm CovItemId="C9" CovItemPrefix="group2.game.Map.java" Intrnl_Id="1630">
<BasicBoolTerm Intrnl_Id="1631">
<LocList>
<Loc EndOffset="3828" SrcFileId="19" StartOffset="3815"/>
</LocList>
</BasicBoolTerm>
</RootTerm>
</CondStmnt>
<LoopStmnt CovItemId="S68" CovItemPrefix="group2.game.Map.java" Intrnl_Id="1632" MltplExecId="L4-2" MltplExecPrefix="group2.game.Map.java" NvrExecId="L4-0" NvrExecPrefix="group2.game.Map.java" OnceExecutedId="L4-1" OnceExecutedPrefix="group2.game.Map.java" OptBodyExec="true">
<StmntSeq Intrnl_Id="1633">
<LocList>
<Loc EndOffset="4067" SrcFileId="19" StartOffset="4039"/>
<Loc EndOffset="4205" SrcFileId="19" StartOffset="4071"/>
</LocList>
<BasicStmnt CovItemId="S69" CovItemPrefix="group2.game.Map.java" Intrnl_Id="1634">
<LocList>
<Loc EndOffset="4067" SrcFileId="19" StartOffset="4039"/>
</LocList>
</BasicStmnt>
<CondStmnt CovItemId="S70" CovItemPrefix="group2.game.Map.java" Intrnl_Id="1635">
<Branch CovItemId="B15" CovItemPrefix="group2.game.Map.java" Implct="false" Intrnl_Id="1636">
<Cond/>
<LocList>
<Loc EndOffset="4205" SrcFileId="19" StartOffset="4107"/>
</LocList>
<StmntSeq Intrnl_Id="1637">
<LocList>
<Loc EndOffset="4152" SrcFileId="19" StartOffset="4113"/>
<Loc EndOffset="4195" SrcFileId="19" StartOffset="4157"/>
</LocList>
<BasicStmnt CovItemId="S71" CovItemPrefix="group2.game.Map.java" Intrnl_Id="1638">
<LocList>
<Loc EndOffset="4152" SrcFileId="19" StartOffset="4113"/>
</LocList>
</BasicStmnt>
<BasicStmnt CovItemId="S72" CovItemPrefix="group2.game.Map.java" Intrnl_Id="1639">
<LocList>
<Loc EndOffset="4195" SrcFileId="19" StartOffset="4157"/>
</LocList>
</BasicStmnt>
</StmntSeq>
</Branch>
<Branch CovItemId="B16" CovItemPrefix="group2.game.Map.java" Implct="true" Intrnl_Id="1640">
<Cond/>
<LocList/>
<StmntSeq Intrnl_Id="1641">
<LocList/>
</StmntSeq>
</Branch>
<Keyword EndOffset="4073" SrcFileId="19" StartOffset="4071"/>
<LocList>
<Loc EndOffset="4205" SrcFileId="19" StartOffset="4071"/>
</LocList>
<RootTerm CovItemId="C12" CovItemPrefix="group2.game.Map.java" Intrnl_Id="1642">
<BasicBoolTerm Intrnl_Id="1643">
<LocList>
<Loc EndOffset="4106" SrcFileId="19" StartOffset="4075"/>
</LocList>
</BasicBoolTerm>
</RootTerm>
</CondStmnt>
</StmntSeq>
<Keyword EndOffset="3992" SrcFileId="19" StartOffset="3989"/>
<LocList>
<Loc EndOffset="4209" SrcFileId="19" StartOffset="3989"/>
</LocList>
<RootTerm CovItemId="C11" CovItemPrefix="group2.game.Map.java" Intrnl_Id="1644">
<BasicBoolTerm Intrnl_Id="1645">
<LocList>
<Loc EndOffset="4027" SrcFileId="19" StartOffset="4005"/>
</LocList>
</BasicBoolTerm>
</RootTerm>
</LoopStmnt>
<BasicStmnt CovItemId="S73" CovItemPrefix="group2.game.Map.java" Intrnl_Id="1646">
<LocList>
<Loc EndOffset="4227" SrcFileId="19" StartOffset="4213"/>
</LocList>
</BasicStmnt>
</StmntSeq>
</HierarchyLvl>
<HierarchyLvl HierarchyLvlId="107" HierarchyLvlTypeId="36" Intrnl_Id="1647" Name="updateSpeed">
<Header>
<Loc EndOffset="4347" SrcFileId="19" StartOffset="4317"/>
</Header>
<LocList>
<Loc EndOffset="4416" SrcFileId="19" StartOffset="4317"/>
</LocList>
<StmntSeq Intrnl_Id="1648">
<LocList>
<Loc EndOffset="4413" SrcFileId="19" StartOffset="4352"/>
</LocList>
<BasicStmnt CovItemId="S74" CovItemPrefix="group2.game.Map.java" Intrnl_Id="1649">
<LocList>
<Loc EndOffset="4413" SrcFileId="19" StartOffset="4352"/>
</LocList>
</BasicStmnt>
</StmntSeq>
</HierarchyLvl>
</HierarchyLvl>
<HierarchyLvl HierarchyLvlId="120" HierarchyLvlTypeId="35" Intrnl_Id="1650" Name="InputHandler">
<Header>
<Loc EndOffset="341" SrcFileId="20" StartOffset="255"/>
</Header>
<LocList>
<Loc EndOffset="8647" SrcFileId="20" StartOffset="255"/>
</LocList>
<StmntSeq Intrnl_Id="1651">
<LocList>
<Loc EndOffset="422" SrcFileId="20" StartOffset="384"/>
<Loc EndOffset="447" SrcFileId="20" StartOffset="424"/>
<Loc EndOffset="478" SrcFileId="20" StartOffset="449"/>
</LocList>
<BasicStmnt CovItemId="S1" CovItemPrefix="group2.game.InputHandler.java" Intrnl_Id="1652">
<LocList>
<Loc EndOffset="422" SrcFileId="20" StartOffset="384"/>
</LocList>
</BasicStmnt>
<BasicStmnt CovItemId="S2" CovItemPrefix="group2.game.InputHandler.java" Intrnl_Id="1653">
<LocList>
<Loc EndOffset="447" SrcFileId="20" StartOffset="424"/>
</LocList>
</BasicStmnt>
<BasicStmnt CovItemId="S3" CovItemPrefix="group2.game.InputHandler.java" Intrnl_Id="1654">
<LocList>
<Loc EndOffset="478" SrcFileId="20" StartOffset="449"/>
</LocList>
</BasicStmnt>
</StmntSeq>
<HierarchyLvl HierarchyLvlId="109" HierarchyLvlTypeId="36" Intrnl_Id="1655" Name="InputHandler">
<Header>
<Loc EndOffset="519" SrcFileId="20" StartOffset="481"/>
</Header>
<LocList>
<Loc EndOffset="542" SrcFileId="20" StartOffset="481"/>
</LocList>
<StmntSeq Intrnl_Id="1656">
<LocList>
<Loc EndOffset="538" SrcFileId="20" StartOffset="524"/>
</LocList>
<BasicStmnt CovItemId="S4" CovItemPrefix="group2.game.InputHandler.java" Intrnl_Id="1657">
<LocList>
<Loc EndOffset="538" SrcFileId="20" StartOffset="524"/>
</LocList>
</BasicStmnt>
</StmntSeq>
</HierarchyLvl>
<HierarchyLvl HierarchyLvlId="110" HierarchyLvlTypeId="36" Intrnl_Id="1658" Name="keyPressed">
<Header>
<Loc EndOffset="590" SrcFileId="20" StartOffset="545"/>
</Header>
<LocList>
<Loc EndOffset="595" SrcFileId="20" StartOffset="545"/>
</LocList>
</HierarchyLvl>
<HierarchyLvl HierarchyLvlId="111" HierarchyLvlTypeId="36" Intrnl_Id="1659" Name="keyReleased">
<Header>
<Loc EndOffset="644" SrcFileId="20" StartOffset="598"/>
</Header>
<LocList>
<Loc EndOffset="649" SrcFileId="20" StartOffset="598"/>
</LocList>
</HierarchyLvl>
<HierarchyLvl HierarchyLvlId="112" HierarchyLvlTypeId="36" Intrnl_Id="1660" Name="keyTyped">
<Header>
<Loc EndOffset="695" SrcFileId="20" StartOffset="652"/>
</Header>
<LocList>
<Loc EndOffset="700" SrcFileId="20" StartOffset="652"/>
</LocList>
</HierarchyLvl>
<HierarchyLvl HierarchyLvlId="113" HierarchyLvlTypeId="36" Intrnl_Id="1661" Name="mouseClicked">
<Header>
<Loc EndOffset="752" SrcFileId="20" StartOffset="703"/>
</Header>
<LocList>
<Loc EndOffset="758" SrcFileId="20" StartOffset="703"/>
</LocList>
</HierarchyLvl>
<HierarchyLvl HierarchyLvlId="114" HierarchyLvlTypeId="36" Intrnl_Id="1662" Name="mouseDragged">
<Header>
<Loc EndOffset="813" SrcFileId="20" StartOffset="761"/>
</Header>
<LocList>
<Loc EndOffset="819" SrcFileId="20" StartOffset="761"/>
</LocList>
</HierarchyLvl>
<HierarchyLvl HierarchyLvlId="115" HierarchyLvlTypeId="36" Intrnl_Id="1663" Name="mouseEntered">
<Header>
<Loc EndOffset="871" SrcFileId="20" StartOffset="822"/>
</Header>
<LocList>
<Loc EndOffset="877" SrcFileId="20" StartOffset="822"/>
</LocList>
</HierarchyLvl>
<HierarchyLvl HierarchyLvlId="116" HierarchyLvlTypeId="36" Intrnl_Id="1664" Name="mouseExited">
<Header>
<Loc EndOffset="928" SrcFileId="20" StartOffset="880"/>
</Header>
<LocList>
<Loc EndOffset="934" SrcFileId="20" StartOffset="880"/>
</LocList>
</HierarchyLvl>
<HierarchyLvl HierarchyLvlId="117" HierarchyLvlTypeId="36" Intrnl_Id="1665" Name="mouseMoved">
<Header>
<Loc EndOffset="987" SrcFileId="20" StartOffset="937"/>
</Header>
<LocList>
<Loc EndOffset="993" SrcFileId="20" StartOffset="937"/>
</LocList>
</HierarchyLvl>
<HierarchyLvl HierarchyLvlId="118" HierarchyLvlTypeId="36" Intrnl_Id="1666" Name="mousePressed">
<Header>
<Loc EndOffset="1936" SrcFileId="20" StartOffset="996"/>
</Header>
<LocList>
<Loc EndOffset="7118" SrcFileId="20" StartOffset="996"/>
</LocList>
<StmntSeq Intrnl_Id="1667">
<LocList>
<Loc EndOffset="1982" SrcFileId="20" StartOffset="1942"/>
<Loc EndOffset="2026" SrcFileId="20" StartOffset="1985"/>
<Loc EndOffset="2073" SrcFileId="20" StartOffset="2029"/>
<Loc EndOffset="7115" SrcFileId="20" StartOffset="2076"/>
</LocList>
<BasicStmnt CovItemId="S5" CovItemPrefix="group2.game.InputHandler.java" Intrnl_Id="1668">
<LocList>
<Loc EndOffset="1982" SrcFileId="20" StartOffset="1942"/>
</LocList>
</BasicStmnt>
<BasicStmnt CovItemId="S6" CovItemPrefix="group2.game.InputHandler.java" Intrnl_Id="1669">
<LocList>
<Loc EndOffset="2026" SrcFileId="20" StartOffset="1985"/>
</LocList>
</BasicStmnt>
<BasicStmnt CovItemId="S7" CovItemPrefix="group2.game.InputHandler.java" Intrnl_Id="1670">
<LocList>
<Loc EndOffset="2073" SrcFileId="20" StartOffset="2029"/>
</LocList>
</BasicStmnt>
<CondStmnt CovItemId="S8" CovItemPrefix="group2.game.InputHandler.java" Intrnl_Id="1671">
<Branch CovItemId="B1" CovItemPrefix="group2.game.InputHandler.java" Implct="false" Intrnl_Id="1672">
<Cond/>
<LocList>
<Loc EndOffset="6261" SrcFileId="20" StartOffset="2098"/>
</LocList>
<StmntSeq Intrnl_Id="1673">
<LocList>
<Loc EndOffset="2281" SrcFileId="20" StartOffset="2103"/>
<Loc EndOffset="6257" SrcFileId="20" StartOffset="2293"/>
</LocList>
<CondStmnt CovItemId="S9" CovItemPrefix="group2.game.InputHandler.java" Intrnl_Id="1674">
<Branch CovItemId="B3" CovItemPrefix="group2.game.InputHandler.java" Implct="false" Intrnl_Id="1675">
<Cond/>
<LocList>
<Loc EndOffset="2281" SrcFileId="20" StartOffset="2128"/>
</LocList>
<StmntSeq Intrnl_Id="1676">
<LocList>
<Loc EndOffset="2276" SrcFileId="20" StartOffset="2134"/>
</LocList>
<CondStmnt CovItemId="S10" CovItemPrefix="group2.game.InputHandler.java" Intrnl_Id="1677">
<Branch CovItemId="B5" CovItemPrefix="group2.game.InputHandler.java" Implct="false" Intrnl_Id="1678">
<Cond/>
<LocList>
<Loc EndOffset="2276" SrcFileId="20" StartOffset="2188"/>
</LocList>
<StmntSeq Intrnl_Id="1679">
<LocList>
<Loc EndOffset="2216" SrcFileId="20" StartOffset="2195"/>
<Loc EndOffset="2252" SrcFileId="20" StartOffset="2222"/>
<Loc EndOffset="2270" SrcFileId="20" StartOffset="2258"/>
</LocList>
<BasicStmnt CovItemId="S11" CovItemPrefix="group2.game.InputHandler.java" Intrnl_Id="1680">
<LocList>
<Loc EndOffset="2216" SrcFileId="20" StartOffset="2195"/>
</LocList>
</BasicStmnt>
<BasicStmnt CovItemId="S12" CovItemPrefix="group2.game.InputHandler.java" Intrnl_Id="1681">
<LocList>
<Loc EndOffset="2252" SrcFileId="20" StartOffset="2222"/>
</LocList>
</BasicStmnt>
<BasicStmnt CovItemId="S13" CovItemPrefix="group2.game.InputHandler.java" Intrnl_Id="1682">
<LocList>
<Loc EndOffset="2270" SrcFileId="20" StartOffset="2258"/>
</LocList>
</BasicStmnt>
</StmntSeq>
</Branch>
<Branch CovItemId="B6" CovItemPrefix="group2.game.InputHandler.java" Implct="true" Intrnl_Id="1683">
<Cond/>
<LocList/>
<StmntSeq Intrnl_Id="1684">
<LocList/>
</StmntSeq>
</Branch>
<Keyword EndOffset="2136" SrcFileId="20" StartOffset="2134"/>
<LocList>
<Loc EndOffset="2276" SrcFileId="20" StartOffset="2134"/>
</LocList>
<RootTerm CovItemId="C3" CovItemPrefix="group2.game.InputHandler.java" Intrnl_Id="1685">
<OpTerm BooleanOpId="32" Intrnl_Id="1686">
<OpTerm BooleanOpId="32" Intrnl_Id="1687">
<OpTerm BooleanOpId="32" Intrnl_Id="1688">
<BasicBoolTerm Intrnl_Id="1689">
<LocList>
<Loc EndOffset="2147" SrcFileId="20" StartOffset="2138"/>
</LocList>
</BasicBoolTerm>
<BasicBoolTerm Intrnl_Id="1690">
<LocList>
<Loc EndOffset="2160" SrcFileId="20" StartOffset="2151"/>
</LocList>
</BasicBoolTerm>
<LocList>
<Loc EndOffset="2150" SrcFileId="20" StartOffset="2148"/>
</LocList>
</OpTerm>
<BasicBoolTerm Intrnl_Id="1691">
<LocList>
<Loc EndOffset="2173" SrcFileId="20" StartOffset="2164"/>
</LocList>
</BasicBoolTerm>
<LocList>
<Loc EndOffset="2163" SrcFileId="20" StartOffset="2161"/>
</LocList>
</OpTerm>
<BasicBoolTerm Intrnl_Id="1692">
<LocList>
<Loc EndOffset="2186" SrcFileId="20" StartOffset="2177"/>
</LocList>
</BasicBoolTerm>
<LocList>
<Loc EndOffset="2176" SrcFileId="20" StartOffset="2174"/>
</LocList>
</OpTerm>
</RootTerm>
</CondStmnt>
</StmntSeq>
</Branch>
<Branch CovItemId="B4" CovItemPrefix="group2.game.InputHandler.java" Implct="true" Intrnl_Id="1693">
<Cond/>
<LocList/>
<StmntSeq Intrnl_Id="1694">
<LocList/>
</StmntSeq>
</Branch>
<Keyword EndOffset="2105" SrcFileId="20" StartOffset="2103"/>
<LocList>
<Loc EndOffset="2281" SrcFileId="20" StartOffset="2103"/>
</LocList>
<RootTerm CovItemId="C2" CovItemPrefix="group2.game.InputHandler.java" Intrnl_Id="1695">
<BasicBoolTerm Intrnl_Id="1696">
<LocList>
<Loc EndOffset="2126" SrcFileId="20" StartOffset="2107"/>
</LocList>
</BasicBoolTerm>
</RootTerm>
</CondStmnt>
<CondStmnt CovItemId="S14" CovItemPrefix="group2.game.InputHandler.java" Intrnl_Id="1697">
<Branch CovItemId="B7" CovItemPrefix="group2.game.InputHandler.java" Implct="false" Intrnl_Id="1698">
<Cond/>
<LocList>
<Loc EndOffset="5071" SrcFileId="20" StartOffset="2312"/>
</LocList>
<StmntSeq Intrnl_Id="1699">
<LocList>
<Loc EndOffset="3007" SrcFileId="20" StartOffset="2334"/>
<Loc EndOffset="3693" SrcFileId="20" StartOffset="3028"/>
<Loc EndOffset="4379" SrcFileId="20" StartOffset="3714"/>
<Loc EndOffset="5066" SrcFileId="20" StartOffset="4400"/>
</LocList>
<CondStmnt CovItemId="S15" CovItemPrefix="group2.game.InputHandler.java" Intrnl_Id="1700">
<Branch CovItemId="B9" CovItemPrefix="group2.game.InputHandler.java" Implct="false" Intrnl_Id="1701">
<Cond/>
<LocList>
<Loc EndOffset="3007" SrcFileId="20" StartOffset="2406"/>
</LocList>
<StmntSeq Intrnl_Id="1702">
<LocList>
<Loc EndOffset="3001" SrcFileId="20" StartOffset="2413"/>
</LocList>
<CondStmnt CovItemId="S16" CovItemPrefix="group2.game.InputHandler.java" Intrnl_Id="1703">
<Branch CovItemId="B11" CovItemPrefix="group2.game.InputHandler.java" Implct="false" Intrnl_Id="1704">
<Cond/>
<LocList>
<Loc EndOffset="2766" SrcFileId="20" StartOffset="2485"/>
</LocList>
<StmntSeq Intrnl_Id="1705">
<LocList>
<Loc EndOffset="2548" SrcFileId="20" StartOffset="2493"/>
<Loc EndOffset="2612" SrcFileId="20" StartOffset="2555"/>
<Loc EndOffset="2641" SrcFileId="20" StartOffset="2619"/>
<Loc EndOffset="2677" SrcFileId="20" StartOffset="2648"/>
<Loc EndOffset="2709" SrcFileId="20" StartOffset="2684"/>
<Loc EndOffset="2759" SrcFileId="20" StartOffset="2716"/>
</LocList>
<BasicStmnt CovItemId="S17" CovItemPrefix="group2.game.InputHandler.java" Intrnl_Id="1706">
<LocList>
<Loc EndOffset="2548" SrcFileId="20" StartOffset="2493"/>
</LocList>
</BasicStmnt>
<BasicStmnt CovItemId="S18" CovItemPrefix="group2.game.InputHandler.java" Intrnl_Id="1707">
<LocList>
<Loc EndOffset="2612" SrcFileId="20" StartOffset="2555"/>
</LocList>
</BasicStmnt>
<BasicStmnt CovItemId="S19" CovItemPrefix="group2.game.InputHandler.java" Intrnl_Id="1708">
<LocList>
<Loc EndOffset="2641" SrcFileId="20" StartOffset="2619"/>
</LocList>
</BasicStmnt>
<BasicStmnt CovItemId="S20" CovItemPrefix="group2.game.InputHandler.java" Intrnl_Id="1709">
<LocList>
<Loc EndOffset="2677" SrcFileId="20" StartOffset="2648"/>
</LocList>
</BasicStmnt>
<BasicStmnt CovItemId="S21" CovItemPrefix="group2.game.InputHandler.java" Intrnl_Id="1710">
<LocList>
<Loc EndOffset="2709" SrcFileId="20" StartOffset="2684"/>
</LocList>
</BasicStmnt>
<BasicStmnt CovItemId="S22" CovItemPrefix="group2.game.InputHandler.java" Intrnl_Id="1711">
<LocList>
<Loc EndOffset="2759" SrcFileId="20" StartOffset="2716"/>
</LocList>
</BasicStmnt>
</StmntSeq>
</Branch>
<Branch CovItemId="B12" CovItemPrefix="group2.game.InputHandler.java" Implct="false" Intrnl_Id="1712">
<Cond>
<Loc EndOffset="2771" SrcFileId="20" StartOffset="2767"/>
</Cond>
<LocList>
<Loc EndOffset="3001" SrcFileId="20" StartOffset="2772"/>
</LocList>
<StmntSeq Intrnl_Id="1713">
<LocList>
<Loc EndOffset="2833" SrcFileId="20" StartOffset="2780"/>
<Loc EndOffset="2897" SrcFileId="20" StartOffset="2840"/>
<Loc EndOffset="2926" SrcFileId="20" StartOffset="2904"/>
<Loc EndOffset="2962" SrcFileId="20" StartOffset="2933"/>
<Loc EndOffset="2994" SrcFileId="20" StartOffset="2969"/>
</LocList>
<BasicStmnt CovItemId="S23" CovItemPrefix="group2.game.InputHandler.java" Intrnl_Id="1714">
<LocList>
<Loc EndOffset="2833" SrcFileId="20" StartOffset="2780"/>
</LocList>
</BasicStmnt>
<BasicStmnt CovItemId="S24" CovItemPrefix="group2.game.InputHandler.java" Intrnl_Id="1715">
<LocList>
<Loc EndOffset="2897" SrcFileId="20" StartOffset="2840"/>
</LocList>
</BasicStmnt>
<BasicStmnt CovItemId="S25" CovItemPrefix="group2.game.InputHandler.java" Intrnl_Id="1716">
<LocList>
<Loc EndOffset="2926" SrcFileId="20" StartOffset="2904"/>
</LocList>
</BasicStmnt>
<BasicStmnt CovItemId="S26" CovItemPrefix="group2.game.InputHandler.java" Intrnl_Id="1717">
<LocList>
<Loc EndOffset="2962" SrcFileId="20" StartOffset="2933"/>
</LocList>
</BasicStmnt>
<BasicStmnt CovItemId="S27" CovItemPrefix="group2.game.InputHandler.java" Intrnl_Id="1718">
<LocList>
<Loc EndOffset="2994" SrcFileId="20" StartOffset="2969"/>
</LocList>
</BasicStmnt>
</StmntSeq>
</Branch>
<Keyword EndOffset="2415" SrcFileId="20" StartOffset="2413"/>
<LocList>
<Loc EndOffset="3001" SrcFileId="20" StartOffset="2413"/>
</LocList>
<RootTerm CovItemId="C6" CovItemPrefix="group2.game.InputHandler.java" Intrnl_Id="1719">
<BasicBoolTerm Intrnl_Id="1720">
<LocList>
<Loc EndOffset="2483" SrcFileId="20" StartOffset="2417"/>
</LocList>
</BasicBoolTerm>
</RootTerm>
</CondStmnt>
</StmntSeq>
</Branch>
<Branch CovItemId="B10" CovItemPrefix="group2.game.InputHandler.java" Implct="true" Intrnl_Id="1721">
<Cond/>
<LocList/>
<StmntSeq Intrnl_Id="1722">
<LocList/>
</StmntSeq>
</Branch>
<Keyword EndOffset="2336" SrcFileId="20" StartOffset="2334"/>
<LocList>
<Loc EndOffset="3007" SrcFileId="20" StartOffset="2334"/>
</LocList>
<RootTerm CovItemId="C5" CovItemPrefix="group2.game.InputHandler.java" Intrnl_Id="1723">
<OpTerm BooleanOpId="32" Intrnl_Id="1724">
<OpTerm BooleanOpId="32" Intrnl_Id="1725">
<OpTerm BooleanOpId="32" Intrnl_Id="1726">
<BasicBoolTerm Intrnl_Id="1727">
<LocList>
<Loc EndOffset="2345" SrcFileId="20" StartOffset="2338"/>
</LocList>
</BasicBoolTerm>
<BasicBoolTerm Intrnl_Id="1728">
<LocList>
<Loc EndOffset="2366" SrcFileId="20" StartOffset="2349"/>
</LocList>
</BasicBoolTerm>
<LocList>
<Loc EndOffset="2348" SrcFileId="20" StartOffset="2346"/>
</LocList>
</OpTerm>
<BasicBoolTerm Intrnl_Id="1729">
<LocList>
<Loc EndOffset="2377" SrcFileId="20" StartOffset="2370"/>
</LocList>
</BasicBoolTerm>
<LocList>
<Loc EndOffset="2369" SrcFileId="20" StartOffset="2367"/>
</LocList>
</OpTerm>
<BasicBoolTerm Intrnl_Id="1730">
<LocList>
<Loc EndOffset="2404" SrcFileId="20" StartOffset="2387"/>
</LocList>
</BasicBoolTerm>
<LocList>
<Loc EndOffset="2386" SrcFileId="20" StartOffset="2384"/>
</LocList>
</OpTerm>
</RootTerm>
</CondStmnt>
<CondStmnt CovItemId="S28" CovItemPrefix="group2.game.InputHandler.java" Intrnl_Id="1731">
<Branch CovItemId="B13" CovItemPrefix="group2.game.InputHandler.java" Implct="false" Intrnl_Id="1732">
<Cond/>
<LocList>
<Loc EndOffset="3693" SrcFileId="20" StartOffset="3092"/>
</LocList>
<StmntSeq Intrnl_Id="1733">
<LocList>
<Loc EndOffset="3687" SrcFileId="20" StartOffset="3099"/>
</LocList>
<CondStmnt CovItemId="S29" CovItemPrefix="group2.game.InputHandler.java" Intrnl_Id="1734">
<Branch CovItemId="B15" CovItemPrefix="group2.game.InputHandler.java" Implct="false" Intrnl_Id="1735">
<Cond/>
<LocList>
<Loc EndOffset="3452" SrcFileId="20" StartOffset="3171"/>
</LocList>
<StmntSeq Intrnl_Id="1736">
<LocList>
<Loc EndOffset="3234" SrcFileId="20" StartOffset="3179"/>
<Loc EndOffset="3298" SrcFileId="20" StartOffset="3241"/>
<Loc EndOffset="3327" SrcFileId="20" StartOffset="3305"/>
<Loc EndOffset="3363" SrcFileId="20" StartOffset="3334"/>
<Loc EndOffset="3395" SrcFileId="20" StartOffset="3370"/>
<Loc EndOffset="3445" SrcFileId="20" StartOffset="3402"/>
</LocList>
<BasicStmnt CovItemId="S30" CovItemPrefix="group2.game.InputHandler.java" Intrnl_Id="1737">
<LocList>
<Loc EndOffset="3234" SrcFileId="20" StartOffset="3179"/>
</LocList>
</BasicStmnt>
<BasicStmnt CovItemId="S31" CovItemPrefix="group2.game.InputHandler.java" Intrnl_Id="1738">
<LocList>
<Loc EndOffset="3298" SrcFileId="20" StartOffset="3241"/>
</LocList>
</BasicStmnt>
<BasicStmnt CovItemId="S32" CovItemPrefix="group2.game.InputHandler.java" Intrnl_Id="1739">
<LocList>
<Loc EndOffset="3327" SrcFileId="20" StartOffset="3305"/>
</LocList>
</BasicStmnt>
<BasicStmnt CovItemId="S33" CovItemPrefix="group2.game.InputHandler.java" Intrnl_Id="1740">
<LocList>
<Loc EndOffset="3363" SrcFileId="20" StartOffset="3334"/>
</LocList>
</BasicStmnt>
<BasicStmnt CovItemId="S34" CovItemPrefix="group2.game.InputHandler.java" Intrnl_Id="1741">
<LocList>
<Loc EndOffset="3395" SrcFileId="20" StartOffset="3370"/>
</LocList>
</BasicStmnt>
<BasicStmnt CovItemId="S35" CovItemPrefix="group2.game.InputHandler.java" Intrnl_Id="1742">
<LocList>
<Loc EndOffset="3445" SrcFileId="20" StartOffset="3402"/>
</LocList>
</BasicStmnt>
</StmntSeq>
</Branch>
<Branch CovItemId="B16" CovItemPrefix="group2.game.InputHandler.java" Implct="false" Intrnl_Id="1743">
<Cond>
<Loc EndOffset="3457" SrcFileId="20" StartOffset="3453"/>
</Cond>
<LocList>
<Loc EndOffset="3687" SrcFileId="20" StartOffset="3458"/>
</LocList>
<StmntSeq Intrnl_Id="1744">
<LocList>
<Loc EndOffset="3519" SrcFileId="20" StartOffset="3466"/>
<Loc EndOffset="3583" SrcFileId="20" StartOffset="3526"/>
<Loc EndOffset="3612" SrcFileId="20" StartOffset="3590"/>
<Loc EndOffset="3648" SrcFileId="20" StartOffset="3619"/>
<Loc EndOffset="3680" SrcFileId="20" StartOffset="3655"/>
</LocList>
<BasicStmnt CovItemId="S36" CovItemPrefix="group2.game.InputHandler.java" Intrnl_Id="1745">
<LocList>
<Loc EndOffset="3519" SrcFileId="20" StartOffset="3466"/>
</LocList>
</BasicStmnt>
<BasicStmnt CovItemId="S37" CovItemPrefix="group2.game.InputHandler.java" Intrnl_Id="1746">
<LocList>
<Loc EndOffset="3583" SrcFileId="20" StartOffset="3526"/>
</LocList>
</BasicStmnt>
<BasicStmnt CovItemId="S38" CovItemPrefix="group2.game.InputHandler.java" Intrnl_Id="1747">
<LocList>
<Loc EndOffset="3612" SrcFileId="20" StartOffset="3590"/>
</LocList>
</BasicStmnt>
<BasicStmnt CovItemId="S39" CovItemPrefix="group2.game.InputHandler.java" Intrnl_Id="1748">
<LocList>
<Loc EndOffset="3648" SrcFileId="20" StartOffset="3619"/>
</LocList>
</BasicStmnt>
<BasicStmnt CovItemId="S40" CovItemPrefix="group2.game.InputHandler.java" Intrnl_Id="1749">
<LocList>
<Loc EndOffset="3680" SrcFileId="20" StartOffset="3655"/>
</LocList>
</BasicStmnt>
</StmntSeq>
</Branch>
<Keyword EndOffset="3101" SrcFileId="20" StartOffset="3099"/>
<LocList>
<Loc EndOffset="3687" SrcFileId="20" StartOffset="3099"/>
</LocList>
<RootTerm CovItemId="C8" CovItemPrefix="group2.game.InputHandler.java" Intrnl_Id="1750">
<BasicBoolTerm Intrnl_Id="1751">
<LocList>
<Loc EndOffset="3169" SrcFileId="20" StartOffset="3103"/>
</LocList>
</BasicBoolTerm>
</RootTerm>
</CondStmnt>
</StmntSeq>
</Branch>
<Branch CovItemId="B14" CovItemPrefix="group2.game.InputHandler.java" Implct="true" Intrnl_Id="1752">
<Cond/>
<LocList/>
<StmntSeq Intrnl_Id="1753">
<LocList/>
</StmntSeq>
</Branch>
<Keyword EndOffset="3030" SrcFileId="20" StartOffset="3028"/>
<LocList>
<Loc EndOffset="3693" SrcFileId="20" StartOffset="3028"/>
</LocList>
<RootTerm CovItemId="C7" CovItemPrefix="group2.game.InputHandler.java" Intrnl_Id="1754">
<OpTerm BooleanOpId="32" Intrnl_Id="1755">
<OpTerm BooleanOpId="32" Intrnl_Id="1756">
<OpTerm BooleanOpId="32" Intrnl_Id="1757">
<BasicBoolTerm Intrnl_Id="1758">
<LocList>
<Loc EndOffset="3039" SrcFileId="20" StartOffset="3032"/>
</LocList>
</BasicBoolTerm>
<BasicBoolTerm Intrnl_Id="1759">
<LocList>
<Loc EndOffset="3060" SrcFileId="20" StartOffset="3043"/>
</LocList>
</BasicBoolTerm>
<LocList>
<Loc EndOffset="3042" SrcFileId="20" StartOffset="3040"/>
</LocList>
</OpTerm>
<BasicBoolTerm Intrnl_Id="1760">
<LocList>
<Loc EndOffset="3070" SrcFileId="20" StartOffset="3064"/>
</LocList>
</BasicBoolTerm>
<LocList>
<Loc EndOffset="3063" SrcFileId="20" StartOffset="3061"/>
</LocList>
</OpTerm>
<BasicBoolTerm Intrnl_Id="1761">
<LocList>
<Loc EndOffset="3090" SrcFileId="20" StartOffset="3074"/>
</LocList>
</BasicBoolTerm>
<LocList>
<Loc EndOffset="3073" SrcFileId="20" StartOffset="3071"/>
</LocList>
</OpTerm>
</RootTerm>
</CondStmnt>
<CondStmnt CovItemId="S41" CovItemPrefix="group2.game.InputHandler.java" Intrnl_Id="1762">
<Branch CovItemId="B17" CovItemPrefix="group2.game.InputHandler.java" Implct="false" Intrnl_Id="1763">
<Cond/>
<LocList>
<Loc EndOffset="4379" SrcFileId="20" StartOffset="3778"/>
</LocList>
<StmntSeq Intrnl_Id="1764">
<LocList>
<Loc EndOffset="4373" SrcFileId="20" StartOffset="3785"/>
</LocList>
<CondStmnt CovItemId="S42" CovItemPrefix="group2.game.InputHandler.java" Intrnl_Id="1765">
<Branch CovItemId="B19" CovItemPrefix="group2.game.InputHandler.java" Implct="false" Intrnl_Id="1766">
<Cond/>
<LocList>
<Loc EndOffset="4138" SrcFileId="20" StartOffset="3857"/>
</LocList>
<StmntSeq Intrnl_Id="1767">
<LocList>
<Loc EndOffset="3920" SrcFileId="20" StartOffset="3865"/>
<Loc EndOffset="3984" SrcFileId="20" StartOffset="3927"/>
<Loc EndOffset="4013" SrcFileId="20" StartOffset="3991"/>
<Loc EndOffset="4049" SrcFileId="20" StartOffset="4020"/>
<Loc EndOffset="4081" SrcFileId="20" StartOffset="4056"/>
<Loc EndOffset="4131" SrcFileId="20" StartOffset="4088"/>
</LocList>
<BasicStmnt CovItemId="S43" CovItemPrefix="group2.game.InputHandler.java" Intrnl_Id="1768">
<LocList>
<Loc EndOffset="3920" SrcFileId="20" StartOffset="3865"/>
</LocList>
</BasicStmnt>
<BasicStmnt CovItemId="S44" CovItemPrefix="group2.game.InputHandler.java" Intrnl_Id="1769">
<LocList>
<Loc EndOffset="3984" SrcFileId="20" StartOffset="3927"/>
</LocList>
</BasicStmnt>
<BasicStmnt CovItemId="S45" CovItemPrefix="group2.game.InputHandler.java" Intrnl_Id="1770">
<LocList>
<Loc EndOffset="4013" SrcFileId="20" StartOffset="3991"/>
</LocList>
</BasicStmnt>
<BasicStmnt CovItemId="S46" CovItemPrefix="group2.game.InputHandler.java" Intrnl_Id="1771">
<LocList>
<Loc EndOffset="4049" SrcFileId="20" StartOffset="4020"/>
</LocList>
</BasicStmnt>
<BasicStmnt CovItemId="S47" CovItemPrefix="group2.game.InputHandler.java" Intrnl_Id="1772">
<LocList>
<Loc EndOffset="4081" SrcFileId="20" StartOffset="4056"/>
</LocList>
</BasicStmnt>
<BasicStmnt CovItemId="S48" CovItemPrefix="group2.game.InputHandler.java" Intrnl_Id="1773">
<LocList>
<Loc EndOffset="4131" SrcFileId="20" StartOffset="4088"/>
</LocList>
</BasicStmnt>
</StmntSeq>
</Branch>
<Branch CovItemId="B20" CovItemPrefix="group2.game.InputHandler.java" Implct="false" Intrnl_Id="1774">
<Cond>
<Loc EndOffset="4143" SrcFileId="20" StartOffset="4139"/>
</Cond>
<LocList>
<Loc EndOffset="4373" SrcFileId="20" StartOffset="4144"/>
</LocList>
<StmntSeq Intrnl_Id="1775">
<LocList>
<Loc EndOffset="4205" SrcFileId="20" StartOffset="4152"/>
<Loc EndOffset="4269" SrcFileId="20" StartOffset="4212"/>
<Loc EndOffset="4298" SrcFileId="20" StartOffset="4276"/>
<Loc EndOffset="4334" SrcFileId="20" StartOffset="4305"/>
<Loc EndOffset="4366" SrcFileId="20" StartOffset="4341"/>
</LocList>
<BasicStmnt CovItemId="S49" CovItemPrefix="group2.game.InputHandler.java" Intrnl_Id="1776">
<LocList>
<Loc EndOffset="4205" SrcFileId="20" StartOffset="4152"/>
</LocList>
</BasicStmnt>
<BasicStmnt CovItemId="S50" CovItemPrefix="group2.game.InputHandler.java" Intrnl_Id="1777">
<LocList>
<Loc EndOffset="4269" SrcFileId="20" StartOffset="4212"/>
</LocList>
</BasicStmnt>
<BasicStmnt CovItemId="S51" CovItemPrefix="group2.game.InputHandler.java" Intrnl_Id="1778">
<LocList>
<Loc EndOffset="4298" SrcFileId="20" StartOffset="4276"/>
</LocList>
</BasicStmnt>
<BasicStmnt CovItemId="S52" CovItemPrefix="group2.game.InputHandler.java" Intrnl_Id="1779">
<LocList>
<Loc EndOffset="4334" SrcFileId="20" StartOffset="4305"/>
</LocList>
</BasicStmnt>
<BasicStmnt CovItemId="S53" CovItemPrefix="group2.game.InputHandler.java" Intrnl_Id="1780">
<LocList>
<Loc EndOffset="4366" SrcFileId="20" StartOffset="4341"/>
</LocList>
</BasicStmnt>
</StmntSeq>
</Branch>
<Keyword EndOffset="3787" SrcFileId="20" StartOffset="3785"/>
<LocList>
<Loc EndOffset="4373" SrcFileId="20" StartOffset="3785"/>
</LocList>
<RootTerm CovItemId="C10" CovItemPrefix="group2.game.InputHandler.java" Intrnl_Id="1781">
<BasicBoolTerm Intrnl_Id="1782">
<LocList>
<Loc EndOffset="3855" SrcFileId="20" StartOffset="3789"/>
</LocList>
</BasicBoolTerm>
</RootTerm>
</CondStmnt>
</StmntSeq>
</Branch>
<Branch CovItemId="B18" CovItemPrefix="group2.game.InputHandler.java" Implct="true" Intrnl_Id="1783">
<Cond/>
<LocList/>
<StmntSeq Intrnl_Id="1784">
<LocList/>
</StmntSeq>
</Branch>
<Keyword EndOffset="3716" SrcFileId="20" StartOffset="3714"/>
<LocList>
<Loc EndOffset="4379" SrcFileId="20" StartOffset="3714"/>
</LocList>
<RootTerm CovItemId="C9" CovItemPrefix="group2.game.InputHandler.java" Intrnl_Id="1785">
<OpTerm BooleanOpId="32" Intrnl_Id="1786">
<OpTerm BooleanOpId="32" Intrnl_Id="1787">
<OpTerm BooleanOpId="32" Intrnl_Id="1788">
<BasicBoolTerm Intrnl_Id="1789">
<LocList>
<Loc EndOffset="3725" SrcFileId="20" StartOffset="3718"/>
</LocList>
</BasicBoolTerm>
<BasicBoolTerm Intrnl_Id="1790">
<LocList>
<Loc EndOffset="3745" SrcFileId="20" StartOffset="3729"/>
</LocList>
</BasicBoolTerm>
<LocList>
<Loc EndOffset="3728" SrcFileId="20" StartOffset="3726"/>
</LocList>
</OpTerm>
<BasicBoolTerm Intrnl_Id="1791">
<LocList>
<Loc EndOffset="3756" SrcFileId="20" StartOffset="3749"/>
</LocList>
</BasicBoolTerm>
<LocList>
<Loc EndOffset="3748" SrcFileId="20" StartOffset="3746"/>
</LocList>
</OpTerm>
<BasicBoolTerm Intrnl_Id="1792">
<LocList>
<Loc EndOffset="3776" SrcFileId="20" StartOffset="3760"/>
</LocList>
</BasicBoolTerm>
<LocList>
<Loc EndOffset="3759" SrcFileId="20" StartOffset="3757"/>
</LocList>
</OpTerm>
</RootTerm>
</CondStmnt>
<CondStmnt CovItemId="S54" CovItemPrefix="group2.game.InputHandler.java" Intrnl_Id="1793">
<Branch CovItemId="B21" CovItemPrefix="group2.game.InputHandler.java" Implct="false" Intrnl_Id="1794">
<Cond/>
<LocList>
<Loc EndOffset="5066" SrcFileId="20" StartOffset="4464"/>
</LocList>
<StmntSeq Intrnl_Id="1795">
<LocList>
<Loc EndOffset="5060" SrcFileId="20" StartOffset="4471"/>
</LocList>
<CondStmnt CovItemId="S55" CovItemPrefix="group2.game.InputHandler.java" Intrnl_Id="1796">
<Branch CovItemId="B23" CovItemPrefix="group2.game.InputHandler.java" Implct="false" Intrnl_Id="1797">
<Cond/>
<LocList>
<Loc EndOffset="4825" SrcFileId="20" StartOffset="4543"/>
</LocList>
<StmntSeq Intrnl_Id="1798">
<LocList>
<Loc EndOffset="4606" SrcFileId="20" StartOffset="4551"/>
<Loc EndOffset="4670" SrcFileId="20" StartOffset="4613"/>
<Loc EndOffset="4699" SrcFileId="20" StartOffset="4677"/>
<Loc EndOffset="4736" SrcFileId="20" StartOffset="4707"/>
<Loc EndOffset="4768" SrcFileId="20" StartOffset="4743"/>
<Loc EndOffset="4818" SrcFileId="20" StartOffset="4775"/>
</LocList>
<BasicStmnt CovItemId="S56" CovItemPrefix="group2.game.InputHandler.java" Intrnl_Id="1799">
<LocList>
<Loc EndOffset="4606" SrcFileId="20" StartOffset="4551"/>
</LocList>
</BasicStmnt>
<BasicStmnt CovItemId="S57" CovItemPrefix="group2.game.InputHandler.java" Intrnl_Id="1800">
<LocList>
<Loc EndOffset="4670" SrcFileId="20" StartOffset="4613"/>
</LocList>
</BasicStmnt>
<BasicStmnt CovItemId="S58" CovItemPrefix="group2.game.InputHandler.java" Intrnl_Id="1801">
<LocList>
<Loc EndOffset="4699" SrcFileId="20" StartOffset="4677"/>
</LocList>
</BasicStmnt>
<BasicStmnt CovItemId="S59" CovItemPrefix="group2.game.InputHandler.java" Intrnl_Id="1802">
<LocList>
<Loc EndOffset="4736" SrcFileId="20" StartOffset="4707"/>
</LocList>
</BasicStmnt>
<BasicStmnt CovItemId="S60" CovItemPrefix="group2.game.InputHandler.java" Intrnl_Id="1803">
<LocList>
<Loc EndOffset="4768" SrcFileId="20" StartOffset="4743"/>
</LocList>
</BasicStmnt>
<BasicStmnt CovItemId="S61" CovItemPrefix="group2.game.InputHandler.java" Intrnl_Id="1804">
<LocList>
<Loc EndOffset="4818" SrcFileId="20" StartOffset="4775"/>
</LocList>
</BasicStmnt>
</StmntSeq>
</Branch>
<Branch CovItemId="B24" CovItemPrefix="group2.game.InputHandler.java" Implct="false" Intrnl_Id="1805">
<Cond>
<Loc EndOffset="4830" SrcFileId="20" StartOffset="4826"/>
</Cond>
<LocList>
<Loc EndOffset="5060" SrcFileId="20" StartOffset="4831"/>
</LocList>
<StmntSeq Intrnl_Id="1806">
<LocList>
<Loc EndOffset="4892" SrcFileId="20" StartOffset="4839"/>
<Loc EndOffset="4956" SrcFileId="20" StartOffset="4899"/>
<Loc EndOffset="4985" SrcFileId="20" StartOffset="4963"/>
<Loc EndOffset="5021" SrcFileId="20" StartOffset="4992"/>
<Loc EndOffset="5053" SrcFileId="20" StartOffset="5028"/>
</LocList>
<BasicStmnt CovItemId="S62" CovItemPrefix="group2.game.InputHandler.java" Intrnl_Id="1807">
<LocList>
<Loc EndOffset="4892" SrcFileId="20" StartOffset="4839"/>
</LocList>
</BasicStmnt>
<BasicStmnt CovItemId="S63" CovItemPrefix="group2.game.InputHandler.java" Intrnl_Id="1808">
<LocList>
<Loc EndOffset="4956" SrcFileId="20" StartOffset="4899"/>
</LocList>
</BasicStmnt>
<BasicStmnt CovItemId="S64" CovItemPrefix="group2.game.InputHandler.java" Intrnl_Id="1809">
<LocList>
<Loc EndOffset="4985" SrcFileId="20" StartOffset="4963"/>
</LocList>
</BasicStmnt>
<BasicStmnt CovItemId="S65" CovItemPrefix="group2.game.InputHandler.java" Intrnl_Id="1810">
<LocList>
<Loc EndOffset="5021" SrcFileId="20" StartOffset="4992"/>
</LocList>
</BasicStmnt>
<BasicStmnt CovItemId="S66" CovItemPrefix="group2.game.InputHandler.java" Intrnl_Id="1811">
<LocList>
<Loc EndOffset="5053" SrcFileId="20" StartOffset="5028"/>
</LocList>
</BasicStmnt>
</StmntSeq>
</Branch>
<Keyword EndOffset="4473" SrcFileId="20" StartOffset="4471"/>
<LocList>
<Loc EndOffset="5060" SrcFileId="20" StartOffset="4471"/>
</LocList>
<RootTerm CovItemId="C12" CovItemPrefix="group2.game.InputHandler.java" Intrnl_Id="1812">
<BasicBoolTerm Intrnl_Id="1813">
<LocList>
<Loc EndOffset="4541" SrcFileId="20" StartOffset="4475"/>
</LocList>
</BasicBoolTerm>
</RootTerm>
</CondStmnt>
</StmntSeq>
</Branch>
<Branch CovItemId="B22" CovItemPrefix="group2.game.InputHandler.java" Implct="true" Intrnl_Id="1814">
<Cond/>
<LocList/>
<StmntSeq Intrnl_Id="1815">
<LocList/>
</StmntSeq>
</Branch>
<Keyword EndOffset="4402" SrcFileId="20" StartOffset="4400"/>
<LocList>
<Loc EndOffset="5066" SrcFileId="20" StartOffset="4400"/>
</LocList>
<RootTerm CovItemId="C11" CovItemPrefix="group2.game.InputHandler.java" Intrnl_Id="1816">
<OpTerm BooleanOpId="32" Intrnl_Id="1817">
<OpTerm BooleanOpId="32" Intrnl_Id="1818">
<OpTerm BooleanOpId="32" Intrnl_Id="1819">
<BasicBoolTerm Intrnl_Id="1820">
<LocList>
<Loc EndOffset="4411" SrcFileId="20" StartOffset="4404"/>
</LocList>
</BasicBoolTerm>
<BasicBoolTerm Intrnl_Id="1821">
<LocList>
<Loc EndOffset="4431" SrcFileId="20" StartOffset="4415"/>
</LocList>
</BasicBoolTerm>
<LocList>
<Loc EndOffset="4414" SrcFileId="20" StartOffset="4412"/>
</LocList>
</OpTerm>
<BasicBoolTerm Intrnl_Id="1822">
<LocList>
<Loc EndOffset="4442" SrcFileId="20" StartOffset="4435"/>
</LocList>
</BasicBoolTerm>
<LocList>
<Loc EndOffset="4434" SrcFileId="20" StartOffset="4432"/>
</LocList>
</OpTerm>
<BasicBoolTerm Intrnl_Id="1823">
<LocList>
<Loc EndOffset="4462" SrcFileId="20" StartOffset="4446"/>
</LocList>
</BasicBoolTerm>
<LocList>
<Loc EndOffset="4445" SrcFileId="20" StartOffset="4443"/>
</LocList>
</OpTerm>
</RootTerm>
</CondStmnt>
</StmntSeq>
</Branch>
<Branch CovItemId="B8" CovItemPrefix="group2.game.InputHandler.java" Implct="false" Intrnl_Id="1824">
<Cond>
<Loc EndOffset="5076" SrcFileId="20" StartOffset="5072"/>
</Cond>
<LocList>
<Loc EndOffset="6257" SrcFileId="20" StartOffset="5077"/>
</LocList>
<StmntSeq Intrnl_Id="1825">
<LocList>
<Loc EndOffset="6257" SrcFileId="20" StartOffset="5077"/>
</LocList>
<CondStmnt CovItemId="S67" CovItemPrefix="group2.game.InputHandler.java" Intrnl_Id="1826">
<Branch CovItemId="B25" CovItemPrefix="group2.game.InputHandler.java" Implct="false" Intrnl_Id="1827">
<Cond/>
<LocList>
<Loc EndOffset="5191" SrcFileId="20" StartOffset="5155"/>
</LocList>
<StmntSeq Intrnl_Id="1828">
<LocList>
<Loc EndOffset="5185" SrcFileId="20" StartOffset="5161"/>
</LocList>
<BasicStmnt CovItemId="S68" CovItemPrefix="group2.game.InputHandler.java" Intrnl_Id="1829">
<LocList>
<Loc EndOffset="5185" SrcFileId="20" StartOffset="5161"/>
</LocList>
</BasicStmnt>
</StmntSeq>
</Branch>
<Branch CovItemId="B26" CovItemPrefix="group2.game.InputHandler.java" Implct="false" Intrnl_Id="1830">
<Cond>
<Loc EndOffset="5196" SrcFileId="20" StartOffset="5192"/>
</Cond>
<LocList>
<Loc EndOffset="6257" SrcFileId="20" StartOffset="5197"/>
</LocList>
<StmntSeq Intrnl_Id="1831">
<LocList>
<Loc EndOffset="6252" SrcFileId="20" StartOffset="5203"/>
</LocList>
<CondStmnt CovItemId="S69" CovItemPrefix="group2.game.InputHandler.java" Intrnl_Id="1832">
<Branch CovItemId="B27" CovItemPrefix="group2.game.InputHandler.java" Implct="false" Intrnl_Id="1833">
<Cond/>
<LocList>
<Loc EndOffset="6252" SrcFileId="20" StartOffset="5237"/>
</LocList>
<StmntSeq Intrnl_Id="1834">
<LocList>
<Loc EndOffset="6246" SrcFileId="20" StartOffset="5244"/>
</LocList>
<CondStmnt CovItemId="S70" CovItemPrefix="group2.game.InputHandler.java" Intrnl_Id="1835">
<Branch CovItemId="B29" CovItemPrefix="group2.game.InputHandler.java" Implct="false" Intrnl_Id="1836">
<Cond/>
<LocList>
<Loc EndOffset="6246" SrcFileId="20" StartOffset="5275"/>
</LocList>
<StmntSeq Intrnl_Id="1837">
<LocList>
<Loc EndOffset="5682" SrcFileId="20" StartOffset="5283"/>
<Loc EndOffset="5952" SrcFileId="20" StartOffset="5689"/>
<Loc EndOffset="6239" SrcFileId="20" StartOffset="5959"/>
</LocList>
<LoopStmnt CovItemId="S71" CovItemPrefix="group2.game.InputHandler.java" Intrnl_Id="1838" MltplExecId="L1-2" MltplExecPrefix="group2.game.InputHandler.java" NvrExecId="L1-0" NvrExecPrefix="group2.game.InputHandler.java" OnceExecutedId="L1-1" OnceExecutedPrefix="group2.game.InputHandler.java" OptBodyExec="true">
<StmntSeq Intrnl_Id="1839">
<LocList>
<Loc EndOffset="5388" SrcFileId="20" StartOffset="5344"/>
<Loc EndOffset="5674" SrcFileId="20" StartOffset="5396"/>
</LocList>
<BasicStmnt CovItemId="S72" CovItemPrefix="group2.game.InputHandler.java" Intrnl_Id="1840">
<LocList>
<Loc EndOffset="5388" SrcFileId="20" StartOffset="5344"/>
</LocList>
</BasicStmnt>
<CondStmnt CovItemId="S73" CovItemPrefix="group2.game.InputHandler.java" Intrnl_Id="1841">
<Branch CovItemId="B31" CovItemPrefix="group2.game.InputHandler.java" Implct="false" Intrnl_Id="1842">
<Cond/>
<LocList>
<Loc EndOffset="5674" SrcFileId="20" StartOffset="5449"/>
</LocList>
<StmntSeq Intrnl_Id="1843">
<LocList>
<Loc EndOffset="5478" SrcFileId="20" StartOffset="5459"/>
<Loc EndOffset="5508" SrcFileId="20" StartOffset="5487"/>
<Loc EndOffset="5545" SrcFileId="20" StartOffset="5517"/>
<Loc EndOffset="5616" SrcFileId="20" StartOffset="5554"/>
<Loc EndOffset="5650" SrcFileId="20" StartOffset="5625"/>
<Loc EndOffset="5665" SrcFileId="20" StartOffset="5659"/>
</LocList>
<BasicStmnt CovItemId="S74" CovItemPrefix="group2.game.InputHandler.java" Intrnl_Id="1844">
<LocList>
<Loc EndOffset="5478" SrcFileId="20" StartOffset="5459"/>
</LocList>
</BasicStmnt>
<BasicStmnt CovItemId="S75" CovItemPrefix="group2.game.InputHandler.java" Intrnl_Id="1845">
<LocList>
<Loc EndOffset="5508" SrcFileId="20" StartOffset="5487"/>
</LocList>
</BasicStmnt>
<BasicStmnt CovItemId="S76" CovItemPrefix="group2.game.InputHandler.java" Intrnl_Id="1846">
<LocList>
<Loc EndOffset="5545" SrcFileId="20" StartOffset="5517"/>
</LocList>
</BasicStmnt>
<CondStmnt CovItemId="S77" CovItemPrefix="group2.game.InputHandler.java" Intrnl_Id="1847">
<Branch CovItemId="B33" CovItemPrefix="group2.game.InputHandler.java" Implct="false" Intrnl_Id="1848">
<Cond/>
<LocList>
<Loc EndOffset="5616" SrcFileId="20" StartOffset="5571"/>
</LocList>
<StmntSeq Intrnl_Id="1849">
<LocList>
<Loc EndOffset="5606" SrcFileId="20" StartOffset="5582"/>
</LocList>
<BasicStmnt CovItemId="S78" CovItemPrefix="group2.game.InputHandler.java" Intrnl_Id="1850">
<LocList>
<Loc EndOffset="5606" SrcFileId="20" StartOffset="5582"/>
</LocList>
</BasicStmnt>
</StmntSeq>
</Branch>
<Branch CovItemId="B34" CovItemPrefix="group2.game.InputHandler.java" Implct="true" Intrnl_Id="1851">
<Cond/>
<LocList/>
<StmntSeq Intrnl_Id="1852">
<LocList/>
</StmntSeq>
</Branch>
<Keyword EndOffset="5556" SrcFileId="20" StartOffset="5554"/>
<LocList>
<Loc EndOffset="5616" SrcFileId="20" StartOffset="5554"/>
</LocList>
<RootTerm CovItemId="C18" CovItemPrefix="group2.game.InputHandler.java" Intrnl_Id="1853">
<OpTerm BooleanOpId="31" Intrnl_Id="1854">
<BasicBoolTerm Intrnl_Id="1855">
<LocList>
<Loc EndOffset="5569" SrcFileId="20" StartOffset="5559"/>
</LocList>
</BasicBoolTerm>
<LocList>
<Loc EndOffset="5559" SrcFileId="20" StartOffset="5558"/>
</LocList>
</OpTerm>
</RootTerm>
</CondStmnt>
<BasicStmnt CovItemId="S79" CovItemPrefix="group2.game.InputHandler.java" Intrnl_Id="1856">
<LocList>
<Loc EndOffset="5650" SrcFileId="20" StartOffset="5625"/>
</LocList>
</BasicStmnt>
<BasicStmnt CovItemId="S80" CovItemPrefix="group2.game.InputHandler.java" Intrnl_Id="1857">
<LocList>
<Loc EndOffset="5665" SrcFileId="20" StartOffset="5659"/>
</LocList>
</BasicStmnt>
</StmntSeq>
</Branch>
<Branch CovItemId="B32" CovItemPrefix="group2.game.InputHandler.java" Implct="true" Intrnl_Id="1858">
<Cond/>
<LocList/>
<StmntSeq Intrnl_Id="1859">
<LocList/>
</StmntSeq>
</Branch>
<Keyword EndOffset="5398" SrcFileId="20" StartOffset="5396"/>
<LocList>
<Loc EndOffset="5674" SrcFileId="20" StartOffset="5396"/>
</LocList>
<RootTerm CovItemId="C17" CovItemPrefix="group2.game.InputHandler.java" Intrnl_Id="1860">
<OpTerm BooleanOpId="32" Intrnl_Id="1861">
<BasicBoolTerm Intrnl_Id="1862">
<LocList>
<Loc EndOffset="5430" SrcFileId="20" StartOffset="5400"/>
</LocList>
</BasicBoolTerm>
<BasicBoolTerm Intrnl_Id="1863">
<LocList>
<Loc EndOffset="5447" SrcFileId="20" StartOffset="5434"/>
</LocList>
</BasicBoolTerm>
<LocList>
<Loc EndOffset="5433" SrcFileId="20" StartOffset="5431"/>
</LocList>
</OpTerm>
</RootTerm>
</CondStmnt>
</StmntSeq>
<Keyword EndOffset="5286" SrcFileId="20" StartOffset="5283"/>
<LocList>
<Loc EndOffset="5682" SrcFileId="20" StartOffset="5283"/>
</LocList>
<RootTerm CovItemId="C16" CovItemPrefix="group2.game.InputHandler.java" Intrnl_Id="1864">
<BasicBoolTerm Intrnl_Id="1865">
<LocList>
<Loc EndOffset="5328" SrcFileId="20" StartOffset="5299"/>
</LocList>
</BasicBoolTerm>
</RootTerm>
</LoopStmnt>
<LoopStmnt CovItemId="S81" CovItemPrefix="group2.game.InputHandler.java" Intrnl_Id="1866" MltplExecId="L2-2" MltplExecPrefix="group2.game.InputHandler.java" NvrExecId="L2-0" NvrExecPrefix="group2.game.InputHandler.java" OnceExecutedId="L2-1" OnceExecutedPrefix="group2.game.InputHandler.java" OptBodyExec="true">
<StmntSeq Intrnl_Id="1867">
<LocList>
<Loc EndOffset="5944" SrcFileId="20" StartOffset="5744"/>
</LocList>
<CondStmnt CovItemId="S82" CovItemPrefix="group2.game.InputHandler.java" Intrnl_Id="1868">
<Branch CovItemId="B35" CovItemPrefix="group2.game.InputHandler.java" Implct="false" Intrnl_Id="1869">
<Cond/>
<LocList>
<Loc EndOffset="5944" SrcFileId="20" StartOffset="5773"/>
</LocList>
<StmntSeq Intrnl_Id="1870">
<LocList>
<Loc EndOffset="5860" SrcFileId="20" StartOffset="5783"/>
<Loc EndOffset="5891" SrcFileId="20" StartOffset="5869"/>
<Loc EndOffset="5920" SrcFileId="20" StartOffset="5900"/>
<Loc EndOffset="5935" SrcFileId="20" StartOffset="5929"/>
</LocList>
<CondStmnt CovItemId="S83" CovItemPrefix="group2.game.InputHandler.java" Intrnl_Id="1871">
<Branch CovItemId="B37" CovItemPrefix="group2.game.InputHandler.java" Implct="false" Intrnl_Id="1872">
<Cond/>
<LocList>
<Loc EndOffset="5860" SrcFileId="20" StartOffset="5823"/>
</LocList>
<StmntSeq Intrnl_Id="1873">
<LocList>
<Loc EndOffset="5860" SrcFileId="20" StartOffset="5823"/>
</LocList>
<BasicStmnt CovItemId="S84" CovItemPrefix="group2.game.InputHandler.java" Intrnl_Id="1874">
<LocList>
<Loc EndOffset="5860" SrcFileId="20" StartOffset="5823"/>
</LocList>
</BasicStmnt>
</StmntSeq>
</Branch>
<Branch CovItemId="B38" CovItemPrefix="group2.game.InputHandler.java" Implct="true" Intrnl_Id="1875">
<Cond/>
<LocList/>
<StmntSeq Intrnl_Id="1876">
<LocList/>
</StmntSeq>
</Branch>
<Keyword EndOffset="5785" SrcFileId="20" StartOffset="5783"/>
<LocList>
<Loc EndOffset="5860" SrcFileId="20" StartOffset="5783"/>
</LocList>
<RootTerm CovItemId="C20" CovItemPrefix="group2.game.InputHandler.java" Intrnl_Id="1877">
<BasicBoolTerm Intrnl_Id="1878">
<LocList>
<Loc EndOffset="5812" SrcFileId="20" StartOffset="5787"/>
</LocList>
</BasicBoolTerm>
</RootTerm>
</CondStmnt>
<BasicStmnt CovItemId="S85" CovItemPrefix="group2.game.InputHandler.java" Intrnl_Id="1879">
<LocList>
<Loc EndOffset="5891" SrcFileId="20" StartOffset="5869"/>
</LocList>
</BasicStmnt>
<BasicStmnt CovItemId="S86" CovItemPrefix="group2.game.InputHandler.java" Intrnl_Id="1880">
<LocList>
<Loc EndOffset="5920" SrcFileId="20" StartOffset="5900"/>
</LocList>
</BasicStmnt>
<BasicStmnt CovItemId="S87" CovItemPrefix="group2.game.InputHandler.java" Intrnl_Id="1881">
<LocList>
<Loc EndOffset="5935" SrcFileId="20" StartOffset="5929"/>
</LocList>
</BasicStmnt>
</StmntSeq>
</Branch>
<Branch CovItemId="B36" CovItemPrefix="group2.game.InputHandler.java" Implct="true" Intrnl_Id="1882">
<Cond/>
<LocList/>
<StmntSeq Intrnl_Id="1883">
<LocList/>
</StmntSeq>
</Branch>
<Keyword EndOffset="5746" SrcFileId="20" StartOffset="5744"/>
<LocList>
<Loc EndOffset="5944" SrcFileId="20" StartOffset="5744"/>
</LocList>
<RootTerm CovItemId="C19" CovItemPrefix="group2.game.InputHandler.java" Intrnl_Id="1884">
<BasicBoolTerm Intrnl_Id="1885">
<LocList>
<Loc EndOffset="5771" SrcFileId="20" StartOffset="5748"/>
</LocList>
</BasicBoolTerm>
</RootTerm>
</CondStmnt>
</StmntSeq>
<Keyword EndOffset="5692" SrcFileId="20" StartOffset="5689"/>
<LocList>
<Loc EndOffset="5952" SrcFileId="20" StartOffset="5689"/>
</LocList>
</LoopStmnt>
<LoopStmnt CovItemId="S88" CovItemPrefix="group2.game.InputHandler.java" Intrnl_Id="1886" MltplExecId="L3-2" MltplExecPrefix="group2.game.InputHandler.java" NvrExecId="L3-0" NvrExecPrefix="group2.game.InputHandler.java" OnceExecutedId="L3-1" OnceExecutedPrefix="group2.game.InputHandler.java" OptBodyExec="true">
<StmntSeq Intrnl_Id="1887">
<LocList>
<Loc EndOffset="6231" SrcFileId="20" StartOffset="6002"/>
</LocList>
<CondStmnt CovItemId="S89" CovItemPrefix="group2.game.InputHandler.java" Intrnl_Id="1888">
<Branch CovItemId="B39" CovItemPrefix="group2.game.InputHandler.java" Implct="false" Intrnl_Id="1889">
<Cond/>
<LocList>
<Loc EndOffset="6231" SrcFileId="20" StartOffset="6031"/>
</LocList>
<StmntSeq Intrnl_Id="1890">
<LocList>
<Loc EndOffset="6070" SrcFileId="20" StartOffset="6041"/>
<Loc EndOffset="6150" SrcFileId="20" StartOffset="6079"/>
<Loc EndOffset="6178" SrcFileId="20" StartOffset="6159"/>
<Loc EndOffset="6207" SrcFileId="20" StartOffset="6187"/>
<Loc EndOffset="6222" SrcFileId="20" StartOffset="6216"/>
</LocList>
<BasicStmnt CovItemId="S90" CovItemPrefix="group2.game.InputHandler.java" Intrnl_Id="1891">
<LocList>
<Loc EndOffset="6070" SrcFileId="20" StartOffset="6041"/>
</LocList>
</BasicStmnt>
<CondStmnt CovItemId="S91" CovItemPrefix="group2.game.InputHandler.java" Intrnl_Id="1892">
<Branch CovItemId="B41" CovItemPrefix="group2.game.InputHandler.java" Implct="false" Intrnl_Id="1893">
<Cond/>
<LocList>
<Loc EndOffset="6150" SrcFileId="20" StartOffset="6116"/>
</LocList>
<StmntSeq Intrnl_Id="1894">
<LocList>
<Loc EndOffset="6150" SrcFileId="20" StartOffset="6116"/>
</LocList>
<BasicStmnt CovItemId="S92" CovItemPrefix="group2.game.InputHandler.java" Intrnl_Id="1895">
<LocList>
<Loc EndOffset="6150" SrcFileId="20" StartOffset="6116"/>
</LocList>
</BasicStmnt>
</StmntSeq>
</Branch>
<Branch CovItemId="B42" CovItemPrefix="group2.game.InputHandler.java" Implct="true" Intrnl_Id="1896">
<Cond/>
<LocList/>
<StmntSeq Intrnl_Id="1897">
<LocList/>
</StmntSeq>
</Branch>
<Keyword EndOffset="6081" SrcFileId="20" StartOffset="6079"/>
<LocList>
<Loc EndOffset="6150" SrcFileId="20" StartOffset="6079"/>
</LocList>
<RootTerm CovItemId="C22" CovItemPrefix="group2.game.InputHandler.java" Intrnl_Id="1898">
<BasicBoolTerm Intrnl_Id="1899">
<LocList>
<Loc EndOffset="6105" SrcFileId="20" StartOffset="6083"/>
</LocList>
</BasicBoolTerm>
</RootTerm>
</CondStmnt>
<BasicStmnt CovItemId="S93" CovItemPrefix="group2.game.InputHandler.java" Intrnl_Id="1900">
<LocList>
<Loc EndOffset="6178" SrcFileId="20" StartOffset="6159"/>
</LocList>
</BasicStmnt>
<BasicStmnt CovItemId="S94" CovItemPrefix="group2.game.InputHandler.java" Intrnl_Id="1901">
<LocList>
<Loc EndOffset="6207" SrcFileId="20" StartOffset="6187"/>
</LocList>
</BasicStmnt>
<BasicStmnt CovItemId="S95" CovItemPrefix="group2.game.InputHandler.java" Intrnl_Id="1902">
<LocList>
<Loc EndOffset="6222" SrcFileId="20" StartOffset="6216"/>
</LocList>
</BasicStmnt>
</StmntSeq>
</Branch>
<Branch CovItemId="B40" CovItemPrefix="group2.game.InputHandler.java" Implct="true" Intrnl_Id="1903">
<Cond/>
<LocList/>
<StmntSeq Intrnl_Id="1904">
<LocList/>
</StmntSeq>
</Branch>
<Keyword EndOffset="6004" SrcFileId="20" StartOffset="6002"/>
<LocList>
<Loc EndOffset="6231" SrcFileId="20" StartOffset="6002"/>
</LocList>
<RootTerm CovItemId="C21" CovItemPrefix="group2.game.InputHandler.java" Intrnl_Id="1905">
<BasicBoolTerm Intrnl_Id="1906">
<LocList>
<Loc EndOffset="6029" SrcFileId="20" StartOffset="6006"/>
</LocList>
</BasicBoolTerm>
</RootTerm>
</CondStmnt>
</StmntSeq>
<Keyword EndOffset="5962" SrcFileId="20" StartOffset="5959"/>
<LocList>
<Loc EndOffset="6239" SrcFileId="20" StartOffset="5959"/>
</LocList>
</LoopStmnt>
</StmntSeq>
</Branch>
<Branch CovItemId="B30" CovItemPrefix="group2.game.InputHandler.java" Implct="true" Intrnl_Id="1907">
<Cond/>
<LocList/>
<StmntSeq Intrnl_Id="1908">
<LocList/>
</StmntSeq>
</Branch>
<Keyword EndOffset="5246" SrcFileId="20" StartOffset="5244"/>
<LocList>
<Loc EndOffset="6246" SrcFileId="20" StartOffset="5244"/>
</LocList>
<RootTerm CovItemId="C15" CovItemPrefix="group2.game.InputHandler.java" Intrnl_Id="1909">
<BasicBoolTerm Intrnl_Id="1910">
<LocList>
<Loc EndOffset="5273" SrcFileId="20" StartOffset="5248"/>
</LocList>
</BasicBoolTerm>
</RootTerm>
</CondStmnt>
</StmntSeq>
</Branch>
<Branch CovItemId="B28" CovItemPrefix="group2.game.InputHandler.java" Implct="true" Intrnl_Id="1911">
<Cond/>
<LocList/>
<StmntSeq Intrnl_Id="1912">
<LocList/>
</StmntSeq>
</Branch>
<Keyword EndOffset="5205" SrcFileId="20" StartOffset="5203"/>
<LocList>
<Loc EndOffset="6252" SrcFileId="20" StartOffset="5203"/>
</LocList>
<RootTerm CovItemId="C14" CovItemPrefix="group2.game.InputHandler.java" Intrnl_Id="1913">
<OpTerm BooleanOpId="32" Intrnl_Id="1914">
<OpTerm BooleanOpId="31" Intrnl_Id="1915">
<BasicBoolTerm Intrnl_Id="1916">
<LocList>
<Loc EndOffset="5218" SrcFileId="20" StartOffset="5207"/>
</LocList>
</BasicBoolTerm>
<LocList>
<Loc EndOffset="5207" SrcFileId="20" StartOffset="5206"/>
</LocList>
</OpTerm>
<OpTerm BooleanOpId="31" Intrnl_Id="1917">
<BasicBoolTerm Intrnl_Id="1918">
<LocList>
<Loc EndOffset="5236" SrcFileId="20" StartOffset="5223"/>
</LocList>
</BasicBoolTerm>
<LocList>
<Loc EndOffset="5223" SrcFileId="20" StartOffset="5222"/>
</LocList>
</OpTerm>
<LocList>
<Loc EndOffset="5221" SrcFileId="20" StartOffset="5219"/>
</LocList>
</OpTerm>
</RootTerm>
</CondStmnt>
</StmntSeq>
</Branch>
<Keyword EndOffset="5079" SrcFileId="20" StartOffset="5077"/>
<LocList>
<Loc EndOffset="6257" SrcFileId="20" StartOffset="5077"/>
</LocList>
<RootTerm CovItemId="C13" CovItemPrefix="group2.game.InputHandler.java" Intrnl_Id="1919">
<OpTerm BooleanOpId="32" Intrnl_Id="1920">
<OpTerm BooleanOpId="32" Intrnl_Id="1921">
<OpTerm BooleanOpId="32" Intrnl_Id="1922">
<OpTerm BooleanOpId="32" Intrnl_Id="1923">
<BasicBoolTerm Intrnl_Id="1924">
<LocList>
<Loc EndOffset="5090" SrcFileId="20" StartOffset="5081"/>
</LocList>
</BasicBoolTerm>
<BasicBoolTerm Intrnl_Id="1925">
<LocList>
<Loc EndOffset="5103" SrcFileId="20" StartOffset="5094"/>
</LocList>
</BasicBoolTerm>
<LocList>
<Loc EndOffset="5093" SrcFileId="20" StartOffset="5091"/>
</LocList>
</OpTerm>
<BasicBoolTerm Intrnl_Id="1926">
<LocList>
<Loc EndOffset="5116" SrcFileId="20" StartOffset="5107"/>
</LocList>
</BasicBoolTerm>
<LocList>
<Loc EndOffset="5106" SrcFileId="20" StartOffset="5104"/>
</LocList>
</OpTerm>
<BasicBoolTerm Intrnl_Id="1927">
<LocList>
<Loc EndOffset="5130" SrcFileId="20" StartOffset="5120"/>
</LocList>
</BasicBoolTerm>
<LocList>
<Loc EndOffset="5119" SrcFileId="20" StartOffset="5117"/>
</LocList>
</OpTerm>
<OpTerm BooleanOpId="31" Intrnl_Id="1928">
<BasicBoolTerm Intrnl_Id="1929">
<LocList>
<Loc EndOffset="5153" SrcFileId="20" StartOffset="5140"/>
</LocList>
</BasicBoolTerm>
<LocList>
<Loc EndOffset="5140" SrcFileId="20" StartOffset="5139"/>
</LocList>
</OpTerm>
<LocList>
<Loc EndOffset="5138" SrcFileId="20" StartOffset="5136"/>
</LocList>
</OpTerm>
</RootTerm>
</CondStmnt>
</StmntSeq>
</Branch>
<Keyword EndOffset="2295" SrcFileId="20" StartOffset="2293"/>
<LocList>
<Loc EndOffset="6257" SrcFileId="20" StartOffset="2293"/>
</LocList>
<RootTerm CovItemId="C4" CovItemPrefix="group2.game.InputHandler.java" Intrnl_Id="1930">
<BasicBoolTerm Intrnl_Id="1931">
<LocList>
<Loc EndOffset="2310" SrcFileId="20" StartOffset="2297"/>
</LocList>
</BasicBoolTerm>
</RootTerm>
</CondStmnt>
</StmntSeq>
</Branch>
<Branch CovItemId="B2" CovItemPrefix="group2.game.InputHandler.java" Implct="false" Intrnl_Id="1932">
<Cond>
<Loc EndOffset="6266" SrcFileId="20" StartOffset="6262"/>
</Cond>
<LocList>
<Loc EndOffset="7115" SrcFileId="20" StartOffset="6267"/>
</LocList>
<StmntSeq Intrnl_Id="1933">
<LocList>
<Loc EndOffset="7115" SrcFileId="20" StartOffset="6267"/>
</LocList>
<CondStmnt CovItemId="S96" CovItemPrefix="group2.game.InputHandler.java" Intrnl_Id="1934">
<Branch CovItemId="B43" CovItemPrefix="group2.game.InputHandler.java" Implct="false" Intrnl_Id="1935">
<Cond/>
<LocList>
<Loc EndOffset="6753" SrcFileId="20" StartOffset="6289"/>
</LocList>
<StmntSeq Intrnl_Id="1936">
<LocList>
<Loc EndOffset="6749" SrcFileId="20" StartOffset="6294"/>
</LocList>
<CondStmnt CovItemId="S97" CovItemPrefix="group2.game.InputHandler.java" Intrnl_Id="1937">
<Branch CovItemId="B45" CovItemPrefix="group2.game.InputHandler.java" Implct="false" Intrnl_Id="1938">
<Cond/>
<LocList>
<Loc EndOffset="6414" SrcFileId="20" StartOffset="6348"/>
</LocList>
<StmntSeq Intrnl_Id="1939">
<LocList>
<Loc EndOffset="6379" SrcFileId="20" StartOffset="6354"/>
<Loc EndOffset="6409" SrcFileId="20" StartOffset="6384"/>
</LocList>
<BasicStmnt CovItemId="S98" CovItemPrefix="group2.game.InputHandler.java" Intrnl_Id="1940">
<LocList>
<Loc EndOffset="6379" SrcFileId="20" StartOffset="6354"/>
</LocList>
</BasicStmnt>
<BasicStmnt CovItemId="S99" CovItemPrefix="group2.game.InputHandler.java" Intrnl_Id="1941">
<LocList>
<Loc EndOffset="6409" SrcFileId="20" StartOffset="6384"/>
</LocList>
</BasicStmnt>
</StmntSeq>
</Branch>
<Branch CovItemId="B46" CovItemPrefix="group2.game.InputHandler.java" Implct="false" Intrnl_Id="1942">
<Cond>
<Loc EndOffset="6419" SrcFileId="20" StartOffset="6415"/>
</Cond>
<LocList>
<Loc EndOffset="6749" SrcFileId="20" StartOffset="6420"/>
</LocList>
<StmntSeq Intrnl_Id="1943">
<LocList>
<Loc EndOffset="6749" SrcFileId="20" StartOffset="6420"/>
</LocList>
<CondStmnt CovItemId="S100" CovItemPrefix="group2.game.InputHandler.java" Intrnl_Id="1944">
<Branch CovItemId="B47" CovItemPrefix="group2.game.InputHandler.java" Implct="false" Intrnl_Id="1945">
<Cond/>
<LocList>
<Loc EndOffset="6575" SrcFileId="20" StartOffset="6474"/>
</LocList>
<StmntSeq Intrnl_Id="1946">
<LocList>
<Loc EndOffset="6505" SrcFileId="20" StartOffset="6480"/>
<Loc EndOffset="6540" SrcFileId="20" StartOffset="6510"/>
<Loc EndOffset="6570" SrcFileId="20" StartOffset="6545"/>
</LocList>
<BasicStmnt CovItemId="S101" CovItemPrefix="group2.game.InputHandler.java" Intrnl_Id="1947">
<LocList>
<Loc EndOffset="6505" SrcFileId="20" StartOffset="6480"/>
</LocList>
</BasicStmnt>
<BasicStmnt CovItemId="S102" CovItemPrefix="group2.game.InputHandler.java" Intrnl_Id="1948">
<LocList>
<Loc EndOffset="6540" SrcFileId="20" StartOffset="6510"/>
</LocList>
</BasicStmnt>
<BasicStmnt CovItemId="S103" CovItemPrefix="group2.game.InputHandler.java" Intrnl_Id="1949">
<LocList>
<Loc EndOffset="6570" SrcFileId="20" StartOffset="6545"/>
</LocList>
</BasicStmnt>
</StmntSeq>
</Branch>
<Branch CovItemId="B48" CovItemPrefix="group2.game.InputHandler.java" Implct="false" Intrnl_Id="1950">
<Cond>
<Loc EndOffset="6583" SrcFileId="20" StartOffset="6579"/>
</Cond>
<LocList>
<Loc EndOffset="6749" SrcFileId="20" StartOffset="6584"/>
</LocList>
<StmntSeq Intrnl_Id="1951">
<LocList>
<Loc EndOffset="6749" SrcFileId="20" StartOffset="6584"/>
</LocList>
<CondStmnt CovItemId="S104" CovItemPrefix="group2.game.InputHandler.java" Intrnl_Id="1952">
<Branch CovItemId="B49" CovItemPrefix="group2.game.InputHandler.java" Implct="false" Intrnl_Id="1953">
<Cond/>
<LocList>
<Loc EndOffset="6749" SrcFileId="20" StartOffset="6640"/>
</LocList>
<StmntSeq Intrnl_Id="1954">
<LocList>
<Loc EndOffset="6686" SrcFileId="20" StartOffset="6646"/>
<Loc EndOffset="6714" SrcFileId="20" StartOffset="6691"/>
<Loc EndOffset="6744" SrcFileId="20" StartOffset="6719"/>
</LocList>
<BasicStmnt CovItemId="S105" CovItemPrefix="group2.game.InputHandler.java" Intrnl_Id="1955">
<LocList>
<Loc EndOffset="6686" SrcFileId="20" StartOffset="6646"/>
</LocList>
</BasicStmnt>
<BasicStmnt CovItemId="S106" CovItemPrefix="group2.game.InputHandler.java" Intrnl_Id="1956">
<LocList>
<Loc EndOffset="6714" SrcFileId="20" StartOffset="6691"/>
</LocList>
</BasicStmnt>
<BasicStmnt CovItemId="S107" CovItemPrefix="group2.game.InputHandler.java" Intrnl_Id="1957">
<LocList>
<Loc EndOffset="6744" SrcFileId="20" StartOffset="6719"/>
</LocList>
</BasicStmnt>
</StmntSeq>
</Branch>
<Branch CovItemId="B50" CovItemPrefix="group2.game.InputHandler.java" Implct="true" Intrnl_Id="1958">
<Cond/>
<LocList/>
<StmntSeq Intrnl_Id="1959">
<LocList/>
</StmntSeq>
</Branch>
<Keyword EndOffset="6586" SrcFileId="20" StartOffset="6584"/>
<LocList>
<Loc EndOffset="6749" SrcFileId="20" StartOffset="6584"/>
</LocList>
<RootTerm CovItemId="C26" CovItemPrefix="group2.game.InputHandler.java" Intrnl_Id="1960">
<OpTerm BooleanOpId="32" Intrnl_Id="1961">
<OpTerm BooleanOpId="32" Intrnl_Id="1962">
<OpTerm BooleanOpId="32" Intrnl_Id="1963">
<BasicBoolTerm Intrnl_Id="1964">
<LocList>
<Loc EndOffset="6598" SrcFileId="20" StartOffset="6588"/>
</LocList>
</BasicBoolTerm>
<BasicBoolTerm Intrnl_Id="1965">
<LocList>
<Loc EndOffset="6612" SrcFileId="20" StartOffset="6602"/>
</LocList>
</BasicBoolTerm>
<LocList>
<Loc EndOffset="6601" SrcFileId="20" StartOffset="6599"/>
</LocList>
</OpTerm>
<BasicBoolTerm Intrnl_Id="1966">
<LocList>
<Loc EndOffset="6625" SrcFileId="20" StartOffset="6616"/>
</LocList>
</BasicBoolTerm>
<LocList>
<Loc EndOffset="6615" SrcFileId="20" StartOffset="6613"/>
</LocList>
</OpTerm>
<BasicBoolTerm Intrnl_Id="1967">
<LocList>
<Loc EndOffset="6638" SrcFileId="20" StartOffset="6629"/>
</LocList>
</BasicBoolTerm>
<LocList>
<Loc EndOffset="6628" SrcFileId="20" StartOffset="6626"/>
</LocList>
</OpTerm>
</RootTerm>
</CondStmnt>
</StmntSeq>
</Branch>
<Keyword EndOffset="6422" SrcFileId="20" StartOffset="6420"/>
<LocList>
<Loc EndOffset="6749" SrcFileId="20" StartOffset="6420"/>
</LocList>
<RootTerm CovItemId="C25" CovItemPrefix="group2.game.InputHandler.java" Intrnl_Id="1968">
<OpTerm BooleanOpId="32" Intrnl_Id="1969">
<OpTerm BooleanOpId="32" Intrnl_Id="1970">
<OpTerm BooleanOpId="32" Intrnl_Id="1971">
<BasicBoolTerm Intrnl_Id="1972">
<LocList>
<Loc EndOffset="6433" SrcFileId="20" StartOffset="6424"/>
</LocList>
</BasicBoolTerm>
<BasicBoolTerm Intrnl_Id="1973">
<LocList>
<Loc EndOffset="6446" SrcFileId="20" StartOffset="6437"/>
</LocList>
</BasicBoolTerm>
<LocList>
<Loc EndOffset="6436" SrcFileId="20" StartOffset="6434"/>
</LocList>
</OpTerm>
<BasicBoolTerm Intrnl_Id="1974">
<LocList>
<Loc EndOffset="6459" SrcFileId="20" StartOffset="6450"/>
</LocList>
</BasicBoolTerm>
<LocList>
<Loc EndOffset="6449" SrcFileId="20" StartOffset="6447"/>
</LocList>
</OpTerm>
<BasicBoolTerm Intrnl_Id="1975">
<LocList>
<Loc EndOffset="6472" SrcFileId="20" StartOffset="6463"/>
</LocList>
</BasicBoolTerm>
<LocList>
<Loc EndOffset="6462" SrcFileId="20" StartOffset="6460"/>
</LocList>
</OpTerm>
</RootTerm>
</CondStmnt>
</StmntSeq>
</Branch>
<Keyword EndOffset="6296" SrcFileId="20" StartOffset="6294"/>
<LocList>
<Loc EndOffset="6749" SrcFileId="20" StartOffset="6294"/>
</LocList>
<RootTerm CovItemId="C24" CovItemPrefix="group2.game.InputHandler.java" Intrnl_Id="1976">
<OpTerm BooleanOpId="32" Intrnl_Id="1977">
<OpTerm BooleanOpId="32" Intrnl_Id="1978">
<OpTerm BooleanOpId="32" Intrnl_Id="1979">
<BasicBoolTerm Intrnl_Id="1980">
<LocList>
<Loc EndOffset="6307" SrcFileId="20" StartOffset="6298"/>
</LocList>
</BasicBoolTerm>
<BasicBoolTerm Intrnl_Id="1981">
<LocList>
<Loc EndOffset="6320" SrcFileId="20" StartOffset="6311"/>
</LocList>
</BasicBoolTerm>
<LocList>
<Loc EndOffset="6310" SrcFileId="20" StartOffset="6308"/>
</LocList>
</OpTerm>
<BasicBoolTerm Intrnl_Id="1982">
<LocList>
<Loc EndOffset="6333" SrcFileId="20" StartOffset="6324"/>
</LocList>
</BasicBoolTerm>
<LocList>
<Loc EndOffset="6323" SrcFileId="20" StartOffset="6321"/>
</LocList>
</OpTerm>
<BasicBoolTerm Intrnl_Id="1983">
<LocList>
<Loc EndOffset="6346" SrcFileId="20" StartOffset="6337"/>
</LocList>
</BasicBoolTerm>
<LocList>
<Loc EndOffset="6336" SrcFileId="20" StartOffset="6334"/>
</LocList>
</OpTerm>
</RootTerm>
</CondStmnt>
</StmntSeq>
</Branch>
<Branch CovItemId="B44" CovItemPrefix="group2.game.InputHandler.java" Implct="false" Intrnl_Id="1984">
<Cond>
<Loc EndOffset="6758" SrcFileId="20" StartOffset="6754"/>
</Cond>
<LocList>
<Loc EndOffset="7115" SrcFileId="20" StartOffset="6759"/>
</LocList>
<StmntSeq Intrnl_Id="1985">
<LocList>
<Loc EndOffset="7115" SrcFileId="20" StartOffset="6759"/>
</LocList>
<CondStmnt CovItemId="S108" CovItemPrefix="group2.game.InputHandler.java" Intrnl_Id="1986">
<Branch CovItemId="B51" CovItemPrefix="group2.game.InputHandler.java" Implct="false" Intrnl_Id="1987">
<Cond/>
<LocList>
<Loc EndOffset="6904" SrcFileId="20" StartOffset="6787"/>
</LocList>
<StmntSeq Intrnl_Id="1988">
<LocList>
<Loc EndOffset="6900" SrcFileId="20" StartOffset="6792"/>
</LocList>
<CondStmnt CovItemId="S109" CovItemPrefix="group2.game.InputHandler.java" Intrnl_Id="1989">
<Branch CovItemId="B53" CovItemPrefix="group2.game.InputHandler.java" Implct="false" Intrnl_Id="1990">
<Cond/>
<LocList>
<Loc EndOffset="6900" SrcFileId="20" StartOffset="6846"/>
</LocList>
<StmntSeq Intrnl_Id="1991">
<LocList>
<Loc EndOffset="6865" SrcFileId="20" StartOffset="6852"/>
<Loc EndOffset="6895" SrcFileId="20" StartOffset="6870"/>
</LocList>
<BasicStmnt CovItemId="S110" CovItemPrefix="group2.game.InputHandler.java" Intrnl_Id="1992">
<LocList>
<Loc EndOffset="6865" SrcFileId="20" StartOffset="6852"/>
</LocList>
</BasicStmnt>
<BasicStmnt CovItemId="S111" CovItemPrefix="group2.game.InputHandler.java" Intrnl_Id="1993">
<LocList>
<Loc EndOffset="6895" SrcFileId="20" StartOffset="6870"/>
</LocList>
</BasicStmnt>
</StmntSeq>
</Branch>
<Branch CovItemId="B54" CovItemPrefix="group2.game.InputHandler.java" Implct="true" Intrnl_Id="1994">
<Cond/>
<LocList/>
<StmntSeq Intrnl_Id="1995">
<LocList/>
</StmntSeq>
</Branch>
<Keyword EndOffset="6794" SrcFileId="20" StartOffset="6792"/>
<LocList>
<Loc EndOffset="6900" SrcFileId="20" StartOffset="6792"/>
</LocList>
<RootTerm CovItemId="C28" CovItemPrefix="group2.game.InputHandler.java" Intrnl_Id="1996">
<OpTerm BooleanOpId="32" Intrnl_Id="1997">
<OpTerm BooleanOpId="32" Intrnl_Id="1998">
<OpTerm BooleanOpId="32" Intrnl_Id="1999">
<BasicBoolTerm Intrnl_Id="2000">
<LocList>
<Loc EndOffset="6805" SrcFileId="20" StartOffset="6796"/>
</LocList>
</BasicBoolTerm>
<BasicBoolTerm Intrnl_Id="2001">
<LocList>
<Loc EndOffset="6818" SrcFileId="20" StartOffset="6809"/>
</LocList>
</BasicBoolTerm>
<LocList>
<Loc EndOffset="6808" SrcFileId="20" StartOffset="6806"/>
</LocList>
</OpTerm>
<BasicBoolTerm Intrnl_Id="2002">
<LocList>
<Loc EndOffset="6831" SrcFileId="20" StartOffset="6822"/>
</LocList>
</BasicBoolTerm>
<LocList>
<Loc EndOffset="6821" SrcFileId="20" StartOffset="6819"/>
</LocList>
</OpTerm>
<BasicBoolTerm Intrnl_Id="2003">
<LocList>
<Loc EndOffset="6844" SrcFileId="20" StartOffset="6835"/>
</LocList>
</BasicBoolTerm>
<LocList>
<Loc EndOffset="6834" SrcFileId="20" StartOffset="6832"/>
</LocList>
</OpTerm>
</RootTerm>
</CondStmnt>
</StmntSeq>
</Branch>
<Branch CovItemId="B52" CovItemPrefix="group2.game.InputHandler.java" Implct="false" Intrnl_Id="2004">
<Cond>
<Loc EndOffset="6911" SrcFileId="20" StartOffset="6907"/>
</Cond>
<LocList>
<Loc EndOffset="7115" SrcFileId="20" StartOffset="6912"/>
</LocList>
<StmntSeq Intrnl_Id="2005">
<LocList>
<Loc EndOffset="7115" SrcFileId="20" StartOffset="6912"/>
</LocList>
<CondStmnt CovItemId="S112" CovItemPrefix="group2.game.InputHandler.java" Intrnl_Id="2006">
<Branch CovItemId="B55" CovItemPrefix="group2.game.InputHandler.java" Implct="false" Intrnl_Id="2007">
<Cond/>
<LocList>
<Loc EndOffset="7115" SrcFileId="20" StartOffset="6934"/>
</LocList>
<StmntSeq Intrnl_Id="2008">
<LocList>
<Loc EndOffset="7111" SrcFileId="20" StartOffset="6939"/>
</LocList>
<CondStmnt CovItemId="S113" CovItemPrefix="group2.game.InputHandler.java" Intrnl_Id="2009">
<Branch CovItemId="B57" CovItemPrefix="group2.game.InputHandler.java" Implct="false" Intrnl_Id="2010">
<Cond/>
<LocList>
<Loc EndOffset="7111" SrcFileId="20" StartOffset="6991"/>
</LocList>
<StmntSeq Intrnl_Id="2011">
<LocList>
<Loc EndOffset="7021" SrcFileId="20" StartOffset="6997"/>
<Loc EndOffset="7050" SrcFileId="20" StartOffset="7026"/>
<Loc EndOffset="7077" SrcFileId="20" StartOffset="7055"/>
<Loc EndOffset="7106" SrcFileId="20" StartOffset="7082"/>
</LocList>
<BasicStmnt CovItemId="S114" CovItemPrefix="group2.game.InputHandler.java" Intrnl_Id="2012">
<LocList>
<Loc EndOffset="7021" SrcFileId="20" StartOffset="6997"/>
</LocList>
</BasicStmnt>
<BasicStmnt CovItemId="S115" CovItemPrefix="group2.game.InputHandler.java" Intrnl_Id="2013">
<LocList>
<Loc EndOffset="7050" SrcFileId="20" StartOffset="7026"/>
</LocList>
</BasicStmnt>
<BasicStmnt CovItemId="S116" CovItemPrefix="group2.game.InputHandler.java" Intrnl_Id="2014">
<LocList>
<Loc EndOffset="7077" SrcFileId="20" StartOffset="7055"/>
</LocList>
</BasicStmnt>
<BasicStmnt CovItemId="S117" CovItemPrefix="group2.game.InputHandler.java" Intrnl_Id="2015">
<LocList>
<Loc EndOffset="7106" SrcFileId="20" StartOffset="7082"/>
</LocList>
</BasicStmnt>
</StmntSeq>
</Branch>
<Branch CovItemId="B58" CovItemPrefix="group2.game.InputHandler.java" Implct="true" Intrnl_Id="2016">
<Cond/>
<LocList/>
<StmntSeq Intrnl_Id="2017">
<LocList/>
</StmntSeq>
</Branch>
<Keyword EndOffset="6941" SrcFileId="20" StartOffset="6939"/>
<LocList>
<Loc EndOffset="7111" SrcFileId="20" StartOffset="6939"/>
</LocList>
<RootTerm CovItemId="C30" CovItemPrefix="group2.game.InputHandler.java" Intrnl_Id="2018">
<OpTerm BooleanOpId="32" Intrnl_Id="2019">
<OpTerm BooleanOpId="32" Intrnl_Id="2020">
<OpTerm BooleanOpId="32" Intrnl_Id="2021">
<BasicBoolTerm Intrnl_Id="2022">
<LocList>
<Loc EndOffset="6952" SrcFileId="20" StartOffset="6943"/>
</LocList>
</BasicBoolTerm>
<BasicBoolTerm Intrnl_Id="2023">
<LocList>
<Loc EndOffset="6965" SrcFileId="20" StartOffset="6956"/>
</LocList>
</BasicBoolTerm>
<LocList>
<Loc EndOffset="6955" SrcFileId="20" StartOffset="6953"/>
</LocList>
</OpTerm>
<BasicBoolTerm Intrnl_Id="2024">
<LocList>
<Loc EndOffset="6977" SrcFileId="20" StartOffset="6969"/>
</LocList>
</BasicBoolTerm>
<LocList>
<Loc EndOffset="6968" SrcFileId="20" StartOffset="6966"/>
</LocList>
</OpTerm>
<BasicBoolTerm Intrnl_Id="2025">
<LocList>
<Loc EndOffset="6990" SrcFileId="20" StartOffset="6981"/>
</LocList>
</BasicBoolTerm>
<LocList>
<Loc EndOffset="6980" SrcFileId="20" StartOffset="6978"/>
</LocList>
</OpTerm>
</RootTerm>
</CondStmnt>
</StmntSeq>
</Branch>
<Branch CovItemId="B56" CovItemPrefix="group2.game.InputHandler.java" Implct="true" Intrnl_Id="2026">
<Cond/>
<LocList/>
<StmntSeq Intrnl_Id="2027">
<LocList/>
</StmntSeq>
</Branch>
<Keyword EndOffset="6914" SrcFileId="20" StartOffset="6912"/>
<LocList>
<Loc EndOffset="7115" SrcFileId="20" StartOffset="6912"/>
</LocList>
<RootTerm CovItemId="C29" CovItemPrefix="group2.game.InputHandler.java" Intrnl_Id="2028">
<BasicBoolTerm Intrnl_Id="2029">
<LocList>
<Loc EndOffset="6933" SrcFileId="20" StartOffset="6916"/>
</LocList>
</BasicBoolTerm>
</RootTerm>
</CondStmnt>
</StmntSeq>
</Branch>
<Keyword EndOffset="6761" SrcFileId="20" StartOffset="6759"/>
<LocList>
<Loc EndOffset="7115" SrcFileId="20" StartOffset="6759"/>
</LocList>
<RootTerm CovItemId="C27" CovItemPrefix="group2.game.InputHandler.java" Intrnl_Id="2030">
<BasicBoolTerm Intrnl_Id="2031">
<LocList>
<Loc EndOffset="6785" SrcFileId="20" StartOffset="6763"/>
</LocList>
</BasicBoolTerm>
</RootTerm>
</CondStmnt>
</StmntSeq>
</Branch>
<Keyword EndOffset="6269" SrcFileId="20" StartOffset="6267"/>
<LocList>
<Loc EndOffset="7115" SrcFileId="20" StartOffset="6267"/>
</LocList>
<RootTerm CovItemId="C23" CovItemPrefix="group2.game.InputHandler.java" Intrnl_Id="2032">
<BasicBoolTerm Intrnl_Id="2033">
<LocList>
<Loc EndOffset="6287" SrcFileId="20" StartOffset="6271"/>
</LocList>
</BasicBoolTerm>
</RootTerm>
</CondStmnt>
</StmntSeq>
</Branch>
<Keyword EndOffset="2078" SrcFileId="20" StartOffset="2076"/>
<LocList>
<Loc EndOffset="7115" SrcFileId="20" StartOffset="2076"/>
</LocList>
<RootTerm CovItemId="C1" CovItemPrefix="group2.game.InputHandler.java" Intrnl_Id="2034">
<BasicBoolTerm Intrnl_Id="2035">
<LocList>
<Loc EndOffset="2096" SrcFileId="20" StartOffset="2080"/>
</LocList>
</BasicBoolTerm>
</RootTerm>
</CondStmnt>
</StmntSeq>
</HierarchyLvl>
<HierarchyLvl HierarchyLvlId="119" HierarchyLvlTypeId="36" Intrnl_Id="2036" Name="mouseReleased">
<Header>
<Loc EndOffset="7528" SrcFileId="20" StartOffset="7121"/>
</Header>
<LocList>
<Loc EndOffset="8645" SrcFileId="20" StartOffset="7121"/>
</LocList>
<StmntSeq Intrnl_Id="2037">
<LocList>
<Loc EndOffset="7573" SrcFileId="20" StartOffset="7533"/>
<Loc EndOffset="7617" SrcFileId="20" StartOffset="7576"/>
<Loc EndOffset="8641" SrcFileId="20" StartOffset="7620"/>
</LocList>
<BasicStmnt CovItemId="S118" CovItemPrefix="group2.game.InputHandler.java" Intrnl_Id="2038">
<LocList>
<Loc EndOffset="7573" SrcFileId="20" StartOffset="7533"/>
</LocList>
</BasicStmnt>
<BasicStmnt CovItemId="S119" CovItemPrefix="group2.game.InputHandler.java" Intrnl_Id="2039">
<LocList>
<Loc EndOffset="7617" SrcFileId="20" StartOffset="7576"/>
</LocList>
</BasicStmnt>
<CondStmnt CovItemId="S120" CovItemPrefix="group2.game.InputHandler.java" Intrnl_Id="2040">
<Branch CovItemId="B59" CovItemPrefix="group2.game.InputHandler.java" Implct="false" Intrnl_Id="2041">
<Cond/>
<LocList>
<Loc EndOffset="8101" SrcFileId="20" StartOffset="7651"/>
</LocList>
<StmntSeq Intrnl_Id="2042">
<LocList>
<Loc EndOffset="8086" SrcFileId="20" StartOffset="7656"/>
<Loc EndOffset="8097" SrcFileId="20" StartOffset="8090"/>
</LocList>
<CondStmnt CovItemId="S121" CovItemPrefix="group2.game.InputHandler.java" Intrnl_Id="2043">
<Branch CovItemId="B61" CovItemPrefix="group2.game.InputHandler.java" Implct="false" Intrnl_Id="2044">
<Cond/>
<LocList>
<Loc EndOffset="8002" SrcFileId="20" StartOffset="7733"/>
</LocList>
<StmntSeq Intrnl_Id="2045">
<LocList>
<Loc EndOffset="7769" SrcFileId="20" StartOffset="7739"/>
<Loc EndOffset="7799" SrcFileId="20" StartOffset="7774"/>
<Loc EndOffset="7839" SrcFileId="20" StartOffset="7804"/>
<Loc EndOffset="7875" SrcFileId="20" StartOffset="7844"/>
<Loc EndOffset="7917" SrcFileId="20" StartOffset="7880"/>
<Loc EndOffset="7967" SrcFileId="20" StartOffset="7922"/>
<Loc EndOffset="7997" SrcFileId="20" StartOffset="7972"/>
</LocList>
<BasicStmnt CovItemId="S122" CovItemPrefix="group2.game.InputHandler.java" Intrnl_Id="2046">
<LocList>
<Loc EndOffset="7769" SrcFileId="20" StartOffset="7739"/>
</LocList>
</BasicStmnt>
<BasicStmnt CovItemId="S123" CovItemPrefix="group2.game.InputHandler.java" Intrnl_Id="2047">
<LocList>
<Loc EndOffset="7799" SrcFileId="20" StartOffset="7774"/>
</LocList>
</BasicStmnt>
<BasicStmnt CovItemId="S124" CovItemPrefix="group2.game.InputHandler.java" Intrnl_Id="2048">
<LocList>
<Loc EndOffset="7839" SrcFileId="20" StartOffset="7804"/>
</LocList>
</BasicStmnt>
<BasicStmnt CovItemId="S125" CovItemPrefix="group2.game.InputHandler.java" Intrnl_Id="2049">
<LocList>
<Loc EndOffset="7875" SrcFileId="20" StartOffset="7844"/>
</LocList>
</BasicStmnt>
<BasicStmnt CovItemId="S126" CovItemPrefix="group2.game.InputHandler.java" Intrnl_Id="2050">
<LocList>
<Loc EndOffset="7917" SrcFileId="20" StartOffset="7880"/>
</LocList>
</BasicStmnt>
<BasicStmnt CovItemId="S127" CovItemPrefix="group2.game.InputHandler.java" Intrnl_Id="2051">
<LocList>
<Loc EndOffset="7967" SrcFileId="20" StartOffset="7922"/>
</LocList>
</BasicStmnt>
<BasicStmnt CovItemId="S128" CovItemPrefix="group2.game.InputHandler.java" Intrnl_Id="2052">
<LocList>
<Loc EndOffset="7997" SrcFileId="20" StartOffset="7972"/>
</LocList>
</BasicStmnt>
</StmntSeq>
</Branch>
<Branch CovItemId="B62" CovItemPrefix="group2.game.InputHandler.java" Implct="false" Intrnl_Id="2053">
<Cond>
<Loc EndOffset="8007" SrcFileId="20" StartOffset="8003"/>
</Cond>
<LocList>
<Loc EndOffset="8086" SrcFileId="20" StartOffset="8008"/>
</LocList>
<StmntSeq Intrnl_Id="2054">
<LocList>
<Loc EndOffset="8051" SrcFileId="20" StartOffset="8014"/>
<Loc EndOffset="8081" SrcFileId="20" StartOffset="8056"/>
</LocList>
<BasicStmnt CovItemId="S129" CovItemPrefix="group2.game.InputHandler.java" Intrnl_Id="2055">
<LocList>
<Loc EndOffset="8051" SrcFileId="20" StartOffset="8014"/>
</LocList>
</BasicStmnt>
<BasicStmnt CovItemId="S130" CovItemPrefix="group2.game.InputHandler.java" Intrnl_Id="2056">
<LocList>
<Loc EndOffset="8081" SrcFileId="20" StartOffset="8056"/>
</LocList>
</BasicStmnt>
</StmntSeq>
</Branch>
<Keyword EndOffset="7658" SrcFileId="20" StartOffset="7656"/>
<LocList>
<Loc EndOffset="8086" SrcFileId="20" StartOffset="7656"/>
</LocList>
<RootTerm CovItemId="C32" CovItemPrefix="group2.game.InputHandler.java" Intrnl_Id="2057">
<OpTerm BooleanOpId="32" Intrnl_Id="2058">
<BasicBoolTerm Intrnl_Id="2059">
<LocList>
<Loc EndOffset="7696" SrcFileId="20" StartOffset="7660"/>
</LocList>
</BasicBoolTerm>
<BasicBoolTerm Intrnl_Id="2060">
<LocList>
<Loc EndOffset="7731" SrcFileId="20" StartOffset="7705"/>
</LocList>
</BasicBoolTerm>
<LocList>
<Loc EndOffset="7704" SrcFileId="20" StartOffset="7702"/>
</LocList>
</OpTerm>
</RootTerm>
</CondStmnt>
<BasicStmnt CovItemId="S131" CovItemPrefix="group2.game.InputHandler.java" Intrnl_Id="2061">
<LocList>
<Loc EndOffset="8097" SrcFileId="20" StartOffset="8090"/>
</LocList>
</BasicStmnt>
</StmntSeq>
</Branch>
<Branch CovItemId="B60" CovItemPrefix="group2.game.InputHandler.java" Implct="false" Intrnl_Id="2062">
<Cond>
<Loc EndOffset="8106" SrcFileId="20" StartOffset="8102"/>
</Cond>
<LocList>
<Loc EndOffset="8641" SrcFileId="20" StartOffset="8107"/>
</LocList>
<StmntSeq Intrnl_Id="2063">
<LocList>
<Loc EndOffset="8641" SrcFileId="20" StartOffset="8107"/>
</LocList>
<CondStmnt CovItemId="S132" CovItemPrefix="group2.game.InputHandler.java" Intrnl_Id="2064">
<Branch CovItemId="B63" CovItemPrefix="group2.game.InputHandler.java" Implct="false" Intrnl_Id="2065">
<Cond/>
<LocList>
<Loc EndOffset="8641" SrcFileId="20" StartOffset="8135"/>
</LocList>
<StmntSeq Intrnl_Id="2066">
<LocList>
<Loc EndOffset="8562" SrcFileId="20" StartOffset="8140"/>
<Loc EndOffset="8600" SrcFileId="20" StartOffset="8566"/>
<Loc EndOffset="8626" SrcFileId="20" StartOffset="8604"/>
<Loc EndOffset="8637" SrcFileId="20" StartOffset="8630"/>
</LocList>
<LoopStmnt CovItemId="S133" CovItemPrefix="group2.game.InputHandler.java" Intrnl_Id="2067" MltplExecId="L4-2" MltplExecPrefix="group2.game.InputHandler.java" NvrExecId="L4-0" NvrExecPrefix="group2.game.InputHandler.java" OnceExecutedId="L4-1" OnceExecutedPrefix="group2.game.InputHandler.java" OptBodyExec="true">
<StmntSeq Intrnl_Id="2068">
<LocList>
<Loc EndOffset="8556" SrcFileId="20" StartOffset="8187"/>
</LocList>
<CondStmnt CovItemId="S134" CovItemPrefix="group2.game.InputHandler.java" Intrnl_Id="2069">
<Branch CovItemId="B65" CovItemPrefix="group2.game.InputHandler.java" Implct="false" Intrnl_Id="2070">
<Cond/>
<LocList>
<Loc EndOffset="8556" SrcFileId="20" StartOffset="8219"/>
</LocList>
<StmntSeq Intrnl_Id="2071">
<LocList>
<Loc EndOffset="8256" SrcFileId="20" StartOffset="8226"/>
<Loc EndOffset="8300" SrcFileId="20" StartOffset="8262"/>
<Loc EndOffset="8370" SrcFileId="20" StartOffset="8306"/>
<Loc EndOffset="8400" SrcFileId="20" StartOffset="8376"/>
<Loc EndOffset="8433" SrcFileId="20" StartOffset="8406"/>
<Loc EndOffset="8473" SrcFileId="20" StartOffset="8439"/>
<Loc EndOffset="8509" SrcFileId="20" StartOffset="8479"/>
<Loc EndOffset="8537" SrcFileId="20" StartOffset="8515"/>
<Loc EndOffset="8550" SrcFileId="20" StartOffset="8543"/>
</LocList>
<BasicStmnt CovItemId="S135" CovItemPrefix="group2.game.InputHandler.java" Intrnl_Id="2072">
<LocList>
<Loc EndOffset="8256" SrcFileId="20" StartOffset="8226"/>
</LocList>
</BasicStmnt>
<BasicStmnt CovItemId="S136" CovItemPrefix="group2.game.InputHandler.java" Intrnl_Id="2073">
<LocList>
<Loc EndOffset="8300" SrcFileId="20" StartOffset="8262"/>
</LocList>
</BasicStmnt>
<BasicStmnt CovItemId="S137" CovItemPrefix="group2.game.InputHandler.java" Intrnl_Id="2074">
<LocList>
<Loc EndOffset="8370" SrcFileId="20" StartOffset="8306"/>
</LocList>
</BasicStmnt>
<BasicStmnt CovItemId="S138" CovItemPrefix="group2.game.InputHandler.java" Intrnl_Id="2075">
<LocList>
<Loc EndOffset="8400" SrcFileId="20" StartOffset="8376"/>
</LocList>
</BasicStmnt>
<BasicStmnt CovItemId="S139" CovItemPrefix="group2.game.InputHandler.java" Intrnl_Id="2076">
<LocList>
<Loc EndOffset="8433" SrcFileId="20" StartOffset="8406"/>
</LocList>
</BasicStmnt>
<BasicStmnt CovItemId="S140" CovItemPrefix="group2.game.InputHandler.java" Intrnl_Id="2077">
<LocList>
<Loc EndOffset="8473" SrcFileId="20" StartOffset="8439"/>
</LocList>
</BasicStmnt>
<BasicStmnt CovItemId="S141" CovItemPrefix="group2.game.InputHandler.java" Intrnl_Id="2078">
<LocList>
<Loc EndOffset="8509" SrcFileId="20" StartOffset="8479"/>
</LocList>
</BasicStmnt>
<BasicStmnt CovItemId="S142" CovItemPrefix="group2.game.InputHandler.java" Intrnl_Id="2079">
<LocList>
<Loc EndOffset="8537" SrcFileId="20" StartOffset="8515"/>
</LocList>
</BasicStmnt>
<BasicStmnt CovItemId="S143" CovItemPrefix="group2.game.InputHandler.java" Intrnl_Id="2080">
<LocList>
<Loc EndOffset="8550" SrcFileId="20" StartOffset="8543"/>
</LocList>
</BasicStmnt>
</StmntSeq>
</Branch>
<Branch CovItemId="B66" CovItemPrefix="group2.game.InputHandler.java" Implct="true" Intrnl_Id="2081">
<Cond/>
<LocList/>
<StmntSeq Intrnl_Id="2082">
<LocList/>
</StmntSeq>
</Branch>
<Keyword EndOffset="8189" SrcFileId="20" StartOffset="8187"/>
<LocList>
<Loc EndOffset="8556" SrcFileId="20" StartOffset="8187"/>
</LocList>
<RootTerm CovItemId="C34" CovItemPrefix="group2.game.InputHandler.java" Intrnl_Id="2083">
<BasicBoolTerm Intrnl_Id="2084">
<LocList>
<Loc EndOffset="8217" SrcFileId="20" StartOffset="8191"/>
</LocList>
</BasicBoolTerm>
</RootTerm>
</CondStmnt>
</StmntSeq>
<Keyword EndOffset="8143" SrcFileId="20" StartOffset="8140"/>
<LocList>
<Loc EndOffset="8562" SrcFileId="20" StartOffset="8140"/>
</LocList>
</LoopStmnt>
<BasicStmnt CovItemId="S144" CovItemPrefix="group2.game.InputHandler.java" Intrnl_Id="2085">
<LocList>
<Loc EndOffset="8600" SrcFileId="20" StartOffset="8566"/>
</LocList>
</BasicStmnt>
<BasicStmnt CovItemId="S145" CovItemPrefix="group2.game.InputHandler.java" Intrnl_Id="2086">
<LocList>
<Loc EndOffset="8626" SrcFileId="20" StartOffset="8604"/>
</LocList>
</BasicStmnt>
<BasicStmnt CovItemId="S146" CovItemPrefix="group2.game.InputHandler.java" Intrnl_Id="2087">
<LocList>
<Loc EndOffset="8637" SrcFileId="20" StartOffset="8630"/>
</LocList>
</BasicStmnt>
</StmntSeq>
</Branch>
<Branch CovItemId="B64" CovItemPrefix="group2.game.InputHandler.java" Implct="true" Intrnl_Id="2088">
<Cond/>
<LocList/>
<StmntSeq Intrnl_Id="2089">
<LocList/>
</StmntSeq>
</Branch>
<Keyword EndOffset="8109" SrcFileId="20" StartOffset="8107"/>
<LocList>
<Loc EndOffset="8641" SrcFileId="20" StartOffset="8107"/>
</LocList>
<RootTerm CovItemId="C33" CovItemPrefix="group2.game.InputHandler.java" Intrnl_Id="2090">
<BasicBoolTerm Intrnl_Id="2091">
<LocList>
<Loc EndOffset="8133" SrcFileId="20" StartOffset="8111"/>
</LocList>
</BasicBoolTerm>
</RootTerm>
</CondStmnt>
</StmntSeq>
</Branch>
<Keyword EndOffset="7622" SrcFileId="20" StartOffset="7620"/>
<LocList>
<Loc EndOffset="8641" SrcFileId="20" StartOffset="7620"/>
</LocList>
<RootTerm CovItemId="C31" CovItemPrefix="group2.game.InputHandler.java" Intrnl_Id="2092">
<BasicBoolTerm Intrnl_Id="2093">
<LocList>
<Loc EndOffset="7649" SrcFileId="20" StartOffset="7624"/>
</LocList>
</BasicBoolTerm>
</RootTerm>
</CondStmnt>
</StmntSeq>
</HierarchyLvl>
</HierarchyLvl>
<HierarchyLvl HierarchyLvlId="124" HierarchyLvlTypeId="35" Intrnl_Id="2094" Name="HighScoreList">
<Header>
<Loc EndOffset="303" SrcFileId="21" StartOffset="277"/>
</Header>
<LocList>
<Loc EndOffset="2892" SrcFileId="21" StartOffset="277"/>
</LocList>
<HierarchyLvl HierarchyLvlId="121" HierarchyLvlTypeId="36" Intrnl_Id="2095" Name="addScore">
<Header>
<Loc EndOffset="533" SrcFileId="21" StartOffset="486"/>
</Header>
<LocList>
<Loc EndOffset="1063" SrcFileId="21" StartOffset="486"/>
</LocList>
<StmntSeq Intrnl_Id="2096">
<LocList>
<Loc EndOffset="551" SrcFileId="21" StartOffset="538"/>
<Loc EndOffset="566" SrcFileId="21" StartOffset="554"/>
<Loc EndOffset="1060" SrcFileId="21" StartOffset="606"/>
</LocList>
<BasicStmnt CovItemId="S1" CovItemPrefix="group2.game.HighScoreList.java" Intrnl_Id="2097">
<LocList>
<Loc EndOffset="551" SrcFileId="21" StartOffset="538"/>
</LocList>
</BasicStmnt>
<BasicStmnt CovItemId="S2" CovItemPrefix="group2.game.HighScoreList.java" Intrnl_Id="2098">
<LocList>
<Loc EndOffset="566" SrcFileId="21" StartOffset="554"/>
</LocList>
</BasicStmnt>
<CondStmnt CovItemId="S3" CovItemPrefix="group2.game.HighScoreList.java" Intrnl_Id="2099">
<Branch CovItemId="B1" CovItemPrefix="group2.game.HighScoreList.java" Implct="false" Intrnl_Id="2100">
<Cond/>
<LocList>
<Loc EndOffset="711" SrcFileId="21" StartOffset="630"/>
</LocList>
<StmntSeq Intrnl_Id="2101">
<LocList>
<Loc EndOffset="653" SrcFileId="21" StartOffset="635"/>
<Loc EndOffset="678" SrcFileId="21" StartOffset="657"/>
<Loc EndOffset="695" SrcFileId="21" StartOffset="682"/>
<Loc EndOffset="706" SrcFileId="21" StartOffset="699"/>
</LocList>
<BasicStmnt CovItemId="S4" CovItemPrefix="group2.game.HighScoreList.java" Intrnl_Id="2102">
<LocList>
<Loc EndOffset="653" SrcFileId="21" StartOffset="635"/>
</LocList>
</BasicStmnt>
<BasicStmnt CovItemId="S5" CovItemPrefix="group2.game.HighScoreList.java" Intrnl_Id="2103">
<LocList>
<Loc EndOffset="678" SrcFileId="21" StartOffset="657"/>
</LocList>
</BasicStmnt>
<BasicStmnt CovItemId="S6" CovItemPrefix="group2.game.HighScoreList.java" Intrnl_Id="2104">
<LocList>
<Loc EndOffset="695" SrcFileId="21" StartOffset="682"/>
</LocList>
</BasicStmnt>
<BasicStmnt CovItemId="S7" CovItemPrefix="group2.game.HighScoreList.java" Intrnl_Id="2105">
<LocList>
<Loc EndOffset="706" SrcFileId="21" StartOffset="699"/>
</LocList>
</BasicStmnt>
</StmntSeq>
</Branch>
<Branch CovItemId="B2" CovItemPrefix="group2.game.HighScoreList.java" Implct="false" Intrnl_Id="2106">
<Cond>
<Loc EndOffset="749" SrcFileId="21" StartOffset="745"/>
</Cond>
<LocList>
<Loc EndOffset="1060" SrcFileId="21" StartOffset="750"/>
</LocList>
<StmntSeq Intrnl_Id="2107">
<LocList>
<Loc EndOffset="954" SrcFileId="21" StartOffset="755"/>
<Loc EndOffset="1014" SrcFileId="21" StartOffset="993"/>
<Loc EndOffset="1039" SrcFileId="21" StartOffset="1018"/>
<Loc EndOffset="1056" SrcFileId="21" StartOffset="1043"/>
</LocList>
<LoopStmnt CovItemId="S8" CovItemPrefix="group2.game.HighScoreList.java" Intrnl_Id="2108" MltplExecId="L1-2" MltplExecPrefix="group2.game.HighScoreList.java" NvrExecId="L1-0" NvrExecPrefix="group2.game.HighScoreList.java" OnceExecutedId="L1-1" OnceExecutedPrefix="group2.game.HighScoreList.java" OptBodyExec="true">
<StmntSeq Intrnl_Id="2109">
<LocList>
<Loc EndOffset="949" SrcFileId="21" StartOffset="792"/>
</LocList>
<CondStmnt CovItemId="S9" CovItemPrefix="group2.game.HighScoreList.java" Intrnl_Id="2110">
<Branch CovItemId="B3" CovItemPrefix="group2.game.HighScoreList.java" Implct="false" Intrnl_Id="2111">
<Cond/>
<LocList>
<Loc EndOffset="923" SrcFileId="21" StartOffset="827"/>
</LocList>
<StmntSeq Intrnl_Id="2112">
<LocList>
<Loc EndOffset="852" SrcFileId="21" StartOffset="834"/>
<Loc EndOffset="885" SrcFileId="21" StartOffset="858"/>
<Loc EndOffset="904" SrcFileId="21" StartOffset="891"/>
<Loc EndOffset="917" SrcFileId="21" StartOffset="910"/>
</LocList>
<BasicStmnt CovItemId="S10" CovItemPrefix="group2.game.HighScoreList.java" Intrnl_Id="2113">
<LocList>
<Loc EndOffset="852" SrcFileId="21" StartOffset="834"/>
</LocList>
</BasicStmnt>
<BasicStmnt CovItemId="S11" CovItemPrefix="group2.game.HighScoreList.java" Intrnl_Id="2114">
<LocList>
<Loc EndOffset="885" SrcFileId="21" StartOffset="858"/>
</LocList>
</BasicStmnt>
<BasicStmnt CovItemId="S12" CovItemPrefix="group2.game.HighScoreList.java" Intrnl_Id="2115">
<LocList>
<Loc EndOffset="904" SrcFileId="21" StartOffset="891"/>
</LocList>
</BasicStmnt>
<BasicStmnt CovItemId="S13" CovItemPrefix="group2.game.HighScoreList.java" Intrnl_Id="2116">
<LocList>
<Loc EndOffset="917" SrcFileId="21" StartOffset="910"/>
</LocList>
</BasicStmnt>
</StmntSeq>
</Branch>
<Branch CovItemId="B4" CovItemPrefix="group2.game.HighScoreList.java" Implct="false" Intrnl_Id="2117">
<Cond>
<Loc EndOffset="928" SrcFileId="21" StartOffset="924"/>
</Cond>
<LocList>
<Loc EndOffset="949" SrcFileId="21" StartOffset="929"/>
</LocList>
<StmntSeq Intrnl_Id="2118">
<LocList>
<Loc EndOffset="943" SrcFileId="21" StartOffset="936"/>
</LocList>
<BasicStmnt CovItemId="S14" CovItemPrefix="group2.game.HighScoreList.java" Intrnl_Id="2119">
<LocList>
<Loc EndOffset="943" SrcFileId="21" StartOffset="936"/>
</LocList>
</BasicStmnt>
</StmntSeq>
</Branch>
<Keyword EndOffset="794" SrcFileId="21" StartOffset="792"/>
<LocList>
<Loc EndOffset="949" SrcFileId="21" StartOffset="792"/>
</LocList>
<RootTerm CovItemId="C2" CovItemPrefix="group2.game.HighScoreList.java" Intrnl_Id="2120">
<BasicBoolTerm Intrnl_Id="2121">
<LocList>
<Loc EndOffset="825" SrcFileId="21" StartOffset="796"/>
</LocList>
</BasicBoolTerm>
</RootTerm>
</CondStmnt>
</StmntSeq>
<Keyword EndOffset="758" SrcFileId="21" StartOffset="755"/>
<LocList>
<Loc EndOffset="954" SrcFileId="21" StartOffset="755"/>
</LocList>
</LoopStmnt>
<BasicStmnt CovItemId="S15" CovItemPrefix="group2.game.HighScoreList.java" Intrnl_Id="2122">
<LocList>
<Loc EndOffset="1014" SrcFileId="21" StartOffset="993"/>
</LocList>
</BasicStmnt>
<BasicStmnt CovItemId="S16" CovItemPrefix="group2.game.HighScoreList.java" Intrnl_Id="2123">
<LocList>
<Loc EndOffset="1039" SrcFileId="21" StartOffset="1018"/>
</LocList>
</BasicStmnt>
<BasicStmnt CovItemId="S17" CovItemPrefix="group2.game.HighScoreList.java" Intrnl_Id="2124">
<LocList>
<Loc EndOffset="1056" SrcFileId="21" StartOffset="1043"/>
</LocList>
</BasicStmnt>
</StmntSeq>
</Branch>
<Keyword EndOffset="608" SrcFileId="21" StartOffset="606"/>
<LocList>
<Loc EndOffset="1060" SrcFileId="21" StartOffset="606"/>
</LocList>
<RootTerm CovItemId="C1" CovItemPrefix="group2.game.HighScoreList.java" Intrnl_Id="2125">
<BasicBoolTerm Intrnl_Id="2126">
<LocList>
<Loc EndOffset="628" SrcFileId="21" StartOffset="610"/>
</LocList>
</BasicBoolTerm>
</RootTerm>
</CondStmnt>
</StmntSeq>
</HierarchyLvl>
<HierarchyLvl HierarchyLvlId="122" HierarchyLvlTypeId="36" Intrnl_Id="2127" Name="getScores">
<Header>
<Loc EndOffset="1112" SrcFileId="21" StartOffset="1066"/>
</Header>
<LocList>
<Loc EndOffset="2036" SrcFileId="21" StartOffset="1066"/>
</LocList>
<StmntSeq Intrnl_Id="2128">
<LocList>
<Loc EndOffset="1153" SrcFileId="21" StartOffset="1117"/>
<Loc EndOffset="1210" SrcFileId="21" StartOffset="1156"/>
<Loc EndOffset="1271" SrcFileId="21" StartOffset="1226"/>
<Loc EndOffset="1303" SrcFileId="21" StartOffset="1274"/>
<Loc EndOffset="1366" SrcFileId="21" StartOffset="1316"/>
<Loc EndOffset="1389" SrcFileId="21" StartOffset="1370"/>
<Loc EndOffset="1824" SrcFileId="21" StartOffset="1518"/>
<Loc EndOffset="1880" SrcFileId="21" StartOffset="1307"/>
<Loc EndOffset="1952" SrcFileId="21" StartOffset="1904"/>
<Loc EndOffset="2011" SrcFileId="21" StartOffset="1894"/>
<Loc EndOffset="2033" SrcFileId="21" StartOffset="2019"/>
</LocList>
<BasicStmnt CovItemId="S18" CovItemPrefix="group2.game.HighScoreList.java" Intrnl_Id="2129">
<LocList>
<Loc EndOffset="1153" SrcFileId="21" StartOffset="1117"/>
</LocList>
</BasicStmnt>
<BasicStmnt CovItemId="S19" CovItemPrefix="group2.game.HighScoreList.java" Intrnl_Id="2130">
<LocList>
<Loc EndOffset="1210" SrcFileId="21" StartOffset="1156"/>
</LocList>
</BasicStmnt>
<BasicStmnt CovItemId="S20" CovItemPrefix="group2.game.HighScoreList.java" Intrnl_Id="2131">
<LocList>
<Loc EndOffset="1271" SrcFileId="21" StartOffset="1226"/>
</LocList>
</BasicStmnt>
<BasicStmnt CovItemId="S21" CovItemPrefix="group2.game.HighScoreList.java" Intrnl_Id="2132">
<LocList>
<Loc EndOffset="1303" SrcFileId="21" StartOffset="1274"/>
</LocList>
</BasicStmnt>
<BasicStmnt CovItemId="S23" CovItemPrefix="group2.game.HighScoreList.java" Intrnl_Id="2133">
<LocList>
<Loc EndOffset="1366" SrcFileId="21" StartOffset="1316"/>
</LocList>
</BasicStmnt>
<BasicStmnt CovItemId="S24" CovItemPrefix="group2.game.HighScoreList.java" Intrnl_Id="2134">
<LocList>
<Loc EndOffset="1389" SrcFileId="21" StartOffset="1370"/>
</LocList>
</BasicStmnt>
<LoopStmnt CovItemId="S25" CovItemPrefix="group2.game.HighScoreList.java" Intrnl_Id="2135" MltplExecId="L2-2" MltplExecPrefix="group2.game.HighScoreList.java" NvrExecId="L2-0" NvrExecPrefix="group2.game.HighScoreList.java" OnceExecutedId="L2-1" OnceExecutedPrefix="group2.game.HighScoreList.java" OptBodyExec="true">
<StmntSeq Intrnl_Id="2136">
<LocList>
<Loc EndOffset="1598" SrcFileId="21" StartOffset="1567"/>
<Loc EndOffset="1681" SrcFileId="21" StartOffset="1603"/>
<Loc EndOffset="1720" SrcFileId="21" StartOffset="1686"/>
<Loc EndOffset="1739" SrcFileId="21" StartOffset="1725"/>
<Loc EndOffset="1818" SrcFileId="21" StartOffset="1744"/>
</LocList>
<BasicStmnt CovItemId="S26" CovItemPrefix="group2.game.HighScoreList.java" Intrnl_Id="2137">
<LocList>
<Loc EndOffset="1598" SrcFileId="21" StartOffset="1567"/>
</LocList>
</BasicStmnt>
<BasicStmnt CovItemId="S27" CovItemPrefix="group2.game.HighScoreList.java" Intrnl_Id="2138">
<LocList>
<Loc EndOffset="1681" SrcFileId="21" StartOffset="1603"/>
</LocList>
</BasicStmnt>
<BasicStmnt CovItemId="S28" CovItemPrefix="group2.game.HighScoreList.java" Intrnl_Id="2139">
<LocList>
<Loc EndOffset="1720" SrcFileId="21" StartOffset="1686"/>
</LocList>
</BasicStmnt>
<BasicStmnt CovItemId="S29" CovItemPrefix="group2.game.HighScoreList.java" Intrnl_Id="2140">
<LocList>
<Loc EndOffset="1739" SrcFileId="21" StartOffset="1725"/>
</LocList>
</BasicStmnt>
<BasicStmnt CovItemId="S30" CovItemPrefix="group2.game.HighScoreList.java" Intrnl_Id="2141">
<LocList>
<Loc EndOffset="1818" SrcFileId="21" StartOffset="1744"/>
</LocList>
</BasicStmnt>
</StmntSeq>
<Keyword EndOffset="1523" SrcFileId="21" StartOffset="1518"/>
<LocList>
<Loc EndOffset="1824" SrcFileId="21" StartOffset="1518"/>
</LocList>
</LoopStmnt>
<CondStmnt CovItemId="S22" CovItemPrefix="group2.game.HighScoreList.java" Intrnl_Id="2142">
<Branch CovItemId="B5" CovItemPrefix="group2.game.HighScoreList.java" Implct="true" Intrnl_Id="2143">
<Cond/>
<LocList/>
<StmntSeq Intrnl_Id="2144">
<LocList/>
</StmntSeq>
</Branch>
<Branch CovItemId="B6" CovItemPrefix="group2.game.HighScoreList.java" Implct="false" Intrnl_Id="2145">
<Cond>
<Loc EndOffset="1850" SrcFileId="21" StartOffset="1829"/>
</Cond>
<LocList>
<Loc EndOffset="1880" SrcFileId="21" StartOffset="1851"/>
</LocList>
<StmntSeq Intrnl_Id="2146">
<LocList>
<Loc EndOffset="1876" SrcFileId="21" StartOffset="1856"/>
</LocList>
<BasicStmnt CovItemId="S31" CovItemPrefix="group2.game.HighScoreList.java" Intrnl_Id="2147">
<LocList>
<Loc EndOffset="1876" SrcFileId="21" StartOffset="1856"/>
</LocList>
</BasicStmnt>
</StmntSeq>
</Branch>
<Keyword EndOffset="1310" SrcFileId="21" StartOffset="1307"/>
<LocList>
<Loc EndOffset="1880" SrcFileId="21" StartOffset="1307"/>
</LocList>
</CondStmnt>
<CondStmnt CovItemId="S33" CovItemPrefix="group2.game.HighScoreList.java" Intrnl_Id="2148">
<Branch CovItemId="B8" CovItemPrefix="group2.game.HighScoreList.java" Implct="false" Intrnl_Id="2149">
<Cond/>
<LocList>
<Loc EndOffset="1952" SrcFileId="21" StartOffset="1924"/>
</LocList>
<StmntSeq Intrnl_Id="2150">
<LocList>
<Loc EndOffset="1946" SrcFileId="21" StartOffset="1931"/>
</LocList>
<BasicStmnt CovItemId="S34" CovItemPrefix="group2.game.HighScoreList.java" Intrnl_Id="2151">
<LocList>
<Loc EndOffset="1946" SrcFileId="21" StartOffset="1931"/>
</LocList>
</BasicStmnt>
</StmntSeq>
</Branch>
<Branch CovItemId="B9" CovItemPrefix="group2.game.HighScoreList.java" Implct="true" Intrnl_Id="2152">
<Cond/>
<LocList/>
<StmntSeq Intrnl_Id="2153">
<LocList/>
</StmntSeq>
</Branch>
<Keyword EndOffset="1906" SrcFileId="21" StartOffset="1904"/>
<LocList>
<Loc EndOffset="1952" SrcFileId="21" StartOffset="1904"/>
</LocList>
<RootTerm CovItemId="C4" CovItemPrefix="group2.game.HighScoreList.java" Intrnl_Id="2154">
<BasicBoolTerm Intrnl_Id="2155">
<LocList>
<Loc EndOffset="1922" SrcFileId="21" StartOffset="1908"/>
</LocList>
</BasicBoolTerm>
</RootTerm>
</CondStmnt>
<CondStmnt CovItemId="S32" CovItemPrefix="group2.game.HighScoreList.java" Intrnl_Id="2156">
<Branch CovItemId="B7" CovItemPrefix="group2.game.HighScoreList.java" Implct="true" Intrnl_Id="2157">
<Cond/>
<LocList/>
<StmntSeq Intrnl_Id="2158">
<LocList/>
</StmntSeq>
</Branch>
<Branch CovItemId="B10" CovItemPrefix="group2.game.HighScoreList.java" Implct="false" Intrnl_Id="2159">
<Cond>
<Loc EndOffset="1979" SrcFileId="21" StartOffset="1958"/>
</Cond>
<LocList>
<Loc EndOffset="2011" SrcFileId="21" StartOffset="1980"/>
</LocList>
<StmntSeq Intrnl_Id="2160">
<LocList>
<Loc EndOffset="2006" SrcFileId="21" StartOffset="1986"/>
</LocList>
<BasicStmnt CovItemId="S35" CovItemPrefix="group2.game.HighScoreList.java" Intrnl_Id="2161">
<LocList>
<Loc EndOffset="2006" SrcFileId="21" StartOffset="1986"/>
</LocList>
</BasicStmnt>
</StmntSeq>
</Branch>
<Keyword EndOffset="1897" SrcFileId="21" StartOffset="1894"/>
<LocList>
<Loc EndOffset="2011" SrcFileId="21" StartOffset="1894"/>
</LocList>
</CondStmnt>
<BasicStmnt CovItemId="S36" CovItemPrefix="group2.game.HighScoreList.java" Intrnl_Id="2162">
<LocList>
<Loc EndOffset="2033" SrcFileId="21" StartOffset="2019"/>
</LocList>
</BasicStmnt>
</StmntSeq>
</HierarchyLvl>
<HierarchyLvl HierarchyLvlId="123" HierarchyLvlTypeId="36" Intrnl_Id="2163" Name="writeScore">
<Header>
<Loc EndOffset="2071" SrcFileId="21" StartOffset="2039"/>
</Header>
<LocList>
<Loc EndOffset="2889" SrcFileId="21" StartOffset="2039"/>
</LocList>
<StmntSeq Intrnl_Id="2164">
<LocList>
<Loc EndOffset="2098" SrcFileId="21" StartOffset="2077"/>
<Loc EndOffset="2199" SrcFileId="21" StartOffset="2141"/>
<Loc EndOffset="2221" SrcFileId="21" StartOffset="2203"/>
<Loc EndOffset="2280" SrcFileId="21" StartOffset="2226"/>
<Loc EndOffset="2334" SrcFileId="21" StartOffset="2284"/>
<Loc EndOffset="2400" SrcFileId="21" StartOffset="2387"/>
<Loc EndOffset="2632" SrcFileId="21" StartOffset="2404"/>
<Loc EndOffset="2751" SrcFileId="21" StartOffset="2102"/>
<Loc EndOffset="2823" SrcFileId="21" StartOffset="2775"/>
<Loc EndOffset="2882" SrcFileId="21" StartOffset="2765"/>
</LocList>
<BasicStmnt CovItemId="S37" CovItemPrefix="group2.game.HighScoreList.java" Intrnl_Id="2165">
<LocList>
<Loc EndOffset="2098" SrcFileId="21" StartOffset="2077"/>
</LocList>
</BasicStmnt>
<BasicStmnt CovItemId="S39" CovItemPrefix="group2.game.HighScoreList.java" Intrnl_Id="2166">
<LocList>
<Loc EndOffset="2199" SrcFileId="21" StartOffset="2141"/>
</LocList>
</BasicStmnt>
<BasicStmnt CovItemId="S40" CovItemPrefix="group2.game.HighScoreList.java" Intrnl_Id="2167">
<LocList>
<Loc EndOffset="2221" SrcFileId="21" StartOffset="2203"/>
</LocList>
</BasicStmnt>
<BasicStmnt CovItemId="S41" CovItemPrefix="group2.game.HighScoreList.java" Intrnl_Id="2168">
<LocList>
<Loc EndOffset="2280" SrcFileId="21" StartOffset="2226"/>
</LocList>
</BasicStmnt>
<BasicStmnt CovItemId="S42" CovItemPrefix="group2.game.HighScoreList.java" Intrnl_Id="2169">
<LocList>
<Loc EndOffset="2334" SrcFileId="21" StartOffset="2284"/>
</LocList>
</BasicStmnt>
<BasicStmnt CovItemId="S43" CovItemPrefix="group2.game.HighScoreList.java" Intrnl_Id="2170">
<LocList>
<Loc EndOffset="2400" SrcFileId="21" StartOffset="2387"/>
</LocList>
</BasicStmnt>
<LoopStmnt CovItemId="S44" CovItemPrefix="group2.game.HighScoreList.java" Intrnl_Id="2171" MltplExecId="L3-2" MltplExecPrefix="group2.game.HighScoreList.java" NvrExecId="L3-0" NvrExecPrefix="group2.game.HighScoreList.java" OnceExecutedId="L3-1" OnceExecutedPrefix="group2.game.HighScoreList.java" OptBodyExec="true">
<StmntSeq Intrnl_Id="2172">
<LocList>
<Loc EndOffset="2485" SrcFileId="21" StartOffset="2441"/>
<Loc EndOffset="2491" SrcFileId="21" StartOffset="2490"/>
<Loc EndOffset="2534" SrcFileId="21" StartOffset="2515"/>
<Loc EndOffset="2603" SrcFileId="21" StartOffset="2582"/>
<Loc EndOffset="2627" SrcFileId="21" StartOffset="2620"/>
</LocList>
<BasicStmnt CovItemId="S45" CovItemPrefix="group2.game.HighScoreList.java" Intrnl_Id="2173">
<LocList>
<Loc EndOffset="2485" SrcFileId="21" StartOffset="2441"/>
</LocList>
</BasicStmnt>
<BasicStmnt CovItemId="S46" CovItemPrefix="group2.game.HighScoreList.java" Intrnl_Id="2174">
<LocList>
<Loc EndOffset="2491" SrcFileId="21" StartOffset="2490"/>
</LocList>
</BasicStmnt>
<BasicStmnt CovItemId="S47" CovItemPrefix="group2.game.HighScoreList.java" Intrnl_Id="2175">
<LocList>
<Loc EndOffset="2534" SrcFileId="21" StartOffset="2515"/>
</LocList>
</BasicStmnt>
<BasicStmnt CovItemId="S48" CovItemPrefix="group2.game.HighScoreList.java" Intrnl_Id="2176">
<LocList>
<Loc EndOffset="2603" SrcFileId="21" StartOffset="2582"/>
</LocList>
</BasicStmnt>
<BasicStmnt CovItemId="S49" CovItemPrefix="group2.game.HighScoreList.java" Intrnl_Id="2177">
<LocList>
<Loc EndOffset="2627" SrcFileId="21" StartOffset="2620"/>
</LocList>
</BasicStmnt>
</StmntSeq>
<Keyword EndOffset="2407" SrcFileId="21" StartOffset="2404"/>
<LocList>
<Loc EndOffset="2632" SrcFileId="21" StartOffset="2404"/>
</LocList>
</LoopStmnt>
<CondStmnt CovItemId="S38" CovItemPrefix="group2.game.HighScoreList.java" Intrnl_Id="2178">
<Branch CovItemId="B11" CovItemPrefix="group2.game.HighScoreList.java" Implct="true" Intrnl_Id="2179">
<Cond/>
<LocList/>
<StmntSeq Intrnl_Id="2180">
<LocList/>
</StmntSeq>
</Branch>
<Branch CovItemId="B12" CovItemPrefix="group2.game.HighScoreList.java" Implct="false" Intrnl_Id="2181">
<Cond>
<Loc EndOffset="2669" SrcFileId="21" StartOffset="2638"/>
</Cond>
<LocList>
<Loc EndOffset="2699" SrcFileId="21" StartOffset="2670"/>
</LocList>
<StmntSeq Intrnl_Id="2182">
<LocList>
<Loc EndOffset="2695" SrcFileId="21" StartOffset="2675"/>
</LocList>
<BasicStmnt CovItemId="S50" CovItemPrefix="group2.game.HighScoreList.java" Intrnl_Id="2183">
<LocList>
<Loc EndOffset="2695" SrcFileId="21" StartOffset="2675"/>
</LocList>
</BasicStmnt>
</StmntSeq>
</Branch>
<Branch CovItemId="B13" CovItemPrefix="group2.game.HighScoreList.java" Implct="false" Intrnl_Id="2184">
<Cond>
<Loc EndOffset="2721" SrcFileId="21" StartOffset="2700"/>
</Cond>
<LocList>
<Loc EndOffset="2751" SrcFileId="21" StartOffset="2722"/>
</LocList>
<StmntSeq Intrnl_Id="2185">
<LocList>
<Loc EndOffset="2747" SrcFileId="21" StartOffset="2727"/>
</LocList>
<BasicStmnt CovItemId="S51" CovItemPrefix="group2.game.HighScoreList.java" Intrnl_Id="2186">
<LocList>
<Loc EndOffset="2747" SrcFileId="21" StartOffset="2727"/>
</LocList>
</BasicStmnt>
</StmntSeq>
</Branch>
<Keyword EndOffset="2105" SrcFileId="21" StartOffset="2102"/>
<LocList>
<Loc EndOffset="2751" SrcFileId="21" StartOffset="2102"/>
</LocList>
</CondStmnt>
<CondStmnt CovItemId="S53" CovItemPrefix="group2.game.HighScoreList.java" Intrnl_Id="2187">
<Branch CovItemId="B15" CovItemPrefix="group2.game.HighScoreList.java" Implct="false" Intrnl_Id="2188">
<Cond/>
<LocList>
<Loc EndOffset="2823" SrcFileId="21" StartOffset="2795"/>
</LocList>
<StmntSeq Intrnl_Id="2189">
<LocList>
<Loc EndOffset="2817" SrcFileId="21" StartOffset="2802"/>
</LocList>
<BasicStmnt CovItemId="S54" CovItemPrefix="group2.game.HighScoreList.java" Intrnl_Id="2190">
<LocList>
<Loc EndOffset="2817" SrcFileId="21" StartOffset="2802"/>
</LocList>
</BasicStmnt>
</StmntSeq>
</Branch>
<Branch CovItemId="B16" CovItemPrefix="group2.game.HighScoreList.java" Implct="true" Intrnl_Id="2191">
<Cond/>
<LocList/>
<StmntSeq Intrnl_Id="2192">
<LocList/>
</StmntSeq>
</Branch>
<Keyword EndOffset="2777" SrcFileId="21" StartOffset="2775"/>
<LocList>
<Loc EndOffset="2823" SrcFileId="21" StartOffset="2775"/>
</LocList>
<RootTerm CovItemId="C5" CovItemPrefix="group2.game.HighScoreList.java" Intrnl_Id="2193">
<BasicBoolTerm Intrnl_Id="2194">
<LocList>
<Loc EndOffset="2793" SrcFileId="21" StartOffset="2779"/>
</LocList>
</BasicBoolTerm>
</RootTerm>
</CondStmnt>
<CondStmnt CovItemId="S52" CovItemPrefix="group2.game.HighScoreList.java" Intrnl_Id="2195">
<Branch CovItemId="B14" CovItemPrefix="group2.game.HighScoreList.java" Implct="true" Intrnl_Id="2196">
<Cond/>
<LocList/>
<StmntSeq Intrnl_Id="2197">
<LocList/>
</StmntSeq>
</Branch>
<Branch CovItemId="B17" CovItemPrefix="group2.game.HighScoreList.java" Implct="false" Intrnl_Id="2198">
<Cond>
<Loc EndOffset="2850" SrcFileId="21" StartOffset="2829"/>
</Cond>
<LocList>
<Loc EndOffset="2882" SrcFileId="21" StartOffset="2851"/>
</LocList>
<StmntSeq Intrnl_Id="2199">
<LocList>
<Loc EndOffset="2877" SrcFileId="21" StartOffset="2857"/>
</LocList>
<BasicStmnt CovItemId="S55" CovItemPrefix="group2.game.HighScoreList.java" Intrnl_Id="2200">
<LocList>
<Loc EndOffset="2877" SrcFileId="21" StartOffset="2857"/>
</LocList>
</BasicStmnt>
</StmntSeq>
</Branch>
<Keyword EndOffset="2768" SrcFileId="21" StartOffset="2765"/>
<LocList>
<Loc EndOffset="2882" SrcFileId="21" StartOffset="2765"/>
</LocList>
</CondStmnt>
</StmntSeq>
</HierarchyLvl>
</HierarchyLvl>
<HierarchyLvl HierarchyLvlId="129" HierarchyLvlTypeId="35" Intrnl_Id="2201" Name="GUIInput">
<Header>
<Loc EndOffset="362" SrcFileId="22" StartOffset="300"/>
</Header>
<LocList>
<Loc EndOffset="2777" SrcFileId="22" StartOffset="300"/>
</LocList>
<StmntSeq Intrnl_Id="2202">
<LocList>
<Loc EndOffset="429" SrcFileId="22" StartOffset="381"/>
</LocList>
<BasicStmnt CovItemId="S1" CovItemPrefix="group2.game.GUIInput.java" Intrnl_Id="2203">
<LocList>
<Loc EndOffset="429" SrcFileId="22" StartOffset="381"/>
</LocList>
</BasicStmnt>
</StmntSeq>
<HierarchyLvl HierarchyLvlId="125" HierarchyLvlTypeId="36" Intrnl_Id="2204" Name="GUIInput">
<Header>
<Loc EndOffset="573" SrcFileId="22" StartOffset="524"/>
</Header>
<LocList>
<Loc EndOffset="1017" SrcFileId="22" StartOffset="524"/>
</LocList>
<StmntSeq Intrnl_Id="2205">
<LocList>
<Loc EndOffset="586" SrcFileId="22" StartOffset="578"/>
<Loc EndOffset="603" SrcFileId="22" StartOffset="589"/>
<Loc EndOffset="625" SrcFileId="22" StartOffset="606"/>
<Loc EndOffset="670" SrcFileId="22" StartOffset="628"/>
<Loc EndOffset="704" SrcFileId="22" StartOffset="673"/>
<Loc EndOffset="741" SrcFileId="22" StartOffset="707"/>
<Loc EndOffset="828" SrcFileId="22" StartOffset="780"/>
<Loc EndOffset="874" SrcFileId="22" StartOffset="831"/>
<Loc EndOffset="917" SrcFileId="22" StartOffset="878"/>
<Loc EndOffset="938" SrcFileId="22" StartOffset="920"/>
<Loc EndOffset="975" SrcFileId="22" StartOffset="942"/>
<Loc EndOffset="994" SrcFileId="22" StartOffset="978"/>
<Loc EndOffset="1013" SrcFileId="22" StartOffset="997"/>
</LocList>
<BasicStmnt CovItemId="S2" CovItemPrefix="group2.game.GUIInput.java" Intrnl_Id="2206">
<LocList>
<Loc EndOffset="586" SrcFileId="22" StartOffset="578"/>
</LocList>
</BasicStmnt>
<BasicStmnt CovItemId="S3" CovItemPrefix="group2.game.GUIInput.java" Intrnl_Id="2207">
<LocList>
<Loc EndOffset="603" SrcFileId="22" StartOffset="589"/>
</LocList>
</BasicStmnt>
<BasicStmnt CovItemId="S4" CovItemPrefix="group2.game.GUIInput.java" Intrnl_Id="2208">
<LocList>
<Loc EndOffset="625" SrcFileId="22" StartOffset="606"/>
</LocList>
</BasicStmnt>
<BasicStmnt CovItemId="S5" CovItemPrefix="group2.game.GUIInput.java" Intrnl_Id="2209">
<LocList>
<Loc EndOffset="670" SrcFileId="22" StartOffset="628"/>
</LocList>
</BasicStmnt>
<BasicStmnt CovItemId="S6" CovItemPrefix="group2.game.GUIInput.java" Intrnl_Id="2210">
<LocList>
<Loc EndOffset="704" SrcFileId="22" StartOffset="673"/>
</LocList>
</BasicStmnt>
<BasicStmnt CovItemId="S7" CovItemPrefix="group2.game.GUIInput.java" Intrnl_Id="2211">
<LocList>
<Loc EndOffset="741" SrcFileId="22" StartOffset="707"/>
</LocList>
</BasicStmnt>
<BasicStmnt CovItemId="S8" CovItemPrefix="group2.game.GUIInput.java" Intrnl_Id="2212">
<LocList>
<Loc EndOffset="828" SrcFileId="22" StartOffset="780"/>
</LocList>
</BasicStmnt>
<BasicStmnt CovItemId="S9" CovItemPrefix="group2.game.GUIInput.java" Intrnl_Id="2213">
<LocList>
<Loc EndOffset="874" SrcFileId="22" StartOffset="831"/>
</LocList>
</BasicStmnt>
<BasicStmnt CovItemId="S10" CovItemPrefix="group2.game.GUIInput.java" Intrnl_Id="2214">
<LocList>
<Loc EndOffset="917" SrcFileId="22" StartOffset="878"/>
</LocList>
</BasicStmnt>
<BasicStmnt CovItemId="S11" CovItemPrefix="group2.game.GUIInput.java" Intrnl_Id="2215">
<LocList>
<Loc EndOffset="938" SrcFileId="22" StartOffset="920"/>
</LocList>
</BasicStmnt>
<BasicStmnt CovItemId="S12" CovItemPrefix="group2.game.GUIInput.java" Intrnl_Id="2216">
<LocList>
<Loc EndOffset="975" SrcFileId="22" StartOffset="942"/>
</LocList>
</BasicStmnt>
<BasicStmnt CovItemId="S13" CovItemPrefix="group2.game.GUIInput.java" Intrnl_Id="2217">
<LocList>
<Loc EndOffset="994" SrcFileId="22" StartOffset="978"/>
</LocList>
</BasicStmnt>
<BasicStmnt CovItemId="S14" CovItemPrefix="group2.game.GUIInput.java" Intrnl_Id="2218">
<LocList>
<Loc EndOffset="1013" SrcFileId="22" StartOffset="997"/>
</LocList>
</BasicStmnt>
</StmntSeq>
</HierarchyLvl>
<HierarchyLvl HierarchyLvlId="126" HierarchyLvlTypeId="36" Intrnl_Id="2219" Name="actionPerformed">
<Header>
<Loc EndOffset="1075" SrcFileId="22" StartOffset="1020"/>
</Header>
<LocList>
<Loc EndOffset="1702" SrcFileId="22" StartOffset="1020"/>
</LocList>
<StmntSeq Intrnl_Id="2220">
<LocList>
<Loc EndOffset="1115" SrcFileId="22" StartOffset="1081"/>
<Loc EndOffset="1678" SrcFileId="22" StartOffset="1156"/>
<Loc EndOffset="1698" SrcFileId="22" StartOffset="1682"/>
</LocList>
<BasicStmnt CovItemId="S15" CovItemPrefix="group2.game.GUIInput.java" Intrnl_Id="2221">
<LocList>
<Loc EndOffset="1115" SrcFileId="22" StartOffset="1081"/>
</LocList>
</BasicStmnt>
<CondStmnt CovItemId="S16" CovItemPrefix="group2.game.GUIInput.java" Intrnl_Id="2222">
<Branch CovItemId="B1" CovItemPrefix="group2.game.GUIInput.java" Implct="false" Intrnl_Id="2223">
<Cond/>
<LocList>
<Loc EndOffset="1343" SrcFileId="22" StartOffset="1165"/>
</LocList>
<StmntSeq Intrnl_Id="2224">
<LocList>
<Loc EndOffset="1285" SrcFileId="22" StartOffset="1169"/>
<Loc EndOffset="1317" SrcFileId="22" StartOffset="1288"/>
<Loc EndOffset="1339" SrcFileId="22" StartOffset="1320"/>
</LocList>
<BasicStmnt CovItemId="S17" CovItemPrefix="group2.game.GUIInput.java" Intrnl_Id="2225">
<LocList>
<Loc EndOffset="1285" SrcFileId="22" StartOffset="1169"/>
</LocList>
</BasicStmnt>
<BasicStmnt CovItemId="S18" CovItemPrefix="group2.game.GUIInput.java" Intrnl_Id="2226">
<LocList>
<Loc EndOffset="1317" SrcFileId="22" StartOffset="1288"/>
</LocList>
</BasicStmnt>
<BasicStmnt CovItemId="S19" CovItemPrefix="group2.game.GUIInput.java" Intrnl_Id="2227">
<LocList>
<Loc EndOffset="1339" SrcFileId="22" StartOffset="1320"/>
</LocList>
</BasicStmnt>
</StmntSeq>
</Branch>
<Branch CovItemId="B2" CovItemPrefix="group2.game.GUIInput.java" Implct="false" Intrnl_Id="2228">
<Cond>
<Loc EndOffset="1350" SrcFileId="22" StartOffset="1346"/>
</Cond>
<LocList>
<Loc EndOffset="1678" SrcFileId="22" StartOffset="1350"/>
</LocList>
<StmntSeq Intrnl_Id="2229">
<LocList>
<Loc EndOffset="1607" SrcFileId="22" StartOffset="1396"/>
<Loc EndOffset="1636" SrcFileId="22" StartOffset="1612"/>
<Loc EndOffset="1666" SrcFileId="22" StartOffset="1641"/>
</LocList>
<CondStmnt CovItemId="S20" CovItemPrefix="group2.game.GUIInput.java" Intrnl_Id="2230">
<Branch CovItemId="B3" CovItemPrefix="group2.game.GUIInput.java" Implct="false" Intrnl_Id="2231">
<Cond/>
<LocList>
<Loc EndOffset="1529" SrcFileId="22" StartOffset="1425"/>
</LocList>
<StmntSeq Intrnl_Id="2232">
<LocList>
<Loc EndOffset="1454" SrcFileId="22" StartOffset="1431"/>
<Loc EndOffset="1488" SrcFileId="22" StartOffset="1465"/>
<Loc EndOffset="1519" SrcFileId="22" StartOffset="1494"/>
</LocList>
<BasicStmnt CovItemId="S21" CovItemPrefix="group2.game.GUIInput.java" Intrnl_Id="2233">
<LocList>
<Loc EndOffset="1454" SrcFileId="22" StartOffset="1431"/>
</LocList>
</BasicStmnt>
<BasicStmnt CovItemId="S22" CovItemPrefix="group2.game.GUIInput.java" Intrnl_Id="2234">
<LocList>
<Loc EndOffset="1488" SrcFileId="22" StartOffset="1465"/>
</LocList>
</BasicStmnt>
<BasicStmnt CovItemId="S23" CovItemPrefix="group2.game.GUIInput.java" Intrnl_Id="2235">
<LocList>
<Loc EndOffset="1519" SrcFileId="22" StartOffset="1494"/>
</LocList>
</BasicStmnt>
</StmntSeq>
</Branch>
<Branch CovItemId="B4" CovItemPrefix="group2.game.GUIInput.java" Implct="false" Intrnl_Id="2236">
<Cond>
<Loc EndOffset="1537" SrcFileId="22" StartOffset="1533"/>
</Cond>
<LocList>
<Loc EndOffset="1607" SrcFileId="22" StartOffset="1537"/>
</LocList>
<StmntSeq Intrnl_Id="2237">
<LocList>
<Loc EndOffset="1567" SrcFileId="22" StartOffset="1543"/>
<Loc EndOffset="1597" SrcFileId="22" StartOffset="1572"/>
</LocList>
<BasicStmnt CovItemId="S24" CovItemPrefix="group2.game.GUIInput.java" Intrnl_Id="2238">
<LocList>
<Loc EndOffset="1567" SrcFileId="22" StartOffset="1543"/>
</LocList>
</BasicStmnt>
<BasicStmnt CovItemId="S25" CovItemPrefix="group2.game.GUIInput.java" Intrnl_Id="2239">
<LocList>
<Loc EndOffset="1597" SrcFileId="22" StartOffset="1572"/>
</LocList>
</BasicStmnt>
</StmntSeq>
</Branch>
<Keyword EndOffset="1398" SrcFileId="22" StartOffset="1396"/>
<LocList>
<Loc EndOffset="1607" SrcFileId="22" StartOffset="1396"/>
</LocList>
<RootTerm CovItemId="C2" CovItemPrefix="group2.game.GUIInput.java" Intrnl_Id="2240">
<BasicBoolTerm Intrnl_Id="2241">
<LocList>
<Loc EndOffset="1424" SrcFileId="22" StartOffset="1399"/>
</LocList>
</BasicBoolTerm>
</RootTerm>
</CondStmnt>
<BasicStmnt CovItemId="S26" CovItemPrefix="group2.game.GUIInput.java" Intrnl_Id="2242">
<LocList>
<Loc EndOffset="1636" SrcFileId="22" StartOffset="1612"/>
</LocList>
</BasicStmnt>
<BasicStmnt CovItemId="S27" CovItemPrefix="group2.game.GUIInput.java" Intrnl_Id="2243">
<LocList>
<Loc EndOffset="1666" SrcFileId="22" StartOffset="1641"/>
</LocList>
</BasicStmnt>
</StmntSeq>
</Branch>
<Keyword EndOffset="1158" SrcFileId="22" StartOffset="1156"/>
<LocList>
<Loc EndOffset="1678" SrcFileId="22" StartOffset="1156"/>
</LocList>
<RootTerm CovItemId="C1" CovItemPrefix="group2.game.GUIInput.java" Intrnl_Id="2244">
<BasicBoolTerm Intrnl_Id="2245">
<LocList>
<Loc EndOffset="1164" SrcFileId="22" StartOffset="1159"/>
</LocList>
</BasicBoolTerm>
</RootTerm>
</CondStmnt>
<BasicStmnt CovItemId="S28" CovItemPrefix="group2.game.GUIInput.java" Intrnl_Id="2246">
<LocList>
<Loc EndOffset="1698" SrcFileId="22" StartOffset="1682"/>
</LocList>
</BasicStmnt>
</StmntSeq>
</HierarchyLvl>
<HierarchyLvl HierarchyLvlId="127" HierarchyLvlTypeId="36" Intrnl_Id="2247" Name="createAndShowGUI">
<Header>
<Loc EndOffset="1865" SrcFileId="22" StartOffset="1832"/>
</Header>
<LocList>
<Loc EndOffset="2637" SrcFileId="22" StartOffset="1832"/>
</LocList>
<StmntSeq Intrnl_Id="2248">
<LocList>
<Loc EndOffset="1938" SrcFileId="22" StartOffset="1906"/>
<Loc EndOffset="2090" SrcFileId="22" StartOffset="2025"/>
<Loc EndOffset="2120" SrcFileId="22" StartOffset="2093"/>
<Loc EndOffset="2468" SrcFileId="22" StartOffset="2124"/>
<Loc EndOffset="2521" SrcFileId="22" StartOffset="2505"/>
<Loc EndOffset="2563" SrcFileId="22" StartOffset="2550"/>
<Loc EndOffset="2593" SrcFileId="22" StartOffset="2566"/>
<Loc EndOffset="2619" SrcFileId="22" StartOffset="2596"/>
<Loc EndOffset="2634" SrcFileId="22" StartOffset="2622"/>
</LocList>
<BasicStmnt CovItemId="S29" CovItemPrefix="group2.game.GUIInput.java" Intrnl_Id="2249">
<LocList>
<Loc EndOffset="1938" SrcFileId="22" StartOffset="1906"/>
</LocList>
</BasicStmnt>
<BasicStmnt CovItemId="S30" CovItemPrefix="group2.game.GUIInput.java" Intrnl_Id="2250">
<LocList>
<Loc EndOffset="2090" SrcFileId="22" StartOffset="2025"/>
</LocList>
</BasicStmnt>
<BasicStmnt CovItemId="S31" CovItemPrefix="group2.game.GUIInput.java" Intrnl_Id="2251">
<LocList>
<Loc EndOffset="2120" SrcFileId="22" StartOffset="2093"/>
</LocList>
</BasicStmnt>
<CondStmnt CovItemId="S32" CovItemPrefix="group2.game.GUIInput.java" Intrnl_Id="2252">
<Branch CovItemId="B5" CovItemPrefix="group2.game.GUIInput.java" Implct="false" Intrnl_Id="2253">
<Cond/>
<LocList>
<Loc EndOffset="2296" SrcFileId="22" StartOffset="2133"/>
</LocList>
<StmntSeq Intrnl_Id="2254">
<LocList>
<Loc EndOffset="2292" SrcFileId="22" StartOffset="2137"/>
</LocList>
<BasicStmnt CovItemId="S33" CovItemPrefix="group2.game.GUIInput.java" Intrnl_Id="2255">
<LocList>
<Loc EndOffset="2292" SrcFileId="22" StartOffset="2137"/>
</LocList>
</BasicStmnt>
</StmntSeq>
</Branch>
<Branch CovItemId="B6" CovItemPrefix="group2.game.GUIInput.java" Implct="false" Intrnl_Id="2256">
<Cond>
<Loc EndOffset="2303" SrcFileId="22" StartOffset="2299"/>
</Cond>
<LocList>
<Loc EndOffset="2468" SrcFileId="22" StartOffset="2303"/>
</LocList>
<StmntSeq Intrnl_Id="2257">
<LocList>
<Loc EndOffset="2464" SrcFileId="22" StartOffset="2308"/>
</LocList>
<BasicStmnt CovItemId="S34" CovItemPrefix="group2.game.GUIInput.java" Intrnl_Id="2258">
<LocList>
<Loc EndOffset="2464" SrcFileId="22" StartOffset="2308"/>
</LocList>
</BasicStmnt>
</StmntSeq>
</Branch>
<Keyword EndOffset="2126" SrcFileId="22" StartOffset="2124"/>
<LocList>
<Loc EndOffset="2468" SrcFileId="22" StartOffset="2124"/>
</LocList>
<RootTerm CovItemId="C3" CovItemPrefix="group2.game.GUIInput.java" Intrnl_Id="2259">
<BasicBoolTerm Intrnl_Id="2260">
<LocList>
<Loc EndOffset="2132" SrcFileId="22" StartOffset="2127"/>
</LocList>
</BasicBoolTerm>
</RootTerm>
</CondStmnt>
<BasicStmnt CovItemId="S35" CovItemPrefix="group2.game.GUIInput.java" Intrnl_Id="2261">
<LocList>
<Loc EndOffset="2521" SrcFileId="22" StartOffset="2505"/>
</LocList>
</BasicStmnt>
<BasicStmnt CovItemId="S36" CovItemPrefix="group2.game.GUIInput.java" Intrnl_Id="2262">
<LocList>
<Loc EndOffset="2563" SrcFileId="22" StartOffset="2550"/>
</LocList>
</BasicStmnt>
<BasicStmnt CovItemId="S37" CovItemPrefix="group2.game.GUIInput.java" Intrnl_Id="2263">
<LocList>
<Loc EndOffset="2593" SrcFileId="22" StartOffset="2566"/>
</LocList>
</BasicStmnt>
<BasicStmnt CovItemId="S38" CovItemPrefix="group2.game.GUIInput.java" Intrnl_Id="2264">
<LocList>
<Loc EndOffset="2619" SrcFileId="22" StartOffset="2596"/>
</LocList>
</BasicStmnt>
<BasicStmnt CovItemId="S39" CovItemPrefix="group2.game.GUIInput.java" Intrnl_Id="2265">
<LocList>
<Loc EndOffset="2634" SrcFileId="22" StartOffset="2622"/>
</LocList>
</BasicStmnt>
</StmntSeq>
</HierarchyLvl>
<HierarchyLvl HierarchyLvlId="128" HierarchyLvlTypeId="36" Intrnl_Id="2266" Name="determineTitle">
<Header>
<Loc EndOffset="2684" SrcFileId="22" StartOffset="2641"/>
</Header>
<LocList>
<Loc EndOffset="2774" SrcFileId="22" StartOffset="2641"/>
</LocList>
<StmntSeq Intrnl_Id="2267">
<LocList>
<Loc EndOffset="2733" SrcFileId="22" StartOffset="2688"/>
<Loc EndOffset="2771" SrcFileId="22" StartOffset="2736"/>
</LocList>
<CondStmnt CovItemId="S40" CovItemPrefix="group2.game.GUIInput.java" Intrnl_Id="2268">
<Branch CovItemId="B7" CovItemPrefix="group2.game.GUIInput.java" Implct="false" Intrnl_Id="2269">
<Cond/>
<LocList>
<Loc EndOffset="2733" SrcFileId="22" StartOffset="2701"/>
</LocList>
<StmntSeq Intrnl_Id="2270">
<LocList>
<Loc EndOffset="2733" SrcFileId="22" StartOffset="2701"/>
</LocList>
<BasicStmnt CovItemId="S41" CovItemPrefix="group2.game.GUIInput.java" Intrnl_Id="2271">
<LocList>
<Loc EndOffset="2733" SrcFileId="22" StartOffset="2701"/>
</LocList>
</BasicStmnt>
</StmntSeq>
</Branch>
<Branch CovItemId="B8" CovItemPrefix="group2.game.GUIInput.java" Implct="true" Intrnl_Id="2272">
<Cond/>
<LocList/>
<StmntSeq Intrnl_Id="2273">
<LocList/>
</StmntSeq>
</Branch>
<Keyword EndOffset="2690" SrcFileId="22" StartOffset="2688"/>
<LocList>
<Loc EndOffset="2733" SrcFileId="22" StartOffset="2688"/>
</LocList>
<RootTerm CovItemId="C4" CovItemPrefix="group2.game.GUIInput.java" Intrnl_Id="2274">
<BasicBoolTerm Intrnl_Id="2275">
<LocList>
<Loc EndOffset="2696" SrcFileId="22" StartOffset="2691"/>
</LocList>
</BasicBoolTerm>
</RootTerm>
</CondStmnt>
<BasicStmnt CovItemId="S42" CovItemPrefix="group2.game.GUIInput.java" Intrnl_Id="2276">
<LocList>
<Loc EndOffset="2771" SrcFileId="22" StartOffset="2736"/>
</LocList>
</BasicStmnt>
</StmntSeq>
</HierarchyLvl>
</HierarchyLvl>
<HierarchyLvl HierarchyLvlId="131" HierarchyLvlTypeId="35" Intrnl_Id="2277" Name="Funnel">
<Header>
<Loc EndOffset="80" SrcFileId="23" StartOffset="45"/>
</Header>
<LocList>
<Loc EndOffset="321" SrcFileId="23" StartOffset="45"/>
</LocList>
<HierarchyLvl HierarchyLvlId="130" HierarchyLvlTypeId="36" Intrnl_Id="2278" Name="Funnel">
<Header>
<Loc EndOffset="110" SrcFileId="23" StartOffset="85"/>
</Header>
<LocList>
<Loc EndOffset="318" SrcFileId="23" StartOffset="85"/>
</LocList>
<StmntSeq Intrnl_Id="2279">
<LocList>
<Loc EndOffset="131" SrcFileId="23" StartOffset="115"/>
<Loc EndOffset="151" SrcFileId="23" StartOffset="135"/>
<Loc EndOffset="178" SrcFileId="23" StartOffset="154"/>
<Loc EndOffset="248" SrcFileId="23" StartOffset="181"/>
<Loc EndOffset="315" SrcFileId="23" StartOffset="251"/>
</LocList>
<BasicStmnt CovItemId="S1" CovItemPrefix="group2.game.Funnel.java" Intrnl_Id="2280">
<LocList>
<Loc EndOffset="131" SrcFileId="23" StartOffset="115"/>
</LocList>
</BasicStmnt>
<BasicStmnt CovItemId="S2" CovItemPrefix="group2.game.Funnel.java" Intrnl_Id="2281">
<LocList>
<Loc EndOffset="151" SrcFileId="23" StartOffset="135"/>
</LocList>
</BasicStmnt>
<BasicStmnt CovItemId="S3" CovItemPrefix="group2.game.Funnel.java" Intrnl_Id="2282">
<LocList>
<Loc EndOffset="178" SrcFileId="23" StartOffset="154"/>
</LocList>
</BasicStmnt>
<BasicStmnt CovItemId="S4" CovItemPrefix="group2.game.Funnel.java" Intrnl_Id="2283">
<LocList>
<Loc EndOffset="248" SrcFileId="23" StartOffset="181"/>
</LocList>
</BasicStmnt>
<BasicStmnt CovItemId="S5" CovItemPrefix="group2.game.Funnel.java" Intrnl_Id="2284">
<LocList>
<Loc EndOffset="315" SrcFileId="23" StartOffset="251"/>
</LocList>
</BasicStmnt>
</StmntSeq>
</HierarchyLvl>
</HierarchyLvl>
<HierarchyLvl HierarchyLvlId="135" HierarchyLvlTypeId="35" Intrnl_Id="2285" Name="Fertilizer">
<Header>
<Loc EndOffset="112" SrcFileId="24" StartOffset="68"/>
</Header>
<LocList>
<Loc EndOffset="735" SrcFileId="24" StartOffset="68"/>
</LocList>
<HierarchyLvl HierarchyLvlId="132" HierarchyLvlTypeId="36" Intrnl_Id="2286" Name="Fertilizer">
<Header>
<Loc EndOffset="172" SrcFileId="24" StartOffset="117"/>
</Header>
<LocList>
<Loc EndOffset="308" SrcFileId="24" StartOffset="117"/>
</LocList>
<StmntSeq Intrnl_Id="2287">
<LocList>
<Loc EndOffset="192" SrcFileId="24" StartOffset="177"/>
<Loc EndOffset="220" SrcFileId="24" StartOffset="195"/>
<Loc EndOffset="257" SrcFileId="24" StartOffset="223"/>
<Loc EndOffset="287" SrcFileId="24" StartOffset="260"/>
<Loc EndOffset="304" SrcFileId="24" StartOffset="290"/>
</LocList>
<BasicStmnt CovItemId="S1" CovItemPrefix="group2.game.Fertilizer.java" Intrnl_Id="2288">
<LocList>
<Loc EndOffset="192" SrcFileId="24" StartOffset="177"/>
</LocList>
</BasicStmnt>
<BasicStmnt CovItemId="S2" CovItemPrefix="group2.game.Fertilizer.java" Intrnl_Id="2289">
<LocList>
<Loc EndOffset="220" SrcFileId="24" StartOffset="195"/>
</LocList>
</BasicStmnt>
<BasicStmnt CovItemId="S3" CovItemPrefix="group2.game.Fertilizer.java" Intrnl_Id="2290">
<LocList>
<Loc EndOffset="257" SrcFileId="24" StartOffset="223"/>
</LocList>
</BasicStmnt>
<BasicStmnt CovItemId="S4" CovItemPrefix="group2.game.Fertilizer.java" Intrnl_Id="2291">
<LocList>
<Loc EndOffset="287" SrcFileId="24" StartOffset="260"/>
</LocList>
</BasicStmnt>
<BasicStmnt CovItemId="S5" CovItemPrefix="group2.game.Fertilizer.java" Intrnl_Id="2292">
<LocList>
<Loc EndOffset="304" SrcFileId="24" StartOffset="290"/>
</LocList>
</BasicStmnt>
</StmntSeq>
</HierarchyLvl>
<HierarchyLvl HierarchyLvlId="133" HierarchyLvlTypeId="36" Intrnl_Id="2293" Name="update">
<Header>
<Loc EndOffset="342" SrcFileId="24" StartOffset="311"/>
</Header>
<LocList>
<Loc EndOffset="652" SrcFileId="24" StartOffset="311"/>
</LocList>
<StmntSeq Intrnl_Id="2294">
<LocList>
<Loc EndOffset="362" SrcFileId="24" StartOffset="347"/>
<Loc EndOffset="649" SrcFileId="24" StartOffset="366"/>
</LocList>
<BasicStmnt CovItemId="S6" CovItemPrefix="group2.game.Fertilizer.java" Intrnl_Id="2295">
<LocList>
<Loc EndOffset="362" SrcFileId="24" StartOffset="347"/>
</LocList>
</BasicStmnt>
<CondStmnt CovItemId="S7" CovItemPrefix="group2.game.Fertilizer.java" Intrnl_Id="2296">
<Branch CovItemId="B1" CovItemPrefix="group2.game.Fertilizer.java" Implct="false" Intrnl_Id="2297">
<Cond/>
<LocList>
<Loc EndOffset="649" SrcFileId="24" StartOffset="396"/>
</LocList>
<StmntSeq Intrnl_Id="2298">
<LocList>
<Loc EndOffset="418" SrcFileId="24" StartOffset="401"/>
<Loc EndOffset="436" SrcFileId="24" StartOffset="422"/>
<Loc EndOffset="645" SrcFileId="24" StartOffset="440"/>
</LocList>
<BasicStmnt CovItemId="S8" CovItemPrefix="group2.game.Fertilizer.java" Intrnl_Id="2299">
<LocList>
<Loc EndOffset="418" SrcFileId="24" StartOffset="401"/>
</LocList>
</BasicStmnt>
<BasicStmnt CovItemId="S9" CovItemPrefix="group2.game.Fertilizer.java" Intrnl_Id="2300">
<LocList>
<Loc EndOffset="436" SrcFileId="24" StartOffset="422"/>
</LocList>
</BasicStmnt>
<CondStmnt CovItemId="S10" CovItemPrefix="group2.game.Fertilizer.java" Intrnl_Id="2301">
<Branch CovItemId="B3" CovItemPrefix="group2.game.Fertilizer.java" Implct="false" Intrnl_Id="2302">
<Cond/>
<LocList>
<Loc EndOffset="645" SrcFileId="24" StartOffset="457"/>
</LocList>
<StmntSeq Intrnl_Id="2303">
<LocList>
<Loc EndOffset="514" SrcFileId="24" StartOffset="463"/>
<Loc EndOffset="615" SrcFileId="24" StartOffset="519"/>
<Loc EndOffset="640" SrcFileId="24" StartOffset="620"/>
</LocList>
<BasicStmnt CovItemId="S11" CovItemPrefix="group2.game.Fertilizer.java" Intrnl_Id="2304">
<LocList>
<Loc EndOffset="514" SrcFileId="24" StartOffset="463"/>
</LocList>
</BasicStmnt>
<BasicStmnt CovItemId="S12" CovItemPrefix="group2.game.Fertilizer.java" Intrnl_Id="2305">
<LocList>
<Loc EndOffset="615" SrcFileId="24" StartOffset="519"/>
</LocList>
</BasicStmnt>
<BasicStmnt CovItemId="S13" CovItemPrefix="group2.game.Fertilizer.java" Intrnl_Id="2306">
<LocList>
<Loc EndOffset="640" SrcFileId="24" StartOffset="620"/>
</LocList>
</BasicStmnt>
</StmntSeq>
</Branch>
<Branch CovItemId="B4" CovItemPrefix="group2.game.Fertilizer.java" Implct="true" Intrnl_Id="2307">
<Cond/>
<LocList/>
<StmntSeq Intrnl_Id="2308">
<LocList/>
</StmntSeq>
</Branch>
<Keyword EndOffset="442" SrcFileId="24" StartOffset="440"/>
<LocList>
<Loc EndOffset="645" SrcFileId="24" StartOffset="440"/>
</LocList>
<RootTerm CovItemId="C2" CovItemPrefix="group2.game.Fertilizer.java" Intrnl_Id="2309">
<OpTerm BooleanOpId="31" Intrnl_Id="2310">
<BasicBoolTerm Intrnl_Id="2311">
<LocList>
<Loc EndOffset="456" SrcFileId="24" StartOffset="444"/>
</LocList>
</BasicBoolTerm>
<LocList>
<Loc EndOffset="444" SrcFileId="24" StartOffset="443"/>
</LocList>
</OpTerm>
</RootTerm>
</CondStmnt>
</StmntSeq>
</Branch>
<Branch CovItemId="B2" CovItemPrefix="group2.game.Fertilizer.java" Implct="true" Intrnl_Id="2312">
<Cond/>
<LocList/>
<StmntSeq Intrnl_Id="2313">
<LocList/>
</StmntSeq>
</Branch>
<Keyword EndOffset="368" SrcFileId="24" StartOffset="366"/>
<LocList>
<Loc EndOffset="649" SrcFileId="24" StartOffset="366"/>
</LocList>
<RootTerm CovItemId="C1" CovItemPrefix="group2.game.Fertilizer.java" Intrnl_Id="2314">
<BasicBoolTerm Intrnl_Id="2315">
<LocList>
<Loc EndOffset="394" SrcFileId="24" StartOffset="370"/>
</LocList>
</BasicBoolTerm>
</RootTerm>
</CondStmnt>
</StmntSeq>
</HierarchyLvl>
<HierarchyLvl HierarchyLvlId="134" HierarchyLvlTypeId="36" Intrnl_Id="2316" Name="increment">
<Header>
<Loc EndOffset="678" SrcFileId="24" StartOffset="655"/>
</Header>
<LocList>
<Loc EndOffset="733" SrcFileId="24" StartOffset="655"/>
</LocList>
<StmntSeq Intrnl_Id="2317">
<LocList>
<Loc EndOffset="730" SrcFileId="24" StartOffset="683"/>
</LocList>
<BasicStmnt CovItemId="S14" CovItemPrefix="group2.game.Fertilizer.java" Intrnl_Id="2318">
<LocList>
<Loc EndOffset="730" SrcFileId="24" StartOffset="683"/>
</LocList>
</BasicStmnt>
</StmntSeq>
</HierarchyLvl>
</HierarchyLvl>
<HierarchyLvl HierarchyLvlId="138" HierarchyLvlTypeId="35" Intrnl_Id="2319" Name="Erosion">
<Header>
<Loc EndOffset="67" SrcFileId="25" StartOffset="22"/>
</Header>
<LocList>
<Loc EndOffset="785" SrcFileId="25" StartOffset="22"/>
</LocList>
<StmntSeq Intrnl_Id="2320">
<LocList>
<Loc EndOffset="96" SrcFileId="25" StartOffset="73"/>
<Loc EndOffset="118" SrcFileId="25" StartOffset="98"/>
<Loc EndOffset="179" SrcFileId="25" StartOffset="150"/>
<Loc EndOffset="211" SrcFileId="25" StartOffset="181"/>
<Loc EndOffset="244" SrcFileId="25" StartOffset="213"/>
</LocList>
<BasicStmnt CovItemId="S1" CovItemPrefix="group2.game.Erosion.java" Intrnl_Id="2321">
<LocList>
<Loc EndOffset="96" SrcFileId="25" StartOffset="73"/>
</LocList>
</BasicStmnt>
<BasicStmnt CovItemId="S2" CovItemPrefix="group2.game.Erosion.java" Intrnl_Id="2322">
<LocList>
<Loc EndOffset="118" SrcFileId="25" StartOffset="98"/>
</LocList>
</BasicStmnt>
<BasicStmnt CovItemId="S3" CovItemPrefix="group2.game.Erosion.java" Intrnl_Id="2323">
<LocList>
<Loc EndOffset="179" SrcFileId="25" StartOffset="150"/>
</LocList>
</BasicStmnt>
<BasicStmnt CovItemId="S4" CovItemPrefix="group2.game.Erosion.java" Intrnl_Id="2324">
<LocList>
<Loc EndOffset="211" SrcFileId="25" StartOffset="181"/>
</LocList>
</BasicStmnt>
<BasicStmnt CovItemId="S5" CovItemPrefix="group2.game.Erosion.java" Intrnl_Id="2325">
<LocList>
<Loc EndOffset="244" SrcFileId="25" StartOffset="213"/>
</LocList>
</BasicStmnt>
</StmntSeq>
<HierarchyLvl HierarchyLvlId="136" HierarchyLvlTypeId="36" Intrnl_Id="2326" Name="Erosion">
<Header>
<Loc EndOffset="301" SrcFileId="25" StartOffset="249"/>
</Header>
<LocList>
<Loc EndOffset="574" SrcFileId="25" StartOffset="249"/>
</LocList>
<StmntSeq Intrnl_Id="2327">
<LocList>
<Loc EndOffset="332" SrcFileId="25" StartOffset="306"/>
<Loc EndOffset="356" SrcFileId="25" StartOffset="335"/>
<Loc EndOffset="379" SrcFileId="25" StartOffset="359"/>
<Loc EndOffset="404" SrcFileId="25" StartOffset="382"/>
<Loc EndOffset="437" SrcFileId="25" StartOffset="407"/>
<Loc EndOffset="520" SrcFileId="25" StartOffset="440"/>
<Loc EndOffset="545" SrcFileId="25" StartOffset="524"/>
<Loc EndOffset="570" SrcFileId="25" StartOffset="549"/>
</LocList>
<BasicStmnt CovItemId="S6" CovItemPrefix="group2.game.Erosion.java" Intrnl_Id="2328">
<LocList>
<Loc EndOffset="332" SrcFileId="25" StartOffset="306"/>
</LocList>
</BasicStmnt>
<BasicStmnt CovItemId="S7" CovItemPrefix="group2.game.Erosion.java" Intrnl_Id="2329">
<LocList>
<Loc EndOffset="356" SrcFileId="25" StartOffset="335"/>
</LocList>
</BasicStmnt>
<BasicStmnt CovItemId="S8" CovItemPrefix="group2.game.Erosion.java" Intrnl_Id="2330">
<LocList>
<Loc EndOffset="379" SrcFileId="25" StartOffset="359"/>
</LocList>
</BasicStmnt>
<BasicStmnt CovItemId="S9" CovItemPrefix="group2.game.Erosion.java" Intrnl_Id="2331">
<LocList>
<Loc EndOffset="404" SrcFileId="25" StartOffset="382"/>
</LocList>
</BasicStmnt>
<BasicStmnt CovItemId="S10" CovItemPrefix="group2.game.Erosion.java" Intrnl_Id="2332">
<LocList>
<Loc EndOffset="437" SrcFileId="25" StartOffset="407"/>
</LocList>
</BasicStmnt>
<BasicStmnt CovItemId="S11" CovItemPrefix="group2.game.Erosion.java" Intrnl_Id="2333">
<LocList>
<Loc EndOffset="520" SrcFileId="25" StartOffset="440"/>
</LocList>
</BasicStmnt>
<BasicStmnt CovItemId="S12" CovItemPrefix="group2.game.Erosion.java" Intrnl_Id="2334">
<LocList>
<Loc EndOffset="545" SrcFileId="25" StartOffset="524"/>
</LocList>
</BasicStmnt>
<BasicStmnt CovItemId="S13" CovItemPrefix="group2.game.Erosion.java" Intrnl_Id="2335">
<LocList>
<Loc EndOffset="570" SrcFileId="25" StartOffset="549"/>
</LocList>
</BasicStmnt>
</StmntSeq>
</HierarchyLvl>
<HierarchyLvl HierarchyLvlId="137" HierarchyLvlTypeId="36" Intrnl_Id="2336" Name="update">
<Header>
<Loc EndOffset="598" SrcFileId="25" StartOffset="578"/>
</Header>
<LocList>
<Loc EndOffset="780" SrcFileId="25" StartOffset="578"/>
</LocList>
<StmntSeq Intrnl_Id="2337">
<LocList>
<Loc EndOffset="629" SrcFileId="25" StartOffset="602"/>
<Loc EndOffset="713" SrcFileId="25" StartOffset="632"/>
<Loc EndOffset="726" SrcFileId="25" StartOffset="716"/>
<Loc EndOffset="777" SrcFileId="25" StartOffset="729"/>
</LocList>
<CondStmnt CovItemId="S14" CovItemPrefix="group2.game.Erosion.java" Intrnl_Id="2338">
<Branch CovItemId="B1" CovItemPrefix="group2.game.Erosion.java" Implct="false" Intrnl_Id="2339">
<Cond/>
<LocList>
<Loc EndOffset="629" SrcFileId="25" StartOffset="613"/>
</LocList>
<StmntSeq Intrnl_Id="2340">
<LocList>
<Loc EndOffset="625" SrcFileId="25" StartOffset="618"/>
</LocList>
<BasicStmnt CovItemId="S15" CovItemPrefix="group2.game.Erosion.java" Intrnl_Id="2341">
<LocList>
<Loc EndOffset="625" SrcFileId="25" StartOffset="618"/>
</LocList>
</BasicStmnt>
</StmntSeq>
</Branch>
<Branch CovItemId="B2" CovItemPrefix="group2.game.Erosion.java" Implct="true" Intrnl_Id="2342">
<Cond/>
<LocList/>
<StmntSeq Intrnl_Id="2343">
<LocList/>
</StmntSeq>
</Branch>
<Keyword EndOffset="604" SrcFileId="25" StartOffset="602"/>
<LocList>
<Loc EndOffset="629" SrcFileId="25" StartOffset="602"/>
</LocList>
<RootTerm CovItemId="C1" CovItemPrefix="group2.game.Erosion.java" Intrnl_Id="2344">
<BasicBoolTerm Intrnl_Id="2345">
<LocList>
<Loc EndOffset="612" SrcFileId="25" StartOffset="605"/>
</LocList>
</BasicBoolTerm>
</RootTerm>
</CondStmnt>
<CondStmnt CovItemId="S16" CovItemPrefix="group2.game.Erosion.java" Intrnl_Id="2346">
<Branch CovItemId="B3" CovItemPrefix="group2.game.Erosion.java" Implct="false" Intrnl_Id="2347">
<Cond/>
<LocList>
<Loc EndOffset="713" SrcFileId="25" StartOffset="662"/>
</LocList>
<StmntSeq Intrnl_Id="2348">
<LocList>
<Loc EndOffset="687" SrcFileId="25" StartOffset="667"/>
<Loc EndOffset="709" SrcFileId="25" StartOffset="691"/>
</LocList>
<BasicStmnt CovItemId="S17" CovItemPrefix="group2.game.Erosion.java" Intrnl_Id="2349">
<LocList>
<Loc EndOffset="687" SrcFileId="25" StartOffset="667"/>
</LocList>
</BasicStmnt>
<BasicStmnt CovItemId="S18" CovItemPrefix="group2.game.Erosion.java" Intrnl_Id="2350">
<LocList>
<Loc EndOffset="709" SrcFileId="25" StartOffset="691"/>
</LocList>
</BasicStmnt>
</StmntSeq>
</Branch>
<Branch CovItemId="B4" CovItemPrefix="group2.game.Erosion.java" Implct="true" Intrnl_Id="2351">
<Cond/>
<LocList/>
<StmntSeq Intrnl_Id="2352">
<LocList/>
</StmntSeq>
</Branch>
<Keyword EndOffset="634" SrcFileId="25" StartOffset="632"/>
<LocList>
<Loc EndOffset="713" SrcFileId="25" StartOffset="632"/>
</LocList>
<RootTerm CovItemId="C2" CovItemPrefix="group2.game.Erosion.java" Intrnl_Id="2353">
<OpTerm BooleanOpId="32" Intrnl_Id="2354">
<BasicBoolTerm Intrnl_Id="2355">
<LocList>
<Loc EndOffset="643" SrcFileId="25" StartOffset="635"/>
</LocList>
</BasicBoolTerm>
<OpTerm BooleanOpId="31" Intrnl_Id="2356">
<BasicBoolTerm Intrnl_Id="2357">
<LocList>
<Loc EndOffset="661" SrcFileId="25" StartOffset="648"/>
</LocList>
</BasicBoolTerm>
<LocList>
<Loc EndOffset="648" SrcFileId="25" StartOffset="647"/>
</LocList>
</OpTerm>
<LocList>
<Loc EndOffset="646" SrcFileId="25" StartOffset="644"/>
</LocList>
</OpTerm>
</RootTerm>
</CondStmnt>
<BasicStmnt CovItemId="S19" CovItemPrefix="group2.game.Erosion.java" Intrnl_Id="2358">
<LocList>
<Loc EndOffset="726" SrcFileId="25" StartOffset="716"/>
</LocList>
</BasicStmnt>
<CondStmnt CovItemId="S20" CovItemPrefix="group2.game.Erosion.java" Intrnl_Id="2359">
<Branch CovItemId="B5" CovItemPrefix="group2.game.Erosion.java" Implct="false" Intrnl_Id="2360">
<Cond/>
<LocList>
<Loc EndOffset="777" SrcFileId="25" StartOffset="751"/>
</LocList>
<StmntSeq Intrnl_Id="2361">
<LocList>
<Loc EndOffset="777" SrcFileId="25" StartOffset="751"/>
</LocList>
<BasicStmnt CovItemId="S21" CovItemPrefix="group2.game.Erosion.java" Intrnl_Id="2362">
<LocList>
<Loc EndOffset="777" SrcFileId="25" StartOffset="751"/>
</LocList>
</BasicStmnt>
</StmntSeq>
</Branch>
<Branch CovItemId="B6" CovItemPrefix="group2.game.Erosion.java" Implct="true" Intrnl_Id="2363">
<Cond/>
<LocList/>
<StmntSeq Intrnl_Id="2364">
<LocList/>
</StmntSeq>
</Branch>
<Keyword EndOffset="731" SrcFileId="25" StartOffset="729"/>
<LocList>
<Loc EndOffset="777" SrcFileId="25" StartOffset="729"/>
</LocList>
<RootTerm CovItemId="C3" CovItemPrefix="group2.game.Erosion.java" Intrnl_Id="2365">
<BasicBoolTerm Intrnl_Id="2366">
<LocList>
<Loc EndOffset="746" SrcFileId="25" StartOffset="733"/>
</LocList>
</BasicBoolTerm>
</RootTerm>
</CondStmnt>
</StmntSeq>
</HierarchyLvl>
</HierarchyLvl>
<HierarchyLvl HierarchyLvlId="141" HierarchyLvlTypeId="35" Intrnl_Id="2367" Name="DrawGame">
<Header>
<Loc EndOffset="350" SrcFileId="26" StartOffset="314"/>
</Header>
<LocList>
<Loc EndOffset="38319" SrcFileId="26" StartOffset="314"/>
</LocList>
<StmntSeq Intrnl_Id="2368">
<LocList>
<Loc EndOffset="403" SrcFileId="26" StartOffset="355"/>
<Loc EndOffset="487" SrcFileId="26" StartOffset="446"/>
<Loc EndOffset="529" SrcFileId="26" StartOffset="489"/>
<Loc EndOffset="580" SrcFileId="26" StartOffset="531"/>
<Loc EndOffset="630" SrcFileId="26" StartOffset="582"/>
<Loc EndOffset="676" SrcFileId="26" StartOffset="632"/>
<Loc EndOffset="719" SrcFileId="26" StartOffset="678"/>
<Loc EndOffset="752" SrcFileId="26" StartOffset="723"/>
<Loc EndOffset="773" SrcFileId="26" StartOffset="756"/>
<Loc EndOffset="836" SrcFileId="26" StartOffset="775"/>
<Loc EndOffset="880" SrcFileId="26" StartOffset="839"/>
<Loc EndOffset="921" SrcFileId="26" StartOffset="882"/>
<Loc EndOffset="963" SrcFileId="26" StartOffset="923"/>
<Loc EndOffset="1012" SrcFileId="26" StartOffset="965"/>
<Loc EndOffset="1709" SrcFileId="26" StartOffset="1672"/>
<Loc EndOffset="1748" SrcFileId="26" StartOffset="1711"/>
<Loc EndOffset="1787" SrcFileId="26" StartOffset="1750"/>
<Loc EndOffset="1826" SrcFileId="26" StartOffset="1789"/>
<Loc EndOffset="1878" SrcFileId="26" StartOffset="1829"/>
<Loc EndOffset="1922" SrcFileId="26" StartOffset="1880"/>
</LocList>
<BasicStmnt CovItemId="S1" CovItemPrefix="group2.game.DrawGame.java" Intrnl_Id="2369">
<LocList>
<Loc EndOffset="403" SrcFileId="26" StartOffset="355"/>
</LocList>
</BasicStmnt>
<BasicStmnt CovItemId="S2" CovItemPrefix="group2.game.DrawGame.java" Intrnl_Id="2370">
<LocList>
<Loc EndOffset="487" SrcFileId="26" StartOffset="446"/>
</LocList>
</BasicStmnt>
<BasicStmnt CovItemId="S3" CovItemPrefix="group2.game.DrawGame.java" Intrnl_Id="2371">
<LocList>
<Loc EndOffset="529" SrcFileId="26" StartOffset="489"/>
</LocList>
</BasicStmnt>
<BasicStmnt CovItemId="S4" CovItemPrefix="group2.game.DrawGame.java" Intrnl_Id="2372">
<LocList>
<Loc EndOffset="580" SrcFileId="26" StartOffset="531"/>
</LocList>
</BasicStmnt>
<BasicStmnt CovItemId="S5" CovItemPrefix="group2.game.DrawGame.java" Intrnl_Id="2373">
<LocList>
<Loc EndOffset="630" SrcFileId="26" StartOffset="582"/>
</LocList>
</BasicStmnt>
<BasicStmnt CovItemId="S6" CovItemPrefix="group2.game.DrawGame.java" Intrnl_Id="2374">
<LocList>
<Loc EndOffset="676" SrcFileId="26" StartOffset="632"/>
</LocList>
</BasicStmnt>
<BasicStmnt CovItemId="S7" CovItemPrefix="group2.game.DrawGame.java" Intrnl_Id="2375">
<LocList>
<Loc EndOffset="719" SrcFileId="26" StartOffset="678"/>
</LocList>
</BasicStmnt>
<BasicStmnt CovItemId="S8" CovItemPrefix="group2.game.DrawGame.java" Intrnl_Id="2376">
<LocList>
<Loc EndOffset="752" SrcFileId="26" StartOffset="723"/>
</LocList>
</BasicStmnt>
<BasicStmnt CovItemId="S9" CovItemPrefix="group2.game.DrawGame.java" Intrnl_Id="2377">
<LocList>
<Loc EndOffset="773" SrcFileId="26" StartOffset="756"/>
</LocList>
</BasicStmnt>
<BasicStmnt CovItemId="S10" CovItemPrefix="group2.game.DrawGame.java" Intrnl_Id="2378">
<LocList>
<Loc EndOffset="836" SrcFileId="26" StartOffset="775"/>
</LocList>
</BasicStmnt>
<BasicStmnt CovItemId="S11" CovItemPrefix="group2.game.DrawGame.java" Intrnl_Id="2379">
<LocList>
<Loc EndOffset="880" SrcFileId="26" StartOffset="839"/>
</LocList>
</BasicStmnt>
<BasicStmnt CovItemId="S12" CovItemPrefix="group2.game.DrawGame.java" Intrnl_Id="2380">
<LocList>
<Loc EndOffset="921" SrcFileId="26" StartOffset="882"/>
</LocList>
</BasicStmnt>
<BasicStmnt CovItemId="S13" CovItemPrefix="group2.game.DrawGame.java" Intrnl_Id="2381">
<LocList>
<Loc EndOffset="963" SrcFileId="26" StartOffset="923"/>
</LocList>
</BasicStmnt>
<BasicStmnt CovItemId="S14" CovItemPrefix="group2.game.DrawGame.java" Intrnl_Id="2382">
<LocList>
<Loc EndOffset="1012" SrcFileId="26" StartOffset="965"/>
</LocList>
</BasicStmnt>
<BasicStmnt CovItemId="S15" CovItemPrefix="group2.game.DrawGame.java" Intrnl_Id="2383">
<LocList>
<Loc EndOffset="1709" SrcFileId="26" StartOffset="1672"/>
</LocList>
</BasicStmnt>
<BasicStmnt CovItemId="S16" CovItemPrefix="group2.game.DrawGame.java" Intrnl_Id="2384">
<LocList>
<Loc EndOffset="1748" SrcFileId="26" StartOffset="1711"/>
</LocList>
</BasicStmnt>
<BasicStmnt CovItemId="S17" CovItemPrefix="group2.game.DrawGame.java" Intrnl_Id="2385">
<LocList>
<Loc EndOffset="1787" SrcFileId="26" StartOffset="1750"/>
</LocList>
</BasicStmnt>
<BasicStmnt CovItemId="S18" CovItemPrefix="group2.game.DrawGame.java" Intrnl_Id="2386">
<LocList>
<Loc EndOffset="1826" SrcFileId="26" StartOffset="1789"/>
</LocList>
</BasicStmnt>
<BasicStmnt CovItemId="S19" CovItemPrefix="group2.game.DrawGame.java" Intrnl_Id="2387">
<LocList>
<Loc EndOffset="1878" SrcFileId="26" StartOffset="1829"/>
</LocList>
</BasicStmnt>
<BasicStmnt CovItemId="S20" CovItemPrefix="group2.game.DrawGame.java" Intrnl_Id="2388">
<LocList>
<Loc EndOffset="1922" SrcFileId="26" StartOffset="1880"/>
</LocList>
</BasicStmnt>
</StmntSeq>
<HierarchyLvl HierarchyLvlId="139" HierarchyLvlTypeId="36" Intrnl_Id="2389" Name="DrawGame">
<Header>
<Loc EndOffset="1952" SrcFileId="26" StartOffset="1925"/>
</Header>
<LocList>
<Loc EndOffset="6027" SrcFileId="26" StartOffset="1925"/>
</LocList>
<StmntSeq Intrnl_Id="2390">
<LocList>
<Loc EndOffset="1971" SrcFileId="26" StartOffset="1957"/>
<Loc EndOffset="2064" SrcFileId="26" StartOffset="1984"/>
<Loc EndOffset="2151" SrcFileId="26" StartOffset="2068"/>
<Loc EndOffset="2238" SrcFileId="26" StartOffset="2155"/>
<Loc EndOffset="2335" SrcFileId="26" StartOffset="2242"/>
<Loc EndOffset="2432" SrcFileId="26" StartOffset="2339"/>
<Loc EndOffset="2529" SrcFileId="26" StartOffset="2436"/>
<Loc EndOffset="2625" SrcFileId="26" StartOffset="2533"/>
<Loc EndOffset="2721" SrcFileId="26" StartOffset="2629"/>
<Loc EndOffset="2817" SrcFileId="26" StartOffset="2725"/>
<Loc EndOffset="2914" SrcFileId="26" StartOffset="2821"/>
<Loc EndOffset="3011" SrcFileId="26" StartOffset="2918"/>
<Loc EndOffset="3108" SrcFileId="26" StartOffset="3015"/>
<Loc EndOffset="3205" SrcFileId="26" StartOffset="3112"/>
<Loc EndOffset="3302" SrcFileId="26" StartOffset="3209"/>
<Loc EndOffset="3399" SrcFileId="26" StartOffset="3306"/>
<Loc EndOffset="3496" SrcFileId="26" StartOffset="3403"/>
<Loc EndOffset="3593" SrcFileId="26" StartOffset="3500"/>
<Loc EndOffset="3697" SrcFileId="26" StartOffset="3597"/>
<Loc EndOffset="3783" SrcFileId="26" StartOffset="3701"/>
<Loc EndOffset="3867" SrcFileId="26" StartOffset="3787"/>
<Loc EndOffset="3954" SrcFileId="26" StartOffset="3871"/>
<Loc EndOffset="4033" SrcFileId="26" StartOffset="3958"/>
<Loc EndOffset="4102" SrcFileId="26" StartOffset="4037"/>
<Loc EndOffset="4173" SrcFileId="26" StartOffset="4106"/>
<Loc EndOffset="4352" SrcFileId="26" StartOffset="4272"/>
<Loc EndOffset="4444" SrcFileId="26" StartOffset="4356"/>
<Loc EndOffset="4527" SrcFileId="26" StartOffset="4448"/>
<Loc EndOffset="4607" SrcFileId="26" StartOffset="4531"/>
<Loc EndOffset="4692" SrcFileId="26" StartOffset="4611"/>
<Loc EndOffset="4697" SrcFileId="26" StartOffset="4696"/>
<Loc EndOffset="4782" SrcFileId="26" StartOffset="4701"/>
<Loc EndOffset="4787" SrcFileId="26" StartOffset="4786"/>
<Loc EndOffset="4886" SrcFileId="26" StartOffset="4791"/>
<Loc EndOffset="4982" SrcFileId="26" StartOffset="4890"/>
<Loc EndOffset="5080" SrcFileId="26" StartOffset="4986"/>
<Loc EndOffset="5175" SrcFileId="26" StartOffset="5084"/>
<Loc EndOffset="5266" SrcFileId="26" StartOffset="5179"/>
<Loc EndOffset="5344" SrcFileId="26" StartOffset="5270"/>
<Loc EndOffset="5401" SrcFileId="26" StartOffset="1975"/>
<Loc EndOffset="5606" SrcFileId="26" StartOffset="5431"/>
<Loc EndOffset="5710" SrcFileId="26" StartOffset="5610"/>
<Loc EndOffset="5815" SrcFileId="26" StartOffset="5713"/>
<Loc EndOffset="5919" SrcFileId="26" StartOffset="5818"/>
<Loc EndOffset="6023" SrcFileId="26" StartOffset="5922"/>
</LocList>
<BasicStmnt CovItemId="S21" CovItemPrefix="group2.game.DrawGame.java" Intrnl_Id="2391">
<LocList>
<Loc EndOffset="1971" SrcFileId="26" StartOffset="1957"/>
</LocList>
</BasicStmnt>
<BasicStmnt CovItemId="S23" CovItemPrefix="group2.game.DrawGame.java" Intrnl_Id="2392">
<LocList>
<Loc EndOffset="2064" SrcFileId="26" StartOffset="1984"/>
</LocList>
</BasicStmnt>
<BasicStmnt CovItemId="S24" CovItemPrefix="group2.game.DrawGame.java" Intrnl_Id="2393">
<LocList>
<Loc EndOffset="2151" SrcFileId="26" StartOffset="2068"/>
</LocList>
</BasicStmnt>
<BasicStmnt CovItemId="S25" CovItemPrefix="group2.game.DrawGame.java" Intrnl_Id="2394">
<LocList>
<Loc EndOffset="2238" SrcFileId="26" StartOffset="2155"/>
</LocList>
</BasicStmnt>
<BasicStmnt CovItemId="S26" CovItemPrefix="group2.game.DrawGame.java" Intrnl_Id="2395">
<LocList>
<Loc EndOffset="2335" SrcFileId="26" StartOffset="2242"/>
</LocList>
</BasicStmnt>
<BasicStmnt CovItemId="S27" CovItemPrefix="group2.game.DrawGame.java" Intrnl_Id="2396">
<LocList>
<Loc EndOffset="2432" SrcFileId="26" StartOffset="2339"/>
</LocList>
</BasicStmnt>
<BasicStmnt CovItemId="S28" CovItemPrefix="group2.game.DrawGame.java" Intrnl_Id="2397">
<LocList>
<Loc EndOffset="2529" SrcFileId="26" StartOffset="2436"/>
</LocList>
</BasicStmnt>
<BasicStmnt CovItemId="S29" CovItemPrefix="group2.game.DrawGame.java" Intrnl_Id="2398">
<LocList>
<Loc EndOffset="2625" SrcFileId="26" StartOffset="2533"/>
</LocList>
</BasicStmnt>
<BasicStmnt CovItemId="S30" CovItemPrefix="group2.game.DrawGame.java" Intrnl_Id="2399">
<LocList>
<Loc EndOffset="2721" SrcFileId="26" StartOffset="2629"/>
</LocList>
</BasicStmnt>
<BasicStmnt CovItemId="S31" CovItemPrefix="group2.game.DrawGame.java" Intrnl_Id="2400">
<LocList>
<Loc EndOffset="2817" SrcFileId="26" StartOffset="2725"/>
</LocList>
</BasicStmnt>
<BasicStmnt CovItemId="S32" CovItemPrefix="group2.game.DrawGame.java" Intrnl_Id="2401">
<LocList>
<Loc EndOffset="2914" SrcFileId="26" StartOffset="2821"/>
</LocList>
</BasicStmnt>
<BasicStmnt CovItemId="S33" CovItemPrefix="group2.game.DrawGame.java" Intrnl_Id="2402">
<LocList>
<Loc EndOffset="3011" SrcFileId="26" StartOffset="2918"/>
</LocList>
</BasicStmnt>
<BasicStmnt CovItemId="S34" CovItemPrefix="group2.game.DrawGame.java" Intrnl_Id="2403">
<LocList>
<Loc EndOffset="3108" SrcFileId="26" StartOffset="3015"/>
</LocList>
</BasicStmnt>
<BasicStmnt CovItemId="S35" CovItemPrefix="group2.game.DrawGame.java" Intrnl_Id="2404">
<LocList>
<Loc EndOffset="3205" SrcFileId="26" StartOffset="3112"/>
</LocList>
</BasicStmnt>
<BasicStmnt CovItemId="S36" CovItemPrefix="group2.game.DrawGame.java" Intrnl_Id="2405">
<LocList>
<Loc EndOffset="3302" SrcFileId="26" StartOffset="3209"/>
</LocList>
</BasicStmnt>
<BasicStmnt CovItemId="S37" CovItemPrefix="group2.game.DrawGame.java" Intrnl_Id="2406">
<LocList>
<Loc EndOffset="3399" SrcFileId="26" StartOffset="3306"/>
</LocList>
</BasicStmnt>
<BasicStmnt CovItemId="S38" CovItemPrefix="group2.game.DrawGame.java" Intrnl_Id="2407">
<LocList>
<Loc EndOffset="3496" SrcFileId="26" StartOffset="3403"/>
</LocList>
</BasicStmnt>
<BasicStmnt CovItemId="S39" CovItemPrefix="group2.game.DrawGame.java" Intrnl_Id="2408">
<LocList>
<Loc EndOffset="3593" SrcFileId="26" StartOffset="3500"/>
</LocList>
</BasicStmnt>
<BasicStmnt CovItemId="S40" CovItemPrefix="group2.game.DrawGame.java" Intrnl_Id="2409">
<LocList>
<Loc EndOffset="3697" SrcFileId="26" StartOffset="3597"/>
</LocList>
</BasicStmnt>
<BasicStmnt CovItemId="S41" CovItemPrefix="group2.game.DrawGame.java" Intrnl_Id="2410">
<LocList>
<Loc EndOffset="3783" SrcFileId="26" StartOffset="3701"/>
</LocList>
</BasicStmnt>
<BasicStmnt CovItemId="S42" CovItemPrefix="group2.game.DrawGame.java" Intrnl_Id="2411">
<LocList>
<Loc EndOffset="3867" SrcFileId="26" StartOffset="3787"/>
</LocList>
</BasicStmnt>
<BasicStmnt CovItemId="S43" CovItemPrefix="group2.game.DrawGame.java" Intrnl_Id="2412">
<LocList>
<Loc EndOffset="3954" SrcFileId="26" StartOffset="3871"/>
</LocList>
</BasicStmnt>
<BasicStmnt CovItemId="S44" CovItemPrefix="group2.game.DrawGame.java" Intrnl_Id="2413">
<LocList>
<Loc EndOffset="4033" SrcFileId="26" StartOffset="3958"/>
</LocList>
</BasicStmnt>
<BasicStmnt CovItemId="S45" CovItemPrefix="group2.game.DrawGame.java" Intrnl_Id="2414">
<LocList>
<Loc EndOffset="4102" SrcFileId="26" StartOffset="4037"/>
</LocList>
</BasicStmnt>
<BasicStmnt CovItemId="S46" CovItemPrefix="group2.game.DrawGame.java" Intrnl_Id="2415">
<LocList>
<Loc EndOffset="4173" SrcFileId="26" StartOffset="4106"/>
</LocList>
</BasicStmnt>
<BasicStmnt CovItemId="S47" CovItemPrefix="group2.game.DrawGame.java" Intrnl_Id="2416">
<LocList>
<Loc EndOffset="4352" SrcFileId="26" StartOffset="4272"/>
</LocList>
</BasicStmnt>
<BasicStmnt CovItemId="S48" CovItemPrefix="group2.game.DrawGame.java" Intrnl_Id="2417">
<LocList>
<Loc EndOffset="4444" SrcFileId="26" StartOffset="4356"/>
</LocList>
</BasicStmnt>
<BasicStmnt CovItemId="S49" CovItemPrefix="group2.game.DrawGame.java" Intrnl_Id="2418">
<LocList>
<Loc EndOffset="4527" SrcFileId="26" StartOffset="4448"/>
</LocList>
</BasicStmnt>
<BasicStmnt CovItemId="S50" CovItemPrefix="group2.game.DrawGame.java" Intrnl_Id="2419">
<LocList>
<Loc EndOffset="4607" SrcFileId="26" StartOffset="4531"/>
</LocList>
</BasicStmnt>
<BasicStmnt CovItemId="S51" CovItemPrefix="group2.game.DrawGame.java" Intrnl_Id="2420">
<LocList>
<Loc EndOffset="4692" SrcFileId="26" StartOffset="4611"/>
</LocList>
</BasicStmnt>
<BasicStmnt CovItemId="S52" CovItemPrefix="group2.game.DrawGame.java" Intrnl_Id="2421">
<LocList>
<Loc EndOffset="4697" SrcFileId="26" StartOffset="4696"/>
</LocList>
</BasicStmnt>
<BasicStmnt CovItemId="S53" CovItemPrefix="group2.game.DrawGame.java" Intrnl_Id="2422">
<LocList>
<Loc EndOffset="4782" SrcFileId="26" StartOffset="4701"/>
</LocList>
</BasicStmnt>
<BasicStmnt CovItemId="S54" CovItemPrefix="group2.game.DrawGame.java" Intrnl_Id="2423">
<LocList>
<Loc EndOffset="4787" SrcFileId="26" StartOffset="4786"/>
</LocList>
</BasicStmnt>
<BasicStmnt CovItemId="S55" CovItemPrefix="group2.game.DrawGame.java" Intrnl_Id="2424">
<LocList>
<Loc EndOffset="4886" SrcFileId="26" StartOffset="4791"/>
</LocList>
</BasicStmnt>
<BasicStmnt CovItemId="S56" CovItemPrefix="group2.game.DrawGame.java" Intrnl_Id="2425">
<LocList>
<Loc EndOffset="4982" SrcFileId="26" StartOffset="4890"/>
</LocList>
</BasicStmnt>
<BasicStmnt CovItemId="S57" CovItemPrefix="group2.game.DrawGame.java" Intrnl_Id="2426">
<LocList>
<Loc EndOffset="5080" SrcFileId="26" StartOffset="4986"/>
</LocList>
</BasicStmnt>
<BasicStmnt CovItemId="S58" CovItemPrefix="group2.game.DrawGame.java" Intrnl_Id="2427">
<LocList>
<Loc EndOffset="5175" SrcFileId="26" StartOffset="5084"/>
</LocList>
</BasicStmnt>
<BasicStmnt CovItemId="S59" CovItemPrefix="group2.game.DrawGame.java" Intrnl_Id="2428">
<LocList>
<Loc EndOffset="5266" SrcFileId="26" StartOffset="5179"/>
</LocList>
</BasicStmnt>
<BasicStmnt CovItemId="S60" CovItemPrefix="group2.game.DrawGame.java" Intrnl_Id="2429">
<LocList>
<Loc EndOffset="5344" SrcFileId="26" StartOffset="5270"/>
</LocList>
</BasicStmnt>
<CondStmnt CovItemId="S22" CovItemPrefix="group2.game.DrawGame.java" Intrnl_Id="2430">
<Branch CovItemId="B1" CovItemPrefix="group2.game.DrawGame.java" Implct="true" Intrnl_Id="2431">
<Cond/>
<LocList/>
<StmntSeq Intrnl_Id="2432">
<LocList/>
</StmntSeq>
</Branch>
<Branch CovItemId="B2" CovItemPrefix="group2.game.DrawGame.java" Implct="false" Intrnl_Id="2433">
<Cond>
<Loc EndOffset="5371" SrcFileId="26" StartOffset="5350"/>
</Cond>
<LocList>
<Loc EndOffset="5401" SrcFileId="26" StartOffset="5372"/>
</LocList>
<StmntSeq Intrnl_Id="2434">
<LocList>
<Loc EndOffset="5397" SrcFileId="26" StartOffset="5377"/>
</LocList>
<BasicStmnt CovItemId="S61" CovItemPrefix="group2.game.DrawGame.java" Intrnl_Id="2435">
<LocList>
<Loc EndOffset="5397" SrcFileId="26" StartOffset="5377"/>
</LocList>
</BasicStmnt>
</StmntSeq>
</Branch>
<Keyword EndOffset="1978" SrcFileId="26" StartOffset="1975"/>
<LocList>
<Loc EndOffset="5401" SrcFileId="26" StartOffset="1975"/>
</LocList>
</CondStmnt>
<LoopStmnt CovItemId="S62" CovItemPrefix="group2.game.DrawGame.java" Intrnl_Id="2436" MltplExecId="L1-2" MltplExecPrefix="group2.game.DrawGame.java" NvrExecId="L1-0" NvrExecPrefix="group2.game.DrawGame.java" OnceExecutedId="L1-1" OnceExecutedPrefix="group2.game.DrawGame.java" OptBodyExec="true">
<StmntSeq Intrnl_Id="2437">
<LocList>
<Loc EndOffset="5529" SrcFileId="26" StartOffset="5475"/>
<Loc EndOffset="5602" SrcFileId="26" StartOffset="5465"/>
</LocList>
<BasicStmnt CovItemId="S64" CovItemPrefix="group2.game.DrawGame.java" Intrnl_Id="2438">
<LocList>
<Loc EndOffset="5529" SrcFileId="26" StartOffset="5475"/>
</LocList>
</BasicStmnt>
<CondStmnt CovItemId="S63" CovItemPrefix="group2.game.DrawGame.java" Intrnl_Id="2439">
<Branch CovItemId="B3" CovItemPrefix="group2.game.DrawGame.java" Implct="true" Intrnl_Id="2440">
<Cond/>
<LocList/>
<StmntSeq Intrnl_Id="2441">
<LocList/>
</StmntSeq>
</Branch>
<Branch CovItemId="B4" CovItemPrefix="group2.game.DrawGame.java" Implct="false" Intrnl_Id="2442">
<Cond>
<Loc EndOffset="5554" SrcFileId="26" StartOffset="5535"/>
</Cond>
<LocList>
<Loc EndOffset="5602" SrcFileId="26" StartOffset="5555"/>
</LocList>
<StmntSeq Intrnl_Id="2443">
<LocList>
<Loc EndOffset="5597" SrcFileId="26" StartOffset="5561"/>
</LocList>
<BasicStmnt CovItemId="S65" CovItemPrefix="group2.game.DrawGame.java" Intrnl_Id="2444">
<LocList>
<Loc EndOffset="5597" SrcFileId="26" StartOffset="5561"/>
</LocList>
</BasicStmnt>
</StmntSeq>
</Branch>
<Keyword EndOffset="5468" SrcFileId="26" StartOffset="5465"/>
<LocList>
<Loc EndOffset="5602" SrcFileId="26" StartOffset="5465"/>
</LocList>
</CondStmnt>
</StmntSeq>
<Keyword EndOffset="5434" SrcFileId="26" StartOffset="5431"/>
<LocList>
<Loc EndOffset="5606" SrcFileId="26" StartOffset="5431"/>
</LocList>
<RootTerm CovItemId="C1" CovItemPrefix="group2.game.DrawGame.java" Intrnl_Id="2445">
<BasicBoolTerm Intrnl_Id="2446">
<LocList>
<Loc EndOffset="5453" SrcFileId="26" StartOffset="5447"/>
</LocList>
</BasicBoolTerm>
</RootTerm>
</LoopStmnt>
<BasicStmnt CovItemId="S66" CovItemPrefix="group2.game.DrawGame.java" Intrnl_Id="2447">
<LocList>
<Loc EndOffset="5710" SrcFileId="26" StartOffset="5610"/>
</LocList>
</BasicStmnt>
<BasicStmnt CovItemId="S67" CovItemPrefix="group2.game.DrawGame.java" Intrnl_Id="2448">
<LocList>
<Loc EndOffset="5815" SrcFileId="26" StartOffset="5713"/>
</LocList>
</BasicStmnt>
<BasicStmnt CovItemId="S68" CovItemPrefix="group2.game.DrawGame.java" Intrnl_Id="2449">
<LocList>
<Loc EndOffset="5919" SrcFileId="26" StartOffset="5818"/>
</LocList>
</BasicStmnt>
<BasicStmnt CovItemId="S69" CovItemPrefix="group2.game.DrawGame.java" Intrnl_Id="2450">
<LocList>
<Loc EndOffset="6023" SrcFileId="26" StartOffset="5922"/>
</LocList>
</BasicStmnt>
</StmntSeq>
</HierarchyLvl>
<HierarchyLvl HierarchyLvlId="140" HierarchyLvlTypeId="36" Intrnl_Id="2451" Name="paintComponent">
<Header>
<Loc EndOffset="6127" SrcFileId="26" StartOffset="6078"/>
</Header>
<LocList>
<Loc EndOffset="38316" SrcFileId="26" StartOffset="6078"/>
</LocList>
<StmntSeq Intrnl_Id="2452">
<LocList>
<Loc EndOffset="6156" SrcFileId="26" StartOffset="6132"/>
<Loc EndOffset="6192" SrcFileId="26" StartOffset="6160"/>
<Loc EndOffset="38313" SrcFileId="26" StartOffset="6235"/>
</LocList>
<BasicStmnt CovItemId="S70" CovItemPrefix="group2.game.DrawGame.java" Intrnl_Id="2453">
<LocList>
<Loc EndOffset="6156" SrcFileId="26" StartOffset="6132"/>
</LocList>
</BasicStmnt>
<BasicStmnt CovItemId="S71" CovItemPrefix="group2.game.DrawGame.java" Intrnl_Id="2454">
<LocList>
<Loc EndOffset="6192" SrcFileId="26" StartOffset="6160"/>
</LocList>
</BasicStmnt>
<CondStmnt CovItemId="S72" CovItemPrefix="group2.game.DrawGame.java" Intrnl_Id="2455">
<Branch CovItemId="B5" CovItemPrefix="group2.game.DrawGame.java" Implct="false" Intrnl_Id="2456">
<Cond/>
<LocList>
<Loc EndOffset="6751" SrcFileId="26" StartOffset="6257"/>
</LocList>
<StmntSeq Intrnl_Id="2457">
<LocList>
<Loc EndOffset="6415" SrcFileId="26" StartOffset="6309"/>
<Loc EndOffset="6747" SrcFileId="26" StartOffset="6419"/>
</LocList>
<BasicStmnt CovItemId="S73" CovItemPrefix="group2.game.DrawGame.java" Intrnl_Id="2458">
<LocList>
<Loc EndOffset="6415" SrcFileId="26" StartOffset="6309"/>
</LocList>
</BasicStmnt>
<CondStmnt CovItemId="S74" CovItemPrefix="group2.game.DrawGame.java" Intrnl_Id="2459">
<Branch CovItemId="B7" CovItemPrefix="group2.game.DrawGame.java" Implct="false" Intrnl_Id="2460">
<Cond/>
<LocList>
<Loc EndOffset="6747" SrcFileId="26" StartOffset="6439"/>
</LocList>
<StmntSeq Intrnl_Id="2461">
<LocList>
<Loc EndOffset="6469" SrcFileId="26" StartOffset="6445"/>
<Loc EndOffset="6488" SrcFileId="26" StartOffset="6474"/>
<Loc EndOffset="6737" SrcFileId="26" StartOffset="6493"/>
</LocList>
<BasicStmnt CovItemId="S75" CovItemPrefix="group2.game.DrawGame.java" Intrnl_Id="2462">
<LocList>
<Loc EndOffset="6469" SrcFileId="26" StartOffset="6445"/>
</LocList>
</BasicStmnt>
<BasicStmnt CovItemId="S76" CovItemPrefix="group2.game.DrawGame.java" Intrnl_Id="2463">
<LocList>
<Loc EndOffset="6488" SrcFileId="26" StartOffset="6474"/>
</LocList>
</BasicStmnt>
<CondStmnt CovItemId="S77" CovItemPrefix="group2.game.DrawGame.java" Intrnl_Id="2464">
<Branch CovItemId="B9" CovItemPrefix="group2.game.DrawGame.java" Implct="false" Intrnl_Id="2465">
<Cond/>
<LocList>
<Loc EndOffset="6624" SrcFileId="26" StartOffset="6512"/>
</LocList>
<StmntSeq Intrnl_Id="2466">
<LocList>
<Loc EndOffset="6618" SrcFileId="26" StartOffset="6519"/>
</LocList>
<BasicStmnt CovItemId="S78" CovItemPrefix="group2.game.DrawGame.java" Intrnl_Id="2467">
<LocList>
<Loc EndOffset="6618" SrcFileId="26" StartOffset="6519"/>
</LocList>
</BasicStmnt>
</StmntSeq>
</Branch>
<Branch CovItemId="B10" CovItemPrefix="group2.game.DrawGame.java" Implct="false" Intrnl_Id="2468">
<Cond>
<Loc EndOffset="6633" SrcFileId="26" StartOffset="6629"/>
</Cond>
<LocList>
<Loc EndOffset="6737" SrcFileId="26" StartOffset="6633"/>
</LocList>
<StmntSeq Intrnl_Id="2469">
<LocList>
<Loc EndOffset="6731" SrcFileId="26" StartOffset="6640"/>
</LocList>
<BasicStmnt CovItemId="S79" CovItemPrefix="group2.game.DrawGame.java" Intrnl_Id="2470">
<LocList>
<Loc EndOffset="6731" SrcFileId="26" StartOffset="6640"/>
</LocList>
</BasicStmnt>
</StmntSeq>
</Branch>
<Keyword EndOffset="6495" SrcFileId="26" StartOffset="6493"/>
<LocList>
<Loc EndOffset="6737" SrcFileId="26" StartOffset="6493"/>
</LocList>
<RootTerm CovItemId="C4" CovItemPrefix="group2.game.DrawGame.java" Intrnl_Id="2471">
<BasicBoolTerm Intrnl_Id="2472">
<LocList>
<Loc EndOffset="6511" SrcFileId="26" StartOffset="6496"/>
</LocList>
</BasicBoolTerm>
</RootTerm>
</CondStmnt>
</StmntSeq>
</Branch>
<Branch CovItemId="B8" CovItemPrefix="group2.game.DrawGame.java" Implct="true" Intrnl_Id="2473">
<Cond/>
<LocList/>
<StmntSeq Intrnl_Id="2474">
<LocList/>
</StmntSeq>
</Branch>
<Keyword EndOffset="6421" SrcFileId="26" StartOffset="6419"/>
<LocList>
<Loc EndOffset="6747" SrcFileId="26" StartOffset="6419"/>
</LocList>
<RootTerm CovItemId="C3" CovItemPrefix="group2.game.DrawGame.java" Intrnl_Id="2475">
<BasicBoolTerm Intrnl_Id="2476">
<LocList>
<Loc EndOffset="6438" SrcFileId="26" StartOffset="6422"/>
</LocList>
</BasicBoolTerm>
</RootTerm>
</CondStmnt>
</StmntSeq>
</Branch>
<Branch CovItemId="B6" CovItemPrefix="group2.game.DrawGame.java" Implct="false" Intrnl_Id="2477">
<Cond>
<Loc EndOffset="6759" SrcFileId="26" StartOffset="6755"/>
</Cond>
<LocList>
<Loc EndOffset="38313" SrcFileId="26" StartOffset="6760"/>
</LocList>
<StmntSeq Intrnl_Id="2478">
<LocList>
<Loc EndOffset="38313" SrcFileId="26" StartOffset="6760"/>
</LocList>
<CondStmnt CovItemId="S80" CovItemPrefix="group2.game.DrawGame.java" Intrnl_Id="2479">
<Branch CovItemId="B11" CovItemPrefix="group2.game.DrawGame.java" Implct="false" Intrnl_Id="2480">
<Cond/>
<LocList>
<Loc EndOffset="8201" SrcFileId="26" StartOffset="6788"/>
</LocList>
<StmntSeq Intrnl_Id="2481">
<LocList>
<Loc EndOffset="6900" SrcFileId="26" StartOffset="6793"/>
<Loc EndOffset="6927" SrcFileId="26" StartOffset="6904"/>
<Loc EndOffset="7093" SrcFileId="26" StartOffset="6931"/>
<Loc EndOffset="7122" SrcFileId="26" StartOffset="7098"/>
<Loc EndOffset="7145" SrcFileId="26" StartOffset="7126"/>
<Loc EndOffset="7163" SrcFileId="26" StartOffset="7149"/>
<Loc EndOffset="7269" SrcFileId="26" StartOffset="7168"/>
<Loc EndOffset="7288" SrcFileId="26" StartOffset="7274"/>
<Loc EndOffset="7320" SrcFileId="26" StartOffset="7304"/>
<Loc EndOffset="7520" SrcFileId="26" StartOffset="7324"/>
<Loc EndOffset="7545" SrcFileId="26" StartOffset="7536"/>
<Loc EndOffset="7745" SrcFileId="26" StartOffset="7549"/>
<Loc EndOffset="7771" SrcFileId="26" StartOffset="7762"/>
<Loc EndOffset="7971" SrcFileId="26" StartOffset="7775"/>
<Loc EndOffset="7996" SrcFileId="26" StartOffset="7987"/>
<Loc EndOffset="8196" SrcFileId="26" StartOffset="8000"/>
</LocList>
<BasicStmnt CovItemId="S81" CovItemPrefix="group2.game.DrawGame.java" Intrnl_Id="2482">
<LocList>
<Loc EndOffset="6900" SrcFileId="26" StartOffset="6793"/>
</LocList>
</BasicStmnt>
<BasicStmnt CovItemId="S82" CovItemPrefix="group2.game.DrawGame.java" Intrnl_Id="2483">
<LocList>
<Loc EndOffset="6927" SrcFileId="26" StartOffset="6904"/>
</LocList>
</BasicStmnt>
<BasicStmnt CovItemId="S83" CovItemPrefix="group2.game.DrawGame.java" Intrnl_Id="2484">
<LocList>
<Loc EndOffset="7093" SrcFileId="26" StartOffset="6931"/>
</LocList>
</BasicStmnt>
<BasicStmnt CovItemId="S84" CovItemPrefix="group2.game.DrawGame.java" Intrnl_Id="2485">
<LocList>
<Loc EndOffset="7122" SrcFileId="26" StartOffset="7098"/>
</LocList>
</BasicStmnt>
<BasicStmnt CovItemId="S85" CovItemPrefix="group2.game.DrawGame.java" Intrnl_Id="2486">
<LocList>
<Loc EndOffset="7145" SrcFileId="26" StartOffset="7126"/>
</LocList>
</BasicStmnt>
<BasicStmnt CovItemId="S86" CovItemPrefix="group2.game.DrawGame.java" Intrnl_Id="2487">
<LocList>
<Loc EndOffset="7163" SrcFileId="26" StartOffset="7149"/>
</LocList>
</BasicStmnt>
<BasicStmnt CovItemId="S87" CovItemPrefix="group2.game.DrawGame.java" Intrnl_Id="2488">
<LocList>
<Loc EndOffset="7269" SrcFileId="26" StartOffset="7168"/>
</LocList>
</BasicStmnt>
<BasicStmnt CovItemId="S88" CovItemPrefix="group2.game.DrawGame.java" Intrnl_Id="2489">
<LocList>
<Loc EndOffset="7288" SrcFileId="26" StartOffset="7274"/>
</LocList>
</BasicStmnt>
<BasicStmnt CovItemId="S89" CovItemPrefix="group2.game.DrawGame.java" Intrnl_Id="2490">
<LocList>
<Loc EndOffset="7320" SrcFileId="26" StartOffset="7304"/>
</LocList>
</BasicStmnt>
<LoopStmnt CovItemId="S90" CovItemPrefix="group2.game.DrawGame.java" Intrnl_Id="2491" MltplExecId="L2-2" MltplExecPrefix="group2.game.DrawGame.java" NvrExecId="L2-0" NvrExecPrefix="group2.game.DrawGame.java" OnceExecutedId="L2-1" OnceExecutedPrefix="group2.game.DrawGame.java" OptBodyExec="true">
<StmntSeq Intrnl_Id="2492">
<LocList>
<Loc EndOffset="7497" SrcFileId="26" StartOffset="7374"/>
<Loc EndOffset="7515" SrcFileId="26" StartOffset="7502"/>
</LocList>
<BasicStmnt CovItemId="S91" CovItemPrefix="group2.game.DrawGame.java" Intrnl_Id="2493">
<LocList>
<Loc EndOffset="7497" SrcFileId="26" StartOffset="7374"/>
</LocList>
</BasicStmnt>
<BasicStmnt CovItemId="S92" CovItemPrefix="group2.game.DrawGame.java" Intrnl_Id="2494">
<LocList>
<Loc EndOffset="7515" SrcFileId="26" StartOffset="7502"/>
</LocList>
</BasicStmnt>
</StmntSeq>
<Keyword EndOffset="7327" SrcFileId="26" StartOffset="7324"/>
<LocList>
<Loc EndOffset="7520" SrcFileId="26" StartOffset="7324"/>
</LocList>
<RootTerm CovItemId="C6" CovItemPrefix="group2.game.DrawGame.java" Intrnl_Id="2495">
<BasicBoolTerm Intrnl_Id="2496">
<LocList>
<Loc EndOffset="7361" SrcFileId="26" StartOffset="7340"/>
</LocList>
</BasicBoolTerm>
</RootTerm>
</LoopStmnt>
<BasicStmnt CovItemId="S93" CovItemPrefix="group2.game.DrawGame.java" Intrnl_Id="2497">
<LocList>
<Loc EndOffset="7545" SrcFileId="26" StartOffset="7536"/>
</LocList>
</BasicStmnt>
<LoopStmnt CovItemId="S94" CovItemPrefix="group2.game.DrawGame.java" Intrnl_Id="2498" MltplExecId="L3-2" MltplExecPrefix="group2.game.DrawGame.java" NvrExecId="L3-0" NvrExecPrefix="group2.game.DrawGame.java" OnceExecutedId="L3-1" OnceExecutedPrefix="group2.game.DrawGame.java" OptBodyExec="true">
<StmntSeq Intrnl_Id="2499">
<LocList>
<Loc EndOffset="7722" SrcFileId="26" StartOffset="7599"/>
<Loc EndOffset="7740" SrcFileId="26" StartOffset="7727"/>
</LocList>
<BasicStmnt CovItemId="S95" CovItemPrefix="group2.game.DrawGame.java" Intrnl_Id="2500">
<LocList>
<Loc EndOffset="7722" SrcFileId="26" StartOffset="7599"/>
</LocList>
</BasicStmnt>
<BasicStmnt CovItemId="S96" CovItemPrefix="group2.game.DrawGame.java" Intrnl_Id="2501">
<LocList>
<Loc EndOffset="7740" SrcFileId="26" StartOffset="7727"/>
</LocList>
</BasicStmnt>
</StmntSeq>
<Keyword EndOffset="7552" SrcFileId="26" StartOffset="7549"/>
<LocList>
<Loc EndOffset="7745" SrcFileId="26" StartOffset="7549"/>
</LocList>
<RootTerm CovItemId="C7" CovItemPrefix="group2.game.DrawGame.java" Intrnl_Id="2502">
<BasicBoolTerm Intrnl_Id="2503">
<LocList>
<Loc EndOffset="7586" SrcFileId="26" StartOffset="7565"/>
</LocList>
</BasicBoolTerm>
</RootTerm>
</LoopStmnt>
<BasicStmnt CovItemId="S97" CovItemPrefix="group2.game.DrawGame.java" Intrnl_Id="2504">
<LocList>
<Loc EndOffset="7771" SrcFileId="26" StartOffset="7762"/>
</LocList>
</BasicStmnt>
<LoopStmnt CovItemId="S98" CovItemPrefix="group2.game.DrawGame.java" Intrnl_Id="2505" MltplExecId="L4-2" MltplExecPrefix="group2.game.DrawGame.java" NvrExecId="L4-0" NvrExecPrefix="group2.game.DrawGame.java" OnceExecutedId="L4-1" OnceExecutedPrefix="group2.game.DrawGame.java" OptBodyExec="true">
<StmntSeq Intrnl_Id="2506">
<LocList>
<Loc EndOffset="7948" SrcFileId="26" StartOffset="7825"/>
<Loc EndOffset="7966" SrcFileId="26" StartOffset="7953"/>
</LocList>
<BasicStmnt CovItemId="S99" CovItemPrefix="group2.game.DrawGame.java" Intrnl_Id="2507">
<LocList>
<Loc EndOffset="7948" SrcFileId="26" StartOffset="7825"/>
</LocList>
</BasicStmnt>
<BasicStmnt CovItemId="S100" CovItemPrefix="group2.game.DrawGame.java" Intrnl_Id="2508">
<LocList>
<Loc EndOffset="7966" SrcFileId="26" StartOffset="7953"/>
</LocList>
</BasicStmnt>
</StmntSeq>
<Keyword EndOffset="7778" SrcFileId="26" StartOffset="7775"/>
<LocList>
<Loc EndOffset="7971" SrcFileId="26" StartOffset="7775"/>
</LocList>
<RootTerm CovItemId="C8" CovItemPrefix="group2.game.DrawGame.java" Intrnl_Id="2509">
<BasicBoolTerm Intrnl_Id="2510">
<LocList>
<Loc EndOffset="7812" SrcFileId="26" StartOffset="7791"/>
</LocList>
</BasicBoolTerm>
</RootTerm>
</LoopStmnt>
<BasicStmnt CovItemId="S101" CovItemPrefix="group2.game.DrawGame.java" Intrnl_Id="2511">
<LocList>
<Loc EndOffset="7996" SrcFileId="26" StartOffset="7987"/>
</LocList>
</BasicStmnt>
<LoopStmnt CovItemId="S102" CovItemPrefix="group2.game.DrawGame.java" Intrnl_Id="2512" MltplExecId="L5-2" MltplExecPrefix="group2.game.DrawGame.java" NvrExecId="L5-0" NvrExecPrefix="group2.game.DrawGame.java" OnceExecutedId="L5-1" OnceExecutedPrefix="group2.game.DrawGame.java" OptBodyExec="true">
<StmntSeq Intrnl_Id="2513">
<LocList>
<Loc EndOffset="8173" SrcFileId="26" StartOffset="8050"/>
<Loc EndOffset="8191" SrcFileId="26" StartOffset="8178"/>
</LocList>
<BasicStmnt CovItemId="S103" CovItemPrefix="group2.game.DrawGame.java" Intrnl_Id="2514">
<LocList>
<Loc EndOffset="8173" SrcFileId="26" StartOffset="8050"/>
</LocList>
</BasicStmnt>
<BasicStmnt CovItemId="S104" CovItemPrefix="group2.game.DrawGame.java" Intrnl_Id="2515">
<LocList>
<Loc EndOffset="8191" SrcFileId="26" StartOffset="8178"/>
</LocList>
</BasicStmnt>
</StmntSeq>
<Keyword EndOffset="8003" SrcFileId="26" StartOffset="8000"/>
<LocList>
<Loc EndOffset="8196" SrcFileId="26" StartOffset="8000"/>
</LocList>
<RootTerm CovItemId="C9" CovItemPrefix="group2.game.DrawGame.java" Intrnl_Id="2516">
<BasicBoolTerm Intrnl_Id="2517">
<LocList>
<Loc EndOffset="8037" SrcFileId="26" StartOffset="8016"/>
</LocList>
</BasicBoolTerm>
</RootTerm>
</LoopStmnt>
</StmntSeq>
</Branch>
<Branch CovItemId="B12" CovItemPrefix="group2.game.DrawGame.java" Implct="false" Intrnl_Id="2518">
<Cond>
<Loc EndOffset="8208" SrcFileId="26" StartOffset="8204"/>
</Cond>
<LocList>
<Loc EndOffset="38313" SrcFileId="26" StartOffset="8209"/>
</LocList>
<StmntSeq Intrnl_Id="2519">
<LocList>
<Loc EndOffset="38313" SrcFileId="26" StartOffset="8209"/>
</LocList>
<CondStmnt CovItemId="S105" CovItemPrefix="group2.game.DrawGame.java" Intrnl_Id="2520">
<Branch CovItemId="B13" CovItemPrefix="group2.game.DrawGame.java" Implct="false" Intrnl_Id="2521">
<Cond/>
<LocList>
<Loc EndOffset="9791" SrcFileId="26" StartOffset="8231"/>
</LocList>
<StmntSeq Intrnl_Id="2522">
<LocList>
<Loc EndOffset="8300" SrcFileId="26" StartOffset="8277"/>
<Loc EndOffset="8323" SrcFileId="26" StartOffset="8304"/>
<Loc EndOffset="8341" SrcFileId="26" StartOffset="8327"/>
<Loc EndOffset="8463" SrcFileId="26" StartOffset="8365"/>
<Loc EndOffset="8679" SrcFileId="26" StartOffset="8488"/>
<Loc EndOffset="8813" SrcFileId="26" StartOffset="8711"/>
<Loc EndOffset="8861" SrcFileId="26" StartOffset="8838"/>
<Loc EndOffset="9023" SrcFileId="26" StartOffset="8865"/>
<Loc EndOffset="9067" SrcFileId="26" StartOffset="9027"/>
<Loc EndOffset="9091" SrcFileId="26" StartOffset="9071"/>
<Loc EndOffset="9253" SrcFileId="26" StartOffset="9095"/>
<Loc EndOffset="9281" SrcFileId="26" StartOffset="9257"/>
<Loc EndOffset="9299" SrcFileId="26" StartOffset="9285"/>
<Loc EndOffset="9431" SrcFileId="26" StartOffset="9303"/>
<Loc EndOffset="9613" SrcFileId="26" StartOffset="9435"/>
<Loc EndOffset="9787" SrcFileId="26" StartOffset="9617"/>
</LocList>
<BasicStmnt CovItemId="S106" CovItemPrefix="group2.game.DrawGame.java" Intrnl_Id="2523">
<LocList>
<Loc EndOffset="8300" SrcFileId="26" StartOffset="8277"/>
</LocList>
</BasicStmnt>
<BasicStmnt CovItemId="S107" CovItemPrefix="group2.game.DrawGame.java" Intrnl_Id="2524">
<LocList>
<Loc EndOffset="8323" SrcFileId="26" StartOffset="8304"/>
</LocList>
</BasicStmnt>
<BasicStmnt CovItemId="S108" CovItemPrefix="group2.game.DrawGame.java" Intrnl_Id="2525">
<LocList>
<Loc EndOffset="8341" SrcFileId="26" StartOffset="8327"/>
</LocList>
</BasicStmnt>
<BasicStmnt CovItemId="S109" CovItemPrefix="group2.game.DrawGame.java" Intrnl_Id="2526">
<LocList>
<Loc EndOffset="8463" SrcFileId="26" StartOffset="8365"/>
</LocList>
</BasicStmnt>
<BasicStmnt CovItemId="S110" CovItemPrefix="group2.game.DrawGame.java" Intrnl_Id="2527">
<LocList>
<Loc EndOffset="8679" SrcFileId="26" StartOffset="8488"/>
</LocList>
</BasicStmnt>
<BasicStmnt CovItemId="S111" CovItemPrefix="group2.game.DrawGame.java" Intrnl_Id="2528">
<LocList>
<Loc EndOffset="8813" SrcFileId="26" StartOffset="8711"/>
</LocList>
</BasicStmnt>
<BasicStmnt CovItemId="S112" CovItemPrefix="group2.game.DrawGame.java" Intrnl_Id="2529">
<LocList>
<Loc EndOffset="8861" SrcFileId="26" StartOffset="8838"/>
</LocList>
</BasicStmnt>
<BasicStmnt CovItemId="S113" CovItemPrefix="group2.game.DrawGame.java" Intrnl_Id="2530">
<LocList>
<Loc EndOffset="9023" SrcFileId="26" StartOffset="8865"/>
</LocList>
</BasicStmnt>
<BasicStmnt CovItemId="S114" CovItemPrefix="group2.game.DrawGame.java" Intrnl_Id="2531">
<LocList>
<Loc EndOffset="9067" SrcFileId="26" StartOffset="9027"/>
</LocList>
</BasicStmnt>
<BasicStmnt CovItemId="S115" CovItemPrefix="group2.game.DrawGame.java" Intrnl_Id="2532">
<LocList>
<Loc EndOffset="9091" SrcFileId="26" StartOffset="9071"/>
</LocList>
</BasicStmnt>
<BasicStmnt CovItemId="S116" CovItemPrefix="group2.game.DrawGame.java" Intrnl_Id="2533">
<LocList>
<Loc EndOffset="9253" SrcFileId="26" StartOffset="9095"/>
</LocList>
</BasicStmnt>
<BasicStmnt CovItemId="S117" CovItemPrefix="group2.game.DrawGame.java" Intrnl_Id="2534">
<LocList>
<Loc EndOffset="9281" SrcFileId="26" StartOffset="9257"/>
</LocList>
</BasicStmnt>
<BasicStmnt CovItemId="S118" CovItemPrefix="group2.game.DrawGame.java" Intrnl_Id="2535">
<LocList>
<Loc EndOffset="9299" SrcFileId="26" StartOffset="9285"/>
</LocList>
</BasicStmnt>
<BasicStmnt CovItemId="S119" CovItemPrefix="group2.game.DrawGame.java" Intrnl_Id="2536">
<LocList>
<Loc EndOffset="9431" SrcFileId="26" StartOffset="9303"/>
</LocList>
</BasicStmnt>
<BasicStmnt CovItemId="S120" CovItemPrefix="group2.game.DrawGame.java" Intrnl_Id="2537">
<LocList>
<Loc EndOffset="9613" SrcFileId="26" StartOffset="9435"/>
</LocList>
</BasicStmnt>
<BasicStmnt CovItemId="S121" CovItemPrefix="group2.game.DrawGame.java" Intrnl_Id="2538">
<LocList>
<Loc EndOffset="9787" SrcFileId="26" StartOffset="9617"/>
</LocList>
</BasicStmnt>
</StmntSeq>
</Branch>
<Branch CovItemId="B14" CovItemPrefix="group2.game.DrawGame.java" Implct="false" Intrnl_Id="2539">
<Cond>
<Loc EndOffset="9798" SrcFileId="26" StartOffset="9794"/>
</Cond>
<LocList>
<Loc EndOffset="38313" SrcFileId="26" StartOffset="9799"/>
</LocList>
<StmntSeq Intrnl_Id="2540">
<LocList>
<Loc EndOffset="38313" SrcFileId="26" StartOffset="9799"/>
</LocList>
<CondStmnt CovItemId="S122" CovItemPrefix="group2.game.DrawGame.java" Intrnl_Id="2541">
<Branch CovItemId="B15" CovItemPrefix="group2.game.DrawGame.java" Implct="false" Intrnl_Id="2542">
<Cond/>
<LocList>
<Loc EndOffset="38313" SrcFileId="26" StartOffset="9821"/>
</LocList>
<StmntSeq Intrnl_Id="2543">
<LocList>
<Loc EndOffset="9931" SrcFileId="26" StartOffset="9908"/>
<Loc EndOffset="9954" SrcFileId="26" StartOffset="9935"/>
<Loc EndOffset="9972" SrcFileId="26" StartOffset="9958"/>
<Loc EndOffset="10094" SrcFileId="26" StartOffset="9996"/>
<Loc EndOffset="10469" SrcFileId="26" StartOffset="10120"/>
<Loc EndOffset="10880" SrcFileId="26" StartOffset="10493"/>
<Loc EndOffset="11012" SrcFileId="26" StartOffset="10910"/>
<Loc EndOffset="11655" SrcFileId="26" StartOffset="11053"/>
<Loc EndOffset="12211" SrcFileId="26" StartOffset="11677"/>
<Loc EndOffset="13550" SrcFileId="26" StartOffset="12246"/>
<Loc EndOffset="13577" SrcFileId="26" StartOffset="13558"/>
<Loc EndOffset="13770" SrcFileId="26" StartOffset="13605"/>
<Loc EndOffset="13942" SrcFileId="26" StartOffset="13774"/>
<Loc EndOffset="14114" SrcFileId="26" StartOffset="13946"/>
<Loc EndOffset="15251" SrcFileId="26" StartOffset="14151"/>
<Loc EndOffset="21338" SrcFileId="26" StartOffset="15292"/>
<Loc EndOffset="22466" SrcFileId="26" StartOffset="21343"/>
<Loc EndOffset="27107" SrcFileId="26" StartOffset="22500"/>
<Loc EndOffset="27440" SrcFileId="26" StartOffset="27234"/>
<Loc EndOffset="32401" SrcFileId="26" StartOffset="27546"/>
<Loc EndOffset="33657" SrcFileId="26" StartOffset="32409"/>
<Loc EndOffset="38300" SrcFileId="26" StartOffset="33711"/>
</LocList>
<BasicStmnt CovItemId="S123" CovItemPrefix="group2.game.DrawGame.java" Intrnl_Id="2544">
<LocList>
<Loc EndOffset="9931" SrcFileId="26" StartOffset="9908"/>
</LocList>
</BasicStmnt>
<BasicStmnt CovItemId="S124" CovItemPrefix="group2.game.DrawGame.java" Intrnl_Id="2545">
<LocList>
<Loc EndOffset="9954" SrcFileId="26" StartOffset="9935"/>
</LocList>
</BasicStmnt>
<BasicStmnt CovItemId="S125" CovItemPrefix="group2.game.DrawGame.java" Intrnl_Id="2546">
<LocList>
<Loc EndOffset="9972" SrcFileId="26" StartOffset="9958"/>
</LocList>
</BasicStmnt>
<BasicStmnt CovItemId="S126" CovItemPrefix="group2.game.DrawGame.java" Intrnl_Id="2547">
<LocList>
<Loc EndOffset="10094" SrcFileId="26" StartOffset="9996"/>
</LocList>
</BasicStmnt>
<LoopStmnt CovItemId="S127" CovItemPrefix="group2.game.DrawGame.java" Intrnl_Id="2548" MltplExecId="L6-2" MltplExecPrefix="group2.game.DrawGame.java" NvrExecId="L6-0" NvrExecPrefix="group2.game.DrawGame.java" OnceExecutedId="L6-1" OnceExecutedPrefix="group2.game.DrawGame.java" OptBodyExec="true">
<StmntSeq Intrnl_Id="2549">
<LocList>
<Loc EndOffset="10464" SrcFileId="26" StartOffset="10183"/>
</LocList>
<CondStmnt CovItemId="S128" CovItemPrefix="group2.game.DrawGame.java" Intrnl_Id="2550">
<Branch CovItemId="B17" CovItemPrefix="group2.game.DrawGame.java" Implct="false" Intrnl_Id="2551">
<Cond/>
<LocList>
<Loc EndOffset="10464" SrcFileId="26" StartOffset="10207"/>
</LocList>
<StmntSeq Intrnl_Id="2552">
<LocList>
<Loc EndOffset="10458" SrcFileId="26" StartOffset="10214"/>
</LocList>
<CondStmnt CovItemId="S129" CovItemPrefix="group2.game.DrawGame.java" Intrnl_Id="2553">
<Branch CovItemId="B19" CovItemPrefix="group2.game.DrawGame.java" Implct="false" Intrnl_Id="2554">
<Cond/>
<LocList>
<Loc EndOffset="10458" SrcFileId="26" StartOffset="10254"/>
</LocList>
<StmntSeq Intrnl_Id="2555">
<LocList>
<Loc EndOffset="10451" SrcFileId="26" StartOffset="10262"/>
</LocList>
<BasicStmnt CovItemId="S130" CovItemPrefix="group2.game.DrawGame.java" Intrnl_Id="2556">
<LocList>
<Loc EndOffset="10451" SrcFileId="26" StartOffset="10262"/>
</LocList>
</BasicStmnt>
</StmntSeq>
</Branch>
<Branch CovItemId="B20" CovItemPrefix="group2.game.DrawGame.java" Implct="true" Intrnl_Id="2557">
<Cond/>
<LocList/>
<StmntSeq Intrnl_Id="2558">
<LocList/>
</StmntSeq>
</Branch>
<Keyword EndOffset="10216" SrcFileId="26" StartOffset="10214"/>
<LocList>
<Loc EndOffset="10458" SrcFileId="26" StartOffset="10214"/>
</LocList>
<RootTerm CovItemId="C14" CovItemPrefix="group2.game.DrawGame.java" Intrnl_Id="2559">
<BasicBoolTerm Intrnl_Id="2560">
<LocList>
<Loc EndOffset="10252" SrcFileId="26" StartOffset="10218"/>
</LocList>
</BasicBoolTerm>
</RootTerm>
</CondStmnt>
</StmntSeq>
</Branch>
<Branch CovItemId="B18" CovItemPrefix="group2.game.DrawGame.java" Implct="true" Intrnl_Id="2561">
<Cond/>
<LocList/>
<StmntSeq Intrnl_Id="2562">
<LocList/>
</StmntSeq>
</Branch>
<Keyword EndOffset="10185" SrcFileId="26" StartOffset="10183"/>
<LocList>
<Loc EndOffset="10464" SrcFileId="26" StartOffset="10183"/>
</LocList>
<RootTerm CovItemId="C13" CovItemPrefix="group2.game.DrawGame.java" Intrnl_Id="2563">
<BasicBoolTerm Intrnl_Id="2564">
<LocList>
<Loc EndOffset="10205" SrcFileId="26" StartOffset="10187"/>
</LocList>
</BasicBoolTerm>
</RootTerm>
</CondStmnt>
</StmntSeq>
<Keyword EndOffset="10123" SrcFileId="26" StartOffset="10120"/>
<LocList>
<Loc EndOffset="10469" SrcFileId="26" StartOffset="10120"/>
</LocList>
<RootTerm CovItemId="C12" CovItemPrefix="group2.game.DrawGame.java" Intrnl_Id="2565">
<BasicBoolTerm Intrnl_Id="2566">
<LocList>
<Loc EndOffset="10170" SrcFileId="26" StartOffset="10136"/>
</LocList>
</BasicBoolTerm>
</RootTerm>
</LoopStmnt>
<LoopStmnt CovItemId="S131" CovItemPrefix="group2.game.DrawGame.java" Intrnl_Id="2567" MltplExecId="L7-2" MltplExecPrefix="group2.game.DrawGame.java" NvrExecId="L7-0" NvrExecPrefix="group2.game.DrawGame.java" OnceExecutedId="L7-1" OnceExecutedPrefix="group2.game.DrawGame.java" OptBodyExec="true">
<StmntSeq Intrnl_Id="2568">
<LocList>
<Loc EndOffset="10875" SrcFileId="26" StartOffset="10556"/>
</LocList>
<CondStmnt CovItemId="S132" CovItemPrefix="group2.game.DrawGame.java" Intrnl_Id="2569">
<Branch CovItemId="B21" CovItemPrefix="group2.game.DrawGame.java" Implct="false" Intrnl_Id="2570">
<Cond/>
<LocList>
<Loc EndOffset="10875" SrcFileId="26" StartOffset="10580"/>
</LocList>
<StmntSeq Intrnl_Id="2571">
<LocList>
<Loc EndOffset="10869" SrcFileId="26" StartOffset="10587"/>
</LocList>
<CondStmnt CovItemId="S133" CovItemPrefix="group2.game.DrawGame.java" Intrnl_Id="2572">
<Branch CovItemId="B23" CovItemPrefix="group2.game.DrawGame.java" Implct="false" Intrnl_Id="2573">
<Cond/>
<LocList>
<Loc EndOffset="10869" SrcFileId="26" StartOffset="10627"/>
</LocList>
<StmntSeq Intrnl_Id="2574">
<LocList>
<Loc EndOffset="10862" SrcFileId="26" StartOffset="10635"/>
</LocList>
<BasicStmnt CovItemId="S134" CovItemPrefix="group2.game.DrawGame.java" Intrnl_Id="2575">
<LocList>
<Loc EndOffset="10862" SrcFileId="26" StartOffset="10635"/>
</LocList>
</BasicStmnt>
</StmntSeq>
</Branch>
<Branch CovItemId="B24" CovItemPrefix="group2.game.DrawGame.java" Implct="true" Intrnl_Id="2576">
<Cond/>
<LocList/>
<StmntSeq Intrnl_Id="2577">
<LocList/>
</StmntSeq>
</Branch>
<Keyword EndOffset="10589" SrcFileId="26" StartOffset="10587"/>
<LocList>
<Loc EndOffset="10869" SrcFileId="26" StartOffset="10587"/>
</LocList>
<RootTerm CovItemId="C17" CovItemPrefix="group2.game.DrawGame.java" Intrnl_Id="2578">
<BasicBoolTerm Intrnl_Id="2579">
<LocList>
<Loc EndOffset="10625" SrcFileId="26" StartOffset="10591"/>
</LocList>
</BasicBoolTerm>
</RootTerm>
</CondStmnt>
</StmntSeq>
</Branch>
<Branch CovItemId="B22" CovItemPrefix="group2.game.DrawGame.java" Implct="true" Intrnl_Id="2580">
<Cond/>
<LocList/>
<StmntSeq Intrnl_Id="2581">
<LocList/>
</StmntSeq>
</Branch>
<Keyword EndOffset="10558" SrcFileId="26" StartOffset="10556"/>
<LocList>
<Loc EndOffset="10875" SrcFileId="26" StartOffset="10556"/>
</LocList>
<RootTerm CovItemId="C16" CovItemPrefix="group2.game.DrawGame.java" Intrnl_Id="2582">
<BasicBoolTerm Intrnl_Id="2583">
<LocList>
<Loc EndOffset="10578" SrcFileId="26" StartOffset="10560"/>
</LocList>
</BasicBoolTerm>
</RootTerm>
</CondStmnt>
</StmntSeq>
<Keyword EndOffset="10496" SrcFileId="26" StartOffset="10493"/>
<LocList>
<Loc EndOffset="10880" SrcFileId="26" StartOffset="10493"/>
</LocList>
<RootTerm CovItemId="C15" CovItemPrefix="group2.game.DrawGame.java" Intrnl_Id="2584">
<BasicBoolTerm Intrnl_Id="2585">
<LocList>
<Loc EndOffset="10543" SrcFileId="26" StartOffset="10509"/>
</LocList>
</BasicBoolTerm>
</RootTerm>
</LoopStmnt>
<BasicStmnt CovItemId="S135" CovItemPrefix="group2.game.DrawGame.java" Intrnl_Id="2586">
<LocList>
<Loc EndOffset="11012" SrcFileId="26" StartOffset="10910"/>
</LocList>
</BasicStmnt>
<LoopStmnt CovItemId="S136" CovItemPrefix="group2.game.DrawGame.java" Intrnl_Id="2587" MltplExecId="L8-2" MltplExecPrefix="group2.game.DrawGame.java" NvrExecId="L8-0" NvrExecPrefix="group2.game.DrawGame.java" OnceExecutedId="L8-1" OnceExecutedPrefix="group2.game.DrawGame.java" OptBodyExec="true">
<StmntSeq Intrnl_Id="2588">
<LocList>
<Loc EndOffset="11113" SrcFileId="26" StartOffset="11090"/>
<Loc EndOffset="11327" SrcFileId="26" StartOffset="11119"/>
<Loc EndOffset="11650" SrcFileId="26" StartOffset="11350"/>
</LocList>
<BasicStmnt CovItemId="S137" CovItemPrefix="group2.game.DrawGame.java" Intrnl_Id="2589">
<LocList>
<Loc EndOffset="11113" SrcFileId="26" StartOffset="11090"/>
</LocList>
</BasicStmnt>
<BasicStmnt CovItemId="S138" CovItemPrefix="group2.game.DrawGame.java" Intrnl_Id="2590">
<LocList>
<Loc EndOffset="11327" SrcFileId="26" StartOffset="11119"/>
</LocList>
</BasicStmnt>
<LoopStmnt CovItemId="S139" CovItemPrefix="group2.game.DrawGame.java" Intrnl_Id="2591" MltplExecId="L9-2" MltplExecPrefix="group2.game.DrawGame.java" NvrExecId="L9-0" NvrExecPrefix="group2.game.DrawGame.java" OnceExecutedId="L9-1" OnceExecutedPrefix="group2.game.DrawGame.java" OptBodyExec="true">
<StmntSeq Intrnl_Id="2592">
<LocList>
<Loc EndOffset="11417" SrcFileId="26" StartOffset="11393"/>
<Loc EndOffset="11643" SrcFileId="26" StartOffset="11423"/>
</LocList>
<BasicStmnt CovItemId="S140" CovItemPrefix="group2.game.DrawGame.java" Intrnl_Id="2593">
<LocList>
<Loc EndOffset="11417" SrcFileId="26" StartOffset="11393"/>
</LocList>
</BasicStmnt>
<BasicStmnt CovItemId="S141" CovItemPrefix="group2.game.DrawGame.java" Intrnl_Id="2594">
<LocList>
<Loc EndOffset="11643" SrcFileId="26" StartOffset="11423"/>
</LocList>
</BasicStmnt>
</StmntSeq>
<Keyword EndOffset="11353" SrcFileId="26" StartOffset="11350"/>
<LocList>
<Loc EndOffset="11650" SrcFileId="26" StartOffset="11350"/>
</LocList>
</LoopStmnt>
</StmntSeq>
<Keyword EndOffset="11056" SrcFileId="26" StartOffset="11053"/>
<LocList>
<Loc EndOffset="11655" SrcFileId="26" StartOffset="11053"/>
</LocList>
</LoopStmnt>
<CondStmnt CovItemId="S142" CovItemPrefix="group2.game.DrawGame.java" Intrnl_Id="2595">
<Branch CovItemId="B25" CovItemPrefix="group2.game.DrawGame.java" Implct="false" Intrnl_Id="2596">
<Cond/>
<LocList>
<Loc EndOffset="11916" SrcFileId="26" StartOffset="11697"/>
</LocList>
<StmntSeq Intrnl_Id="2597">
<LocList>
<Loc EndOffset="11717" SrcFileId="26" StartOffset="11703"/>
<Loc EndOffset="11746" SrcFileId="26" StartOffset="11722"/>
<Loc EndOffset="11911" SrcFileId="26" StartOffset="11751"/>
</LocList>
<BasicStmnt CovItemId="S143" CovItemPrefix="group2.game.DrawGame.java" Intrnl_Id="2598">
<LocList>
<Loc EndOffset="11717" SrcFileId="26" StartOffset="11703"/>
</LocList>
</BasicStmnt>
<BasicStmnt CovItemId="S144" CovItemPrefix="group2.game.DrawGame.java" Intrnl_Id="2599">
<LocList>
<Loc EndOffset="11746" SrcFileId="26" StartOffset="11722"/>
</LocList>
</BasicStmnt>
<BasicStmnt CovItemId="S145" CovItemPrefix="group2.game.DrawGame.java" Intrnl_Id="2600">
<LocList>
<Loc EndOffset="11911" SrcFileId="26" StartOffset="11751"/>
</LocList>
</BasicStmnt>
</StmntSeq>
</Branch>
<Branch CovItemId="B26" CovItemPrefix="group2.game.DrawGame.java" Implct="false" Intrnl_Id="2601">
<Cond>
<Loc EndOffset="11921" SrcFileId="26" StartOffset="11917"/>
</Cond>
<LocList>
<Loc EndOffset="12211" SrcFileId="26" StartOffset="11921"/>
</LocList>
<StmntSeq Intrnl_Id="2602">
<LocList>
<Loc EndOffset="11941" SrcFileId="26" StartOffset="11927"/>
<Loc EndOffset="11970" SrcFileId="26" StartOffset="11946"/>
<Loc EndOffset="12206" SrcFileId="26" StartOffset="11975"/>
</LocList>
<BasicStmnt CovItemId="S146" CovItemPrefix="group2.game.DrawGame.java" Intrnl_Id="2603">
<LocList>
<Loc EndOffset="11941" SrcFileId="26" StartOffset="11927"/>
</LocList>
</BasicStmnt>
<BasicStmnt CovItemId="S147" CovItemPrefix="group2.game.DrawGame.java" Intrnl_Id="2604">
<LocList>
<Loc EndOffset="11970" SrcFileId="26" StartOffset="11946"/>
</LocList>
</BasicStmnt>
<BasicStmnt CovItemId="S148" CovItemPrefix="group2.game.DrawGame.java" Intrnl_Id="2605">
<LocList>
<Loc EndOffset="12206" SrcFileId="26" StartOffset="11975"/>
</LocList>
</BasicStmnt>
</StmntSeq>
</Branch>
<Keyword EndOffset="11679" SrcFileId="26" StartOffset="11677"/>
<LocList>
<Loc EndOffset="12211" SrcFileId="26" StartOffset="11677"/>
</LocList>
<RootTerm CovItemId="C18" CovItemPrefix="group2.game.DrawGame.java" Intrnl_Id="2606">
<OpTerm BooleanOpId="31" Intrnl_Id="2607">
<BasicBoolTerm Intrnl_Id="2608">
<LocList>
<Loc EndOffset="11696" SrcFileId="26" StartOffset="11681"/>
</LocList>
</BasicBoolTerm>
<LocList>
<Loc EndOffset="11681" SrcFileId="26" StartOffset="11680"/>
</LocList>
</OpTerm>
</RootTerm>
</CondStmnt>
<CondStmnt CovItemId="S149" CovItemPrefix="group2.game.DrawGame.java" Intrnl_Id="2609">
<Branch CovItemId="B27" CovItemPrefix="group2.game.DrawGame.java" Implct="false" Intrnl_Id="2610">
<Cond/>
<LocList>
<Loc EndOffset="12835" SrcFileId="26" StartOffset="12266"/>
</LocList>
<StmntSeq Intrnl_Id="2611">
<LocList>
<Loc EndOffset="12370" SrcFileId="26" StartOffset="12272"/>
<Loc EndOffset="12399" SrcFileId="26" StartOffset="12375"/>
<Loc EndOffset="12573" SrcFileId="26" StartOffset="12404"/>
<Loc EndOffset="12603" SrcFileId="26" StartOffset="12578"/>
<Loc EndOffset="12801" SrcFileId="26" StartOffset="12608"/>
<Loc EndOffset="12830" SrcFileId="26" StartOffset="12806"/>
</LocList>
<BasicStmnt CovItemId="S150" CovItemPrefix="group2.game.DrawGame.java" Intrnl_Id="2612">
<LocList>
<Loc EndOffset="12370" SrcFileId="26" StartOffset="12272"/>
</LocList>
</BasicStmnt>
<BasicStmnt CovItemId="S151" CovItemPrefix="group2.game.DrawGame.java" Intrnl_Id="2613">
<LocList>
<Loc EndOffset="12399" SrcFileId="26" StartOffset="12375"/>
</LocList>
</BasicStmnt>
<BasicStmnt CovItemId="S152" CovItemPrefix="group2.game.DrawGame.java" Intrnl_Id="2614">
<LocList>
<Loc EndOffset="12573" SrcFileId="26" StartOffset="12404"/>
</LocList>
</BasicStmnt>
<BasicStmnt CovItemId="S153" CovItemPrefix="group2.game.DrawGame.java" Intrnl_Id="2615">
<LocList>
<Loc EndOffset="12603" SrcFileId="26" StartOffset="12578"/>
</LocList>
</BasicStmnt>
<BasicStmnt CovItemId="S154" CovItemPrefix="group2.game.DrawGame.java" Intrnl_Id="2616">
<LocList>
<Loc EndOffset="12801" SrcFileId="26" StartOffset="12608"/>
</LocList>
</BasicStmnt>
<BasicStmnt CovItemId="S155" CovItemPrefix="group2.game.DrawGame.java" Intrnl_Id="2617">
<LocList>
<Loc EndOffset="12830" SrcFileId="26" StartOffset="12806"/>
</LocList>
</BasicStmnt>
</StmntSeq>
</Branch>
<Branch CovItemId="B28" CovItemPrefix="group2.game.DrawGame.java" Implct="false" Intrnl_Id="2618">
<Cond>
<Loc EndOffset="12840" SrcFileId="26" StartOffset="12836"/>
</Cond>
<LocList>
<Loc EndOffset="13550" SrcFileId="26" StartOffset="12840"/>
</LocList>
<StmntSeq Intrnl_Id="2619">
<LocList>
<Loc EndOffset="12949" SrcFileId="26" StartOffset="12846"/>
<Loc EndOffset="12978" SrcFileId="26" StartOffset="12954"/>
<Loc EndOffset="13152" SrcFileId="26" StartOffset="12983"/>
<Loc EndOffset="13182" SrcFileId="26" StartOffset="13157"/>
<Loc EndOffset="13511" SrcFileId="26" StartOffset="13187"/>
<Loc EndOffset="13545" SrcFileId="26" StartOffset="13521"/>
</LocList>
<BasicStmnt CovItemId="S156" CovItemPrefix="group2.game.DrawGame.java" Intrnl_Id="2620">
<LocList>
<Loc EndOffset="12949" SrcFileId="26" StartOffset="12846"/>
</LocList>
</BasicStmnt>
<BasicStmnt CovItemId="S157" CovItemPrefix="group2.game.DrawGame.java" Intrnl_Id="2621">
<LocList>
<Loc EndOffset="12978" SrcFileId="26" StartOffset="12954"/>
</LocList>
</BasicStmnt>
<BasicStmnt CovItemId="S158" CovItemPrefix="group2.game.DrawGame.java" Intrnl_Id="2622">
<LocList>
<Loc EndOffset="13152" SrcFileId="26" StartOffset="12983"/>
</LocList>
</BasicStmnt>
<BasicStmnt CovItemId="S159" CovItemPrefix="group2.game.DrawGame.java" Intrnl_Id="2623">
<LocList>
<Loc EndOffset="13182" SrcFileId="26" StartOffset="13157"/>
</LocList>
</BasicStmnt>
<BasicStmnt CovItemId="S160" CovItemPrefix="group2.game.DrawGame.java" Intrnl_Id="2624">
<LocList>
<Loc EndOffset="13511" SrcFileId="26" StartOffset="13187"/>
</LocList>
</BasicStmnt>
<BasicStmnt CovItemId="S161" CovItemPrefix="group2.game.DrawGame.java" Intrnl_Id="2625">
<LocList>
<Loc EndOffset="13545" SrcFileId="26" StartOffset="13521"/>
</LocList>
</BasicStmnt>
</StmntSeq>
</Branch>
<Keyword EndOffset="12248" SrcFileId="26" StartOffset="12246"/>
<LocList>
<Loc EndOffset="13550" SrcFileId="26" StartOffset="12246"/>
</LocList>
<RootTerm CovItemId="C19" CovItemPrefix="group2.game.DrawGame.java" Intrnl_Id="2626">
<OpTerm BooleanOpId="31" Intrnl_Id="2627">
<BasicBoolTerm Intrnl_Id="2628">
<LocList>
<Loc EndOffset="12265" SrcFileId="26" StartOffset="12250"/>
</LocList>
</BasicBoolTerm>
<LocList>
<Loc EndOffset="12250" SrcFileId="26" StartOffset="12249"/>
</LocList>
</OpTerm>
</RootTerm>
</CondStmnt>
<BasicStmnt CovItemId="S162" CovItemPrefix="group2.game.DrawGame.java" Intrnl_Id="2629">
<LocList>
<Loc EndOffset="13577" SrcFileId="26" StartOffset="13558"/>
</LocList>
</BasicStmnt>
<BasicStmnt CovItemId="S163" CovItemPrefix="group2.game.DrawGame.java" Intrnl_Id="2630">
<LocList>
<Loc EndOffset="13770" SrcFileId="26" StartOffset="13605"/>
</LocList>
</BasicStmnt>
<BasicStmnt CovItemId="S164" CovItemPrefix="group2.game.DrawGame.java" Intrnl_Id="2631">
<LocList>
<Loc EndOffset="13942" SrcFileId="26" StartOffset="13774"/>
</LocList>
</BasicStmnt>
<BasicStmnt CovItemId="S165" CovItemPrefix="group2.game.DrawGame.java" Intrnl_Id="2632">
<LocList>
<Loc EndOffset="14114" SrcFileId="26" StartOffset="13946"/>
</LocList>
</BasicStmnt>
<LoopStmnt CovItemId="S166" CovItemPrefix="group2.game.DrawGame.java" Intrnl_Id="2633" MltplExecId="L10-2" MltplExecPrefix="group2.game.DrawGame.java" NvrExecId="L10-0" NvrExecPrefix="group2.game.DrawGame.java" OnceExecutedId="L10-1" OnceExecutedPrefix="group2.game.DrawGame.java" OptBodyExec="true">
<StmntSeq Intrnl_Id="2634">
<LocList>
<Loc EndOffset="14218" SrcFileId="26" StartOffset="14194"/>
<Loc EndOffset="15246" SrcFileId="26" StartOffset="14223"/>
</LocList>
<BasicStmnt CovItemId="S167" CovItemPrefix="group2.game.DrawGame.java" Intrnl_Id="2635">
<LocList>
<Loc EndOffset="14218" SrcFileId="26" StartOffset="14194"/>
</LocList>
</BasicStmnt>
<CondStmnt CovItemId="S168" CovItemPrefix="group2.game.DrawGame.java" Intrnl_Id="2636">
<Branch CovItemId="B29" CovItemPrefix="group2.game.DrawGame.java" Implct="false" Intrnl_Id="2637">
<Cond/>
<LocList>
<Loc EndOffset="15246" SrcFileId="26" StartOffset="14235"/>
</LocList>
<StmntSeq Intrnl_Id="2638">
<LocList>
<Loc EndOffset="14999" SrcFileId="26" StartOffset="14242"/>
<Loc EndOffset="15240" SrcFileId="26" StartOffset="15004"/>
</LocList>
<CondStmnt CovItemId="S169" CovItemPrefix="group2.game.DrawGame.java" Intrnl_Id="2639">
<Branch CovItemId="B31" CovItemPrefix="group2.game.DrawGame.java" Implct="false" Intrnl_Id="2640">
<Cond/>
<LocList>
<Loc EndOffset="14999" SrcFileId="26" StartOffset="14260"/>
</LocList>
<StmntSeq Intrnl_Id="2641">
<LocList>
<Loc EndOffset="14292" SrcFileId="26" StartOffset="14268"/>
<Loc EndOffset="14443" SrcFileId="26" StartOffset="14299"/>
<Loc EndOffset="14719" SrcFileId="26" StartOffset="14457"/>
<Loc EndOffset="14755" SrcFileId="26" StartOffset="14733"/>
<Loc EndOffset="14985" SrcFileId="26" StartOffset="14762"/>
</LocList>
<BasicStmnt CovItemId="S170" CovItemPrefix="group2.game.DrawGame.java" Intrnl_Id="2642">
<LocList>
<Loc EndOffset="14292" SrcFileId="26" StartOffset="14268"/>
</LocList>
</BasicStmnt>
<BasicStmnt CovItemId="S171" CovItemPrefix="group2.game.DrawGame.java" Intrnl_Id="2643">
<LocList>
<Loc EndOffset="14443" SrcFileId="26" StartOffset="14299"/>
</LocList>
</BasicStmnt>
<BasicStmnt CovItemId="S172" CovItemPrefix="group2.game.DrawGame.java" Intrnl_Id="2644">
<LocList>
<Loc EndOffset="14719" SrcFileId="26" StartOffset="14457"/>
</LocList>
</BasicStmnt>
<BasicStmnt CovItemId="S173" CovItemPrefix="group2.game.DrawGame.java" Intrnl_Id="2645">
<LocList>
<Loc EndOffset="14755" SrcFileId="26" StartOffset="14733"/>
</LocList>
</BasicStmnt>
<BasicStmnt CovItemId="S174" CovItemPrefix="group2.game.DrawGame.java" Intrnl_Id="2646">
<LocList>
<Loc EndOffset="14985" SrcFileId="26" StartOffset="14762"/>
</LocList>
</BasicStmnt>
</StmntSeq>
</Branch>
<Branch CovItemId="B32" CovItemPrefix="group2.game.DrawGame.java" Implct="true" Intrnl_Id="2647">
<Cond/>
<LocList/>
<StmntSeq Intrnl_Id="2648">
<LocList/>
</StmntSeq>
</Branch>
<Keyword EndOffset="14244" SrcFileId="26" StartOffset="14242"/>
<LocList>
<Loc EndOffset="14999" SrcFileId="26" StartOffset="14242"/>
</LocList>
<RootTerm CovItemId="C21" CovItemPrefix="group2.game.DrawGame.java" Intrnl_Id="2649">
<OpTerm BooleanOpId="31" Intrnl_Id="2650">
<BasicBoolTerm Intrnl_Id="2651">
<LocList>
<Loc EndOffset="14259" SrcFileId="26" StartOffset="14246"/>
</LocList>
</BasicBoolTerm>
<LocList>
<Loc EndOffset="14246" SrcFileId="26" StartOffset="14245"/>
</LocList>
</OpTerm>
</RootTerm>
</CondStmnt>
<BasicStmnt CovItemId="S175" CovItemPrefix="group2.game.DrawGame.java" Intrnl_Id="2652">
<LocList>
<Loc EndOffset="15240" SrcFileId="26" StartOffset="15004"/>
</LocList>
</BasicStmnt>
</StmntSeq>
</Branch>
<Branch CovItemId="B30" CovItemPrefix="group2.game.DrawGame.java" Implct="true" Intrnl_Id="2653">
<Cond/>
<LocList/>
<StmntSeq Intrnl_Id="2654">
<LocList/>
</StmntSeq>
</Branch>
<Keyword EndOffset="14225" SrcFileId="26" StartOffset="14223"/>
<LocList>
<Loc EndOffset="15246" SrcFileId="26" StartOffset="14223"/>
</LocList>
<RootTerm CovItemId="C20" CovItemPrefix="group2.game.DrawGame.java" Intrnl_Id="2655">
<BasicBoolTerm Intrnl_Id="2656">
<LocList>
<Loc EndOffset="14234" SrcFileId="26" StartOffset="14227"/>
</LocList>
</BasicBoolTerm>
</RootTerm>
</CondStmnt>
</StmntSeq>
<Keyword EndOffset="14154" SrcFileId="26" StartOffset="14151"/>
<LocList>
<Loc EndOffset="15251" SrcFileId="26" StartOffset="14151"/>
</LocList>
</LoopStmnt>
<LoopStmnt CovItemId="S176" CovItemPrefix="group2.game.DrawGame.java" Intrnl_Id="2657" MltplExecId="L11-2" MltplExecPrefix="group2.game.DrawGame.java" NvrExecId="L11-0" NvrExecPrefix="group2.game.DrawGame.java" OnceExecutedId="L11-1" OnceExecutedPrefix="group2.game.DrawGame.java" OptBodyExec="true">
<StmntSeq Intrnl_Id="2658">
<LocList>
<Loc EndOffset="15400" SrcFileId="26" StartOffset="15352"/>
<Loc EndOffset="21333" SrcFileId="26" StartOffset="15405"/>
</LocList>
<BasicStmnt CovItemId="S177" CovItemPrefix="group2.game.DrawGame.java" Intrnl_Id="2659">
<LocList>
<Loc EndOffset="15400" SrcFileId="26" StartOffset="15352"/>
</LocList>
</BasicStmnt>
<LoopStmnt CovItemId="S178" CovItemPrefix="group2.game.DrawGame.java" Intrnl_Id="2660" MltplExecId="L12-2" MltplExecPrefix="group2.game.DrawGame.java" NvrExecId="L12-0" NvrExecPrefix="group2.game.DrawGame.java" OnceExecutedId="L12-1" OnceExecutedPrefix="group2.game.DrawGame.java" OptBodyExec="true">
<StmntSeq Intrnl_Id="2661">
<LocList>
<Loc EndOffset="21327" SrcFileId="26" StartOffset="15467"/>
</LocList>
<LoopStmnt CovItemId="S179" CovItemPrefix="group2.game.DrawGame.java" Intrnl_Id="2662" MltplExecId="L13-2" MltplExecPrefix="group2.game.DrawGame.java" NvrExecId="L13-0" NvrExecPrefix="group2.game.DrawGame.java" OnceExecutedId="L13-1" OnceExecutedPrefix="group2.game.DrawGame.java" OptBodyExec="true">
<StmntSeq Intrnl_Id="2663">
<LocList>
<Loc EndOffset="21320" SrcFileId="26" StartOffset="15535"/>
</LocList>
<CondStmnt CovItemId="S180" CovItemPrefix="group2.game.DrawGame.java" Intrnl_Id="2664">
<Branch CovItemId="B33" CovItemPrefix="group2.game.DrawGame.java" Implct="false" Intrnl_Id="2665">
<Cond/>
<LocList>
<Loc EndOffset="21320" SrcFileId="26" StartOffset="15574"/>
</LocList>
<StmntSeq Intrnl_Id="2666">
<LocList>
<Loc EndOffset="21312" SrcFileId="26" StartOffset="15583"/>
</LocList>
<CondStmnt CovItemId="S181" CovItemPrefix="group2.game.DrawGame.java" Intrnl_Id="2667">
<Branch CovItemId="B35" CovItemPrefix="group2.game.DrawGame.java" Implct="false" Intrnl_Id="2668">
<Cond/>
<LocList>
<Loc EndOffset="16019" SrcFileId="26" StartOffset="15631"/>
</LocList>
<StmntSeq Intrnl_Id="2669">
<LocList>
<Loc EndOffset="15687" SrcFileId="26" StartOffset="15641"/>
<Loc EndOffset="15973" SrcFileId="26" StartOffset="15696"/>
<Loc EndOffset="16010" SrcFileId="26" StartOffset="15984"/>
</LocList>
<BasicStmnt CovItemId="S182" CovItemPrefix="group2.game.DrawGame.java" Intrnl_Id="2670">
<LocList>
<Loc EndOffset="15687" SrcFileId="26" StartOffset="15641"/>
</LocList>
</BasicStmnt>
<BasicStmnt CovItemId="S183" CovItemPrefix="group2.game.DrawGame.java" Intrnl_Id="2671">
<LocList>
<Loc EndOffset="15973" SrcFileId="26" StartOffset="15696"/>
</LocList>
</BasicStmnt>
<BasicStmnt CovItemId="S184" CovItemPrefix="group2.game.DrawGame.java" Intrnl_Id="2672">
<LocList>
<Loc EndOffset="16010" SrcFileId="26" StartOffset="15984"/>
</LocList>
</BasicStmnt>
</StmntSeq>
</Branch>
<Branch CovItemId="B36" CovItemPrefix="group2.game.DrawGame.java" Implct="false" Intrnl_Id="2673">
<Cond>
<Loc EndOffset="16024" SrcFileId="26" StartOffset="16020"/>
</Cond>
<LocList>
<Loc EndOffset="21312" SrcFileId="26" StartOffset="16025"/>
</LocList>
<StmntSeq Intrnl_Id="2674">
<LocList>
<Loc EndOffset="21312" SrcFileId="26" StartOffset="16025"/>
</LocList>
<CondStmnt CovItemId="S185" CovItemPrefix="group2.game.DrawGame.java" Intrnl_Id="2675">
<Branch CovItemId="B37" CovItemPrefix="group2.game.DrawGame.java" Implct="false" Intrnl_Id="2676">
<Cond/>
<LocList>
<Loc EndOffset="21312" SrcFileId="26" StartOffset="16074"/>
</LocList>
<StmntSeq Intrnl_Id="2677">
<LocList>
<Loc EndOffset="16132" SrcFileId="26" StartOffset="16084"/>
<Loc EndOffset="21303" SrcFileId="26" StartOffset="16141"/>
</LocList>
<BasicStmnt CovItemId="S186" CovItemPrefix="group2.game.DrawGame.java" Intrnl_Id="2678">
<LocList>
<Loc EndOffset="16132" SrcFileId="26" StartOffset="16084"/>
</LocList>
</BasicStmnt>
<CondStmnt CovItemId="S187" CovItemPrefix="group2.game.DrawGame.java" Intrnl_Id="2679">
<Branch CovItemId="B39" CovItemPrefix="group2.game.DrawGame.java" Implct="false" Intrnl_Id="2680">
<Cond/>
<LocList>
<Loc EndOffset="20192" SrcFileId="26" StartOffset="16161"/>
</LocList>
<StmntSeq Intrnl_Id="2681">
<LocList>
<Loc EndOffset="16926" SrcFileId="26" StartOffset="16173"/>
<Loc EndOffset="17728" SrcFileId="26" StartOffset="16936"/>
<Loc EndOffset="18543" SrcFileId="26" StartOffset="17738"/>
<Loc EndOffset="19336" SrcFileId="26" StartOffset="18553"/>
<Loc EndOffset="19671" SrcFileId="26" StartOffset="19357"/>
<Loc EndOffset="20182" SrcFileId="26" StartOffset="19681"/>
</LocList>
<CondStmnt CovItemId="S188" CovItemPrefix="group2.game.DrawGame.java" Intrnl_Id="2682">
<Branch CovItemId="B41" CovItemPrefix="group2.game.DrawGame.java" Implct="false" Intrnl_Id="2683">
<Cond/>
<LocList>
<Loc EndOffset="16926" SrcFileId="26" StartOffset="16191"/>
</LocList>
<StmntSeq Intrnl_Id="2684">
<LocList>
<Loc EndOffset="16915" SrcFileId="26" StartOffset="16203"/>
</LocList>
<CondStmnt CovItemId="S189" CovItemPrefix="group2.game.DrawGame.java" Intrnl_Id="2685">
<Branch CovItemId="B43" CovItemPrefix="group2.game.DrawGame.java" Implct="false" Intrnl_Id="2686">
<Cond/>
<LocList>
<Loc EndOffset="16555" SrcFileId="26" StartOffset="16214"/>
</LocList>
<StmntSeq Intrnl_Id="2687">
<LocList>
<Loc EndOffset="16543" SrcFileId="26" StartOffset="16227"/>
</LocList>
<BasicStmnt CovItemId="S190" CovItemPrefix="group2.game.DrawGame.java" Intrnl_Id="2688">
<LocList>
<Loc EndOffset="16543" SrcFileId="26" StartOffset="16227"/>
</LocList>
</BasicStmnt>
</StmntSeq>
</Branch>
<Branch CovItemId="B44" CovItemPrefix="group2.game.DrawGame.java" Implct="false" Intrnl_Id="2689">
<Cond>
<Loc EndOffset="16570" SrcFileId="26" StartOffset="16566"/>
</Cond>
<LocList>
<Loc EndOffset="16915" SrcFileId="26" StartOffset="16570"/>
</LocList>
<StmntSeq Intrnl_Id="2690">
<LocList>
<Loc EndOffset="16903" SrcFileId="26" StartOffset="16583"/>
</LocList>
<BasicStmnt CovItemId="S191" CovItemPrefix="group2.game.DrawGame.java" Intrnl_Id="2691">
<LocList>
<Loc EndOffset="16903" SrcFileId="26" StartOffset="16583"/>
</LocList>
</BasicStmnt>
</StmntSeq>
</Branch>
<Keyword EndOffset="16205" SrcFileId="26" StartOffset="16203"/>
<LocList>
<Loc EndOffset="16915" SrcFileId="26" StartOffset="16203"/>
</LocList>
<RootTerm CovItemId="C30" CovItemPrefix="group2.game.DrawGame.java" Intrnl_Id="2692">
<BasicBoolTerm Intrnl_Id="2693">
<LocList>
<Loc EndOffset="16213" SrcFileId="26" StartOffset="16207"/>
</LocList>
</BasicBoolTerm>
</RootTerm>
</CondStmnt>
</StmntSeq>
</Branch>
<Branch CovItemId="B42" CovItemPrefix="group2.game.DrawGame.java" Implct="true" Intrnl_Id="2694">
<Cond/>
<LocList/>
<StmntSeq Intrnl_Id="2695">
<LocList/>
</StmntSeq>
</Branch>
<Keyword EndOffset="16175" SrcFileId="26" StartOffset="16173"/>
<LocList>
<Loc EndOffset="16926" SrcFileId="26" StartOffset="16173"/>
</LocList>
<RootTerm CovItemId="C29" CovItemPrefix="group2.game.DrawGame.java" Intrnl_Id="2696">
<BasicBoolTerm Intrnl_Id="2697">
<LocList>
<Loc EndOffset="16190" SrcFileId="26" StartOffset="16177"/>
</LocList>
</BasicBoolTerm>
</RootTerm>
</CondStmnt>
<CondStmnt CovItemId="S192" CovItemPrefix="group2.game.DrawGame.java" Intrnl_Id="2698">
<Branch CovItemId="B45" CovItemPrefix="group2.game.DrawGame.java" Implct="false" Intrnl_Id="2699">
<Cond/>
<LocList>
<Loc EndOffset="17728" SrcFileId="26" StartOffset="16954"/>
</LocList>
<StmntSeq Intrnl_Id="2700">
<LocList>
<Loc EndOffset="17717" SrcFileId="26" StartOffset="16966"/>
</LocList>
<CondStmnt CovItemId="S193" CovItemPrefix="group2.game.DrawGame.java" Intrnl_Id="2701">
<Branch CovItemId="B47" CovItemPrefix="group2.game.DrawGame.java" Implct="false" Intrnl_Id="2702">
<Cond/>
<LocList>
<Loc EndOffset="17325" SrcFileId="26" StartOffset="16977"/>
</LocList>
<StmntSeq Intrnl_Id="2703">
<LocList>
<Loc EndOffset="17313" SrcFileId="26" StartOffset="16990"/>
</LocList>
<BasicStmnt CovItemId="S194" CovItemPrefix="group2.game.DrawGame.java" Intrnl_Id="2704">
<LocList>
<Loc EndOffset="17313" SrcFileId="26" StartOffset="16990"/>
</LocList>
</BasicStmnt>
</StmntSeq>
</Branch>
<Branch CovItemId="B48" CovItemPrefix="group2.game.DrawGame.java" Implct="false" Intrnl_Id="2705">
<Cond>
<Loc EndOffset="17340" SrcFileId="26" StartOffset="17336"/>
</Cond>
<LocList>
<Loc EndOffset="17717" SrcFileId="26" StartOffset="17340"/>
</LocList>
<StmntSeq Intrnl_Id="2706">
<LocList>
<Loc EndOffset="17705" SrcFileId="26" StartOffset="17353"/>
</LocList>
<BasicStmnt CovItemId="S195" CovItemPrefix="group2.game.DrawGame.java" Intrnl_Id="2707">
<LocList>
<Loc EndOffset="17705" SrcFileId="26" StartOffset="17353"/>
</LocList>
</BasicStmnt>
</StmntSeq>
</Branch>
<Keyword EndOffset="16968" SrcFileId="26" StartOffset="16966"/>
<LocList>
<Loc EndOffset="17717" SrcFileId="26" StartOffset="16966"/>
</LocList>
<RootTerm CovItemId="C32" CovItemPrefix="group2.game.DrawGame.java" Intrnl_Id="2708">
<BasicBoolTerm Intrnl_Id="2709">
<LocList>
<Loc EndOffset="16976" SrcFileId="26" StartOffset="16970"/>
</LocList>
</BasicBoolTerm>
</RootTerm>
</CondStmnt>
</StmntSeq>
</Branch>
<Branch CovItemId="B46" CovItemPrefix="group2.game.DrawGame.java" Implct="true" Intrnl_Id="2710">
<Cond/>
<LocList/>
<StmntSeq Intrnl_Id="2711">
<LocList/>
</StmntSeq>
</Branch>
<Keyword EndOffset="16938" SrcFileId="26" StartOffset="16936"/>
<LocList>
<Loc EndOffset="17728" SrcFileId="26" StartOffset="16936"/>
</LocList>
<RootTerm CovItemId="C31" CovItemPrefix="group2.game.DrawGame.java" Intrnl_Id="2712">
<BasicBoolTerm Intrnl_Id="2713">
<LocList>
<Loc EndOffset="16953" SrcFileId="26" StartOffset="16940"/>
</LocList>
</BasicBoolTerm>
</RootTerm>
</CondStmnt>
<CondStmnt CovItemId="S196" CovItemPrefix="group2.game.DrawGame.java" Intrnl_Id="2714">
<Branch CovItemId="B49" CovItemPrefix="group2.game.DrawGame.java" Implct="false" Intrnl_Id="2715">
<Cond/>
<LocList>
<Loc EndOffset="18543" SrcFileId="26" StartOffset="17756"/>
</LocList>
<StmntSeq Intrnl_Id="2716">
<LocList>
<Loc EndOffset="18532" SrcFileId="26" StartOffset="17768"/>
</LocList>
<CondStmnt CovItemId="S197" CovItemPrefix="group2.game.DrawGame.java" Intrnl_Id="2717">
<Branch CovItemId="B51" CovItemPrefix="group2.game.DrawGame.java" Implct="false" Intrnl_Id="2718">
<Cond/>
<LocList>
<Loc EndOffset="18146" SrcFileId="26" StartOffset="17779"/>
</LocList>
<StmntSeq Intrnl_Id="2719">
<LocList>
<Loc EndOffset="18134" SrcFileId="26" StartOffset="17792"/>
</LocList>
<BasicStmnt CovItemId="S198" CovItemPrefix="group2.game.DrawGame.java" Intrnl_Id="2720">
<LocList>
<Loc EndOffset="18134" SrcFileId="26" StartOffset="17792"/>
</LocList>
</BasicStmnt>
</StmntSeq>
</Branch>
<Branch CovItemId="B52" CovItemPrefix="group2.game.DrawGame.java" Implct="false" Intrnl_Id="2721">
<Cond>
<Loc EndOffset="18161" SrcFileId="26" StartOffset="18157"/>
</Cond>
<LocList>
<Loc EndOffset="18532" SrcFileId="26" StartOffset="18161"/>
</LocList>
<StmntSeq Intrnl_Id="2722">
<LocList>
<Loc EndOffset="18520" SrcFileId="26" StartOffset="18174"/>
</LocList>
<BasicStmnt CovItemId="S199" CovItemPrefix="group2.game.DrawGame.java" Intrnl_Id="2723">
<LocList>
<Loc EndOffset="18520" SrcFileId="26" StartOffset="18174"/>
</LocList>
</BasicStmnt>
</StmntSeq>
</Branch>
<Keyword EndOffset="17770" SrcFileId="26" StartOffset="17768"/>
<LocList>
<Loc EndOffset="18532" SrcFileId="26" StartOffset="17768"/>
</LocList>
<RootTerm CovItemId="C34" CovItemPrefix="group2.game.DrawGame.java" Intrnl_Id="2724">
<BasicBoolTerm Intrnl_Id="2725">
<LocList>
<Loc EndOffset="17778" SrcFileId="26" StartOffset="17772"/>
</LocList>
</BasicBoolTerm>
</RootTerm>
</CondStmnt>
</StmntSeq>
</Branch>
<Branch CovItemId="B50" CovItemPrefix="group2.game.DrawGame.java" Implct="true" Intrnl_Id="2726">
<Cond/>
<LocList/>
<StmntSeq Intrnl_Id="2727">
<LocList/>
</StmntSeq>
</Branch>
<Keyword EndOffset="17740" SrcFileId="26" StartOffset="17738"/>
<LocList>
<Loc EndOffset="18543" SrcFileId="26" StartOffset="17738"/>
</LocList>
<RootTerm CovItemId="C33" CovItemPrefix="group2.game.DrawGame.java" Intrnl_Id="2728">
<BasicBoolTerm Intrnl_Id="2729">
<LocList>
<Loc EndOffset="17755" SrcFileId="26" StartOffset="17742"/>
</LocList>
</BasicBoolTerm>
</RootTerm>
</CondStmnt>
<CondStmnt CovItemId="S200" CovItemPrefix="group2.game.DrawGame.java" Intrnl_Id="2730">
<Branch CovItemId="B53" CovItemPrefix="group2.game.DrawGame.java" Implct="false" Intrnl_Id="2731">
<Cond/>
<LocList>
<Loc EndOffset="19336" SrcFileId="26" StartOffset="18571"/>
</LocList>
<StmntSeq Intrnl_Id="2732">
<LocList>
<Loc EndOffset="19325" SrcFileId="26" StartOffset="18583"/>
</LocList>
<CondStmnt CovItemId="S201" CovItemPrefix="group2.game.DrawGame.java" Intrnl_Id="2733">
<Branch CovItemId="B55" CovItemPrefix="group2.game.DrawGame.java" Implct="false" Intrnl_Id="2734">
<Cond/>
<LocList>
<Loc EndOffset="18935" SrcFileId="26" StartOffset="18594"/>
</LocList>
<StmntSeq Intrnl_Id="2735">
<LocList>
<Loc EndOffset="18923" SrcFileId="26" StartOffset="18607"/>
</LocList>
<BasicStmnt CovItemId="S202" CovItemPrefix="group2.game.DrawGame.java" Intrnl_Id="2736">
<LocList>
<Loc EndOffset="18923" SrcFileId="26" StartOffset="18607"/>
</LocList>
</BasicStmnt>
</StmntSeq>
</Branch>
<Branch CovItemId="B56" CovItemPrefix="group2.game.DrawGame.java" Implct="false" Intrnl_Id="2737">
<Cond>
<Loc EndOffset="18950" SrcFileId="26" StartOffset="18946"/>
</Cond>
<LocList>
<Loc EndOffset="19325" SrcFileId="26" StartOffset="18950"/>
</LocList>
<StmntSeq Intrnl_Id="2738">
<LocList>
<Loc EndOffset="19313" SrcFileId="26" StartOffset="18963"/>
</LocList>
<BasicStmnt CovItemId="S203" CovItemPrefix="group2.game.DrawGame.java" Intrnl_Id="2739">
<LocList>
<Loc EndOffset="19313" SrcFileId="26" StartOffset="18963"/>
</LocList>
</BasicStmnt>
</StmntSeq>
</Branch>
<Keyword EndOffset="18585" SrcFileId="26" StartOffset="18583"/>
<LocList>
<Loc EndOffset="19325" SrcFileId="26" StartOffset="18583"/>
</LocList>
<RootTerm CovItemId="C36" CovItemPrefix="group2.game.DrawGame.java" Intrnl_Id="2740">
<BasicBoolTerm Intrnl_Id="2741">
<LocList>
<Loc EndOffset="18593" SrcFileId="26" StartOffset="18587"/>
</LocList>
</BasicBoolTerm>
</RootTerm>
</CondStmnt>
</StmntSeq>
</Branch>
<Branch CovItemId="B54" CovItemPrefix="group2.game.DrawGame.java" Implct="true" Intrnl_Id="2742">
<Cond/>
<LocList/>
<StmntSeq Intrnl_Id="2743">
<LocList/>
</StmntSeq>
</Branch>
<Keyword EndOffset="18555" SrcFileId="26" StartOffset="18553"/>
<LocList>
<Loc EndOffset="19336" SrcFileId="26" StartOffset="18553"/>
</LocList>
<RootTerm CovItemId="C35" CovItemPrefix="group2.game.DrawGame.java" Intrnl_Id="2744">
<BasicBoolTerm Intrnl_Id="2745">
<LocList>
<Loc EndOffset="18570" SrcFileId="26" StartOffset="18557"/>
</LocList>
</BasicBoolTerm>
</RootTerm>
</CondStmnt>
<CondStmnt CovItemId="S204" CovItemPrefix="group2.game.DrawGame.java" Intrnl_Id="2746">
<Branch CovItemId="B57" CovItemPrefix="group2.game.DrawGame.java" Implct="false" Intrnl_Id="2747">
<Cond/>
<LocList>
<Loc EndOffset="19671" SrcFileId="26" StartOffset="19403"/>
</LocList>
<StmntSeq Intrnl_Id="2748">
<LocList>
<Loc EndOffset="19439" SrcFileId="26" StartOffset="19415"/>
<Loc EndOffset="19597" SrcFileId="26" StartOffset="19450"/>
<Loc EndOffset="19631" SrcFileId="26" StartOffset="19608"/>
<Loc EndOffset="19660" SrcFileId="26" StartOffset="19642"/>
</LocList>
<BasicStmnt CovItemId="S205" CovItemPrefix="group2.game.DrawGame.java" Intrnl_Id="2749">
<LocList>
<Loc EndOffset="19439" SrcFileId="26" StartOffset="19415"/>
</LocList>
</BasicStmnt>
<BasicStmnt CovItemId="S206" CovItemPrefix="group2.game.DrawGame.java" Intrnl_Id="2750">
<LocList>
<Loc EndOffset="19597" SrcFileId="26" StartOffset="19450"/>
</LocList>
</BasicStmnt>
<BasicStmnt CovItemId="S207" CovItemPrefix="group2.game.DrawGame.java" Intrnl_Id="2751">
<LocList>
<Loc EndOffset="19631" SrcFileId="26" StartOffset="19608"/>
</LocList>
</BasicStmnt>
<BasicStmnt CovItemId="S208" CovItemPrefix="group2.game.DrawGame.java" Intrnl_Id="2752">
<LocList>
<Loc EndOffset="19660" SrcFileId="26" StartOffset="19642"/>
</LocList>
</BasicStmnt>
</StmntSeq>
</Branch>
<Branch CovItemId="B58" CovItemPrefix="group2.game.DrawGame.java" Implct="true" Intrnl_Id="2753">
<Cond/>
<LocList/>
<StmntSeq Intrnl_Id="2754">
<LocList/>
</StmntSeq>
</Branch>
<Keyword EndOffset="19359" SrcFileId="26" StartOffset="19357"/>
<LocList>
<Loc EndOffset="19671" SrcFileId="26" StartOffset="19357"/>
</LocList>
<RootTerm CovItemId="C37" CovItemPrefix="group2.game.DrawGame.java" Intrnl_Id="2755">
<OpTerm BooleanOpId="33" Intrnl_Id="2756">
<OpTerm BooleanOpId="31" Intrnl_Id="2757">
<BasicBoolTerm Intrnl_Id="2758">
<LocList>
<Loc EndOffset="19378" SrcFileId="26" StartOffset="19361"/>
</LocList>
</BasicBoolTerm>
<LocList>
<Loc EndOffset="19361" SrcFileId="26" StartOffset="19360"/>
</LocList>
</OpTerm>
<BasicBoolTerm Intrnl_Id="2759">
<LocList>
<Loc EndOffset="19402" SrcFileId="26" StartOffset="19382"/>
</LocList>
</BasicBoolTerm>
<LocList>
<Loc EndOffset="19381" SrcFileId="26" StartOffset="19379"/>
</LocList>
</OpTerm>
</RootTerm>
</CondStmnt>
<CondStmnt CovItemId="S209" CovItemPrefix="group2.game.DrawGame.java" Intrnl_Id="2760">
<Branch CovItemId="B59" CovItemPrefix="group2.game.DrawGame.java" Implct="false" Intrnl_Id="2761">
<Cond/>
<LocList>
<Loc EndOffset="20182" SrcFileId="26" StartOffset="19718"/>
</LocList>
<StmntSeq Intrnl_Id="2762">
<LocList>
<Loc EndOffset="19751" SrcFileId="26" StartOffset="19729"/>
<Loc EndOffset="19958" SrcFileId="26" StartOffset="19762"/>
<Loc EndOffset="19982" SrcFileId="26" StartOffset="19968"/>
<Loc EndOffset="20132" SrcFileId="26" StartOffset="19992"/>
<Loc EndOffset="20171" SrcFileId="26" StartOffset="20142"/>
</LocList>
<BasicStmnt CovItemId="S210" CovItemPrefix="group2.game.DrawGame.java" Intrnl_Id="2763">
<LocList>
<Loc EndOffset="19751" SrcFileId="26" StartOffset="19729"/>
</LocList>
</BasicStmnt>
<BasicStmnt CovItemId="S211" CovItemPrefix="group2.game.DrawGame.java" Intrnl_Id="2764">
<LocList>
<Loc EndOffset="19958" SrcFileId="26" StartOffset="19762"/>
</LocList>
</BasicStmnt>
<BasicStmnt CovItemId="S212" CovItemPrefix="group2.game.DrawGame.java" Intrnl_Id="2765">
<LocList>
<Loc EndOffset="19982" SrcFileId="26" StartOffset="19968"/>
</LocList>
</BasicStmnt>
<BasicStmnt CovItemId="S213" CovItemPrefix="group2.game.DrawGame.java" Intrnl_Id="2766">
<LocList>
<Loc EndOffset="20132" SrcFileId="26" StartOffset="19992"/>
</LocList>
</BasicStmnt>
<BasicStmnt CovItemId="S214" CovItemPrefix="group2.game.DrawGame.java" Intrnl_Id="2767">
<LocList>
<Loc EndOffset="20171" SrcFileId="26" StartOffset="20142"/>
</LocList>
</BasicStmnt>
</StmntSeq>
</Branch>
<Branch CovItemId="B60" CovItemPrefix="group2.game.DrawGame.java" Implct="true" Intrnl_Id="2768">
<Cond/>
<LocList/>
<StmntSeq Intrnl_Id="2769">
<LocList/>
</StmntSeq>
</Branch>
<Keyword EndOffset="19683" SrcFileId="26" StartOffset="19681"/>
<LocList>
<Loc EndOffset="20182" SrcFileId="26" StartOffset="19681"/>
</LocList>
<RootTerm CovItemId="C38" CovItemPrefix="group2.game.DrawGame.java" Intrnl_Id="2770">
<BasicBoolTerm Intrnl_Id="2771">
<LocList>
<Loc EndOffset="19717" SrcFileId="26" StartOffset="19685"/>
</LocList>
</BasicBoolTerm>
</RootTerm>
</CondStmnt>
</StmntSeq>
</Branch>
<Branch CovItemId="B40" CovItemPrefix="group2.game.DrawGame.java" Implct="false" Intrnl_Id="2772">
<Cond>
<Loc EndOffset="20197" SrcFileId="26" StartOffset="20193"/>
</Cond>
<LocList>
<Loc EndOffset="21303" SrcFileId="26" StartOffset="20198"/>
</LocList>
<StmntSeq Intrnl_Id="2773">
<LocList>
<Loc EndOffset="20994" SrcFileId="26" StartOffset="20209"/>
<Loc EndOffset="21281" SrcFileId="26" StartOffset="21004"/>
</LocList>
<CondStmnt CovItemId="S215" CovItemPrefix="group2.game.DrawGame.java" Intrnl_Id="2774">
<Branch CovItemId="B61" CovItemPrefix="group2.game.DrawGame.java" Implct="false" Intrnl_Id="2775">
<Cond/>
<LocList>
<Loc EndOffset="20994" SrcFileId="26" StartOffset="20232"/>
</LocList>
<StmntSeq Intrnl_Id="2776">
<LocList>
<Loc EndOffset="20382" SrcFileId="26" StartOffset="20244"/>
<Loc EndOffset="20417" SrcFileId="26" StartOffset="20393"/>
<Loc EndOffset="20447" SrcFileId="26" StartOffset="20428"/>
<Loc EndOffset="20716" SrcFileId="26" StartOffset="20457"/>
<Loc EndOffset="20983" SrcFileId="26" StartOffset="20726"/>
</LocList>
<BasicStmnt CovItemId="S216" CovItemPrefix="group2.game.DrawGame.java" Intrnl_Id="2777">
<LocList>
<Loc EndOffset="20382" SrcFileId="26" StartOffset="20244"/>
</LocList>
</BasicStmnt>
<BasicStmnt CovItemId="S217" CovItemPrefix="group2.game.DrawGame.java" Intrnl_Id="2778">
<LocList>
<Loc EndOffset="20417" SrcFileId="26" StartOffset="20393"/>
</LocList>
</BasicStmnt>
<BasicStmnt CovItemId="S218" CovItemPrefix="group2.game.DrawGame.java" Intrnl_Id="2779">
<LocList>
<Loc EndOffset="20447" SrcFileId="26" StartOffset="20428"/>
</LocList>
</BasicStmnt>
<BasicStmnt CovItemId="S219" CovItemPrefix="group2.game.DrawGame.java" Intrnl_Id="2780">
<LocList>
<Loc EndOffset="20716" SrcFileId="26" StartOffset="20457"/>
</LocList>
</BasicStmnt>
<BasicStmnt CovItemId="S220" CovItemPrefix="group2.game.DrawGame.java" Intrnl_Id="2781">
<LocList>
<Loc EndOffset="20983" SrcFileId="26" StartOffset="20726"/>
</LocList>
</BasicStmnt>
</StmntSeq>
</Branch>
<Branch CovItemId="B62" CovItemPrefix="group2.game.DrawGame.java" Implct="true" Intrnl_Id="2782">
<Cond/>
<LocList/>
<StmntSeq Intrnl_Id="2783">
<LocList/>
</StmntSeq>
</Branch>
<Keyword EndOffset="20211" SrcFileId="26" StartOffset="20209"/>
<LocList>
<Loc EndOffset="20994" SrcFileId="26" StartOffset="20209"/>
</LocList>
<RootTerm CovItemId="C39" CovItemPrefix="group2.game.DrawGame.java" Intrnl_Id="2784">
<OpTerm BooleanOpId="31" Intrnl_Id="2785">
<BasicBoolTerm Intrnl_Id="2786">
<LocList>
<Loc EndOffset="20231" SrcFileId="26" StartOffset="20213"/>
</LocList>
</BasicBoolTerm>
<LocList>
<Loc EndOffset="20213" SrcFileId="26" StartOffset="20212"/>
</LocList>
</OpTerm>
</RootTerm>
</CondStmnt>
<BasicStmnt CovItemId="S221" CovItemPrefix="group2.game.DrawGame.java" Intrnl_Id="2787">
<LocList>
<Loc EndOffset="21281" SrcFileId="26" StartOffset="21004"/>
</LocList>
</BasicStmnt>
</StmntSeq>
</Branch>
<Keyword EndOffset="16143" SrcFileId="26" StartOffset="16141"/>
<LocList>
<Loc EndOffset="21303" SrcFileId="26" StartOffset="16141"/>
</LocList>
<RootTerm CovItemId="C28" CovItemPrefix="group2.game.DrawGame.java" Intrnl_Id="2788">
<BasicBoolTerm Intrnl_Id="2789">
<LocList>
<Loc EndOffset="16159" SrcFileId="26" StartOffset="16145"/>
</LocList>
</BasicBoolTerm>
</RootTerm>
</CondStmnt>
</StmntSeq>
</Branch>
<Branch CovItemId="B38" CovItemPrefix="group2.game.DrawGame.java" Implct="true" Intrnl_Id="2790">
<Cond/>
<LocList/>
<StmntSeq Intrnl_Id="2791">
<LocList/>
</StmntSeq>
</Branch>
<Keyword EndOffset="16027" SrcFileId="26" StartOffset="16025"/>
<LocList>
<Loc EndOffset="21312" SrcFileId="26" StartOffset="16025"/>
</LocList>
<RootTerm CovItemId="C27" CovItemPrefix="group2.game.DrawGame.java" Intrnl_Id="2792">
<BasicBoolTerm Intrnl_Id="2793">
<LocList>
<Loc EndOffset="16072" SrcFileId="26" StartOffset="16029"/>
</LocList>
</BasicBoolTerm>
</RootTerm>
</CondStmnt>
</StmntSeq>
</Branch>
<Keyword EndOffset="15585" SrcFileId="26" StartOffset="15583"/>
<LocList>
<Loc EndOffset="21312" SrcFileId="26" StartOffset="15583"/>
</LocList>
<RootTerm CovItemId="C26" CovItemPrefix="group2.game.DrawGame.java" Intrnl_Id="2794">
<BasicBoolTerm Intrnl_Id="2795">
<LocList>
<Loc EndOffset="15629" SrcFileId="26" StartOffset="15587"/>
</LocList>
</BasicBoolTerm>
</RootTerm>
</CondStmnt>
</StmntSeq>
</Branch>
<Branch CovItemId="B34" CovItemPrefix="group2.game.DrawGame.java" Implct="true" Intrnl_Id="2796">
<Cond/>
<LocList/>
<StmntSeq Intrnl_Id="2797">
<LocList/>
</StmntSeq>
</Branch>
<Keyword EndOffset="15537" SrcFileId="26" StartOffset="15535"/>
<LocList>
<Loc EndOffset="21320" SrcFileId="26" StartOffset="15535"/>
</LocList>
<RootTerm CovItemId="C25" CovItemPrefix="group2.game.DrawGame.java" Intrnl_Id="2798">
<BasicBoolTerm Intrnl_Id="2799">
<LocList>
<Loc EndOffset="15572" SrcFileId="26" StartOffset="15539"/>
</LocList>
</BasicBoolTerm>
</RootTerm>
</CondStmnt>
</StmntSeq>
<Keyword EndOffset="15470" SrcFileId="26" StartOffset="15467"/>
<LocList>
<Loc EndOffset="21327" SrcFileId="26" StartOffset="15467"/>
</LocList>
<RootTerm CovItemId="C24" CovItemPrefix="group2.game.DrawGame.java" Intrnl_Id="2800">
<BasicBoolTerm Intrnl_Id="2801">
<LocList>
<Loc EndOffset="15518" SrcFileId="26" StartOffset="15485"/>
</LocList>
</BasicBoolTerm>
</RootTerm>
</LoopStmnt>
</StmntSeq>
<Keyword EndOffset="15408" SrcFileId="26" StartOffset="15405"/>
<LocList>
<Loc EndOffset="21333" SrcFileId="26" StartOffset="15405"/>
</LocList>
<RootTerm CovItemId="C23" CovItemPrefix="group2.game.DrawGame.java" Intrnl_Id="2802">
<BasicBoolTerm Intrnl_Id="2803">
<LocList>
<Loc EndOffset="15451" SrcFileId="26" StartOffset="15423"/>
</LocList>
</BasicBoolTerm>
</RootTerm>
</LoopStmnt>
</StmntSeq>
<Keyword EndOffset="15295" SrcFileId="26" StartOffset="15292"/>
<LocList>
<Loc EndOffset="21338" SrcFileId="26" StartOffset="15292"/>
</LocList>
<RootTerm CovItemId="C22" CovItemPrefix="group2.game.DrawGame.java" Intrnl_Id="2804">
<BasicBoolTerm Intrnl_Id="2805">
<LocList>
<Loc EndOffset="15339" SrcFileId="26" StartOffset="15308"/>
</LocList>
</BasicBoolTerm>
</RootTerm>
</LoopStmnt>
<LoopStmnt CovItemId="S222" CovItemPrefix="group2.game.DrawGame.java" Intrnl_Id="2806" MltplExecId="L14-2" MltplExecPrefix="group2.game.DrawGame.java" NvrExecId="L14-0" NvrExecPrefix="group2.game.DrawGame.java" OnceExecutedId="L14-1" OnceExecutedPrefix="group2.game.DrawGame.java" OptBodyExec="true">
<StmntSeq Intrnl_Id="2807">
<LocList>
<Loc EndOffset="21421" SrcFileId="26" StartOffset="21399"/>
<Loc EndOffset="21440" SrcFileId="26" StartOffset="21426"/>
<Loc EndOffset="21480" SrcFileId="26" StartOffset="21445"/>
<Loc EndOffset="21514" SrcFileId="26" StartOffset="21490"/>
<Loc EndOffset="22461" SrcFileId="26" StartOffset="21519"/>
</LocList>
<BasicStmnt CovItemId="S223" CovItemPrefix="group2.game.DrawGame.java" Intrnl_Id="2808">
<LocList>
<Loc EndOffset="21421" SrcFileId="26" StartOffset="21399"/>
</LocList>
</BasicStmnt>
<BasicStmnt CovItemId="S224" CovItemPrefix="group2.game.DrawGame.java" Intrnl_Id="2809">
<LocList>
<Loc EndOffset="21440" SrcFileId="26" StartOffset="21426"/>
</LocList>
</BasicStmnt>
<BasicStmnt CovItemId="S225" CovItemPrefix="group2.game.DrawGame.java" Intrnl_Id="2810">
<LocList>
<Loc EndOffset="21480" SrcFileId="26" StartOffset="21445"/>
</LocList>
</BasicStmnt>
<BasicStmnt CovItemId="S226" CovItemPrefix="group2.game.DrawGame.java" Intrnl_Id="2811">
<LocList>
<Loc EndOffset="21514" SrcFileId="26" StartOffset="21490"/>
</LocList>
</BasicStmnt>
<CondStmnt CovItemId="S227" CovItemPrefix="group2.game.DrawGame.java" Intrnl_Id="2812">
<Branch CovItemId="B63" CovItemPrefix="group2.game.DrawGame.java" Implct="false" Intrnl_Id="2813">
<Cond/>
<LocList>
<Loc EndOffset="22461" SrcFileId="26" StartOffset="21532"/>
</LocList>
<StmntSeq Intrnl_Id="2814">
<LocList>
<Loc EndOffset="21767" SrcFileId="26" StartOffset="21539"/>
<Loc EndOffset="22455" SrcFileId="26" StartOffset="21774"/>
</LocList>
<BasicStmnt CovItemId="S228" CovItemPrefix="group2.game.DrawGame.java" Intrnl_Id="2815">
<LocList>
<Loc EndOffset="21767" SrcFileId="26" StartOffset="21539"/>
</LocList>
</BasicStmnt>
<CondStmnt CovItemId="S229" CovItemPrefix="group2.game.DrawGame.java" Intrnl_Id="2816">
<Branch CovItemId="B65" CovItemPrefix="group2.game.DrawGame.java" Implct="false" Intrnl_Id="2817">
<Cond/>
<LocList>
<Loc EndOffset="22455" SrcFileId="26" StartOffset="21790"/>
</LocList>
<StmntSeq Intrnl_Id="2818">
<LocList>
<Loc EndOffset="22167" SrcFileId="26" StartOffset="21798"/>
<Loc EndOffset="22441" SrcFileId="26" StartOffset="22174"/>
</LocList>
<BasicStmnt CovItemId="S230" CovItemPrefix="group2.game.DrawGame.java" Intrnl_Id="2819">
<LocList>
<Loc EndOffset="22167" SrcFileId="26" StartOffset="21798"/>
</LocList>
</BasicStmnt>
<BasicStmnt CovItemId="S231" CovItemPrefix="group2.game.DrawGame.java" Intrnl_Id="2820">
<LocList>
<Loc EndOffset="22441" SrcFileId="26" StartOffset="22174"/>
</LocList>
</BasicStmnt>
</StmntSeq>
</Branch>
<Branch CovItemId="B66" CovItemPrefix="group2.game.DrawGame.java" Implct="true" Intrnl_Id="2821">
<Cond/>
<LocList/>
<StmntSeq Intrnl_Id="2822">
<LocList/>
</StmntSeq>
</Branch>
<Keyword EndOffset="21776" SrcFileId="26" StartOffset="21774"/>
<LocList>
<Loc EndOffset="22455" SrcFileId="26" StartOffset="21774"/>
</LocList>
<RootTerm CovItemId="C42" CovItemPrefix="group2.game.DrawGame.java" Intrnl_Id="2823">
<BasicBoolTerm Intrnl_Id="2824">
<LocList>
<Loc EndOffset="21789" SrcFileId="26" StartOffset="21777"/>
</LocList>
</BasicBoolTerm>
</RootTerm>
</CondStmnt>
</StmntSeq>
</Branch>
<Branch CovItemId="B64" CovItemPrefix="group2.game.DrawGame.java" Implct="true" Intrnl_Id="2825">
<Cond/>
<LocList/>
<StmntSeq Intrnl_Id="2826">
<LocList/>
</StmntSeq>
</Branch>
<Keyword EndOffset="21521" SrcFileId="26" StartOffset="21519"/>
<LocList>
<Loc EndOffset="22461" SrcFileId="26" StartOffset="21519"/>
</LocList>
<RootTerm CovItemId="C41" CovItemPrefix="group2.game.DrawGame.java" Intrnl_Id="2827">
<BasicBoolTerm Intrnl_Id="2828">
<LocList>
<Loc EndOffset="21530" SrcFileId="26" StartOffset="21523"/>
</LocList>
</BasicBoolTerm>
</RootTerm>
</CondStmnt>
</StmntSeq>
<Keyword EndOffset="21346" SrcFileId="26" StartOffset="21343"/>
<LocList>
<Loc EndOffset="22466" SrcFileId="26" StartOffset="21343"/>
</LocList>
<RootTerm CovItemId="C40" CovItemPrefix="group2.game.DrawGame.java" Intrnl_Id="2829">
<BasicBoolTerm Intrnl_Id="2830">
<LocList>
<Loc EndOffset="21386" SrcFileId="26" StartOffset="21359"/>
</LocList>
</BasicBoolTerm>
</RootTerm>
</LoopStmnt>
<LoopStmnt CovItemId="S232" CovItemPrefix="group2.game.DrawGame.java" Intrnl_Id="2831" MltplExecId="L15-2" MltplExecPrefix="group2.game.DrawGame.java" NvrExecId="L15-0" NvrExecPrefix="group2.game.DrawGame.java" OnceExecutedId="L15-1" OnceExecutedPrefix="group2.game.DrawGame.java" OptBodyExec="true">
<StmntSeq Intrnl_Id="2832">
<LocList>
<Loc EndOffset="22612" SrcFileId="26" StartOffset="22565"/>
<Loc EndOffset="22634" SrcFileId="26" StartOffset="22620"/>
<Loc EndOffset="27098" SrcFileId="26" StartOffset="22642"/>
</LocList>
<BasicStmnt CovItemId="S233" CovItemPrefix="group2.game.DrawGame.java" Intrnl_Id="2833">
<LocList>
<Loc EndOffset="22612" SrcFileId="26" StartOffset="22565"/>
</LocList>
</BasicStmnt>
<BasicStmnt CovItemId="S234" CovItemPrefix="group2.game.DrawGame.java" Intrnl_Id="2834">
<LocList>
<Loc EndOffset="22634" SrcFileId="26" StartOffset="22620"/>
</LocList>
</BasicStmnt>
<CondStmnt CovItemId="S235" CovItemPrefix="group2.game.DrawGame.java" Intrnl_Id="2835">
<Branch CovItemId="B67" CovItemPrefix="group2.game.DrawGame.java" Implct="false" Intrnl_Id="2836">
<Cond/>
<LocList>
<Loc EndOffset="25421" SrcFileId="26" StartOffset="22660"/>
</LocList>
<StmntSeq Intrnl_Id="2837">
<LocList>
<Loc EndOffset="22694" SrcFileId="26" StartOffset="22670"/>
<Loc EndOffset="23717" SrcFileId="26" StartOffset="22752"/>
<Loc EndOffset="24678" SrcFileId="26" StartOffset="23767"/>
<Loc EndOffset="24708" SrcFileId="26" StartOffset="24688"/>
<Loc EndOffset="24736" SrcFileId="26" StartOffset="24717"/>
<Loc EndOffset="25092" SrcFileId="26" StartOffset="24746"/>
<Loc EndOffset="25121" SrcFileId="26" StartOffset="25102"/>
<Loc EndOffset="25216" SrcFileId="26" StartOffset="25193"/>
<Loc EndOffset="25411" SrcFileId="26" StartOffset="25225"/>
</LocList>
<BasicStmnt CovItemId="S236" CovItemPrefix="group2.game.DrawGame.java" Intrnl_Id="2838">
<LocList>
<Loc EndOffset="22694" SrcFileId="26" StartOffset="22670"/>
</LocList>
</BasicStmnt>
<CondStmnt CovItemId="S237" CovItemPrefix="group2.game.DrawGame.java" Intrnl_Id="2839">
<Branch CovItemId="B69" CovItemPrefix="group2.game.DrawGame.java" Implct="false" Intrnl_Id="2840">
<Cond/>
<LocList>
<Loc EndOffset="23717" SrcFileId="26" StartOffset="22784"/>
</LocList>
<StmntSeq Intrnl_Id="2841">
<LocList>
<Loc EndOffset="23176" SrcFileId="26" StartOffset="22796"/>
<Loc EndOffset="23509" SrcFileId="26" StartOffset="23187"/>
<Loc EndOffset="23707" SrcFileId="26" StartOffset="23520"/>
</LocList>
<BasicStmnt CovItemId="S238" CovItemPrefix="group2.game.DrawGame.java" Intrnl_Id="2842">
<LocList>
<Loc EndOffset="23176" SrcFileId="26" StartOffset="22796"/>
</LocList>
</BasicStmnt>
<BasicStmnt CovItemId="S239" CovItemPrefix="group2.game.DrawGame.java" Intrnl_Id="2843">
<LocList>
<Loc EndOffset="23509" SrcFileId="26" StartOffset="23187"/>
</LocList>
</BasicStmnt>
<BasicStmnt CovItemId="S240" CovItemPrefix="group2.game.DrawGame.java" Intrnl_Id="2844">
<LocList>
<Loc EndOffset="23707" SrcFileId="26" StartOffset="23520"/>
</LocList>
</BasicStmnt>
</StmntSeq>
</Branch>
<Branch CovItemId="B70" CovItemPrefix="group2.game.DrawGame.java" Implct="true" Intrnl_Id="2845">
<Cond/>
<LocList/>
<StmntSeq Intrnl_Id="2846">
<LocList/>
</StmntSeq>
</Branch>
<Keyword EndOffset="22754" SrcFileId="26" StartOffset="22752"/>
<LocList>
<Loc EndOffset="23717" SrcFileId="26" StartOffset="22752"/>
</LocList>
<RootTerm CovItemId="C45" CovItemPrefix="group2.game.DrawGame.java" Intrnl_Id="2847">
<OpTerm BooleanOpId="32" Intrnl_Id="2848">
<OpTerm BooleanOpId="31" Intrnl_Id="2849">
<BasicBoolTerm Intrnl_Id="2850">
<LocList>
<Loc EndOffset="22767" SrcFileId="26" StartOffset="22757"/>
</LocList>
</BasicBoolTerm>
<LocList>
<Loc EndOffset="22757" SrcFileId="26" StartOffset="22756"/>
</LocList>
</OpTerm>
<BasicBoolTerm Intrnl_Id="2851">
<LocList>
<Loc EndOffset="22782" SrcFileId="26" StartOffset="22771"/>
</LocList>
</BasicBoolTerm>
<LocList>
<Loc EndOffset="22770" SrcFileId="26" StartOffset="22768"/>
</LocList>
</OpTerm>
</RootTerm>
</CondStmnt>
<CondStmnt CovItemId="S241" CovItemPrefix="group2.game.DrawGame.java" Intrnl_Id="2852">
<Branch CovItemId="B71" CovItemPrefix="group2.game.DrawGame.java" Implct="false" Intrnl_Id="2853">
<Cond/>
<LocList>
<Loc EndOffset="24678" SrcFileId="26" StartOffset="23798"/>
</LocList>
<StmntSeq Intrnl_Id="2854">
<LocList>
<Loc EndOffset="24143" SrcFileId="26" StartOffset="23809"/>
<Loc EndOffset="24476" SrcFileId="26" StartOffset="24154"/>
<Loc EndOffset="24667" SrcFileId="26" StartOffset="24487"/>
</LocList>
<BasicStmnt CovItemId="S242" CovItemPrefix="group2.game.DrawGame.java" Intrnl_Id="2855">
<LocList>
<Loc EndOffset="24143" SrcFileId="26" StartOffset="23809"/>
</LocList>
</BasicStmnt>
<BasicStmnt CovItemId="S243" CovItemPrefix="group2.game.DrawGame.java" Intrnl_Id="2856">
<LocList>
<Loc EndOffset="24476" SrcFileId="26" StartOffset="24154"/>
</LocList>
</BasicStmnt>
<BasicStmnt CovItemId="S244" CovItemPrefix="group2.game.DrawGame.java" Intrnl_Id="2857">
<LocList>
<Loc EndOffset="24667" SrcFileId="26" StartOffset="24487"/>
</LocList>
</BasicStmnt>
</StmntSeq>
</Branch>
<Branch CovItemId="B72" CovItemPrefix="group2.game.DrawGame.java" Implct="true" Intrnl_Id="2858">
<Cond/>
<LocList/>
<StmntSeq Intrnl_Id="2859">
<LocList/>
</StmntSeq>
</Branch>
<Keyword EndOffset="23769" SrcFileId="26" StartOffset="23767"/>
<LocList>
<Loc EndOffset="24678" SrcFileId="26" StartOffset="23767"/>
</LocList>
<RootTerm CovItemId="C46" CovItemPrefix="group2.game.DrawGame.java" Intrnl_Id="2860">
<OpTerm BooleanOpId="32" Intrnl_Id="2861">
<OpTerm BooleanOpId="31" Intrnl_Id="2862">
<BasicBoolTerm Intrnl_Id="2863">
<LocList>
<Loc EndOffset="23781" SrcFileId="26" StartOffset="23772"/>
</LocList>
</BasicBoolTerm>
<LocList>
<Loc EndOffset="23772" SrcFileId="26" StartOffset="23771"/>
</LocList>
</OpTerm>
<BasicBoolTerm Intrnl_Id="2864">
<LocList>
<Loc EndOffset="23796" SrcFileId="26" StartOffset="23785"/>
</LocList>
</BasicBoolTerm>
<LocList>
<Loc EndOffset="23784" SrcFileId="26" StartOffset="23782"/>
</LocList>
</OpTerm>
</RootTerm>
</CondStmnt>
<BasicStmnt CovItemId="S245" CovItemPrefix="group2.game.DrawGame.java" Intrnl_Id="2865">
<LocList>
<Loc EndOffset="24708" SrcFileId="26" StartOffset="24688"/>
</LocList>
</BasicStmnt>
<BasicStmnt CovItemId="S246" CovItemPrefix="group2.game.DrawGame.java" Intrnl_Id="2866">
<LocList>
<Loc EndOffset="24736" SrcFileId="26" StartOffset="24717"/>
</LocList>
</BasicStmnt>
<BasicStmnt CovItemId="S247" CovItemPrefix="group2.game.DrawGame.java" Intrnl_Id="2867">
<LocList>
<Loc EndOffset="25092" SrcFileId="26" StartOffset="24746"/>
</LocList>
</BasicStmnt>
<BasicStmnt CovItemId="S248" CovItemPrefix="group2.game.DrawGame.java" Intrnl_Id="2868">
<LocList>
<Loc EndOffset="25121" SrcFileId="26" StartOffset="25102"/>
</LocList>
</BasicStmnt>
<BasicStmnt CovItemId="S249" CovItemPrefix="group2.game.DrawGame.java" Intrnl_Id="2869">
<LocList>
<Loc EndOffset="25216" SrcFileId="26" StartOffset="25193"/>
</LocList>
</BasicStmnt>
<BasicStmnt CovItemId="S250" CovItemPrefix="group2.game.DrawGame.java" Intrnl_Id="2870">
<LocList>
<Loc EndOffset="25411" SrcFileId="26" StartOffset="25225"/>
</LocList>
</BasicStmnt>
</StmntSeq>
</Branch>
<Branch CovItemId="B68" CovItemPrefix="group2.game.DrawGame.java" Implct="false" Intrnl_Id="2871">
<Cond>
<Loc EndOffset="25426" SrcFileId="26" StartOffset="25422"/>
</Cond>
<LocList>
<Loc EndOffset="27098" SrcFileId="26" StartOffset="25427"/>
</LocList>
<StmntSeq Intrnl_Id="2872">
<LocList>
<Loc EndOffset="27098" SrcFileId="26" StartOffset="25427"/>
</LocList>
<CondStmnt CovItemId="S251" CovItemPrefix="group2.game.DrawGame.java" Intrnl_Id="2873">
<Branch CovItemId="B73" CovItemPrefix="group2.game.DrawGame.java" Implct="false" Intrnl_Id="2874">
<Cond/>
<LocList>
<Loc EndOffset="25880" SrcFileId="26" StartOffset="25451"/>
</LocList>
<StmntSeq Intrnl_Id="2875">
<LocList>
<Loc EndOffset="25871" SrcFileId="26" StartOffset="25461"/>
</LocList>
<CondStmnt CovItemId="S252" CovItemPrefix="group2.game.DrawGame.java" Intrnl_Id="2876">
<Branch CovItemId="B75" CovItemPrefix="group2.game.DrawGame.java" Implct="false" Intrnl_Id="2877">
<Cond/>
<LocList>
<Loc EndOffset="25871" SrcFileId="26" StartOffset="25481"/>
</LocList>
<StmntSeq Intrnl_Id="2878">
<LocList>
<Loc EndOffset="25514" SrcFileId="26" StartOffset="25492"/>
<Loc EndOffset="25709" SrcFileId="26" StartOffset="25526"/>
<Loc EndOffset="25733" SrcFileId="26" StartOffset="25719"/>
<Loc EndOffset="25861" SrcFileId="26" StartOffset="25743"/>
</LocList>
<BasicStmnt CovItemId="S253" CovItemPrefix="group2.game.DrawGame.java" Intrnl_Id="2879">
<LocList>
<Loc EndOffset="25514" SrcFileId="26" StartOffset="25492"/>
</LocList>
</BasicStmnt>
<BasicStmnt CovItemId="S254" CovItemPrefix="group2.game.DrawGame.java" Intrnl_Id="2880">
<LocList>
<Loc EndOffset="25709" SrcFileId="26" StartOffset="25526"/>
</LocList>
</BasicStmnt>
<BasicStmnt CovItemId="S255" CovItemPrefix="group2.game.DrawGame.java" Intrnl_Id="2881">
<LocList>
<Loc EndOffset="25733" SrcFileId="26" StartOffset="25719"/>
</LocList>
</BasicStmnt>
<BasicStmnt CovItemId="S256" CovItemPrefix="group2.game.DrawGame.java" Intrnl_Id="2882">
<LocList>
<Loc EndOffset="25861" SrcFileId="26" StartOffset="25743"/>
</LocList>
</BasicStmnt>
</StmntSeq>
</Branch>
<Branch CovItemId="B76" CovItemPrefix="group2.game.DrawGame.java" Implct="true" Intrnl_Id="2883">
<Cond/>
<LocList/>
<StmntSeq Intrnl_Id="2884">
<LocList/>
</StmntSeq>
</Branch>
<Keyword EndOffset="25463" SrcFileId="26" StartOffset="25461"/>
<LocList>
<Loc EndOffset="25871" SrcFileId="26" StartOffset="25461"/>
</LocList>
<RootTerm CovItemId="C48" CovItemPrefix="group2.game.DrawGame.java" Intrnl_Id="2885">
<OpTerm BooleanOpId="31" Intrnl_Id="2886">
<BasicBoolTerm Intrnl_Id="2887">
<LocList>
<Loc EndOffset="25480" SrcFileId="26" StartOffset="25465"/>
</LocList>
</BasicBoolTerm>
<LocList>
<Loc EndOffset="25465" SrcFileId="26" StartOffset="25464"/>
</LocList>
</OpTerm>
</RootTerm>
</CondStmnt>
</StmntSeq>
</Branch>
<Branch CovItemId="B74" CovItemPrefix="group2.game.DrawGame.java" Implct="false" Intrnl_Id="2888">
<Cond>
<Loc EndOffset="25885" SrcFileId="26" StartOffset="25881"/>
</Cond>
<LocList>
<Loc EndOffset="27098" SrcFileId="26" StartOffset="25886"/>
</LocList>
<StmntSeq Intrnl_Id="2889">
<LocList>
<Loc EndOffset="27098" SrcFileId="26" StartOffset="25886"/>
</LocList>
<CondStmnt CovItemId="S257" CovItemPrefix="group2.game.DrawGame.java" Intrnl_Id="2890">
<Branch CovItemId="B77" CovItemPrefix="group2.game.DrawGame.java" Implct="false" Intrnl_Id="2891">
<Cond/>
<LocList>
<Loc EndOffset="26429" SrcFileId="26" StartOffset="25901"/>
</LocList>
<StmntSeq Intrnl_Id="2892">
<LocList>
<Loc EndOffset="26420" SrcFileId="26" StartOffset="25911"/>
</LocList>
<CondStmnt CovItemId="S258" CovItemPrefix="group2.game.DrawGame.java" Intrnl_Id="2893">
<Branch CovItemId="B79" CovItemPrefix="group2.game.DrawGame.java" Implct="false" Intrnl_Id="2894">
<Cond/>
<LocList>
<Loc EndOffset="26420" SrcFileId="26" StartOffset="25931"/>
</LocList>
<StmntSeq Intrnl_Id="2895">
<LocList>
<Loc EndOffset="26041" SrcFileId="26" StartOffset="25942"/>
<Loc EndOffset="26242" SrcFileId="26" StartOffset="26053"/>
<Loc EndOffset="26266" SrcFileId="26" StartOffset="26252"/>
<Loc EndOffset="26410" SrcFileId="26" StartOffset="26276"/>
</LocList>
<CondStmnt CovItemId="S259" CovItemPrefix="group2.game.DrawGame.java" Intrnl_Id="2896">
<Branch CovItemId="B81" CovItemPrefix="group2.game.DrawGame.java" Implct="false" Intrnl_Id="2897">
<Cond/>
<LocList>
<Loc EndOffset="25992" SrcFileId="26" StartOffset="25968"/>
</LocList>
<StmntSeq Intrnl_Id="2898">
<LocList>
<Loc EndOffset="25992" SrcFileId="26" StartOffset="25968"/>
</LocList>
<BasicStmnt CovItemId="S260" CovItemPrefix="group2.game.DrawGame.java" Intrnl_Id="2899">
<LocList>
<Loc EndOffset="25992" SrcFileId="26" StartOffset="25968"/>
</LocList>
</BasicStmnt>
</StmntSeq>
</Branch>
<Branch CovItemId="B82" CovItemPrefix="group2.game.DrawGame.java" Implct="false" Intrnl_Id="2900">
<Cond>
<Loc EndOffset="26006" SrcFileId="26" StartOffset="26002"/>
</Cond>
<LocList>
<Loc EndOffset="26041" SrcFileId="26" StartOffset="26017"/>
</LocList>
<StmntSeq Intrnl_Id="2901">
<LocList>
<Loc EndOffset="26041" SrcFileId="26" StartOffset="26017"/>
</LocList>
<BasicStmnt CovItemId="S261" CovItemPrefix="group2.game.DrawGame.java" Intrnl_Id="2902">
<LocList>
<Loc EndOffset="26041" SrcFileId="26" StartOffset="26017"/>
</LocList>
</BasicStmnt>
</StmntSeq>
</Branch>
<Keyword EndOffset="25944" SrcFileId="26" StartOffset="25942"/>
<LocList>
<Loc EndOffset="26041" SrcFileId="26" StartOffset="25942"/>
</LocList>
<RootTerm CovItemId="C51" CovItemPrefix="group2.game.DrawGame.java" Intrnl_Id="2903">
<BasicBoolTerm Intrnl_Id="2904">
<LocList>
<Loc EndOffset="25956" SrcFileId="26" StartOffset="25945"/>
</LocList>
</BasicBoolTerm>
</RootTerm>
</CondStmnt>
<BasicStmnt CovItemId="S262" CovItemPrefix="group2.game.DrawGame.java" Intrnl_Id="2905">
<LocList>
<Loc EndOffset="26242" SrcFileId="26" StartOffset="26053"/>
</LocList>
</BasicStmnt>
<BasicStmnt CovItemId="S263" CovItemPrefix="group2.game.DrawGame.java" Intrnl_Id="2906">
<LocList>
<Loc EndOffset="26266" SrcFileId="26" StartOffset="26252"/>
</LocList>
</BasicStmnt>
<BasicStmnt CovItemId="S264" CovItemPrefix="group2.game.DrawGame.java" Intrnl_Id="2907">
<LocList>
<Loc EndOffset="26410" SrcFileId="26" StartOffset="26276"/>
</LocList>
</BasicStmnt>
</StmntSeq>
</Branch>
<Branch CovItemId="B80" CovItemPrefix="group2.game.DrawGame.java" Implct="true" Intrnl_Id="2908">
<Cond/>
<LocList/>
<StmntSeq Intrnl_Id="2909">
<LocList/>
</StmntSeq>
</Branch>
<Keyword EndOffset="25913" SrcFileId="26" StartOffset="25911"/>
<LocList>
<Loc EndOffset="26420" SrcFileId="26" StartOffset="25911"/>
</LocList>
<RootTerm CovItemId="C50" CovItemPrefix="group2.game.DrawGame.java" Intrnl_Id="2910">
<OpTerm BooleanOpId="31" Intrnl_Id="2911">
<BasicBoolTerm Intrnl_Id="2912">
<LocList>
<Loc EndOffset="25930" SrcFileId="26" StartOffset="25915"/>
</LocList>
</BasicBoolTerm>
<LocList>
<Loc EndOffset="25915" SrcFileId="26" StartOffset="25914"/>
</LocList>
</OpTerm>
</RootTerm>
</CondStmnt>
</StmntSeq>
</Branch>
<Branch CovItemId="B78" CovItemPrefix="group2.game.DrawGame.java" Implct="false" Intrnl_Id="2913">
<Cond>
<Loc EndOffset="26434" SrcFileId="26" StartOffset="26430"/>
</Cond>
<LocList>
<Loc EndOffset="27098" SrcFileId="26" StartOffset="26435"/>
</LocList>
<StmntSeq Intrnl_Id="2914">
<LocList>
<Loc EndOffset="26465" SrcFileId="26" StartOffset="26445"/>
<Loc EndOffset="26699" SrcFileId="26" StartOffset="26474"/>
<Loc EndOffset="26894" SrcFileId="26" StartOffset="26709"/>
<Loc EndOffset="27089" SrcFileId="26" StartOffset="26903"/>
</LocList>
<BasicStmnt CovItemId="S265" CovItemPrefix="group2.game.DrawGame.java" Intrnl_Id="2915">
<LocList>
<Loc EndOffset="26465" SrcFileId="26" StartOffset="26445"/>
</LocList>
</BasicStmnt>
<BasicStmnt CovItemId="S266" CovItemPrefix="group2.game.DrawGame.java" Intrnl_Id="2916">
<LocList>
<Loc EndOffset="26699" SrcFileId="26" StartOffset="26474"/>
</LocList>
</BasicStmnt>
<CondStmnt CovItemId="S267" CovItemPrefix="group2.game.DrawGame.java" Intrnl_Id="2917">
<Branch CovItemId="B83" CovItemPrefix="group2.game.DrawGame.java" Implct="false" Intrnl_Id="2918">
<Cond/>
<LocList>
<Loc EndOffset="26894" SrcFileId="26" StartOffset="26740"/>
</LocList>
<StmntSeq Intrnl_Id="2919">
<LocList>
<Loc EndOffset="26884" SrcFileId="26" StartOffset="26751"/>
</LocList>
<BasicStmnt CovItemId="S268" CovItemPrefix="group2.game.DrawGame.java" Intrnl_Id="2920">
<LocList>
<Loc EndOffset="26884" SrcFileId="26" StartOffset="26751"/>
</LocList>
</BasicStmnt>
</StmntSeq>
</Branch>
<Branch CovItemId="B84" CovItemPrefix="group2.game.DrawGame.java" Implct="true" Intrnl_Id="2921">
<Cond/>
<LocList/>
<StmntSeq Intrnl_Id="2922">
<LocList/>
</StmntSeq>
</Branch>
<Keyword EndOffset="26711" SrcFileId="26" StartOffset="26709"/>
<LocList>
<Loc EndOffset="26894" SrcFileId="26" StartOffset="26709"/>
</LocList>
<RootTerm CovItemId="C52" CovItemPrefix="group2.game.DrawGame.java" Intrnl_Id="2923">
<OpTerm BooleanOpId="32" Intrnl_Id="2924">
<OpTerm BooleanOpId="31" Intrnl_Id="2925">
<BasicBoolTerm Intrnl_Id="2926">
<LocList>
<Loc EndOffset="26723" SrcFileId="26" StartOffset="26714"/>
</LocList>
</BasicBoolTerm>
<LocList>
<Loc EndOffset="26714" SrcFileId="26" StartOffset="26713"/>
</LocList>
</OpTerm>
<BasicBoolTerm Intrnl_Id="2927">
<LocList>
<Loc EndOffset="26738" SrcFileId="26" StartOffset="26727"/>
</LocList>
</BasicBoolTerm>
<LocList>
<Loc EndOffset="26726" SrcFileId="26" StartOffset="26724"/>
</LocList>
</OpTerm>
</RootTerm>
</CondStmnt>
<CondStmnt CovItemId="S269" CovItemPrefix="group2.game.DrawGame.java" Intrnl_Id="2928">
<Branch CovItemId="B85" CovItemPrefix="group2.game.DrawGame.java" Implct="false" Intrnl_Id="2929">
<Cond/>
<LocList>
<Loc EndOffset="27089" SrcFileId="26" StartOffset="26935"/>
</LocList>
<StmntSeq Intrnl_Id="2930">
<LocList>
<Loc EndOffset="27079" SrcFileId="26" StartOffset="26946"/>
</LocList>
<BasicStmnt CovItemId="S270" CovItemPrefix="group2.game.DrawGame.java" Intrnl_Id="2931">
<LocList>
<Loc EndOffset="27079" SrcFileId="26" StartOffset="26946"/>
</LocList>
</BasicStmnt>
</StmntSeq>
</Branch>
<Branch CovItemId="B86" CovItemPrefix="group2.game.DrawGame.java" Implct="true" Intrnl_Id="2932">
<Cond/>
<LocList/>
<StmntSeq Intrnl_Id="2933">
<LocList/>
</StmntSeq>
</Branch>
<Keyword EndOffset="26905" SrcFileId="26" StartOffset="26903"/>
<LocList>
<Loc EndOffset="27089" SrcFileId="26" StartOffset="26903"/>
</LocList>
<RootTerm CovItemId="C53" CovItemPrefix="group2.game.DrawGame.java" Intrnl_Id="2934">
<OpTerm BooleanOpId="32" Intrnl_Id="2935">
<OpTerm BooleanOpId="31" Intrnl_Id="2936">
<BasicBoolTerm Intrnl_Id="2937">
<LocList>
<Loc EndOffset="26918" SrcFileId="26" StartOffset="26908"/>
</LocList>
</BasicBoolTerm>
<LocList>
<Loc EndOffset="26908" SrcFileId="26" StartOffset="26907"/>
</LocList>
</OpTerm>
<BasicBoolTerm Intrnl_Id="2938">
<LocList>
<Loc EndOffset="26933" SrcFileId="26" StartOffset="26922"/>
</LocList>
</BasicBoolTerm>
<LocList>
<Loc EndOffset="26921" SrcFileId="26" StartOffset="26919"/>
</LocList>
</OpTerm>
</RootTerm>
</CondStmnt>
</StmntSeq>
</Branch>
<Keyword EndOffset="25888" SrcFileId="26" StartOffset="25886"/>
<LocList>
<Loc EndOffset="27098" SrcFileId="26" StartOffset="25886"/>
</LocList>
<RootTerm CovItemId="C49" CovItemPrefix="group2.game.DrawGame.java" Intrnl_Id="2939">
<BasicBoolTerm Intrnl_Id="2940">
<LocList>
<Loc EndOffset="25899" SrcFileId="26" StartOffset="25890"/>
</LocList>
</BasicBoolTerm>
</RootTerm>
</CondStmnt>
</StmntSeq>
</Branch>
<Keyword EndOffset="25429" SrcFileId="26" StartOffset="25427"/>
<LocList>
<Loc EndOffset="27098" SrcFileId="26" StartOffset="25427"/>
</LocList>
<RootTerm CovItemId="C47" CovItemPrefix="group2.game.DrawGame.java" Intrnl_Id="2941">
<BasicBoolTerm Intrnl_Id="2942">
<LocList>
<Loc EndOffset="25449" SrcFileId="26" StartOffset="25431"/>
</LocList>
</BasicBoolTerm>
</RootTerm>
</CondStmnt>
</StmntSeq>
</Branch>
<Keyword EndOffset="22644" SrcFileId="26" StartOffset="22642"/>
<LocList>
<Loc EndOffset="27098" SrcFileId="26" StartOffset="22642"/>
</LocList>
<RootTerm CovItemId="C44" CovItemPrefix="group2.game.DrawGame.java" Intrnl_Id="2943">
<BasicBoolTerm Intrnl_Id="2944">
<LocList>
<Loc EndOffset="22658" SrcFileId="26" StartOffset="22646"/>
</LocList>
</BasicBoolTerm>
</RootTerm>
</CondStmnt>
</StmntSeq>
<Keyword EndOffset="22503" SrcFileId="26" StartOffset="22500"/>
<LocList>
<Loc EndOffset="27107" SrcFileId="26" StartOffset="22500"/>
</LocList>
<RootTerm CovItemId="C43" CovItemPrefix="group2.game.DrawGame.java" Intrnl_Id="2945">
<BasicBoolTerm Intrnl_Id="2946">
<LocList>
<Loc EndOffset="22549" SrcFileId="26" StartOffset="22516"/>
</LocList>
</BasicBoolTerm>
</RootTerm>
</LoopStmnt>
<CondStmnt CovItemId="S271" CovItemPrefix="group2.game.DrawGame.java" Intrnl_Id="2947">
<Branch CovItemId="B87" CovItemPrefix="group2.game.DrawGame.java" Implct="false" Intrnl_Id="2948">
<Cond/>
<LocList>
<Loc EndOffset="27440" SrcFileId="26" StartOffset="27293"/>
</LocList>
<StmntSeq Intrnl_Id="2949">
<LocList>
<Loc EndOffset="27342" SrcFileId="26" StartOffset="27299"/>
<Loc EndOffset="27367" SrcFileId="26" StartOffset="27347"/>
<Loc EndOffset="27435" SrcFileId="26" StartOffset="27372"/>
</LocList>
<BasicStmnt CovItemId="S272" CovItemPrefix="group2.game.DrawGame.java" Intrnl_Id="2950">
<LocList>
<Loc EndOffset="27342" SrcFileId="26" StartOffset="27299"/>
</LocList>
</BasicStmnt>
<BasicStmnt CovItemId="S273" CovItemPrefix="group2.game.DrawGame.java" Intrnl_Id="2951">
<LocList>
<Loc EndOffset="27367" SrcFileId="26" StartOffset="27347"/>
</LocList>
</BasicStmnt>
<BasicStmnt CovItemId="S274" CovItemPrefix="group2.game.DrawGame.java" Intrnl_Id="2952">
<LocList>
<Loc EndOffset="27435" SrcFileId="26" StartOffset="27372"/>
</LocList>
</BasicStmnt>
</StmntSeq>
</Branch>
<Branch CovItemId="B88" CovItemPrefix="group2.game.DrawGame.java" Implct="true" Intrnl_Id="2953">
<Cond/>
<LocList/>
<StmntSeq Intrnl_Id="2954">
<LocList/>
</StmntSeq>
</Branch>
<Keyword EndOffset="27236" SrcFileId="26" StartOffset="27234"/>
<LocList>
<Loc EndOffset="27440" SrcFileId="26" StartOffset="27234"/>
</LocList>
<RootTerm CovItemId="C54" CovItemPrefix="group2.game.DrawGame.java" Intrnl_Id="2955">
<OpTerm BooleanOpId="33" Intrnl_Id="2956">
<OpTerm BooleanOpId="33" Intrnl_Id="2957">
<BasicBoolTerm Intrnl_Id="2958">
<LocList>
<Loc EndOffset="27250" SrcFileId="26" StartOffset="27237"/>
</LocList>
</BasicBoolTerm>
<BasicBoolTerm Intrnl_Id="2959">
<LocList>
<Loc EndOffset="27275" SrcFileId="26" StartOffset="27254"/>
</LocList>
</BasicBoolTerm>
<LocList>
<Loc EndOffset="27253" SrcFileId="26" StartOffset="27251"/>
</LocList>
</OpTerm>
<BasicBoolTerm Intrnl_Id="2960">
<LocList>
<Loc EndOffset="27292" SrcFileId="26" StartOffset="27279"/>
</LocList>
</BasicBoolTerm>
<LocList>
<Loc EndOffset="27278" SrcFileId="26" StartOffset="27276"/>
</LocList>
</OpTerm>
</RootTerm>
</CondStmnt>
<CondStmnt CovItemId="S275" CovItemPrefix="group2.game.DrawGame.java" Intrnl_Id="2961">
<Branch CovItemId="B89" CovItemPrefix="group2.game.DrawGame.java" Implct="false" Intrnl_Id="2962">
<Cond/>
<LocList>
<Loc EndOffset="32401" SrcFileId="26" StartOffset="27565"/>
</LocList>
<StmntSeq Intrnl_Id="2963">
<LocList>
<Loc EndOffset="27619" SrcFileId="26" StartOffset="27571"/>
<Loc EndOffset="27942" SrcFileId="26" StartOffset="27624"/>
<Loc EndOffset="27970" SrcFileId="26" StartOffset="27947"/>
<Loc EndOffset="28134" SrcFileId="26" StartOffset="27975"/>
<Loc EndOffset="28179" SrcFileId="26" StartOffset="28139"/>
<Loc EndOffset="28204" SrcFileId="26" StartOffset="28184"/>
<Loc EndOffset="28368" SrcFileId="26" StartOffset="28209"/>
<Loc EndOffset="28397" SrcFileId="26" StartOffset="28373"/>
<Loc EndOffset="28416" SrcFileId="26" StartOffset="28402"/>
<Loc EndOffset="28532" SrcFileId="26" StartOffset="28421"/>
<Loc EndOffset="28561" SrcFileId="26" StartOffset="28537"/>
<Loc EndOffset="28743" SrcFileId="26" StartOffset="28566"/>
<Loc EndOffset="28925" SrcFileId="26" StartOffset="28748"/>
<Loc EndOffset="29107" SrcFileId="26" StartOffset="28930"/>
<Loc EndOffset="29289" SrcFileId="26" StartOffset="29112"/>
<Loc EndOffset="29454" SrcFileId="26" StartOffset="29294"/>
<Loc EndOffset="29619" SrcFileId="26" StartOffset="29459"/>
<Loc EndOffset="29784" SrcFileId="26" StartOffset="29624"/>
<Loc EndOffset="29949" SrcFileId="26" StartOffset="29789"/>
<Loc EndOffset="29968" SrcFileId="26" StartOffset="29954"/>
<Loc EndOffset="30086" SrcFileId="26" StartOffset="29973"/>
<Loc EndOffset="30204" SrcFileId="26" StartOffset="30091"/>
<Loc EndOffset="30322" SrcFileId="26" StartOffset="30209"/>
<Loc EndOffset="30440" SrcFileId="26" StartOffset="30327"/>
<Loc EndOffset="32396" SrcFileId="26" StartOffset="30500"/>
</LocList>
<BasicStmnt CovItemId="S276" CovItemPrefix="group2.game.DrawGame.java" Intrnl_Id="2964">
<LocList>
<Loc EndOffset="27619" SrcFileId="26" StartOffset="27571"/>
</LocList>
</BasicStmnt>
<CondStmnt CovItemId="S277" CovItemPrefix="group2.game.DrawGame.java" Intrnl_Id="2965">
<Branch CovItemId="B91" CovItemPrefix="group2.game.DrawGame.java" Implct="false" Intrnl_Id="2966">
<Cond/>
<LocList>
<Loc EndOffset="27942" SrcFileId="26" StartOffset="27640"/>
</LocList>
<StmntSeq Intrnl_Id="2967">
<LocList>
<Loc EndOffset="27696" SrcFileId="26" StartOffset="27648"/>
<Loc EndOffset="27909" SrcFileId="26" StartOffset="27702"/>
<Loc EndOffset="27936" SrcFileId="26" StartOffset="27915"/>
</LocList>
<BasicStmnt CovItemId="S278" CovItemPrefix="group2.game.DrawGame.java" Intrnl_Id="2968">
<LocList>
<Loc EndOffset="27696" SrcFileId="26" StartOffset="27648"/>
</LocList>
</BasicStmnt>
<LoopStmnt CovItemId="S279" CovItemPrefix="group2.game.DrawGame.java" Intrnl_Id="2969" MltplExecId="L16-2" MltplExecPrefix="group2.game.DrawGame.java" NvrExecId="L16-0" NvrExecPrefix="group2.game.DrawGame.java" OnceExecutedId="L16-1" OnceExecutedPrefix="group2.game.DrawGame.java" OptBodyExec="true">
<StmntSeq Intrnl_Id="2970">
<LocList>
<Loc EndOffset="27902" SrcFileId="26" StartOffset="27723"/>
</LocList>
<CondStmnt CovItemId="S280" CovItemPrefix="group2.game.DrawGame.java" Intrnl_Id="2971">
<Branch CovItemId="B93" CovItemPrefix="group2.game.DrawGame.java" Implct="false" Intrnl_Id="2972">
<Cond/>
<LocList>
<Loc EndOffset="27831" SrcFileId="26" StartOffset="27752"/>
</LocList>
<StmntSeq Intrnl_Id="2973">
<LocList>
<Loc EndOffset="27809" SrcFileId="26" StartOffset="27761"/>
<Loc EndOffset="27823" SrcFileId="26" StartOffset="27817"/>
</LocList>
<BasicStmnt CovItemId="S281" CovItemPrefix="group2.game.DrawGame.java" Intrnl_Id="2974">
<LocList>
<Loc EndOffset="27809" SrcFileId="26" StartOffset="27761"/>
</LocList>
</BasicStmnt>
<BasicStmnt CovItemId="S282" CovItemPrefix="group2.game.DrawGame.java" Intrnl_Id="2975">
<LocList>
<Loc EndOffset="27823" SrcFileId="26" StartOffset="27817"/>
</LocList>
</BasicStmnt>
</StmntSeq>
</Branch>
<Branch CovItemId="B94" CovItemPrefix="group2.game.DrawGame.java" Implct="false" Intrnl_Id="2976">
<Cond>
<Loc EndOffset="27836" SrcFileId="26" StartOffset="27832"/>
</Cond>
<LocList>
<Loc EndOffset="27902" SrcFileId="26" StartOffset="27837"/>
</LocList>
<StmntSeq Intrnl_Id="2977">
<LocList>
<Loc EndOffset="27894" SrcFileId="26" StartOffset="27846"/>
</LocList>
<BasicStmnt CovItemId="S283" CovItemPrefix="group2.game.DrawGame.java" Intrnl_Id="2978">
<LocList>
<Loc EndOffset="27894" SrcFileId="26" StartOffset="27846"/>
</LocList>
</BasicStmnt>
</StmntSeq>
</Branch>
<Keyword EndOffset="27725" SrcFileId="26" StartOffset="27723"/>
<LocList>
<Loc EndOffset="27902" SrcFileId="26" StartOffset="27723"/>
</LocList>
<RootTerm CovItemId="C58" CovItemPrefix="group2.game.DrawGame.java" Intrnl_Id="2979">
<BasicBoolTerm Intrnl_Id="2980">
<LocList>
<Loc EndOffset="27750" SrcFileId="26" StartOffset="27727"/>
</LocList>
</BasicBoolTerm>
</RootTerm>
</CondStmnt>
</StmntSeq>
<Keyword EndOffset="27707" SrcFileId="26" StartOffset="27702"/>
<LocList>
<Loc EndOffset="27909" SrcFileId="26" StartOffset="27702"/>
</LocList>
</LoopStmnt>
<BasicStmnt CovItemId="S284" CovItemPrefix="group2.game.DrawGame.java" Intrnl_Id="2981">
<LocList>
<Loc EndOffset="27936" SrcFileId="26" StartOffset="27915"/>
</LocList>
</BasicStmnt>
</StmntSeq>
</Branch>
<Branch CovItemId="B92" CovItemPrefix="group2.game.DrawGame.java" Implct="true" Intrnl_Id="2982">
<Cond/>
<LocList/>
<StmntSeq Intrnl_Id="2983">
<LocList/>
</StmntSeq>
</Branch>
<Keyword EndOffset="27626" SrcFileId="26" StartOffset="27624"/>
<LocList>
<Loc EndOffset="27942" SrcFileId="26" StartOffset="27624"/>
</LocList>
<RootTerm CovItemId="C56" CovItemPrefix="group2.game.DrawGame.java" Intrnl_Id="2984">
<BasicBoolTerm Intrnl_Id="2985">
<LocList>
<Loc EndOffset="27639" SrcFileId="26" StartOffset="27627"/>
</LocList>
</BasicBoolTerm>
</RootTerm>
</CondStmnt>
<BasicStmnt CovItemId="S285" CovItemPrefix="group2.game.DrawGame.java" Intrnl_Id="2986">
<LocList>
<Loc EndOffset="27970" SrcFileId="26" StartOffset="27947"/>
</LocList>
</BasicStmnt>
<BasicStmnt CovItemId="S286" CovItemPrefix="group2.game.DrawGame.java" Intrnl_Id="2987">
<LocList>
<Loc EndOffset="28134" SrcFileId="26" StartOffset="27975"/>
</LocList>
</BasicStmnt>
<BasicStmnt CovItemId="S287" CovItemPrefix="group2.game.DrawGame.java" Intrnl_Id="2988">
<LocList>
<Loc EndOffset="28179" SrcFileId="26" StartOffset="28139"/>
</LocList>
</BasicStmnt>
<BasicStmnt CovItemId="S288" CovItemPrefix="group2.game.DrawGame.java" Intrnl_Id="2989">
<LocList>
<Loc EndOffset="28204" SrcFileId="26" StartOffset="28184"/>
</LocList>
</BasicStmnt>
<BasicStmnt CovItemId="S289" CovItemPrefix="group2.game.DrawGame.java" Intrnl_Id="2990">
<LocList>
<Loc EndOffset="28368" SrcFileId="26" StartOffset="28209"/>
</LocList>
</BasicStmnt>
<BasicStmnt CovItemId="S290" CovItemPrefix="group2.game.DrawGame.java" Intrnl_Id="2991">
<LocList>
<Loc EndOffset="28397" SrcFileId="26" StartOffset="28373"/>
</LocList>
</BasicStmnt>
<BasicStmnt CovItemId="S291" CovItemPrefix="group2.game.DrawGame.java" Intrnl_Id="2992">
<LocList>
<Loc EndOffset="28416" SrcFileId="26" StartOffset="28402"/>
</LocList>
</BasicStmnt>
<BasicStmnt CovItemId="S292" CovItemPrefix="group2.game.DrawGame.java" Intrnl_Id="2993">
<LocList>
<Loc EndOffset="28532" SrcFileId="26" StartOffset="28421"/>
</LocList>
</BasicStmnt>
<BasicStmnt CovItemId="S293" CovItemPrefix="group2.game.DrawGame.java" Intrnl_Id="2994">
<LocList>
<Loc EndOffset="28561" SrcFileId="26" StartOffset="28537"/>
</LocList>
</BasicStmnt>
<BasicStmnt CovItemId="S294" CovItemPrefix="group2.game.DrawGame.java" Intrnl_Id="2995">
<LocList>
<Loc EndOffset="28743" SrcFileId="26" StartOffset="28566"/>
</LocList>
</BasicStmnt>
<BasicStmnt CovItemId="S295" CovItemPrefix="group2.game.DrawGame.java" Intrnl_Id="2996">
<LocList>
<Loc EndOffset="28925" SrcFileId="26" StartOffset="28748"/>
</LocList>
</BasicStmnt>
<BasicStmnt CovItemId="S296" CovItemPrefix="group2.game.DrawGame.java" Intrnl_Id="2997">
<LocList>
<Loc EndOffset="29107" SrcFileId="26" StartOffset="28930"/>
</LocList>
</BasicStmnt>
<BasicStmnt CovItemId="S297" CovItemPrefix="group2.game.DrawGame.java" Intrnl_Id="2998">
<LocList>
<Loc EndOffset="29289" SrcFileId="26" StartOffset="29112"/>
</LocList>
</BasicStmnt>
<BasicStmnt CovItemId="S298" CovItemPrefix="group2.game.DrawGame.java" Intrnl_Id="2999">
<LocList>
<Loc EndOffset="29454" SrcFileId="26" StartOffset="29294"/>
</LocList>
</BasicStmnt>
<BasicStmnt CovItemId="S299" CovItemPrefix="group2.game.DrawGame.java" Intrnl_Id="3000">
<LocList>
<Loc EndOffset="29619" SrcFileId="26" StartOffset="29459"/>
</LocList>
</BasicStmnt>
<BasicStmnt CovItemId="S300" CovItemPrefix="group2.game.DrawGame.java" Intrnl_Id="3001">
<LocList>
<Loc EndOffset="29784" SrcFileId="26" StartOffset="29624"/>
</LocList>
</BasicStmnt>
<BasicStmnt CovItemId="S301" CovItemPrefix="group2.game.DrawGame.java" Intrnl_Id="3002">
<LocList>
<Loc EndOffset="29949" SrcFileId="26" StartOffset="29789"/>
</LocList>
</BasicStmnt>
<BasicStmnt CovItemId="S302" CovItemPrefix="group2.game.DrawGame.java" Intrnl_Id="3003">
<LocList>
<Loc EndOffset="29968" SrcFileId="26" StartOffset="29954"/>
</LocList>
</BasicStmnt>
<BasicStmnt CovItemId="S303" CovItemPrefix="group2.game.DrawGame.java" Intrnl_Id="3004">
<LocList>
<Loc EndOffset="30086" SrcFileId="26" StartOffset="29973"/>
</LocList>
</BasicStmnt>
<BasicStmnt CovItemId="S304" CovItemPrefix="group2.game.DrawGame.java" Intrnl_Id="3005">
<LocList>
<Loc EndOffset="30204" SrcFileId="26" StartOffset="30091"/>
</LocList>
</BasicStmnt>
<BasicStmnt CovItemId="S305" CovItemPrefix="group2.game.DrawGame.java" Intrnl_Id="3006">
<LocList>
<Loc EndOffset="30322" SrcFileId="26" StartOffset="30209"/>
</LocList>
</BasicStmnt>
<BasicStmnt CovItemId="S306" CovItemPrefix="group2.game.DrawGame.java" Intrnl_Id="3007">
<LocList>
<Loc EndOffset="30440" SrcFileId="26" StartOffset="30327"/>
</LocList>
</BasicStmnt>
<CondStmnt CovItemId="S307" CovItemPrefix="group2.game.DrawGame.java" Intrnl_Id="3008">
<Branch CovItemId="B95" CovItemPrefix="group2.game.DrawGame.java" Implct="false" Intrnl_Id="3009">
<Cond/>
<LocList>
<Loc EndOffset="32396" SrcFileId="26" StartOffset="30517"/>
</LocList>
<StmntSeq Intrnl_Id="3010">
<LocList>
<Loc EndOffset="30549" SrcFileId="26" StartOffset="30524"/>
<Loc EndOffset="30754" SrcFileId="26" StartOffset="30555"/>
<Loc EndOffset="30959" SrcFileId="26" StartOffset="30760"/>
<Loc EndOffset="31164" SrcFileId="26" StartOffset="30965"/>
<Loc EndOffset="31369" SrcFileId="26" StartOffset="31170"/>
<Loc EndOffset="31546" SrcFileId="26" StartOffset="31375"/>
<Loc EndOffset="31723" SrcFileId="26" StartOffset="31552"/>
<Loc EndOffset="31900" SrcFileId="26" StartOffset="31729"/>
<Loc EndOffset="32077" SrcFileId="26" StartOffset="31906"/>
<Loc EndOffset="32105" SrcFileId="26" StartOffset="32083"/>
<Loc EndOffset="32125" SrcFileId="26" StartOffset="32111"/>
<Loc EndOffset="32256" SrcFileId="26" StartOffset="32131"/>
<Loc EndOffset="32390" SrcFileId="26" StartOffset="32262"/>
</LocList>
<BasicStmnt CovItemId="S308" CovItemPrefix="group2.game.DrawGame.java" Intrnl_Id="3011">
<LocList>
<Loc EndOffset="30549" SrcFileId="26" StartOffset="30524"/>
</LocList>
</BasicStmnt>
<BasicStmnt CovItemId="S309" CovItemPrefix="group2.game.DrawGame.java" Intrnl_Id="3012">
<LocList>
<Loc EndOffset="30754" SrcFileId="26" StartOffset="30555"/>
</LocList>
</BasicStmnt>
<BasicStmnt CovItemId="S310" CovItemPrefix="group2.game.DrawGame.java" Intrnl_Id="3013">
<LocList>
<Loc EndOffset="30959" SrcFileId="26" StartOffset="30760"/>
</LocList>
</BasicStmnt>
<BasicStmnt CovItemId="S311" CovItemPrefix="group2.game.DrawGame.java" Intrnl_Id="3014">
<LocList>
<Loc EndOffset="31164" SrcFileId="26" StartOffset="30965"/>
</LocList>
</BasicStmnt>
<BasicStmnt CovItemId="S312" CovItemPrefix="group2.game.DrawGame.java" Intrnl_Id="3015">
<LocList>
<Loc EndOffset="31369" SrcFileId="26" StartOffset="31170"/>
</LocList>
</BasicStmnt>
<BasicStmnt CovItemId="S313" CovItemPrefix="group2.game.DrawGame.java" Intrnl_Id="3016">
<LocList>
<Loc EndOffset="31546" SrcFileId="26" StartOffset="31375"/>
</LocList>
</BasicStmnt>
<BasicStmnt CovItemId="S314" CovItemPrefix="group2.game.DrawGame.java" Intrnl_Id="3017">
<LocList>
<Loc EndOffset="31723" SrcFileId="26" StartOffset="31552"/>
</LocList>
</BasicStmnt>
<BasicStmnt CovItemId="S315" CovItemPrefix="group2.game.DrawGame.java" Intrnl_Id="3018">
<LocList>
<Loc EndOffset="31900" SrcFileId="26" StartOffset="31729"/>
</LocList>
</BasicStmnt>
<BasicStmnt CovItemId="S316" CovItemPrefix="group2.game.DrawGame.java" Intrnl_Id="3019">
<LocList>
<Loc EndOffset="32077" SrcFileId="26" StartOffset="31906"/>
</LocList>
</BasicStmnt>
<BasicStmnt CovItemId="S317" CovItemPrefix="group2.game.DrawGame.java" Intrnl_Id="3020">
<LocList>
<Loc EndOffset="32105" SrcFileId="26" StartOffset="32083"/>
</LocList>
</BasicStmnt>
<BasicStmnt CovItemId="S318" CovItemPrefix="group2.game.DrawGame.java" Intrnl_Id="3021">
<LocList>
<Loc EndOffset="32125" SrcFileId="26" StartOffset="32111"/>
</LocList>
</BasicStmnt>
<BasicStmnt CovItemId="S319" CovItemPrefix="group2.game.DrawGame.java" Intrnl_Id="3022">
<LocList>
<Loc EndOffset="32256" SrcFileId="26" StartOffset="32131"/>
</LocList>
</BasicStmnt>
<BasicStmnt CovItemId="S320" CovItemPrefix="group2.game.DrawGame.java" Intrnl_Id="3023">
<LocList>
<Loc EndOffset="32390" SrcFileId="26" StartOffset="32262"/>
</LocList>
</BasicStmnt>
</StmntSeq>
</Branch>
<Branch CovItemId="B96" CovItemPrefix="group2.game.DrawGame.java" Implct="true" Intrnl_Id="3024">
<Cond/>
<LocList/>
<StmntSeq Intrnl_Id="3025">
<LocList/>
</StmntSeq>
</Branch>
<Keyword EndOffset="30502" SrcFileId="26" StartOffset="30500"/>
<LocList>
<Loc EndOffset="32396" SrcFileId="26" StartOffset="30500"/>
</LocList>
<RootTerm CovItemId="C59" CovItemPrefix="group2.game.DrawGame.java" Intrnl_Id="3026">
<OpTerm BooleanOpId="31" Intrnl_Id="3027">
<BasicBoolTerm Intrnl_Id="3028">
<LocList>
<Loc EndOffset="30515" SrcFileId="26" StartOffset="30505"/>
</LocList>
</BasicBoolTerm>
<LocList>
<Loc EndOffset="30505" SrcFileId="26" StartOffset="30504"/>
</LocList>
</OpTerm>
</RootTerm>
</CondStmnt>
</StmntSeq>
</Branch>
<Branch CovItemId="B90" CovItemPrefix="group2.game.DrawGame.java" Implct="true" Intrnl_Id="3029">
<Cond/>
<LocList/>
<StmntSeq Intrnl_Id="3030">
<LocList/>
</StmntSeq>
</Branch>
<Keyword EndOffset="27548" SrcFileId="26" StartOffset="27546"/>
<LocList>
<Loc EndOffset="32401" SrcFileId="26" StartOffset="27546"/>
</LocList>
<RootTerm CovItemId="C55" CovItemPrefix="group2.game.DrawGame.java" Intrnl_Id="3031">
<BasicBoolTerm Intrnl_Id="3032">
<LocList>
<Loc EndOffset="27563" SrcFileId="26" StartOffset="27550"/>
</LocList>
</BasicBoolTerm>
</RootTerm>
</CondStmnt>
<CondStmnt CovItemId="S321" CovItemPrefix="group2.game.DrawGame.java" Intrnl_Id="3033">
<Branch CovItemId="B97" CovItemPrefix="group2.game.DrawGame.java" Implct="false" Intrnl_Id="3034">
<Cond/>
<LocList>
<Loc EndOffset="33657" SrcFileId="26" StartOffset="32436"/>
</LocList>
<StmntSeq Intrnl_Id="3035">
<LocList>
<Loc EndOffset="32490" SrcFileId="26" StartOffset="32442"/>
<Loc EndOffset="32515" SrcFileId="26" StartOffset="32495"/>
<Loc EndOffset="32543" SrcFileId="26" StartOffset="32520"/>
<Loc EndOffset="32707" SrcFileId="26" StartOffset="32548"/>
<Loc EndOffset="32736" SrcFileId="26" StartOffset="32712"/>
<Loc EndOffset="32755" SrcFileId="26" StartOffset="32741"/>
<Loc EndOffset="32878" SrcFileId="26" StartOffset="32760"/>
<Loc EndOffset="33217" SrcFileId="26" StartOffset="32883"/>
<Loc EndOffset="33403" SrcFileId="26" StartOffset="33222"/>
<Loc EndOffset="33652" SrcFileId="26" StartOffset="33408"/>
</LocList>
<BasicStmnt CovItemId="S322" CovItemPrefix="group2.game.DrawGame.java" Intrnl_Id="3036">
<LocList>
<Loc EndOffset="32490" SrcFileId="26" StartOffset="32442"/>
</LocList>
</BasicStmnt>
<BasicStmnt CovItemId="S323" CovItemPrefix="group2.game.DrawGame.java" Intrnl_Id="3037">
<LocList>
<Loc EndOffset="32515" SrcFileId="26" StartOffset="32495"/>
</LocList>
</BasicStmnt>
<BasicStmnt CovItemId="S324" CovItemPrefix="group2.game.DrawGame.java" Intrnl_Id="3038">
<LocList>
<Loc EndOffset="32543" SrcFileId="26" StartOffset="32520"/>
</LocList>
</BasicStmnt>
<BasicStmnt CovItemId="S325" CovItemPrefix="group2.game.DrawGame.java" Intrnl_Id="3039">
<LocList>
<Loc EndOffset="32707" SrcFileId="26" StartOffset="32548"/>
</LocList>
</BasicStmnt>
<BasicStmnt CovItemId="S326" CovItemPrefix="group2.game.DrawGame.java" Intrnl_Id="3040">
<LocList>
<Loc EndOffset="32736" SrcFileId="26" StartOffset="32712"/>
</LocList>
</BasicStmnt>
<BasicStmnt CovItemId="S327" CovItemPrefix="group2.game.DrawGame.java" Intrnl_Id="3041">
<LocList>
<Loc EndOffset="32755" SrcFileId="26" StartOffset="32741"/>
</LocList>
</BasicStmnt>
<BasicStmnt CovItemId="S328" CovItemPrefix="group2.game.DrawGame.java" Intrnl_Id="3042">
<LocList>
<Loc EndOffset="32878" SrcFileId="26" StartOffset="32760"/>
</LocList>
</BasicStmnt>
<CondStmnt CovItemId="S329" CovItemPrefix="group2.game.DrawGame.java" Intrnl_Id="3043">
<Branch CovItemId="B99" CovItemPrefix="group2.game.DrawGame.java" Implct="false" Intrnl_Id="3044">
<Cond/>
<LocList>
<Loc EndOffset="33217" SrcFileId="26" StartOffset="32914"/>
</LocList>
<StmntSeq Intrnl_Id="3045">
<LocList>
<Loc EndOffset="33063" SrcFileId="26" StartOffset="32921"/>
<Loc EndOffset="33211" SrcFileId="26" StartOffset="33069"/>
</LocList>
<BasicStmnt CovItemId="S330" CovItemPrefix="group2.game.DrawGame.java" Intrnl_Id="3046">
<LocList>
<Loc EndOffset="33063" SrcFileId="26" StartOffset="32921"/>
</LocList>
</BasicStmnt>
<BasicStmnt CovItemId="S331" CovItemPrefix="group2.game.DrawGame.java" Intrnl_Id="3047">
<LocList>
<Loc EndOffset="33211" SrcFileId="26" StartOffset="33069"/>
</LocList>
</BasicStmnt>
</StmntSeq>
</Branch>
<Branch CovItemId="B100" CovItemPrefix="group2.game.DrawGame.java" Implct="true" Intrnl_Id="3048">
<Cond/>
<LocList/>
<StmntSeq Intrnl_Id="3049">
<LocList/>
</StmntSeq>
</Branch>
<Keyword EndOffset="32885" SrcFileId="26" StartOffset="32883"/>
<LocList>
<Loc EndOffset="33217" SrcFileId="26" StartOffset="32883"/>
</LocList>
<RootTerm CovItemId="C61" CovItemPrefix="group2.game.DrawGame.java" Intrnl_Id="3050">
<BasicBoolTerm Intrnl_Id="3051">
<LocList>
<Loc EndOffset="32913" SrcFileId="26" StartOffset="32886"/>
</LocList>
</BasicBoolTerm>
</RootTerm>
</CondStmnt>
<BasicStmnt CovItemId="S332" CovItemPrefix="group2.game.DrawGame.java" Intrnl_Id="3052">
<LocList>
<Loc EndOffset="33403" SrcFileId="26" StartOffset="33222"/>
</LocList>
</BasicStmnt>
<CondStmnt CovItemId="S333" CovItemPrefix="group2.game.DrawGame.java" Intrnl_Id="3053">
<Branch CovItemId="B101" CovItemPrefix="group2.game.DrawGame.java" Implct="false" Intrnl_Id="3054">
<Cond/>
<LocList>
<Loc EndOffset="33503" SrcFileId="26" StartOffset="33438"/>
</LocList>
<StmntSeq Intrnl_Id="3055">
<LocList>
<Loc EndOffset="33497" SrcFileId="26" StartOffset="33445"/>
</LocList>
<BasicStmnt CovItemId="S334" CovItemPrefix="group2.game.DrawGame.java" Intrnl_Id="3056">
<LocList>
<Loc EndOffset="33497" SrcFileId="26" StartOffset="33445"/>
</LocList>
</BasicStmnt>
</StmntSeq>
</Branch>
<Branch CovItemId="B102" CovItemPrefix="group2.game.DrawGame.java" Implct="false" Intrnl_Id="3057">
<Cond>
<Loc EndOffset="33516" SrcFileId="26" StartOffset="33512"/>
</Cond>
<LocList>
<Loc EndOffset="33652" SrcFileId="26" StartOffset="33517"/>
</LocList>
<StmntSeq Intrnl_Id="3058">
<LocList>
<Loc EndOffset="33652" SrcFileId="26" StartOffset="33517"/>
</LocList>
<CondStmnt CovItemId="S335" CovItemPrefix="group2.game.DrawGame.java" Intrnl_Id="3059">
<Branch CovItemId="B103" CovItemPrefix="group2.game.DrawGame.java" Implct="false" Intrnl_Id="3060">
<Cond/>
<LocList>
<Loc EndOffset="33652" SrcFileId="26" StartOffset="33579"/>
</LocList>
<StmntSeq Intrnl_Id="3061">
<LocList>
<Loc EndOffset="33616" SrcFileId="26" StartOffset="33586"/>
<Loc EndOffset="33646" SrcFileId="26" StartOffset="33622"/>
</LocList>
<BasicStmnt CovItemId="S336" CovItemPrefix="group2.game.DrawGame.java" Intrnl_Id="3062">
<LocList>
<Loc EndOffset="33616" SrcFileId="26" StartOffset="33586"/>
</LocList>
</BasicStmnt>
<BasicStmnt CovItemId="S337" CovItemPrefix="group2.game.DrawGame.java" Intrnl_Id="3063">
<LocList>
<Loc EndOffset="33646" SrcFileId="26" StartOffset="33622"/>
</LocList>
</BasicStmnt>
</StmntSeq>
</Branch>
<Branch CovItemId="B104" CovItemPrefix="group2.game.DrawGame.java" Implct="true" Intrnl_Id="3064">
<Cond/>
<LocList/>
<StmntSeq Intrnl_Id="3065">
<LocList/>
</StmntSeq>
</Branch>
<Keyword EndOffset="33519" SrcFileId="26" StartOffset="33517"/>
<LocList>
<Loc EndOffset="33652" SrcFileId="26" StartOffset="33517"/>
</LocList>
<RootTerm CovItemId="C63" CovItemPrefix="group2.game.DrawGame.java" Intrnl_Id="3066">
<BasicBoolTerm Intrnl_Id="3067">
<LocList>
<Loc EndOffset="33578" SrcFileId="26" StartOffset="33520"/>
</LocList>
</BasicBoolTerm>
</RootTerm>
</CondStmnt>
</StmntSeq>
</Branch>
<Keyword EndOffset="33410" SrcFileId="26" StartOffset="33408"/>
<LocList>
<Loc EndOffset="33652" SrcFileId="26" StartOffset="33408"/>
</LocList>
<RootTerm CovItemId="C62" CovItemPrefix="group2.game.DrawGame.java" Intrnl_Id="3068">
<BasicBoolTerm Intrnl_Id="3069">
<LocList>
<Loc EndOffset="33437" SrcFileId="26" StartOffset="33411"/>
</LocList>
</BasicBoolTerm>
</RootTerm>
</CondStmnt>
</StmntSeq>
</Branch>
<Branch CovItemId="B98" CovItemPrefix="group2.game.DrawGame.java" Implct="true" Intrnl_Id="3070">
<Cond/>
<LocList/>
<StmntSeq Intrnl_Id="3071">
<LocList/>
</StmntSeq>
</Branch>
<Keyword EndOffset="32411" SrcFileId="26" StartOffset="32409"/>
<LocList>
<Loc EndOffset="33657" SrcFileId="26" StartOffset="32409"/>
</LocList>
<RootTerm CovItemId="C60" CovItemPrefix="group2.game.DrawGame.java" Intrnl_Id="3072">
<BasicBoolTerm Intrnl_Id="3073">
<LocList>
<Loc EndOffset="32434" SrcFileId="26" StartOffset="32413"/>
</LocList>
</BasicBoolTerm>
</RootTerm>
</CondStmnt>
<CondStmnt CovItemId="S338" CovItemPrefix="group2.game.DrawGame.java" Intrnl_Id="3074">
<Branch CovItemId="B105" CovItemPrefix="group2.game.DrawGame.java" Implct="false" Intrnl_Id="3075">
<Cond/>
<LocList>
<Loc EndOffset="38300" SrcFileId="26" StartOffset="33736"/>
</LocList>
<StmntSeq Intrnl_Id="3076">
<LocList>
<Loc EndOffset="33766" SrcFileId="26" StartOffset="33743"/>
<Loc EndOffset="33932" SrcFileId="26" StartOffset="33771"/>
<Loc EndOffset="33961" SrcFileId="26" StartOffset="33937"/>
<Loc EndOffset="33980" SrcFileId="26" StartOffset="33966"/>
<Loc EndOffset="34102" SrcFileId="26" StartOffset="33985"/>
<Loc EndOffset="34294" SrcFileId="26" StartOffset="34108"/>
<Loc EndOffset="34314" SrcFileId="26" StartOffset="34300"/>
<Loc EndOffset="34342" SrcFileId="26" StartOffset="34319"/>
<Loc EndOffset="34442" SrcFileId="26" StartOffset="34348"/>
<Loc EndOffset="34701" SrcFileId="26" StartOffset="34447"/>
<Loc EndOffset="34808" SrcFileId="26" StartOffset="34707"/>
<Loc EndOffset="35081" SrcFileId="26" StartOffset="34813"/>
<Loc EndOffset="35109" SrcFileId="26" StartOffset="35087"/>
<Loc EndOffset="35208" SrcFileId="26" StartOffset="35114"/>
<Loc EndOffset="35484" SrcFileId="26" StartOffset="35213"/>
<Loc EndOffset="35590" SrcFileId="26" StartOffset="35489"/>
<Loc EndOffset="35880" SrcFileId="26" StartOffset="35595"/>
<Loc EndOffset="35900" SrcFileId="26" StartOffset="35886"/>
<Loc EndOffset="35930" SrcFileId="26" StartOffset="35906"/>
<Loc EndOffset="36119" SrcFileId="26" StartOffset="35935"/>
<Loc EndOffset="36149" SrcFileId="26" StartOffset="36125"/>
<Loc EndOffset="36168" SrcFileId="26" StartOffset="36154"/>
<Loc EndOffset="36284" SrcFileId="26" StartOffset="36173"/>
<Loc EndOffset="36313" SrcFileId="26" StartOffset="36294"/>
<Loc EndOffset="36507" SrcFileId="26" StartOffset="36318"/>
<Loc EndOffset="36529" SrcFileId="26" StartOffset="36513"/>
<Loc EndOffset="36731" SrcFileId="26" StartOffset="36546"/>
<Loc EndOffset="36758" SrcFileId="26" StartOffset="36749"/>
<Loc EndOffset="36948" SrcFileId="26" StartOffset="36763"/>
<Loc EndOffset="36976" SrcFileId="26" StartOffset="36967"/>
<Loc EndOffset="37166" SrcFileId="26" StartOffset="36981"/>
<Loc EndOffset="37193" SrcFileId="26" StartOffset="37184"/>
<Loc EndOffset="37383" SrcFileId="26" StartOffset="37198"/>
<Loc EndOffset="37543" SrcFileId="26" StartOffset="37458"/>
<Loc EndOffset="37714" SrcFileId="26" StartOffset="37549"/>
<Loc EndOffset="37816" SrcFileId="26" StartOffset="37720"/>
<Loc EndOffset="37943" SrcFileId="26" StartOffset="37822"/>
<Loc EndOffset="38045" SrcFileId="26" StartOffset="37949"/>
<Loc EndOffset="38074" SrcFileId="26" StartOffset="38051"/>
<Loc EndOffset="38249" SrcFileId="26" StartOffset="38081"/>
<Loc EndOffset="38294" SrcFileId="26" StartOffset="37447"/>
</LocList>
<BasicStmnt CovItemId="S339" CovItemPrefix="group2.game.DrawGame.java" Intrnl_Id="3077">
<LocList>
<Loc EndOffset="33766" SrcFileId="26" StartOffset="33743"/>
</LocList>
</BasicStmnt>
<BasicStmnt CovItemId="S340" CovItemPrefix="group2.game.DrawGame.java" Intrnl_Id="3078">
<LocList>
<Loc EndOffset="33932" SrcFileId="26" StartOffset="33771"/>
</LocList>
</BasicStmnt>
<BasicStmnt CovItemId="S341" CovItemPrefix="group2.game.DrawGame.java" Intrnl_Id="3079">
<LocList>
<Loc EndOffset="33961" SrcFileId="26" StartOffset="33937"/>
</LocList>
</BasicStmnt>
<BasicStmnt CovItemId="S342" CovItemPrefix="group2.game.DrawGame.java" Intrnl_Id="3080">
<LocList>
<Loc EndOffset="33980" SrcFileId="26" StartOffset="33966"/>
</LocList>
</BasicStmnt>
<BasicStmnt CovItemId="S343" CovItemPrefix="group2.game.DrawGame.java" Intrnl_Id="3081">
<LocList>
<Loc EndOffset="34102" SrcFileId="26" StartOffset="33985"/>
</LocList>
</BasicStmnt>
<BasicStmnt CovItemId="S344" CovItemPrefix="group2.game.DrawGame.java" Intrnl_Id="3082">
<LocList>
<Loc EndOffset="34294" SrcFileId="26" StartOffset="34108"/>
</LocList>
</BasicStmnt>
<BasicStmnt CovItemId="S345" CovItemPrefix="group2.game.DrawGame.java" Intrnl_Id="3083">
<LocList>
<Loc EndOffset="34314" SrcFileId="26" StartOffset="34300"/>
</LocList>
</BasicStmnt>
<BasicStmnt CovItemId="S346" CovItemPrefix="group2.game.DrawGame.java" Intrnl_Id="3084">
<LocList>
<Loc EndOffset="34342" SrcFileId="26" StartOffset="34319"/>
</LocList>
</BasicStmnt>
<BasicStmnt CovItemId="S347" CovItemPrefix="group2.game.DrawGame.java" Intrnl_Id="3085">
<LocList>
<Loc EndOffset="34442" SrcFileId="26" StartOffset="34348"/>
</LocList>
</BasicStmnt>
<BasicStmnt CovItemId="S348" CovItemPrefix="group2.game.DrawGame.java" Intrnl_Id="3086">
<LocList>
<Loc EndOffset="34701" SrcFileId="26" StartOffset="34447"/>
</LocList>
</BasicStmnt>
<BasicStmnt CovItemId="S349" CovItemPrefix="group2.game.DrawGame.java" Intrnl_Id="3087">
<LocList>
<Loc EndOffset="34808" SrcFileId="26" StartOffset="34707"/>
</LocList>
</BasicStmnt>
<BasicStmnt CovItemId="S350" CovItemPrefix="group2.game.DrawGame.java" Intrnl_Id="3088">
<LocList>
<Loc EndOffset="35081" SrcFileId="26" StartOffset="34813"/>
</LocList>
</BasicStmnt>
<BasicStmnt CovItemId="S351" CovItemPrefix="group2.game.DrawGame.java" Intrnl_Id="3089">
<LocList>
<Loc EndOffset="35109" SrcFileId="26" StartOffset="35087"/>
</LocList>
</BasicStmnt>
<BasicStmnt CovItemId="S352" CovItemPrefix="group2.game.DrawGame.java" Intrnl_Id="3090">
<LocList>
<Loc EndOffset="35208" SrcFileId="26" StartOffset="35114"/>
</LocList>
</BasicStmnt>
<BasicStmnt CovItemId="S353" CovItemPrefix="group2.game.DrawGame.java" Intrnl_Id="3091">
<LocList>
<Loc EndOffset="35484" SrcFileId="26" StartOffset="35213"/>
</LocList>
</BasicStmnt>
<BasicStmnt CovItemId="S354" CovItemPrefix="group2.game.DrawGame.java" Intrnl_Id="3092">
<LocList>
<Loc EndOffset="35590" SrcFileId="26" StartOffset="35489"/>
</LocList>
</BasicStmnt>
<BasicStmnt CovItemId="S355" CovItemPrefix="group2.game.DrawGame.java" Intrnl_Id="3093">
<LocList>
<Loc EndOffset="35880" SrcFileId="26" StartOffset="35595"/>
</LocList>
</BasicStmnt>
<BasicStmnt CovItemId="S356" CovItemPrefix="group2.game.DrawGame.java" Intrnl_Id="3094">
<LocList>
<Loc EndOffset="35900" SrcFileId="26" StartOffset="35886"/>
</LocList>
</BasicStmnt>
<BasicStmnt CovItemId="S357" CovItemPrefix="group2.game.DrawGame.java" Intrnl_Id="3095">
<LocList>
<Loc EndOffset="35930" SrcFileId="26" StartOffset="35906"/>
</LocList>
</BasicStmnt>
<BasicStmnt CovItemId="S358" CovItemPrefix="group2.game.DrawGame.java" Intrnl_Id="3096">
<LocList>
<Loc EndOffset="36119" SrcFileId="26" StartOffset="35935"/>
</LocList>
</BasicStmnt>
<BasicStmnt CovItemId="S359" CovItemPrefix="group2.game.DrawGame.java" Intrnl_Id="3097">
<LocList>
<Loc EndOffset="36149" SrcFileId="26" StartOffset="36125"/>
</LocList>
</BasicStmnt>
<BasicStmnt CovItemId="S360" CovItemPrefix="group2.game.DrawGame.java" Intrnl_Id="3098">
<LocList>
<Loc EndOffset="36168" SrcFileId="26" StartOffset="36154"/>
</LocList>
</BasicStmnt>
<BasicStmnt CovItemId="S361" CovItemPrefix="group2.game.DrawGame.java" Intrnl_Id="3099">
<LocList>
<Loc EndOffset="36284" SrcFileId="26" StartOffset="36173"/>
</LocList>
</BasicStmnt>
<BasicStmnt CovItemId="S362" CovItemPrefix="group2.game.DrawGame.java" Intrnl_Id="3100">
<LocList>
<Loc EndOffset="36313" SrcFileId="26" StartOffset="36294"/>
</LocList>
</BasicStmnt>
<LoopStmnt CovItemId="S363" CovItemPrefix="group2.game.DrawGame.java" Intrnl_Id="3101" MltplExecId="L17-2" MltplExecPrefix="group2.game.DrawGame.java" NvrExecId="L17-0" NvrExecPrefix="group2.game.DrawGame.java" OnceExecutedId="L17-1" OnceExecutedPrefix="group2.game.DrawGame.java" OptBodyExec="true">
<StmntSeq Intrnl_Id="3102">
<LocList>
<Loc EndOffset="36422" SrcFileId="26" StartOffset="36366"/>
<Loc EndOffset="36501" SrcFileId="26" StartOffset="36354"/>
</LocList>
<BasicStmnt CovItemId="S365" CovItemPrefix="group2.game.DrawGame.java" Intrnl_Id="3103">
<LocList>
<Loc EndOffset="36422" SrcFileId="26" StartOffset="36366"/>
</LocList>
</BasicStmnt>
<CondStmnt CovItemId="S364" CovItemPrefix="group2.game.DrawGame.java" Intrnl_Id="3104">
<Branch CovItemId="B107" CovItemPrefix="group2.game.DrawGame.java" Implct="true" Intrnl_Id="3105">
<Cond/>
<LocList/>
<StmntSeq Intrnl_Id="3106">
<LocList/>
</StmntSeq>
</Branch>
<Branch CovItemId="B108" CovItemPrefix="group2.game.DrawGame.java" Implct="false" Intrnl_Id="3107">
<Cond>
<Loc EndOffset="36449" SrcFileId="26" StartOffset="36430"/>
</Cond>
<LocList>
<Loc EndOffset="36501" SrcFileId="26" StartOffset="36450"/>
</LocList>
<StmntSeq Intrnl_Id="3108">
<LocList>
<Loc EndOffset="36494" SrcFileId="26" StartOffset="36458"/>
</LocList>
<BasicStmnt CovItemId="S366" CovItemPrefix="group2.game.DrawGame.java" Intrnl_Id="3109">
<LocList>
<Loc EndOffset="36494" SrcFileId="26" StartOffset="36458"/>
</LocList>
</BasicStmnt>
</StmntSeq>
</Branch>
<Keyword EndOffset="36357" SrcFileId="26" StartOffset="36354"/>
<LocList>
<Loc EndOffset="36501" SrcFileId="26" StartOffset="36354"/>
</LocList>
</CondStmnt>
</StmntSeq>
<Keyword EndOffset="36321" SrcFileId="26" StartOffset="36318"/>
<LocList>
<Loc EndOffset="36507" SrcFileId="26" StartOffset="36318"/>
</LocList>
<RootTerm CovItemId="C65" CovItemPrefix="group2.game.DrawGame.java" Intrnl_Id="3110">
<BasicBoolTerm Intrnl_Id="3111">
<LocList>
<Loc EndOffset="36340" SrcFileId="26" StartOffset="36334"/>
</LocList>
</BasicBoolTerm>
</RootTerm>
</LoopStmnt>
<BasicStmnt CovItemId="S367" CovItemPrefix="group2.game.DrawGame.java" Intrnl_Id="3112">
<LocList>
<Loc EndOffset="36529" SrcFileId="26" StartOffset="36513"/>
</LocList>
</BasicStmnt>
<LoopStmnt CovItemId="S368" CovItemPrefix="group2.game.DrawGame.java" Intrnl_Id="3113" MltplExecId="L18-2" MltplExecPrefix="group2.game.DrawGame.java" NvrExecId="L18-0" NvrExecPrefix="group2.game.DrawGame.java" OnceExecutedId="L18-1" OnceExecutedPrefix="group2.game.DrawGame.java" OptBodyExec="true">
<StmntSeq Intrnl_Id="3114">
<LocList>
<Loc EndOffset="36706" SrcFileId="26" StartOffset="36581"/>
<Loc EndOffset="36725" SrcFileId="26" StartOffset="36712"/>
</LocList>
<BasicStmnt CovItemId="S369" CovItemPrefix="group2.game.DrawGame.java" Intrnl_Id="3115">
<LocList>
<Loc EndOffset="36706" SrcFileId="26" StartOffset="36581"/>
</LocList>
</BasicStmnt>
<BasicStmnt CovItemId="S370" CovItemPrefix="group2.game.DrawGame.java" Intrnl_Id="3116">
<LocList>
<Loc EndOffset="36725" SrcFileId="26" StartOffset="36712"/>
</LocList>
</BasicStmnt>
</StmntSeq>
<Keyword EndOffset="36549" SrcFileId="26" StartOffset="36546"/>
<LocList>
<Loc EndOffset="36731" SrcFileId="26" StartOffset="36546"/>
</LocList>
<RootTerm CovItemId="C66" CovItemPrefix="group2.game.DrawGame.java" Intrnl_Id="3117">
<BasicBoolTerm Intrnl_Id="3118">
<LocList>
<Loc EndOffset="36567" SrcFileId="26" StartOffset="36562"/>
</LocList>
</BasicBoolTerm>
</RootTerm>
</LoopStmnt>
<BasicStmnt CovItemId="S371" CovItemPrefix="group2.game.DrawGame.java" Intrnl_Id="3119">
<LocList>
<Loc EndOffset="36758" SrcFileId="26" StartOffset="36749"/>
</LocList>
</BasicStmnt>
<LoopStmnt CovItemId="S372" CovItemPrefix="group2.game.DrawGame.java" Intrnl_Id="3120" MltplExecId="L19-2" MltplExecPrefix="group2.game.DrawGame.java" NvrExecId="L19-0" NvrExecPrefix="group2.game.DrawGame.java" OnceExecutedId="L19-1" OnceExecutedPrefix="group2.game.DrawGame.java" OptBodyExec="true">
<StmntSeq Intrnl_Id="3121">
<LocList>
<Loc EndOffset="36923" SrcFileId="26" StartOffset="36798"/>
<Loc EndOffset="36942" SrcFileId="26" StartOffset="36929"/>
</LocList>
<BasicStmnt CovItemId="S373" CovItemPrefix="group2.game.DrawGame.java" Intrnl_Id="3122">
<LocList>
<Loc EndOffset="36923" SrcFileId="26" StartOffset="36798"/>
</LocList>
</BasicStmnt>
<BasicStmnt CovItemId="S374" CovItemPrefix="group2.game.DrawGame.java" Intrnl_Id="3123">
<LocList>
<Loc EndOffset="36942" SrcFileId="26" StartOffset="36929"/>
</LocList>
</BasicStmnt>
</StmntSeq>
<Keyword EndOffset="36766" SrcFileId="26" StartOffset="36763"/>
<LocList>
<Loc EndOffset="36948" SrcFileId="26" StartOffset="36763"/>
</LocList>
<RootTerm CovItemId="C67" CovItemPrefix="group2.game.DrawGame.java" Intrnl_Id="3124">
<BasicBoolTerm Intrnl_Id="3125">
<LocList>
<Loc EndOffset="36784" SrcFileId="26" StartOffset="36779"/>
</LocList>
</BasicBoolTerm>
</RootTerm>
</LoopStmnt>
<BasicStmnt CovItemId="S375" CovItemPrefix="group2.game.DrawGame.java" Intrnl_Id="3126">
<LocList>
<Loc EndOffset="36976" SrcFileId="26" StartOffset="36967"/>
</LocList>
</BasicStmnt>
<LoopStmnt CovItemId="S376" CovItemPrefix="group2.game.DrawGame.java" Intrnl_Id="3127" MltplExecId="L20-2" MltplExecPrefix="group2.game.DrawGame.java" NvrExecId="L20-0" NvrExecPrefix="group2.game.DrawGame.java" OnceExecutedId="L20-1" OnceExecutedPrefix="group2.game.DrawGame.java" OptBodyExec="true">
<StmntSeq Intrnl_Id="3128">
<LocList>
<Loc EndOffset="37141" SrcFileId="26" StartOffset="37016"/>
<Loc EndOffset="37160" SrcFileId="26" StartOffset="37147"/>
</LocList>
<BasicStmnt CovItemId="S377" CovItemPrefix="group2.game.DrawGame.java" Intrnl_Id="3129">
<LocList>
<Loc EndOffset="37141" SrcFileId="26" StartOffset="37016"/>
</LocList>
</BasicStmnt>
<BasicStmnt CovItemId="S378" CovItemPrefix="group2.game.DrawGame.java" Intrnl_Id="3130">
<LocList>
<Loc EndOffset="37160" SrcFileId="26" StartOffset="37147"/>
</LocList>
</BasicStmnt>
</StmntSeq>
<Keyword EndOffset="36984" SrcFileId="26" StartOffset="36981"/>
<LocList>
<Loc EndOffset="37166" SrcFileId="26" StartOffset="36981"/>
</LocList>
<RootTerm CovItemId="C68" CovItemPrefix="group2.game.DrawGame.java" Intrnl_Id="3131">
<BasicBoolTerm Intrnl_Id="3132">
<LocList>
<Loc EndOffset="37002" SrcFileId="26" StartOffset="36997"/>
</LocList>
</BasicBoolTerm>
</RootTerm>
</LoopStmnt>
<BasicStmnt CovItemId="S379" CovItemPrefix="group2.game.DrawGame.java" Intrnl_Id="3133">
<LocList>
<Loc EndOffset="37193" SrcFileId="26" StartOffset="37184"/>
</LocList>
</BasicStmnt>
<LoopStmnt CovItemId="S380" CovItemPrefix="group2.game.DrawGame.java" Intrnl_Id="3134" MltplExecId="L21-2" MltplExecPrefix="group2.game.DrawGame.java" NvrExecId="L21-0" NvrExecPrefix="group2.game.DrawGame.java" OnceExecutedId="L21-1" OnceExecutedPrefix="group2.game.DrawGame.java" OptBodyExec="true">
<StmntSeq Intrnl_Id="3135">
<LocList>
<Loc EndOffset="37358" SrcFileId="26" StartOffset="37233"/>
<Loc EndOffset="37377" SrcFileId="26" StartOffset="37364"/>
</LocList>
<BasicStmnt CovItemId="S381" CovItemPrefix="group2.game.DrawGame.java" Intrnl_Id="3136">
<LocList>
<Loc EndOffset="37358" SrcFileId="26" StartOffset="37233"/>
</LocList>
</BasicStmnt>
<BasicStmnt CovItemId="S382" CovItemPrefix="group2.game.DrawGame.java" Intrnl_Id="3137">
<LocList>
<Loc EndOffset="37377" SrcFileId="26" StartOffset="37364"/>
</LocList>
</BasicStmnt>
</StmntSeq>
<Keyword EndOffset="37201" SrcFileId="26" StartOffset="37198"/>
<LocList>
<Loc EndOffset="37383" SrcFileId="26" StartOffset="37198"/>
</LocList>
<RootTerm CovItemId="C69" CovItemPrefix="group2.game.DrawGame.java" Intrnl_Id="3138">
<BasicBoolTerm Intrnl_Id="3139">
<LocList>
<Loc EndOffset="37219" SrcFileId="26" StartOffset="37214"/>
</LocList>
</BasicBoolTerm>
</RootTerm>
</LoopStmnt>
<BasicStmnt CovItemId="S384" CovItemPrefix="group2.game.DrawGame.java" Intrnl_Id="3140">
<LocList>
<Loc EndOffset="37543" SrcFileId="26" StartOffset="37458"/>
</LocList>
</BasicStmnt>
<BasicStmnt CovItemId="S385" CovItemPrefix="group2.game.DrawGame.java" Intrnl_Id="3141">
<LocList>
<Loc EndOffset="37714" SrcFileId="26" StartOffset="37549"/>
</LocList>
</BasicStmnt>
<BasicStmnt CovItemId="S386" CovItemPrefix="group2.game.DrawGame.java" Intrnl_Id="3142">
<LocList>
<Loc EndOffset="37816" SrcFileId="26" StartOffset="37720"/>
</LocList>
</BasicStmnt>
<BasicStmnt CovItemId="S387" CovItemPrefix="group2.game.DrawGame.java" Intrnl_Id="3143">
<LocList>
<Loc EndOffset="37943" SrcFileId="26" StartOffset="37822"/>
</LocList>
</BasicStmnt>
<BasicStmnt CovItemId="S388" CovItemPrefix="group2.game.DrawGame.java" Intrnl_Id="3144">
<LocList>
<Loc EndOffset="38045" SrcFileId="26" StartOffset="37949"/>
</LocList>
</BasicStmnt>
<BasicStmnt CovItemId="S389" CovItemPrefix="group2.game.DrawGame.java" Intrnl_Id="3145">
<LocList>
<Loc EndOffset="38074" SrcFileId="26" StartOffset="38051"/>
</LocList>
</BasicStmnt>
<BasicStmnt CovItemId="S390" CovItemPrefix="group2.game.DrawGame.java" Intrnl_Id="3146">
<LocList>
<Loc EndOffset="38249" SrcFileId="26" StartOffset="38081"/>
</LocList>
</BasicStmnt>
<CondStmnt CovItemId="S383" CovItemPrefix="group2.game.DrawGame.java" Intrnl_Id="3147">
<Branch CovItemId="B109" CovItemPrefix="group2.game.DrawGame.java" Implct="true" Intrnl_Id="3148">
<Cond/>
<LocList/>
<StmntSeq Intrnl_Id="3149">
<LocList/>
</StmntSeq>
</Branch>
<Branch CovItemId="B110" CovItemPrefix="group2.game.DrawGame.java" Implct="false" Intrnl_Id="3150">
<Cond>
<Loc EndOffset="38286" SrcFileId="26" StartOffset="38256"/>
</Cond>
<LocList>
<Loc EndOffset="38294" SrcFileId="26" StartOffset="38287"/>
</LocList>
<StmntSeq Intrnl_Id="3151">
<LocList/>
</StmntSeq>
</Branch>
<Keyword EndOffset="37450" SrcFileId="26" StartOffset="37447"/>
<LocList>
<Loc EndOffset="38294" SrcFileId="26" StartOffset="37447"/>
</LocList>
</CondStmnt>
</StmntSeq>
</Branch>
<Branch CovItemId="B106" CovItemPrefix="group2.game.DrawGame.java" Implct="true" Intrnl_Id="3152">
<Cond/>
<LocList/>
<StmntSeq Intrnl_Id="3153">
<LocList/>
</StmntSeq>
</Branch>
<Keyword EndOffset="33713" SrcFileId="26" StartOffset="33711"/>
<LocList>
<Loc EndOffset="38300" SrcFileId="26" StartOffset="33711"/>
</LocList>
<RootTerm CovItemId="C64" CovItemPrefix="group2.game.DrawGame.java" Intrnl_Id="3154">
<BasicBoolTerm Intrnl_Id="3155">
<LocList>
<Loc EndOffset="33734" SrcFileId="26" StartOffset="33715"/>
</LocList>
</BasicBoolTerm>
</RootTerm>
</CondStmnt>
</StmntSeq>
</Branch>
<Branch CovItemId="B16" CovItemPrefix="group2.game.DrawGame.java" Implct="true" Intrnl_Id="3156">
<Cond/>
<LocList/>
<StmntSeq Intrnl_Id="3157">
<LocList/>
</StmntSeq>
</Branch>
<Keyword EndOffset="9801" SrcFileId="26" StartOffset="9799"/>
<LocList>
<Loc EndOffset="38313" SrcFileId="26" StartOffset="9799"/>
</LocList>
<RootTerm CovItemId="C11" CovItemPrefix="group2.game.DrawGame.java" Intrnl_Id="3158">
<BasicBoolTerm Intrnl_Id="3159">
<LocList>
<Loc EndOffset="9819" SrcFileId="26" StartOffset="9803"/>
</LocList>
</BasicBoolTerm>
</RootTerm>
</CondStmnt>
</StmntSeq>
</Branch>
<Keyword EndOffset="8211" SrcFileId="26" StartOffset="8209"/>
<LocList>
<Loc EndOffset="38313" SrcFileId="26" StartOffset="8209"/>
</LocList>
<RootTerm CovItemId="C10" CovItemPrefix="group2.game.DrawGame.java" Intrnl_Id="3160">
<BasicBoolTerm Intrnl_Id="3161">
<LocList>
<Loc EndOffset="8230" SrcFileId="26" StartOffset="8213"/>
</LocList>
</BasicBoolTerm>
</RootTerm>
</CondStmnt>
</StmntSeq>
</Branch>
<Keyword EndOffset="6762" SrcFileId="26" StartOffset="6760"/>
<LocList>
<Loc EndOffset="38313" SrcFileId="26" StartOffset="6760"/>
</LocList>
<RootTerm CovItemId="C5" CovItemPrefix="group2.game.DrawGame.java" Intrnl_Id="3162">
<BasicBoolTerm Intrnl_Id="3163">
<LocList>
<Loc EndOffset="6786" SrcFileId="26" StartOffset="6764"/>
</LocList>
</BasicBoolTerm>
</RootTerm>
</CondStmnt>
</StmntSeq>
</Branch>
<Keyword EndOffset="6237" SrcFileId="26" StartOffset="6235"/>
<LocList>
<Loc EndOffset="38313" SrcFileId="26" StartOffset="6235"/>
</LocList>
<RootTerm CovItemId="C2" CovItemPrefix="group2.game.DrawGame.java" Intrnl_Id="3164">
<BasicBoolTerm Intrnl_Id="3165">
<LocList>
<Loc EndOffset="6255" SrcFileId="26" StartOffset="6239"/>
</LocList>
</BasicBoolTerm>
</RootTerm>
</CondStmnt>
</StmntSeq>
</HierarchyLvl>
</HierarchyLvl>
<HierarchyLvl HierarchyLvlId="145" HierarchyLvlTypeId="35" Intrnl_Id="3166" Name="City">
<Header>
<Loc EndOffset="119" SrcFileId="27" StartOffset="102"/>
</Header>
<LocList>
<Loc EndOffset="2828" SrcFileId="27" StartOffset="102"/>
</LocList>
<StmntSeq Intrnl_Id="3167">
<LocList>
<Loc EndOffset="182" SrcFileId="27" StartOffset="150"/>
<Loc EndOffset="206" SrcFileId="27" StartOffset="185"/>
<Loc EndOffset="281" SrcFileId="27" StartOffset="209"/>
<Loc EndOffset="449" SrcFileId="27" StartOffset="284"/>
</LocList>
<BasicStmnt CovItemId="S1" CovItemPrefix="group2.game.City.java" Intrnl_Id="3168">
<LocList>
<Loc EndOffset="182" SrcFileId="27" StartOffset="150"/>
</LocList>
</BasicStmnt>
<BasicStmnt CovItemId="S2" CovItemPrefix="group2.game.City.java" Intrnl_Id="3169">
<LocList>
<Loc EndOffset="206" SrcFileId="27" StartOffset="185"/>
</LocList>
</BasicStmnt>
<BasicStmnt CovItemId="S3" CovItemPrefix="group2.game.City.java" Intrnl_Id="3170">
<LocList>
<Loc EndOffset="281" SrcFileId="27" StartOffset="209"/>
</LocList>
</BasicStmnt>
<BasicStmnt CovItemId="S4" CovItemPrefix="group2.game.City.java" Intrnl_Id="3171">
<LocList>
<Loc EndOffset="449" SrcFileId="27" StartOffset="284"/>
</LocList>
</BasicStmnt>
</StmntSeq>
<HierarchyLvl HierarchyLvlId="142" HierarchyLvlTypeId="36" Intrnl_Id="3172" Name="City">
<Header>
<Loc EndOffset="677" SrcFileId="27" StartOffset="644"/>
</Header>
<LocList>
<Loc EndOffset="988" SrcFileId="27" StartOffset="644"/>
</LocList>
<StmntSeq Intrnl_Id="3173">
<LocList>
<Loc EndOffset="700" SrcFileId="27" StartOffset="683"/>
<Loc EndOffset="736" SrcFileId="27" StartOffset="706"/>
<Loc EndOffset="772" SrcFileId="27" StartOffset="740"/>
<Loc EndOffset="808" SrcFileId="27" StartOffset="776"/>
<Loc EndOffset="846" SrcFileId="27" StartOffset="812"/>
<Loc EndOffset="884" SrcFileId="27" StartOffset="850"/>
<Loc EndOffset="918" SrcFileId="27" StartOffset="888"/>
<Loc EndOffset="950" SrcFileId="27" StartOffset="922"/>
<Loc EndOffset="982" SrcFileId="27" StartOffset="954"/>
</LocList>
<BasicStmnt CovItemId="S5" CovItemPrefix="group2.game.City.java" Intrnl_Id="3174">
<LocList>
<Loc EndOffset="700" SrcFileId="27" StartOffset="683"/>
</LocList>
</BasicStmnt>
<BasicStmnt CovItemId="S6" CovItemPrefix="group2.game.City.java" Intrnl_Id="3175">
<LocList>
<Loc EndOffset="736" SrcFileId="27" StartOffset="706"/>
</LocList>
</BasicStmnt>
<BasicStmnt CovItemId="S7" CovItemPrefix="group2.game.City.java" Intrnl_Id="3176">
<LocList>
<Loc EndOffset="772" SrcFileId="27" StartOffset="740"/>
</LocList>
</BasicStmnt>
<BasicStmnt CovItemId="S8" CovItemPrefix="group2.game.City.java" Intrnl_Id="3177">
<LocList>
<Loc EndOffset="808" SrcFileId="27" StartOffset="776"/>
</LocList>
</BasicStmnt>
<BasicStmnt CovItemId="S9" CovItemPrefix="group2.game.City.java" Intrnl_Id="3178">
<LocList>
<Loc EndOffset="846" SrcFileId="27" StartOffset="812"/>
</LocList>
</BasicStmnt>
<BasicStmnt CovItemId="S10" CovItemPrefix="group2.game.City.java" Intrnl_Id="3179">
<LocList>
<Loc EndOffset="884" SrcFileId="27" StartOffset="850"/>
</LocList>
</BasicStmnt>
<BasicStmnt CovItemId="S11" CovItemPrefix="group2.game.City.java" Intrnl_Id="3180">
<LocList>
<Loc EndOffset="918" SrcFileId="27" StartOffset="888"/>
</LocList>
</BasicStmnt>
<BasicStmnt CovItemId="S12" CovItemPrefix="group2.game.City.java" Intrnl_Id="3181">
<LocList>
<Loc EndOffset="950" SrcFileId="27" StartOffset="922"/>
</LocList>
</BasicStmnt>
<BasicStmnt CovItemId="S13" CovItemPrefix="group2.game.City.java" Intrnl_Id="3182">
<LocList>
<Loc EndOffset="982" SrcFileId="27" StartOffset="954"/>
</LocList>
</BasicStmnt>
</StmntSeq>
</HierarchyLvl>
<HierarchyLvl HierarchyLvlId="143" HierarchyLvlTypeId="36" Intrnl_Id="3183" Name="update">
<Header>
<Loc EndOffset="1013" SrcFileId="27" StartOffset="993"/>
</Header>
<LocList>
<Loc EndOffset="1531" SrcFileId="27" StartOffset="993"/>
</LocList>
<StmntSeq Intrnl_Id="3184">
<LocList>
<Loc EndOffset="1034" SrcFileId="27" StartOffset="1019"/>
<Loc EndOffset="1525" SrcFileId="27" StartOffset="1040"/>
</LocList>
<BasicStmnt CovItemId="S14" CovItemPrefix="group2.game.City.java" Intrnl_Id="3185">
<LocList>
<Loc EndOffset="1034" SrcFileId="27" StartOffset="1019"/>
</LocList>
</BasicStmnt>
<CondStmnt CovItemId="S15" CovItemPrefix="group2.game.City.java" Intrnl_Id="3186">
<Branch CovItemId="B1" CovItemPrefix="group2.game.City.java" Implct="false" Intrnl_Id="3187">
<Cond/>
<LocList>
<Loc EndOffset="1525" SrcFileId="27" StartOffset="1063"/>
</LocList>
<StmntSeq Intrnl_Id="3188">
<LocList>
<Loc EndOffset="1086" SrcFileId="27" StartOffset="1069"/>
<Loc EndOffset="1190" SrcFileId="27" StartOffset="1151"/>
<Loc EndOffset="1239" SrcFileId="27" StartOffset="1195"/>
<Loc EndOffset="1520" SrcFileId="27" StartOffset="1246"/>
</LocList>
<BasicStmnt CovItemId="S16" CovItemPrefix="group2.game.City.java" Intrnl_Id="3189">
<LocList>
<Loc EndOffset="1086" SrcFileId="27" StartOffset="1069"/>
</LocList>
</BasicStmnt>
<BasicStmnt CovItemId="S17" CovItemPrefix="group2.game.City.java" Intrnl_Id="3190">
<LocList>
<Loc EndOffset="1190" SrcFileId="27" StartOffset="1151"/>
</LocList>
</BasicStmnt>
<BasicStmnt CovItemId="S18" CovItemPrefix="group2.game.City.java" Intrnl_Id="3191">
<LocList>
<Loc EndOffset="1239" SrcFileId="27" StartOffset="1195"/>
</LocList>
</BasicStmnt>
<CondStmnt CovItemId="S19" CovItemPrefix="group2.game.City.java" Intrnl_Id="3192">
<Branch CovItemId="B3" CovItemPrefix="group2.game.City.java" Implct="false" Intrnl_Id="3193">
<Cond/>
<LocList>
<Loc EndOffset="1478" SrcFileId="27" StartOffset="1282"/>
</LocList>
<StmntSeq Intrnl_Id="3194">
<LocList>
<Loc EndOffset="1472" SrcFileId="27" StartOffset="1289"/>
</LocList>
<CondStmnt CovItemId="S20" CovItemPrefix="group2.game.City.java" Intrnl_Id="3195">
<Branch CovItemId="B5" CovItemPrefix="group2.game.City.java" Implct="false" Intrnl_Id="3196">
<Cond/>
<LocList>
<Loc EndOffset="1472" SrcFileId="27" StartOffset="1326"/>
</LocList>
<StmntSeq Intrnl_Id="3197">
<LocList>
<Loc EndOffset="1384" SrcFileId="27" StartOffset="1334"/>
<Loc EndOffset="1406" SrcFileId="27" StartOffset="1391"/>
<Loc EndOffset="1463" SrcFileId="27" StartOffset="1413"/>
</LocList>
<BasicStmnt CovItemId="S21" CovItemPrefix="group2.game.City.java" Intrnl_Id="3198">
<LocList>
<Loc EndOffset="1384" SrcFileId="27" StartOffset="1334"/>
</LocList>
</BasicStmnt>
<BasicStmnt CovItemId="S22" CovItemPrefix="group2.game.City.java" Intrnl_Id="3199">
<LocList>
<Loc EndOffset="1406" SrcFileId="27" StartOffset="1391"/>
</LocList>
</BasicStmnt>
<BasicStmnt CovItemId="S23" CovItemPrefix="group2.game.City.java" Intrnl_Id="3200">
<LocList>
<Loc EndOffset="1463" SrcFileId="27" StartOffset="1413"/>
</LocList>
</BasicStmnt>
</StmntSeq>
</Branch>
<Branch CovItemId="B6" CovItemPrefix="group2.game.City.java" Implct="true" Intrnl_Id="3201">
<Cond/>
<LocList/>
<StmntSeq Intrnl_Id="3202">
<LocList/>
</StmntSeq>
</Branch>
<Keyword EndOffset="1291" SrcFileId="27" StartOffset="1289"/>
<LocList>
<Loc EndOffset="1472" SrcFileId="27" StartOffset="1289"/>
</LocList>
<RootTerm CovItemId="C3" CovItemPrefix="group2.game.City.java" Intrnl_Id="3203">
<BasicBoolTerm Intrnl_Id="3204">
<LocList>
<Loc EndOffset="1324" SrcFileId="27" StartOffset="1293"/>
</LocList>
</BasicBoolTerm>
</RootTerm>
</CondStmnt>
</StmntSeq>
</Branch>
<Branch CovItemId="B4" CovItemPrefix="group2.game.City.java" Implct="false" Intrnl_Id="3205">
<Cond>
<Loc EndOffset="1489" SrcFileId="27" StartOffset="1485"/>
</Cond>
<LocList>
<Loc EndOffset="1520" SrcFileId="27" StartOffset="1490"/>
</LocList>
<StmntSeq Intrnl_Id="3206">
<LocList>
<Loc EndOffset="1512" SrcFileId="27" StartOffset="1497"/>
</LocList>
<BasicStmnt CovItemId="S24" CovItemPrefix="group2.game.City.java" Intrnl_Id="3207">
<LocList>
<Loc EndOffset="1512" SrcFileId="27" StartOffset="1497"/>
</LocList>
</BasicStmnt>
</StmntSeq>
</Branch>
<Keyword EndOffset="1248" SrcFileId="27" StartOffset="1246"/>
<LocList>
<Loc EndOffset="1520" SrcFileId="27" StartOffset="1246"/>
</LocList>
<RootTerm CovItemId="C2" CovItemPrefix="group2.game.City.java" Intrnl_Id="3208">
<BasicBoolTerm Intrnl_Id="3209">
<LocList>
<Loc EndOffset="1280" SrcFileId="27" StartOffset="1250"/>
</LocList>
</BasicBoolTerm>
</RootTerm>
</CondStmnt>
</StmntSeq>
</Branch>
<Branch CovItemId="B2" CovItemPrefix="group2.game.City.java" Implct="true" Intrnl_Id="3210">
<Cond/>
<LocList/>
<StmntSeq Intrnl_Id="3211">
<LocList/>
</StmntSeq>
</Branch>
<Keyword EndOffset="1042" SrcFileId="27" StartOffset="1040"/>
<LocList>
<Loc EndOffset="1525" SrcFileId="27" StartOffset="1040"/>
</LocList>
<RootTerm CovItemId="C1" CovItemPrefix="group2.game.City.java" Intrnl_Id="3212">
<BasicBoolTerm Intrnl_Id="3213">
<LocList>
<Loc EndOffset="1061" SrcFileId="27" StartOffset="1044"/>
</LocList>
</BasicBoolTerm>
</RootTerm>
</CondStmnt>
</StmntSeq>
</HierarchyLvl>
<HierarchyLvl HierarchyLvlId="144" HierarchyLvlTypeId="36" Intrnl_Id="3214" Name="updateClouds">
<Header>
<Loc EndOffset="1562" SrcFileId="27" StartOffset="1536"/>
</Header>
<LocList>
<Loc EndOffset="2825" SrcFileId="27" StartOffset="1536"/>
</LocList>
<StmntSeq Intrnl_Id="3215">
<LocList>
<Loc EndOffset="1859" SrcFileId="27" StartOffset="1568"/>
<Loc EndOffset="2179" SrcFileId="27" StartOffset="1865"/>
<Loc EndOffset="2501" SrcFileId="27" StartOffset="2185"/>
<Loc EndOffset="2821" SrcFileId="27" StartOffset="2507"/>
</LocList>
<CondStmnt CovItemId="S25" CovItemPrefix="group2.game.City.java" Intrnl_Id="3216">
<Branch CovItemId="B7" CovItemPrefix="group2.game.City.java" Implct="false" Intrnl_Id="3217">
<Cond/>
<LocList>
<Loc EndOffset="1859" SrcFileId="27" StartOffset="1597"/>
</LocList>
<StmntSeq Intrnl_Id="3218">
<LocList>
<Loc EndOffset="1627" SrcFileId="27" StartOffset="1605"/>
<Loc EndOffset="1655" SrcFileId="27" StartOffset="1632"/>
<Loc EndOffset="1683" SrcFileId="27" StartOffset="1660"/>
<Loc EndOffset="1710" SrcFileId="27" StartOffset="1688"/>
<Loc EndOffset="1739" SrcFileId="27" StartOffset="1717"/>
<Loc EndOffset="1768" SrcFileId="27" StartOffset="1744"/>
<Loc EndOffset="1797" SrcFileId="27" StartOffset="1773"/>
<Loc EndOffset="1824" SrcFileId="27" StartOffset="1802"/>
<Loc EndOffset="1852" SrcFileId="27" StartOffset="1831"/>
</LocList>
<BasicStmnt CovItemId="S26" CovItemPrefix="group2.game.City.java" Intrnl_Id="3219">
<LocList>
<Loc EndOffset="1627" SrcFileId="27" StartOffset="1605"/>
</LocList>
</BasicStmnt>
<BasicStmnt CovItemId="S27" CovItemPrefix="group2.game.City.java" Intrnl_Id="3220">
<LocList>
<Loc EndOffset="1655" SrcFileId="27" StartOffset="1632"/>
</LocList>
</BasicStmnt>
<BasicStmnt CovItemId="S28" CovItemPrefix="group2.game.City.java" Intrnl_Id="3221">
<LocList>
<Loc EndOffset="1683" SrcFileId="27" StartOffset="1660"/>
</LocList>
</BasicStmnt>
<BasicStmnt CovItemId="S29" CovItemPrefix="group2.game.City.java" Intrnl_Id="3222">
<LocList>
<Loc EndOffset="1710" SrcFileId="27" StartOffset="1688"/>
</LocList>
</BasicStmnt>
<BasicStmnt CovItemId="S30" CovItemPrefix="group2.game.City.java" Intrnl_Id="3223">
<LocList>
<Loc EndOffset="1739" SrcFileId="27" StartOffset="1717"/>
</LocList>
</BasicStmnt>
<BasicStmnt CovItemId="S31" CovItemPrefix="group2.game.City.java" Intrnl_Id="3224">
<LocList>
<Loc EndOffset="1768" SrcFileId="27" StartOffset="1744"/>
</LocList>
</BasicStmnt>
<BasicStmnt CovItemId="S32" CovItemPrefix="group2.game.City.java" Intrnl_Id="3225">
<LocList>
<Loc EndOffset="1797" SrcFileId="27" StartOffset="1773"/>
</LocList>
</BasicStmnt>
<BasicStmnt CovItemId="S33" CovItemPrefix="group2.game.City.java" Intrnl_Id="3226">
<LocList>
<Loc EndOffset="1824" SrcFileId="27" StartOffset="1802"/>
</LocList>
</BasicStmnt>
<BasicStmnt CovItemId="S34" CovItemPrefix="group2.game.City.java" Intrnl_Id="3227">
<LocList>
<Loc EndOffset="1852" SrcFileId="27" StartOffset="1831"/>
</LocList>
</BasicStmnt>
</StmntSeq>
</Branch>
<Branch CovItemId="B8" CovItemPrefix="group2.game.City.java" Implct="true" Intrnl_Id="3228">
<Cond/>
<LocList/>
<StmntSeq Intrnl_Id="3229">
<LocList/>
</StmntSeq>
</Branch>
<Keyword EndOffset="1570" SrcFileId="27" StartOffset="1568"/>
<LocList>
<Loc EndOffset="1859" SrcFileId="27" StartOffset="1568"/>
</LocList>
<RootTerm CovItemId="C4" CovItemPrefix="group2.game.City.java" Intrnl_Id="3230">
<BasicBoolTerm Intrnl_Id="3231">
<LocList>
<Loc EndOffset="1595" SrcFileId="27" StartOffset="1572"/>
</LocList>
</BasicBoolTerm>
</RootTerm>
</CondStmnt>
<CondStmnt CovItemId="S35" CovItemPrefix="group2.game.City.java" Intrnl_Id="3232">
<Branch CovItemId="B9" CovItemPrefix="group2.game.City.java" Implct="false" Intrnl_Id="3233">
<Cond/>
<LocList>
<Loc EndOffset="2179" SrcFileId="27" StartOffset="1893"/>
</LocList>
<StmntSeq Intrnl_Id="3234">
<LocList>
<Loc EndOffset="1923" SrcFileId="27" StartOffset="1901"/>
<Loc EndOffset="1951" SrcFileId="27" StartOffset="1928"/>
<Loc EndOffset="1979" SrcFileId="27" StartOffset="1956"/>
<Loc EndOffset="2006" SrcFileId="27" StartOffset="1984"/>
<Loc EndOffset="2035" SrcFileId="27" StartOffset="2013"/>
<Loc EndOffset="2064" SrcFileId="27" StartOffset="2040"/>
<Loc EndOffset="2093" SrcFileId="27" StartOffset="2069"/>
<Loc EndOffset="2120" SrcFileId="27" StartOffset="2098"/>
<Loc EndOffset="2148" SrcFileId="27" StartOffset="2127"/>
<Loc EndOffset="2174" SrcFileId="27" StartOffset="2153"/>
</LocList>
<BasicStmnt CovItemId="S36" CovItemPrefix="group2.game.City.java" Intrnl_Id="3235">
<LocList>
<Loc EndOffset="1923" SrcFileId="27" StartOffset="1901"/>
</LocList>
</BasicStmnt>
<BasicStmnt CovItemId="S37" CovItemPrefix="group2.game.City.java" Intrnl_Id="3236">
<LocList>
<Loc EndOffset="1951" SrcFileId="27" StartOffset="1928"/>
</LocList>
</BasicStmnt>
<BasicStmnt CovItemId="S38" CovItemPrefix="group2.game.City.java" Intrnl_Id="3237">
<LocList>
<Loc EndOffset="1979" SrcFileId="27" StartOffset="1956"/>
</LocList>
</BasicStmnt>
<BasicStmnt CovItemId="S39" CovItemPrefix="group2.game.City.java" Intrnl_Id="3238">
<LocList>
<Loc EndOffset="2006" SrcFileId="27" StartOffset="1984"/>
</LocList>
</BasicStmnt>
<BasicStmnt CovItemId="S40" CovItemPrefix="group2.game.City.java" Intrnl_Id="3239">
<LocList>
<Loc EndOffset="2035" SrcFileId="27" StartOffset="2013"/>
</LocList>
</BasicStmnt>
<BasicStmnt CovItemId="S41" CovItemPrefix="group2.game.City.java" Intrnl_Id="3240">
<LocList>
<Loc EndOffset="2064" SrcFileId="27" StartOffset="2040"/>
</LocList>
</BasicStmnt>
<BasicStmnt CovItemId="S42" CovItemPrefix="group2.game.City.java" Intrnl_Id="3241">
<LocList>
<Loc EndOffset="2093" SrcFileId="27" StartOffset="2069"/>
</LocList>
</BasicStmnt>
<BasicStmnt CovItemId="S43" CovItemPrefix="group2.game.City.java" Intrnl_Id="3242">
<LocList>
<Loc EndOffset="2120" SrcFileId="27" StartOffset="2098"/>
</LocList>
</BasicStmnt>
<BasicStmnt CovItemId="S44" CovItemPrefix="group2.game.City.java" Intrnl_Id="3243">
<LocList>
<Loc EndOffset="2148" SrcFileId="27" StartOffset="2127"/>
</LocList>
</BasicStmnt>
<BasicStmnt CovItemId="S45" CovItemPrefix="group2.game.City.java" Intrnl_Id="3244">
<LocList>
<Loc EndOffset="2174" SrcFileId="27" StartOffset="2153"/>
</LocList>
</BasicStmnt>
</StmntSeq>
</Branch>
<Branch CovItemId="B10" CovItemPrefix="group2.game.City.java" Implct="true" Intrnl_Id="3245">
<Cond/>
<LocList/>
<StmntSeq Intrnl_Id="3246">
<LocList/>
</StmntSeq>
</Branch>
<Keyword EndOffset="1867" SrcFileId="27" StartOffset="1865"/>
<LocList>
<Loc EndOffset="2179" SrcFileId="27" StartOffset="1865"/>
</LocList>
<RootTerm CovItemId="C5" CovItemPrefix="group2.game.City.java" Intrnl_Id="3247">
<BasicBoolTerm Intrnl_Id="3248">
<LocList>
<Loc EndOffset="1891" SrcFileId="27" StartOffset="1869"/>
</LocList>
</BasicBoolTerm>
</RootTerm>
</CondStmnt>
<CondStmnt CovItemId="S46" CovItemPrefix="group2.game.City.java" Intrnl_Id="3249">
<Branch CovItemId="B11" CovItemPrefix="group2.game.City.java" Implct="false" Intrnl_Id="3250">
<Cond/>
<LocList>
<Loc EndOffset="2501" SrcFileId="27" StartOffset="2213"/>
</LocList>
<StmntSeq Intrnl_Id="3251">
<LocList>
<Loc EndOffset="2243" SrcFileId="27" StartOffset="2221"/>
<Loc EndOffset="2271" SrcFileId="27" StartOffset="2248"/>
<Loc EndOffset="2299" SrcFileId="27" StartOffset="2276"/>
<Loc EndOffset="2326" SrcFileId="27" StartOffset="2304"/>
<Loc EndOffset="2355" SrcFileId="27" StartOffset="2333"/>
<Loc EndOffset="2384" SrcFileId="27" StartOffset="2360"/>
<Loc EndOffset="2413" SrcFileId="27" StartOffset="2389"/>
<Loc EndOffset="2440" SrcFileId="27" StartOffset="2418"/>
<Loc EndOffset="2468" SrcFileId="27" StartOffset="2447"/>
<Loc EndOffset="2494" SrcFileId="27" StartOffset="2473"/>
</LocList>
<BasicStmnt CovItemId="S47" CovItemPrefix="group2.game.City.java" Intrnl_Id="3252">
<LocList>
<Loc EndOffset="2243" SrcFileId="27" StartOffset="2221"/>
</LocList>
</BasicStmnt>
<BasicStmnt CovItemId="S48" CovItemPrefix="group2.game.City.java" Intrnl_Id="3253">
<LocList>
<Loc EndOffset="2271" SrcFileId="27" StartOffset="2248"/>
</LocList>
</BasicStmnt>
<BasicStmnt CovItemId="S49" CovItemPrefix="group2.game.City.java" Intrnl_Id="3254">
<LocList>
<Loc EndOffset="2299" SrcFileId="27" StartOffset="2276"/>
</LocList>
</BasicStmnt>
<BasicStmnt CovItemId="S50" CovItemPrefix="group2.game.City.java" Intrnl_Id="3255">
<LocList>
<Loc EndOffset="2326" SrcFileId="27" StartOffset="2304"/>
</LocList>
</BasicStmnt>
<BasicStmnt CovItemId="S51" CovItemPrefix="group2.game.City.java" Intrnl_Id="3256">
<LocList>
<Loc EndOffset="2355" SrcFileId="27" StartOffset="2333"/>
</LocList>
</BasicStmnt>
<BasicStmnt CovItemId="S52" CovItemPrefix="group2.game.City.java" Intrnl_Id="3257">
<LocList>
<Loc EndOffset="2384" SrcFileId="27" StartOffset="2360"/>
</LocList>
</BasicStmnt>
<BasicStmnt CovItemId="S53" CovItemPrefix="group2.game.City.java" Intrnl_Id="3258">
<LocList>
<Loc EndOffset="2413" SrcFileId="27" StartOffset="2389"/>
</LocList>
</BasicStmnt>
<BasicStmnt CovItemId="S54" CovItemPrefix="group2.game.City.java" Intrnl_Id="3259">
<LocList>
<Loc EndOffset="2440" SrcFileId="27" StartOffset="2418"/>
</LocList>
</BasicStmnt>
<BasicStmnt CovItemId="S55" CovItemPrefix="group2.game.City.java" Intrnl_Id="3260">
<LocList>
<Loc EndOffset="2468" SrcFileId="27" StartOffset="2447"/>
</LocList>
</BasicStmnt>
<BasicStmnt CovItemId="S56" CovItemPrefix="group2.game.City.java" Intrnl_Id="3261">
<LocList>
<Loc EndOffset="2494" SrcFileId="27" StartOffset="2473"/>
</LocList>
</BasicStmnt>
</StmntSeq>
</Branch>
<Branch CovItemId="B12" CovItemPrefix="group2.game.City.java" Implct="true" Intrnl_Id="3262">
<Cond/>
<LocList/>
<StmntSeq Intrnl_Id="3263">
<LocList/>
</StmntSeq>
</Branch>
<Keyword EndOffset="2187" SrcFileId="27" StartOffset="2185"/>
<LocList>
<Loc EndOffset="2501" SrcFileId="27" StartOffset="2185"/>
</LocList>
<RootTerm CovItemId="C6" CovItemPrefix="group2.game.City.java" Intrnl_Id="3264">
<BasicBoolTerm Intrnl_Id="3265">
<LocList>
<Loc EndOffset="2211" SrcFileId="27" StartOffset="2189"/>
</LocList>
</BasicBoolTerm>
</RootTerm>
</CondStmnt>
<CondStmnt CovItemId="S57" CovItemPrefix="group2.game.City.java" Intrnl_Id="3266">
<Branch CovItemId="B13" CovItemPrefix="group2.game.City.java" Implct="false" Intrnl_Id="3267">
<Cond/>
<LocList>
<Loc EndOffset="2821" SrcFileId="27" StartOffset="2535"/>
</LocList>
<StmntSeq Intrnl_Id="3268">
<LocList>
<Loc EndOffset="2565" SrcFileId="27" StartOffset="2543"/>
<Loc EndOffset="2593" SrcFileId="27" StartOffset="2570"/>
<Loc EndOffset="2621" SrcFileId="27" StartOffset="2598"/>
<Loc EndOffset="2648" SrcFileId="27" StartOffset="2626"/>
<Loc EndOffset="2677" SrcFileId="27" StartOffset="2655"/>
<Loc EndOffset="2706" SrcFileId="27" StartOffset="2682"/>
<Loc EndOffset="2735" SrcFileId="27" StartOffset="2711"/>
<Loc EndOffset="2762" SrcFileId="27" StartOffset="2740"/>
<Loc EndOffset="2790" SrcFileId="27" StartOffset="2769"/>
<Loc EndOffset="2816" SrcFileId="27" StartOffset="2795"/>
</LocList>
<BasicStmnt CovItemId="S58" CovItemPrefix="group2.game.City.java" Intrnl_Id="3269">
<LocList>
<Loc EndOffset="2565" SrcFileId="27" StartOffset="2543"/>
</LocList>
</BasicStmnt>
<BasicStmnt CovItemId="S59" CovItemPrefix="group2.game.City.java" Intrnl_Id="3270">
<LocList>
<Loc EndOffset="2593" SrcFileId="27" StartOffset="2570"/>
</LocList>
</BasicStmnt>
<BasicStmnt CovItemId="S60" CovItemPrefix="group2.game.City.java" Intrnl_Id="3271">
<LocList>
<Loc EndOffset="2621" SrcFileId="27" StartOffset="2598"/>
</LocList>
</BasicStmnt>
<BasicStmnt CovItemId="S61" CovItemPrefix="group2.game.City.java" Intrnl_Id="3272">
<LocList>
<Loc EndOffset="2648" SrcFileId="27" StartOffset="2626"/>
</LocList>
</BasicStmnt>
<BasicStmnt CovItemId="S62" CovItemPrefix="group2.game.City.java" Intrnl_Id="3273">
<LocList>
<Loc EndOffset="2677" SrcFileId="27" StartOffset="2655"/>
</LocList>
</BasicStmnt>
<BasicStmnt CovItemId="S63" CovItemPrefix="group2.game.City.java" Intrnl_Id="3274">
<LocList>
<Loc EndOffset="2706" SrcFileId="27" StartOffset="2682"/>
</LocList>
</BasicStmnt>
<BasicStmnt CovItemId="S64" CovItemPrefix="group2.game.City.java" Intrnl_Id="3275">
<LocList>
<Loc EndOffset="2735" SrcFileId="27" StartOffset="2711"/>
</LocList>
</BasicStmnt>
<BasicStmnt CovItemId="S65" CovItemPrefix="group2.game.City.java" Intrnl_Id="3276">
<LocList>
<Loc EndOffset="2762" SrcFileId="27" StartOffset="2740"/>
</LocList>
</BasicStmnt>
<BasicStmnt CovItemId="S66" CovItemPrefix="group2.game.City.java" Intrnl_Id="3277">
<LocList>
<Loc EndOffset="2790" SrcFileId="27" StartOffset="2769"/>
</LocList>
</BasicStmnt>
<BasicStmnt CovItemId="S67" CovItemPrefix="group2.game.City.java" Intrnl_Id="3278">
<LocList>
<Loc EndOffset="2816" SrcFileId="27" StartOffset="2795"/>
</LocList>
</BasicStmnt>
</StmntSeq>
</Branch>
<Branch CovItemId="B14" CovItemPrefix="group2.game.City.java" Implct="true" Intrnl_Id="3279">
<Cond/>
<LocList/>
<StmntSeq Intrnl_Id="3280">
<LocList/>
</StmntSeq>
</Branch>
<Keyword EndOffset="2509" SrcFileId="27" StartOffset="2507"/>
<LocList>
<Loc EndOffset="2821" SrcFileId="27" StartOffset="2507"/>
</LocList>
<RootTerm CovItemId="C7" CovItemPrefix="group2.game.City.java" Intrnl_Id="3281">
<BasicBoolTerm Intrnl_Id="3282">
<LocList>
<Loc EndOffset="2533" SrcFileId="27" StartOffset="2511"/>
</LocList>
</BasicBoolTerm>
</RootTerm>
</CondStmnt>
</StmntSeq>
</HierarchyLvl>
</HierarchyLvl>
<HierarchyLvl HierarchyLvlId="150" HierarchyLvlTypeId="35" Intrnl_Id="3283" Name="Buffer">
<Header>
<Loc EndOffset="66" SrcFileId="28" StartOffset="22"/>
</Header>
<LocList>
<Loc EndOffset="908" SrcFileId="28" StartOffset="22"/>
</LocList>
<StmntSeq Intrnl_Id="3284">
<LocList>
<Loc EndOffset="126" SrcFileId="28" StartOffset="99"/>
<Loc EndOffset="149" SrcFileId="28" StartOffset="128"/>
<Loc EndOffset="174" SrcFileId="28" StartOffset="151"/>
<Loc EndOffset="273" SrcFileId="28" StartOffset="196"/>
<Loc EndOffset="299" SrcFileId="28" StartOffset="275"/>
<Loc EndOffset="324" SrcFileId="28" StartOffset="301"/>
<Loc EndOffset="346" SrcFileId="28" StartOffset="326"/>
</LocList>
<BasicStmnt CovItemId="S1" CovItemPrefix="group2.game.Buffer.java" Intrnl_Id="3285">
<LocList>
<Loc EndOffset="126" SrcFileId="28" StartOffset="99"/>
</LocList>
</BasicStmnt>
<BasicStmnt CovItemId="S2" CovItemPrefix="group2.game.Buffer.java" Intrnl_Id="3286">
<LocList>
<Loc EndOffset="149" SrcFileId="28" StartOffset="128"/>
</LocList>
</BasicStmnt>
<BasicStmnt CovItemId="S3" CovItemPrefix="group2.game.Buffer.java" Intrnl_Id="3287">
<LocList>
<Loc EndOffset="174" SrcFileId="28" StartOffset="151"/>
</LocList>
</BasicStmnt>
<BasicStmnt CovItemId="S4" CovItemPrefix="group2.game.Buffer.java" Intrnl_Id="3288">
<LocList>
<Loc EndOffset="273" SrcFileId="28" StartOffset="196"/>
</LocList>
</BasicStmnt>
<BasicStmnt CovItemId="S5" CovItemPrefix="group2.game.Buffer.java" Intrnl_Id="3289">
<LocList>
<Loc EndOffset="299" SrcFileId="28" StartOffset="275"/>
</LocList>
</BasicStmnt>
<BasicStmnt CovItemId="S6" CovItemPrefix="group2.game.Buffer.java" Intrnl_Id="3290">
<LocList>
<Loc EndOffset="324" SrcFileId="28" StartOffset="301"/>
</LocList>
</BasicStmnt>
<BasicStmnt CovItemId="S7" CovItemPrefix="group2.game.Buffer.java" Intrnl_Id="3291">
<LocList>
<Loc EndOffset="346" SrcFileId="28" StartOffset="326"/>
</LocList>
</BasicStmnt>
</StmntSeq>
<HierarchyLvl HierarchyLvlId="146" HierarchyLvlTypeId="36" Intrnl_Id="3292" Name="Buffer">
<Header>
<Loc EndOffset="357" SrcFileId="28" StartOffset="349"/>
</Header>
<LocList>
<Loc EndOffset="545" SrcFileId="28" StartOffset="349"/>
</LocList>
<StmntSeq Intrnl_Id="3293">
<LocList>
<Loc EndOffset="392" SrcFileId="28" StartOffset="362"/>
<Loc EndOffset="428" SrcFileId="28" StartOffset="395"/>
<Loc EndOffset="466" SrcFileId="28" StartOffset="431"/>
<Loc EndOffset="488" SrcFileId="28" StartOffset="469"/>
<Loc EndOffset="513" SrcFileId="28" StartOffset="491"/>
<Loc EndOffset="542" SrcFileId="28" StartOffset="516"/>
</LocList>
<BasicStmnt CovItemId="S8" CovItemPrefix="group2.game.Buffer.java" Intrnl_Id="3294">
<LocList>
<Loc EndOffset="392" SrcFileId="28" StartOffset="362"/>
</LocList>
</BasicStmnt>
<BasicStmnt CovItemId="S9" CovItemPrefix="group2.game.Buffer.java" Intrnl_Id="3295">
<LocList>
<Loc EndOffset="428" SrcFileId="28" StartOffset="395"/>
</LocList>
</BasicStmnt>
<BasicStmnt CovItemId="S10" CovItemPrefix="group2.game.Buffer.java" Intrnl_Id="3296">
<LocList>
<Loc EndOffset="466" SrcFileId="28" StartOffset="431"/>
</LocList>
</BasicStmnt>
<BasicStmnt CovItemId="S11" CovItemPrefix="group2.game.Buffer.java" Intrnl_Id="3297">
<LocList>
<Loc EndOffset="488" SrcFileId="28" StartOffset="469"/>
</LocList>
</BasicStmnt>
<BasicStmnt CovItemId="S12" CovItemPrefix="group2.game.Buffer.java" Intrnl_Id="3298">
<LocList>
<Loc EndOffset="513" SrcFileId="28" StartOffset="491"/>
</LocList>
</BasicStmnt>
<BasicStmnt CovItemId="S13" CovItemPrefix="group2.game.Buffer.java" Intrnl_Id="3299">
<LocList>
<Loc EndOffset="542" SrcFileId="28" StartOffset="516"/>
</LocList>
</BasicStmnt>
</StmntSeq>
</HierarchyLvl>
<HierarchyLvl HierarchyLvlId="147" HierarchyLvlTypeId="36" Intrnl_Id="3300" Name="checkIfInBuffer">
<Header>
<Loc EndOffset="598" SrcFileId="28" StartOffset="548"/>
</Header>
<LocList>
<Loc EndOffset="736" SrcFileId="28" StartOffset="548"/>
</LocList>
<StmntSeq Intrnl_Id="3301">
<LocList>
<Loc EndOffset="732" SrcFileId="28" StartOffset="603"/>
</LocList>
<BasicStmnt CovItemId="S14" CovItemPrefix="group2.game.Buffer.java" Intrnl_Id="3302">
<LocList>
<Loc EndOffset="732" SrcFileId="28" StartOffset="603"/>
</LocList>
</BasicStmnt>
</StmntSeq>
</HierarchyLvl>
<HierarchyLvl HierarchyLvlId="148" HierarchyLvlTypeId="36" Intrnl_Id="3303" Name="deployBuffer">
<Header>
<Loc EndOffset="765" SrcFileId="28" StartOffset="739"/>
</Header>
<LocList>
<Loc EndOffset="806" SrcFileId="28" StartOffset="739"/>
</LocList>
<StmntSeq Intrnl_Id="3304">
<LocList>
<Loc EndOffset="786" SrcFileId="28" StartOffset="770"/>
<Loc EndOffset="803" SrcFileId="28" StartOffset="789"/>
</LocList>
<BasicStmnt CovItemId="S15" CovItemPrefix="group2.game.Buffer.java" Intrnl_Id="3305">
<LocList>
<Loc EndOffset="786" SrcFileId="28" StartOffset="770"/>
</LocList>
</BasicStmnt>
<BasicStmnt CovItemId="S16" CovItemPrefix="group2.game.Buffer.java" Intrnl_Id="3306">
<LocList>
<Loc EndOffset="803" SrcFileId="28" StartOffset="789"/>
</LocList>
</BasicStmnt>
</StmntSeq>
</HierarchyLvl>
<HierarchyLvl HierarchyLvlId="149" HierarchyLvlTypeId="36" Intrnl_Id="3307" Name="update">
<Header>
<Loc EndOffset="830" SrcFileId="28" StartOffset="810"/>
</Header>
<LocList>
<Loc EndOffset="906" SrcFileId="28" StartOffset="810"/>
</LocList>
<StmntSeq Intrnl_Id="3308">
<LocList>
<Loc EndOffset="862" SrcFileId="28" StartOffset="834"/>
<Loc EndOffset="903" SrcFileId="28" StartOffset="865"/>
</LocList>
<CondStmnt CovItemId="S17" CovItemPrefix="group2.game.Buffer.java" Intrnl_Id="3309">
<Branch CovItemId="B1" CovItemPrefix="group2.game.Buffer.java" Implct="false" Intrnl_Id="3310">
<Cond/>
<LocList>
<Loc EndOffset="862" SrcFileId="28" StartOffset="846"/>
</LocList>
<StmntSeq Intrnl_Id="3311">
<LocList>
<Loc EndOffset="858" SrcFileId="28" StartOffset="851"/>
</LocList>
<BasicStmnt CovItemId="S18" CovItemPrefix="group2.game.Buffer.java" Intrnl_Id="3312">
<LocList>
<Loc EndOffset="858" SrcFileId="28" StartOffset="851"/>
</LocList>
</BasicStmnt>
</StmntSeq>
</Branch>
<Branch CovItemId="B2" CovItemPrefix="group2.game.Buffer.java" Implct="true" Intrnl_Id="3313">
<Cond/>
<LocList/>
<StmntSeq Intrnl_Id="3314">
<LocList/>
</StmntSeq>
</Branch>
<Keyword EndOffset="836" SrcFileId="28" StartOffset="834"/>
<LocList>
<Loc EndOffset="862" SrcFileId="28" StartOffset="834"/>
</LocList>
<RootTerm CovItemId="C1" CovItemPrefix="group2.game.Buffer.java" Intrnl_Id="3315">
<BasicBoolTerm Intrnl_Id="3316">
<LocList>
<Loc EndOffset="845" SrcFileId="28" StartOffset="837"/>
</LocList>
</BasicBoolTerm>
</RootTerm>
</CondStmnt>
<CondStmnt CovItemId="S19" CovItemPrefix="group2.game.Buffer.java" Intrnl_Id="3317">
<Branch CovItemId="B3" CovItemPrefix="group2.game.Buffer.java" Implct="false" Intrnl_Id="3318">
<Cond/>
<LocList>
<Loc EndOffset="903" SrcFileId="28" StartOffset="877"/>
</LocList>
<StmntSeq Intrnl_Id="3319">
<LocList>
<Loc EndOffset="899" SrcFileId="28" StartOffset="882"/>
</LocList>
<BasicStmnt CovItemId="S20" CovItemPrefix="group2.game.Buffer.java" Intrnl_Id="3320">
<LocList>
<Loc EndOffset="899" SrcFileId="28" StartOffset="882"/>
</LocList>
</BasicStmnt>
</StmntSeq>
</Branch>
<Branch CovItemId="B4" CovItemPrefix="group2.game.Buffer.java" Implct="true" Intrnl_Id="3321">
<Cond/>
<LocList/>
<StmntSeq Intrnl_Id="3322">
<LocList/>
</StmntSeq>
</Branch>
<Keyword EndOffset="867" SrcFileId="28" StartOffset="865"/>
<LocList>
<Loc EndOffset="903" SrcFileId="28" StartOffset="865"/>
</LocList>
<RootTerm CovItemId="C2" CovItemPrefix="group2.game.Buffer.java" Intrnl_Id="3323">
<BasicBoolTerm Intrnl_Id="3324">
<LocList>
<Loc EndOffset="876" SrcFileId="28" StartOffset="868"/>
</LocList>
</BasicBoolTerm>
</RootTerm>
</CondStmnt>
</StmntSeq>
</HierarchyLvl>
</HierarchyLvl>
<HierarchyLvl HierarchyLvlId="152" HierarchyLvlTypeId="35" Intrnl_Id="3325" Name="Broom">
<Header>
<Loc EndOffset="79" SrcFileId="29" StartOffset="45"/>
</Header>
<LocList>
<Loc EndOffset="329" SrcFileId="29" StartOffset="45"/>
</LocList>
<HierarchyLvl HierarchyLvlId="151" HierarchyLvlTypeId="36" Intrnl_Id="3326" Name="Broom">
<Header>
<Loc EndOffset="108" SrcFileId="29" StartOffset="84"/>
</Header>
<LocList>
<Loc EndOffset="326" SrcFileId="29" StartOffset="84"/>
</LocList>
<StmntSeq Intrnl_Id="3327">
<LocList>
<Loc EndOffset="129" SrcFileId="29" StartOffset="113"/>
<Loc EndOffset="148" SrcFileId="29" StartOffset="133"/>
<Loc EndOffset="174" SrcFileId="29" StartOffset="151"/>
<Loc EndOffset="249" SrcFileId="29" StartOffset="177"/>
<Loc EndOffset="323" SrcFileId="29" StartOffset="252"/>
</LocList>
<BasicStmnt CovItemId="S1" CovItemPrefix="group2.game.Broom.java" Intrnl_Id="3328">
<LocList>
<Loc EndOffset="129" SrcFileId="29" StartOffset="113"/>
</LocList>
</BasicStmnt>
<BasicStmnt CovItemId="S2" CovItemPrefix="group2.game.Broom.java" Intrnl_Id="3329">
<LocList>
<Loc EndOffset="148" SrcFileId="29" StartOffset="133"/>
</LocList>
</BasicStmnt>
<BasicStmnt CovItemId="S3" CovItemPrefix="group2.game.Broom.java" Intrnl_Id="3330">
<LocList>
<Loc EndOffset="174" SrcFileId="29" StartOffset="151"/>
</LocList>
</BasicStmnt>
<BasicStmnt CovItemId="S4" CovItemPrefix="group2.game.Broom.java" Intrnl_Id="3331">
<LocList>
<Loc EndOffset="249" SrcFileId="29" StartOffset="177"/>
</LocList>
</BasicStmnt>
<BasicStmnt CovItemId="S5" CovItemPrefix="group2.game.Broom.java" Intrnl_Id="3332">
<LocList>
<Loc EndOffset="323" SrcFileId="29" StartOffset="252"/>
</LocList>
</BasicStmnt>
</StmntSeq>
</HierarchyLvl>
</HierarchyLvl>
<HierarchyLvl HierarchyLvlId="155" HierarchyLvlTypeId="35" Intrnl_Id="3333" Name="Bin">
<Header>
<Loc EndOffset="81" SrcFileId="30" StartOffset="46"/>
</Header>
<LocList>
<Loc EndOffset="401" SrcFileId="30" StartOffset="46"/>
</LocList>
<HierarchyLvl HierarchyLvlId="153" HierarchyLvlTypeId="36" Intrnl_Id="3334" Name="Bin">
<Header>
<Loc EndOffset="147" SrcFileId="30" StartOffset="125"/>
</Header>
<LocList>
<Loc EndOffset="222" SrcFileId="30" StartOffset="125"/>
</LocList>
<StmntSeq Intrnl_Id="3335">
<LocList>
<Loc EndOffset="161" SrcFileId="30" StartOffset="152"/>
<Loc EndOffset="182" SrcFileId="30" StartOffset="164"/>
<Loc EndOffset="201" SrcFileId="30" StartOffset="185"/>
<Loc EndOffset="219" SrcFileId="30" StartOffset="204"/>
</LocList>
<BasicStmnt CovItemId="S1" CovItemPrefix="group2.game.Bin.java" Intrnl_Id="3336">
<LocList>
<Loc EndOffset="161" SrcFileId="30" StartOffset="152"/>
</LocList>
</BasicStmnt>
<BasicStmnt CovItemId="S2" CovItemPrefix="group2.game.Bin.java" Intrnl_Id="3337">
<LocList>
<Loc EndOffset="182" SrcFileId="30" StartOffset="164"/>
</LocList>
</BasicStmnt>
<BasicStmnt CovItemId="S3" CovItemPrefix="group2.game.Bin.java" Intrnl_Id="3338">
<LocList>
<Loc EndOffset="201" SrcFileId="30" StartOffset="185"/>
</LocList>
</BasicStmnt>
<BasicStmnt CovItemId="S4" CovItemPrefix="group2.game.Bin.java" Intrnl_Id="3339">
<LocList>
<Loc EndOffset="219" SrcFileId="30" StartOffset="204"/>
</LocList>
</BasicStmnt>
</StmntSeq>
</HierarchyLvl>
<HierarchyLvl HierarchyLvlId="154" HierarchyLvlTypeId="36" Intrnl_Id="3340" Name="checkIfInBin">
<Header>
<Loc EndOffset="272" SrcFileId="30" StartOffset="225"/>
</Header>
<LocList>
<Loc EndOffset="399" SrcFileId="30" StartOffset="225"/>
</LocList>
<StmntSeq Intrnl_Id="3341">
<LocList>
<Loc EndOffset="396" SrcFileId="30" StartOffset="277"/>
</LocList>
<BasicStmnt CovItemId="S5" CovItemPrefix="group2.game.Bin.java" Intrnl_Id="3342">
<LocList>
<Loc EndOffset="396" SrcFileId="30" StartOffset="277"/>
</LocList>
</BasicStmnt>
</StmntSeq>
</HierarchyLvl>
</HierarchyLvl>
</HierarchyLvl>
</HierarchyLvl>
</HierarchyLvl>
</MASTRoot>
</TestSessionContainer>
